[2025-04-09T06:03:01.374+0000] {processor.py:186} INFO - Started process (PID=80) to work on /home/airflow/.local/lib/python3.12/site-packages/airflow/example_dags/example_python_operator.py
[2025-04-09T06:03:01.376+0000] {processor.py:914} INFO - Processing file /home/airflow/.local/lib/python3.12/site-packages/airflow/example_dags/example_python_operator.py for tasks to queue
[2025-04-09T06:03:01.382+0000] {logging_mixin.py:190} INFO - [2025-04-09T06:03:01.381+0000] {dagbag.py:588} INFO - Filling up the DagBag from /home/airflow/.local/lib/python3.12/site-packages/airflow/example_dags/example_python_operator.py
[2025-04-09T06:03:01.405+0000] {processor.py:925} INFO - DAG(s) 'example_python_operator' retrieved from /home/airflow/.local/lib/python3.12/site-packages/airflow/example_dags/example_python_operator.py
[2025-04-09T06:03:01.599+0000] {logging_mixin.py:190} INFO - [2025-04-09T06:03:01.598+0000] {override.py:1912} INFO - Created Permission View: can edit on DAG:example_python_operator
[2025-04-09T06:03:01.614+0000] {logging_mixin.py:190} INFO - [2025-04-09T06:03:01.614+0000] {override.py:1912} INFO - Created Permission View: can read on DAG:example_python_operator
[2025-04-09T06:03:01.628+0000] {logging_mixin.py:190} INFO - [2025-04-09T06:03:01.627+0000] {override.py:1912} INFO - Created Permission View: can delete on DAG:example_python_operator
[2025-04-09T06:03:01.644+0000] {logging_mixin.py:190} INFO - [2025-04-09T06:03:01.643+0000] {override.py:1912} INFO - Created Permission View: can create on DAG Run:example_python_operator
[2025-04-09T06:03:01.660+0000] {logging_mixin.py:190} INFO - [2025-04-09T06:03:01.660+0000] {override.py:1912} INFO - Created Permission View: can read on DAG Run:example_python_operator
[2025-04-09T06:03:01.672+0000] {logging_mixin.py:190} INFO - [2025-04-09T06:03:01.672+0000] {override.py:1912} INFO - Created Permission View: can delete on DAG Run:example_python_operator
[2025-04-09T06:03:01.685+0000] {logging_mixin.py:190} INFO - [2025-04-09T06:03:01.684+0000] {override.py:1912} INFO - Created Permission View: menu access on DAG Run:example_python_operator
[2025-04-09T06:03:01.686+0000] {logging_mixin.py:190} INFO - [2025-04-09T06:03:01.686+0000] {dag.py:3239} INFO - Sync 1 DAGs
[2025-04-09T06:03:01.701+0000] {logging_mixin.py:190} INFO - [2025-04-09T06:03:01.701+0000] {dag.py:3262} INFO - Creating ORM DAG for example_python_operator
[2025-04-09T06:03:01.702+0000] {logging_mixin.py:190} INFO - [2025-04-09T06:03:01.702+0000] {dag.py:4180} INFO - Setting next_dagrun for example_python_operator to None, run_after=None
[2025-04-09T06:03:01.727+0000] {processor.py:208} INFO - Processing /home/airflow/.local/lib/python3.12/site-packages/airflow/example_dags/example_python_operator.py took 0.359 seconds
[2025-04-09T06:03:32.607+0000] {processor.py:186} INFO - Started process (PID=144) to work on /home/airflow/.local/lib/python3.12/site-packages/airflow/example_dags/example_python_operator.py
[2025-04-09T06:03:32.608+0000] {processor.py:914} INFO - Processing file /home/airflow/.local/lib/python3.12/site-packages/airflow/example_dags/example_python_operator.py for tasks to queue
[2025-04-09T06:03:32.612+0000] {logging_mixin.py:190} INFO - [2025-04-09T06:03:32.611+0000] {dagbag.py:588} INFO - Filling up the DagBag from /home/airflow/.local/lib/python3.12/site-packages/airflow/example_dags/example_python_operator.py
[2025-04-09T06:03:32.634+0000] {processor.py:925} INFO - DAG(s) 'example_python_operator' retrieved from /home/airflow/.local/lib/python3.12/site-packages/airflow/example_dags/example_python_operator.py
[2025-04-09T06:03:32.664+0000] {logging_mixin.py:190} INFO - [2025-04-09T06:03:32.663+0000] {dag.py:3239} INFO - Sync 1 DAGs
[2025-04-09T06:03:32.682+0000] {logging_mixin.py:190} INFO - [2025-04-09T06:03:32.682+0000] {dag.py:4180} INFO - Setting next_dagrun for example_python_operator to None, run_after=None
[2025-04-09T06:03:32.713+0000] {processor.py:208} INFO - Processing /home/airflow/.local/lib/python3.12/site-packages/airflow/example_dags/example_python_operator.py took 0.116 seconds
[2025-04-09T06:04:03.498+0000] {processor.py:186} INFO - Started process (PID=208) to work on /home/airflow/.local/lib/python3.12/site-packages/airflow/example_dags/example_python_operator.py
[2025-04-09T06:04:03.500+0000] {processor.py:914} INFO - Processing file /home/airflow/.local/lib/python3.12/site-packages/airflow/example_dags/example_python_operator.py for tasks to queue
[2025-04-09T06:04:03.505+0000] {logging_mixin.py:190} INFO - [2025-04-09T06:04:03.504+0000] {dagbag.py:588} INFO - Filling up the DagBag from /home/airflow/.local/lib/python3.12/site-packages/airflow/example_dags/example_python_operator.py
[2025-04-09T06:04:03.529+0000] {processor.py:925} INFO - DAG(s) 'example_python_operator' retrieved from /home/airflow/.local/lib/python3.12/site-packages/airflow/example_dags/example_python_operator.py
[2025-04-09T06:04:03.570+0000] {logging_mixin.py:190} INFO - [2025-04-09T06:04:03.570+0000] {dag.py:3239} INFO - Sync 1 DAGs
[2025-04-09T06:04:03.602+0000] {logging_mixin.py:190} INFO - [2025-04-09T06:04:03.601+0000] {dag.py:4180} INFO - Setting next_dagrun for example_python_operator to None, run_after=None
[2025-04-09T06:04:03.634+0000] {processor.py:208} INFO - Processing /home/airflow/.local/lib/python3.12/site-packages/airflow/example_dags/example_python_operator.py took 0.152 seconds
[2025-04-09T06:04:34.270+0000] {processor.py:186} INFO - Started process (PID=272) to work on /home/airflow/.local/lib/python3.12/site-packages/airflow/example_dags/example_python_operator.py
[2025-04-09T06:04:34.271+0000] {processor.py:914} INFO - Processing file /home/airflow/.local/lib/python3.12/site-packages/airflow/example_dags/example_python_operator.py for tasks to queue
[2025-04-09T06:04:34.277+0000] {logging_mixin.py:190} INFO - [2025-04-09T06:04:34.277+0000] {dagbag.py:588} INFO - Filling up the DagBag from /home/airflow/.local/lib/python3.12/site-packages/airflow/example_dags/example_python_operator.py
[2025-04-09T06:04:34.295+0000] {processor.py:925} INFO - DAG(s) 'example_python_operator' retrieved from /home/airflow/.local/lib/python3.12/site-packages/airflow/example_dags/example_python_operator.py
[2025-04-09T06:04:34.325+0000] {logging_mixin.py:190} INFO - [2025-04-09T06:04:34.324+0000] {dag.py:3239} INFO - Sync 1 DAGs
[2025-04-09T06:04:34.345+0000] {logging_mixin.py:190} INFO - [2025-04-09T06:04:34.345+0000] {dag.py:4180} INFO - Setting next_dagrun for example_python_operator to None, run_after=None
[2025-04-09T06:04:34.377+0000] {processor.py:208} INFO - Processing /home/airflow/.local/lib/python3.12/site-packages/airflow/example_dags/example_python_operator.py took 0.114 seconds
[2025-04-09T06:05:05.662+0000] {processor.py:186} INFO - Started process (PID=336) to work on /home/airflow/.local/lib/python3.12/site-packages/airflow/example_dags/example_python_operator.py
[2025-04-09T06:05:05.664+0000] {processor.py:914} INFO - Processing file /home/airflow/.local/lib/python3.12/site-packages/airflow/example_dags/example_python_operator.py for tasks to queue
[2025-04-09T06:05:05.669+0000] {logging_mixin.py:190} INFO - [2025-04-09T06:05:05.669+0000] {dagbag.py:588} INFO - Filling up the DagBag from /home/airflow/.local/lib/python3.12/site-packages/airflow/example_dags/example_python_operator.py
[2025-04-09T06:05:05.686+0000] {processor.py:925} INFO - DAG(s) 'example_python_operator' retrieved from /home/airflow/.local/lib/python3.12/site-packages/airflow/example_dags/example_python_operator.py
[2025-04-09T06:05:05.719+0000] {logging_mixin.py:190} INFO - [2025-04-09T06:05:05.719+0000] {dag.py:3239} INFO - Sync 1 DAGs
[2025-04-09T06:05:05.738+0000] {logging_mixin.py:190} INFO - [2025-04-09T06:05:05.738+0000] {dag.py:4180} INFO - Setting next_dagrun for example_python_operator to None, run_after=None
[2025-04-09T06:05:05.771+0000] {processor.py:208} INFO - Processing /home/airflow/.local/lib/python3.12/site-packages/airflow/example_dags/example_python_operator.py took 0.117 seconds
[2025-04-09T06:05:36.587+0000] {processor.py:186} INFO - Started process (PID=400) to work on /home/airflow/.local/lib/python3.12/site-packages/airflow/example_dags/example_python_operator.py
[2025-04-09T06:05:36.588+0000] {processor.py:914} INFO - Processing file /home/airflow/.local/lib/python3.12/site-packages/airflow/example_dags/example_python_operator.py for tasks to queue
[2025-04-09T06:05:36.592+0000] {logging_mixin.py:190} INFO - [2025-04-09T06:05:36.591+0000] {dagbag.py:588} INFO - Filling up the DagBag from /home/airflow/.local/lib/python3.12/site-packages/airflow/example_dags/example_python_operator.py
[2025-04-09T06:05:36.606+0000] {processor.py:925} INFO - DAG(s) 'example_python_operator' retrieved from /home/airflow/.local/lib/python3.12/site-packages/airflow/example_dags/example_python_operator.py
[2025-04-09T06:05:36.627+0000] {logging_mixin.py:190} INFO - [2025-04-09T06:05:36.627+0000] {dag.py:3239} INFO - Sync 1 DAGs
[2025-04-09T06:05:36.642+0000] {logging_mixin.py:190} INFO - [2025-04-09T06:05:36.642+0000] {dag.py:4180} INFO - Setting next_dagrun for example_python_operator to None, run_after=None
[2025-04-09T06:05:36.678+0000] {processor.py:208} INFO - Processing /home/airflow/.local/lib/python3.12/site-packages/airflow/example_dags/example_python_operator.py took 0.098 seconds
[2025-04-09T17:13:48.164+0000] {processor.py:186} INFO - Started process (PID=472) to work on /home/airflow/.local/lib/python3.12/site-packages/airflow/example_dags/example_python_operator.py
[2025-04-09T17:13:48.166+0000] {processor.py:914} INFO - Processing file /home/airflow/.local/lib/python3.12/site-packages/airflow/example_dags/example_python_operator.py for tasks to queue
[2025-04-09T17:13:48.170+0000] {logging_mixin.py:190} INFO - [2025-04-09T17:13:48.169+0000] {dagbag.py:588} INFO - Filling up the DagBag from /home/airflow/.local/lib/python3.12/site-packages/airflow/example_dags/example_python_operator.py
[2025-04-09T17:13:48.207+0000] {processor.py:925} INFO - DAG(s) 'example_python_operator' retrieved from /home/airflow/.local/lib/python3.12/site-packages/airflow/example_dags/example_python_operator.py
[2025-04-09T17:13:48.268+0000] {logging_mixin.py:190} INFO - [2025-04-09T17:13:48.267+0000] {dag.py:3239} INFO - Sync 1 DAGs
[2025-04-09T17:13:48.315+0000] {logging_mixin.py:190} INFO - [2025-04-09T17:13:48.314+0000] {dag.py:4180} INFO - Setting next_dagrun for example_python_operator to None, run_after=None
[2025-04-09T17:13:48.371+0000] {processor.py:208} INFO - Processing /home/airflow/.local/lib/python3.12/site-packages/airflow/example_dags/example_python_operator.py took 0.223 seconds
