[2025-04-09T06:02:46.827+0000] {processor.py:186} INFO - Started process (PID=41) to work on /home/airflow/.local/lib/python3.12/site-packages/airflow/example_dags/example_params_ui_tutorial.py
[2025-04-09T06:02:46.828+0000] {processor.py:914} INFO - Processing file /home/airflow/.local/lib/python3.12/site-packages/airflow/example_dags/example_params_ui_tutorial.py for tasks to queue
[2025-04-09T06:02:46.832+0000] {logging_mixin.py:190} INFO - [2025-04-09T06:02:46.832+0000] {dagbag.py:588} INFO - Filling up the DagBag from /home/airflow/.local/lib/python3.12/site-packages/airflow/example_dags/example_params_ui_tutorial.py
[2025-04-09T06:02:46.845+0000] {processor.py:925} INFO - DAG(s) 'example_params_ui_tutorial' retrieved from /home/airflow/.local/lib/python3.12/site-packages/airflow/example_dags/example_params_ui_tutorial.py
[2025-04-09T06:02:47.016+0000] {logging_mixin.py:190} INFO - [2025-04-09T06:02:47.015+0000] {override.py:1912} INFO - Created Permission View: can edit on DAG:example_params_ui_tutorial
[2025-04-09T06:02:47.034+0000] {logging_mixin.py:190} INFO - [2025-04-09T06:02:47.033+0000] {override.py:1912} INFO - Created Permission View: can read on DAG:example_params_ui_tutorial
[2025-04-09T06:02:47.046+0000] {logging_mixin.py:190} INFO - [2025-04-09T06:02:47.045+0000] {override.py:1912} INFO - Created Permission View: can delete on DAG:example_params_ui_tutorial
[2025-04-09T06:02:47.062+0000] {logging_mixin.py:190} INFO - [2025-04-09T06:02:47.061+0000] {override.py:1912} INFO - Created Permission View: can create on DAG Run:example_params_ui_tutorial
[2025-04-09T06:02:47.075+0000] {logging_mixin.py:190} INFO - [2025-04-09T06:02:47.074+0000] {override.py:1912} INFO - Created Permission View: can read on DAG Run:example_params_ui_tutorial
[2025-04-09T06:02:47.087+0000] {logging_mixin.py:190} INFO - [2025-04-09T06:02:47.086+0000] {override.py:1912} INFO - Created Permission View: can delete on DAG Run:example_params_ui_tutorial
[2025-04-09T06:02:47.098+0000] {logging_mixin.py:190} INFO - [2025-04-09T06:02:47.098+0000] {override.py:1912} INFO - Created Permission View: menu access on DAG Run:example_params_ui_tutorial
[2025-04-09T06:02:47.099+0000] {logging_mixin.py:190} INFO - [2025-04-09T06:02:47.099+0000] {dag.py:3239} INFO - Sync 1 DAGs
[2025-04-09T06:02:47.117+0000] {logging_mixin.py:190} INFO - [2025-04-09T06:02:47.117+0000] {dag.py:3262} INFO - Creating ORM DAG for example_params_ui_tutorial
[2025-04-09T06:02:47.123+0000] {logging_mixin.py:190} INFO - [2025-04-09T06:02:47.123+0000] {dag.py:4180} INFO - Setting next_dagrun for example_params_ui_tutorial to None, run_after=None
[2025-04-09T06:02:47.165+0000] {processor.py:208} INFO - Processing /home/airflow/.local/lib/python3.12/site-packages/airflow/example_dags/example_params_ui_tutorial.py took 0.344 seconds
[2025-04-09T06:03:17.862+0000] {processor.py:186} INFO - Started process (PID=105) to work on /home/airflow/.local/lib/python3.12/site-packages/airflow/example_dags/example_params_ui_tutorial.py
[2025-04-09T06:03:17.870+0000] {processor.py:914} INFO - Processing file /home/airflow/.local/lib/python3.12/site-packages/airflow/example_dags/example_params_ui_tutorial.py for tasks to queue
[2025-04-09T06:03:17.874+0000] {logging_mixin.py:190} INFO - [2025-04-09T06:03:17.874+0000] {dagbag.py:588} INFO - Filling up the DagBag from /home/airflow/.local/lib/python3.12/site-packages/airflow/example_dags/example_params_ui_tutorial.py
[2025-04-09T06:03:17.890+0000] {processor.py:925} INFO - DAG(s) 'example_params_ui_tutorial' retrieved from /home/airflow/.local/lib/python3.12/site-packages/airflow/example_dags/example_params_ui_tutorial.py
[2025-04-09T06:03:17.950+0000] {logging_mixin.py:190} INFO - [2025-04-09T06:03:17.950+0000] {dag.py:3239} INFO - Sync 1 DAGs
[2025-04-09T06:03:17.974+0000] {logging_mixin.py:190} INFO - [2025-04-09T06:03:17.974+0000] {dag.py:4180} INFO - Setting next_dagrun for example_params_ui_tutorial to None, run_after=None
[2025-04-09T06:03:18.030+0000] {processor.py:208} INFO - Processing /home/airflow/.local/lib/python3.12/site-packages/airflow/example_dags/example_params_ui_tutorial.py took 0.178 seconds
[2025-04-09T06:03:48.503+0000] {processor.py:186} INFO - Started process (PID=169) to work on /home/airflow/.local/lib/python3.12/site-packages/airflow/example_dags/example_params_ui_tutorial.py
[2025-04-09T06:03:48.505+0000] {processor.py:914} INFO - Processing file /home/airflow/.local/lib/python3.12/site-packages/airflow/example_dags/example_params_ui_tutorial.py for tasks to queue
[2025-04-09T06:03:48.512+0000] {logging_mixin.py:190} INFO - [2025-04-09T06:03:48.510+0000] {dagbag.py:588} INFO - Filling up the DagBag from /home/airflow/.local/lib/python3.12/site-packages/airflow/example_dags/example_params_ui_tutorial.py
[2025-04-09T06:03:48.521+0000] {processor.py:925} INFO - DAG(s) 'example_params_ui_tutorial' retrieved from /home/airflow/.local/lib/python3.12/site-packages/airflow/example_dags/example_params_ui_tutorial.py
[2025-04-09T06:03:48.574+0000] {logging_mixin.py:190} INFO - [2025-04-09T06:03:48.574+0000] {dag.py:3239} INFO - Sync 1 DAGs
[2025-04-09T06:03:48.591+0000] {logging_mixin.py:190} INFO - [2025-04-09T06:03:48.591+0000] {dag.py:4180} INFO - Setting next_dagrun for example_params_ui_tutorial to None, run_after=None
[2025-04-09T06:03:48.620+0000] {processor.py:208} INFO - Processing /home/airflow/.local/lib/python3.12/site-packages/airflow/example_dags/example_params_ui_tutorial.py took 0.124 seconds
[2025-04-09T06:04:19.126+0000] {processor.py:186} INFO - Started process (PID=233) to work on /home/airflow/.local/lib/python3.12/site-packages/airflow/example_dags/example_params_ui_tutorial.py
[2025-04-09T06:04:19.129+0000] {processor.py:914} INFO - Processing file /home/airflow/.local/lib/python3.12/site-packages/airflow/example_dags/example_params_ui_tutorial.py for tasks to queue
[2025-04-09T06:04:19.133+0000] {logging_mixin.py:190} INFO - [2025-04-09T06:04:19.132+0000] {dagbag.py:588} INFO - Filling up the DagBag from /home/airflow/.local/lib/python3.12/site-packages/airflow/example_dags/example_params_ui_tutorial.py
[2025-04-09T06:04:19.156+0000] {processor.py:925} INFO - DAG(s) 'example_params_ui_tutorial' retrieved from /home/airflow/.local/lib/python3.12/site-packages/airflow/example_dags/example_params_ui_tutorial.py
[2025-04-09T06:04:19.269+0000] {logging_mixin.py:190} INFO - [2025-04-09T06:04:19.269+0000] {dag.py:3239} INFO - Sync 1 DAGs
[2025-04-09T06:04:19.288+0000] {logging_mixin.py:190} INFO - [2025-04-09T06:04:19.287+0000] {dag.py:4180} INFO - Setting next_dagrun for example_params_ui_tutorial to None, run_after=None
[2025-04-09T06:04:19.317+0000] {processor.py:208} INFO - Processing /home/airflow/.local/lib/python3.12/site-packages/airflow/example_dags/example_params_ui_tutorial.py took 0.202 seconds
[2025-04-09T06:04:50.022+0000] {processor.py:186} INFO - Started process (PID=297) to work on /home/airflow/.local/lib/python3.12/site-packages/airflow/example_dags/example_params_ui_tutorial.py
[2025-04-09T06:04:50.024+0000] {processor.py:914} INFO - Processing file /home/airflow/.local/lib/python3.12/site-packages/airflow/example_dags/example_params_ui_tutorial.py for tasks to queue
[2025-04-09T06:04:50.027+0000] {logging_mixin.py:190} INFO - [2025-04-09T06:04:50.026+0000] {dagbag.py:588} INFO - Filling up the DagBag from /home/airflow/.local/lib/python3.12/site-packages/airflow/example_dags/example_params_ui_tutorial.py
[2025-04-09T06:04:50.041+0000] {processor.py:925} INFO - DAG(s) 'example_params_ui_tutorial' retrieved from /home/airflow/.local/lib/python3.12/site-packages/airflow/example_dags/example_params_ui_tutorial.py
[2025-04-09T06:04:50.079+0000] {logging_mixin.py:190} INFO - [2025-04-09T06:04:50.078+0000] {dag.py:3239} INFO - Sync 1 DAGs
[2025-04-09T06:04:50.094+0000] {logging_mixin.py:190} INFO - [2025-04-09T06:04:50.093+0000] {dag.py:4180} INFO - Setting next_dagrun for example_params_ui_tutorial to None, run_after=None
[2025-04-09T06:04:50.128+0000] {processor.py:208} INFO - Processing /home/airflow/.local/lib/python3.12/site-packages/airflow/example_dags/example_params_ui_tutorial.py took 0.113 seconds
[2025-04-09T06:05:20.565+0000] {processor.py:186} INFO - Started process (PID=367) to work on /home/airflow/.local/lib/python3.12/site-packages/airflow/example_dags/example_params_ui_tutorial.py
[2025-04-09T06:05:20.567+0000] {processor.py:914} INFO - Processing file /home/airflow/.local/lib/python3.12/site-packages/airflow/example_dags/example_params_ui_tutorial.py for tasks to queue
[2025-04-09T06:05:20.569+0000] {logging_mixin.py:190} INFO - [2025-04-09T06:05:20.569+0000] {dagbag.py:588} INFO - Filling up the DagBag from /home/airflow/.local/lib/python3.12/site-packages/airflow/example_dags/example_params_ui_tutorial.py
[2025-04-09T06:05:20.578+0000] {processor.py:925} INFO - DAG(s) 'example_params_ui_tutorial' retrieved from /home/airflow/.local/lib/python3.12/site-packages/airflow/example_dags/example_params_ui_tutorial.py
[2025-04-09T06:05:20.622+0000] {logging_mixin.py:190} INFO - [2025-04-09T06:05:20.621+0000] {dag.py:3239} INFO - Sync 1 DAGs
[2025-04-09T06:05:20.637+0000] {logging_mixin.py:190} INFO - [2025-04-09T06:05:20.637+0000] {dag.py:4180} INFO - Setting next_dagrun for example_params_ui_tutorial to None, run_after=None
[2025-04-09T06:05:20.676+0000] {processor.py:208} INFO - Processing /home/airflow/.local/lib/python3.12/site-packages/airflow/example_dags/example_params_ui_tutorial.py took 0.116 seconds
[2025-04-09T06:05:51.031+0000] {processor.py:186} INFO - Started process (PID=431) to work on /home/airflow/.local/lib/python3.12/site-packages/airflow/example_dags/example_params_ui_tutorial.py
[2025-04-09T06:05:51.033+0000] {processor.py:914} INFO - Processing file /home/airflow/.local/lib/python3.12/site-packages/airflow/example_dags/example_params_ui_tutorial.py for tasks to queue
[2025-04-09T06:05:51.036+0000] {logging_mixin.py:190} INFO - [2025-04-09T06:05:51.036+0000] {dagbag.py:588} INFO - Filling up the DagBag from /home/airflow/.local/lib/python3.12/site-packages/airflow/example_dags/example_params_ui_tutorial.py
[2025-04-09T06:05:51.050+0000] {processor.py:925} INFO - DAG(s) 'example_params_ui_tutorial' retrieved from /home/airflow/.local/lib/python3.12/site-packages/airflow/example_dags/example_params_ui_tutorial.py
[2025-04-09T06:05:51.091+0000] {logging_mixin.py:190} INFO - [2025-04-09T06:05:51.091+0000] {dag.py:3239} INFO - Sync 1 DAGs
[2025-04-09T06:05:51.105+0000] {logging_mixin.py:190} INFO - [2025-04-09T06:05:51.105+0000] {dag.py:4180} INFO - Setting next_dagrun for example_params_ui_tutorial to None, run_after=None
[2025-04-09T06:05:51.136+0000] {processor.py:208} INFO - Processing /home/airflow/.local/lib/python3.12/site-packages/airflow/example_dags/example_params_ui_tutorial.py took 0.113 seconds
[2025-04-09T06:32:17.962+0000] {processor.py:186} INFO - Started process (PID=439) to work on /home/airflow/.local/lib/python3.12/site-packages/airflow/example_dags/example_params_ui_tutorial.py
[2025-04-09T06:32:17.965+0000] {processor.py:914} INFO - Processing file /home/airflow/.local/lib/python3.12/site-packages/airflow/example_dags/example_params_ui_tutorial.py for tasks to queue
[2025-04-09T06:32:17.979+0000] {logging_mixin.py:190} INFO - [2025-04-09T06:32:17.978+0000] {dagbag.py:588} INFO - Filling up the DagBag from /home/airflow/.local/lib/python3.12/site-packages/airflow/example_dags/example_params_ui_tutorial.py
[2025-04-09T06:32:18.025+0000] {processor.py:925} INFO - DAG(s) 'example_params_ui_tutorial' retrieved from /home/airflow/.local/lib/python3.12/site-packages/airflow/example_dags/example_params_ui_tutorial.py
[2025-04-09T06:32:18.338+0000] {logging_mixin.py:190} INFO - [2025-04-09T06:32:18.337+0000] {dag.py:3239} INFO - Sync 1 DAGs
[2025-04-09T06:32:18.451+0000] {logging_mixin.py:190} INFO - [2025-04-09T06:32:18.450+0000] {dag.py:4180} INFO - Setting next_dagrun for example_params_ui_tutorial to None, run_after=None
[2025-04-09T06:32:18.582+0000] {processor.py:208} INFO - Processing /home/airflow/.local/lib/python3.12/site-packages/airflow/example_dags/example_params_ui_tutorial.py took 0.655 seconds
[2025-04-09T17:13:51.750+0000] {processor.py:186} INFO - Started process (PID=503) to work on /home/airflow/.local/lib/python3.12/site-packages/airflow/example_dags/example_params_ui_tutorial.py
[2025-04-09T17:13:51.753+0000] {processor.py:914} INFO - Processing file /home/airflow/.local/lib/python3.12/site-packages/airflow/example_dags/example_params_ui_tutorial.py for tasks to queue
[2025-04-09T17:13:51.759+0000] {logging_mixin.py:190} INFO - [2025-04-09T17:13:51.757+0000] {dagbag.py:588} INFO - Filling up the DagBag from /home/airflow/.local/lib/python3.12/site-packages/airflow/example_dags/example_params_ui_tutorial.py
[2025-04-09T17:13:51.847+0000] {processor.py:925} INFO - DAG(s) 'example_params_ui_tutorial' retrieved from /home/airflow/.local/lib/python3.12/site-packages/airflow/example_dags/example_params_ui_tutorial.py
[2025-04-09T17:13:51.978+0000] {logging_mixin.py:190} INFO - [2025-04-09T17:13:51.977+0000] {dag.py:3239} INFO - Sync 1 DAGs
[2025-04-09T17:13:52.026+0000] {logging_mixin.py:190} INFO - [2025-04-09T17:13:52.025+0000] {dag.py:4180} INFO - Setting next_dagrun for example_params_ui_tutorial to None, run_after=None
[2025-04-09T17:13:52.076+0000] {processor.py:208} INFO - Processing /home/airflow/.local/lib/python3.12/site-packages/airflow/example_dags/example_params_ui_tutorial.py took 0.366 seconds
