[2025-04-09T06:03:04.900+0000] {processor.py:186} INFO - Started process (PID=94) to work on /home/airflow/.local/lib/python3.12/site-packages/airflow/example_dags/example_python_decorator.py
[2025-04-09T06:03:04.902+0000] {processor.py:914} INFO - Processing file /home/airflow/.local/lib/python3.12/site-packages/airflow/example_dags/example_python_decorator.py for tasks to queue
[2025-04-09T06:03:04.905+0000] {logging_mixin.py:190} INFO - [2025-04-09T06:03:04.904+0000] {dagbag.py:588} INFO - Filling up the DagBag from /home/airflow/.local/lib/python3.12/site-packages/airflow/example_dags/example_python_decorator.py
[2025-04-09T06:03:04.925+0000] {processor.py:925} INFO - DAG(s) 'example_python_decorator' retrieved from /home/airflow/.local/lib/python3.12/site-packages/airflow/example_dags/example_python_decorator.py
[2025-04-09T06:03:05.067+0000] {logging_mixin.py:190} INFO - [2025-04-09T06:03:05.066+0000] {override.py:1912} INFO - Created Permission View: can edit on DAG:example_python_decorator
[2025-04-09T06:03:05.086+0000] {logging_mixin.py:190} INFO - [2025-04-09T06:03:05.085+0000] {override.py:1912} INFO - Created Permission View: can read on DAG:example_python_decorator
[2025-04-09T06:03:05.098+0000] {logging_mixin.py:190} INFO - [2025-04-09T06:03:05.098+0000] {override.py:1912} INFO - Created Permission View: can delete on DAG:example_python_decorator
[2025-04-09T06:03:05.137+0000] {logging_mixin.py:190} INFO - [2025-04-09T06:03:05.136+0000] {override.py:1912} INFO - Created Permission View: can create on DAG Run:example_python_decorator
[2025-04-09T06:03:05.148+0000] {logging_mixin.py:190} INFO - [2025-04-09T06:03:05.148+0000] {override.py:1912} INFO - Created Permission View: can read on DAG Run:example_python_decorator
[2025-04-09T06:03:05.159+0000] {logging_mixin.py:190} INFO - [2025-04-09T06:03:05.159+0000] {override.py:1912} INFO - Created Permission View: can delete on DAG Run:example_python_decorator
[2025-04-09T06:03:05.169+0000] {logging_mixin.py:190} INFO - [2025-04-09T06:03:05.168+0000] {override.py:1912} INFO - Created Permission View: menu access on DAG Run:example_python_decorator
[2025-04-09T06:03:05.169+0000] {logging_mixin.py:190} INFO - [2025-04-09T06:03:05.169+0000] {dag.py:3239} INFO - Sync 1 DAGs
[2025-04-09T06:03:05.182+0000] {logging_mixin.py:190} INFO - [2025-04-09T06:03:05.181+0000] {dag.py:3262} INFO - Creating ORM DAG for example_python_decorator
[2025-04-09T06:03:05.183+0000] {logging_mixin.py:190} INFO - [2025-04-09T06:03:05.183+0000] {dag.py:4180} INFO - Setting next_dagrun for example_python_decorator to None, run_after=None
[2025-04-09T06:03:05.202+0000] {processor.py:208} INFO - Processing /home/airflow/.local/lib/python3.12/site-packages/airflow/example_dags/example_python_decorator.py took 0.311 seconds
[2025-04-09T06:03:35.344+0000] {processor.py:186} INFO - Started process (PID=158) to work on /home/airflow/.local/lib/python3.12/site-packages/airflow/example_dags/example_python_decorator.py
[2025-04-09T06:03:35.346+0000] {processor.py:914} INFO - Processing file /home/airflow/.local/lib/python3.12/site-packages/airflow/example_dags/example_python_decorator.py for tasks to queue
[2025-04-09T06:03:35.351+0000] {logging_mixin.py:190} INFO - [2025-04-09T06:03:35.350+0000] {dagbag.py:588} INFO - Filling up the DagBag from /home/airflow/.local/lib/python3.12/site-packages/airflow/example_dags/example_python_decorator.py
[2025-04-09T06:03:35.369+0000] {processor.py:925} INFO - DAG(s) 'example_python_decorator' retrieved from /home/airflow/.local/lib/python3.12/site-packages/airflow/example_dags/example_python_decorator.py
[2025-04-09T06:03:35.398+0000] {logging_mixin.py:190} INFO - [2025-04-09T06:03:35.398+0000] {dag.py:3239} INFO - Sync 1 DAGs
[2025-04-09T06:03:35.419+0000] {logging_mixin.py:190} INFO - [2025-04-09T06:03:35.419+0000] {dag.py:4180} INFO - Setting next_dagrun for example_python_decorator to None, run_after=None
[2025-04-09T06:03:35.470+0000] {processor.py:208} INFO - Processing /home/airflow/.local/lib/python3.12/site-packages/airflow/example_dags/example_python_decorator.py took 0.136 seconds
[2025-04-09T06:04:05.963+0000] {processor.py:186} INFO - Started process (PID=222) to work on /home/airflow/.local/lib/python3.12/site-packages/airflow/example_dags/example_python_decorator.py
[2025-04-09T06:04:05.964+0000] {processor.py:914} INFO - Processing file /home/airflow/.local/lib/python3.12/site-packages/airflow/example_dags/example_python_decorator.py for tasks to queue
[2025-04-09T06:04:05.968+0000] {logging_mixin.py:190} INFO - [2025-04-09T06:04:05.968+0000] {dagbag.py:588} INFO - Filling up the DagBag from /home/airflow/.local/lib/python3.12/site-packages/airflow/example_dags/example_python_decorator.py
[2025-04-09T06:04:05.988+0000] {processor.py:925} INFO - DAG(s) 'example_python_decorator' retrieved from /home/airflow/.local/lib/python3.12/site-packages/airflow/example_dags/example_python_decorator.py
[2025-04-09T06:04:06.023+0000] {logging_mixin.py:190} INFO - [2025-04-09T06:04:06.022+0000] {dag.py:3239} INFO - Sync 1 DAGs
[2025-04-09T06:04:06.036+0000] {logging_mixin.py:190} INFO - [2025-04-09T06:04:06.036+0000] {dag.py:4180} INFO - Setting next_dagrun for example_python_decorator to None, run_after=None
[2025-04-09T06:04:06.060+0000] {processor.py:208} INFO - Processing /home/airflow/.local/lib/python3.12/site-packages/airflow/example_dags/example_python_decorator.py took 0.106 seconds
[2025-04-09T06:04:36.967+0000] {processor.py:186} INFO - Started process (PID=286) to work on /home/airflow/.local/lib/python3.12/site-packages/airflow/example_dags/example_python_decorator.py
[2025-04-09T06:04:36.970+0000] {processor.py:914} INFO - Processing file /home/airflow/.local/lib/python3.12/site-packages/airflow/example_dags/example_python_decorator.py for tasks to queue
[2025-04-09T06:04:36.974+0000] {logging_mixin.py:190} INFO - [2025-04-09T06:04:36.973+0000] {dagbag.py:588} INFO - Filling up the DagBag from /home/airflow/.local/lib/python3.12/site-packages/airflow/example_dags/example_python_decorator.py
[2025-04-09T06:04:36.998+0000] {processor.py:925} INFO - DAG(s) 'example_python_decorator' retrieved from /home/airflow/.local/lib/python3.12/site-packages/airflow/example_dags/example_python_decorator.py
[2025-04-09T06:04:37.027+0000] {logging_mixin.py:190} INFO - [2025-04-09T06:04:37.027+0000] {dag.py:3239} INFO - Sync 1 DAGs
[2025-04-09T06:04:37.047+0000] {logging_mixin.py:190} INFO - [2025-04-09T06:04:37.047+0000] {dag.py:4180} INFO - Setting next_dagrun for example_python_decorator to None, run_after=None
[2025-04-09T06:04:37.074+0000] {processor.py:208} INFO - Processing /home/airflow/.local/lib/python3.12/site-packages/airflow/example_dags/example_python_decorator.py took 0.115 seconds
[2025-04-09T06:05:07.591+0000] {processor.py:186} INFO - Started process (PID=350) to work on /home/airflow/.local/lib/python3.12/site-packages/airflow/example_dags/example_python_decorator.py
[2025-04-09T06:05:07.593+0000] {processor.py:914} INFO - Processing file /home/airflow/.local/lib/python3.12/site-packages/airflow/example_dags/example_python_decorator.py for tasks to queue
[2025-04-09T06:05:07.615+0000] {logging_mixin.py:190} INFO - [2025-04-09T06:05:07.614+0000] {dagbag.py:588} INFO - Filling up the DagBag from /home/airflow/.local/lib/python3.12/site-packages/airflow/example_dags/example_python_decorator.py
[2025-04-09T06:05:07.642+0000] {processor.py:925} INFO - DAG(s) 'example_python_decorator' retrieved from /home/airflow/.local/lib/python3.12/site-packages/airflow/example_dags/example_python_decorator.py
[2025-04-09T06:05:07.672+0000] {logging_mixin.py:190} INFO - [2025-04-09T06:05:07.671+0000] {dag.py:3239} INFO - Sync 1 DAGs
[2025-04-09T06:05:07.691+0000] {logging_mixin.py:190} INFO - [2025-04-09T06:05:07.690+0000] {dag.py:4180} INFO - Setting next_dagrun for example_python_decorator to None, run_after=None
[2025-04-09T06:05:07.722+0000] {processor.py:208} INFO - Processing /home/airflow/.local/lib/python3.12/site-packages/airflow/example_dags/example_python_decorator.py took 0.145 seconds
[2025-04-09T06:05:37.970+0000] {processor.py:186} INFO - Started process (PID=414) to work on /home/airflow/.local/lib/python3.12/site-packages/airflow/example_dags/example_python_decorator.py
[2025-04-09T06:05:37.971+0000] {processor.py:914} INFO - Processing file /home/airflow/.local/lib/python3.12/site-packages/airflow/example_dags/example_python_decorator.py for tasks to queue
[2025-04-09T06:05:37.975+0000] {logging_mixin.py:190} INFO - [2025-04-09T06:05:37.975+0000] {dagbag.py:588} INFO - Filling up the DagBag from /home/airflow/.local/lib/python3.12/site-packages/airflow/example_dags/example_python_decorator.py
[2025-04-09T06:05:37.997+0000] {processor.py:925} INFO - DAG(s) 'example_python_decorator' retrieved from /home/airflow/.local/lib/python3.12/site-packages/airflow/example_dags/example_python_decorator.py
[2025-04-09T06:05:38.024+0000] {logging_mixin.py:190} INFO - [2025-04-09T06:05:38.024+0000] {dag.py:3239} INFO - Sync 1 DAGs
[2025-04-09T06:05:38.047+0000] {logging_mixin.py:190} INFO - [2025-04-09T06:05:38.046+0000] {dag.py:4180} INFO - Setting next_dagrun for example_python_decorator to None, run_after=None
[2025-04-09T06:05:38.070+0000] {processor.py:208} INFO - Processing /home/airflow/.local/lib/python3.12/site-packages/airflow/example_dags/example_python_decorator.py took 0.107 seconds
[2025-04-09T17:13:50.406+0000] {processor.py:186} INFO - Started process (PID=486) to work on /home/airflow/.local/lib/python3.12/site-packages/airflow/example_dags/example_python_decorator.py
[2025-04-09T17:13:50.410+0000] {processor.py:914} INFO - Processing file /home/airflow/.local/lib/python3.12/site-packages/airflow/example_dags/example_python_decorator.py for tasks to queue
[2025-04-09T17:13:50.413+0000] {logging_mixin.py:190} INFO - [2025-04-09T17:13:50.412+0000] {dagbag.py:588} INFO - Filling up the DagBag from /home/airflow/.local/lib/python3.12/site-packages/airflow/example_dags/example_python_decorator.py
[2025-04-09T17:13:50.448+0000] {processor.py:925} INFO - DAG(s) 'example_python_decorator' retrieved from /home/airflow/.local/lib/python3.12/site-packages/airflow/example_dags/example_python_decorator.py
[2025-04-09T17:13:50.497+0000] {logging_mixin.py:190} INFO - [2025-04-09T17:13:50.496+0000] {dag.py:3239} INFO - Sync 1 DAGs
[2025-04-09T17:13:50.540+0000] {logging_mixin.py:190} INFO - [2025-04-09T17:13:50.539+0000] {dag.py:4180} INFO - Setting next_dagrun for example_python_decorator to None, run_after=None
[2025-04-09T17:13:50.586+0000] {processor.py:208} INFO - Processing /home/airflow/.local/lib/python3.12/site-packages/airflow/example_dags/example_python_decorator.py took 0.191 seconds
