[2025-04-09T06:03:00.448+0000] {processor.py:186} INFO - Started process (PID=75) to work on /home/airflow/.local/lib/python3.12/site-packages/airflow/example_dags/example_setup_teardown.py
[2025-04-09T06:03:00.450+0000] {processor.py:914} INFO - Processing file /home/airflow/.local/lib/python3.12/site-packages/airflow/example_dags/example_setup_teardown.py for tasks to queue
[2025-04-09T06:03:00.453+0000] {logging_mixin.py:190} INFO - [2025-04-09T06:03:00.452+0000] {dagbag.py:588} INFO - Filling up the DagBag from /home/airflow/.local/lib/python3.12/site-packages/airflow/example_dags/example_setup_teardown.py
[2025-04-09T06:03:00.465+0000] {processor.py:925} INFO - DAG(s) 'example_setup_teardown' retrieved from /home/airflow/.local/lib/python3.12/site-packages/airflow/example_dags/example_setup_teardown.py
[2025-04-09T06:03:00.620+0000] {logging_mixin.py:190} INFO - [2025-04-09T06:03:00.619+0000] {override.py:1912} INFO - Created Permission View: can edit on DAG:example_setup_teardown
[2025-04-09T06:03:00.635+0000] {logging_mixin.py:190} INFO - [2025-04-09T06:03:00.634+0000] {override.py:1912} INFO - Created Permission View: can read on DAG:example_setup_teardown
[2025-04-09T06:03:00.646+0000] {logging_mixin.py:190} INFO - [2025-04-09T06:03:00.646+0000] {override.py:1912} INFO - Created Permission View: can delete on DAG:example_setup_teardown
[2025-04-09T06:03:00.661+0000] {logging_mixin.py:190} INFO - [2025-04-09T06:03:00.660+0000] {override.py:1912} INFO - Created Permission View: can create on DAG Run:example_setup_teardown
[2025-04-09T06:03:00.672+0000] {logging_mixin.py:190} INFO - [2025-04-09T06:03:00.671+0000] {override.py:1912} INFO - Created Permission View: can read on DAG Run:example_setup_teardown
[2025-04-09T06:03:00.682+0000] {logging_mixin.py:190} INFO - [2025-04-09T06:03:00.681+0000] {override.py:1912} INFO - Created Permission View: can delete on DAG Run:example_setup_teardown
[2025-04-09T06:03:00.700+0000] {logging_mixin.py:190} INFO - [2025-04-09T06:03:00.700+0000] {override.py:1912} INFO - Created Permission View: menu access on DAG Run:example_setup_teardown
[2025-04-09T06:03:00.701+0000] {logging_mixin.py:190} INFO - [2025-04-09T06:03:00.701+0000] {dag.py:3239} INFO - Sync 1 DAGs
[2025-04-09T06:03:00.716+0000] {logging_mixin.py:190} INFO - [2025-04-09T06:03:00.716+0000] {dag.py:3262} INFO - Creating ORM DAG for example_setup_teardown
[2025-04-09T06:03:00.717+0000] {logging_mixin.py:190} INFO - [2025-04-09T06:03:00.717+0000] {dag.py:4180} INFO - Setting next_dagrun for example_setup_teardown to None, run_after=None
[2025-04-09T06:03:00.742+0000] {processor.py:208} INFO - Processing /home/airflow/.local/lib/python3.12/site-packages/airflow/example_dags/example_setup_teardown.py took 0.301 seconds
[2025-04-09T06:03:30.884+0000] {processor.py:186} INFO - Started process (PID=139) to work on /home/airflow/.local/lib/python3.12/site-packages/airflow/example_dags/example_setup_teardown.py
[2025-04-09T06:03:30.885+0000] {processor.py:914} INFO - Processing file /home/airflow/.local/lib/python3.12/site-packages/airflow/example_dags/example_setup_teardown.py for tasks to queue
[2025-04-09T06:03:30.889+0000] {logging_mixin.py:190} INFO - [2025-04-09T06:03:30.889+0000] {dagbag.py:588} INFO - Filling up the DagBag from /home/airflow/.local/lib/python3.12/site-packages/airflow/example_dags/example_setup_teardown.py
[2025-04-09T06:03:30.903+0000] {processor.py:925} INFO - DAG(s) 'example_setup_teardown' retrieved from /home/airflow/.local/lib/python3.12/site-packages/airflow/example_dags/example_setup_teardown.py
[2025-04-09T06:03:30.936+0000] {logging_mixin.py:190} INFO - [2025-04-09T06:03:30.935+0000] {dag.py:3239} INFO - Sync 1 DAGs
[2025-04-09T06:03:30.956+0000] {logging_mixin.py:190} INFO - [2025-04-09T06:03:30.956+0000] {dag.py:4180} INFO - Setting next_dagrun for example_setup_teardown to None, run_after=None
[2025-04-09T06:03:30.991+0000] {processor.py:208} INFO - Processing /home/airflow/.local/lib/python3.12/site-packages/airflow/example_dags/example_setup_teardown.py took 0.115 seconds
[2025-04-09T06:04:02.140+0000] {processor.py:186} INFO - Started process (PID=203) to work on /home/airflow/.local/lib/python3.12/site-packages/airflow/example_dags/example_setup_teardown.py
[2025-04-09T06:04:02.146+0000] {processor.py:914} INFO - Processing file /home/airflow/.local/lib/python3.12/site-packages/airflow/example_dags/example_setup_teardown.py for tasks to queue
[2025-04-09T06:04:02.151+0000] {logging_mixin.py:190} INFO - [2025-04-09T06:04:02.150+0000] {dagbag.py:588} INFO - Filling up the DagBag from /home/airflow/.local/lib/python3.12/site-packages/airflow/example_dags/example_setup_teardown.py
[2025-04-09T06:04:02.164+0000] {processor.py:925} INFO - DAG(s) 'example_setup_teardown' retrieved from /home/airflow/.local/lib/python3.12/site-packages/airflow/example_dags/example_setup_teardown.py
[2025-04-09T06:04:02.201+0000] {logging_mixin.py:190} INFO - [2025-04-09T06:04:02.201+0000] {dag.py:3239} INFO - Sync 1 DAGs
[2025-04-09T06:04:02.221+0000] {logging_mixin.py:190} INFO - [2025-04-09T06:04:02.220+0000] {dag.py:4180} INFO - Setting next_dagrun for example_setup_teardown to None, run_after=None
[2025-04-09T06:04:02.253+0000] {processor.py:208} INFO - Processing /home/airflow/.local/lib/python3.12/site-packages/airflow/example_dags/example_setup_teardown.py took 0.122 seconds
[2025-04-09T06:04:33.621+0000] {processor.py:186} INFO - Started process (PID=267) to work on /home/airflow/.local/lib/python3.12/site-packages/airflow/example_dags/example_setup_teardown.py
[2025-04-09T06:04:33.623+0000] {processor.py:914} INFO - Processing file /home/airflow/.local/lib/python3.12/site-packages/airflow/example_dags/example_setup_teardown.py for tasks to queue
[2025-04-09T06:04:33.626+0000] {logging_mixin.py:190} INFO - [2025-04-09T06:04:33.626+0000] {dagbag.py:588} INFO - Filling up the DagBag from /home/airflow/.local/lib/python3.12/site-packages/airflow/example_dags/example_setup_teardown.py
[2025-04-09T06:04:33.641+0000] {processor.py:925} INFO - DAG(s) 'example_setup_teardown' retrieved from /home/airflow/.local/lib/python3.12/site-packages/airflow/example_dags/example_setup_teardown.py
[2025-04-09T06:04:33.685+0000] {logging_mixin.py:190} INFO - [2025-04-09T06:04:33.684+0000] {dag.py:3239} INFO - Sync 1 DAGs
[2025-04-09T06:04:33.716+0000] {logging_mixin.py:190} INFO - [2025-04-09T06:04:33.716+0000] {dag.py:4180} INFO - Setting next_dagrun for example_setup_teardown to None, run_after=None
[2025-04-09T06:04:33.779+0000] {processor.py:208} INFO - Processing /home/airflow/.local/lib/python3.12/site-packages/airflow/example_dags/example_setup_teardown.py took 0.171 seconds
[2025-04-09T06:05:04.753+0000] {processor.py:186} INFO - Started process (PID=331) to work on /home/airflow/.local/lib/python3.12/site-packages/airflow/example_dags/example_setup_teardown.py
[2025-04-09T06:05:04.754+0000] {processor.py:914} INFO - Processing file /home/airflow/.local/lib/python3.12/site-packages/airflow/example_dags/example_setup_teardown.py for tasks to queue
[2025-04-09T06:05:04.757+0000] {logging_mixin.py:190} INFO - [2025-04-09T06:05:04.757+0000] {dagbag.py:588} INFO - Filling up the DagBag from /home/airflow/.local/lib/python3.12/site-packages/airflow/example_dags/example_setup_teardown.py
[2025-04-09T06:05:04.770+0000] {processor.py:925} INFO - DAG(s) 'example_setup_teardown' retrieved from /home/airflow/.local/lib/python3.12/site-packages/airflow/example_dags/example_setup_teardown.py
[2025-04-09T06:05:04.801+0000] {logging_mixin.py:190} INFO - [2025-04-09T06:05:04.800+0000] {dag.py:3239} INFO - Sync 1 DAGs
[2025-04-09T06:05:04.839+0000] {logging_mixin.py:190} INFO - [2025-04-09T06:05:04.839+0000] {dag.py:4180} INFO - Setting next_dagrun for example_setup_teardown to None, run_after=None
[2025-04-09T06:05:04.867+0000] {processor.py:208} INFO - Processing /home/airflow/.local/lib/python3.12/site-packages/airflow/example_dags/example_setup_teardown.py took 0.121 seconds
[2025-04-09T06:05:35.877+0000] {processor.py:186} INFO - Started process (PID=395) to work on /home/airflow/.local/lib/python3.12/site-packages/airflow/example_dags/example_setup_teardown.py
[2025-04-09T06:05:35.879+0000] {processor.py:914} INFO - Processing file /home/airflow/.local/lib/python3.12/site-packages/airflow/example_dags/example_setup_teardown.py for tasks to queue
[2025-04-09T06:05:35.885+0000] {logging_mixin.py:190} INFO - [2025-04-09T06:05:35.885+0000] {dagbag.py:588} INFO - Filling up the DagBag from /home/airflow/.local/lib/python3.12/site-packages/airflow/example_dags/example_setup_teardown.py
[2025-04-09T06:05:35.899+0000] {processor.py:925} INFO - DAG(s) 'example_setup_teardown' retrieved from /home/airflow/.local/lib/python3.12/site-packages/airflow/example_dags/example_setup_teardown.py
[2025-04-09T06:05:35.921+0000] {logging_mixin.py:190} INFO - [2025-04-09T06:05:35.920+0000] {dag.py:3239} INFO - Sync 1 DAGs
[2025-04-09T06:05:35.937+0000] {logging_mixin.py:190} INFO - [2025-04-09T06:05:35.936+0000] {dag.py:4180} INFO - Setting next_dagrun for example_setup_teardown to None, run_after=None
[2025-04-09T06:05:35.975+0000] {processor.py:208} INFO - Processing /home/airflow/.local/lib/python3.12/site-packages/airflow/example_dags/example_setup_teardown.py took 0.110 seconds
[2025-04-09T17:13:47.460+0000] {processor.py:186} INFO - Started process (PID=467) to work on /home/airflow/.local/lib/python3.12/site-packages/airflow/example_dags/example_setup_teardown.py
[2025-04-09T17:13:47.462+0000] {processor.py:914} INFO - Processing file /home/airflow/.local/lib/python3.12/site-packages/airflow/example_dags/example_setup_teardown.py for tasks to queue
[2025-04-09T17:13:47.466+0000] {logging_mixin.py:190} INFO - [2025-04-09T17:13:47.465+0000] {dagbag.py:588} INFO - Filling up the DagBag from /home/airflow/.local/lib/python3.12/site-packages/airflow/example_dags/example_setup_teardown.py
[2025-04-09T17:13:47.490+0000] {processor.py:925} INFO - DAG(s) 'example_setup_teardown' retrieved from /home/airflow/.local/lib/python3.12/site-packages/airflow/example_dags/example_setup_teardown.py
[2025-04-09T17:13:47.541+0000] {logging_mixin.py:190} INFO - [2025-04-09T17:13:47.540+0000] {dag.py:3239} INFO - Sync 1 DAGs
[2025-04-09T17:13:47.568+0000] {logging_mixin.py:190} INFO - [2025-04-09T17:13:47.568+0000] {dag.py:4180} INFO - Setting next_dagrun for example_setup_teardown to None, run_after=None
[2025-04-09T17:13:47.614+0000] {processor.py:208} INFO - Processing /home/airflow/.local/lib/python3.12/site-packages/airflow/example_dags/example_setup_teardown.py took 0.172 seconds
