[2025-04-09T06:03:02.147+0000] {processor.py:186} INFO - Started process (PID=84) to work on /home/airflow/.local/lib/python3.12/site-packages/airflow/example_dags/example_time_delta_sensor_async.py
[2025-04-09T06:03:02.148+0000] {processor.py:914} INFO - Processing file /home/airflow/.local/lib/python3.12/site-packages/airflow/example_dags/example_time_delta_sensor_async.py for tasks to queue
[2025-04-09T06:03:02.151+0000] {logging_mixin.py:190} INFO - [2025-04-09T06:03:02.151+0000] {dagbag.py:588} INFO - Filling up the DagBag from /home/airflow/.local/lib/python3.12/site-packages/airflow/example_dags/example_time_delta_sensor_async.py
[2025-04-09T06:03:02.160+0000] {processor.py:925} INFO - DAG(s) 'example_time_delta_sensor_async' retrieved from /home/airflow/.local/lib/python3.12/site-packages/airflow/example_dags/example_time_delta_sensor_async.py
[2025-04-09T06:03:02.292+0000] {logging_mixin.py:190} INFO - [2025-04-09T06:03:02.291+0000] {override.py:1912} INFO - Created Permission View: can edit on DAG:example_time_delta_sensor_async
[2025-04-09T06:03:02.307+0000] {logging_mixin.py:190} INFO - [2025-04-09T06:03:02.307+0000] {override.py:1912} INFO - Created Permission View: can read on DAG:example_time_delta_sensor_async
[2025-04-09T06:03:02.320+0000] {logging_mixin.py:190} INFO - [2025-04-09T06:03:02.320+0000] {override.py:1912} INFO - Created Permission View: can delete on DAG:example_time_delta_sensor_async
[2025-04-09T06:03:02.335+0000] {logging_mixin.py:190} INFO - [2025-04-09T06:03:02.335+0000] {override.py:1912} INFO - Created Permission View: can create on DAG Run:example_time_delta_sensor_async
[2025-04-09T06:03:02.350+0000] {logging_mixin.py:190} INFO - [2025-04-09T06:03:02.349+0000] {override.py:1912} INFO - Created Permission View: can read on DAG Run:example_time_delta_sensor_async
[2025-04-09T06:03:02.364+0000] {logging_mixin.py:190} INFO - [2025-04-09T06:03:02.364+0000] {override.py:1912} INFO - Created Permission View: can delete on DAG Run:example_time_delta_sensor_async
[2025-04-09T06:03:02.375+0000] {logging_mixin.py:190} INFO - [2025-04-09T06:03:02.374+0000] {override.py:1912} INFO - Created Permission View: menu access on DAG Run:example_time_delta_sensor_async
[2025-04-09T06:03:02.376+0000] {logging_mixin.py:190} INFO - [2025-04-09T06:03:02.375+0000] {dag.py:3239} INFO - Sync 1 DAGs
[2025-04-09T06:03:02.393+0000] {logging_mixin.py:190} INFO - [2025-04-09T06:03:02.392+0000] {dag.py:3262} INFO - Creating ORM DAG for example_time_delta_sensor_async
[2025-04-09T06:03:02.394+0000] {logging_mixin.py:190} INFO - [2025-04-09T06:03:02.394+0000] {dag.py:4180} INFO - Setting next_dagrun for example_time_delta_sensor_async to None, run_after=None
[2025-04-09T06:03:02.420+0000] {processor.py:208} INFO - Processing /home/airflow/.local/lib/python3.12/site-packages/airflow/example_dags/example_time_delta_sensor_async.py took 0.282 seconds
[2025-04-09T06:03:33.038+0000] {processor.py:186} INFO - Started process (PID=148) to work on /home/airflow/.local/lib/python3.12/site-packages/airflow/example_dags/example_time_delta_sensor_async.py
[2025-04-09T06:03:33.039+0000] {processor.py:914} INFO - Processing file /home/airflow/.local/lib/python3.12/site-packages/airflow/example_dags/example_time_delta_sensor_async.py for tasks to queue
[2025-04-09T06:03:33.042+0000] {logging_mixin.py:190} INFO - [2025-04-09T06:03:33.042+0000] {dagbag.py:588} INFO - Filling up the DagBag from /home/airflow/.local/lib/python3.12/site-packages/airflow/example_dags/example_time_delta_sensor_async.py
[2025-04-09T06:03:33.060+0000] {processor.py:925} INFO - DAG(s) 'example_time_delta_sensor_async' retrieved from /home/airflow/.local/lib/python3.12/site-packages/airflow/example_dags/example_time_delta_sensor_async.py
[2025-04-09T06:03:33.084+0000] {logging_mixin.py:190} INFO - [2025-04-09T06:03:33.084+0000] {dag.py:3239} INFO - Sync 1 DAGs
[2025-04-09T06:03:33.102+0000] {logging_mixin.py:190} INFO - [2025-04-09T06:03:33.102+0000] {dag.py:4180} INFO - Setting next_dagrun for example_time_delta_sensor_async to None, run_after=None
[2025-04-09T06:03:33.124+0000] {processor.py:208} INFO - Processing /home/airflow/.local/lib/python3.12/site-packages/airflow/example_dags/example_time_delta_sensor_async.py took 0.094 seconds
[2025-04-09T06:04:04.061+0000] {processor.py:186} INFO - Started process (PID=212) to work on /home/airflow/.local/lib/python3.12/site-packages/airflow/example_dags/example_time_delta_sensor_async.py
[2025-04-09T06:04:04.062+0000] {processor.py:914} INFO - Processing file /home/airflow/.local/lib/python3.12/site-packages/airflow/example_dags/example_time_delta_sensor_async.py for tasks to queue
[2025-04-09T06:04:04.065+0000] {logging_mixin.py:190} INFO - [2025-04-09T06:04:04.065+0000] {dagbag.py:588} INFO - Filling up the DagBag from /home/airflow/.local/lib/python3.12/site-packages/airflow/example_dags/example_time_delta_sensor_async.py
[2025-04-09T06:04:04.074+0000] {processor.py:925} INFO - DAG(s) 'example_time_delta_sensor_async' retrieved from /home/airflow/.local/lib/python3.12/site-packages/airflow/example_dags/example_time_delta_sensor_async.py
[2025-04-09T06:04:04.096+0000] {logging_mixin.py:190} INFO - [2025-04-09T06:04:04.096+0000] {dag.py:3239} INFO - Sync 1 DAGs
[2025-04-09T06:04:04.112+0000] {logging_mixin.py:190} INFO - [2025-04-09T06:04:04.112+0000] {dag.py:4180} INFO - Setting next_dagrun for example_time_delta_sensor_async to None, run_after=None
[2025-04-09T06:04:04.139+0000] {processor.py:208} INFO - Processing /home/airflow/.local/lib/python3.12/site-packages/airflow/example_dags/example_time_delta_sensor_async.py took 0.086 seconds
[2025-04-09T06:04:35.005+0000] {processor.py:186} INFO - Started process (PID=276) to work on /home/airflow/.local/lib/python3.12/site-packages/airflow/example_dags/example_time_delta_sensor_async.py
[2025-04-09T06:04:35.006+0000] {processor.py:914} INFO - Processing file /home/airflow/.local/lib/python3.12/site-packages/airflow/example_dags/example_time_delta_sensor_async.py for tasks to queue
[2025-04-09T06:04:35.009+0000] {logging_mixin.py:190} INFO - [2025-04-09T06:04:35.009+0000] {dagbag.py:588} INFO - Filling up the DagBag from /home/airflow/.local/lib/python3.12/site-packages/airflow/example_dags/example_time_delta_sensor_async.py
[2025-04-09T06:04:35.018+0000] {processor.py:925} INFO - DAG(s) 'example_time_delta_sensor_async' retrieved from /home/airflow/.local/lib/python3.12/site-packages/airflow/example_dags/example_time_delta_sensor_async.py
[2025-04-09T06:04:35.056+0000] {logging_mixin.py:190} INFO - [2025-04-09T06:04:35.056+0000] {dag.py:3239} INFO - Sync 1 DAGs
[2025-04-09T06:04:35.078+0000] {logging_mixin.py:190} INFO - [2025-04-09T06:04:35.078+0000] {dag.py:4180} INFO - Setting next_dagrun for example_time_delta_sensor_async to None, run_after=None
[2025-04-09T06:04:35.115+0000] {processor.py:208} INFO - Processing /home/airflow/.local/lib/python3.12/site-packages/airflow/example_dags/example_time_delta_sensor_async.py took 0.118 seconds
[2025-04-09T06:05:06.079+0000] {processor.py:186} INFO - Started process (PID=340) to work on /home/airflow/.local/lib/python3.12/site-packages/airflow/example_dags/example_time_delta_sensor_async.py
[2025-04-09T06:05:06.084+0000] {processor.py:914} INFO - Processing file /home/airflow/.local/lib/python3.12/site-packages/airflow/example_dags/example_time_delta_sensor_async.py for tasks to queue
[2025-04-09T06:05:06.087+0000] {logging_mixin.py:190} INFO - [2025-04-09T06:05:06.086+0000] {dagbag.py:588} INFO - Filling up the DagBag from /home/airflow/.local/lib/python3.12/site-packages/airflow/example_dags/example_time_delta_sensor_async.py
[2025-04-09T06:05:06.094+0000] {processor.py:925} INFO - DAG(s) 'example_time_delta_sensor_async' retrieved from /home/airflow/.local/lib/python3.12/site-packages/airflow/example_dags/example_time_delta_sensor_async.py
[2025-04-09T06:05:06.122+0000] {logging_mixin.py:190} INFO - [2025-04-09T06:05:06.121+0000] {dag.py:3239} INFO - Sync 1 DAGs
[2025-04-09T06:05:06.141+0000] {logging_mixin.py:190} INFO - [2025-04-09T06:05:06.141+0000] {dag.py:4180} INFO - Setting next_dagrun for example_time_delta_sensor_async to None, run_after=None
[2025-04-09T06:05:06.172+0000] {processor.py:208} INFO - Processing /home/airflow/.local/lib/python3.12/site-packages/airflow/example_dags/example_time_delta_sensor_async.py took 0.110 seconds
[2025-04-09T06:05:36.886+0000] {processor.py:186} INFO - Started process (PID=404) to work on /home/airflow/.local/lib/python3.12/site-packages/airflow/example_dags/example_time_delta_sensor_async.py
[2025-04-09T06:05:36.888+0000] {processor.py:914} INFO - Processing file /home/airflow/.local/lib/python3.12/site-packages/airflow/example_dags/example_time_delta_sensor_async.py for tasks to queue
[2025-04-09T06:05:36.892+0000] {logging_mixin.py:190} INFO - [2025-04-09T06:05:36.892+0000] {dagbag.py:588} INFO - Filling up the DagBag from /home/airflow/.local/lib/python3.12/site-packages/airflow/example_dags/example_time_delta_sensor_async.py
[2025-04-09T06:05:36.899+0000] {processor.py:925} INFO - DAG(s) 'example_time_delta_sensor_async' retrieved from /home/airflow/.local/lib/python3.12/site-packages/airflow/example_dags/example_time_delta_sensor_async.py
[2025-04-09T06:05:36.921+0000] {logging_mixin.py:190} INFO - [2025-04-09T06:05:36.921+0000] {dag.py:3239} INFO - Sync 1 DAGs
[2025-04-09T06:05:36.937+0000] {logging_mixin.py:190} INFO - [2025-04-09T06:05:36.936+0000] {dag.py:4180} INFO - Setting next_dagrun for example_time_delta_sensor_async to None, run_after=None
[2025-04-09T06:05:36.966+0000] {processor.py:208} INFO - Processing /home/airflow/.local/lib/python3.12/site-packages/airflow/example_dags/example_time_delta_sensor_async.py took 0.086 seconds
[2025-04-09T17:13:48.966+0000] {processor.py:186} INFO - Started process (PID=476) to work on /home/airflow/.local/lib/python3.12/site-packages/airflow/example_dags/example_time_delta_sensor_async.py
[2025-04-09T17:13:48.969+0000] {processor.py:914} INFO - Processing file /home/airflow/.local/lib/python3.12/site-packages/airflow/example_dags/example_time_delta_sensor_async.py for tasks to queue
[2025-04-09T17:13:48.972+0000] {logging_mixin.py:190} INFO - [2025-04-09T17:13:48.971+0000] {dagbag.py:588} INFO - Filling up the DagBag from /home/airflow/.local/lib/python3.12/site-packages/airflow/example_dags/example_time_delta_sensor_async.py
[2025-04-09T17:13:48.997+0000] {processor.py:925} INFO - DAG(s) 'example_time_delta_sensor_async' retrieved from /home/airflow/.local/lib/python3.12/site-packages/airflow/example_dags/example_time_delta_sensor_async.py
[2025-04-09T17:13:49.055+0000] {logging_mixin.py:190} INFO - [2025-04-09T17:13:49.054+0000] {dag.py:3239} INFO - Sync 1 DAGs
[2025-04-09T17:13:49.092+0000] {logging_mixin.py:190} INFO - [2025-04-09T17:13:49.092+0000] {dag.py:4180} INFO - Setting next_dagrun for example_time_delta_sensor_async to None, run_after=None
[2025-04-09T17:13:49.141+0000] {processor.py:208} INFO - Processing /home/airflow/.local/lib/python3.12/site-packages/airflow/example_dags/example_time_delta_sensor_async.py took 0.189 seconds
