[2025-04-09T06:03:01.203+0000] {processor.py:186} INFO - Started process (PID=79) to work on /home/airflow/.local/lib/python3.12/site-packages/airflow/example_dags/example_latest_only.py
[2025-04-09T06:03:01.205+0000] {processor.py:914} INFO - Processing file /home/airflow/.local/lib/python3.12/site-packages/airflow/example_dags/example_latest_only.py for tasks to queue
[2025-04-09T06:03:01.210+0000] {logging_mixin.py:190} INFO - [2025-04-09T06:03:01.210+0000] {dagbag.py:588} INFO - Filling up the DagBag from /home/airflow/.local/lib/python3.12/site-packages/airflow/example_dags/example_latest_only.py
[2025-04-09T06:03:01.232+0000] {processor.py:925} INFO - DAG(s) 'latest_only' retrieved from /home/airflow/.local/lib/python3.12/site-packages/airflow/example_dags/example_latest_only.py
[2025-04-09T06:03:01.440+0000] {logging_mixin.py:190} INFO - [2025-04-09T06:03:01.439+0000] {override.py:1912} INFO - Created Permission View: can edit on DAG:latest_only
[2025-04-09T06:03:01.459+0000] {logging_mixin.py:190} INFO - [2025-04-09T06:03:01.459+0000] {override.py:1912} INFO - Created Permission View: can read on DAG:latest_only
[2025-04-09T06:03:01.473+0000] {logging_mixin.py:190} INFO - [2025-04-09T06:03:01.472+0000] {override.py:1912} INFO - Created Permission View: can delete on DAG:latest_only
[2025-04-09T06:03:01.492+0000] {logging_mixin.py:190} INFO - [2025-04-09T06:03:01.492+0000] {override.py:1912} INFO - Created Permission View: can create on DAG Run:latest_only
[2025-04-09T06:03:01.505+0000] {logging_mixin.py:190} INFO - [2025-04-09T06:03:01.504+0000] {override.py:1912} INFO - Created Permission View: can read on DAG Run:latest_only
[2025-04-09T06:03:01.520+0000] {logging_mixin.py:190} INFO - [2025-04-09T06:03:01.520+0000] {override.py:1912} INFO - Created Permission View: can delete on DAG Run:latest_only
[2025-04-09T06:03:01.545+0000] {logging_mixin.py:190} INFO - [2025-04-09T06:03:01.544+0000] {override.py:1912} INFO - Created Permission View: menu access on DAG Run:latest_only
[2025-04-09T06:03:01.556+0000] {logging_mixin.py:190} INFO - [2025-04-09T06:03:01.556+0000] {dag.py:3239} INFO - Sync 1 DAGs
[2025-04-09T06:03:01.579+0000] {logging_mixin.py:190} INFO - [2025-04-09T06:03:01.579+0000] {dag.py:3262} INFO - Creating ORM DAG for latest_only
[2025-04-09T06:03:01.594+0000] {logging_mixin.py:190} INFO - [2025-04-09T06:03:01.594+0000] {dag.py:4180} INFO - Setting next_dagrun for latest_only to 2025-04-09 00:00:00+00:00, run_after=2025-04-09 04:00:00+00:00
[2025-04-09T06:03:01.623+0000] {processor.py:208} INFO - Processing /home/airflow/.local/lib/python3.12/site-packages/airflow/example_dags/example_latest_only.py took 0.432 seconds
[2025-04-09T06:03:32.425+0000] {processor.py:186} INFO - Started process (PID=143) to work on /home/airflow/.local/lib/python3.12/site-packages/airflow/example_dags/example_latest_only.py
[2025-04-09T06:03:32.428+0000] {processor.py:914} INFO - Processing file /home/airflow/.local/lib/python3.12/site-packages/airflow/example_dags/example_latest_only.py for tasks to queue
[2025-04-09T06:03:32.433+0000] {logging_mixin.py:190} INFO - [2025-04-09T06:03:32.433+0000] {dagbag.py:588} INFO - Filling up the DagBag from /home/airflow/.local/lib/python3.12/site-packages/airflow/example_dags/example_latest_only.py
[2025-04-09T06:03:32.450+0000] {processor.py:925} INFO - DAG(s) 'latest_only' retrieved from /home/airflow/.local/lib/python3.12/site-packages/airflow/example_dags/example_latest_only.py
[2025-04-09T06:03:32.477+0000] {logging_mixin.py:190} INFO - [2025-04-09T06:03:32.476+0000] {dag.py:3239} INFO - Sync 1 DAGs
[2025-04-09T06:03:32.505+0000] {logging_mixin.py:190} INFO - [2025-04-09T06:03:32.505+0000] {dag.py:4180} INFO - Setting next_dagrun for latest_only to 2025-04-09 00:00:00+00:00, run_after=2025-04-09 04:00:00+00:00
[2025-04-09T06:03:32.536+0000] {processor.py:208} INFO - Processing /home/airflow/.local/lib/python3.12/site-packages/airflow/example_dags/example_latest_only.py took 0.127 seconds
[2025-04-09T06:04:03.496+0000] {processor.py:186} INFO - Started process (PID=207) to work on /home/airflow/.local/lib/python3.12/site-packages/airflow/example_dags/example_latest_only.py
[2025-04-09T06:04:03.499+0000] {processor.py:914} INFO - Processing file /home/airflow/.local/lib/python3.12/site-packages/airflow/example_dags/example_latest_only.py for tasks to queue
[2025-04-09T06:04:03.504+0000] {logging_mixin.py:190} INFO - [2025-04-09T06:04:03.504+0000] {dagbag.py:588} INFO - Filling up the DagBag from /home/airflow/.local/lib/python3.12/site-packages/airflow/example_dags/example_latest_only.py
[2025-04-09T06:04:03.520+0000] {processor.py:925} INFO - DAG(s) 'latest_only' retrieved from /home/airflow/.local/lib/python3.12/site-packages/airflow/example_dags/example_latest_only.py
[2025-04-09T06:04:03.565+0000] {logging_mixin.py:190} INFO - [2025-04-09T06:04:03.564+0000] {dag.py:3239} INFO - Sync 1 DAGs
[2025-04-09T06:04:03.612+0000] {logging_mixin.py:190} INFO - [2025-04-09T06:04:03.612+0000] {dag.py:4180} INFO - Setting next_dagrun for latest_only to 2025-04-09 00:00:00+00:00, run_after=2025-04-09 04:00:00+00:00
[2025-04-09T06:04:03.645+0000] {processor.py:208} INFO - Processing /home/airflow/.local/lib/python3.12/site-packages/airflow/example_dags/example_latest_only.py took 0.164 seconds
[2025-04-09T06:04:34.270+0000] {processor.py:186} INFO - Started process (PID=271) to work on /home/airflow/.local/lib/python3.12/site-packages/airflow/example_dags/example_latest_only.py
[2025-04-09T06:04:34.271+0000] {processor.py:914} INFO - Processing file /home/airflow/.local/lib/python3.12/site-packages/airflow/example_dags/example_latest_only.py for tasks to queue
[2025-04-09T06:04:34.277+0000] {logging_mixin.py:190} INFO - [2025-04-09T06:04:34.277+0000] {dagbag.py:588} INFO - Filling up the DagBag from /home/airflow/.local/lib/python3.12/site-packages/airflow/example_dags/example_latest_only.py
[2025-04-09T06:04:34.287+0000] {processor.py:925} INFO - DAG(s) 'latest_only' retrieved from /home/airflow/.local/lib/python3.12/site-packages/airflow/example_dags/example_latest_only.py
[2025-04-09T06:04:34.319+0000] {logging_mixin.py:190} INFO - [2025-04-09T06:04:34.318+0000] {dag.py:3239} INFO - Sync 1 DAGs
[2025-04-09T06:04:34.350+0000] {logging_mixin.py:190} INFO - [2025-04-09T06:04:34.350+0000] {dag.py:4180} INFO - Setting next_dagrun for latest_only to 2025-04-09 00:00:00+00:00, run_after=2025-04-09 04:00:00+00:00
[2025-04-09T06:04:34.377+0000] {processor.py:208} INFO - Processing /home/airflow/.local/lib/python3.12/site-packages/airflow/example_dags/example_latest_only.py took 0.114 seconds
[2025-04-09T06:05:05.420+0000] {processor.py:186} INFO - Started process (PID=335) to work on /home/airflow/.local/lib/python3.12/site-packages/airflow/example_dags/example_latest_only.py
[2025-04-09T06:05:05.422+0000] {processor.py:914} INFO - Processing file /home/airflow/.local/lib/python3.12/site-packages/airflow/example_dags/example_latest_only.py for tasks to queue
[2025-04-09T06:05:05.425+0000] {logging_mixin.py:190} INFO - [2025-04-09T06:05:05.425+0000] {dagbag.py:588} INFO - Filling up the DagBag from /home/airflow/.local/lib/python3.12/site-packages/airflow/example_dags/example_latest_only.py
[2025-04-09T06:05:05.435+0000] {processor.py:925} INFO - DAG(s) 'latest_only' retrieved from /home/airflow/.local/lib/python3.12/site-packages/airflow/example_dags/example_latest_only.py
[2025-04-09T06:05:05.465+0000] {logging_mixin.py:190} INFO - [2025-04-09T06:05:05.464+0000] {dag.py:3239} INFO - Sync 1 DAGs
[2025-04-09T06:05:05.500+0000] {logging_mixin.py:190} INFO - [2025-04-09T06:05:05.500+0000] {dag.py:4180} INFO - Setting next_dagrun for latest_only to 2025-04-09 00:00:00+00:00, run_after=2025-04-09 04:00:00+00:00
[2025-04-09T06:05:05.622+0000] {processor.py:208} INFO - Processing /home/airflow/.local/lib/python3.12/site-packages/airflow/example_dags/example_latest_only.py took 0.211 seconds
[2025-04-09T06:05:36.425+0000] {processor.py:186} INFO - Started process (PID=399) to work on /home/airflow/.local/lib/python3.12/site-packages/airflow/example_dags/example_latest_only.py
[2025-04-09T06:05:36.427+0000] {processor.py:914} INFO - Processing file /home/airflow/.local/lib/python3.12/site-packages/airflow/example_dags/example_latest_only.py for tasks to queue
[2025-04-09T06:05:36.432+0000] {logging_mixin.py:190} INFO - [2025-04-09T06:05:36.432+0000] {dagbag.py:588} INFO - Filling up the DagBag from /home/airflow/.local/lib/python3.12/site-packages/airflow/example_dags/example_latest_only.py
[2025-04-09T06:05:36.443+0000] {processor.py:925} INFO - DAG(s) 'latest_only' retrieved from /home/airflow/.local/lib/python3.12/site-packages/airflow/example_dags/example_latest_only.py
[2025-04-09T06:05:36.470+0000] {logging_mixin.py:190} INFO - [2025-04-09T06:05:36.470+0000] {dag.py:3239} INFO - Sync 1 DAGs
[2025-04-09T06:05:36.504+0000] {logging_mixin.py:190} INFO - [2025-04-09T06:05:36.504+0000] {dag.py:4180} INFO - Setting next_dagrun for latest_only to 2025-04-09 00:00:00+00:00, run_after=2025-04-09 04:00:00+00:00
[2025-04-09T06:05:36.540+0000] {processor.py:208} INFO - Processing /home/airflow/.local/lib/python3.12/site-packages/airflow/example_dags/example_latest_only.py took 0.121 seconds
[2025-04-09T17:13:48.105+0000] {processor.py:186} INFO - Started process (PID=471) to work on /home/airflow/.local/lib/python3.12/site-packages/airflow/example_dags/example_latest_only.py
[2025-04-09T17:13:48.108+0000] {processor.py:914} INFO - Processing file /home/airflow/.local/lib/python3.12/site-packages/airflow/example_dags/example_latest_only.py for tasks to queue
[2025-04-09T17:13:48.112+0000] {logging_mixin.py:190} INFO - [2025-04-09T17:13:48.111+0000] {dagbag.py:588} INFO - Filling up the DagBag from /home/airflow/.local/lib/python3.12/site-packages/airflow/example_dags/example_latest_only.py
[2025-04-09T17:13:48.130+0000] {processor.py:925} INFO - DAG(s) 'latest_only' retrieved from /home/airflow/.local/lib/python3.12/site-packages/airflow/example_dags/example_latest_only.py
[2025-04-09T17:13:48.178+0000] {logging_mixin.py:190} INFO - [2025-04-09T17:13:48.177+0000] {dag.py:3239} INFO - Sync 1 DAGs
[2025-04-09T17:13:48.260+0000] {logging_mixin.py:190} INFO - [2025-04-09T17:13:48.259+0000] {dag.py:4180} INFO - Setting next_dagrun for latest_only to 2025-04-09 12:00:00+00:00, run_after=2025-04-09 16:00:00+00:00
[2025-04-09T17:13:48.329+0000] {processor.py:208} INFO - Processing /home/airflow/.local/lib/python3.12/site-packages/airflow/example_dags/example_latest_only.py took 0.236 seconds
