[2025-04-09T06:03:04.072+0000] {processor.py:186} INFO - Started process (PID=91) to work on /home/airflow/.local/lib/python3.12/site-packages/airflow/example_dags/example_dynamic_task_mapping.py
[2025-04-09T06:03:04.074+0000] {processor.py:914} INFO - Processing file /home/airflow/.local/lib/python3.12/site-packages/airflow/example_dags/example_dynamic_task_mapping.py for tasks to queue
[2025-04-09T06:03:04.083+0000] {logging_mixin.py:190} INFO - [2025-04-09T06:03:04.082+0000] {dagbag.py:588} INFO - Filling up the DagBag from /home/airflow/.local/lib/python3.12/site-packages/airflow/example_dags/example_dynamic_task_mapping.py
[2025-04-09T06:03:04.098+0000] {processor.py:925} INFO - DAG(s) 'example_dynamic_task_mapping' retrieved from /home/airflow/.local/lib/python3.12/site-packages/airflow/example_dags/example_dynamic_task_mapping.py
[2025-04-09T06:03:04.251+0000] {logging_mixin.py:190} INFO - [2025-04-09T06:03:04.249+0000] {override.py:1912} INFO - Created Permission View: can edit on DAG:example_dynamic_task_mapping
[2025-04-09T06:03:04.269+0000] {logging_mixin.py:190} INFO - [2025-04-09T06:03:04.268+0000] {override.py:1912} INFO - Created Permission View: can read on DAG:example_dynamic_task_mapping
[2025-04-09T06:03:04.286+0000] {logging_mixin.py:190} INFO - [2025-04-09T06:03:04.285+0000] {override.py:1912} INFO - Created Permission View: can delete on DAG:example_dynamic_task_mapping
[2025-04-09T06:03:04.305+0000] {logging_mixin.py:190} INFO - [2025-04-09T06:03:04.305+0000] {override.py:1912} INFO - Created Permission View: can create on DAG Run:example_dynamic_task_mapping
[2025-04-09T06:03:04.316+0000] {logging_mixin.py:190} INFO - [2025-04-09T06:03:04.315+0000] {override.py:1912} INFO - Created Permission View: can read on DAG Run:example_dynamic_task_mapping
[2025-04-09T06:03:04.328+0000] {logging_mixin.py:190} INFO - [2025-04-09T06:03:04.327+0000] {override.py:1912} INFO - Created Permission View: can delete on DAG Run:example_dynamic_task_mapping
[2025-04-09T06:03:04.340+0000] {logging_mixin.py:190} INFO - [2025-04-09T06:03:04.339+0000] {override.py:1912} INFO - Created Permission View: menu access on DAG Run:example_dynamic_task_mapping
[2025-04-09T06:03:04.341+0000] {logging_mixin.py:190} INFO - [2025-04-09T06:03:04.341+0000] {dag.py:3239} INFO - Sync 1 DAGs
[2025-04-09T06:03:04.356+0000] {logging_mixin.py:190} INFO - [2025-04-09T06:03:04.356+0000] {dag.py:3262} INFO - Creating ORM DAG for example_dynamic_task_mapping
[2025-04-09T06:03:04.357+0000] {logging_mixin.py:190} INFO - [2025-04-09T06:03:04.357+0000] {dag.py:4180} INFO - Setting next_dagrun for example_dynamic_task_mapping to None, run_after=None
[2025-04-09T06:03:04.384+0000] {processor.py:208} INFO - Processing /home/airflow/.local/lib/python3.12/site-packages/airflow/example_dags/example_dynamic_task_mapping.py took 0.320 seconds
[2025-04-09T06:03:34.913+0000] {processor.py:186} INFO - Started process (PID=155) to work on /home/airflow/.local/lib/python3.12/site-packages/airflow/example_dags/example_dynamic_task_mapping.py
[2025-04-09T06:03:34.915+0000] {processor.py:914} INFO - Processing file /home/airflow/.local/lib/python3.12/site-packages/airflow/example_dags/example_dynamic_task_mapping.py for tasks to queue
[2025-04-09T06:03:34.921+0000] {logging_mixin.py:190} INFO - [2025-04-09T06:03:34.920+0000] {dagbag.py:588} INFO - Filling up the DagBag from /home/airflow/.local/lib/python3.12/site-packages/airflow/example_dags/example_dynamic_task_mapping.py
[2025-04-09T06:03:34.945+0000] {processor.py:925} INFO - DAG(s) 'example_dynamic_task_mapping' retrieved from /home/airflow/.local/lib/python3.12/site-packages/airflow/example_dags/example_dynamic_task_mapping.py
[2025-04-09T06:03:34.985+0000] {logging_mixin.py:190} INFO - [2025-04-09T06:03:34.985+0000] {dag.py:3239} INFO - Sync 1 DAGs
[2025-04-09T06:03:35.004+0000] {logging_mixin.py:190} INFO - [2025-04-09T06:03:35.004+0000] {dag.py:4180} INFO - Setting next_dagrun for example_dynamic_task_mapping to None, run_after=None
[2025-04-09T06:03:35.041+0000] {processor.py:208} INFO - Processing /home/airflow/.local/lib/python3.12/site-packages/airflow/example_dags/example_dynamic_task_mapping.py took 0.136 seconds
[2025-04-09T06:04:05.623+0000] {processor.py:186} INFO - Started process (PID=219) to work on /home/airflow/.local/lib/python3.12/site-packages/airflow/example_dags/example_dynamic_task_mapping.py
[2025-04-09T06:04:05.625+0000] {processor.py:914} INFO - Processing file /home/airflow/.local/lib/python3.12/site-packages/airflow/example_dags/example_dynamic_task_mapping.py for tasks to queue
[2025-04-09T06:04:05.629+0000] {logging_mixin.py:190} INFO - [2025-04-09T06:04:05.628+0000] {dagbag.py:588} INFO - Filling up the DagBag from /home/airflow/.local/lib/python3.12/site-packages/airflow/example_dags/example_dynamic_task_mapping.py
[2025-04-09T06:04:05.640+0000] {processor.py:925} INFO - DAG(s) 'example_dynamic_task_mapping' retrieved from /home/airflow/.local/lib/python3.12/site-packages/airflow/example_dags/example_dynamic_task_mapping.py
[2025-04-09T06:04:05.668+0000] {logging_mixin.py:190} INFO - [2025-04-09T06:04:05.668+0000] {dag.py:3239} INFO - Sync 1 DAGs
[2025-04-09T06:04:05.685+0000] {logging_mixin.py:190} INFO - [2025-04-09T06:04:05.685+0000] {dag.py:4180} INFO - Setting next_dagrun for example_dynamic_task_mapping to None, run_after=None
[2025-04-09T06:04:05.724+0000] {processor.py:208} INFO - Processing /home/airflow/.local/lib/python3.12/site-packages/airflow/example_dags/example_dynamic_task_mapping.py took 0.109 seconds
[2025-04-09T06:04:36.611+0000] {processor.py:186} INFO - Started process (PID=283) to work on /home/airflow/.local/lib/python3.12/site-packages/airflow/example_dags/example_dynamic_task_mapping.py
[2025-04-09T06:04:36.612+0000] {processor.py:914} INFO - Processing file /home/airflow/.local/lib/python3.12/site-packages/airflow/example_dags/example_dynamic_task_mapping.py for tasks to queue
[2025-04-09T06:04:36.617+0000] {logging_mixin.py:190} INFO - [2025-04-09T06:04:36.616+0000] {dagbag.py:588} INFO - Filling up the DagBag from /home/airflow/.local/lib/python3.12/site-packages/airflow/example_dags/example_dynamic_task_mapping.py
[2025-04-09T06:04:36.631+0000] {processor.py:925} INFO - DAG(s) 'example_dynamic_task_mapping' retrieved from /home/airflow/.local/lib/python3.12/site-packages/airflow/example_dags/example_dynamic_task_mapping.py
[2025-04-09T06:04:36.665+0000] {logging_mixin.py:190} INFO - [2025-04-09T06:04:36.665+0000] {dag.py:3239} INFO - Sync 1 DAGs
[2025-04-09T06:04:36.686+0000] {logging_mixin.py:190} INFO - [2025-04-09T06:04:36.686+0000] {dag.py:4180} INFO - Setting next_dagrun for example_dynamic_task_mapping to None, run_after=None
[2025-04-09T06:04:36.714+0000] {processor.py:208} INFO - Processing /home/airflow/.local/lib/python3.12/site-packages/airflow/example_dags/example_dynamic_task_mapping.py took 0.113 seconds
[2025-04-09T06:05:07.179+0000] {processor.py:186} INFO - Started process (PID=347) to work on /home/airflow/.local/lib/python3.12/site-packages/airflow/example_dags/example_dynamic_task_mapping.py
[2025-04-09T06:05:07.187+0000] {processor.py:914} INFO - Processing file /home/airflow/.local/lib/python3.12/site-packages/airflow/example_dags/example_dynamic_task_mapping.py for tasks to queue
[2025-04-09T06:05:07.190+0000] {logging_mixin.py:190} INFO - [2025-04-09T06:05:07.190+0000] {dagbag.py:588} INFO - Filling up the DagBag from /home/airflow/.local/lib/python3.12/site-packages/airflow/example_dags/example_dynamic_task_mapping.py
[2025-04-09T06:05:07.201+0000] {processor.py:925} INFO - DAG(s) 'example_dynamic_task_mapping' retrieved from /home/airflow/.local/lib/python3.12/site-packages/airflow/example_dags/example_dynamic_task_mapping.py
[2025-04-09T06:05:07.229+0000] {logging_mixin.py:190} INFO - [2025-04-09T06:05:07.229+0000] {dag.py:3239} INFO - Sync 1 DAGs
[2025-04-09T06:05:07.254+0000] {logging_mixin.py:190} INFO - [2025-04-09T06:05:07.254+0000] {dag.py:4180} INFO - Setting next_dagrun for example_dynamic_task_mapping to None, run_after=None
[2025-04-09T06:05:07.289+0000] {processor.py:208} INFO - Processing /home/airflow/.local/lib/python3.12/site-packages/airflow/example_dags/example_dynamic_task_mapping.py took 0.116 seconds
[2025-04-09T06:05:37.599+0000] {processor.py:186} INFO - Started process (PID=411) to work on /home/airflow/.local/lib/python3.12/site-packages/airflow/example_dags/example_dynamic_task_mapping.py
[2025-04-09T06:05:37.601+0000] {processor.py:914} INFO - Processing file /home/airflow/.local/lib/python3.12/site-packages/airflow/example_dags/example_dynamic_task_mapping.py for tasks to queue
[2025-04-09T06:05:37.606+0000] {logging_mixin.py:190} INFO - [2025-04-09T06:05:37.605+0000] {dagbag.py:588} INFO - Filling up the DagBag from /home/airflow/.local/lib/python3.12/site-packages/airflow/example_dags/example_dynamic_task_mapping.py
[2025-04-09T06:05:37.622+0000] {processor.py:925} INFO - DAG(s) 'example_dynamic_task_mapping' retrieved from /home/airflow/.local/lib/python3.12/site-packages/airflow/example_dags/example_dynamic_task_mapping.py
[2025-04-09T06:05:37.664+0000] {logging_mixin.py:190} INFO - [2025-04-09T06:05:37.664+0000] {dag.py:3239} INFO - Sync 1 DAGs
[2025-04-09T06:05:37.689+0000] {logging_mixin.py:190} INFO - [2025-04-09T06:05:37.688+0000] {dag.py:4180} INFO - Setting next_dagrun for example_dynamic_task_mapping to None, run_after=None
[2025-04-09T06:05:37.721+0000] {processor.py:208} INFO - Processing /home/airflow/.local/lib/python3.12/site-packages/airflow/example_dags/example_dynamic_task_mapping.py took 0.133 seconds
[2025-04-09T17:13:50.001+0000] {processor.py:186} INFO - Started process (PID=483) to work on /home/airflow/.local/lib/python3.12/site-packages/airflow/example_dags/example_dynamic_task_mapping.py
[2025-04-09T17:13:50.004+0000] {processor.py:914} INFO - Processing file /home/airflow/.local/lib/python3.12/site-packages/airflow/example_dags/example_dynamic_task_mapping.py for tasks to queue
[2025-04-09T17:13:50.007+0000] {logging_mixin.py:190} INFO - [2025-04-09T17:13:50.006+0000] {dagbag.py:588} INFO - Filling up the DagBag from /home/airflow/.local/lib/python3.12/site-packages/airflow/example_dags/example_dynamic_task_mapping.py
[2025-04-09T17:13:50.030+0000] {processor.py:925} INFO - DAG(s) 'example_dynamic_task_mapping' retrieved from /home/airflow/.local/lib/python3.12/site-packages/airflow/example_dags/example_dynamic_task_mapping.py
[2025-04-09T17:13:50.072+0000] {logging_mixin.py:190} INFO - [2025-04-09T17:13:50.071+0000] {dag.py:3239} INFO - Sync 1 DAGs
[2025-04-09T17:13:50.113+0000] {logging_mixin.py:190} INFO - [2025-04-09T17:13:50.113+0000] {dag.py:4180} INFO - Setting next_dagrun for example_dynamic_task_mapping to None, run_after=None
[2025-04-09T17:13:50.187+0000] {processor.py:208} INFO - Processing /home/airflow/.local/lib/python3.12/site-packages/airflow/example_dags/example_dynamic_task_mapping.py took 0.198 seconds
