[2025-04-09T06:03:01.773+0000] {processor.py:186} INFO - Started process (PID=82) to work on /home/airflow/.local/lib/python3.12/site-packages/airflow/example_dags/example_branch_operator.py
[2025-04-09T06:03:01.776+0000] {processor.py:914} INFO - Processing file /home/airflow/.local/lib/python3.12/site-packages/airflow/example_dags/example_branch_operator.py for tasks to queue
[2025-04-09T06:03:01.780+0000] {logging_mixin.py:190} INFO - [2025-04-09T06:03:01.779+0000] {dagbag.py:588} INFO - Filling up the DagBag from /home/airflow/.local/lib/python3.12/site-packages/airflow/example_dags/example_branch_operator.py
[2025-04-09T06:03:01.803+0000] {processor.py:925} INFO - DAG(s) 'example_branch_operator' retrieved from /home/airflow/.local/lib/python3.12/site-packages/airflow/example_dags/example_branch_operator.py
[2025-04-09T06:03:01.953+0000] {logging_mixin.py:190} INFO - [2025-04-09T06:03:01.952+0000] {override.py:1912} INFO - Created Permission View: can edit on DAG:example_branch_operator
[2025-04-09T06:03:01.967+0000] {logging_mixin.py:190} INFO - [2025-04-09T06:03:01.967+0000] {override.py:1912} INFO - Created Permission View: can read on DAG:example_branch_operator
[2025-04-09T06:03:01.979+0000] {logging_mixin.py:190} INFO - [2025-04-09T06:03:01.979+0000] {override.py:1912} INFO - Created Permission View: can delete on DAG:example_branch_operator
[2025-04-09T06:03:01.995+0000] {logging_mixin.py:190} INFO - [2025-04-09T06:03:01.994+0000] {override.py:1912} INFO - Created Permission View: can create on DAG Run:example_branch_operator
[2025-04-09T06:03:02.007+0000] {logging_mixin.py:190} INFO - [2025-04-09T06:03:02.006+0000] {override.py:1912} INFO - Created Permission View: can read on DAG Run:example_branch_operator
[2025-04-09T06:03:02.019+0000] {logging_mixin.py:190} INFO - [2025-04-09T06:03:02.018+0000] {override.py:1912} INFO - Created Permission View: can delete on DAG Run:example_branch_operator
[2025-04-09T06:03:02.029+0000] {logging_mixin.py:190} INFO - [2025-04-09T06:03:02.029+0000] {override.py:1912} INFO - Created Permission View: menu access on DAG Run:example_branch_operator
[2025-04-09T06:03:02.030+0000] {logging_mixin.py:190} INFO - [2025-04-09T06:03:02.030+0000] {dag.py:3239} INFO - Sync 1 DAGs
[2025-04-09T06:03:02.048+0000] {logging_mixin.py:190} INFO - [2025-04-09T06:03:02.047+0000] {dag.py:3262} INFO - Creating ORM DAG for example_branch_operator
[2025-04-09T06:03:02.065+0000] {logging_mixin.py:190} INFO - [2025-04-09T06:03:02.065+0000] {dag.py:4180} INFO - Setting next_dagrun for example_branch_operator to 2025-04-08 00:00:00+00:00, run_after=2025-04-09 00:00:00+00:00
[2025-04-09T06:03:02.095+0000] {processor.py:208} INFO - Processing /home/airflow/.local/lib/python3.12/site-packages/airflow/example_dags/example_branch_operator.py took 0.330 seconds
[2025-04-09T06:03:32.772+0000] {processor.py:186} INFO - Started process (PID=146) to work on /home/airflow/.local/lib/python3.12/site-packages/airflow/example_dags/example_branch_operator.py
[2025-04-09T06:03:32.773+0000] {processor.py:914} INFO - Processing file /home/airflow/.local/lib/python3.12/site-packages/airflow/example_dags/example_branch_operator.py for tasks to queue
[2025-04-09T06:03:32.776+0000] {logging_mixin.py:190} INFO - [2025-04-09T06:03:32.776+0000] {dagbag.py:588} INFO - Filling up the DagBag from /home/airflow/.local/lib/python3.12/site-packages/airflow/example_dags/example_branch_operator.py
[2025-04-09T06:03:32.810+0000] {processor.py:925} INFO - DAG(s) 'example_branch_operator' retrieved from /home/airflow/.local/lib/python3.12/site-packages/airflow/example_dags/example_branch_operator.py
[2025-04-09T06:03:32.849+0000] {logging_mixin.py:190} INFO - [2025-04-09T06:03:32.848+0000] {dag.py:3239} INFO - Sync 1 DAGs
[2025-04-09T06:03:32.881+0000] {logging_mixin.py:190} INFO - [2025-04-09T06:03:32.881+0000] {dag.py:4180} INFO - Setting next_dagrun for example_branch_operator to 2025-04-08 00:00:00+00:00, run_after=2025-04-09 00:00:00+00:00
[2025-04-09T06:03:32.966+0000] {processor.py:208} INFO - Processing /home/airflow/.local/lib/python3.12/site-packages/airflow/example_dags/example_branch_operator.py took 0.201 seconds
[2025-04-09T06:04:03.915+0000] {processor.py:186} INFO - Started process (PID=210) to work on /home/airflow/.local/lib/python3.12/site-packages/airflow/example_dags/example_branch_operator.py
[2025-04-09T06:04:03.916+0000] {processor.py:914} INFO - Processing file /home/airflow/.local/lib/python3.12/site-packages/airflow/example_dags/example_branch_operator.py for tasks to queue
[2025-04-09T06:04:03.919+0000] {logging_mixin.py:190} INFO - [2025-04-09T06:04:03.918+0000] {dagbag.py:588} INFO - Filling up the DagBag from /home/airflow/.local/lib/python3.12/site-packages/airflow/example_dags/example_branch_operator.py
[2025-04-09T06:04:03.943+0000] {processor.py:925} INFO - DAG(s) 'example_branch_operator' retrieved from /home/airflow/.local/lib/python3.12/site-packages/airflow/example_dags/example_branch_operator.py
[2025-04-09T06:04:03.981+0000] {logging_mixin.py:190} INFO - [2025-04-09T06:04:03.981+0000] {dag.py:3239} INFO - Sync 1 DAGs
[2025-04-09T06:04:04.011+0000] {logging_mixin.py:190} INFO - [2025-04-09T06:04:04.010+0000] {dag.py:4180} INFO - Setting next_dagrun for example_branch_operator to 2025-04-08 00:00:00+00:00, run_after=2025-04-09 00:00:00+00:00
[2025-04-09T06:04:04.044+0000] {processor.py:208} INFO - Processing /home/airflow/.local/lib/python3.12/site-packages/airflow/example_dags/example_branch_operator.py took 0.135 seconds
[2025-04-09T06:04:34.807+0000] {processor.py:186} INFO - Started process (PID=274) to work on /home/airflow/.local/lib/python3.12/site-packages/airflow/example_dags/example_branch_operator.py
[2025-04-09T06:04:34.809+0000] {processor.py:914} INFO - Processing file /home/airflow/.local/lib/python3.12/site-packages/airflow/example_dags/example_branch_operator.py for tasks to queue
[2025-04-09T06:04:34.814+0000] {logging_mixin.py:190} INFO - [2025-04-09T06:04:34.813+0000] {dagbag.py:588} INFO - Filling up the DagBag from /home/airflow/.local/lib/python3.12/site-packages/airflow/example_dags/example_branch_operator.py
[2025-04-09T06:04:34.856+0000] {processor.py:925} INFO - DAG(s) 'example_branch_operator' retrieved from /home/airflow/.local/lib/python3.12/site-packages/airflow/example_dags/example_branch_operator.py
[2025-04-09T06:04:34.899+0000] {logging_mixin.py:190} INFO - [2025-04-09T06:04:34.898+0000] {dag.py:3239} INFO - Sync 1 DAGs
[2025-04-09T06:04:34.934+0000] {logging_mixin.py:190} INFO - [2025-04-09T06:04:34.934+0000] {dag.py:4180} INFO - Setting next_dagrun for example_branch_operator to 2025-04-08 00:00:00+00:00, run_after=2025-04-09 00:00:00+00:00
[2025-04-09T06:04:34.964+0000] {processor.py:208} INFO - Processing /home/airflow/.local/lib/python3.12/site-packages/airflow/example_dags/example_branch_operator.py took 0.168 seconds
[2025-04-09T06:05:05.837+0000] {processor.py:186} INFO - Started process (PID=338) to work on /home/airflow/.local/lib/python3.12/site-packages/airflow/example_dags/example_branch_operator.py
[2025-04-09T06:05:05.839+0000] {processor.py:914} INFO - Processing file /home/airflow/.local/lib/python3.12/site-packages/airflow/example_dags/example_branch_operator.py for tasks to queue
[2025-04-09T06:05:05.842+0000] {logging_mixin.py:190} INFO - [2025-04-09T06:05:05.841+0000] {dagbag.py:588} INFO - Filling up the DagBag from /home/airflow/.local/lib/python3.12/site-packages/airflow/example_dags/example_branch_operator.py
[2025-04-09T06:05:05.862+0000] {processor.py:925} INFO - DAG(s) 'example_branch_operator' retrieved from /home/airflow/.local/lib/python3.12/site-packages/airflow/example_dags/example_branch_operator.py
[2025-04-09T06:05:05.899+0000] {logging_mixin.py:190} INFO - [2025-04-09T06:05:05.898+0000] {dag.py:3239} INFO - Sync 1 DAGs
[2025-04-09T06:05:05.927+0000] {logging_mixin.py:190} INFO - [2025-04-09T06:05:05.926+0000] {dag.py:4180} INFO - Setting next_dagrun for example_branch_operator to 2025-04-08 00:00:00+00:00, run_after=2025-04-09 00:00:00+00:00
[2025-04-09T06:05:05.968+0000] {processor.py:208} INFO - Processing /home/airflow/.local/lib/python3.12/site-packages/airflow/example_dags/example_branch_operator.py took 0.140 seconds
[2025-04-09T06:05:36.734+0000] {processor.py:186} INFO - Started process (PID=402) to work on /home/airflow/.local/lib/python3.12/site-packages/airflow/example_dags/example_branch_operator.py
[2025-04-09T06:05:36.738+0000] {processor.py:914} INFO - Processing file /home/airflow/.local/lib/python3.12/site-packages/airflow/example_dags/example_branch_operator.py for tasks to queue
[2025-04-09T06:05:36.744+0000] {logging_mixin.py:190} INFO - [2025-04-09T06:05:36.744+0000] {dagbag.py:588} INFO - Filling up the DagBag from /home/airflow/.local/lib/python3.12/site-packages/airflow/example_dags/example_branch_operator.py
[2025-04-09T06:05:36.768+0000] {processor.py:925} INFO - DAG(s) 'example_branch_operator' retrieved from /home/airflow/.local/lib/python3.12/site-packages/airflow/example_dags/example_branch_operator.py
[2025-04-09T06:05:36.794+0000] {logging_mixin.py:190} INFO - [2025-04-09T06:05:36.794+0000] {dag.py:3239} INFO - Sync 1 DAGs
[2025-04-09T06:05:36.817+0000] {logging_mixin.py:190} INFO - [2025-04-09T06:05:36.817+0000] {dag.py:4180} INFO - Setting next_dagrun for example_branch_operator to 2025-04-08 00:00:00+00:00, run_after=2025-04-09 00:00:00+00:00
[2025-04-09T06:05:36.838+0000] {processor.py:208} INFO - Processing /home/airflow/.local/lib/python3.12/site-packages/airflow/example_dags/example_branch_operator.py took 0.114 seconds
[2025-04-09T17:13:48.522+0000] {processor.py:186} INFO - Started process (PID=474) to work on /home/airflow/.local/lib/python3.12/site-packages/airflow/example_dags/example_branch_operator.py
[2025-04-09T17:13:48.525+0000] {processor.py:914} INFO - Processing file /home/airflow/.local/lib/python3.12/site-packages/airflow/example_dags/example_branch_operator.py for tasks to queue
[2025-04-09T17:13:48.533+0000] {logging_mixin.py:190} INFO - [2025-04-09T17:13:48.529+0000] {dagbag.py:588} INFO - Filling up the DagBag from /home/airflow/.local/lib/python3.12/site-packages/airflow/example_dags/example_branch_operator.py
[2025-04-09T17:13:48.588+0000] {processor.py:925} INFO - DAG(s) 'example_branch_operator' retrieved from /home/airflow/.local/lib/python3.12/site-packages/airflow/example_dags/example_branch_operator.py
[2025-04-09T17:13:48.701+0000] {logging_mixin.py:190} INFO - [2025-04-09T17:13:48.700+0000] {dag.py:3239} INFO - Sync 1 DAGs
[2025-04-09T17:13:48.800+0000] {logging_mixin.py:190} INFO - [2025-04-09T17:13:48.790+0000] {dag.py:4180} INFO - Setting next_dagrun for example_branch_operator to 2025-04-08 00:00:00+00:00, run_after=2025-04-09 00:00:00+00:00
[2025-04-09T17:13:48.873+0000] {processor.py:208} INFO - Processing /home/airflow/.local/lib/python3.12/site-packages/airflow/example_dags/example_branch_operator.py took 0.382 seconds
