[2025-04-09T06:02:58.935+0000] {processor.py:186} INFO - Started process (PID=70) to work on /home/airflow/.local/lib/python3.12/site-packages/airflow/example_dags/example_setup_teardown_taskflow.py
[2025-04-09T06:02:58.936+0000] {processor.py:914} INFO - Processing file /home/airflow/.local/lib/python3.12/site-packages/airflow/example_dags/example_setup_teardown_taskflow.py for tasks to queue
[2025-04-09T06:02:58.942+0000] {logging_mixin.py:190} INFO - [2025-04-09T06:02:58.941+0000] {dagbag.py:588} INFO - Filling up the DagBag from /home/airflow/.local/lib/python3.12/site-packages/airflow/example_dags/example_setup_teardown_taskflow.py
[2025-04-09T06:02:58.955+0000] {processor.py:925} INFO - DAG(s) 'example_setup_teardown_taskflow' retrieved from /home/airflow/.local/lib/python3.12/site-packages/airflow/example_dags/example_setup_teardown_taskflow.py
[2025-04-09T06:02:59.170+0000] {logging_mixin.py:190} INFO - [2025-04-09T06:02:59.169+0000] {override.py:1912} INFO - Created Permission View: can edit on DAG:example_setup_teardown_taskflow
[2025-04-09T06:02:59.219+0000] {logging_mixin.py:190} INFO - [2025-04-09T06:02:59.219+0000] {override.py:1912} INFO - Created Permission View: can read on DAG:example_setup_teardown_taskflow
[2025-04-09T06:02:59.249+0000] {logging_mixin.py:190} INFO - [2025-04-09T06:02:59.248+0000] {override.py:1912} INFO - Created Permission View: can delete on DAG:example_setup_teardown_taskflow
[2025-04-09T06:02:59.279+0000] {logging_mixin.py:190} INFO - [2025-04-09T06:02:59.278+0000] {override.py:1912} INFO - Created Permission View: can create on DAG Run:example_setup_teardown_taskflow
[2025-04-09T06:02:59.293+0000] {logging_mixin.py:190} INFO - [2025-04-09T06:02:59.293+0000] {override.py:1912} INFO - Created Permission View: can read on DAG Run:example_setup_teardown_taskflow
[2025-04-09T06:02:59.311+0000] {logging_mixin.py:190} INFO - [2025-04-09T06:02:59.310+0000] {override.py:1912} INFO - Created Permission View: can delete on DAG Run:example_setup_teardown_taskflow
[2025-04-09T06:02:59.326+0000] {logging_mixin.py:190} INFO - [2025-04-09T06:02:59.325+0000] {override.py:1912} INFO - Created Permission View: menu access on DAG Run:example_setup_teardown_taskflow
[2025-04-09T06:02:59.340+0000] {logging_mixin.py:190} INFO - [2025-04-09T06:02:59.339+0000] {dag.py:3239} INFO - Sync 1 DAGs
[2025-04-09T06:02:59.365+0000] {logging_mixin.py:190} INFO - [2025-04-09T06:02:59.359+0000] {dag.py:3262} INFO - Creating ORM DAG for example_setup_teardown_taskflow
[2025-04-09T06:02:59.381+0000] {logging_mixin.py:190} INFO - [2025-04-09T06:02:59.381+0000] {dag.py:4180} INFO - Setting next_dagrun for example_setup_teardown_taskflow to None, run_after=None
[2025-04-09T06:02:59.414+0000] {processor.py:208} INFO - Processing /home/airflow/.local/lib/python3.12/site-packages/airflow/example_dags/example_setup_teardown_taskflow.py took 0.488 seconds
[2025-04-09T06:03:30.008+0000] {processor.py:186} INFO - Started process (PID=134) to work on /home/airflow/.local/lib/python3.12/site-packages/airflow/example_dags/example_setup_teardown_taskflow.py
[2025-04-09T06:03:30.010+0000] {processor.py:914} INFO - Processing file /home/airflow/.local/lib/python3.12/site-packages/airflow/example_dags/example_setup_teardown_taskflow.py for tasks to queue
[2025-04-09T06:03:30.015+0000] {logging_mixin.py:190} INFO - [2025-04-09T06:03:30.014+0000] {dagbag.py:588} INFO - Filling up the DagBag from /home/airflow/.local/lib/python3.12/site-packages/airflow/example_dags/example_setup_teardown_taskflow.py
[2025-04-09T06:03:30.034+0000] {processor.py:925} INFO - DAG(s) 'example_setup_teardown_taskflow' retrieved from /home/airflow/.local/lib/python3.12/site-packages/airflow/example_dags/example_setup_teardown_taskflow.py
[2025-04-09T06:03:30.080+0000] {logging_mixin.py:190} INFO - [2025-04-09T06:03:30.080+0000] {dag.py:3239} INFO - Sync 1 DAGs
[2025-04-09T06:03:30.110+0000] {logging_mixin.py:190} INFO - [2025-04-09T06:03:30.109+0000] {dag.py:4180} INFO - Setting next_dagrun for example_setup_teardown_taskflow to None, run_after=None
[2025-04-09T06:03:30.149+0000] {processor.py:208} INFO - Processing /home/airflow/.local/lib/python3.12/site-packages/airflow/example_dags/example_setup_teardown_taskflow.py took 0.151 seconds
[2025-04-09T06:04:00.751+0000] {processor.py:186} INFO - Started process (PID=197) to work on /home/airflow/.local/lib/python3.12/site-packages/airflow/example_dags/example_setup_teardown_taskflow.py
[2025-04-09T06:04:00.752+0000] {processor.py:914} INFO - Processing file /home/airflow/.local/lib/python3.12/site-packages/airflow/example_dags/example_setup_teardown_taskflow.py for tasks to queue
[2025-04-09T06:04:00.756+0000] {logging_mixin.py:190} INFO - [2025-04-09T06:04:00.756+0000] {dagbag.py:588} INFO - Filling up the DagBag from /home/airflow/.local/lib/python3.12/site-packages/airflow/example_dags/example_setup_teardown_taskflow.py
[2025-04-09T06:04:00.770+0000] {processor.py:925} INFO - DAG(s) 'example_setup_teardown_taskflow' retrieved from /home/airflow/.local/lib/python3.12/site-packages/airflow/example_dags/example_setup_teardown_taskflow.py
[2025-04-09T06:04:00.800+0000] {logging_mixin.py:190} INFO - [2025-04-09T06:04:00.800+0000] {dag.py:3239} INFO - Sync 1 DAGs
[2025-04-09T06:04:00.819+0000] {logging_mixin.py:190} INFO - [2025-04-09T06:04:00.819+0000] {dag.py:4180} INFO - Setting next_dagrun for example_setup_teardown_taskflow to None, run_after=None
[2025-04-09T06:04:00.848+0000] {processor.py:208} INFO - Processing /home/airflow/.local/lib/python3.12/site-packages/airflow/example_dags/example_setup_teardown_taskflow.py took 0.106 seconds
[2025-04-09T06:04:31.379+0000] {processor.py:186} INFO - Started process (PID=260) to work on /home/airflow/.local/lib/python3.12/site-packages/airflow/example_dags/example_setup_teardown_taskflow.py
[2025-04-09T06:04:31.380+0000] {processor.py:914} INFO - Processing file /home/airflow/.local/lib/python3.12/site-packages/airflow/example_dags/example_setup_teardown_taskflow.py for tasks to queue
[2025-04-09T06:04:31.385+0000] {logging_mixin.py:190} INFO - [2025-04-09T06:04:31.384+0000] {dagbag.py:588} INFO - Filling up the DagBag from /home/airflow/.local/lib/python3.12/site-packages/airflow/example_dags/example_setup_teardown_taskflow.py
[2025-04-09T06:04:31.399+0000] {processor.py:925} INFO - DAG(s) 'example_setup_teardown_taskflow' retrieved from /home/airflow/.local/lib/python3.12/site-packages/airflow/example_dags/example_setup_teardown_taskflow.py
[2025-04-09T06:04:31.432+0000] {logging_mixin.py:190} INFO - [2025-04-09T06:04:31.432+0000] {dag.py:3239} INFO - Sync 1 DAGs
[2025-04-09T06:04:31.449+0000] {logging_mixin.py:190} INFO - [2025-04-09T06:04:31.448+0000] {dag.py:4180} INFO - Setting next_dagrun for example_setup_teardown_taskflow to None, run_after=None
[2025-04-09T06:04:31.476+0000] {processor.py:208} INFO - Processing /home/airflow/.local/lib/python3.12/site-packages/airflow/example_dags/example_setup_teardown_taskflow.py took 0.105 seconds
[2025-04-09T06:05:02.640+0000] {processor.py:186} INFO - Started process (PID=324) to work on /home/airflow/.local/lib/python3.12/site-packages/airflow/example_dags/example_setup_teardown_taskflow.py
[2025-04-09T06:05:02.642+0000] {processor.py:914} INFO - Processing file /home/airflow/.local/lib/python3.12/site-packages/airflow/example_dags/example_setup_teardown_taskflow.py for tasks to queue
[2025-04-09T06:05:02.648+0000] {logging_mixin.py:190} INFO - [2025-04-09T06:05:02.647+0000] {dagbag.py:588} INFO - Filling up the DagBag from /home/airflow/.local/lib/python3.12/site-packages/airflow/example_dags/example_setup_teardown_taskflow.py
[2025-04-09T06:05:02.663+0000] {processor.py:925} INFO - DAG(s) 'example_setup_teardown_taskflow' retrieved from /home/airflow/.local/lib/python3.12/site-packages/airflow/example_dags/example_setup_teardown_taskflow.py
[2025-04-09T06:05:02.702+0000] {logging_mixin.py:190} INFO - [2025-04-09T06:05:02.701+0000] {dag.py:3239} INFO - Sync 1 DAGs
[2025-04-09T06:05:02.723+0000] {logging_mixin.py:190} INFO - [2025-04-09T06:05:02.723+0000] {dag.py:4180} INFO - Setting next_dagrun for example_setup_teardown_taskflow to None, run_after=None
[2025-04-09T06:05:02.757+0000] {processor.py:208} INFO - Processing /home/airflow/.local/lib/python3.12/site-packages/airflow/example_dags/example_setup_teardown_taskflow.py took 0.126 seconds
[2025-04-09T06:05:33.755+0000] {processor.py:186} INFO - Started process (PID=388) to work on /home/airflow/.local/lib/python3.12/site-packages/airflow/example_dags/example_setup_teardown_taskflow.py
[2025-04-09T06:05:33.757+0000] {processor.py:914} INFO - Processing file /home/airflow/.local/lib/python3.12/site-packages/airflow/example_dags/example_setup_teardown_taskflow.py for tasks to queue
[2025-04-09T06:05:33.763+0000] {logging_mixin.py:190} INFO - [2025-04-09T06:05:33.763+0000] {dagbag.py:588} INFO - Filling up the DagBag from /home/airflow/.local/lib/python3.12/site-packages/airflow/example_dags/example_setup_teardown_taskflow.py
[2025-04-09T06:05:33.775+0000] {processor.py:925} INFO - DAG(s) 'example_setup_teardown_taskflow' retrieved from /home/airflow/.local/lib/python3.12/site-packages/airflow/example_dags/example_setup_teardown_taskflow.py
[2025-04-09T06:05:33.799+0000] {logging_mixin.py:190} INFO - [2025-04-09T06:05:33.799+0000] {dag.py:3239} INFO - Sync 1 DAGs
[2025-04-09T06:05:33.813+0000] {logging_mixin.py:190} INFO - [2025-04-09T06:05:33.812+0000] {dag.py:4180} INFO - Setting next_dagrun for example_setup_teardown_taskflow to None, run_after=None
[2025-04-09T06:05:33.834+0000] {processor.py:208} INFO - Processing /home/airflow/.local/lib/python3.12/site-packages/airflow/example_dags/example_setup_teardown_taskflow.py took 0.086 seconds
[2025-04-09T17:13:46.594+0000] {processor.py:186} INFO - Started process (PID=462) to work on /home/airflow/.local/lib/python3.12/site-packages/airflow/example_dags/example_setup_teardown_taskflow.py
[2025-04-09T17:13:46.597+0000] {processor.py:914} INFO - Processing file /home/airflow/.local/lib/python3.12/site-packages/airflow/example_dags/example_setup_teardown_taskflow.py for tasks to queue
[2025-04-09T17:13:46.601+0000] {logging_mixin.py:190} INFO - [2025-04-09T17:13:46.600+0000] {dagbag.py:588} INFO - Filling up the DagBag from /home/airflow/.local/lib/python3.12/site-packages/airflow/example_dags/example_setup_teardown_taskflow.py
[2025-04-09T17:13:46.639+0000] {processor.py:925} INFO - DAG(s) 'example_setup_teardown_taskflow' retrieved from /home/airflow/.local/lib/python3.12/site-packages/airflow/example_dags/example_setup_teardown_taskflow.py
[2025-04-09T17:13:46.714+0000] {logging_mixin.py:190} INFO - [2025-04-09T17:13:46.713+0000] {dag.py:3239} INFO - Sync 1 DAGs
[2025-04-09T17:13:46.764+0000] {logging_mixin.py:190} INFO - [2025-04-09T17:13:46.764+0000] {dag.py:4180} INFO - Setting next_dagrun for example_setup_teardown_taskflow to None, run_after=None
[2025-04-09T17:13:46.827+0000] {processor.py:208} INFO - Processing /home/airflow/.local/lib/python3.12/site-packages/airflow/example_dags/example_setup_teardown_taskflow.py took 0.249 seconds
