[2025-04-09T06:02:53.157+0000] {processor.py:186} INFO - Started process (PID=57) to work on /home/airflow/.local/lib/python3.12/site-packages/airflow/example_dags/example_branch_operator_decorator.py
[2025-04-09T06:02:53.158+0000] {processor.py:914} INFO - Processing file /home/airflow/.local/lib/python3.12/site-packages/airflow/example_dags/example_branch_operator_decorator.py for tasks to queue
[2025-04-09T06:02:53.163+0000] {logging_mixin.py:190} INFO - [2025-04-09T06:02:53.162+0000] {dagbag.py:588} INFO - Filling up the DagBag from /home/airflow/.local/lib/python3.12/site-packages/airflow/example_dags/example_branch_operator_decorator.py
[2025-04-09T06:02:53.203+0000] {processor.py:925} INFO - DAG(s) 'example_branch_python_operator_decorator' retrieved from /home/airflow/.local/lib/python3.12/site-packages/airflow/example_dags/example_branch_operator_decorator.py
[2025-04-09T06:02:53.424+0000] {logging_mixin.py:190} INFO - [2025-04-09T06:02:53.423+0000] {override.py:1912} INFO - Created Permission View: can edit on DAG:example_branch_python_operator_decorator
[2025-04-09T06:02:53.444+0000] {logging_mixin.py:190} INFO - [2025-04-09T06:02:53.443+0000] {override.py:1912} INFO - Created Permission View: can read on DAG:example_branch_python_operator_decorator
[2025-04-09T06:02:53.458+0000] {logging_mixin.py:190} INFO - [2025-04-09T06:02:53.458+0000] {override.py:1912} INFO - Created Permission View: can delete on DAG:example_branch_python_operator_decorator
[2025-04-09T06:02:53.476+0000] {logging_mixin.py:190} INFO - [2025-04-09T06:02:53.475+0000] {override.py:1912} INFO - Created Permission View: can create on DAG Run:example_branch_python_operator_decorator
[2025-04-09T06:02:53.489+0000] {logging_mixin.py:190} INFO - [2025-04-09T06:02:53.489+0000] {override.py:1912} INFO - Created Permission View: can read on DAG Run:example_branch_python_operator_decorator
[2025-04-09T06:02:53.503+0000] {logging_mixin.py:190} INFO - [2025-04-09T06:02:53.502+0000] {override.py:1912} INFO - Created Permission View: can delete on DAG Run:example_branch_python_operator_decorator
[2025-04-09T06:02:53.516+0000] {logging_mixin.py:190} INFO - [2025-04-09T06:02:53.516+0000] {override.py:1912} INFO - Created Permission View: menu access on DAG Run:example_branch_python_operator_decorator
[2025-04-09T06:02:53.517+0000] {logging_mixin.py:190} INFO - [2025-04-09T06:02:53.517+0000] {dag.py:3239} INFO - Sync 1 DAGs
[2025-04-09T06:02:53.542+0000] {logging_mixin.py:190} INFO - [2025-04-09T06:02:53.542+0000] {dag.py:3262} INFO - Creating ORM DAG for example_branch_python_operator_decorator
[2025-04-09T06:02:53.562+0000] {logging_mixin.py:190} INFO - [2025-04-09T06:02:53.561+0000] {dag.py:4180} INFO - Setting next_dagrun for example_branch_python_operator_decorator to 2025-04-08 00:00:00+00:00, run_after=2025-04-09 00:00:00+00:00
[2025-04-09T06:02:53.590+0000] {processor.py:208} INFO - Processing /home/airflow/.local/lib/python3.12/site-packages/airflow/example_dags/example_branch_operator_decorator.py took 0.444 seconds
[2025-04-09T06:03:24.595+0000] {processor.py:186} INFO - Started process (PID=121) to work on /home/airflow/.local/lib/python3.12/site-packages/airflow/example_dags/example_branch_operator_decorator.py
[2025-04-09T06:03:24.604+0000] {processor.py:914} INFO - Processing file /home/airflow/.local/lib/python3.12/site-packages/airflow/example_dags/example_branch_operator_decorator.py for tasks to queue
[2025-04-09T06:03:24.628+0000] {logging_mixin.py:190} INFO - [2025-04-09T06:03:24.627+0000] {dagbag.py:588} INFO - Filling up the DagBag from /home/airflow/.local/lib/python3.12/site-packages/airflow/example_dags/example_branch_operator_decorator.py
[2025-04-09T06:03:24.687+0000] {processor.py:925} INFO - DAG(s) 'example_branch_python_operator_decorator' retrieved from /home/airflow/.local/lib/python3.12/site-packages/airflow/example_dags/example_branch_operator_decorator.py
[2025-04-09T06:03:24.745+0000] {logging_mixin.py:190} INFO - [2025-04-09T06:03:24.745+0000] {dag.py:3239} INFO - Sync 1 DAGs
[2025-04-09T06:03:24.812+0000] {logging_mixin.py:190} INFO - [2025-04-09T06:03:24.811+0000] {dag.py:4180} INFO - Setting next_dagrun for example_branch_python_operator_decorator to 2025-04-08 00:00:00+00:00, run_after=2025-04-09 00:00:00+00:00
[2025-04-09T06:03:24.874+0000] {processor.py:208} INFO - Processing /home/airflow/.local/lib/python3.12/site-packages/airflow/example_dags/example_branch_operator_decorator.py took 0.298 seconds
[2025-04-09T06:03:56.544+0000] {processor.py:186} INFO - Started process (PID=185) to work on /home/airflow/.local/lib/python3.12/site-packages/airflow/example_dags/example_branch_operator_decorator.py
[2025-04-09T06:03:56.546+0000] {processor.py:914} INFO - Processing file /home/airflow/.local/lib/python3.12/site-packages/airflow/example_dags/example_branch_operator_decorator.py for tasks to queue
[2025-04-09T06:03:56.551+0000] {logging_mixin.py:190} INFO - [2025-04-09T06:03:56.550+0000] {dagbag.py:588} INFO - Filling up the DagBag from /home/airflow/.local/lib/python3.12/site-packages/airflow/example_dags/example_branch_operator_decorator.py
[2025-04-09T06:03:56.595+0000] {processor.py:925} INFO - DAG(s) 'example_branch_python_operator_decorator' retrieved from /home/airflow/.local/lib/python3.12/site-packages/airflow/example_dags/example_branch_operator_decorator.py
[2025-04-09T06:03:56.640+0000] {logging_mixin.py:190} INFO - [2025-04-09T06:03:56.639+0000] {dag.py:3239} INFO - Sync 1 DAGs
[2025-04-09T06:03:56.679+0000] {logging_mixin.py:190} INFO - [2025-04-09T06:03:56.678+0000] {dag.py:4180} INFO - Setting next_dagrun for example_branch_python_operator_decorator to 2025-04-08 00:00:00+00:00, run_after=2025-04-09 00:00:00+00:00
[2025-04-09T06:03:56.710+0000] {processor.py:208} INFO - Processing /home/airflow/.local/lib/python3.12/site-packages/airflow/example_dags/example_branch_operator_decorator.py took 0.176 seconds
[2025-04-09T06:04:27.779+0000] {processor.py:186} INFO - Started process (PID=249) to work on /home/airflow/.local/lib/python3.12/site-packages/airflow/example_dags/example_branch_operator_decorator.py
[2025-04-09T06:04:27.780+0000] {processor.py:914} INFO - Processing file /home/airflow/.local/lib/python3.12/site-packages/airflow/example_dags/example_branch_operator_decorator.py for tasks to queue
[2025-04-09T06:04:27.783+0000] {logging_mixin.py:190} INFO - [2025-04-09T06:04:27.783+0000] {dagbag.py:588} INFO - Filling up the DagBag from /home/airflow/.local/lib/python3.12/site-packages/airflow/example_dags/example_branch_operator_decorator.py
[2025-04-09T06:04:27.806+0000] {processor.py:925} INFO - DAG(s) 'example_branch_python_operator_decorator' retrieved from /home/airflow/.local/lib/python3.12/site-packages/airflow/example_dags/example_branch_operator_decorator.py
[2025-04-09T06:04:27.840+0000] {logging_mixin.py:190} INFO - [2025-04-09T06:04:27.840+0000] {dag.py:3239} INFO - Sync 1 DAGs
[2025-04-09T06:04:27.874+0000] {logging_mixin.py:190} INFO - [2025-04-09T06:04:27.874+0000] {dag.py:4180} INFO - Setting next_dagrun for example_branch_python_operator_decorator to 2025-04-08 00:00:00+00:00, run_after=2025-04-09 00:00:00+00:00
[2025-04-09T06:04:27.902+0000] {processor.py:208} INFO - Processing /home/airflow/.local/lib/python3.12/site-packages/airflow/example_dags/example_branch_operator_decorator.py took 0.130 seconds
[2025-04-09T06:04:58.970+0000] {processor.py:186} INFO - Started process (PID=313) to work on /home/airflow/.local/lib/python3.12/site-packages/airflow/example_dags/example_branch_operator_decorator.py
[2025-04-09T06:04:58.974+0000] {processor.py:914} INFO - Processing file /home/airflow/.local/lib/python3.12/site-packages/airflow/example_dags/example_branch_operator_decorator.py for tasks to queue
[2025-04-09T06:04:58.977+0000] {logging_mixin.py:190} INFO - [2025-04-09T06:04:58.977+0000] {dagbag.py:588} INFO - Filling up the DagBag from /home/airflow/.local/lib/python3.12/site-packages/airflow/example_dags/example_branch_operator_decorator.py
[2025-04-09T06:04:59.003+0000] {processor.py:925} INFO - DAG(s) 'example_branch_python_operator_decorator' retrieved from /home/airflow/.local/lib/python3.12/site-packages/airflow/example_dags/example_branch_operator_decorator.py
[2025-04-09T06:04:59.044+0000] {logging_mixin.py:190} INFO - [2025-04-09T06:04:59.044+0000] {dag.py:3239} INFO - Sync 1 DAGs
[2025-04-09T06:04:59.073+0000] {logging_mixin.py:190} INFO - [2025-04-09T06:04:59.073+0000] {dag.py:4180} INFO - Setting next_dagrun for example_branch_python_operator_decorator to 2025-04-08 00:00:00+00:00, run_after=2025-04-09 00:00:00+00:00
[2025-04-09T06:04:59.206+0000] {processor.py:208} INFO - Processing /home/airflow/.local/lib/python3.12/site-packages/airflow/example_dags/example_branch_operator_decorator.py took 0.244 seconds
[2025-04-09T06:05:30.345+0000] {processor.py:186} INFO - Started process (PID=377) to work on /home/airflow/.local/lib/python3.12/site-packages/airflow/example_dags/example_branch_operator_decorator.py
[2025-04-09T06:05:30.346+0000] {processor.py:914} INFO - Processing file /home/airflow/.local/lib/python3.12/site-packages/airflow/example_dags/example_branch_operator_decorator.py for tasks to queue
[2025-04-09T06:05:30.352+0000] {logging_mixin.py:190} INFO - [2025-04-09T06:05:30.351+0000] {dagbag.py:588} INFO - Filling up the DagBag from /home/airflow/.local/lib/python3.12/site-packages/airflow/example_dags/example_branch_operator_decorator.py
[2025-04-09T06:05:30.377+0000] {processor.py:925} INFO - DAG(s) 'example_branch_python_operator_decorator' retrieved from /home/airflow/.local/lib/python3.12/site-packages/airflow/example_dags/example_branch_operator_decorator.py
[2025-04-09T06:05:30.411+0000] {logging_mixin.py:190} INFO - [2025-04-09T06:05:30.411+0000] {dag.py:3239} INFO - Sync 1 DAGs
[2025-04-09T06:05:30.442+0000] {logging_mixin.py:190} INFO - [2025-04-09T06:05:30.441+0000] {dag.py:4180} INFO - Setting next_dagrun for example_branch_python_operator_decorator to 2025-04-08 00:00:00+00:00, run_after=2025-04-09 00:00:00+00:00
[2025-04-09T06:05:30.467+0000] {processor.py:208} INFO - Processing /home/airflow/.local/lib/python3.12/site-packages/airflow/example_dags/example_branch_operator_decorator.py took 0.129 seconds
[2025-04-09T07:40:58.581+0000] {processor.py:186} INFO - Started process (PID=449) to work on /home/airflow/.local/lib/python3.12/site-packages/airflow/example_dags/example_branch_operator_decorator.py
[2025-04-09T07:40:58.585+0000] {processor.py:914} INFO - Processing file /home/airflow/.local/lib/python3.12/site-packages/airflow/example_dags/example_branch_operator_decorator.py for tasks to queue
[2025-04-09T07:40:58.598+0000] {logging_mixin.py:190} INFO - [2025-04-09T07:40:58.596+0000] {dagbag.py:588} INFO - Filling up the DagBag from /home/airflow/.local/lib/python3.12/site-packages/airflow/example_dags/example_branch_operator_decorator.py
[2025-04-09T07:40:58.684+0000] {processor.py:925} INFO - DAG(s) 'example_branch_python_operator_decorator' retrieved from /home/airflow/.local/lib/python3.12/site-packages/airflow/example_dags/example_branch_operator_decorator.py
[2025-04-09T07:40:58.804+0000] {logging_mixin.py:190} INFO - [2025-04-09T07:40:58.804+0000] {dag.py:3239} INFO - Sync 1 DAGs
[2025-04-09T07:40:58.865+0000] {logging_mixin.py:190} INFO - [2025-04-09T07:40:58.865+0000] {dag.py:4180} INFO - Setting next_dagrun for example_branch_python_operator_decorator to 2025-04-08 00:00:00+00:00, run_after=2025-04-09 00:00:00+00:00
[2025-04-09T07:40:58.908+0000] {processor.py:208} INFO - Processing /home/airflow/.local/lib/python3.12/site-packages/airflow/example_dags/example_branch_operator_decorator.py took 0.345 seconds
