[2025-04-09T06:03:03.174+0000] {processor.py:186} INFO - Started process (PID=88) to work on /home/airflow/.local/lib/python3.12/site-packages/airflow/example_dags/example_branch_python_dop_operator_3.py
[2025-04-09T06:03:03.176+0000] {processor.py:914} INFO - Processing file /home/airflow/.local/lib/python3.12/site-packages/airflow/example_dags/example_branch_python_dop_operator_3.py for tasks to queue
[2025-04-09T06:03:03.184+0000] {logging_mixin.py:190} INFO - [2025-04-09T06:03:03.183+0000] {dagbag.py:588} INFO - Filling up the DagBag from /home/airflow/.local/lib/python3.12/site-packages/airflow/example_dags/example_branch_python_dop_operator_3.py
[2025-04-09T06:03:03.203+0000] {processor.py:925} INFO - DAG(s) 'example_branch_dop_operator_v3' retrieved from /home/airflow/.local/lib/python3.12/site-packages/airflow/example_dags/example_branch_python_dop_operator_3.py
[2025-04-09T06:03:03.356+0000] {logging_mixin.py:190} INFO - [2025-04-09T06:03:03.355+0000] {override.py:1912} INFO - Created Permission View: can edit on DAG:example_branch_dop_operator_v3
[2025-04-09T06:03:03.375+0000] {logging_mixin.py:190} INFO - [2025-04-09T06:03:03.374+0000] {override.py:1912} INFO - Created Permission View: can read on DAG:example_branch_dop_operator_v3
[2025-04-09T06:03:03.387+0000] {logging_mixin.py:190} INFO - [2025-04-09T06:03:03.387+0000] {override.py:1912} INFO - Created Permission View: can delete on DAG:example_branch_dop_operator_v3
[2025-04-09T06:03:03.403+0000] {logging_mixin.py:190} INFO - [2025-04-09T06:03:03.403+0000] {override.py:1912} INFO - Created Permission View: can create on DAG Run:example_branch_dop_operator_v3
[2025-04-09T06:03:03.414+0000] {logging_mixin.py:190} INFO - [2025-04-09T06:03:03.414+0000] {override.py:1912} INFO - Created Permission View: can read on DAG Run:example_branch_dop_operator_v3
[2025-04-09T06:03:03.429+0000] {logging_mixin.py:190} INFO - [2025-04-09T06:03:03.429+0000] {override.py:1912} INFO - Created Permission View: can delete on DAG Run:example_branch_dop_operator_v3
[2025-04-09T06:03:03.442+0000] {logging_mixin.py:190} INFO - [2025-04-09T06:03:03.441+0000] {override.py:1912} INFO - Created Permission View: menu access on DAG Run:example_branch_dop_operator_v3
[2025-04-09T06:03:03.443+0000] {logging_mixin.py:190} INFO - [2025-04-09T06:03:03.442+0000] {dag.py:3239} INFO - Sync 1 DAGs
[2025-04-09T06:03:03.460+0000] {logging_mixin.py:190} INFO - [2025-04-09T06:03:03.459+0000] {dag.py:3262} INFO - Creating ORM DAG for example_branch_dop_operator_v3
[2025-04-09T06:03:03.476+0000] {logging_mixin.py:190} INFO - [2025-04-09T06:03:03.476+0000] {dag.py:4180} INFO - Setting next_dagrun for example_branch_dop_operator_v3 to 2025-04-09 06:02:00+00:00, run_after=2025-04-09 06:03:00+00:00
[2025-04-09T06:03:03.529+0000] {processor.py:208} INFO - Processing /home/airflow/.local/lib/python3.12/site-packages/airflow/example_dags/example_branch_python_dop_operator_3.py took 0.366 seconds
[2025-04-09T06:03:33.773+0000] {processor.py:186} INFO - Started process (PID=152) to work on /home/airflow/.local/lib/python3.12/site-packages/airflow/example_dags/example_branch_python_dop_operator_3.py
[2025-04-09T06:03:33.775+0000] {processor.py:914} INFO - Processing file /home/airflow/.local/lib/python3.12/site-packages/airflow/example_dags/example_branch_python_dop_operator_3.py for tasks to queue
[2025-04-09T06:03:33.779+0000] {logging_mixin.py:190} INFO - [2025-04-09T06:03:33.779+0000] {dagbag.py:588} INFO - Filling up the DagBag from /home/airflow/.local/lib/python3.12/site-packages/airflow/example_dags/example_branch_python_dop_operator_3.py
[2025-04-09T06:03:33.794+0000] {processor.py:925} INFO - DAG(s) 'example_branch_dop_operator_v3' retrieved from /home/airflow/.local/lib/python3.12/site-packages/airflow/example_dags/example_branch_python_dop_operator_3.py
[2025-04-09T06:03:33.823+0000] {logging_mixin.py:190} INFO - [2025-04-09T06:03:33.823+0000] {dag.py:3239} INFO - Sync 1 DAGs
[2025-04-09T06:03:33.852+0000] {logging_mixin.py:190} INFO - [2025-04-09T06:03:33.852+0000] {dag.py:4180} INFO - Setting next_dagrun for example_branch_dop_operator_v3 to 2025-04-09 06:02:00+00:00, run_after=2025-04-09 06:03:00+00:00
[2025-04-09T06:03:33.879+0000] {processor.py:208} INFO - Processing /home/airflow/.local/lib/python3.12/site-packages/airflow/example_dags/example_branch_python_dop_operator_3.py took 0.114 seconds
[2025-04-09T06:04:04.356+0000] {processor.py:186} INFO - Started process (PID=216) to work on /home/airflow/.local/lib/python3.12/site-packages/airflow/example_dags/example_branch_python_dop_operator_3.py
[2025-04-09T06:04:04.358+0000] {processor.py:914} INFO - Processing file /home/airflow/.local/lib/python3.12/site-packages/airflow/example_dags/example_branch_python_dop_operator_3.py for tasks to queue
[2025-04-09T06:04:04.363+0000] {logging_mixin.py:190} INFO - [2025-04-09T06:04:04.362+0000] {dagbag.py:588} INFO - Filling up the DagBag from /home/airflow/.local/lib/python3.12/site-packages/airflow/example_dags/example_branch_python_dop_operator_3.py
[2025-04-09T06:04:04.378+0000] {processor.py:925} INFO - DAG(s) 'example_branch_dop_operator_v3' retrieved from /home/airflow/.local/lib/python3.12/site-packages/airflow/example_dags/example_branch_python_dop_operator_3.py
[2025-04-09T06:04:04.398+0000] {logging_mixin.py:190} INFO - [2025-04-09T06:04:04.397+0000] {dag.py:3239} INFO - Sync 1 DAGs
[2025-04-09T06:04:04.427+0000] {logging_mixin.py:190} INFO - [2025-04-09T06:04:04.427+0000] {dag.py:4180} INFO - Setting next_dagrun for example_branch_dop_operator_v3 to 2025-04-09 06:03:00+00:00, run_after=2025-04-09 06:04:00+00:00
[2025-04-09T06:04:04.449+0000] {processor.py:208} INFO - Processing /home/airflow/.local/lib/python3.12/site-packages/airflow/example_dags/example_branch_python_dop_operator_3.py took 0.100 seconds
[2025-04-09T06:04:35.403+0000] {processor.py:186} INFO - Started process (PID=280) to work on /home/airflow/.local/lib/python3.12/site-packages/airflow/example_dags/example_branch_python_dop_operator_3.py
[2025-04-09T06:04:35.410+0000] {processor.py:914} INFO - Processing file /home/airflow/.local/lib/python3.12/site-packages/airflow/example_dags/example_branch_python_dop_operator_3.py for tasks to queue
[2025-04-09T06:04:35.414+0000] {logging_mixin.py:190} INFO - [2025-04-09T06:04:35.413+0000] {dagbag.py:588} INFO - Filling up the DagBag from /home/airflow/.local/lib/python3.12/site-packages/airflow/example_dags/example_branch_python_dop_operator_3.py
[2025-04-09T06:04:35.428+0000] {processor.py:925} INFO - DAG(s) 'example_branch_dop_operator_v3' retrieved from /home/airflow/.local/lib/python3.12/site-packages/airflow/example_dags/example_branch_python_dop_operator_3.py
[2025-04-09T06:04:35.458+0000] {logging_mixin.py:190} INFO - [2025-04-09T06:04:35.457+0000] {dag.py:3239} INFO - Sync 1 DAGs
[2025-04-09T06:04:35.492+0000] {logging_mixin.py:190} INFO - [2025-04-09T06:04:35.492+0000] {dag.py:4180} INFO - Setting next_dagrun for example_branch_dop_operator_v3 to 2025-04-09 06:03:00+00:00, run_after=2025-04-09 06:04:00+00:00
[2025-04-09T06:04:35.538+0000] {processor.py:208} INFO - Processing /home/airflow/.local/lib/python3.12/site-packages/airflow/example_dags/example_branch_python_dop_operator_3.py took 0.144 seconds
[2025-04-09T06:05:06.676+0000] {processor.py:186} INFO - Started process (PID=344) to work on /home/airflow/.local/lib/python3.12/site-packages/airflow/example_dags/example_branch_python_dop_operator_3.py
[2025-04-09T06:05:06.677+0000] {processor.py:914} INFO - Processing file /home/airflow/.local/lib/python3.12/site-packages/airflow/example_dags/example_branch_python_dop_operator_3.py for tasks to queue
[2025-04-09T06:05:06.684+0000] {logging_mixin.py:190} INFO - [2025-04-09T06:05:06.684+0000] {dagbag.py:588} INFO - Filling up the DagBag from /home/airflow/.local/lib/python3.12/site-packages/airflow/example_dags/example_branch_python_dop_operator_3.py
[2025-04-09T06:05:06.697+0000] {processor.py:925} INFO - DAG(s) 'example_branch_dop_operator_v3' retrieved from /home/airflow/.local/lib/python3.12/site-packages/airflow/example_dags/example_branch_python_dop_operator_3.py
[2025-04-09T06:05:06.724+0000] {logging_mixin.py:190} INFO - [2025-04-09T06:05:06.724+0000] {dag.py:3239} INFO - Sync 1 DAGs
[2025-04-09T06:05:06.760+0000] {logging_mixin.py:190} INFO - [2025-04-09T06:05:06.760+0000] {dag.py:4180} INFO - Setting next_dagrun for example_branch_dop_operator_v3 to 2025-04-09 06:04:00+00:00, run_after=2025-04-09 06:05:00+00:00
[2025-04-09T06:05:06.785+0000] {processor.py:208} INFO - Processing /home/airflow/.local/lib/python3.12/site-packages/airflow/example_dags/example_branch_python_dop_operator_3.py took 0.115 seconds
[2025-04-09T06:05:37.221+0000] {processor.py:186} INFO - Started process (PID=408) to work on /home/airflow/.local/lib/python3.12/site-packages/airflow/example_dags/example_branch_python_dop_operator_3.py
[2025-04-09T06:05:37.222+0000] {processor.py:914} INFO - Processing file /home/airflow/.local/lib/python3.12/site-packages/airflow/example_dags/example_branch_python_dop_operator_3.py for tasks to queue
[2025-04-09T06:05:37.224+0000] {logging_mixin.py:190} INFO - [2025-04-09T06:05:37.224+0000] {dagbag.py:588} INFO - Filling up the DagBag from /home/airflow/.local/lib/python3.12/site-packages/airflow/example_dags/example_branch_python_dop_operator_3.py
[2025-04-09T06:05:37.239+0000] {processor.py:925} INFO - DAG(s) 'example_branch_dop_operator_v3' retrieved from /home/airflow/.local/lib/python3.12/site-packages/airflow/example_dags/example_branch_python_dop_operator_3.py
[2025-04-09T06:05:37.271+0000] {logging_mixin.py:190} INFO - [2025-04-09T06:05:37.271+0000] {dag.py:3239} INFO - Sync 1 DAGs
[2025-04-09T06:05:37.293+0000] {logging_mixin.py:190} INFO - [2025-04-09T06:05:37.293+0000] {dag.py:4180} INFO - Setting next_dagrun for example_branch_dop_operator_v3 to 2025-04-09 06:04:00+00:00, run_after=2025-04-09 06:05:00+00:00
[2025-04-09T06:05:37.330+0000] {processor.py:208} INFO - Processing /home/airflow/.local/lib/python3.12/site-packages/airflow/example_dags/example_branch_python_dop_operator_3.py took 0.116 seconds
[2025-04-09T17:13:49.536+0000] {processor.py:186} INFO - Started process (PID=480) to work on /home/airflow/.local/lib/python3.12/site-packages/airflow/example_dags/example_branch_python_dop_operator_3.py
[2025-04-09T17:13:49.538+0000] {processor.py:914} INFO - Processing file /home/airflow/.local/lib/python3.12/site-packages/airflow/example_dags/example_branch_python_dop_operator_3.py for tasks to queue
[2025-04-09T17:13:49.541+0000] {logging_mixin.py:190} INFO - [2025-04-09T17:13:49.540+0000] {dagbag.py:588} INFO - Filling up the DagBag from /home/airflow/.local/lib/python3.12/site-packages/airflow/example_dags/example_branch_python_dop_operator_3.py
[2025-04-09T17:13:49.578+0000] {processor.py:925} INFO - DAG(s) 'example_branch_dop_operator_v3' retrieved from /home/airflow/.local/lib/python3.12/site-packages/airflow/example_dags/example_branch_python_dop_operator_3.py
[2025-04-09T17:13:49.624+0000] {logging_mixin.py:190} INFO - [2025-04-09T17:13:49.624+0000] {dag.py:3239} INFO - Sync 1 DAGs
[2025-04-09T17:13:49.685+0000] {logging_mixin.py:190} INFO - [2025-04-09T17:13:49.685+0000] {dag.py:4180} INFO - Setting next_dagrun for example_branch_dop_operator_v3 to 2025-04-09 17:12:00+00:00, run_after=2025-04-09 17:13:00+00:00
[2025-04-09T17:13:49.727+0000] {processor.py:208} INFO - Processing /home/airflow/.local/lib/python3.12/site-packages/airflow/example_dags/example_branch_python_dop_operator_3.py took 0.207 seconds
