[2025-04-09T06:02:55.143+0000] {processor.py:186} INFO - Started process (PID=64) to work on /home/airflow/.local/lib/python3.12/site-packages/airflow/example_dags/example_dataset_alias_with_no_taskflow.py
[2025-04-09T06:02:55.145+0000] {processor.py:914} INFO - Processing file /home/airflow/.local/lib/python3.12/site-packages/airflow/example_dags/example_dataset_alias_with_no_taskflow.py for tasks to queue
[2025-04-09T06:02:55.152+0000] {logging_mixin.py:190} INFO - [2025-04-09T06:02:55.152+0000] {dagbag.py:588} INFO - Filling up the DagBag from /home/airflow/.local/lib/python3.12/site-packages/airflow/example_dags/example_dataset_alias_with_no_taskflow.py
[2025-04-09T06:02:56.475+0000] {processor.py:925} INFO - DAG(s) 'dataset_s3_bucket_consumer_with_no_taskflow', 'dataset_s3_bucket_producer_with_no_taskflow', 'dataset_alias_example_alias_consumer_with_no_taskflow', 'dataset_alias_example_alias_producer_with_no_taskflow' retrieved from /home/airflow/.local/lib/python3.12/site-packages/airflow/example_dags/example_dataset_alias_with_no_taskflow.py
[2025-04-09T06:02:56.651+0000] {logging_mixin.py:190} INFO - [2025-04-09T06:02:56.650+0000] {override.py:1912} INFO - Created Permission View: can edit on DAG:dataset_s3_bucket_consumer_with_no_taskflow
[2025-04-09T06:02:56.670+0000] {logging_mixin.py:190} INFO - [2025-04-09T06:02:56.669+0000] {override.py:1912} INFO - Created Permission View: can read on DAG:dataset_s3_bucket_consumer_with_no_taskflow
[2025-04-09T06:02:56.682+0000] {logging_mixin.py:190} INFO - [2025-04-09T06:02:56.681+0000] {override.py:1912} INFO - Created Permission View: can delete on DAG:dataset_s3_bucket_consumer_with_no_taskflow
[2025-04-09T06:02:56.699+0000] {logging_mixin.py:190} INFO - [2025-04-09T06:02:56.698+0000] {override.py:1912} INFO - Created Permission View: can create on DAG Run:dataset_s3_bucket_consumer_with_no_taskflow
[2025-04-09T06:02:56.711+0000] {logging_mixin.py:190} INFO - [2025-04-09T06:02:56.711+0000] {override.py:1912} INFO - Created Permission View: can read on DAG Run:dataset_s3_bucket_consumer_with_no_taskflow
[2025-04-09T06:02:56.726+0000] {logging_mixin.py:190} INFO - [2025-04-09T06:02:56.725+0000] {override.py:1912} INFO - Created Permission View: can delete on DAG Run:dataset_s3_bucket_consumer_with_no_taskflow
[2025-04-09T06:02:56.740+0000] {logging_mixin.py:190} INFO - [2025-04-09T06:02:56.739+0000] {override.py:1912} INFO - Created Permission View: menu access on DAG Run:dataset_s3_bucket_consumer_with_no_taskflow
[2025-04-09T06:02:56.765+0000] {logging_mixin.py:190} INFO - [2025-04-09T06:02:56.765+0000] {override.py:1912} INFO - Created Permission View: can edit on DAG:dataset_s3_bucket_producer_with_no_taskflow
[2025-04-09T06:02:56.778+0000] {logging_mixin.py:190} INFO - [2025-04-09T06:02:56.778+0000] {override.py:1912} INFO - Created Permission View: can read on DAG:dataset_s3_bucket_producer_with_no_taskflow
[2025-04-09T06:02:56.792+0000] {logging_mixin.py:190} INFO - [2025-04-09T06:02:56.792+0000] {override.py:1912} INFO - Created Permission View: can delete on DAG:dataset_s3_bucket_producer_with_no_taskflow
[2025-04-09T06:02:56.812+0000] {logging_mixin.py:190} INFO - [2025-04-09T06:02:56.811+0000] {override.py:1912} INFO - Created Permission View: can create on DAG Run:dataset_s3_bucket_producer_with_no_taskflow
[2025-04-09T06:02:56.830+0000] {logging_mixin.py:190} INFO - [2025-04-09T06:02:56.829+0000] {override.py:1912} INFO - Created Permission View: can read on DAG Run:dataset_s3_bucket_producer_with_no_taskflow
[2025-04-09T06:02:56.849+0000] {logging_mixin.py:190} INFO - [2025-04-09T06:02:56.848+0000] {override.py:1912} INFO - Created Permission View: can delete on DAG Run:dataset_s3_bucket_producer_with_no_taskflow
[2025-04-09T06:02:56.866+0000] {logging_mixin.py:190} INFO - [2025-04-09T06:02:56.866+0000] {override.py:1912} INFO - Created Permission View: menu access on DAG Run:dataset_s3_bucket_producer_with_no_taskflow
[2025-04-09T06:02:56.892+0000] {logging_mixin.py:190} INFO - [2025-04-09T06:02:56.892+0000] {override.py:1912} INFO - Created Permission View: can edit on DAG:dataset_alias_example_alias_consumer_with_no_taskflow
[2025-04-09T06:02:56.905+0000] {logging_mixin.py:190} INFO - [2025-04-09T06:02:56.904+0000] {override.py:1912} INFO - Created Permission View: can read on DAG:dataset_alias_example_alias_consumer_with_no_taskflow
[2025-04-09T06:02:56.917+0000] {logging_mixin.py:190} INFO - [2025-04-09T06:02:56.916+0000] {override.py:1912} INFO - Created Permission View: can delete on DAG:dataset_alias_example_alias_consumer_with_no_taskflow
[2025-04-09T06:02:56.936+0000] {logging_mixin.py:190} INFO - [2025-04-09T06:02:56.936+0000] {override.py:1912} INFO - Created Permission View: can create on DAG Run:dataset_alias_example_alias_consumer_with_no_taskflow
[2025-04-09T06:02:56.951+0000] {logging_mixin.py:190} INFO - [2025-04-09T06:02:56.950+0000] {override.py:1912} INFO - Created Permission View: can read on DAG Run:dataset_alias_example_alias_consumer_with_no_taskflow
[2025-04-09T06:02:56.964+0000] {logging_mixin.py:190} INFO - [2025-04-09T06:02:56.964+0000] {override.py:1912} INFO - Created Permission View: can delete on DAG Run:dataset_alias_example_alias_consumer_with_no_taskflow
[2025-04-09T06:02:56.976+0000] {logging_mixin.py:190} INFO - [2025-04-09T06:02:56.976+0000] {override.py:1912} INFO - Created Permission View: menu access on DAG Run:dataset_alias_example_alias_consumer_with_no_taskflow
[2025-04-09T06:02:57.003+0000] {logging_mixin.py:190} INFO - [2025-04-09T06:02:57.003+0000] {override.py:1912} INFO - Created Permission View: can edit on DAG:dataset_alias_example_alias_producer_with_no_taskflow
[2025-04-09T06:02:57.022+0000] {logging_mixin.py:190} INFO - [2025-04-09T06:02:57.022+0000] {override.py:1912} INFO - Created Permission View: can read on DAG:dataset_alias_example_alias_producer_with_no_taskflow
[2025-04-09T06:02:57.034+0000] {logging_mixin.py:190} INFO - [2025-04-09T06:02:57.034+0000] {override.py:1912} INFO - Created Permission View: can delete on DAG:dataset_alias_example_alias_producer_with_no_taskflow
[2025-04-09T06:02:57.052+0000] {logging_mixin.py:190} INFO - [2025-04-09T06:02:57.051+0000] {override.py:1912} INFO - Created Permission View: can create on DAG Run:dataset_alias_example_alias_producer_with_no_taskflow
[2025-04-09T06:02:57.063+0000] {logging_mixin.py:190} INFO - [2025-04-09T06:02:57.063+0000] {override.py:1912} INFO - Created Permission View: can read on DAG Run:dataset_alias_example_alias_producer_with_no_taskflow
[2025-04-09T06:02:57.078+0000] {logging_mixin.py:190} INFO - [2025-04-09T06:02:57.077+0000] {override.py:1912} INFO - Created Permission View: can delete on DAG Run:dataset_alias_example_alias_producer_with_no_taskflow
[2025-04-09T06:02:57.091+0000] {logging_mixin.py:190} INFO - [2025-04-09T06:02:57.090+0000] {override.py:1912} INFO - Created Permission View: menu access on DAG Run:dataset_alias_example_alias_producer_with_no_taskflow
[2025-04-09T06:02:57.092+0000] {logging_mixin.py:190} INFO - [2025-04-09T06:02:57.091+0000] {dag.py:3239} INFO - Sync 4 DAGs
[2025-04-09T06:02:57.112+0000] {logging_mixin.py:190} INFO - [2025-04-09T06:02:57.112+0000] {dag.py:3262} INFO - Creating ORM DAG for dataset_s3_bucket_consumer_with_no_taskflow
[2025-04-09T06:02:57.114+0000] {logging_mixin.py:190} INFO - [2025-04-09T06:02:57.114+0000] {dag.py:3262} INFO - Creating ORM DAG for dataset_s3_bucket_producer_with_no_taskflow
[2025-04-09T06:02:57.115+0000] {logging_mixin.py:190} INFO - [2025-04-09T06:02:57.115+0000] {dag.py:3262} INFO - Creating ORM DAG for dataset_alias_example_alias_producer_with_no_taskflow
[2025-04-09T06:02:57.116+0000] {logging_mixin.py:190} INFO - [2025-04-09T06:02:57.116+0000] {dag.py:3262} INFO - Creating ORM DAG for dataset_alias_example_alias_consumer_with_no_taskflow
[2025-04-09T06:02:57.131+0000] {logging_mixin.py:190} INFO - [2025-04-09T06:02:57.130+0000] {dag.py:4180} INFO - Setting next_dagrun for dataset_alias_example_alias_consumer_with_no_taskflow to None, run_after=None
[2025-04-09T06:02:57.133+0000] {logging_mixin.py:190} INFO - [2025-04-09T06:02:57.132+0000] {dag.py:4180} INFO - Setting next_dagrun for dataset_alias_example_alias_producer_with_no_taskflow to None, run_after=None
[2025-04-09T06:02:57.134+0000] {logging_mixin.py:190} INFO - [2025-04-09T06:02:57.134+0000] {dag.py:4180} INFO - Setting next_dagrun for dataset_s3_bucket_consumer_with_no_taskflow to None, run_after=None
[2025-04-09T06:02:57.135+0000] {logging_mixin.py:190} INFO - [2025-04-09T06:02:57.135+0000] {dag.py:4180} INFO - Setting next_dagrun for dataset_s3_bucket_producer_with_no_taskflow to None, run_after=None
[2025-04-09T06:02:57.183+0000] {processor.py:208} INFO - Processing /home/airflow/.local/lib/python3.12/site-packages/airflow/example_dags/example_dataset_alias_with_no_taskflow.py took 2.050 seconds
[2025-04-09T06:03:27.408+0000] {processor.py:186} INFO - Started process (PID=127) to work on /home/airflow/.local/lib/python3.12/site-packages/airflow/example_dags/example_dataset_alias_with_no_taskflow.py
[2025-04-09T06:03:27.410+0000] {processor.py:914} INFO - Processing file /home/airflow/.local/lib/python3.12/site-packages/airflow/example_dags/example_dataset_alias_with_no_taskflow.py for tasks to queue
[2025-04-09T06:03:27.420+0000] {logging_mixin.py:190} INFO - [2025-04-09T06:03:27.416+0000] {dagbag.py:588} INFO - Filling up the DagBag from /home/airflow/.local/lib/python3.12/site-packages/airflow/example_dags/example_dataset_alias_with_no_taskflow.py
[2025-04-09T06:03:28.548+0000] {processor.py:925} INFO - DAG(s) 'dataset_s3_bucket_consumer_with_no_taskflow', 'dataset_alias_example_alias_consumer_with_no_taskflow', 'dataset_alias_example_alias_producer_with_no_taskflow', 'dataset_s3_bucket_producer_with_no_taskflow' retrieved from /home/airflow/.local/lib/python3.12/site-packages/airflow/example_dags/example_dataset_alias_with_no_taskflow.py
[2025-04-09T06:03:28.591+0000] {logging_mixin.py:190} INFO - [2025-04-09T06:03:28.590+0000] {dag.py:3239} INFO - Sync 4 DAGs
[2025-04-09T06:03:28.772+0000] {logging_mixin.py:190} INFO - [2025-04-09T06:03:28.772+0000] {dag.py:4180} INFO - Setting next_dagrun for dataset_alias_example_alias_consumer_with_no_taskflow to None, run_after=None
[2025-04-09T06:03:28.777+0000] {logging_mixin.py:190} INFO - [2025-04-09T06:03:28.777+0000] {dag.py:4180} INFO - Setting next_dagrun for dataset_alias_example_alias_producer_with_no_taskflow to None, run_after=None
[2025-04-09T06:03:28.785+0000] {logging_mixin.py:190} INFO - [2025-04-09T06:03:28.785+0000] {dag.py:4180} INFO - Setting next_dagrun for dataset_s3_bucket_consumer_with_no_taskflow to None, run_after=None
[2025-04-09T06:03:28.788+0000] {logging_mixin.py:190} INFO - [2025-04-09T06:03:28.788+0000] {dag.py:4180} INFO - Setting next_dagrun for dataset_s3_bucket_producer_with_no_taskflow to None, run_after=None
[2025-04-09T06:03:28.876+0000] {processor.py:208} INFO - Processing /home/airflow/.local/lib/python3.12/site-packages/airflow/example_dags/example_dataset_alias_with_no_taskflow.py took 1.484 seconds
[2025-04-09T06:03:59.354+0000] {processor.py:186} INFO - Started process (PID=192) to work on /home/airflow/.local/lib/python3.12/site-packages/airflow/example_dags/example_dataset_alias_with_no_taskflow.py
[2025-04-09T06:03:59.358+0000] {processor.py:914} INFO - Processing file /home/airflow/.local/lib/python3.12/site-packages/airflow/example_dags/example_dataset_alias_with_no_taskflow.py for tasks to queue
[2025-04-09T06:03:59.363+0000] {logging_mixin.py:190} INFO - [2025-04-09T06:03:59.362+0000] {dagbag.py:588} INFO - Filling up the DagBag from /home/airflow/.local/lib/python3.12/site-packages/airflow/example_dags/example_dataset_alias_with_no_taskflow.py
[2025-04-09T06:04:00.149+0000] {processor.py:925} INFO - DAG(s) 'dataset_alias_example_alias_consumer_with_no_taskflow', 'dataset_s3_bucket_consumer_with_no_taskflow', 'dataset_s3_bucket_producer_with_no_taskflow', 'dataset_alias_example_alias_producer_with_no_taskflow' retrieved from /home/airflow/.local/lib/python3.12/site-packages/airflow/example_dags/example_dataset_alias_with_no_taskflow.py
[2025-04-09T06:04:00.181+0000] {logging_mixin.py:190} INFO - [2025-04-09T06:04:00.180+0000] {dag.py:3239} INFO - Sync 4 DAGs
[2025-04-09T06:04:00.220+0000] {logging_mixin.py:190} INFO - [2025-04-09T06:04:00.220+0000] {dag.py:4180} INFO - Setting next_dagrun for dataset_alias_example_alias_consumer_with_no_taskflow to None, run_after=None
[2025-04-09T06:04:00.225+0000] {logging_mixin.py:190} INFO - [2025-04-09T06:04:00.225+0000] {dag.py:4180} INFO - Setting next_dagrun for dataset_alias_example_alias_producer_with_no_taskflow to None, run_after=None
[2025-04-09T06:04:00.228+0000] {logging_mixin.py:190} INFO - [2025-04-09T06:04:00.228+0000] {dag.py:4180} INFO - Setting next_dagrun for dataset_s3_bucket_consumer_with_no_taskflow to None, run_after=None
[2025-04-09T06:04:00.231+0000] {logging_mixin.py:190} INFO - [2025-04-09T06:04:00.230+0000] {dag.py:4180} INFO - Setting next_dagrun for dataset_s3_bucket_producer_with_no_taskflow to None, run_after=None
[2025-04-09T06:04:00.269+0000] {processor.py:208} INFO - Processing /home/airflow/.local/lib/python3.12/site-packages/airflow/example_dags/example_dataset_alias_with_no_taskflow.py took 0.925 seconds
[2025-04-09T06:04:30.990+0000] {processor.py:186} INFO - Started process (PID=257) to work on /home/airflow/.local/lib/python3.12/site-packages/airflow/example_dags/example_dataset_alias_with_no_taskflow.py
[2025-04-09T06:04:30.993+0000] {processor.py:914} INFO - Processing file /home/airflow/.local/lib/python3.12/site-packages/airflow/example_dags/example_dataset_alias_with_no_taskflow.py for tasks to queue
[2025-04-09T06:04:30.998+0000] {logging_mixin.py:190} INFO - [2025-04-09T06:04:30.998+0000] {dagbag.py:588} INFO - Filling up the DagBag from /home/airflow/.local/lib/python3.12/site-packages/airflow/example_dags/example_dataset_alias_with_no_taskflow.py
[2025-04-09T06:04:31.721+0000] {processor.py:925} INFO - DAG(s) 'dataset_alias_example_alias_producer_with_no_taskflow', 'dataset_s3_bucket_producer_with_no_taskflow', 'dataset_alias_example_alias_consumer_with_no_taskflow', 'dataset_s3_bucket_consumer_with_no_taskflow' retrieved from /home/airflow/.local/lib/python3.12/site-packages/airflow/example_dags/example_dataset_alias_with_no_taskflow.py
[2025-04-09T06:04:31.745+0000] {logging_mixin.py:190} INFO - [2025-04-09T06:04:31.744+0000] {dag.py:3239} INFO - Sync 4 DAGs
[2025-04-09T06:04:31.771+0000] {logging_mixin.py:190} INFO - [2025-04-09T06:04:31.771+0000] {dag.py:4180} INFO - Setting next_dagrun for dataset_alias_example_alias_consumer_with_no_taskflow to None, run_after=None
[2025-04-09T06:04:31.775+0000] {logging_mixin.py:190} INFO - [2025-04-09T06:04:31.775+0000] {dag.py:4180} INFO - Setting next_dagrun for dataset_alias_example_alias_producer_with_no_taskflow to None, run_after=None
[2025-04-09T06:04:31.778+0000] {logging_mixin.py:190} INFO - [2025-04-09T06:04:31.778+0000] {dag.py:4180} INFO - Setting next_dagrun for dataset_s3_bucket_consumer_with_no_taskflow to None, run_after=None
[2025-04-09T06:04:31.780+0000] {logging_mixin.py:190} INFO - [2025-04-09T06:04:31.780+0000] {dag.py:4180} INFO - Setting next_dagrun for dataset_s3_bucket_producer_with_no_taskflow to None, run_after=None
[2025-04-09T06:04:31.821+0000] {processor.py:208} INFO - Processing /home/airflow/.local/lib/python3.12/site-packages/airflow/example_dags/example_dataset_alias_with_no_taskflow.py took 0.844 seconds
[2025-04-09T06:05:02.045+0000] {processor.py:186} INFO - Started process (PID=321) to work on /home/airflow/.local/lib/python3.12/site-packages/airflow/example_dags/example_dataset_alias_with_no_taskflow.py
[2025-04-09T06:05:02.047+0000] {processor.py:914} INFO - Processing file /home/airflow/.local/lib/python3.12/site-packages/airflow/example_dags/example_dataset_alias_with_no_taskflow.py for tasks to queue
[2025-04-09T06:05:02.053+0000] {logging_mixin.py:190} INFO - [2025-04-09T06:05:02.052+0000] {dagbag.py:588} INFO - Filling up the DagBag from /home/airflow/.local/lib/python3.12/site-packages/airflow/example_dags/example_dataset_alias_with_no_taskflow.py
[2025-04-09T06:05:02.950+0000] {processor.py:925} INFO - DAG(s) 'dataset_alias_example_alias_consumer_with_no_taskflow', 'dataset_alias_example_alias_producer_with_no_taskflow', 'dataset_s3_bucket_producer_with_no_taskflow', 'dataset_s3_bucket_consumer_with_no_taskflow' retrieved from /home/airflow/.local/lib/python3.12/site-packages/airflow/example_dags/example_dataset_alias_with_no_taskflow.py
[2025-04-09T06:05:03.018+0000] {logging_mixin.py:190} INFO - [2025-04-09T06:05:03.017+0000] {dag.py:3239} INFO - Sync 4 DAGs
[2025-04-09T06:05:03.049+0000] {logging_mixin.py:190} INFO - [2025-04-09T06:05:03.048+0000] {dag.py:4180} INFO - Setting next_dagrun for dataset_alias_example_alias_consumer_with_no_taskflow to None, run_after=None
[2025-04-09T06:05:03.052+0000] {logging_mixin.py:190} INFO - [2025-04-09T06:05:03.051+0000] {dag.py:4180} INFO - Setting next_dagrun for dataset_alias_example_alias_producer_with_no_taskflow to None, run_after=None
[2025-04-09T06:05:03.054+0000] {logging_mixin.py:190} INFO - [2025-04-09T06:05:03.054+0000] {dag.py:4180} INFO - Setting next_dagrun for dataset_s3_bucket_consumer_with_no_taskflow to None, run_after=None
[2025-04-09T06:05:03.056+0000] {logging_mixin.py:190} INFO - [2025-04-09T06:05:03.056+0000] {dag.py:4180} INFO - Setting next_dagrun for dataset_s3_bucket_producer_with_no_taskflow to None, run_after=None
[2025-04-09T06:05:03.108+0000] {processor.py:208} INFO - Processing /home/airflow/.local/lib/python3.12/site-packages/airflow/example_dags/example_dataset_alias_with_no_taskflow.py took 1.077 seconds
[2025-04-09T06:05:33.755+0000] {processor.py:186} INFO - Started process (PID=387) to work on /home/airflow/.local/lib/python3.12/site-packages/airflow/example_dags/example_dataset_alias_with_no_taskflow.py
[2025-04-09T06:05:33.757+0000] {processor.py:914} INFO - Processing file /home/airflow/.local/lib/python3.12/site-packages/airflow/example_dags/example_dataset_alias_with_no_taskflow.py for tasks to queue
[2025-04-09T06:05:33.763+0000] {logging_mixin.py:190} INFO - [2025-04-09T06:05:33.763+0000] {dagbag.py:588} INFO - Filling up the DagBag from /home/airflow/.local/lib/python3.12/site-packages/airflow/example_dags/example_dataset_alias_with_no_taskflow.py
[2025-04-09T06:05:34.369+0000] {processor.py:925} INFO - DAG(s) 'dataset_alias_example_alias_consumer_with_no_taskflow', 'dataset_s3_bucket_producer_with_no_taskflow', 'dataset_alias_example_alias_producer_with_no_taskflow', 'dataset_s3_bucket_consumer_with_no_taskflow' retrieved from /home/airflow/.local/lib/python3.12/site-packages/airflow/example_dags/example_dataset_alias_with_no_taskflow.py
[2025-04-09T06:05:34.391+0000] {logging_mixin.py:190} INFO - [2025-04-09T06:05:34.391+0000] {dag.py:3239} INFO - Sync 4 DAGs
[2025-04-09T06:05:34.421+0000] {logging_mixin.py:190} INFO - [2025-04-09T06:05:34.421+0000] {dag.py:4180} INFO - Setting next_dagrun for dataset_alias_example_alias_consumer_with_no_taskflow to None, run_after=None
[2025-04-09T06:05:34.424+0000] {logging_mixin.py:190} INFO - [2025-04-09T06:05:34.424+0000] {dag.py:4180} INFO - Setting next_dagrun for dataset_alias_example_alias_producer_with_no_taskflow to None, run_after=None
[2025-04-09T06:05:34.427+0000] {logging_mixin.py:190} INFO - [2025-04-09T06:05:34.427+0000] {dag.py:4180} INFO - Setting next_dagrun for dataset_s3_bucket_consumer_with_no_taskflow to None, run_after=None
[2025-04-09T06:05:34.430+0000] {logging_mixin.py:190} INFO - [2025-04-09T06:05:34.430+0000] {dag.py:4180} INFO - Setting next_dagrun for dataset_s3_bucket_producer_with_no_taskflow to None, run_after=None
[2025-04-09T06:05:34.474+0000] {processor.py:208} INFO - Processing /home/airflow/.local/lib/python3.12/site-packages/airflow/example_dags/example_dataset_alias_with_no_taskflow.py took 0.726 seconds
[2025-04-09T07:41:00.095+0000] {processor.py:186} INFO - Started process (PID=456) to work on /home/airflow/.local/lib/python3.12/site-packages/airflow/example_dags/example_dataset_alias_with_no_taskflow.py
[2025-04-09T07:41:00.097+0000] {processor.py:914} INFO - Processing file /home/airflow/.local/lib/python3.12/site-packages/airflow/example_dags/example_dataset_alias_with_no_taskflow.py for tasks to queue
[2025-04-09T07:41:00.101+0000] {logging_mixin.py:190} INFO - [2025-04-09T07:41:00.101+0000] {dagbag.py:588} INFO - Filling up the DagBag from /home/airflow/.local/lib/python3.12/site-packages/airflow/example_dags/example_dataset_alias_with_no_taskflow.py
