[2025-04-09T06:03:01.673+0000] {processor.py:186} INFO - Started process (PID=81) to work on /home/airflow/.local/lib/python3.12/site-packages/airflow/example_dags/example_sla_dag.py
[2025-04-09T06:03:01.674+0000] {processor.py:914} INFO - Processing file /home/airflow/.local/lib/python3.12/site-packages/airflow/example_dags/example_sla_dag.py for tasks to queue
[2025-04-09T06:03:01.678+0000] {logging_mixin.py:190} INFO - [2025-04-09T06:03:01.677+0000] {dagbag.py:588} INFO - Filling up the DagBag from /home/airflow/.local/lib/python3.12/site-packages/airflow/example_dags/example_sla_dag.py
[2025-04-09T06:03:01.694+0000] {processor.py:925} INFO - DAG(s) 'example_sla_dag' retrieved from /home/airflow/.local/lib/python3.12/site-packages/airflow/example_dags/example_sla_dag.py
[2025-04-09T06:03:01.834+0000] {logging_mixin.py:190} INFO - [2025-04-09T06:03:01.833+0000] {override.py:1912} INFO - Created Permission View: can edit on DAG:example_sla_dag
[2025-04-09T06:03:01.850+0000] {logging_mixin.py:190} INFO - [2025-04-09T06:03:01.850+0000] {override.py:1912} INFO - Created Permission View: can read on DAG:example_sla_dag
[2025-04-09T06:03:01.860+0000] {logging_mixin.py:190} INFO - [2025-04-09T06:03:01.860+0000] {override.py:1912} INFO - Created Permission View: can delete on DAG:example_sla_dag
[2025-04-09T06:03:01.876+0000] {logging_mixin.py:190} INFO - [2025-04-09T06:03:01.876+0000] {override.py:1912} INFO - Created Permission View: can create on DAG Run:example_sla_dag
[2025-04-09T06:03:01.888+0000] {logging_mixin.py:190} INFO - [2025-04-09T06:03:01.888+0000] {override.py:1912} INFO - Created Permission View: can read on DAG Run:example_sla_dag
[2025-04-09T06:03:01.900+0000] {logging_mixin.py:190} INFO - [2025-04-09T06:03:01.899+0000] {override.py:1912} INFO - Created Permission View: can delete on DAG Run:example_sla_dag
[2025-04-09T06:03:01.918+0000] {logging_mixin.py:190} INFO - [2025-04-09T06:03:01.918+0000] {override.py:1912} INFO - Created Permission View: menu access on DAG Run:example_sla_dag
[2025-04-09T06:03:01.919+0000] {logging_mixin.py:190} INFO - [2025-04-09T06:03:01.919+0000] {dag.py:3239} INFO - Sync 1 DAGs
[2025-04-09T06:03:01.933+0000] {logging_mixin.py:190} INFO - [2025-04-09T06:03:01.933+0000] {dag.py:3262} INFO - Creating ORM DAG for example_sla_dag
[2025-04-09T06:03:01.949+0000] {logging_mixin.py:190} INFO - [2025-04-09T06:03:01.948+0000] {dag.py:4180} INFO - Setting next_dagrun for example_sla_dag to 2025-04-09 06:00:00+00:00, run_after=2025-04-09 06:02:00+00:00
[2025-04-09T06:03:01.969+0000] {processor.py:208} INFO - Processing /home/airflow/.local/lib/python3.12/site-packages/airflow/example_dags/example_sla_dag.py took 0.303 seconds
[2025-04-09T06:03:32.607+0000] {processor.py:186} INFO - Started process (PID=145) to work on /home/airflow/.local/lib/python3.12/site-packages/airflow/example_dags/example_sla_dag.py
[2025-04-09T06:03:32.609+0000] {processor.py:914} INFO - Processing file /home/airflow/.local/lib/python3.12/site-packages/airflow/example_dags/example_sla_dag.py for tasks to queue
[2025-04-09T06:03:32.616+0000] {logging_mixin.py:190} INFO - [2025-04-09T06:03:32.612+0000] {dagbag.py:588} INFO - Filling up the DagBag from /home/airflow/.local/lib/python3.12/site-packages/airflow/example_dags/example_sla_dag.py
[2025-04-09T06:03:32.633+0000] {processor.py:925} INFO - DAG(s) 'example_sla_dag' retrieved from /home/airflow/.local/lib/python3.12/site-packages/airflow/example_dags/example_sla_dag.py
[2025-04-09T06:03:32.662+0000] {logging_mixin.py:190} INFO - [2025-04-09T06:03:32.661+0000] {dag.py:3239} INFO - Sync 1 DAGs
[2025-04-09T06:03:32.694+0000] {logging_mixin.py:190} INFO - [2025-04-09T06:03:32.694+0000] {dag.py:4180} INFO - Setting next_dagrun for example_sla_dag to 2025-04-09 06:00:00+00:00, run_after=2025-04-09 06:02:00+00:00
[2025-04-09T06:03:32.724+0000] {processor.py:208} INFO - Processing /home/airflow/.local/lib/python3.12/site-packages/airflow/example_dags/example_sla_dag.py took 0.125 seconds
[2025-04-09T06:04:03.700+0000] {processor.py:186} INFO - Started process (PID=209) to work on /home/airflow/.local/lib/python3.12/site-packages/airflow/example_dags/example_sla_dag.py
[2025-04-09T06:04:03.702+0000] {processor.py:914} INFO - Processing file /home/airflow/.local/lib/python3.12/site-packages/airflow/example_dags/example_sla_dag.py for tasks to queue
[2025-04-09T06:04:03.709+0000] {logging_mixin.py:190} INFO - [2025-04-09T06:04:03.709+0000] {dagbag.py:588} INFO - Filling up the DagBag from /home/airflow/.local/lib/python3.12/site-packages/airflow/example_dags/example_sla_dag.py
[2025-04-09T06:04:03.725+0000] {processor.py:925} INFO - DAG(s) 'example_sla_dag' retrieved from /home/airflow/.local/lib/python3.12/site-packages/airflow/example_dags/example_sla_dag.py
[2025-04-09T06:04:03.749+0000] {logging_mixin.py:190} INFO - [2025-04-09T06:04:03.749+0000] {dag.py:3239} INFO - Sync 1 DAGs
[2025-04-09T06:04:03.785+0000] {logging_mixin.py:190} INFO - [2025-04-09T06:04:03.784+0000] {dag.py:4180} INFO - Setting next_dagrun for example_sla_dag to 2025-04-09 06:02:00+00:00, run_after=2025-04-09 06:04:00+00:00
[2025-04-09T06:04:03.812+0000] {processor.py:208} INFO - Processing /home/airflow/.local/lib/python3.12/site-packages/airflow/example_dags/example_sla_dag.py took 0.119 seconds
[2025-04-09T06:04:34.566+0000] {processor.py:186} INFO - Started process (PID=273) to work on /home/airflow/.local/lib/python3.12/site-packages/airflow/example_dags/example_sla_dag.py
[2025-04-09T06:04:34.569+0000] {processor.py:914} INFO - Processing file /home/airflow/.local/lib/python3.12/site-packages/airflow/example_dags/example_sla_dag.py for tasks to queue
[2025-04-09T06:04:34.575+0000] {logging_mixin.py:190} INFO - [2025-04-09T06:04:34.575+0000] {dagbag.py:588} INFO - Filling up the DagBag from /home/airflow/.local/lib/python3.12/site-packages/airflow/example_dags/example_sla_dag.py
[2025-04-09T06:04:34.598+0000] {processor.py:925} INFO - DAG(s) 'example_sla_dag' retrieved from /home/airflow/.local/lib/python3.12/site-packages/airflow/example_dags/example_sla_dag.py
[2025-04-09T06:04:34.643+0000] {logging_mixin.py:190} INFO - [2025-04-09T06:04:34.642+0000] {dag.py:3239} INFO - Sync 1 DAGs
[2025-04-09T06:04:34.688+0000] {logging_mixin.py:190} INFO - [2025-04-09T06:04:34.687+0000] {dag.py:4180} INFO - Setting next_dagrun for example_sla_dag to 2025-04-09 06:02:00+00:00, run_after=2025-04-09 06:04:00+00:00
[2025-04-09T06:04:34.723+0000] {processor.py:208} INFO - Processing /home/airflow/.local/lib/python3.12/site-packages/airflow/example_dags/example_sla_dag.py took 0.167 seconds
[2025-04-09T06:05:05.692+0000] {processor.py:186} INFO - Started process (PID=337) to work on /home/airflow/.local/lib/python3.12/site-packages/airflow/example_dags/example_sla_dag.py
[2025-04-09T06:05:05.694+0000] {processor.py:914} INFO - Processing file /home/airflow/.local/lib/python3.12/site-packages/airflow/example_dags/example_sla_dag.py for tasks to queue
[2025-04-09T06:05:05.699+0000] {logging_mixin.py:190} INFO - [2025-04-09T06:05:05.698+0000] {dagbag.py:588} INFO - Filling up the DagBag from /home/airflow/.local/lib/python3.12/site-packages/airflow/example_dags/example_sla_dag.py
[2025-04-09T06:05:05.718+0000] {processor.py:925} INFO - DAG(s) 'example_sla_dag' retrieved from /home/airflow/.local/lib/python3.12/site-packages/airflow/example_dags/example_sla_dag.py
[2025-04-09T06:05:05.749+0000] {logging_mixin.py:190} INFO - [2025-04-09T06:05:05.749+0000] {dag.py:3239} INFO - Sync 1 DAGs
[2025-04-09T06:05:05.786+0000] {logging_mixin.py:190} INFO - [2025-04-09T06:05:05.786+0000] {dag.py:4180} INFO - Setting next_dagrun for example_sla_dag to 2025-04-09 06:02:00+00:00, run_after=2025-04-09 06:04:00+00:00
[2025-04-09T06:05:05.813+0000] {processor.py:208} INFO - Processing /home/airflow/.local/lib/python3.12/site-packages/airflow/example_dags/example_sla_dag.py took 0.127 seconds
[2025-04-09T06:05:36.624+0000] {processor.py:186} INFO - Started process (PID=401) to work on /home/airflow/.local/lib/python3.12/site-packages/airflow/example_dags/example_sla_dag.py
[2025-04-09T06:05:36.626+0000] {processor.py:914} INFO - Processing file /home/airflow/.local/lib/python3.12/site-packages/airflow/example_dags/example_sla_dag.py for tasks to queue
[2025-04-09T06:05:36.630+0000] {logging_mixin.py:190} INFO - [2025-04-09T06:05:36.629+0000] {dagbag.py:588} INFO - Filling up the DagBag from /home/airflow/.local/lib/python3.12/site-packages/airflow/example_dags/example_sla_dag.py
[2025-04-09T06:05:36.643+0000] {processor.py:925} INFO - DAG(s) 'example_sla_dag' retrieved from /home/airflow/.local/lib/python3.12/site-packages/airflow/example_dags/example_sla_dag.py
[2025-04-09T06:05:36.670+0000] {logging_mixin.py:190} INFO - [2025-04-09T06:05:36.669+0000] {dag.py:3239} INFO - Sync 1 DAGs
[2025-04-09T06:05:36.701+0000] {logging_mixin.py:190} INFO - [2025-04-09T06:05:36.701+0000] {dag.py:4180} INFO - Setting next_dagrun for example_sla_dag to 2025-04-09 06:02:00+00:00, run_after=2025-04-09 06:04:00+00:00
[2025-04-09T06:05:36.728+0000] {processor.py:208} INFO - Processing /home/airflow/.local/lib/python3.12/site-packages/airflow/example_dags/example_sla_dag.py took 0.109 seconds
[2025-04-09T17:13:48.461+0000] {processor.py:186} INFO - Started process (PID=473) to work on /home/airflow/.local/lib/python3.12/site-packages/airflow/example_dags/example_sla_dag.py
[2025-04-09T17:13:48.468+0000] {processor.py:914} INFO - Processing file /home/airflow/.local/lib/python3.12/site-packages/airflow/example_dags/example_sla_dag.py for tasks to queue
[2025-04-09T17:13:48.472+0000] {logging_mixin.py:190} INFO - [2025-04-09T17:13:48.472+0000] {dagbag.py:588} INFO - Filling up the DagBag from /home/airflow/.local/lib/python3.12/site-packages/airflow/example_dags/example_sla_dag.py
[2025-04-09T17:13:48.514+0000] {processor.py:925} INFO - DAG(s) 'example_sla_dag' retrieved from /home/airflow/.local/lib/python3.12/site-packages/airflow/example_dags/example_sla_dag.py
[2025-04-09T17:13:48.568+0000] {logging_mixin.py:190} INFO - [2025-04-09T17:13:48.568+0000] {dag.py:3239} INFO - Sync 1 DAGs
[2025-04-09T17:13:48.660+0000] {logging_mixin.py:190} INFO - [2025-04-09T17:13:48.660+0000] {dag.py:4180} INFO - Setting next_dagrun for example_sla_dag to 2025-04-09 17:10:00+00:00, run_after=2025-04-09 17:12:00+00:00
[2025-04-09T17:13:48.738+0000] {processor.py:208} INFO - Processing /home/airflow/.local/lib/python3.12/site-packages/airflow/example_dags/example_sla_dag.py took 0.295 seconds
