[2025-04-09T06:03:02.381+0000] {processor.py:186} INFO - Started process (PID=85) to work on /home/airflow/.local/lib/python3.12/site-packages/airflow/example_dags/example_bash_operator.py
[2025-04-09T06:03:02.382+0000] {processor.py:914} INFO - Processing file /home/airflow/.local/lib/python3.12/site-packages/airflow/example_dags/example_bash_operator.py for tasks to queue
[2025-04-09T06:03:02.385+0000] {logging_mixin.py:190} INFO - [2025-04-09T06:03:02.385+0000] {dagbag.py:588} INFO - Filling up the DagBag from /home/airflow/.local/lib/python3.12/site-packages/airflow/example_dags/example_bash_operator.py
[2025-04-09T06:03:02.404+0000] {processor.py:925} INFO - DAG(s) 'example_bash_operator' retrieved from /home/airflow/.local/lib/python3.12/site-packages/airflow/example_dags/example_bash_operator.py
[2025-04-09T06:03:02.604+0000] {logging_mixin.py:190} INFO - [2025-04-09T06:03:02.604+0000] {override.py:1912} INFO - Created Permission View: can edit on DAG:example_bash_operator
[2025-04-09T06:03:02.628+0000] {logging_mixin.py:190} INFO - [2025-04-09T06:03:02.628+0000] {override.py:1912} INFO - Created Permission View: can read on DAG:example_bash_operator
[2025-04-09T06:03:02.641+0000] {logging_mixin.py:190} INFO - [2025-04-09T06:03:02.640+0000] {override.py:1912} INFO - Created Permission View: can delete on DAG:example_bash_operator
[2025-04-09T06:03:02.657+0000] {logging_mixin.py:190} INFO - [2025-04-09T06:03:02.657+0000] {override.py:1912} INFO - Created Permission View: can create on DAG Run:example_bash_operator
[2025-04-09T06:03:02.672+0000] {logging_mixin.py:190} INFO - [2025-04-09T06:03:02.671+0000] {override.py:1912} INFO - Created Permission View: can read on DAG Run:example_bash_operator
[2025-04-09T06:03:02.686+0000] {logging_mixin.py:190} INFO - [2025-04-09T06:03:02.686+0000] {override.py:1912} INFO - Created Permission View: can delete on DAG Run:example_bash_operator
[2025-04-09T06:03:02.701+0000] {logging_mixin.py:190} INFO - [2025-04-09T06:03:02.700+0000] {override.py:1912} INFO - Created Permission View: menu access on DAG Run:example_bash_operator
[2025-04-09T06:03:02.702+0000] {logging_mixin.py:190} INFO - [2025-04-09T06:03:02.702+0000] {dag.py:3239} INFO - Sync 1 DAGs
[2025-04-09T06:03:02.721+0000] {logging_mixin.py:190} INFO - [2025-04-09T06:03:02.721+0000] {dag.py:3262} INFO - Creating ORM DAG for example_bash_operator
[2025-04-09T06:03:02.738+0000] {logging_mixin.py:190} INFO - [2025-04-09T06:03:02.738+0000] {dag.py:4180} INFO - Setting next_dagrun for example_bash_operator to 2025-04-08 00:00:00+00:00, run_after=2025-04-09 00:00:00+00:00
[2025-04-09T06:03:02.769+0000] {processor.py:208} INFO - Processing /home/airflow/.local/lib/python3.12/site-packages/airflow/example_dags/example_bash_operator.py took 0.396 seconds
[2025-04-09T06:03:33.241+0000] {processor.py:186} INFO - Started process (PID=149) to work on /home/airflow/.local/lib/python3.12/site-packages/airflow/example_dags/example_bash_operator.py
[2025-04-09T06:03:33.244+0000] {processor.py:914} INFO - Processing file /home/airflow/.local/lib/python3.12/site-packages/airflow/example_dags/example_bash_operator.py for tasks to queue
[2025-04-09T06:03:33.251+0000] {logging_mixin.py:190} INFO - [2025-04-09T06:03:33.250+0000] {dagbag.py:588} INFO - Filling up the DagBag from /home/airflow/.local/lib/python3.12/site-packages/airflow/example_dags/example_bash_operator.py
[2025-04-09T06:03:33.288+0000] {processor.py:925} INFO - DAG(s) 'example_bash_operator' retrieved from /home/airflow/.local/lib/python3.12/site-packages/airflow/example_dags/example_bash_operator.py
[2025-04-09T06:03:33.358+0000] {logging_mixin.py:190} INFO - [2025-04-09T06:03:33.358+0000] {dag.py:3239} INFO - Sync 1 DAGs
[2025-04-09T06:03:33.406+0000] {logging_mixin.py:190} INFO - [2025-04-09T06:03:33.405+0000] {dag.py:4180} INFO - Setting next_dagrun for example_bash_operator to 2025-04-08 00:00:00+00:00, run_after=2025-04-09 00:00:00+00:00
[2025-04-09T06:03:33.437+0000] {processor.py:208} INFO - Processing /home/airflow/.local/lib/python3.12/site-packages/airflow/example_dags/example_bash_operator.py took 0.211 seconds
[2025-04-09T06:04:04.086+0000] {processor.py:186} INFO - Started process (PID=213) to work on /home/airflow/.local/lib/python3.12/site-packages/airflow/example_dags/example_bash_operator.py
[2025-04-09T06:04:04.089+0000] {processor.py:914} INFO - Processing file /home/airflow/.local/lib/python3.12/site-packages/airflow/example_dags/example_bash_operator.py for tasks to queue
[2025-04-09T06:04:04.091+0000] {logging_mixin.py:190} INFO - [2025-04-09T06:04:04.091+0000] {dagbag.py:588} INFO - Filling up the DagBag from /home/airflow/.local/lib/python3.12/site-packages/airflow/example_dags/example_bash_operator.py
[2025-04-09T06:04:04.107+0000] {processor.py:925} INFO - DAG(s) 'example_bash_operator' retrieved from /home/airflow/.local/lib/python3.12/site-packages/airflow/example_dags/example_bash_operator.py
[2025-04-09T06:04:04.144+0000] {logging_mixin.py:190} INFO - [2025-04-09T06:04:04.144+0000] {dag.py:3239} INFO - Sync 1 DAGs
[2025-04-09T06:04:04.178+0000] {logging_mixin.py:190} INFO - [2025-04-09T06:04:04.178+0000] {dag.py:4180} INFO - Setting next_dagrun for example_bash_operator to 2025-04-08 00:00:00+00:00, run_after=2025-04-09 00:00:00+00:00
[2025-04-09T06:04:04.204+0000] {processor.py:208} INFO - Processing /home/airflow/.local/lib/python3.12/site-packages/airflow/example_dags/example_bash_operator.py took 0.123 seconds
[2025-04-09T06:04:35.020+0000] {processor.py:186} INFO - Started process (PID=277) to work on /home/airflow/.local/lib/python3.12/site-packages/airflow/example_dags/example_bash_operator.py
[2025-04-09T06:04:35.022+0000] {processor.py:914} INFO - Processing file /home/airflow/.local/lib/python3.12/site-packages/airflow/example_dags/example_bash_operator.py for tasks to queue
[2025-04-09T06:04:35.025+0000] {logging_mixin.py:190} INFO - [2025-04-09T06:04:35.024+0000] {dagbag.py:588} INFO - Filling up the DagBag from /home/airflow/.local/lib/python3.12/site-packages/airflow/example_dags/example_bash_operator.py
[2025-04-09T06:04:35.051+0000] {processor.py:925} INFO - DAG(s) 'example_bash_operator' retrieved from /home/airflow/.local/lib/python3.12/site-packages/airflow/example_dags/example_bash_operator.py
[2025-04-09T06:04:35.101+0000] {logging_mixin.py:190} INFO - [2025-04-09T06:04:35.101+0000] {dag.py:3239} INFO - Sync 1 DAGs
[2025-04-09T06:04:35.143+0000] {logging_mixin.py:190} INFO - [2025-04-09T06:04:35.143+0000] {dag.py:4180} INFO - Setting next_dagrun for example_bash_operator to 2025-04-08 00:00:00+00:00, run_after=2025-04-09 00:00:00+00:00
[2025-04-09T06:04:35.175+0000] {processor.py:208} INFO - Processing /home/airflow/.local/lib/python3.12/site-packages/airflow/example_dags/example_bash_operator.py took 0.165 seconds
[2025-04-09T06:05:06.236+0000] {processor.py:186} INFO - Started process (PID=341) to work on /home/airflow/.local/lib/python3.12/site-packages/airflow/example_dags/example_bash_operator.py
[2025-04-09T06:05:06.237+0000] {processor.py:914} INFO - Processing file /home/airflow/.local/lib/python3.12/site-packages/airflow/example_dags/example_bash_operator.py for tasks to queue
[2025-04-09T06:05:06.244+0000] {logging_mixin.py:190} INFO - [2025-04-09T06:05:06.243+0000] {dagbag.py:588} INFO - Filling up the DagBag from /home/airflow/.local/lib/python3.12/site-packages/airflow/example_dags/example_bash_operator.py
[2025-04-09T06:05:06.263+0000] {processor.py:925} INFO - DAG(s) 'example_bash_operator' retrieved from /home/airflow/.local/lib/python3.12/site-packages/airflow/example_dags/example_bash_operator.py
[2025-04-09T06:05:06.319+0000] {logging_mixin.py:190} INFO - [2025-04-09T06:05:06.318+0000] {dag.py:3239} INFO - Sync 1 DAGs
[2025-04-09T06:05:06.373+0000] {logging_mixin.py:190} INFO - [2025-04-09T06:05:06.373+0000] {dag.py:4180} INFO - Setting next_dagrun for example_bash_operator to 2025-04-08 00:00:00+00:00, run_after=2025-04-09 00:00:00+00:00
[2025-04-09T06:05:06.457+0000] {processor.py:208} INFO - Processing /home/airflow/.local/lib/python3.12/site-packages/airflow/example_dags/example_bash_operator.py took 0.231 seconds
[2025-04-09T06:05:36.914+0000] {processor.py:186} INFO - Started process (PID=405) to work on /home/airflow/.local/lib/python3.12/site-packages/airflow/example_dags/example_bash_operator.py
[2025-04-09T06:05:36.915+0000] {processor.py:914} INFO - Processing file /home/airflow/.local/lib/python3.12/site-packages/airflow/example_dags/example_bash_operator.py for tasks to queue
[2025-04-09T06:05:36.918+0000] {logging_mixin.py:190} INFO - [2025-04-09T06:05:36.918+0000] {dagbag.py:588} INFO - Filling up the DagBag from /home/airflow/.local/lib/python3.12/site-packages/airflow/example_dags/example_bash_operator.py
[2025-04-09T06:05:36.932+0000] {processor.py:925} INFO - DAG(s) 'example_bash_operator' retrieved from /home/airflow/.local/lib/python3.12/site-packages/airflow/example_dags/example_bash_operator.py
[2025-04-09T06:05:36.966+0000] {logging_mixin.py:190} INFO - [2025-04-09T06:05:36.966+0000] {dag.py:3239} INFO - Sync 1 DAGs
[2025-04-09T06:05:36.993+0000] {logging_mixin.py:190} INFO - [2025-04-09T06:05:36.993+0000] {dag.py:4180} INFO - Setting next_dagrun for example_bash_operator to 2025-04-08 00:00:00+00:00, run_after=2025-04-09 00:00:00+00:00
[2025-04-09T06:05:37.013+0000] {processor.py:208} INFO - Processing /home/airflow/.local/lib/python3.12/site-packages/airflow/example_dags/example_bash_operator.py took 0.105 seconds
[2025-04-09T17:13:49.176+0000] {processor.py:186} INFO - Started process (PID=477) to work on /home/airflow/.local/lib/python3.12/site-packages/airflow/example_dags/example_bash_operator.py
[2025-04-09T17:13:49.179+0000] {processor.py:914} INFO - Processing file /home/airflow/.local/lib/python3.12/site-packages/airflow/example_dags/example_bash_operator.py for tasks to queue
[2025-04-09T17:13:49.181+0000] {logging_mixin.py:190} INFO - [2025-04-09T17:13:49.181+0000] {dagbag.py:588} INFO - Filling up the DagBag from /home/airflow/.local/lib/python3.12/site-packages/airflow/example_dags/example_bash_operator.py
[2025-04-09T17:13:49.218+0000] {processor.py:925} INFO - DAG(s) 'example_bash_operator' retrieved from /home/airflow/.local/lib/python3.12/site-packages/airflow/example_dags/example_bash_operator.py
[2025-04-09T17:13:49.283+0000] {logging_mixin.py:190} INFO - [2025-04-09T17:13:49.283+0000] {dag.py:3239} INFO - Sync 1 DAGs
[2025-04-09T17:13:49.340+0000] {logging_mixin.py:190} INFO - [2025-04-09T17:13:49.339+0000] {dag.py:4180} INFO - Setting next_dagrun for example_bash_operator to 2025-04-08 00:00:00+00:00, run_after=2025-04-09 00:00:00+00:00
[2025-04-09T17:13:49.379+0000] {processor.py:208} INFO - Processing /home/airflow/.local/lib/python3.12/site-packages/airflow/example_dags/example_bash_operator.py took 0.214 seconds
