[2025-04-09T06:02:57.619+0000] {processor.py:186} INFO - Started process (PID=66) to work on /home/airflow/.local/lib/python3.12/site-packages/airflow/example_dags/example_dataset_alias.py
[2025-04-09T06:02:57.626+0000] {processor.py:914} INFO - Processing file /home/airflow/.local/lib/python3.12/site-packages/airflow/example_dags/example_dataset_alias.py for tasks to queue
[2025-04-09T06:02:57.632+0000] {logging_mixin.py:190} INFO - [2025-04-09T06:02:57.631+0000] {dagbag.py:588} INFO - Filling up the DagBag from /home/airflow/.local/lib/python3.12/site-packages/airflow/example_dags/example_dataset_alias.py
[2025-04-09T06:02:58.370+0000] {processor.py:925} INFO - DAG(s) 'dataset_s3_bucket_consumer', 'dataset_s3_bucket_producer', 'dataset_alias_example_alias_producer', 'dataset_alias_example_alias_consumer' retrieved from /home/airflow/.local/lib/python3.12/site-packages/airflow/example_dags/example_dataset_alias.py
[2025-04-09T06:02:58.529+0000] {logging_mixin.py:190} INFO - [2025-04-09T06:02:58.528+0000] {override.py:1912} INFO - Created Permission View: can edit on DAG:dataset_s3_bucket_consumer
[2025-04-09T06:02:58.545+0000] {logging_mixin.py:190} INFO - [2025-04-09T06:02:58.545+0000] {override.py:1912} INFO - Created Permission View: can read on DAG:dataset_s3_bucket_consumer
[2025-04-09T06:02:58.559+0000] {logging_mixin.py:190} INFO - [2025-04-09T06:02:58.559+0000] {override.py:1912} INFO - Created Permission View: can delete on DAG:dataset_s3_bucket_consumer
[2025-04-09T06:02:58.574+0000] {logging_mixin.py:190} INFO - [2025-04-09T06:02:58.573+0000] {override.py:1912} INFO - Created Permission View: can create on DAG Run:dataset_s3_bucket_consumer
[2025-04-09T06:02:58.586+0000] {logging_mixin.py:190} INFO - [2025-04-09T06:02:58.585+0000] {override.py:1912} INFO - Created Permission View: can read on DAG Run:dataset_s3_bucket_consumer
[2025-04-09T06:02:58.597+0000] {logging_mixin.py:190} INFO - [2025-04-09T06:02:58.597+0000] {override.py:1912} INFO - Created Permission View: can delete on DAG Run:dataset_s3_bucket_consumer
[2025-04-09T06:02:58.608+0000] {logging_mixin.py:190} INFO - [2025-04-09T06:02:58.607+0000] {override.py:1912} INFO - Created Permission View: menu access on DAG Run:dataset_s3_bucket_consumer
[2025-04-09T06:02:58.629+0000] {logging_mixin.py:190} INFO - [2025-04-09T06:02:58.629+0000] {override.py:1912} INFO - Created Permission View: can edit on DAG:dataset_s3_bucket_producer
[2025-04-09T06:02:58.647+0000] {logging_mixin.py:190} INFO - [2025-04-09T06:02:58.647+0000] {override.py:1912} INFO - Created Permission View: can read on DAG:dataset_s3_bucket_producer
[2025-04-09T06:02:58.667+0000] {logging_mixin.py:190} INFO - [2025-04-09T06:02:58.666+0000] {override.py:1912} INFO - Created Permission View: can delete on DAG:dataset_s3_bucket_producer
[2025-04-09T06:02:58.691+0000] {logging_mixin.py:190} INFO - [2025-04-09T06:02:58.690+0000] {override.py:1912} INFO - Created Permission View: can create on DAG Run:dataset_s3_bucket_producer
[2025-04-09T06:02:58.702+0000] {logging_mixin.py:190} INFO - [2025-04-09T06:02:58.702+0000] {override.py:1912} INFO - Created Permission View: can read on DAG Run:dataset_s3_bucket_producer
[2025-04-09T06:02:58.717+0000] {logging_mixin.py:190} INFO - [2025-04-09T06:02:58.717+0000] {override.py:1912} INFO - Created Permission View: can delete on DAG Run:dataset_s3_bucket_producer
[2025-04-09T06:02:58.735+0000] {logging_mixin.py:190} INFO - [2025-04-09T06:02:58.734+0000] {override.py:1912} INFO - Created Permission View: menu access on DAG Run:dataset_s3_bucket_producer
[2025-04-09T06:02:58.764+0000] {logging_mixin.py:190} INFO - [2025-04-09T06:02:58.764+0000] {override.py:1912} INFO - Created Permission View: can edit on DAG:dataset_alias_example_alias_producer
[2025-04-09T06:02:58.775+0000] {logging_mixin.py:190} INFO - [2025-04-09T06:02:58.775+0000] {override.py:1912} INFO - Created Permission View: can read on DAG:dataset_alias_example_alias_producer
[2025-04-09T06:02:58.800+0000] {logging_mixin.py:190} INFO - [2025-04-09T06:02:58.800+0000] {override.py:1912} INFO - Created Permission View: can delete on DAG:dataset_alias_example_alias_producer
[2025-04-09T06:02:58.825+0000] {logging_mixin.py:190} INFO - [2025-04-09T06:02:58.825+0000] {override.py:1912} INFO - Created Permission View: can create on DAG Run:dataset_alias_example_alias_producer
[2025-04-09T06:02:58.835+0000] {logging_mixin.py:190} INFO - [2025-04-09T06:02:58.835+0000] {override.py:1912} INFO - Created Permission View: can read on DAG Run:dataset_alias_example_alias_producer
[2025-04-09T06:02:58.850+0000] {logging_mixin.py:190} INFO - [2025-04-09T06:02:58.850+0000] {override.py:1912} INFO - Created Permission View: can delete on DAG Run:dataset_alias_example_alias_producer
[2025-04-09T06:02:58.867+0000] {logging_mixin.py:190} INFO - [2025-04-09T06:02:58.866+0000] {override.py:1912} INFO - Created Permission View: menu access on DAG Run:dataset_alias_example_alias_producer
[2025-04-09T06:02:58.909+0000] {logging_mixin.py:190} INFO - [2025-04-09T06:02:58.908+0000] {override.py:1912} INFO - Created Permission View: can edit on DAG:dataset_alias_example_alias_consumer
[2025-04-09T06:02:58.920+0000] {logging_mixin.py:190} INFO - [2025-04-09T06:02:58.919+0000] {override.py:1912} INFO - Created Permission View: can read on DAG:dataset_alias_example_alias_consumer
[2025-04-09T06:02:58.933+0000] {logging_mixin.py:190} INFO - [2025-04-09T06:02:58.933+0000] {override.py:1912} INFO - Created Permission View: can delete on DAG:dataset_alias_example_alias_consumer
[2025-04-09T06:02:58.948+0000] {logging_mixin.py:190} INFO - [2025-04-09T06:02:58.948+0000] {override.py:1912} INFO - Created Permission View: can create on DAG Run:dataset_alias_example_alias_consumer
[2025-04-09T06:02:58.961+0000] {logging_mixin.py:190} INFO - [2025-04-09T06:02:58.961+0000] {override.py:1912} INFO - Created Permission View: can read on DAG Run:dataset_alias_example_alias_consumer
[2025-04-09T06:02:58.982+0000] {logging_mixin.py:190} INFO - [2025-04-09T06:02:58.981+0000] {override.py:1912} INFO - Created Permission View: can delete on DAG Run:dataset_alias_example_alias_consumer
[2025-04-09T06:02:59.003+0000] {logging_mixin.py:190} INFO - [2025-04-09T06:02:59.002+0000] {override.py:1912} INFO - Created Permission View: menu access on DAG Run:dataset_alias_example_alias_consumer
[2025-04-09T06:02:59.011+0000] {logging_mixin.py:190} INFO - [2025-04-09T06:02:59.011+0000] {dag.py:3239} INFO - Sync 4 DAGs
[2025-04-09T06:02:59.036+0000] {logging_mixin.py:190} INFO - [2025-04-09T06:02:59.035+0000] {dag.py:3262} INFO - Creating ORM DAG for dataset_s3_bucket_consumer
[2025-04-09T06:02:59.052+0000] {logging_mixin.py:190} INFO - [2025-04-09T06:02:59.051+0000] {dag.py:3262} INFO - Creating ORM DAG for dataset_alias_example_alias_consumer
[2025-04-09T06:02:59.061+0000] {logging_mixin.py:190} INFO - [2025-04-09T06:02:59.060+0000] {dag.py:3262} INFO - Creating ORM DAG for dataset_alias_example_alias_producer
[2025-04-09T06:02:59.075+0000] {logging_mixin.py:190} INFO - [2025-04-09T06:02:59.075+0000] {dag.py:3262} INFO - Creating ORM DAG for dataset_s3_bucket_producer
[2025-04-09T06:02:59.107+0000] {logging_mixin.py:190} INFO - [2025-04-09T06:02:59.107+0000] {dag.py:4180} INFO - Setting next_dagrun for dataset_alias_example_alias_consumer to None, run_after=None
[2025-04-09T06:02:59.118+0000] {logging_mixin.py:190} INFO - [2025-04-09T06:02:59.118+0000] {dag.py:4180} INFO - Setting next_dagrun for dataset_alias_example_alias_producer to None, run_after=None
[2025-04-09T06:02:59.127+0000] {logging_mixin.py:190} INFO - [2025-04-09T06:02:59.127+0000] {dag.py:4180} INFO - Setting next_dagrun for dataset_s3_bucket_consumer to None, run_after=None
[2025-04-09T06:02:59.133+0000] {logging_mixin.py:190} INFO - [2025-04-09T06:02:59.133+0000] {dag.py:4180} INFO - Setting next_dagrun for dataset_s3_bucket_producer to None, run_after=None
[2025-04-09T06:02:59.206+0000] {processor.py:208} INFO - Processing /home/airflow/.local/lib/python3.12/site-packages/airflow/example_dags/example_dataset_alias.py took 1.596 seconds
[2025-04-09T06:03:29.622+0000] {processor.py:186} INFO - Started process (PID=132) to work on /home/airflow/.local/lib/python3.12/site-packages/airflow/example_dags/example_dataset_alias.py
[2025-04-09T06:03:29.624+0000] {processor.py:914} INFO - Processing file /home/airflow/.local/lib/python3.12/site-packages/airflow/example_dags/example_dataset_alias.py for tasks to queue
[2025-04-09T06:03:29.632+0000] {logging_mixin.py:190} INFO - [2025-04-09T06:03:29.631+0000] {dagbag.py:588} INFO - Filling up the DagBag from /home/airflow/.local/lib/python3.12/site-packages/airflow/example_dags/example_dataset_alias.py
[2025-04-09T06:03:30.592+0000] {processor.py:925} INFO - DAG(s) 'dataset_s3_bucket_producer', 'dataset_alias_example_alias_producer', 'dataset_alias_example_alias_consumer', 'dataset_s3_bucket_consumer' retrieved from /home/airflow/.local/lib/python3.12/site-packages/airflow/example_dags/example_dataset_alias.py
[2025-04-09T06:03:30.623+0000] {logging_mixin.py:190} INFO - [2025-04-09T06:03:30.622+0000] {dag.py:3239} INFO - Sync 4 DAGs
[2025-04-09T06:03:30.654+0000] {logging_mixin.py:190} INFO - [2025-04-09T06:03:30.654+0000] {dag.py:4180} INFO - Setting next_dagrun for dataset_alias_example_alias_consumer to None, run_after=None
[2025-04-09T06:03:30.665+0000] {logging_mixin.py:190} INFO - [2025-04-09T06:03:30.665+0000] {dag.py:4180} INFO - Setting next_dagrun for dataset_alias_example_alias_producer to None, run_after=None
[2025-04-09T06:03:30.757+0000] {logging_mixin.py:190} INFO - [2025-04-09T06:03:30.756+0000] {dag.py:4180} INFO - Setting next_dagrun for dataset_s3_bucket_consumer to None, run_after=None
[2025-04-09T06:03:30.763+0000] {logging_mixin.py:190} INFO - [2025-04-09T06:03:30.762+0000] {dag.py:4180} INFO - Setting next_dagrun for dataset_s3_bucket_producer to None, run_after=None
[2025-04-09T06:03:30.803+0000] {processor.py:208} INFO - Processing /home/airflow/.local/lib/python3.12/site-packages/airflow/example_dags/example_dataset_alias.py took 1.195 seconds
[2025-04-09T06:04:00.896+0000] {processor.py:186} INFO - Started process (PID=198) to work on /home/airflow/.local/lib/python3.12/site-packages/airflow/example_dags/example_dataset_alias.py
[2025-04-09T06:04:00.898+0000] {processor.py:914} INFO - Processing file /home/airflow/.local/lib/python3.12/site-packages/airflow/example_dags/example_dataset_alias.py for tasks to queue
[2025-04-09T06:04:00.902+0000] {logging_mixin.py:190} INFO - [2025-04-09T06:04:00.901+0000] {dagbag.py:588} INFO - Filling up the DagBag from /home/airflow/.local/lib/python3.12/site-packages/airflow/example_dags/example_dataset_alias.py
[2025-04-09T06:04:01.869+0000] {processor.py:925} INFO - DAG(s) 'dataset_alias_example_alias_producer', 'dataset_s3_bucket_producer', 'dataset_s3_bucket_consumer', 'dataset_alias_example_alias_consumer' retrieved from /home/airflow/.local/lib/python3.12/site-packages/airflow/example_dags/example_dataset_alias.py
[2025-04-09T06:04:01.908+0000] {logging_mixin.py:190} INFO - [2025-04-09T06:04:01.907+0000] {dag.py:3239} INFO - Sync 4 DAGs
[2025-04-09T06:04:01.943+0000] {logging_mixin.py:190} INFO - [2025-04-09T06:04:01.943+0000] {dag.py:4180} INFO - Setting next_dagrun for dataset_alias_example_alias_consumer to None, run_after=None
[2025-04-09T06:04:01.948+0000] {logging_mixin.py:190} INFO - [2025-04-09T06:04:01.948+0000] {dag.py:4180} INFO - Setting next_dagrun for dataset_alias_example_alias_producer to None, run_after=None
[2025-04-09T06:04:01.953+0000] {logging_mixin.py:190} INFO - [2025-04-09T06:04:01.953+0000] {dag.py:4180} INFO - Setting next_dagrun for dataset_s3_bucket_consumer to None, run_after=None
[2025-04-09T06:04:01.957+0000] {logging_mixin.py:190} INFO - [2025-04-09T06:04:01.956+0000] {dag.py:4180} INFO - Setting next_dagrun for dataset_s3_bucket_producer to None, run_after=None
[2025-04-09T06:04:01.996+0000] {processor.py:208} INFO - Processing /home/airflow/.local/lib/python3.12/site-packages/airflow/example_dags/example_dataset_alias.py took 1.107 seconds
[2025-04-09T06:04:32.310+0000] {processor.py:186} INFO - Started process (PID=263) to work on /home/airflow/.local/lib/python3.12/site-packages/airflow/example_dags/example_dataset_alias.py
[2025-04-09T06:04:32.312+0000] {processor.py:914} INFO - Processing file /home/airflow/.local/lib/python3.12/site-packages/airflow/example_dags/example_dataset_alias.py for tasks to queue
[2025-04-09T06:04:32.319+0000] {logging_mixin.py:190} INFO - [2025-04-09T06:04:32.318+0000] {dagbag.py:588} INFO - Filling up the DagBag from /home/airflow/.local/lib/python3.12/site-packages/airflow/example_dags/example_dataset_alias.py
[2025-04-09T06:04:33.122+0000] {processor.py:925} INFO - DAG(s) 'dataset_alias_example_alias_consumer', 'dataset_s3_bucket_consumer', 'dataset_alias_example_alias_producer', 'dataset_s3_bucket_producer' retrieved from /home/airflow/.local/lib/python3.12/site-packages/airflow/example_dags/example_dataset_alias.py
[2025-04-09T06:04:33.160+0000] {logging_mixin.py:190} INFO - [2025-04-09T06:04:33.160+0000] {dag.py:3239} INFO - Sync 4 DAGs
[2025-04-09T06:04:33.193+0000] {logging_mixin.py:190} INFO - [2025-04-09T06:04:33.192+0000] {dag.py:4180} INFO - Setting next_dagrun for dataset_alias_example_alias_consumer to None, run_after=None
[2025-04-09T06:04:33.197+0000] {logging_mixin.py:190} INFO - [2025-04-09T06:04:33.197+0000] {dag.py:4180} INFO - Setting next_dagrun for dataset_alias_example_alias_producer to None, run_after=None
[2025-04-09T06:04:33.200+0000] {logging_mixin.py:190} INFO - [2025-04-09T06:04:33.200+0000] {dag.py:4180} INFO - Setting next_dagrun for dataset_s3_bucket_consumer to None, run_after=None
[2025-04-09T06:04:33.205+0000] {logging_mixin.py:190} INFO - [2025-04-09T06:04:33.205+0000] {dag.py:4180} INFO - Setting next_dagrun for dataset_s3_bucket_producer to None, run_after=None
[2025-04-09T06:04:33.246+0000] {processor.py:208} INFO - Processing /home/airflow/.local/lib/python3.12/site-packages/airflow/example_dags/example_dataset_alias.py took 0.948 seconds
[2025-04-09T06:05:04.010+0000] {processor.py:186} INFO - Started process (PID=327) to work on /home/airflow/.local/lib/python3.12/site-packages/airflow/example_dags/example_dataset_alias.py
[2025-04-09T06:05:04.011+0000] {processor.py:914} INFO - Processing file /home/airflow/.local/lib/python3.12/site-packages/airflow/example_dags/example_dataset_alias.py for tasks to queue
[2025-04-09T06:05:04.017+0000] {logging_mixin.py:190} INFO - [2025-04-09T06:05:04.015+0000] {dagbag.py:588} INFO - Filling up the DagBag from /home/airflow/.local/lib/python3.12/site-packages/airflow/example_dags/example_dataset_alias.py
[2025-04-09T06:05:04.963+0000] {processor.py:925} INFO - DAG(s) 'dataset_alias_example_alias_producer', 'dataset_s3_bucket_producer', 'dataset_alias_example_alias_consumer', 'dataset_s3_bucket_consumer' retrieved from /home/airflow/.local/lib/python3.12/site-packages/airflow/example_dags/example_dataset_alias.py
[2025-04-09T06:05:05.005+0000] {logging_mixin.py:190} INFO - [2025-04-09T06:05:05.005+0000] {dag.py:3239} INFO - Sync 4 DAGs
[2025-04-09T06:05:05.060+0000] {logging_mixin.py:190} INFO - [2025-04-09T06:05:05.060+0000] {dag.py:4180} INFO - Setting next_dagrun for dataset_alias_example_alias_consumer to None, run_after=None
[2025-04-09T06:05:05.067+0000] {logging_mixin.py:190} INFO - [2025-04-09T06:05:05.067+0000] {dag.py:4180} INFO - Setting next_dagrun for dataset_alias_example_alias_producer to None, run_after=None
[2025-04-09T06:05:05.071+0000] {logging_mixin.py:190} INFO - [2025-04-09T06:05:05.071+0000] {dag.py:4180} INFO - Setting next_dagrun for dataset_s3_bucket_consumer to None, run_after=None
[2025-04-09T06:05:05.076+0000] {logging_mixin.py:190} INFO - [2025-04-09T06:05:05.075+0000] {dag.py:4180} INFO - Setting next_dagrun for dataset_s3_bucket_producer to None, run_after=None
[2025-04-09T06:05:05.132+0000] {processor.py:208} INFO - Processing /home/airflow/.local/lib/python3.12/site-packages/airflow/example_dags/example_dataset_alias.py took 1.129 seconds
[2025-04-09T06:05:35.877+0000] {processor.py:186} INFO - Started process (PID=394) to work on /home/airflow/.local/lib/python3.12/site-packages/airflow/example_dags/example_dataset_alias.py
[2025-04-09T06:05:35.879+0000] {processor.py:914} INFO - Processing file /home/airflow/.local/lib/python3.12/site-packages/airflow/example_dags/example_dataset_alias.py for tasks to queue
[2025-04-09T06:05:35.886+0000] {logging_mixin.py:190} INFO - [2025-04-09T06:05:35.885+0000] {dagbag.py:588} INFO - Filling up the DagBag from /home/airflow/.local/lib/python3.12/site-packages/airflow/example_dags/example_dataset_alias.py
[2025-04-09T06:05:36.477+0000] {processor.py:925} INFO - DAG(s) 'dataset_s3_bucket_consumer', 'dataset_alias_example_alias_consumer', 'dataset_s3_bucket_producer', 'dataset_alias_example_alias_producer' retrieved from /home/airflow/.local/lib/python3.12/site-packages/airflow/example_dags/example_dataset_alias.py
[2025-04-09T06:05:36.508+0000] {logging_mixin.py:190} INFO - [2025-04-09T06:05:36.507+0000] {dag.py:3239} INFO - Sync 4 DAGs
[2025-04-09T06:05:36.528+0000] {logging_mixin.py:190} INFO - [2025-04-09T06:05:36.528+0000] {dag.py:4180} INFO - Setting next_dagrun for dataset_alias_example_alias_consumer to None, run_after=None
[2025-04-09T06:05:36.538+0000] {logging_mixin.py:190} INFO - [2025-04-09T06:05:36.537+0000] {dag.py:4180} INFO - Setting next_dagrun for dataset_alias_example_alias_producer to None, run_after=None
[2025-04-09T06:05:36.540+0000] {logging_mixin.py:190} INFO - [2025-04-09T06:05:36.540+0000] {dag.py:4180} INFO - Setting next_dagrun for dataset_s3_bucket_consumer to None, run_after=None
[2025-04-09T06:05:36.542+0000] {logging_mixin.py:190} INFO - [2025-04-09T06:05:36.541+0000] {dag.py:4180} INFO - Setting next_dagrun for dataset_s3_bucket_producer to None, run_after=None
[2025-04-09T06:05:36.571+0000] {processor.py:208} INFO - Processing /home/airflow/.local/lib/python3.12/site-packages/airflow/example_dags/example_dataset_alias.py took 0.705 seconds
[2025-04-09T17:13:43.976+0000] {processor.py:186} INFO - Started process (PID=458) to work on /home/airflow/.local/lib/python3.12/site-packages/airflow/example_dags/example_dataset_alias.py
[2025-04-09T17:13:43.988+0000] {processor.py:914} INFO - Processing file /home/airflow/.local/lib/python3.12/site-packages/airflow/example_dags/example_dataset_alias.py for tasks to queue
[2025-04-09T17:13:43.992+0000] {logging_mixin.py:190} INFO - [2025-04-09T17:13:43.992+0000] {dagbag.py:588} INFO - Filling up the DagBag from /home/airflow/.local/lib/python3.12/site-packages/airflow/example_dags/example_dataset_alias.py
[2025-04-09T17:13:46.695+0000] {processor.py:925} INFO - DAG(s) 'dataset_s3_bucket_producer', 'dataset_alias_example_alias_producer', 'dataset_alias_example_alias_consumer', 'dataset_s3_bucket_consumer' retrieved from /home/airflow/.local/lib/python3.12/site-packages/airflow/example_dags/example_dataset_alias.py
[2025-04-09T17:13:46.760+0000] {logging_mixin.py:190} INFO - [2025-04-09T17:13:46.759+0000] {dag.py:3239} INFO - Sync 4 DAGs
[2025-04-09T17:13:46.839+0000] {logging_mixin.py:190} INFO - [2025-04-09T17:13:46.839+0000] {dag.py:4180} INFO - Setting next_dagrun for dataset_alias_example_alias_consumer to None, run_after=None
[2025-04-09T17:13:46.852+0000] {logging_mixin.py:190} INFO - [2025-04-09T17:13:46.851+0000] {dag.py:4180} INFO - Setting next_dagrun for dataset_alias_example_alias_producer to None, run_after=None
[2025-04-09T17:13:46.857+0000] {logging_mixin.py:190} INFO - [2025-04-09T17:13:46.857+0000] {dag.py:4180} INFO - Setting next_dagrun for dataset_s3_bucket_consumer to None, run_after=None
[2025-04-09T17:13:46.861+0000] {logging_mixin.py:190} INFO - [2025-04-09T17:13:46.861+0000] {dag.py:4180} INFO - Setting next_dagrun for dataset_s3_bucket_producer to None, run_after=None
[2025-04-09T17:13:46.932+0000] {processor.py:208} INFO - Processing /home/airflow/.local/lib/python3.12/site-packages/airflow/example_dags/example_dataset_alias.py took 2.976 seconds
