[2025-04-09T06:03:05.267+0000] {processor.py:186} INFO - Started process (PID=96) to work on /home/airflow/.local/lib/python3.12/site-packages/airflow/example_dags/example_external_task_marker_dag.py
[2025-04-09T06:03:05.269+0000] {processor.py:914} INFO - Processing file /home/airflow/.local/lib/python3.12/site-packages/airflow/example_dags/example_external_task_marker_dag.py for tasks to queue
[2025-04-09T06:03:05.274+0000] {logging_mixin.py:190} INFO - [2025-04-09T06:03:05.273+0000] {dagbag.py:588} INFO - Filling up the DagBag from /home/airflow/.local/lib/python3.12/site-packages/airflow/example_dags/example_external_task_marker_dag.py
[2025-04-09T06:03:05.292+0000] {processor.py:925} INFO - DAG(s) 'example_external_task_marker_parent', 'example_external_task_marker_child' retrieved from /home/airflow/.local/lib/python3.12/site-packages/airflow/example_dags/example_external_task_marker_dag.py
[2025-04-09T06:03:05.494+0000] {logging_mixin.py:190} INFO - [2025-04-09T06:03:05.493+0000] {override.py:1912} INFO - Created Permission View: can edit on DAG:example_external_task_marker_parent
[2025-04-09T06:03:05.510+0000] {logging_mixin.py:190} INFO - [2025-04-09T06:03:05.510+0000] {override.py:1912} INFO - Created Permission View: can read on DAG:example_external_task_marker_parent
[2025-04-09T06:03:05.524+0000] {logging_mixin.py:190} INFO - [2025-04-09T06:03:05.524+0000] {override.py:1912} INFO - Created Permission View: can delete on DAG:example_external_task_marker_parent
[2025-04-09T06:03:05.543+0000] {logging_mixin.py:190} INFO - [2025-04-09T06:03:05.543+0000] {override.py:1912} INFO - Created Permission View: can create on DAG Run:example_external_task_marker_parent
[2025-04-09T06:03:05.555+0000] {logging_mixin.py:190} INFO - [2025-04-09T06:03:05.555+0000] {override.py:1912} INFO - Created Permission View: can read on DAG Run:example_external_task_marker_parent
[2025-04-09T06:03:05.569+0000] {logging_mixin.py:190} INFO - [2025-04-09T06:03:05.569+0000] {override.py:1912} INFO - Created Permission View: can delete on DAG Run:example_external_task_marker_parent
[2025-04-09T06:03:05.583+0000] {logging_mixin.py:190} INFO - [2025-04-09T06:03:05.582+0000] {override.py:1912} INFO - Created Permission View: menu access on DAG Run:example_external_task_marker_parent
[2025-04-09T06:03:05.608+0000] {logging_mixin.py:190} INFO - [2025-04-09T06:03:05.607+0000] {override.py:1912} INFO - Created Permission View: can edit on DAG:example_external_task_marker_child
[2025-04-09T06:03:05.620+0000] {logging_mixin.py:190} INFO - [2025-04-09T06:03:05.619+0000] {override.py:1912} INFO - Created Permission View: can read on DAG:example_external_task_marker_child
[2025-04-09T06:03:05.632+0000] {logging_mixin.py:190} INFO - [2025-04-09T06:03:05.632+0000] {override.py:1912} INFO - Created Permission View: can delete on DAG:example_external_task_marker_child
[2025-04-09T06:03:05.647+0000] {logging_mixin.py:190} INFO - [2025-04-09T06:03:05.647+0000] {override.py:1912} INFO - Created Permission View: can create on DAG Run:example_external_task_marker_child
[2025-04-09T06:03:05.660+0000] {logging_mixin.py:190} INFO - [2025-04-09T06:03:05.659+0000] {override.py:1912} INFO - Created Permission View: can read on DAG Run:example_external_task_marker_child
[2025-04-09T06:03:05.672+0000] {logging_mixin.py:190} INFO - [2025-04-09T06:03:05.672+0000] {override.py:1912} INFO - Created Permission View: can delete on DAG Run:example_external_task_marker_child
[2025-04-09T06:03:05.684+0000] {logging_mixin.py:190} INFO - [2025-04-09T06:03:05.683+0000] {override.py:1912} INFO - Created Permission View: menu access on DAG Run:example_external_task_marker_child
[2025-04-09T06:03:05.685+0000] {logging_mixin.py:190} INFO - [2025-04-09T06:03:05.685+0000] {dag.py:3239} INFO - Sync 2 DAGs
[2025-04-09T06:03:05.702+0000] {logging_mixin.py:190} INFO - [2025-04-09T06:03:05.702+0000] {dag.py:3262} INFO - Creating ORM DAG for example_external_task_marker_child
[2025-04-09T06:03:05.704+0000] {logging_mixin.py:190} INFO - [2025-04-09T06:03:05.703+0000] {dag.py:3262} INFO - Creating ORM DAG for example_external_task_marker_parent
[2025-04-09T06:03:05.706+0000] {logging_mixin.py:190} INFO - [2025-04-09T06:03:05.706+0000] {dag.py:4180} INFO - Setting next_dagrun for example_external_task_marker_child to None, run_after=None
[2025-04-09T06:03:05.708+0000] {logging_mixin.py:190} INFO - [2025-04-09T06:03:05.708+0000] {dag.py:4180} INFO - Setting next_dagrun for example_external_task_marker_parent to None, run_after=None
[2025-04-09T06:03:05.733+0000] {processor.py:208} INFO - Processing /home/airflow/.local/lib/python3.12/site-packages/airflow/example_dags/example_external_task_marker_dag.py took 0.477 seconds
[2025-04-09T06:03:36.400+0000] {processor.py:186} INFO - Started process (PID=160) to work on /home/airflow/.local/lib/python3.12/site-packages/airflow/example_dags/example_external_task_marker_dag.py
[2025-04-09T06:03:36.402+0000] {processor.py:914} INFO - Processing file /home/airflow/.local/lib/python3.12/site-packages/airflow/example_dags/example_external_task_marker_dag.py for tasks to queue
[2025-04-09T06:03:36.405+0000] {logging_mixin.py:190} INFO - [2025-04-09T06:03:36.405+0000] {dagbag.py:588} INFO - Filling up the DagBag from /home/airflow/.local/lib/python3.12/site-packages/airflow/example_dags/example_external_task_marker_dag.py
[2025-04-09T06:03:36.424+0000] {processor.py:925} INFO - DAG(s) 'example_external_task_marker_child', 'example_external_task_marker_parent' retrieved from /home/airflow/.local/lib/python3.12/site-packages/airflow/example_dags/example_external_task_marker_dag.py
[2025-04-09T06:03:36.469+0000] {logging_mixin.py:190} INFO - [2025-04-09T06:03:36.469+0000] {dag.py:3239} INFO - Sync 2 DAGs
[2025-04-09T06:03:36.487+0000] {logging_mixin.py:190} INFO - [2025-04-09T06:03:36.487+0000] {dag.py:4180} INFO - Setting next_dagrun for example_external_task_marker_child to None, run_after=None
[2025-04-09T06:03:36.492+0000] {logging_mixin.py:190} INFO - [2025-04-09T06:03:36.492+0000] {dag.py:4180} INFO - Setting next_dagrun for example_external_task_marker_parent to None, run_after=None
[2025-04-09T06:03:36.520+0000] {processor.py:208} INFO - Processing /home/airflow/.local/lib/python3.12/site-packages/airflow/example_dags/example_external_task_marker_dag.py took 0.139 seconds
[2025-04-09T06:04:07.029+0000] {processor.py:186} INFO - Started process (PID=224) to work on /home/airflow/.local/lib/python3.12/site-packages/airflow/example_dags/example_external_task_marker_dag.py
[2025-04-09T06:04:07.031+0000] {processor.py:914} INFO - Processing file /home/airflow/.local/lib/python3.12/site-packages/airflow/example_dags/example_external_task_marker_dag.py for tasks to queue
[2025-04-09T06:04:07.035+0000] {logging_mixin.py:190} INFO - [2025-04-09T06:04:07.035+0000] {dagbag.py:588} INFO - Filling up the DagBag from /home/airflow/.local/lib/python3.12/site-packages/airflow/example_dags/example_external_task_marker_dag.py
[2025-04-09T06:04:07.046+0000] {processor.py:925} INFO - DAG(s) 'example_external_task_marker_child', 'example_external_task_marker_parent' retrieved from /home/airflow/.local/lib/python3.12/site-packages/airflow/example_dags/example_external_task_marker_dag.py
[2025-04-09T06:04:07.074+0000] {logging_mixin.py:190} INFO - [2025-04-09T06:04:07.073+0000] {dag.py:3239} INFO - Sync 2 DAGs
[2025-04-09T06:04:07.091+0000] {logging_mixin.py:190} INFO - [2025-04-09T06:04:07.090+0000] {dag.py:4180} INFO - Setting next_dagrun for example_external_task_marker_child to None, run_after=None
[2025-04-09T06:04:07.098+0000] {logging_mixin.py:190} INFO - [2025-04-09T06:04:07.098+0000] {dag.py:4180} INFO - Setting next_dagrun for example_external_task_marker_parent to None, run_after=None
[2025-04-09T06:04:07.120+0000] {processor.py:208} INFO - Processing /home/airflow/.local/lib/python3.12/site-packages/airflow/example_dags/example_external_task_marker_dag.py took 0.100 seconds
[2025-04-09T06:04:37.996+0000] {processor.py:186} INFO - Started process (PID=288) to work on /home/airflow/.local/lib/python3.12/site-packages/airflow/example_dags/example_external_task_marker_dag.py
[2025-04-09T06:04:37.998+0000] {processor.py:914} INFO - Processing file /home/airflow/.local/lib/python3.12/site-packages/airflow/example_dags/example_external_task_marker_dag.py for tasks to queue
[2025-04-09T06:04:38.003+0000] {logging_mixin.py:190} INFO - [2025-04-09T06:04:38.003+0000] {dagbag.py:588} INFO - Filling up the DagBag from /home/airflow/.local/lib/python3.12/site-packages/airflow/example_dags/example_external_task_marker_dag.py
[2025-04-09T06:04:38.021+0000] {processor.py:925} INFO - DAG(s) 'example_external_task_marker_child', 'example_external_task_marker_parent' retrieved from /home/airflow/.local/lib/python3.12/site-packages/airflow/example_dags/example_external_task_marker_dag.py
[2025-04-09T06:04:38.049+0000] {logging_mixin.py:190} INFO - [2025-04-09T06:04:38.049+0000] {dag.py:3239} INFO - Sync 2 DAGs
[2025-04-09T06:04:38.071+0000] {logging_mixin.py:190} INFO - [2025-04-09T06:04:38.071+0000] {dag.py:4180} INFO - Setting next_dagrun for example_external_task_marker_child to None, run_after=None
[2025-04-09T06:04:38.076+0000] {logging_mixin.py:190} INFO - [2025-04-09T06:04:38.076+0000] {dag.py:4180} INFO - Setting next_dagrun for example_external_task_marker_parent to None, run_after=None
[2025-04-09T06:04:38.103+0000] {processor.py:208} INFO - Processing /home/airflow/.local/lib/python3.12/site-packages/airflow/example_dags/example_external_task_marker_dag.py took 0.114 seconds
[2025-04-09T06:05:08.566+0000] {processor.py:186} INFO - Started process (PID=352) to work on /home/airflow/.local/lib/python3.12/site-packages/airflow/example_dags/example_external_task_marker_dag.py
[2025-04-09T06:05:08.567+0000] {processor.py:914} INFO - Processing file /home/airflow/.local/lib/python3.12/site-packages/airflow/example_dags/example_external_task_marker_dag.py for tasks to queue
[2025-04-09T06:05:08.571+0000] {logging_mixin.py:190} INFO - [2025-04-09T06:05:08.570+0000] {dagbag.py:588} INFO - Filling up the DagBag from /home/airflow/.local/lib/python3.12/site-packages/airflow/example_dags/example_external_task_marker_dag.py
[2025-04-09T06:05:08.584+0000] {processor.py:925} INFO - DAG(s) 'example_external_task_marker_parent', 'example_external_task_marker_child' retrieved from /home/airflow/.local/lib/python3.12/site-packages/airflow/example_dags/example_external_task_marker_dag.py
[2025-04-09T06:05:08.617+0000] {logging_mixin.py:190} INFO - [2025-04-09T06:05:08.616+0000] {dag.py:3239} INFO - Sync 2 DAGs
[2025-04-09T06:05:08.642+0000] {logging_mixin.py:190} INFO - [2025-04-09T06:05:08.642+0000] {dag.py:4180} INFO - Setting next_dagrun for example_external_task_marker_child to None, run_after=None
[2025-04-09T06:05:08.648+0000] {logging_mixin.py:190} INFO - [2025-04-09T06:05:08.648+0000] {dag.py:4180} INFO - Setting next_dagrun for example_external_task_marker_parent to None, run_after=None
[2025-04-09T06:05:08.685+0000] {processor.py:208} INFO - Processing /home/airflow/.local/lib/python3.12/site-packages/airflow/example_dags/example_external_task_marker_dag.py took 0.125 seconds
[2025-04-09T06:05:38.984+0000] {processor.py:186} INFO - Started process (PID=416) to work on /home/airflow/.local/lib/python3.12/site-packages/airflow/example_dags/example_external_task_marker_dag.py
[2025-04-09T06:05:38.986+0000] {processor.py:914} INFO - Processing file /home/airflow/.local/lib/python3.12/site-packages/airflow/example_dags/example_external_task_marker_dag.py for tasks to queue
[2025-04-09T06:05:38.990+0000] {logging_mixin.py:190} INFO - [2025-04-09T06:05:38.989+0000] {dagbag.py:588} INFO - Filling up the DagBag from /home/airflow/.local/lib/python3.12/site-packages/airflow/example_dags/example_external_task_marker_dag.py
[2025-04-09T06:05:39.004+0000] {processor.py:925} INFO - DAG(s) 'example_external_task_marker_parent', 'example_external_task_marker_child' retrieved from /home/airflow/.local/lib/python3.12/site-packages/airflow/example_dags/example_external_task_marker_dag.py
[2025-04-09T06:05:39.039+0000] {logging_mixin.py:190} INFO - [2025-04-09T06:05:39.038+0000] {dag.py:3239} INFO - Sync 2 DAGs
[2025-04-09T06:05:39.058+0000] {logging_mixin.py:190} INFO - [2025-04-09T06:05:39.057+0000] {dag.py:4180} INFO - Setting next_dagrun for example_external_task_marker_child to None, run_after=None
[2025-04-09T06:05:39.072+0000] {logging_mixin.py:190} INFO - [2025-04-09T06:05:39.071+0000] {dag.py:4180} INFO - Setting next_dagrun for example_external_task_marker_parent to None, run_after=None
[2025-04-09T06:05:39.106+0000] {processor.py:208} INFO - Processing /home/airflow/.local/lib/python3.12/site-packages/airflow/example_dags/example_external_task_marker_dag.py took 0.129 seconds
[2025-04-09T17:13:50.650+0000] {processor.py:186} INFO - Started process (PID=488) to work on /home/airflow/.local/lib/python3.12/site-packages/airflow/example_dags/example_external_task_marker_dag.py
[2025-04-09T17:13:50.652+0000] {processor.py:914} INFO - Processing file /home/airflow/.local/lib/python3.12/site-packages/airflow/example_dags/example_external_task_marker_dag.py for tasks to queue
[2025-04-09T17:13:50.656+0000] {logging_mixin.py:190} INFO - [2025-04-09T17:13:50.655+0000] {dagbag.py:588} INFO - Filling up the DagBag from /home/airflow/.local/lib/python3.12/site-packages/airflow/example_dags/example_external_task_marker_dag.py
[2025-04-09T17:13:50.678+0000] {processor.py:925} INFO - DAG(s) 'example_external_task_marker_child', 'example_external_task_marker_parent' retrieved from /home/airflow/.local/lib/python3.12/site-packages/airflow/example_dags/example_external_task_marker_dag.py
[2025-04-09T17:13:50.738+0000] {logging_mixin.py:190} INFO - [2025-04-09T17:13:50.737+0000] {dag.py:3239} INFO - Sync 2 DAGs
[2025-04-09T17:13:50.783+0000] {logging_mixin.py:190} INFO - [2025-04-09T17:13:50.782+0000] {dag.py:4180} INFO - Setting next_dagrun for example_external_task_marker_child to None, run_after=None
[2025-04-09T17:13:50.799+0000] {logging_mixin.py:190} INFO - [2025-04-09T17:13:50.798+0000] {dag.py:4180} INFO - Setting next_dagrun for example_external_task_marker_parent to None, run_after=None
[2025-04-09T17:13:50.855+0000] {processor.py:208} INFO - Processing /home/airflow/.local/lib/python3.12/site-packages/airflow/example_dags/example_external_task_marker_dag.py took 0.215 seconds
