[2025-04-09T06:02:54.854+0000] {processor.py:186} INFO - Started process (PID=63) to work on /home/airflow/.local/lib/python3.12/site-packages/airflow/example_dags/example_datasets.py
[2025-04-09T06:02:54.856+0000] {processor.py:914} INFO - Processing file /home/airflow/.local/lib/python3.12/site-packages/airflow/example_dags/example_datasets.py for tasks to queue
[2025-04-09T06:02:54.859+0000] {logging_mixin.py:190} INFO - [2025-04-09T06:02:54.858+0000] {dagbag.py:588} INFO - Filling up the DagBag from /home/airflow/.local/lib/python3.12/site-packages/airflow/example_dags/example_datasets.py
[2025-04-09T06:02:56.024+0000] {processor.py:925} INFO - DAG(s) 'dataset_consumes_1', 'dataset_produces_1', 'consume_1_and_2_with_dataset_expressions', 'consume_1_or_2_with_dataset_expressions', 'consume_1_or_both_2_and_3_with_dataset_expressions', 'conditional_dataset_and_time_based_timetable', 'dataset_consumes_unknown_never_scheduled', 'dataset_produces_2', 'dataset_consumes_1_and_2', 'dataset_consumes_1_never_scheduled' retrieved from /home/airflow/.local/lib/python3.12/site-packages/airflow/example_dags/example_datasets.py
[2025-04-09T06:02:56.297+0000] {logging_mixin.py:190} INFO - [2025-04-09T06:02:56.291+0000] {override.py:1912} INFO - Created Permission View: can edit on DAG:dataset_consumes_1
[2025-04-09T06:02:56.332+0000] {logging_mixin.py:190} INFO - [2025-04-09T06:02:56.332+0000] {override.py:1912} INFO - Created Permission View: can read on DAG:dataset_consumes_1
[2025-04-09T06:02:56.353+0000] {logging_mixin.py:190} INFO - [2025-04-09T06:02:56.352+0000] {override.py:1912} INFO - Created Permission View: can delete on DAG:dataset_consumes_1
[2025-04-09T06:02:56.381+0000] {logging_mixin.py:190} INFO - [2025-04-09T06:02:56.380+0000] {override.py:1912} INFO - Created Permission View: can create on DAG Run:dataset_consumes_1
[2025-04-09T06:02:56.401+0000] {logging_mixin.py:190} INFO - [2025-04-09T06:02:56.400+0000] {override.py:1912} INFO - Created Permission View: can read on DAG Run:dataset_consumes_1
[2025-04-09T06:02:56.425+0000] {logging_mixin.py:190} INFO - [2025-04-09T06:02:56.425+0000] {override.py:1912} INFO - Created Permission View: can delete on DAG Run:dataset_consumes_1
[2025-04-09T06:02:56.444+0000] {logging_mixin.py:190} INFO - [2025-04-09T06:02:56.444+0000] {override.py:1912} INFO - Created Permission View: menu access on DAG Run:dataset_consumes_1
[2025-04-09T06:02:56.476+0000] {logging_mixin.py:190} INFO - [2025-04-09T06:02:56.476+0000] {override.py:1912} INFO - Created Permission View: can edit on DAG:dataset_produces_1
[2025-04-09T06:02:56.492+0000] {logging_mixin.py:190} INFO - [2025-04-09T06:02:56.492+0000] {override.py:1912} INFO - Created Permission View: can read on DAG:dataset_produces_1
[2025-04-09T06:02:56.508+0000] {logging_mixin.py:190} INFO - [2025-04-09T06:02:56.507+0000] {override.py:1912} INFO - Created Permission View: can delete on DAG:dataset_produces_1
[2025-04-09T06:02:56.527+0000] {logging_mixin.py:190} INFO - [2025-04-09T06:02:56.526+0000] {override.py:1912} INFO - Created Permission View: can create on DAG Run:dataset_produces_1
[2025-04-09T06:02:56.545+0000] {logging_mixin.py:190} INFO - [2025-04-09T06:02:56.544+0000] {override.py:1912} INFO - Created Permission View: can read on DAG Run:dataset_produces_1
[2025-04-09T06:02:56.562+0000] {logging_mixin.py:190} INFO - [2025-04-09T06:02:56.561+0000] {override.py:1912} INFO - Created Permission View: can delete on DAG Run:dataset_produces_1
[2025-04-09T06:02:56.582+0000] {logging_mixin.py:190} INFO - [2025-04-09T06:02:56.581+0000] {override.py:1912} INFO - Created Permission View: menu access on DAG Run:dataset_produces_1
[2025-04-09T06:02:56.616+0000] {logging_mixin.py:190} INFO - [2025-04-09T06:02:56.616+0000] {override.py:1912} INFO - Created Permission View: can edit on DAG:consume_1_and_2_with_dataset_expressions
[2025-04-09T06:02:56.632+0000] {logging_mixin.py:190} INFO - [2025-04-09T06:02:56.632+0000] {override.py:1912} INFO - Created Permission View: can read on DAG:consume_1_and_2_with_dataset_expressions
[2025-04-09T06:02:56.647+0000] {logging_mixin.py:190} INFO - [2025-04-09T06:02:56.647+0000] {override.py:1912} INFO - Created Permission View: can delete on DAG:consume_1_and_2_with_dataset_expressions
[2025-04-09T06:02:56.666+0000] {logging_mixin.py:190} INFO - [2025-04-09T06:02:56.666+0000] {override.py:1912} INFO - Created Permission View: can create on DAG Run:consume_1_and_2_with_dataset_expressions
[2025-04-09T06:02:56.678+0000] {logging_mixin.py:190} INFO - [2025-04-09T06:02:56.678+0000] {override.py:1912} INFO - Created Permission View: can read on DAG Run:consume_1_and_2_with_dataset_expressions
[2025-04-09T06:02:56.695+0000] {logging_mixin.py:190} INFO - [2025-04-09T06:02:56.694+0000] {override.py:1912} INFO - Created Permission View: can delete on DAG Run:consume_1_and_2_with_dataset_expressions
[2025-04-09T06:02:56.709+0000] {logging_mixin.py:190} INFO - [2025-04-09T06:02:56.709+0000] {override.py:1912} INFO - Created Permission View: menu access on DAG Run:consume_1_and_2_with_dataset_expressions
[2025-04-09T06:02:56.736+0000] {logging_mixin.py:190} INFO - [2025-04-09T06:02:56.736+0000] {override.py:1912} INFO - Created Permission View: can edit on DAG:consume_1_or_2_with_dataset_expressions
[2025-04-09T06:02:56.749+0000] {logging_mixin.py:190} INFO - [2025-04-09T06:02:56.749+0000] {override.py:1912} INFO - Created Permission View: can read on DAG:consume_1_or_2_with_dataset_expressions
[2025-04-09T06:02:56.762+0000] {logging_mixin.py:190} INFO - [2025-04-09T06:02:56.761+0000] {override.py:1912} INFO - Created Permission View: can delete on DAG:consume_1_or_2_with_dataset_expressions
[2025-04-09T06:02:56.781+0000] {logging_mixin.py:190} INFO - [2025-04-09T06:02:56.781+0000] {override.py:1912} INFO - Created Permission View: can create on DAG Run:consume_1_or_2_with_dataset_expressions
[2025-04-09T06:02:56.795+0000] {logging_mixin.py:190} INFO - [2025-04-09T06:02:56.795+0000] {override.py:1912} INFO - Created Permission View: can read on DAG Run:consume_1_or_2_with_dataset_expressions
[2025-04-09T06:02:56.809+0000] {logging_mixin.py:190} INFO - [2025-04-09T06:02:56.809+0000] {override.py:1912} INFO - Created Permission View: can delete on DAG Run:consume_1_or_2_with_dataset_expressions
[2025-04-09T06:02:56.823+0000] {logging_mixin.py:190} INFO - [2025-04-09T06:02:56.823+0000] {override.py:1912} INFO - Created Permission View: menu access on DAG Run:consume_1_or_2_with_dataset_expressions
[2025-04-09T06:02:56.854+0000] {logging_mixin.py:190} INFO - [2025-04-09T06:02:56.853+0000] {override.py:1912} INFO - Created Permission View: can edit on DAG:consume_1_or_both_2_and_3_with_dataset_expressions
[2025-04-09T06:02:56.869+0000] {logging_mixin.py:190} INFO - [2025-04-09T06:02:56.868+0000] {override.py:1912} INFO - Created Permission View: can read on DAG:consume_1_or_both_2_and_3_with_dataset_expressions
[2025-04-09T06:02:56.881+0000] {logging_mixin.py:190} INFO - [2025-04-09T06:02:56.880+0000] {override.py:1912} INFO - Created Permission View: can delete on DAG:consume_1_or_both_2_and_3_with_dataset_expressions
[2025-04-09T06:02:56.902+0000] {logging_mixin.py:190} INFO - [2025-04-09T06:02:56.902+0000] {override.py:1912} INFO - Created Permission View: can create on DAG Run:consume_1_or_both_2_and_3_with_dataset_expressions
[2025-04-09T06:02:56.914+0000] {logging_mixin.py:190} INFO - [2025-04-09T06:02:56.913+0000] {override.py:1912} INFO - Created Permission View: can read on DAG Run:consume_1_or_both_2_and_3_with_dataset_expressions
[2025-04-09T06:02:56.931+0000] {logging_mixin.py:190} INFO - [2025-04-09T06:02:56.930+0000] {override.py:1912} INFO - Created Permission View: can delete on DAG Run:consume_1_or_both_2_and_3_with_dataset_expressions
[2025-04-09T06:02:56.947+0000] {logging_mixin.py:190} INFO - [2025-04-09T06:02:56.946+0000] {override.py:1912} INFO - Created Permission View: menu access on DAG Run:consume_1_or_both_2_and_3_with_dataset_expressions
[2025-04-09T06:02:56.974+0000] {logging_mixin.py:190} INFO - [2025-04-09T06:02:56.973+0000] {override.py:1912} INFO - Created Permission View: can edit on DAG:conditional_dataset_and_time_based_timetable
[2025-04-09T06:02:56.986+0000] {logging_mixin.py:190} INFO - [2025-04-09T06:02:56.986+0000] {override.py:1912} INFO - Created Permission View: can read on DAG:conditional_dataset_and_time_based_timetable
[2025-04-09T06:02:57.000+0000] {logging_mixin.py:190} INFO - [2025-04-09T06:02:56.999+0000] {override.py:1912} INFO - Created Permission View: can delete on DAG:conditional_dataset_and_time_based_timetable
[2025-04-09T06:02:57.025+0000] {logging_mixin.py:190} INFO - [2025-04-09T06:02:57.024+0000] {override.py:1912} INFO - Created Permission View: can create on DAG Run:conditional_dataset_and_time_based_timetable
[2025-04-09T06:02:57.037+0000] {logging_mixin.py:190} INFO - [2025-04-09T06:02:57.036+0000] {override.py:1912} INFO - Created Permission View: can read on DAG Run:conditional_dataset_and_time_based_timetable
[2025-04-09T06:02:57.049+0000] {logging_mixin.py:190} INFO - [2025-04-09T06:02:57.049+0000] {override.py:1912} INFO - Created Permission View: can delete on DAG Run:conditional_dataset_and_time_based_timetable
[2025-04-09T06:02:57.060+0000] {logging_mixin.py:190} INFO - [2025-04-09T06:02:57.060+0000] {override.py:1912} INFO - Created Permission View: menu access on DAG Run:conditional_dataset_and_time_based_timetable
[2025-04-09T06:02:57.082+0000] {logging_mixin.py:190} INFO - [2025-04-09T06:02:57.081+0000] {override.py:1912} INFO - Created Permission View: can edit on DAG:dataset_consumes_unknown_never_scheduled
[2025-04-09T06:02:57.093+0000] {logging_mixin.py:190} INFO - [2025-04-09T06:02:57.093+0000] {override.py:1912} INFO - Created Permission View: can read on DAG:dataset_consumes_unknown_never_scheduled
[2025-04-09T06:02:57.113+0000] {logging_mixin.py:190} INFO - [2025-04-09T06:02:57.112+0000] {override.py:1912} INFO - Created Permission View: can delete on DAG:dataset_consumes_unknown_never_scheduled
[2025-04-09T06:02:57.130+0000] {logging_mixin.py:190} INFO - [2025-04-09T06:02:57.130+0000] {override.py:1912} INFO - Created Permission View: can create on DAG Run:dataset_consumes_unknown_never_scheduled
[2025-04-09T06:02:57.143+0000] {logging_mixin.py:190} INFO - [2025-04-09T06:02:57.142+0000] {override.py:1912} INFO - Created Permission View: can read on DAG Run:dataset_consumes_unknown_never_scheduled
[2025-04-09T06:02:57.156+0000] {logging_mixin.py:190} INFO - [2025-04-09T06:02:57.155+0000] {override.py:1912} INFO - Created Permission View: can delete on DAG Run:dataset_consumes_unknown_never_scheduled
[2025-04-09T06:02:57.168+0000] {logging_mixin.py:190} INFO - [2025-04-09T06:02:57.168+0000] {override.py:1912} INFO - Created Permission View: menu access on DAG Run:dataset_consumes_unknown_never_scheduled
[2025-04-09T06:02:57.191+0000] {logging_mixin.py:190} INFO - [2025-04-09T06:02:57.191+0000] {override.py:1912} INFO - Created Permission View: can edit on DAG:dataset_produces_2
[2025-04-09T06:02:57.205+0000] {logging_mixin.py:190} INFO - [2025-04-09T06:02:57.205+0000] {override.py:1912} INFO - Created Permission View: can read on DAG:dataset_produces_2
[2025-04-09T06:02:57.220+0000] {logging_mixin.py:190} INFO - [2025-04-09T06:02:57.219+0000] {override.py:1912} INFO - Created Permission View: can delete on DAG:dataset_produces_2
[2025-04-09T06:02:57.234+0000] {logging_mixin.py:190} INFO - [2025-04-09T06:02:57.234+0000] {override.py:1912} INFO - Created Permission View: can create on DAG Run:dataset_produces_2
[2025-04-09T06:02:57.247+0000] {logging_mixin.py:190} INFO - [2025-04-09T06:02:57.247+0000] {override.py:1912} INFO - Created Permission View: can read on DAG Run:dataset_produces_2
[2025-04-09T06:02:57.260+0000] {logging_mixin.py:190} INFO - [2025-04-09T06:02:57.259+0000] {override.py:1912} INFO - Created Permission View: can delete on DAG Run:dataset_produces_2
[2025-04-09T06:02:57.271+0000] {logging_mixin.py:190} INFO - [2025-04-09T06:02:57.271+0000] {override.py:1912} INFO - Created Permission View: menu access on DAG Run:dataset_produces_2
[2025-04-09T06:02:57.297+0000] {logging_mixin.py:190} INFO - [2025-04-09T06:02:57.297+0000] {override.py:1912} INFO - Created Permission View: can edit on DAG:dataset_consumes_1_and_2
[2025-04-09T06:02:57.310+0000] {logging_mixin.py:190} INFO - [2025-04-09T06:02:57.310+0000] {override.py:1912} INFO - Created Permission View: can read on DAG:dataset_consumes_1_and_2
[2025-04-09T06:02:57.323+0000] {logging_mixin.py:190} INFO - [2025-04-09T06:02:57.322+0000] {override.py:1912} INFO - Created Permission View: can delete on DAG:dataset_consumes_1_and_2
[2025-04-09T06:02:57.339+0000] {logging_mixin.py:190} INFO - [2025-04-09T06:02:57.339+0000] {override.py:1912} INFO - Created Permission View: can create on DAG Run:dataset_consumes_1_and_2
[2025-04-09T06:02:57.367+0000] {logging_mixin.py:190} INFO - [2025-04-09T06:02:57.366+0000] {override.py:1912} INFO - Created Permission View: can read on DAG Run:dataset_consumes_1_and_2
[2025-04-09T06:02:57.391+0000] {logging_mixin.py:190} INFO - [2025-04-09T06:02:57.391+0000] {override.py:1912} INFO - Created Permission View: can delete on DAG Run:dataset_consumes_1_and_2
[2025-04-09T06:02:57.412+0000] {logging_mixin.py:190} INFO - [2025-04-09T06:02:57.411+0000] {override.py:1912} INFO - Created Permission View: menu access on DAG Run:dataset_consumes_1_and_2
[2025-04-09T06:02:57.440+0000] {logging_mixin.py:190} INFO - [2025-04-09T06:02:57.440+0000] {override.py:1912} INFO - Created Permission View: can edit on DAG:dataset_consumes_1_never_scheduled
[2025-04-09T06:02:57.457+0000] {logging_mixin.py:190} INFO - [2025-04-09T06:02:57.457+0000] {override.py:1912} INFO - Created Permission View: can read on DAG:dataset_consumes_1_never_scheduled
[2025-04-09T06:02:57.470+0000] {logging_mixin.py:190} INFO - [2025-04-09T06:02:57.470+0000] {override.py:1912} INFO - Created Permission View: can delete on DAG:dataset_consumes_1_never_scheduled
[2025-04-09T06:02:57.486+0000] {logging_mixin.py:190} INFO - [2025-04-09T06:02:57.485+0000] {override.py:1912} INFO - Created Permission View: can create on DAG Run:dataset_consumes_1_never_scheduled
[2025-04-09T06:02:57.497+0000] {logging_mixin.py:190} INFO - [2025-04-09T06:02:57.497+0000] {override.py:1912} INFO - Created Permission View: can read on DAG Run:dataset_consumes_1_never_scheduled
[2025-04-09T06:02:57.509+0000] {logging_mixin.py:190} INFO - [2025-04-09T06:02:57.508+0000] {override.py:1912} INFO - Created Permission View: can delete on DAG Run:dataset_consumes_1_never_scheduled
[2025-04-09T06:02:57.522+0000] {logging_mixin.py:190} INFO - [2025-04-09T06:02:57.522+0000] {override.py:1912} INFO - Created Permission View: menu access on DAG Run:dataset_consumes_1_never_scheduled
[2025-04-09T06:02:57.523+0000] {logging_mixin.py:190} INFO - [2025-04-09T06:02:57.523+0000] {dag.py:3239} INFO - Sync 10 DAGs
[2025-04-09T06:02:57.542+0000] {logging_mixin.py:190} INFO - [2025-04-09T06:02:57.541+0000] {dag.py:3262} INFO - Creating ORM DAG for dataset_produces_2
[2025-04-09T06:02:57.545+0000] {logging_mixin.py:190} INFO - [2025-04-09T06:02:57.545+0000] {dag.py:3262} INFO - Creating ORM DAG for consume_1_and_2_with_dataset_expressions
[2025-04-09T06:02:57.549+0000] {logging_mixin.py:190} INFO - [2025-04-09T06:02:57.549+0000] {dag.py:3262} INFO - Creating ORM DAG for consume_1_or_both_2_and_3_with_dataset_expressions
[2025-04-09T06:02:57.550+0000] {logging_mixin.py:190} INFO - [2025-04-09T06:02:57.550+0000] {dag.py:3262} INFO - Creating ORM DAG for dataset_produces_1
[2025-04-09T06:02:57.552+0000] {logging_mixin.py:190} INFO - [2025-04-09T06:02:57.552+0000] {dag.py:3262} INFO - Creating ORM DAG for conditional_dataset_and_time_based_timetable
[2025-04-09T06:02:57.553+0000] {logging_mixin.py:190} INFO - [2025-04-09T06:02:57.553+0000] {dag.py:3262} INFO - Creating ORM DAG for dataset_consumes_1_never_scheduled
[2025-04-09T06:02:57.554+0000] {logging_mixin.py:190} INFO - [2025-04-09T06:02:57.554+0000] {dag.py:3262} INFO - Creating ORM DAG for dataset_consumes_1_and_2
[2025-04-09T06:02:57.555+0000] {logging_mixin.py:190} INFO - [2025-04-09T06:02:57.554+0000] {dag.py:3262} INFO - Creating ORM DAG for dataset_consumes_1
[2025-04-09T06:02:57.555+0000] {logging_mixin.py:190} INFO - [2025-04-09T06:02:57.555+0000] {dag.py:3262} INFO - Creating ORM DAG for consume_1_or_2_with_dataset_expressions
[2025-04-09T06:02:57.556+0000] {logging_mixin.py:190} INFO - [2025-04-09T06:02:57.556+0000] {dag.py:3262} INFO - Creating ORM DAG for dataset_consumes_unknown_never_scheduled
[2025-04-09T06:02:57.574+0000] {logging_mixin.py:190} INFO - [2025-04-09T06:02:57.573+0000] {dag.py:4180} INFO - Setting next_dagrun for conditional_dataset_and_time_based_timetable to 2025-04-09 01:00:00+00:00, run_after=2025-04-09 01:00:00+00:00
[2025-04-09T06:02:57.575+0000] {logging_mixin.py:190} INFO - [2025-04-09T06:02:57.575+0000] {dag.py:4180} INFO - Setting next_dagrun for consume_1_and_2_with_dataset_expressions to None, run_after=None
[2025-04-09T06:02:57.576+0000] {logging_mixin.py:190} INFO - [2025-04-09T06:02:57.576+0000] {dag.py:4180} INFO - Setting next_dagrun for consume_1_or_2_with_dataset_expressions to None, run_after=None
[2025-04-09T06:02:57.578+0000] {logging_mixin.py:190} INFO - [2025-04-09T06:02:57.577+0000] {dag.py:4180} INFO - Setting next_dagrun for consume_1_or_both_2_and_3_with_dataset_expressions to None, run_after=None
[2025-04-09T06:02:57.579+0000] {logging_mixin.py:190} INFO - [2025-04-09T06:02:57.578+0000] {dag.py:4180} INFO - Setting next_dagrun for dataset_consumes_1 to None, run_after=None
[2025-04-09T06:02:57.586+0000] {logging_mixin.py:190} INFO - [2025-04-09T06:02:57.586+0000] {dag.py:4180} INFO - Setting next_dagrun for dataset_consumes_1_and_2 to None, run_after=None
[2025-04-09T06:02:57.588+0000] {logging_mixin.py:190} INFO - [2025-04-09T06:02:57.588+0000] {dag.py:4180} INFO - Setting next_dagrun for dataset_consumes_1_never_scheduled to None, run_after=None
[2025-04-09T06:02:57.590+0000] {logging_mixin.py:190} INFO - [2025-04-09T06:02:57.590+0000] {dag.py:4180} INFO - Setting next_dagrun for dataset_consumes_unknown_never_scheduled to None, run_after=None
[2025-04-09T06:02:57.593+0000] {logging_mixin.py:190} INFO - [2025-04-09T06:02:57.592+0000] {dag.py:4180} INFO - Setting next_dagrun for dataset_produces_1 to 2025-04-08 00:00:00+00:00, run_after=2025-04-09 00:00:00+00:00
[2025-04-09T06:02:57.594+0000] {logging_mixin.py:190} INFO - [2025-04-09T06:02:57.594+0000] {dag.py:4180} INFO - Setting next_dagrun for dataset_produces_2 to None, run_after=None
[2025-04-09T06:02:57.677+0000] {processor.py:208} INFO - Processing /home/airflow/.local/lib/python3.12/site-packages/airflow/example_dags/example_datasets.py took 2.831 seconds
[2025-04-09T06:03:27.867+0000] {processor.py:186} INFO - Started process (PID=129) to work on /home/airflow/.local/lib/python3.12/site-packages/airflow/example_dags/example_datasets.py
[2025-04-09T06:03:27.869+0000] {processor.py:914} INFO - Processing file /home/airflow/.local/lib/python3.12/site-packages/airflow/example_dags/example_datasets.py for tasks to queue
[2025-04-09T06:03:27.873+0000] {logging_mixin.py:190} INFO - [2025-04-09T06:03:27.872+0000] {dagbag.py:588} INFO - Filling up the DagBag from /home/airflow/.local/lib/python3.12/site-packages/airflow/example_dags/example_datasets.py
[2025-04-09T06:03:29.282+0000] {processor.py:925} INFO - DAG(s) 'consume_1_or_both_2_and_3_with_dataset_expressions', 'conditional_dataset_and_time_based_timetable', 'dataset_consumes_1_and_2', 'dataset_produces_1', 'dataset_produces_2', 'consume_1_and_2_with_dataset_expressions', 'consume_1_or_2_with_dataset_expressions', 'dataset_consumes_1', 'dataset_consumes_1_never_scheduled', 'dataset_consumes_unknown_never_scheduled' retrieved from /home/airflow/.local/lib/python3.12/site-packages/airflow/example_dags/example_datasets.py
[2025-04-09T06:03:29.375+0000] {logging_mixin.py:190} INFO - [2025-04-09T06:03:29.374+0000] {dag.py:3239} INFO - Sync 10 DAGs
[2025-04-09T06:03:29.427+0000] {logging_mixin.py:190} INFO - [2025-04-09T06:03:29.427+0000] {dag.py:4180} INFO - Setting next_dagrun for conditional_dataset_and_time_based_timetable to 2025-04-09 01:00:00+00:00, run_after=2025-04-09 01:00:00+00:00
[2025-04-09T06:03:29.487+0000] {logging_mixin.py:190} INFO - [2025-04-09T06:03:29.487+0000] {dag.py:4180} INFO - Setting next_dagrun for consume_1_and_2_with_dataset_expressions to None, run_after=None
[2025-04-09T06:03:29.497+0000] {logging_mixin.py:190} INFO - [2025-04-09T06:03:29.496+0000] {dag.py:4180} INFO - Setting next_dagrun for consume_1_or_2_with_dataset_expressions to None, run_after=None
[2025-04-09T06:03:29.503+0000] {logging_mixin.py:190} INFO - [2025-04-09T06:03:29.503+0000] {dag.py:4180} INFO - Setting next_dagrun for consume_1_or_both_2_and_3_with_dataset_expressions to None, run_after=None
[2025-04-09T06:03:29.507+0000] {logging_mixin.py:190} INFO - [2025-04-09T06:03:29.506+0000] {dag.py:4180} INFO - Setting next_dagrun for dataset_consumes_1 to None, run_after=None
[2025-04-09T06:03:29.511+0000] {logging_mixin.py:190} INFO - [2025-04-09T06:03:29.511+0000] {dag.py:4180} INFO - Setting next_dagrun for dataset_consumes_1_and_2 to None, run_after=None
[2025-04-09T06:03:29.518+0000] {logging_mixin.py:190} INFO - [2025-04-09T06:03:29.518+0000] {dag.py:4180} INFO - Setting next_dagrun for dataset_consumes_1_never_scheduled to None, run_after=None
[2025-04-09T06:03:29.522+0000] {logging_mixin.py:190} INFO - [2025-04-09T06:03:29.521+0000] {dag.py:4180} INFO - Setting next_dagrun for dataset_consumes_unknown_never_scheduled to None, run_after=None
[2025-04-09T06:03:29.531+0000] {logging_mixin.py:190} INFO - [2025-04-09T06:03:29.530+0000] {dag.py:4180} INFO - Setting next_dagrun for dataset_produces_1 to 2025-04-08 00:00:00+00:00, run_after=2025-04-09 00:00:00+00:00
[2025-04-09T06:03:29.537+0000] {logging_mixin.py:190} INFO - [2025-04-09T06:03:29.535+0000] {dag.py:4180} INFO - Setting next_dagrun for dataset_produces_2 to None, run_after=None
[2025-04-09T06:03:29.646+0000] {processor.py:208} INFO - Processing /home/airflow/.local/lib/python3.12/site-packages/airflow/example_dags/example_datasets.py took 1.788 seconds
[2025-04-09T06:04:00.342+0000] {processor.py:186} INFO - Started process (PID=194) to work on /home/airflow/.local/lib/python3.12/site-packages/airflow/example_dags/example_datasets.py
[2025-04-09T06:04:00.344+0000] {processor.py:914} INFO - Processing file /home/airflow/.local/lib/python3.12/site-packages/airflow/example_dags/example_datasets.py for tasks to queue
[2025-04-09T06:04:00.349+0000] {logging_mixin.py:190} INFO - [2025-04-09T06:04:00.347+0000] {dagbag.py:588} INFO - Filling up the DagBag from /home/airflow/.local/lib/python3.12/site-packages/airflow/example_dags/example_datasets.py
[2025-04-09T06:04:01.098+0000] {processor.py:925} INFO - DAG(s) 'dataset_consumes_1', 'dataset_produces_2', 'dataset_consumes_1_and_2', 'dataset_produces_1', 'conditional_dataset_and_time_based_timetable', 'consume_1_or_both_2_and_3_with_dataset_expressions', 'dataset_consumes_1_never_scheduled', 'consume_1_or_2_with_dataset_expressions', 'dataset_consumes_unknown_never_scheduled', 'consume_1_and_2_with_dataset_expressions' retrieved from /home/airflow/.local/lib/python3.12/site-packages/airflow/example_dags/example_datasets.py
[2025-04-09T06:04:01.155+0000] {logging_mixin.py:190} INFO - [2025-04-09T06:04:01.155+0000] {dag.py:3239} INFO - Sync 10 DAGs
[2025-04-09T06:04:01.189+0000] {logging_mixin.py:190} INFO - [2025-04-09T06:04:01.189+0000] {dag.py:4180} INFO - Setting next_dagrun for conditional_dataset_and_time_based_timetable to 2025-04-09 01:00:00+00:00, run_after=2025-04-09 01:00:00+00:00
[2025-04-09T06:04:01.231+0000] {logging_mixin.py:190} INFO - [2025-04-09T06:04:01.230+0000] {dag.py:4180} INFO - Setting next_dagrun for consume_1_and_2_with_dataset_expressions to None, run_after=None
[2025-04-09T06:04:01.240+0000] {logging_mixin.py:190} INFO - [2025-04-09T06:04:01.240+0000] {dag.py:4180} INFO - Setting next_dagrun for consume_1_or_2_with_dataset_expressions to None, run_after=None
[2025-04-09T06:04:01.247+0000] {logging_mixin.py:190} INFO - [2025-04-09T06:04:01.247+0000] {dag.py:4180} INFO - Setting next_dagrun for consume_1_or_both_2_and_3_with_dataset_expressions to None, run_after=None
[2025-04-09T06:04:01.273+0000] {logging_mixin.py:190} INFO - [2025-04-09T06:04:01.273+0000] {dag.py:4180} INFO - Setting next_dagrun for dataset_consumes_1 to None, run_after=None
[2025-04-09T06:04:01.385+0000] {logging_mixin.py:190} INFO - [2025-04-09T06:04:01.385+0000] {dag.py:4180} INFO - Setting next_dagrun for dataset_consumes_1_and_2 to None, run_after=None
[2025-04-09T06:04:01.389+0000] {logging_mixin.py:190} INFO - [2025-04-09T06:04:01.388+0000] {dag.py:4180} INFO - Setting next_dagrun for dataset_consumes_1_never_scheduled to None, run_after=None
[2025-04-09T06:04:01.392+0000] {logging_mixin.py:190} INFO - [2025-04-09T06:04:01.392+0000] {dag.py:4180} INFO - Setting next_dagrun for dataset_consumes_unknown_never_scheduled to None, run_after=None
[2025-04-09T06:04:01.397+0000] {logging_mixin.py:190} INFO - [2025-04-09T06:04:01.396+0000] {dag.py:4180} INFO - Setting next_dagrun for dataset_produces_1 to 2025-04-08 00:00:00+00:00, run_after=2025-04-09 00:00:00+00:00
[2025-04-09T06:04:01.400+0000] {logging_mixin.py:190} INFO - [2025-04-09T06:04:01.399+0000] {dag.py:4180} INFO - Setting next_dagrun for dataset_produces_2 to None, run_after=None
[2025-04-09T06:04:01.471+0000] {processor.py:208} INFO - Processing /home/airflow/.local/lib/python3.12/site-packages/airflow/example_dags/example_datasets.py took 1.137 seconds
[2025-04-09T06:04:31.997+0000] {processor.py:186} INFO - Started process (PID=261) to work on /home/airflow/.local/lib/python3.12/site-packages/airflow/example_dags/example_datasets.py
[2025-04-09T06:04:32.000+0000] {processor.py:914} INFO - Processing file /home/airflow/.local/lib/python3.12/site-packages/airflow/example_dags/example_datasets.py for tasks to queue
[2025-04-09T06:04:32.008+0000] {logging_mixin.py:190} INFO - [2025-04-09T06:04:32.007+0000] {dagbag.py:588} INFO - Filling up the DagBag from /home/airflow/.local/lib/python3.12/site-packages/airflow/example_dags/example_datasets.py
[2025-04-09T06:04:32.788+0000] {processor.py:925} INFO - DAG(s) 'dataset_consumes_1', 'consume_1_or_2_with_dataset_expressions', 'consume_1_or_both_2_and_3_with_dataset_expressions', 'dataset_consumes_1_never_scheduled', 'dataset_consumes_1_and_2', 'dataset_produces_1', 'consume_1_and_2_with_dataset_expressions', 'conditional_dataset_and_time_based_timetable', 'dataset_produces_2', 'dataset_consumes_unknown_never_scheduled' retrieved from /home/airflow/.local/lib/python3.12/site-packages/airflow/example_dags/example_datasets.py
[2025-04-09T06:04:32.850+0000] {logging_mixin.py:190} INFO - [2025-04-09T06:04:32.850+0000] {dag.py:3239} INFO - Sync 10 DAGs
[2025-04-09T06:04:32.892+0000] {logging_mixin.py:190} INFO - [2025-04-09T06:04:32.892+0000] {dag.py:4180} INFO - Setting next_dagrun for conditional_dataset_and_time_based_timetable to 2025-04-09 01:00:00+00:00, run_after=2025-04-09 01:00:00+00:00
[2025-04-09T06:04:32.899+0000] {logging_mixin.py:190} INFO - [2025-04-09T06:04:32.899+0000] {dag.py:4180} INFO - Setting next_dagrun for consume_1_and_2_with_dataset_expressions to None, run_after=None
[2025-04-09T06:04:32.904+0000] {logging_mixin.py:190} INFO - [2025-04-09T06:04:32.904+0000] {dag.py:4180} INFO - Setting next_dagrun for consume_1_or_2_with_dataset_expressions to None, run_after=None
[2025-04-09T06:04:32.907+0000] {logging_mixin.py:190} INFO - [2025-04-09T06:04:32.907+0000] {dag.py:4180} INFO - Setting next_dagrun for consume_1_or_both_2_and_3_with_dataset_expressions to None, run_after=None
[2025-04-09T06:04:32.910+0000] {logging_mixin.py:190} INFO - [2025-04-09T06:04:32.910+0000] {dag.py:4180} INFO - Setting next_dagrun for dataset_consumes_1 to None, run_after=None
[2025-04-09T06:04:32.912+0000] {logging_mixin.py:190} INFO - [2025-04-09T06:04:32.912+0000] {dag.py:4180} INFO - Setting next_dagrun for dataset_consumes_1_and_2 to None, run_after=None
[2025-04-09T06:04:32.914+0000] {logging_mixin.py:190} INFO - [2025-04-09T06:04:32.914+0000] {dag.py:4180} INFO - Setting next_dagrun for dataset_consumes_1_never_scheduled to None, run_after=None
[2025-04-09T06:04:32.915+0000] {logging_mixin.py:190} INFO - [2025-04-09T06:04:32.915+0000] {dag.py:4180} INFO - Setting next_dagrun for dataset_consumes_unknown_never_scheduled to None, run_after=None
[2025-04-09T06:04:32.919+0000] {logging_mixin.py:190} INFO - [2025-04-09T06:04:32.918+0000] {dag.py:4180} INFO - Setting next_dagrun for dataset_produces_1 to 2025-04-08 00:00:00+00:00, run_after=2025-04-09 00:00:00+00:00
[2025-04-09T06:04:32.922+0000] {logging_mixin.py:190} INFO - [2025-04-09T06:04:32.922+0000] {dag.py:4180} INFO - Setting next_dagrun for dataset_produces_2 to None, run_after=None
[2025-04-09T06:04:32.982+0000] {processor.py:208} INFO - Processing /home/airflow/.local/lib/python3.12/site-packages/airflow/example_dags/example_datasets.py took 0.999 seconds
[2025-04-09T06:05:03.217+0000] {processor.py:186} INFO - Started process (PID=326) to work on /home/airflow/.local/lib/python3.12/site-packages/airflow/example_dags/example_datasets.py
[2025-04-09T06:05:03.220+0000] {processor.py:914} INFO - Processing file /home/airflow/.local/lib/python3.12/site-packages/airflow/example_dags/example_datasets.py for tasks to queue
[2025-04-09T06:05:03.225+0000] {logging_mixin.py:190} INFO - [2025-04-09T06:05:03.224+0000] {dagbag.py:588} INFO - Filling up the DagBag from /home/airflow/.local/lib/python3.12/site-packages/airflow/example_dags/example_datasets.py
[2025-04-09T06:05:03.817+0000] {processor.py:925} INFO - DAG(s) 'dataset_consumes_1_never_scheduled', 'consume_1_or_both_2_and_3_with_dataset_expressions', 'dataset_consumes_1', 'dataset_produces_2', 'conditional_dataset_and_time_based_timetable', 'dataset_consumes_unknown_never_scheduled', 'consume_1_and_2_with_dataset_expressions', 'dataset_consumes_1_and_2', 'consume_1_or_2_with_dataset_expressions', 'dataset_produces_1' retrieved from /home/airflow/.local/lib/python3.12/site-packages/airflow/example_dags/example_datasets.py
[2025-04-09T06:05:03.864+0000] {logging_mixin.py:190} INFO - [2025-04-09T06:05:03.863+0000] {dag.py:3239} INFO - Sync 10 DAGs
[2025-04-09T06:05:03.889+0000] {logging_mixin.py:190} INFO - [2025-04-09T06:05:03.889+0000] {dag.py:4180} INFO - Setting next_dagrun for conditional_dataset_and_time_based_timetable to 2025-04-09 01:00:00+00:00, run_after=2025-04-09 01:00:00+00:00
[2025-04-09T06:05:03.894+0000] {logging_mixin.py:190} INFO - [2025-04-09T06:05:03.894+0000] {dag.py:4180} INFO - Setting next_dagrun for consume_1_and_2_with_dataset_expressions to None, run_after=None
[2025-04-09T06:05:03.896+0000] {logging_mixin.py:190} INFO - [2025-04-09T06:05:03.896+0000] {dag.py:4180} INFO - Setting next_dagrun for consume_1_or_2_with_dataset_expressions to None, run_after=None
[2025-04-09T06:05:03.900+0000] {logging_mixin.py:190} INFO - [2025-04-09T06:05:03.900+0000] {dag.py:4180} INFO - Setting next_dagrun for consume_1_or_both_2_and_3_with_dataset_expressions to None, run_after=None
[2025-04-09T06:05:03.902+0000] {logging_mixin.py:190} INFO - [2025-04-09T06:05:03.902+0000] {dag.py:4180} INFO - Setting next_dagrun for dataset_consumes_1 to None, run_after=None
[2025-04-09T06:05:03.904+0000] {logging_mixin.py:190} INFO - [2025-04-09T06:05:03.904+0000] {dag.py:4180} INFO - Setting next_dagrun for dataset_consumes_1_and_2 to None, run_after=None
[2025-04-09T06:05:03.906+0000] {logging_mixin.py:190} INFO - [2025-04-09T06:05:03.905+0000] {dag.py:4180} INFO - Setting next_dagrun for dataset_consumes_1_never_scheduled to None, run_after=None
[2025-04-09T06:05:03.907+0000] {logging_mixin.py:190} INFO - [2025-04-09T06:05:03.907+0000] {dag.py:4180} INFO - Setting next_dagrun for dataset_consumes_unknown_never_scheduled to None, run_after=None
[2025-04-09T06:05:03.910+0000] {logging_mixin.py:190} INFO - [2025-04-09T06:05:03.910+0000] {dag.py:4180} INFO - Setting next_dagrun for dataset_produces_1 to 2025-04-08 00:00:00+00:00, run_after=2025-04-09 00:00:00+00:00
[2025-04-09T06:05:03.911+0000] {logging_mixin.py:190} INFO - [2025-04-09T06:05:03.911+0000] {dag.py:4180} INFO - Setting next_dagrun for dataset_produces_2 to None, run_after=None
[2025-04-09T06:05:03.946+0000] {processor.py:208} INFO - Processing /home/airflow/.local/lib/python3.12/site-packages/airflow/example_dags/example_datasets.py took 0.743 seconds
[2025-04-09T06:05:34.026+0000] {processor.py:186} INFO - Started process (PID=390) to work on /home/airflow/.local/lib/python3.12/site-packages/airflow/example_dags/example_datasets.py
[2025-04-09T06:05:34.028+0000] {processor.py:914} INFO - Processing file /home/airflow/.local/lib/python3.12/site-packages/airflow/example_dags/example_datasets.py for tasks to queue
[2025-04-09T06:05:34.030+0000] {logging_mixin.py:190} INFO - [2025-04-09T06:05:34.030+0000] {dagbag.py:588} INFO - Filling up the DagBag from /home/airflow/.local/lib/python3.12/site-packages/airflow/example_dags/example_datasets.py
[2025-04-09T06:05:34.645+0000] {processor.py:925} INFO - DAG(s) 'dataset_consumes_1_never_scheduled', 'dataset_consumes_1', 'dataset_consumes_1_and_2', 'dataset_produces_2', 'dataset_produces_1', 'conditional_dataset_and_time_based_timetable', 'dataset_consumes_unknown_never_scheduled', 'consume_1_or_2_with_dataset_expressions', 'consume_1_and_2_with_dataset_expressions', 'consume_1_or_both_2_and_3_with_dataset_expressions' retrieved from /home/airflow/.local/lib/python3.12/site-packages/airflow/example_dags/example_datasets.py
[2025-04-09T06:05:34.689+0000] {logging_mixin.py:190} INFO - [2025-04-09T06:05:34.689+0000] {dag.py:3239} INFO - Sync 10 DAGs
[2025-04-09T06:05:34.718+0000] {logging_mixin.py:190} INFO - [2025-04-09T06:05:34.718+0000] {dag.py:4180} INFO - Setting next_dagrun for conditional_dataset_and_time_based_timetable to 2025-04-09 01:00:00+00:00, run_after=2025-04-09 01:00:00+00:00
[2025-04-09T06:05:34.723+0000] {logging_mixin.py:190} INFO - [2025-04-09T06:05:34.723+0000] {dag.py:4180} INFO - Setting next_dagrun for consume_1_and_2_with_dataset_expressions to None, run_after=None
[2025-04-09T06:05:34.725+0000] {logging_mixin.py:190} INFO - [2025-04-09T06:05:34.725+0000] {dag.py:4180} INFO - Setting next_dagrun for consume_1_or_2_with_dataset_expressions to None, run_after=None
[2025-04-09T06:05:34.728+0000] {logging_mixin.py:190} INFO - [2025-04-09T06:05:34.728+0000] {dag.py:4180} INFO - Setting next_dagrun for consume_1_or_both_2_and_3_with_dataset_expressions to None, run_after=None
[2025-04-09T06:05:34.730+0000] {logging_mixin.py:190} INFO - [2025-04-09T06:05:34.730+0000] {dag.py:4180} INFO - Setting next_dagrun for dataset_consumes_1 to None, run_after=None
[2025-04-09T06:05:34.731+0000] {logging_mixin.py:190} INFO - [2025-04-09T06:05:34.731+0000] {dag.py:4180} INFO - Setting next_dagrun for dataset_consumes_1_and_2 to None, run_after=None
[2025-04-09T06:05:34.733+0000] {logging_mixin.py:190} INFO - [2025-04-09T06:05:34.733+0000] {dag.py:4180} INFO - Setting next_dagrun for dataset_consumes_1_never_scheduled to None, run_after=None
[2025-04-09T06:05:34.735+0000] {logging_mixin.py:190} INFO - [2025-04-09T06:05:34.735+0000] {dag.py:4180} INFO - Setting next_dagrun for dataset_consumes_unknown_never_scheduled to None, run_after=None
[2025-04-09T06:05:34.738+0000] {logging_mixin.py:190} INFO - [2025-04-09T06:05:34.738+0000] {dag.py:4180} INFO - Setting next_dagrun for dataset_produces_1 to 2025-04-08 00:00:00+00:00, run_after=2025-04-09 00:00:00+00:00
[2025-04-09T06:05:34.741+0000] {logging_mixin.py:190} INFO - [2025-04-09T06:05:34.740+0000] {dag.py:4180} INFO - Setting next_dagrun for dataset_produces_2 to None, run_after=None
[2025-04-09T06:05:34.777+0000] {processor.py:208} INFO - Processing /home/airflow/.local/lib/python3.12/site-packages/airflow/example_dags/example_datasets.py took 0.758 seconds
[2025-04-09T07:41:00.091+0000] {processor.py:186} INFO - Started process (PID=455) to work on /home/airflow/.local/lib/python3.12/site-packages/airflow/example_dags/example_datasets.py
[2025-04-09T07:41:00.093+0000] {processor.py:914} INFO - Processing file /home/airflow/.local/lib/python3.12/site-packages/airflow/example_dags/example_datasets.py for tasks to queue
[2025-04-09T07:41:00.098+0000] {logging_mixin.py:190} INFO - [2025-04-09T07:41:00.097+0000] {dagbag.py:588} INFO - Filling up the DagBag from /home/airflow/.local/lib/python3.12/site-packages/airflow/example_dags/example_datasets.py
