[2025-04-09T06:03:05.268+0000] {processor.py:186} INFO - Started process (PID=95) to work on /home/airflow/.local/lib/python3.12/site-packages/airflow/example_dags/example_subdag_operator.py
[2025-04-09T06:03:05.270+0000] {processor.py:914} INFO - Processing file /home/airflow/.local/lib/python3.12/site-packages/airflow/example_dags/example_subdag_operator.py for tasks to queue
[2025-04-09T06:03:05.275+0000] {logging_mixin.py:190} INFO - [2025-04-09T06:03:05.274+0000] {dagbag.py:588} INFO - Filling up the DagBag from /home/airflow/.local/lib/python3.12/site-packages/airflow/example_dags/example_subdag_operator.py
[2025-04-09T06:03:05.339+0000] {processor.py:925} INFO - DAG(s) 'example_subdag_operator.section-1', 'example_subdag_operator.section-2', 'example_subdag_operator' retrieved from /home/airflow/.local/lib/python3.12/site-packages/airflow/example_dags/example_subdag_operator.py
[2025-04-09T06:03:05.505+0000] {logging_mixin.py:190} INFO - [2025-04-09T06:03:05.504+0000] {override.py:1912} INFO - Created Permission View: can edit on DAG:example_subdag_operator
[2025-04-09T06:03:05.527+0000] {logging_mixin.py:190} INFO - [2025-04-09T06:03:05.527+0000] {override.py:1912} INFO - Created Permission View: can read on DAG:example_subdag_operator
[2025-04-09T06:03:05.540+0000] {logging_mixin.py:190} INFO - [2025-04-09T06:03:05.540+0000] {override.py:1912} INFO - Created Permission View: can delete on DAG:example_subdag_operator
[2025-04-09T06:03:05.558+0000] {logging_mixin.py:190} INFO - [2025-04-09T06:03:05.557+0000] {override.py:1912} INFO - Created Permission View: can create on DAG Run:example_subdag_operator
[2025-04-09T06:03:05.572+0000] {logging_mixin.py:190} INFO - [2025-04-09T06:03:05.571+0000] {override.py:1912} INFO - Created Permission View: can read on DAG Run:example_subdag_operator
[2025-04-09T06:03:05.585+0000] {logging_mixin.py:190} INFO - [2025-04-09T06:03:05.585+0000] {override.py:1912} INFO - Created Permission View: can delete on DAG Run:example_subdag_operator
[2025-04-09T06:03:05.596+0000] {logging_mixin.py:190} INFO - [2025-04-09T06:03:05.595+0000] {override.py:1912} INFO - Created Permission View: menu access on DAG Run:example_subdag_operator
[2025-04-09T06:03:05.597+0000] {logging_mixin.py:190} INFO - [2025-04-09T06:03:05.597+0000] {dag.py:3239} INFO - Sync 3 DAGs
[2025-04-09T06:03:05.615+0000] {logging_mixin.py:190} INFO - [2025-04-09T06:03:05.615+0000] {dag.py:3262} INFO - Creating ORM DAG for example_subdag_operator.section-1
[2025-04-09T06:03:05.617+0000] {logging_mixin.py:190} INFO - [2025-04-09T06:03:05.617+0000] {dag.py:3262} INFO - Creating ORM DAG for example_subdag_operator
[2025-04-09T06:03:05.618+0000] {logging_mixin.py:190} INFO - [2025-04-09T06:03:05.618+0000] {dag.py:3262} INFO - Creating ORM DAG for example_subdag_operator.section-2
[2025-04-09T06:03:05.634+0000] {logging_mixin.py:190} INFO - [2025-04-09T06:03:05.634+0000] {dag.py:4180} INFO - Setting next_dagrun for example_subdag_operator to 2022-01-01 00:00:00+00:00, run_after=2022-01-01 00:00:00+00:00
[2025-04-09T06:03:05.636+0000] {logging_mixin.py:190} INFO - [2025-04-09T06:03:05.636+0000] {dag.py:4180} INFO - Setting next_dagrun for example_subdag_operator.section-1 to None, run_after=None
[2025-04-09T06:03:05.637+0000] {logging_mixin.py:190} INFO - [2025-04-09T06:03:05.637+0000] {dag.py:4180} INFO - Setting next_dagrun for example_subdag_operator.section-2 to None, run_after=None
[2025-04-09T06:03:05.651+0000] {logging_mixin.py:190} INFO - [2025-04-09T06:03:05.651+0000] {dag.py:3239} INFO - Sync 2 DAGs
[2025-04-09T06:03:05.659+0000] {logging_mixin.py:190} INFO - [2025-04-09T06:03:05.659+0000] {dag.py:4180} INFO - Setting next_dagrun for example_subdag_operator.section-1 to None, run_after=None
[2025-04-09T06:03:05.664+0000] {logging_mixin.py:190} INFO - [2025-04-09T06:03:05.664+0000] {dag.py:4180} INFO - Setting next_dagrun for example_subdag_operator.section-2 to None, run_after=None
[2025-04-09T06:03:05.686+0000] {processor.py:208} INFO - Processing /home/airflow/.local/lib/python3.12/site-packages/airflow/example_dags/example_subdag_operator.py took 0.429 seconds
[2025-04-09T06:03:36.398+0000] {processor.py:186} INFO - Started process (PID=159) to work on /home/airflow/.local/lib/python3.12/site-packages/airflow/example_dags/example_subdag_operator.py
[2025-04-09T06:03:36.402+0000] {processor.py:914} INFO - Processing file /home/airflow/.local/lib/python3.12/site-packages/airflow/example_dags/example_subdag_operator.py for tasks to queue
[2025-04-09T06:03:36.405+0000] {logging_mixin.py:190} INFO - [2025-04-09T06:03:36.405+0000] {dagbag.py:588} INFO - Filling up the DagBag from /home/airflow/.local/lib/python3.12/site-packages/airflow/example_dags/example_subdag_operator.py
[2025-04-09T06:03:36.458+0000] {processor.py:925} INFO - DAG(s) 'example_subdag_operator.section-1', 'example_subdag_operator.section-2', 'example_subdag_operator' retrieved from /home/airflow/.local/lib/python3.12/site-packages/airflow/example_dags/example_subdag_operator.py
[2025-04-09T06:03:36.480+0000] {logging_mixin.py:190} INFO - [2025-04-09T06:03:36.480+0000] {dag.py:3239} INFO - Sync 3 DAGs
[2025-04-09T06:03:36.505+0000] {logging_mixin.py:190} INFO - [2025-04-09T06:03:36.505+0000] {dag.py:4180} INFO - Setting next_dagrun for example_subdag_operator to 2022-01-01 00:00:00+00:00, run_after=2022-01-01 00:00:00+00:00
[2025-04-09T06:03:36.512+0000] {logging_mixin.py:190} INFO - [2025-04-09T06:03:36.512+0000] {dag.py:4180} INFO - Setting next_dagrun for example_subdag_operator.section-1 to None, run_after=None
[2025-04-09T06:03:36.515+0000] {logging_mixin.py:190} INFO - [2025-04-09T06:03:36.514+0000] {dag.py:4180} INFO - Setting next_dagrun for example_subdag_operator.section-2 to None, run_after=None
[2025-04-09T06:03:36.525+0000] {logging_mixin.py:190} INFO - [2025-04-09T06:03:36.524+0000] {dag.py:3239} INFO - Sync 2 DAGs
[2025-04-09T06:03:36.535+0000] {logging_mixin.py:190} INFO - [2025-04-09T06:03:36.534+0000] {dag.py:4180} INFO - Setting next_dagrun for example_subdag_operator.section-1 to None, run_after=None
[2025-04-09T06:03:36.536+0000] {logging_mixin.py:190} INFO - [2025-04-09T06:03:36.536+0000] {dag.py:4180} INFO - Setting next_dagrun for example_subdag_operator.section-2 to None, run_after=None
[2025-04-09T06:03:36.556+0000] {processor.py:208} INFO - Processing /home/airflow/.local/lib/python3.12/site-packages/airflow/example_dags/example_subdag_operator.py took 0.176 seconds
[2025-04-09T06:04:07.032+0000] {processor.py:186} INFO - Started process (PID=223) to work on /home/airflow/.local/lib/python3.12/site-packages/airflow/example_dags/example_subdag_operator.py
[2025-04-09T06:04:07.034+0000] {processor.py:914} INFO - Processing file /home/airflow/.local/lib/python3.12/site-packages/airflow/example_dags/example_subdag_operator.py for tasks to queue
[2025-04-09T06:04:07.037+0000] {logging_mixin.py:190} INFO - [2025-04-09T06:04:07.037+0000] {dagbag.py:588} INFO - Filling up the DagBag from /home/airflow/.local/lib/python3.12/site-packages/airflow/example_dags/example_subdag_operator.py
[2025-04-09T06:04:07.069+0000] {processor.py:925} INFO - DAG(s) 'example_subdag_operator.section-1', 'example_subdag_operator.section-2', 'example_subdag_operator' retrieved from /home/airflow/.local/lib/python3.12/site-packages/airflow/example_dags/example_subdag_operator.py
[2025-04-09T06:04:07.088+0000] {logging_mixin.py:190} INFO - [2025-04-09T06:04:07.087+0000] {dag.py:3239} INFO - Sync 3 DAGs
[2025-04-09T06:04:07.117+0000] {logging_mixin.py:190} INFO - [2025-04-09T06:04:07.117+0000] {dag.py:4180} INFO - Setting next_dagrun for example_subdag_operator to 2022-01-01 00:00:00+00:00, run_after=2022-01-01 00:00:00+00:00
[2025-04-09T06:04:07.122+0000] {logging_mixin.py:190} INFO - [2025-04-09T06:04:07.122+0000] {dag.py:4180} INFO - Setting next_dagrun for example_subdag_operator.section-1 to None, run_after=None
[2025-04-09T06:04:07.126+0000] {logging_mixin.py:190} INFO - [2025-04-09T06:04:07.125+0000] {dag.py:4180} INFO - Setting next_dagrun for example_subdag_operator.section-2 to None, run_after=None
[2025-04-09T06:04:07.137+0000] {logging_mixin.py:190} INFO - [2025-04-09T06:04:07.137+0000] {dag.py:3239} INFO - Sync 2 DAGs
[2025-04-09T06:04:07.147+0000] {logging_mixin.py:190} INFO - [2025-04-09T06:04:07.147+0000] {dag.py:4180} INFO - Setting next_dagrun for example_subdag_operator.section-1 to None, run_after=None
[2025-04-09T06:04:07.148+0000] {logging_mixin.py:190} INFO - [2025-04-09T06:04:07.147+0000] {dag.py:4180} INFO - Setting next_dagrun for example_subdag_operator.section-2 to None, run_after=None
[2025-04-09T06:04:07.164+0000] {processor.py:208} INFO - Processing /home/airflow/.local/lib/python3.12/site-packages/airflow/example_dags/example_subdag_operator.py took 0.140 seconds
[2025-04-09T06:04:37.997+0000] {processor.py:186} INFO - Started process (PID=287) to work on /home/airflow/.local/lib/python3.12/site-packages/airflow/example_dags/example_subdag_operator.py
[2025-04-09T06:04:37.999+0000] {processor.py:914} INFO - Processing file /home/airflow/.local/lib/python3.12/site-packages/airflow/example_dags/example_subdag_operator.py for tasks to queue
[2025-04-09T06:04:38.003+0000] {logging_mixin.py:190} INFO - [2025-04-09T06:04:38.003+0000] {dagbag.py:588} INFO - Filling up the DagBag from /home/airflow/.local/lib/python3.12/site-packages/airflow/example_dags/example_subdag_operator.py
[2025-04-09T06:04:38.042+0000] {processor.py:925} INFO - DAG(s) 'example_subdag_operator.section-1', 'example_subdag_operator.section-2', 'example_subdag_operator' retrieved from /home/airflow/.local/lib/python3.12/site-packages/airflow/example_dags/example_subdag_operator.py
[2025-04-09T06:04:38.061+0000] {logging_mixin.py:190} INFO - [2025-04-09T06:04:38.061+0000] {dag.py:3239} INFO - Sync 3 DAGs
[2025-04-09T06:04:38.091+0000] {logging_mixin.py:190} INFO - [2025-04-09T06:04:38.091+0000] {dag.py:4180} INFO - Setting next_dagrun for example_subdag_operator to 2022-01-01 00:00:00+00:00, run_after=2022-01-01 00:00:00+00:00
[2025-04-09T06:04:38.096+0000] {logging_mixin.py:190} INFO - [2025-04-09T06:04:38.096+0000] {dag.py:4180} INFO - Setting next_dagrun for example_subdag_operator.section-1 to None, run_after=None
[2025-04-09T06:04:38.098+0000] {logging_mixin.py:190} INFO - [2025-04-09T06:04:38.098+0000] {dag.py:4180} INFO - Setting next_dagrun for example_subdag_operator.section-2 to None, run_after=None
[2025-04-09T06:04:38.188+0000] {logging_mixin.py:190} INFO - [2025-04-09T06:04:38.188+0000] {dag.py:3239} INFO - Sync 2 DAGs
[2025-04-09T06:04:38.204+0000] {logging_mixin.py:190} INFO - [2025-04-09T06:04:38.204+0000] {dag.py:4180} INFO - Setting next_dagrun for example_subdag_operator.section-1 to None, run_after=None
[2025-04-09T06:04:38.205+0000] {logging_mixin.py:190} INFO - [2025-04-09T06:04:38.205+0000] {dag.py:4180} INFO - Setting next_dagrun for example_subdag_operator.section-2 to None, run_after=None
[2025-04-09T06:04:38.228+0000] {processor.py:208} INFO - Processing /home/airflow/.local/lib/python3.12/site-packages/airflow/example_dags/example_subdag_operator.py took 0.238 seconds
[2025-04-09T06:05:08.567+0000] {processor.py:186} INFO - Started process (PID=351) to work on /home/airflow/.local/lib/python3.12/site-packages/airflow/example_dags/example_subdag_operator.py
[2025-04-09T06:05:08.568+0000] {processor.py:914} INFO - Processing file /home/airflow/.local/lib/python3.12/site-packages/airflow/example_dags/example_subdag_operator.py for tasks to queue
[2025-04-09T06:05:08.572+0000] {logging_mixin.py:190} INFO - [2025-04-09T06:05:08.571+0000] {dagbag.py:588} INFO - Filling up the DagBag from /home/airflow/.local/lib/python3.12/site-packages/airflow/example_dags/example_subdag_operator.py
[2025-04-09T06:05:08.607+0000] {processor.py:925} INFO - DAG(s) 'example_subdag_operator.section-1', 'example_subdag_operator.section-2', 'example_subdag_operator' retrieved from /home/airflow/.local/lib/python3.12/site-packages/airflow/example_dags/example_subdag_operator.py
[2025-04-09T06:05:08.629+0000] {logging_mixin.py:190} INFO - [2025-04-09T06:05:08.628+0000] {dag.py:3239} INFO - Sync 3 DAGs
[2025-04-09T06:05:08.665+0000] {logging_mixin.py:190} INFO - [2025-04-09T06:05:08.665+0000] {dag.py:4180} INFO - Setting next_dagrun for example_subdag_operator to 2022-01-01 00:00:00+00:00, run_after=2022-01-01 00:00:00+00:00
[2025-04-09T06:05:08.672+0000] {logging_mixin.py:190} INFO - [2025-04-09T06:05:08.672+0000] {dag.py:4180} INFO - Setting next_dagrun for example_subdag_operator.section-1 to None, run_after=None
[2025-04-09T06:05:08.675+0000] {logging_mixin.py:190} INFO - [2025-04-09T06:05:08.675+0000] {dag.py:4180} INFO - Setting next_dagrun for example_subdag_operator.section-2 to None, run_after=None
[2025-04-09T06:05:08.686+0000] {logging_mixin.py:190} INFO - [2025-04-09T06:05:08.686+0000] {dag.py:3239} INFO - Sync 2 DAGs
[2025-04-09T06:05:08.697+0000] {logging_mixin.py:190} INFO - [2025-04-09T06:05:08.697+0000] {dag.py:4180} INFO - Setting next_dagrun for example_subdag_operator.section-1 to None, run_after=None
[2025-04-09T06:05:08.699+0000] {logging_mixin.py:190} INFO - [2025-04-09T06:05:08.698+0000] {dag.py:4180} INFO - Setting next_dagrun for example_subdag_operator.section-2 to None, run_after=None
[2025-04-09T06:05:08.718+0000] {processor.py:208} INFO - Processing /home/airflow/.local/lib/python3.12/site-packages/airflow/example_dags/example_subdag_operator.py took 0.159 seconds
[2025-04-09T06:05:38.986+0000] {processor.py:186} INFO - Started process (PID=415) to work on /home/airflow/.local/lib/python3.12/site-packages/airflow/example_dags/example_subdag_operator.py
[2025-04-09T06:05:38.988+0000] {processor.py:914} INFO - Processing file /home/airflow/.local/lib/python3.12/site-packages/airflow/example_dags/example_subdag_operator.py for tasks to queue
[2025-04-09T06:05:38.991+0000] {logging_mixin.py:190} INFO - [2025-04-09T06:05:38.990+0000] {dagbag.py:588} INFO - Filling up the DagBag from /home/airflow/.local/lib/python3.12/site-packages/airflow/example_dags/example_subdag_operator.py
[2025-04-09T06:05:39.032+0000] {processor.py:925} INFO - DAG(s) 'example_subdag_operator.section-1', 'example_subdag_operator.section-2', 'example_subdag_operator' retrieved from /home/airflow/.local/lib/python3.12/site-packages/airflow/example_dags/example_subdag_operator.py
[2025-04-09T06:05:39.049+0000] {logging_mixin.py:190} INFO - [2025-04-09T06:05:39.049+0000] {dag.py:3239} INFO - Sync 3 DAGs
[2025-04-09T06:05:39.087+0000] {logging_mixin.py:190} INFO - [2025-04-09T06:05:39.087+0000] {dag.py:4180} INFO - Setting next_dagrun for example_subdag_operator to 2022-01-01 00:00:00+00:00, run_after=2022-01-01 00:00:00+00:00
[2025-04-09T06:05:39.096+0000] {logging_mixin.py:190} INFO - [2025-04-09T06:05:39.095+0000] {dag.py:4180} INFO - Setting next_dagrun for example_subdag_operator.section-1 to None, run_after=None
[2025-04-09T06:05:39.100+0000] {logging_mixin.py:190} INFO - [2025-04-09T06:05:39.100+0000] {dag.py:4180} INFO - Setting next_dagrun for example_subdag_operator.section-2 to None, run_after=None
[2025-04-09T06:05:39.118+0000] {logging_mixin.py:190} INFO - [2025-04-09T06:05:39.118+0000] {dag.py:3239} INFO - Sync 2 DAGs
[2025-04-09T06:05:39.127+0000] {logging_mixin.py:190} INFO - [2025-04-09T06:05:39.127+0000] {dag.py:4180} INFO - Setting next_dagrun for example_subdag_operator.section-1 to None, run_after=None
[2025-04-09T06:05:39.129+0000] {logging_mixin.py:190} INFO - [2025-04-09T06:05:39.129+0000] {dag.py:4180} INFO - Setting next_dagrun for example_subdag_operator.section-2 to None, run_after=None
[2025-04-09T06:05:39.146+0000] {processor.py:208} INFO - Processing /home/airflow/.local/lib/python3.12/site-packages/airflow/example_dags/example_subdag_operator.py took 0.168 seconds
[2025-04-09T17:13:50.540+0000] {processor.py:186} INFO - Started process (PID=487) to work on /home/airflow/.local/lib/python3.12/site-packages/airflow/example_dags/example_subdag_operator.py
[2025-04-09T17:13:50.542+0000] {processor.py:914} INFO - Processing file /home/airflow/.local/lib/python3.12/site-packages/airflow/example_dags/example_subdag_operator.py for tasks to queue
[2025-04-09T17:13:50.545+0000] {logging_mixin.py:190} INFO - [2025-04-09T17:13:50.545+0000] {dagbag.py:588} INFO - Filling up the DagBag from /home/airflow/.local/lib/python3.12/site-packages/airflow/example_dags/example_subdag_operator.py
[2025-04-09T17:13:50.609+0000] {processor.py:925} INFO - DAG(s) 'example_subdag_operator.section-1', 'example_subdag_operator.section-2', 'example_subdag_operator' retrieved from /home/airflow/.local/lib/python3.12/site-packages/airflow/example_dags/example_subdag_operator.py
[2025-04-09T17:13:50.647+0000] {logging_mixin.py:190} INFO - [2025-04-09T17:13:50.646+0000] {dag.py:3239} INFO - Sync 3 DAGs
[2025-04-09T17:13:50.712+0000] {logging_mixin.py:190} INFO - [2025-04-09T17:13:50.712+0000] {dag.py:4180} INFO - Setting next_dagrun for example_subdag_operator to 2022-01-01 00:00:00+00:00, run_after=2022-01-01 00:00:00+00:00
[2025-04-09T17:13:50.728+0000] {logging_mixin.py:190} INFO - [2025-04-09T17:13:50.728+0000] {dag.py:4180} INFO - Setting next_dagrun for example_subdag_operator.section-1 to None, run_after=None
[2025-04-09T17:13:50.733+0000] {logging_mixin.py:190} INFO - [2025-04-09T17:13:50.732+0000] {dag.py:4180} INFO - Setting next_dagrun for example_subdag_operator.section-2 to None, run_after=None
[2025-04-09T17:13:50.755+0000] {logging_mixin.py:190} INFO - [2025-04-09T17:13:50.755+0000] {dag.py:3239} INFO - Sync 2 DAGs
[2025-04-09T17:13:50.771+0000] {logging_mixin.py:190} INFO - [2025-04-09T17:13:50.771+0000] {dag.py:4180} INFO - Setting next_dagrun for example_subdag_operator.section-1 to None, run_after=None
[2025-04-09T17:13:50.773+0000] {logging_mixin.py:190} INFO - [2025-04-09T17:13:50.773+0000] {dag.py:4180} INFO - Setting next_dagrun for example_subdag_operator.section-2 to None, run_after=None
[2025-04-09T17:13:50.821+0000] {processor.py:208} INFO - Processing /home/airflow/.local/lib/python3.12/site-packages/airflow/example_dags/example_subdag_operator.py took 0.292 seconds
