[2025-04-09T06:03:04.451+0000] {processor.py:186} INFO - Started process (PID=93) to work on /home/airflow/.local/lib/python3.12/site-packages/airflow/example_dags/example_trigger_target_dag.py
[2025-04-09T06:03:04.453+0000] {processor.py:914} INFO - Processing file /home/airflow/.local/lib/python3.12/site-packages/airflow/example_dags/example_trigger_target_dag.py for tasks to queue
[2025-04-09T06:03:04.457+0000] {logging_mixin.py:190} INFO - [2025-04-09T06:03:04.456+0000] {dagbag.py:588} INFO - Filling up the DagBag from /home/airflow/.local/lib/python3.12/site-packages/airflow/example_dags/example_trigger_target_dag.py
[2025-04-09T06:03:04.478+0000] {processor.py:925} INFO - DAG(s) 'example_trigger_target_dag' retrieved from /home/airflow/.local/lib/python3.12/site-packages/airflow/example_dags/example_trigger_target_dag.py
[2025-04-09T06:03:04.716+0000] {logging_mixin.py:190} INFO - [2025-04-09T06:03:04.715+0000] {override.py:1912} INFO - Created Permission View: can edit on DAG:example_trigger_target_dag
[2025-04-09T06:03:04.733+0000] {logging_mixin.py:190} INFO - [2025-04-09T06:03:04.732+0000] {override.py:1912} INFO - Created Permission View: can read on DAG:example_trigger_target_dag
[2025-04-09T06:03:04.746+0000] {logging_mixin.py:190} INFO - [2025-04-09T06:03:04.746+0000] {override.py:1912} INFO - Created Permission View: can delete on DAG:example_trigger_target_dag
[2025-04-09T06:03:04.769+0000] {logging_mixin.py:190} INFO - [2025-04-09T06:03:04.769+0000] {override.py:1912} INFO - Created Permission View: can create on DAG Run:example_trigger_target_dag
[2025-04-09T06:03:04.781+0000] {logging_mixin.py:190} INFO - [2025-04-09T06:03:04.781+0000] {override.py:1912} INFO - Created Permission View: can read on DAG Run:example_trigger_target_dag
[2025-04-09T06:03:04.795+0000] {logging_mixin.py:190} INFO - [2025-04-09T06:03:04.794+0000] {override.py:1912} INFO - Created Permission View: can delete on DAG Run:example_trigger_target_dag
[2025-04-09T06:03:04.808+0000] {logging_mixin.py:190} INFO - [2025-04-09T06:03:04.807+0000] {override.py:1912} INFO - Created Permission View: menu access on DAG Run:example_trigger_target_dag
[2025-04-09T06:03:04.809+0000] {logging_mixin.py:190} INFO - [2025-04-09T06:03:04.808+0000] {dag.py:3239} INFO - Sync 1 DAGs
[2025-04-09T06:03:04.827+0000] {logging_mixin.py:190} INFO - [2025-04-09T06:03:04.827+0000] {dag.py:3262} INFO - Creating ORM DAG for example_trigger_target_dag
[2025-04-09T06:03:04.829+0000] {logging_mixin.py:190} INFO - [2025-04-09T06:03:04.828+0000] {dag.py:4180} INFO - Setting next_dagrun for example_trigger_target_dag to None, run_after=None
[2025-04-09T06:03:04.855+0000] {processor.py:208} INFO - Processing /home/airflow/.local/lib/python3.12/site-packages/airflow/example_dags/example_trigger_target_dag.py took 0.413 seconds
[2025-04-09T06:03:35.173+0000] {processor.py:186} INFO - Started process (PID=157) to work on /home/airflow/.local/lib/python3.12/site-packages/airflow/example_dags/example_trigger_target_dag.py
[2025-04-09T06:03:35.175+0000] {processor.py:914} INFO - Processing file /home/airflow/.local/lib/python3.12/site-packages/airflow/example_dags/example_trigger_target_dag.py for tasks to queue
[2025-04-09T06:03:35.179+0000] {logging_mixin.py:190} INFO - [2025-04-09T06:03:35.178+0000] {dagbag.py:588} INFO - Filling up the DagBag from /home/airflow/.local/lib/python3.12/site-packages/airflow/example_dags/example_trigger_target_dag.py
[2025-04-09T06:03:35.191+0000] {processor.py:925} INFO - DAG(s) 'example_trigger_target_dag' retrieved from /home/airflow/.local/lib/python3.12/site-packages/airflow/example_dags/example_trigger_target_dag.py
[2025-04-09T06:03:35.218+0000] {logging_mixin.py:190} INFO - [2025-04-09T06:03:35.218+0000] {dag.py:3239} INFO - Sync 1 DAGs
[2025-04-09T06:03:35.234+0000] {logging_mixin.py:190} INFO - [2025-04-09T06:03:35.233+0000] {dag.py:4180} INFO - Setting next_dagrun for example_trigger_target_dag to None, run_after=None
[2025-04-09T06:03:35.258+0000] {processor.py:208} INFO - Processing /home/airflow/.local/lib/python3.12/site-packages/airflow/example_dags/example_trigger_target_dag.py took 0.092 seconds
[2025-04-09T06:04:05.788+0000] {processor.py:186} INFO - Started process (PID=221) to work on /home/airflow/.local/lib/python3.12/site-packages/airflow/example_dags/example_trigger_target_dag.py
[2025-04-09T06:04:05.789+0000] {processor.py:914} INFO - Processing file /home/airflow/.local/lib/python3.12/site-packages/airflow/example_dags/example_trigger_target_dag.py for tasks to queue
[2025-04-09T06:04:05.794+0000] {logging_mixin.py:190} INFO - [2025-04-09T06:04:05.794+0000] {dagbag.py:588} INFO - Filling up the DagBag from /home/airflow/.local/lib/python3.12/site-packages/airflow/example_dags/example_trigger_target_dag.py
[2025-04-09T06:04:05.809+0000] {processor.py:925} INFO - DAG(s) 'example_trigger_target_dag' retrieved from /home/airflow/.local/lib/python3.12/site-packages/airflow/example_dags/example_trigger_target_dag.py
[2025-04-09T06:04:05.834+0000] {logging_mixin.py:190} INFO - [2025-04-09T06:04:05.834+0000] {dag.py:3239} INFO - Sync 1 DAGs
[2025-04-09T06:04:05.851+0000] {logging_mixin.py:190} INFO - [2025-04-09T06:04:05.851+0000] {dag.py:4180} INFO - Setting next_dagrun for example_trigger_target_dag to None, run_after=None
[2025-04-09T06:04:05.887+0000] {processor.py:208} INFO - Processing /home/airflow/.local/lib/python3.12/site-packages/airflow/example_dags/example_trigger_target_dag.py took 0.109 seconds
[2025-04-09T06:04:36.781+0000] {processor.py:186} INFO - Started process (PID=285) to work on /home/airflow/.local/lib/python3.12/site-packages/airflow/example_dags/example_trigger_target_dag.py
[2025-04-09T06:04:36.782+0000] {processor.py:914} INFO - Processing file /home/airflow/.local/lib/python3.12/site-packages/airflow/example_dags/example_trigger_target_dag.py for tasks to queue
[2025-04-09T06:04:36.787+0000] {logging_mixin.py:190} INFO - [2025-04-09T06:04:36.786+0000] {dagbag.py:588} INFO - Filling up the DagBag from /home/airflow/.local/lib/python3.12/site-packages/airflow/example_dags/example_trigger_target_dag.py
[2025-04-09T06:04:36.797+0000] {processor.py:925} INFO - DAG(s) 'example_trigger_target_dag' retrieved from /home/airflow/.local/lib/python3.12/site-packages/airflow/example_dags/example_trigger_target_dag.py
[2025-04-09T06:04:36.831+0000] {logging_mixin.py:190} INFO - [2025-04-09T06:04:36.830+0000] {dag.py:3239} INFO - Sync 1 DAGs
[2025-04-09T06:04:36.855+0000] {logging_mixin.py:190} INFO - [2025-04-09T06:04:36.855+0000] {dag.py:4180} INFO - Setting next_dagrun for example_trigger_target_dag to None, run_after=None
[2025-04-09T06:04:36.904+0000] {processor.py:208} INFO - Processing /home/airflow/.local/lib/python3.12/site-packages/airflow/example_dags/example_trigger_target_dag.py took 0.131 seconds
[2025-04-09T06:05:07.373+0000] {processor.py:186} INFO - Started process (PID=349) to work on /home/airflow/.local/lib/python3.12/site-packages/airflow/example_dags/example_trigger_target_dag.py
[2025-04-09T06:05:07.375+0000] {processor.py:914} INFO - Processing file /home/airflow/.local/lib/python3.12/site-packages/airflow/example_dags/example_trigger_target_dag.py for tasks to queue
[2025-04-09T06:05:07.384+0000] {logging_mixin.py:190} INFO - [2025-04-09T06:05:07.383+0000] {dagbag.py:588} INFO - Filling up the DagBag from /home/airflow/.local/lib/python3.12/site-packages/airflow/example_dags/example_trigger_target_dag.py
[2025-04-09T06:05:07.398+0000] {processor.py:925} INFO - DAG(s) 'example_trigger_target_dag' retrieved from /home/airflow/.local/lib/python3.12/site-packages/airflow/example_dags/example_trigger_target_dag.py
[2025-04-09T06:05:07.429+0000] {logging_mixin.py:190} INFO - [2025-04-09T06:05:07.428+0000] {dag.py:3239} INFO - Sync 1 DAGs
[2025-04-09T06:05:07.451+0000] {logging_mixin.py:190} INFO - [2025-04-09T06:05:07.451+0000] {dag.py:4180} INFO - Setting next_dagrun for example_trigger_target_dag to None, run_after=None
[2025-04-09T06:05:07.487+0000] {processor.py:208} INFO - Processing /home/airflow/.local/lib/python3.12/site-packages/airflow/example_dags/example_trigger_target_dag.py took 0.124 seconds
[2025-04-09T06:05:37.795+0000] {processor.py:186} INFO - Started process (PID=413) to work on /home/airflow/.local/lib/python3.12/site-packages/airflow/example_dags/example_trigger_target_dag.py
[2025-04-09T06:05:37.797+0000] {processor.py:914} INFO - Processing file /home/airflow/.local/lib/python3.12/site-packages/airflow/example_dags/example_trigger_target_dag.py for tasks to queue
[2025-04-09T06:05:37.802+0000] {logging_mixin.py:190} INFO - [2025-04-09T06:05:37.801+0000] {dagbag.py:588} INFO - Filling up the DagBag from /home/airflow/.local/lib/python3.12/site-packages/airflow/example_dags/example_trigger_target_dag.py
[2025-04-09T06:05:37.811+0000] {processor.py:925} INFO - DAG(s) 'example_trigger_target_dag' retrieved from /home/airflow/.local/lib/python3.12/site-packages/airflow/example_dags/example_trigger_target_dag.py
[2025-04-09T06:05:37.834+0000] {logging_mixin.py:190} INFO - [2025-04-09T06:05:37.833+0000] {dag.py:3239} INFO - Sync 1 DAGs
[2025-04-09T06:05:37.848+0000] {logging_mixin.py:190} INFO - [2025-04-09T06:05:37.847+0000] {dag.py:4180} INFO - Setting next_dagrun for example_trigger_target_dag to None, run_after=None
[2025-04-09T06:05:37.871+0000] {processor.py:208} INFO - Processing /home/airflow/.local/lib/python3.12/site-packages/airflow/example_dags/example_trigger_target_dag.py took 0.085 seconds
[2025-04-09T17:13:50.302+0000] {processor.py:186} INFO - Started process (PID=485) to work on /home/airflow/.local/lib/python3.12/site-packages/airflow/example_dags/example_trigger_target_dag.py
[2025-04-09T17:13:50.305+0000] {processor.py:914} INFO - Processing file /home/airflow/.local/lib/python3.12/site-packages/airflow/example_dags/example_trigger_target_dag.py for tasks to queue
[2025-04-09T17:13:50.309+0000] {logging_mixin.py:190} INFO - [2025-04-09T17:13:50.308+0000] {dagbag.py:588} INFO - Filling up the DagBag from /home/airflow/.local/lib/python3.12/site-packages/airflow/example_dags/example_trigger_target_dag.py
[2025-04-09T17:13:50.331+0000] {processor.py:925} INFO - DAG(s) 'example_trigger_target_dag' retrieved from /home/airflow/.local/lib/python3.12/site-packages/airflow/example_dags/example_trigger_target_dag.py
[2025-04-09T17:13:50.387+0000] {logging_mixin.py:190} INFO - [2025-04-09T17:13:50.387+0000] {dag.py:3239} INFO - Sync 1 DAGs
[2025-04-09T17:13:50.423+0000] {logging_mixin.py:190} INFO - [2025-04-09T17:13:50.422+0000] {dag.py:4180} INFO - Setting next_dagrun for example_trigger_target_dag to None, run_after=None
[2025-04-09T17:13:50.472+0000] {processor.py:208} INFO - Processing /home/airflow/.local/lib/python3.12/site-packages/airflow/example_dags/example_trigger_target_dag.py took 0.188 seconds
