[2025-04-09T06:02:47.257+0000] {processor.py:186} INFO - Started process (PID=43) to work on /home/airflow/.local/lib/python3.12/site-packages/airflow/example_dags/example_short_circuit_operator.py
[2025-04-09T06:02:47.259+0000] {processor.py:914} INFO - Processing file /home/airflow/.local/lib/python3.12/site-packages/airflow/example_dags/example_short_circuit_operator.py for tasks to queue
[2025-04-09T06:02:47.263+0000] {logging_mixin.py:190} INFO - [2025-04-09T06:02:47.263+0000] {dagbag.py:588} INFO - Filling up the DagBag from /home/airflow/.local/lib/python3.12/site-packages/airflow/example_dags/example_short_circuit_operator.py
[2025-04-09T06:02:47.283+0000] {processor.py:925} INFO - DAG(s) 'example_short_circuit_operator' retrieved from /home/airflow/.local/lib/python3.12/site-packages/airflow/example_dags/example_short_circuit_operator.py
[2025-04-09T06:02:47.480+0000] {logging_mixin.py:190} INFO - [2025-04-09T06:02:47.479+0000] {override.py:1912} INFO - Created Permission View: can edit on DAG:example_short_circuit_operator
[2025-04-09T06:02:47.500+0000] {logging_mixin.py:190} INFO - [2025-04-09T06:02:47.500+0000] {override.py:1912} INFO - Created Permission View: can read on DAG:example_short_circuit_operator
[2025-04-09T06:02:47.516+0000] {logging_mixin.py:190} INFO - [2025-04-09T06:02:47.516+0000] {override.py:1912} INFO - Created Permission View: can delete on DAG:example_short_circuit_operator
[2025-04-09T06:02:47.533+0000] {logging_mixin.py:190} INFO - [2025-04-09T06:02:47.532+0000] {override.py:1912} INFO - Created Permission View: can create on DAG Run:example_short_circuit_operator
[2025-04-09T06:02:47.545+0000] {logging_mixin.py:190} INFO - [2025-04-09T06:02:47.545+0000] {override.py:1912} INFO - Created Permission View: can read on DAG Run:example_short_circuit_operator
[2025-04-09T06:02:47.560+0000] {logging_mixin.py:190} INFO - [2025-04-09T06:02:47.560+0000] {override.py:1912} INFO - Created Permission View: can delete on DAG Run:example_short_circuit_operator
[2025-04-09T06:02:47.575+0000] {logging_mixin.py:190} INFO - [2025-04-09T06:02:47.575+0000] {override.py:1912} INFO - Created Permission View: menu access on DAG Run:example_short_circuit_operator
[2025-04-09T06:02:47.577+0000] {logging_mixin.py:190} INFO - [2025-04-09T06:02:47.576+0000] {dag.py:3239} INFO - Sync 1 DAGs
[2025-04-09T06:02:47.599+0000] {logging_mixin.py:190} INFO - [2025-04-09T06:02:47.599+0000] {dag.py:3262} INFO - Creating ORM DAG for example_short_circuit_operator
[2025-04-09T06:02:47.602+0000] {logging_mixin.py:190} INFO - [2025-04-09T06:02:47.601+0000] {dag.py:4180} INFO - Setting next_dagrun for example_short_circuit_operator to None, run_after=None
[2025-04-09T06:02:47.649+0000] {processor.py:208} INFO - Processing /home/airflow/.local/lib/python3.12/site-packages/airflow/example_dags/example_short_circuit_operator.py took 0.404 seconds
[2025-04-09T06:03:18.144+0000] {processor.py:186} INFO - Started process (PID=107) to work on /home/airflow/.local/lib/python3.12/site-packages/airflow/example_dags/example_short_circuit_operator.py
[2025-04-09T06:03:18.146+0000] {processor.py:914} INFO - Processing file /home/airflow/.local/lib/python3.12/site-packages/airflow/example_dags/example_short_circuit_operator.py for tasks to queue
[2025-04-09T06:03:18.149+0000] {logging_mixin.py:190} INFO - [2025-04-09T06:03:18.149+0000] {dagbag.py:588} INFO - Filling up the DagBag from /home/airflow/.local/lib/python3.12/site-packages/airflow/example_dags/example_short_circuit_operator.py
[2025-04-09T06:03:18.168+0000] {processor.py:925} INFO - DAG(s) 'example_short_circuit_operator' retrieved from /home/airflow/.local/lib/python3.12/site-packages/airflow/example_dags/example_short_circuit_operator.py
[2025-04-09T06:03:18.204+0000] {logging_mixin.py:190} INFO - [2025-04-09T06:03:18.203+0000] {dag.py:3239} INFO - Sync 1 DAGs
[2025-04-09T06:03:18.220+0000] {logging_mixin.py:190} INFO - [2025-04-09T06:03:18.220+0000] {dag.py:4180} INFO - Setting next_dagrun for example_short_circuit_operator to None, run_after=None
[2025-04-09T06:03:18.247+0000] {processor.py:208} INFO - Processing /home/airflow/.local/lib/python3.12/site-packages/airflow/example_dags/example_short_circuit_operator.py took 0.117 seconds
[2025-04-09T06:03:48.689+0000] {processor.py:186} INFO - Started process (PID=171) to work on /home/airflow/.local/lib/python3.12/site-packages/airflow/example_dags/example_short_circuit_operator.py
[2025-04-09T06:03:48.692+0000] {processor.py:914} INFO - Processing file /home/airflow/.local/lib/python3.12/site-packages/airflow/example_dags/example_short_circuit_operator.py for tasks to queue
[2025-04-09T06:03:48.695+0000] {logging_mixin.py:190} INFO - [2025-04-09T06:03:48.694+0000] {dagbag.py:588} INFO - Filling up the DagBag from /home/airflow/.local/lib/python3.12/site-packages/airflow/example_dags/example_short_circuit_operator.py
[2025-04-09T06:03:48.705+0000] {processor.py:925} INFO - DAG(s) 'example_short_circuit_operator' retrieved from /home/airflow/.local/lib/python3.12/site-packages/airflow/example_dags/example_short_circuit_operator.py
[2025-04-09T06:03:48.732+0000] {logging_mixin.py:190} INFO - [2025-04-09T06:03:48.731+0000] {dag.py:3239} INFO - Sync 1 DAGs
[2025-04-09T06:03:48.747+0000] {logging_mixin.py:190} INFO - [2025-04-09T06:03:48.747+0000] {dag.py:4180} INFO - Setting next_dagrun for example_short_circuit_operator to None, run_after=None
[2025-04-09T06:03:48.770+0000] {processor.py:208} INFO - Processing /home/airflow/.local/lib/python3.12/site-packages/airflow/example_dags/example_short_circuit_operator.py took 0.088 seconds
[2025-04-09T06:04:19.605+0000] {processor.py:186} INFO - Started process (PID=235) to work on /home/airflow/.local/lib/python3.12/site-packages/airflow/example_dags/example_short_circuit_operator.py
[2025-04-09T06:04:19.608+0000] {processor.py:914} INFO - Processing file /home/airflow/.local/lib/python3.12/site-packages/airflow/example_dags/example_short_circuit_operator.py for tasks to queue
[2025-04-09T06:04:19.611+0000] {logging_mixin.py:190} INFO - [2025-04-09T06:04:19.611+0000] {dagbag.py:588} INFO - Filling up the DagBag from /home/airflow/.local/lib/python3.12/site-packages/airflow/example_dags/example_short_circuit_operator.py
[2025-04-09T06:04:19.621+0000] {processor.py:925} INFO - DAG(s) 'example_short_circuit_operator' retrieved from /home/airflow/.local/lib/python3.12/site-packages/airflow/example_dags/example_short_circuit_operator.py
[2025-04-09T06:04:19.656+0000] {logging_mixin.py:190} INFO - [2025-04-09T06:04:19.656+0000] {dag.py:3239} INFO - Sync 1 DAGs
[2025-04-09T06:04:19.669+0000] {logging_mixin.py:190} INFO - [2025-04-09T06:04:19.669+0000] {dag.py:4180} INFO - Setting next_dagrun for example_short_circuit_operator to None, run_after=None
[2025-04-09T06:04:19.696+0000] {processor.py:208} INFO - Processing /home/airflow/.local/lib/python3.12/site-packages/airflow/example_dags/example_short_circuit_operator.py took 0.097 seconds
[2025-04-09T06:04:50.298+0000] {processor.py:186} INFO - Started process (PID=305) to work on /home/airflow/.local/lib/python3.12/site-packages/airflow/example_dags/example_short_circuit_operator.py
[2025-04-09T06:04:50.305+0000] {processor.py:914} INFO - Processing file /home/airflow/.local/lib/python3.12/site-packages/airflow/example_dags/example_short_circuit_operator.py for tasks to queue
[2025-04-09T06:04:50.308+0000] {logging_mixin.py:190} INFO - [2025-04-09T06:04:50.308+0000] {dagbag.py:588} INFO - Filling up the DagBag from /home/airflow/.local/lib/python3.12/site-packages/airflow/example_dags/example_short_circuit_operator.py
[2025-04-09T06:04:50.324+0000] {processor.py:925} INFO - DAG(s) 'example_short_circuit_operator' retrieved from /home/airflow/.local/lib/python3.12/site-packages/airflow/example_dags/example_short_circuit_operator.py
[2025-04-09T06:04:50.349+0000] {logging_mixin.py:190} INFO - [2025-04-09T06:04:50.348+0000] {dag.py:3239} INFO - Sync 1 DAGs
[2025-04-09T06:04:50.365+0000] {logging_mixin.py:190} INFO - [2025-04-09T06:04:50.364+0000] {dag.py:4180} INFO - Setting next_dagrun for example_short_circuit_operator to None, run_after=None
[2025-04-09T06:04:50.406+0000] {processor.py:208} INFO - Processing /home/airflow/.local/lib/python3.12/site-packages/airflow/example_dags/example_short_circuit_operator.py took 0.116 seconds
[2025-04-09T06:05:20.796+0000] {processor.py:186} INFO - Started process (PID=369) to work on /home/airflow/.local/lib/python3.12/site-packages/airflow/example_dags/example_short_circuit_operator.py
[2025-04-09T06:05:20.800+0000] {processor.py:914} INFO - Processing file /home/airflow/.local/lib/python3.12/site-packages/airflow/example_dags/example_short_circuit_operator.py for tasks to queue
[2025-04-09T06:05:20.804+0000] {logging_mixin.py:190} INFO - [2025-04-09T06:05:20.804+0000] {dagbag.py:588} INFO - Filling up the DagBag from /home/airflow/.local/lib/python3.12/site-packages/airflow/example_dags/example_short_circuit_operator.py
[2025-04-09T06:05:20.816+0000] {processor.py:925} INFO - DAG(s) 'example_short_circuit_operator' retrieved from /home/airflow/.local/lib/python3.12/site-packages/airflow/example_dags/example_short_circuit_operator.py
[2025-04-09T06:05:20.843+0000] {logging_mixin.py:190} INFO - [2025-04-09T06:05:20.843+0000] {dag.py:3239} INFO - Sync 1 DAGs
[2025-04-09T06:05:20.857+0000] {logging_mixin.py:190} INFO - [2025-04-09T06:05:20.857+0000] {dag.py:4180} INFO - Setting next_dagrun for example_short_circuit_operator to None, run_after=None
[2025-04-09T06:05:20.884+0000] {processor.py:208} INFO - Processing /home/airflow/.local/lib/python3.12/site-packages/airflow/example_dags/example_short_circuit_operator.py took 0.097 seconds
[2025-04-09T06:05:51.406+0000] {processor.py:186} INFO - Started process (PID=433) to work on /home/airflow/.local/lib/python3.12/site-packages/airflow/example_dags/example_short_circuit_operator.py
[2025-04-09T06:05:51.408+0000] {processor.py:914} INFO - Processing file /home/airflow/.local/lib/python3.12/site-packages/airflow/example_dags/example_short_circuit_operator.py for tasks to queue
[2025-04-09T06:05:51.411+0000] {logging_mixin.py:190} INFO - [2025-04-09T06:05:51.411+0000] {dagbag.py:588} INFO - Filling up the DagBag from /home/airflow/.local/lib/python3.12/site-packages/airflow/example_dags/example_short_circuit_operator.py
[2025-04-09T06:05:51.420+0000] {processor.py:925} INFO - DAG(s) 'example_short_circuit_operator' retrieved from /home/airflow/.local/lib/python3.12/site-packages/airflow/example_dags/example_short_circuit_operator.py
[2025-04-09T06:05:51.448+0000] {logging_mixin.py:190} INFO - [2025-04-09T06:05:51.448+0000] {dag.py:3239} INFO - Sync 1 DAGs
[2025-04-09T06:05:51.468+0000] {logging_mixin.py:190} INFO - [2025-04-09T06:05:51.468+0000] {dag.py:4180} INFO - Setting next_dagrun for example_short_circuit_operator to None, run_after=None
[2025-04-09T06:05:51.500+0000] {processor.py:208} INFO - Processing /home/airflow/.local/lib/python3.12/site-packages/airflow/example_dags/example_short_circuit_operator.py took 0.100 seconds
[2025-04-09T06:32:18.751+0000] {processor.py:186} INFO - Started process (PID=441) to work on /home/airflow/.local/lib/python3.12/site-packages/airflow/example_dags/example_short_circuit_operator.py
[2025-04-09T06:32:18.757+0000] {processor.py:914} INFO - Processing file /home/airflow/.local/lib/python3.12/site-packages/airflow/example_dags/example_short_circuit_operator.py for tasks to queue
[2025-04-09T06:32:18.766+0000] {logging_mixin.py:190} INFO - [2025-04-09T06:32:18.764+0000] {dagbag.py:588} INFO - Filling up the DagBag from /home/airflow/.local/lib/python3.12/site-packages/airflow/example_dags/example_short_circuit_operator.py
[2025-04-09T06:32:18.806+0000] {processor.py:925} INFO - DAG(s) 'example_short_circuit_operator' retrieved from /home/airflow/.local/lib/python3.12/site-packages/airflow/example_dags/example_short_circuit_operator.py
[2025-04-09T06:32:18.895+0000] {logging_mixin.py:190} INFO - [2025-04-09T06:32:18.894+0000] {dag.py:3239} INFO - Sync 1 DAGs
[2025-04-09T06:32:18.971+0000] {logging_mixin.py:190} INFO - [2025-04-09T06:32:18.970+0000] {dag.py:4180} INFO - Setting next_dagrun for example_short_circuit_operator to None, run_after=None
[2025-04-09T06:32:19.056+0000] {processor.py:208} INFO - Processing /home/airflow/.local/lib/python3.12/site-packages/airflow/example_dags/example_short_circuit_operator.py took 0.328 seconds
[2025-04-09T17:13:52.148+0000] {processor.py:186} INFO - Started process (PID=505) to work on /home/airflow/.local/lib/python3.12/site-packages/airflow/example_dags/example_short_circuit_operator.py
[2025-04-09T17:13:52.150+0000] {processor.py:914} INFO - Processing file /home/airflow/.local/lib/python3.12/site-packages/airflow/example_dags/example_short_circuit_operator.py for tasks to queue
[2025-04-09T17:13:52.153+0000] {logging_mixin.py:190} INFO - [2025-04-09T17:13:52.153+0000] {dagbag.py:588} INFO - Filling up the DagBag from /home/airflow/.local/lib/python3.12/site-packages/airflow/example_dags/example_short_circuit_operator.py
[2025-04-09T17:13:52.174+0000] {processor.py:925} INFO - DAG(s) 'example_short_circuit_operator' retrieved from /home/airflow/.local/lib/python3.12/site-packages/airflow/example_dags/example_short_circuit_operator.py
[2025-04-09T17:13:52.246+0000] {logging_mixin.py:190} INFO - [2025-04-09T17:13:52.244+0000] {dag.py:3239} INFO - Sync 1 DAGs
[2025-04-09T17:13:52.296+0000] {logging_mixin.py:190} INFO - [2025-04-09T17:13:52.296+0000] {dag.py:4180} INFO - Setting next_dagrun for example_short_circuit_operator to None, run_after=None
[2025-04-09T17:13:52.349+0000] {processor.py:208} INFO - Processing /home/airflow/.local/lib/python3.12/site-packages/airflow/example_dags/example_short_circuit_operator.py took 0.213 seconds
