[2025-04-09T06:03:04.447+0000] {processor.py:186} INFO - Started process (PID=92) to work on /home/airflow/.local/lib/python3.12/site-packages/airflow/example_dags/example_latest_only_with_trigger.py
[2025-04-09T06:03:04.450+0000] {processor.py:914} INFO - Processing file /home/airflow/.local/lib/python3.12/site-packages/airflow/example_dags/example_latest_only_with_trigger.py for tasks to queue
[2025-04-09T06:03:04.454+0000] {logging_mixin.py:190} INFO - [2025-04-09T06:03:04.454+0000] {dagbag.py:588} INFO - Filling up the DagBag from /home/airflow/.local/lib/python3.12/site-packages/airflow/example_dags/example_latest_only_with_trigger.py
[2025-04-09T06:03:04.471+0000] {processor.py:925} INFO - DAG(s) 'latest_only_with_trigger' retrieved from /home/airflow/.local/lib/python3.12/site-packages/airflow/example_dags/example_latest_only_with_trigger.py
[2025-04-09T06:03:04.692+0000] {logging_mixin.py:190} INFO - [2025-04-09T06:03:04.691+0000] {override.py:1912} INFO - Created Permission View: can edit on DAG:latest_only_with_trigger
[2025-04-09T06:03:04.711+0000] {logging_mixin.py:190} INFO - [2025-04-09T06:03:04.710+0000] {override.py:1912} INFO - Created Permission View: can read on DAG:latest_only_with_trigger
[2025-04-09T06:03:04.724+0000] {logging_mixin.py:190} INFO - [2025-04-09T06:03:04.724+0000] {override.py:1912} INFO - Created Permission View: can delete on DAG:latest_only_with_trigger
[2025-04-09T06:03:04.742+0000] {logging_mixin.py:190} INFO - [2025-04-09T06:03:04.742+0000] {override.py:1912} INFO - Created Permission View: can create on DAG Run:latest_only_with_trigger
[2025-04-09T06:03:04.757+0000] {logging_mixin.py:190} INFO - [2025-04-09T06:03:04.757+0000] {override.py:1912} INFO - Created Permission View: can read on DAG Run:latest_only_with_trigger
[2025-04-09T06:03:04.772+0000] {logging_mixin.py:190} INFO - [2025-04-09T06:03:04.772+0000] {override.py:1912} INFO - Created Permission View: can delete on DAG Run:latest_only_with_trigger
[2025-04-09T06:03:04.784+0000] {logging_mixin.py:190} INFO - [2025-04-09T06:03:04.783+0000] {override.py:1912} INFO - Created Permission View: menu access on DAG Run:latest_only_with_trigger
[2025-04-09T06:03:04.785+0000] {logging_mixin.py:190} INFO - [2025-04-09T06:03:04.785+0000] {dag.py:3239} INFO - Sync 1 DAGs
[2025-04-09T06:03:04.802+0000] {logging_mixin.py:190} INFO - [2025-04-09T06:03:04.801+0000] {dag.py:3262} INFO - Creating ORM DAG for latest_only_with_trigger
[2025-04-09T06:03:04.815+0000] {logging_mixin.py:190} INFO - [2025-04-09T06:03:04.815+0000] {dag.py:4180} INFO - Setting next_dagrun for latest_only_with_trigger to 2025-04-09 00:00:00+00:00, run_after=2025-04-09 04:00:00+00:00
[2025-04-09T06:03:04.840+0000] {processor.py:208} INFO - Processing /home/airflow/.local/lib/python3.12/site-packages/airflow/example_dags/example_latest_only_with_trigger.py took 0.403 seconds
[2025-04-09T06:03:35.173+0000] {processor.py:186} INFO - Started process (PID=156) to work on /home/airflow/.local/lib/python3.12/site-packages/airflow/example_dags/example_latest_only_with_trigger.py
[2025-04-09T06:03:35.175+0000] {processor.py:914} INFO - Processing file /home/airflow/.local/lib/python3.12/site-packages/airflow/example_dags/example_latest_only_with_trigger.py for tasks to queue
[2025-04-09T06:03:35.179+0000] {logging_mixin.py:190} INFO - [2025-04-09T06:03:35.178+0000] {dagbag.py:588} INFO - Filling up the DagBag from /home/airflow/.local/lib/python3.12/site-packages/airflow/example_dags/example_latest_only_with_trigger.py
[2025-04-09T06:03:35.191+0000] {processor.py:925} INFO - DAG(s) 'latest_only_with_trigger' retrieved from /home/airflow/.local/lib/python3.12/site-packages/airflow/example_dags/example_latest_only_with_trigger.py
[2025-04-09T06:03:35.219+0000] {logging_mixin.py:190} INFO - [2025-04-09T06:03:35.219+0000] {dag.py:3239} INFO - Sync 1 DAGs
[2025-04-09T06:03:35.243+0000] {logging_mixin.py:190} INFO - [2025-04-09T06:03:35.242+0000] {dag.py:4180} INFO - Setting next_dagrun for latest_only_with_trigger to 2025-04-09 00:00:00+00:00, run_after=2025-04-09 04:00:00+00:00
[2025-04-09T06:03:35.268+0000] {processor.py:208} INFO - Processing /home/airflow/.local/lib/python3.12/site-packages/airflow/example_dags/example_latest_only_with_trigger.py took 0.102 seconds
[2025-04-09T06:04:05.784+0000] {processor.py:186} INFO - Started process (PID=220) to work on /home/airflow/.local/lib/python3.12/site-packages/airflow/example_dags/example_latest_only_with_trigger.py
[2025-04-09T06:04:05.786+0000] {processor.py:914} INFO - Processing file /home/airflow/.local/lib/python3.12/site-packages/airflow/example_dags/example_latest_only_with_trigger.py for tasks to queue
[2025-04-09T06:04:05.790+0000] {logging_mixin.py:190} INFO - [2025-04-09T06:04:05.790+0000] {dagbag.py:588} INFO - Filling up the DagBag from /home/airflow/.local/lib/python3.12/site-packages/airflow/example_dags/example_latest_only_with_trigger.py
[2025-04-09T06:04:05.803+0000] {processor.py:925} INFO - DAG(s) 'latest_only_with_trigger' retrieved from /home/airflow/.local/lib/python3.12/site-packages/airflow/example_dags/example_latest_only_with_trigger.py
[2025-04-09T06:04:05.832+0000] {logging_mixin.py:190} INFO - [2025-04-09T06:04:05.832+0000] {dag.py:3239} INFO - Sync 1 DAGs
[2025-04-09T06:04:05.857+0000] {logging_mixin.py:190} INFO - [2025-04-09T06:04:05.857+0000] {dag.py:4180} INFO - Setting next_dagrun for latest_only_with_trigger to 2025-04-09 00:00:00+00:00, run_after=2025-04-09 04:00:00+00:00
[2025-04-09T06:04:05.894+0000] {processor.py:208} INFO - Processing /home/airflow/.local/lib/python3.12/site-packages/airflow/example_dags/example_latest_only_with_trigger.py took 0.121 seconds
[2025-04-09T06:04:36.781+0000] {processor.py:186} INFO - Started process (PID=284) to work on /home/airflow/.local/lib/python3.12/site-packages/airflow/example_dags/example_latest_only_with_trigger.py
[2025-04-09T06:04:36.782+0000] {processor.py:914} INFO - Processing file /home/airflow/.local/lib/python3.12/site-packages/airflow/example_dags/example_latest_only_with_trigger.py for tasks to queue
[2025-04-09T06:04:36.787+0000] {logging_mixin.py:190} INFO - [2025-04-09T06:04:36.786+0000] {dagbag.py:588} INFO - Filling up the DagBag from /home/airflow/.local/lib/python3.12/site-packages/airflow/example_dags/example_latest_only_with_trigger.py
[2025-04-09T06:04:36.797+0000] {processor.py:925} INFO - DAG(s) 'latest_only_with_trigger' retrieved from /home/airflow/.local/lib/python3.12/site-packages/airflow/example_dags/example_latest_only_with_trigger.py
[2025-04-09T06:04:36.831+0000] {logging_mixin.py:190} INFO - [2025-04-09T06:04:36.831+0000] {dag.py:3239} INFO - Sync 1 DAGs
[2025-04-09T06:04:36.870+0000] {logging_mixin.py:190} INFO - [2025-04-09T06:04:36.870+0000] {dag.py:4180} INFO - Setting next_dagrun for latest_only_with_trigger to 2025-04-09 00:00:00+00:00, run_after=2025-04-09 04:00:00+00:00
[2025-04-09T06:04:36.907+0000] {processor.py:208} INFO - Processing /home/airflow/.local/lib/python3.12/site-packages/airflow/example_dags/example_latest_only_with_trigger.py took 0.134 seconds
[2025-04-09T06:05:07.377+0000] {processor.py:186} INFO - Started process (PID=348) to work on /home/airflow/.local/lib/python3.12/site-packages/airflow/example_dags/example_latest_only_with_trigger.py
[2025-04-09T06:05:07.380+0000] {processor.py:914} INFO - Processing file /home/airflow/.local/lib/python3.12/site-packages/airflow/example_dags/example_latest_only_with_trigger.py for tasks to queue
[2025-04-09T06:05:07.388+0000] {logging_mixin.py:190} INFO - [2025-04-09T06:05:07.388+0000] {dagbag.py:588} INFO - Filling up the DagBag from /home/airflow/.local/lib/python3.12/site-packages/airflow/example_dags/example_latest_only_with_trigger.py
[2025-04-09T06:05:07.399+0000] {processor.py:925} INFO - DAG(s) 'latest_only_with_trigger' retrieved from /home/airflow/.local/lib/python3.12/site-packages/airflow/example_dags/example_latest_only_with_trigger.py
[2025-04-09T06:05:07.431+0000] {logging_mixin.py:190} INFO - [2025-04-09T06:05:07.430+0000] {dag.py:3239} INFO - Sync 1 DAGs
[2025-04-09T06:05:07.459+0000] {logging_mixin.py:190} INFO - [2025-04-09T06:05:07.459+0000] {dag.py:4180} INFO - Setting next_dagrun for latest_only_with_trigger to 2025-04-09 00:00:00+00:00, run_after=2025-04-09 04:00:00+00:00
[2025-04-09T06:05:07.488+0000] {processor.py:208} INFO - Processing /home/airflow/.local/lib/python3.12/site-packages/airflow/example_dags/example_latest_only_with_trigger.py took 0.123 seconds
[2025-04-09T06:05:37.795+0000] {processor.py:186} INFO - Started process (PID=412) to work on /home/airflow/.local/lib/python3.12/site-packages/airflow/example_dags/example_latest_only_with_trigger.py
[2025-04-09T06:05:37.797+0000] {processor.py:914} INFO - Processing file /home/airflow/.local/lib/python3.12/site-packages/airflow/example_dags/example_latest_only_with_trigger.py for tasks to queue
[2025-04-09T06:05:37.802+0000] {logging_mixin.py:190} INFO - [2025-04-09T06:05:37.801+0000] {dagbag.py:588} INFO - Filling up the DagBag from /home/airflow/.local/lib/python3.12/site-packages/airflow/example_dags/example_latest_only_with_trigger.py
[2025-04-09T06:05:37.811+0000] {processor.py:925} INFO - DAG(s) 'latest_only_with_trigger' retrieved from /home/airflow/.local/lib/python3.12/site-packages/airflow/example_dags/example_latest_only_with_trigger.py
[2025-04-09T06:05:37.834+0000] {logging_mixin.py:190} INFO - [2025-04-09T06:05:37.834+0000] {dag.py:3239} INFO - Sync 1 DAGs
[2025-04-09T06:05:37.857+0000] {logging_mixin.py:190} INFO - [2025-04-09T06:05:37.857+0000] {dag.py:4180} INFO - Setting next_dagrun for latest_only_with_trigger to 2025-04-09 00:00:00+00:00, run_after=2025-04-09 04:00:00+00:00
[2025-04-09T06:05:37.881+0000] {processor.py:208} INFO - Processing /home/airflow/.local/lib/python3.12/site-packages/airflow/example_dags/example_latest_only_with_trigger.py took 0.096 seconds
[2025-04-09T17:13:50.082+0000] {processor.py:186} INFO - Started process (PID=484) to work on /home/airflow/.local/lib/python3.12/site-packages/airflow/example_dags/example_latest_only_with_trigger.py
[2025-04-09T17:13:50.085+0000] {processor.py:914} INFO - Processing file /home/airflow/.local/lib/python3.12/site-packages/airflow/example_dags/example_latest_only_with_trigger.py for tasks to queue
[2025-04-09T17:13:50.088+0000] {logging_mixin.py:190} INFO - [2025-04-09T17:13:50.087+0000] {dagbag.py:588} INFO - Filling up the DagBag from /home/airflow/.local/lib/python3.12/site-packages/airflow/example_dags/example_latest_only_with_trigger.py
[2025-04-09T17:13:50.107+0000] {processor.py:925} INFO - DAG(s) 'latest_only_with_trigger' retrieved from /home/airflow/.local/lib/python3.12/site-packages/airflow/example_dags/example_latest_only_with_trigger.py
[2025-04-09T17:13:50.169+0000] {logging_mixin.py:190} INFO - [2025-04-09T17:13:50.168+0000] {dag.py:3239} INFO - Sync 1 DAGs
[2025-04-09T17:13:50.260+0000] {logging_mixin.py:190} INFO - [2025-04-09T17:13:50.260+0000] {dag.py:4180} INFO - Setting next_dagrun for latest_only_with_trigger to 2025-04-09 12:00:00+00:00, run_after=2025-04-09 16:00:00+00:00
[2025-04-09T17:13:50.321+0000] {processor.py:208} INFO - Processing /home/airflow/.local/lib/python3.12/site-packages/airflow/example_dags/example_latest_only_with_trigger.py took 0.256 seconds
