[2025-04-09T06:02:47.803+0000] {processor.py:186} INFO - Started process (PID=45) to work on /home/airflow/.local/lib/python3.12/site-packages/airflow/example_dags/example_outlet_event_extra.py
[2025-04-09T06:02:47.805+0000] {processor.py:914} INFO - Processing file /home/airflow/.local/lib/python3.12/site-packages/airflow/example_dags/example_outlet_event_extra.py for tasks to queue
[2025-04-09T06:02:47.809+0000] {logging_mixin.py:190} INFO - [2025-04-09T06:02:47.808+0000] {dagbag.py:588} INFO - Filling up the DagBag from /home/airflow/.local/lib/python3.12/site-packages/airflow/example_dags/example_outlet_event_extra.py
[2025-04-09T06:02:51.574+0000] {processor.py:925} INFO - DAG(s) 'dataset_with_extra_by_yield', 'dataset_with_extra_by_context', 'dataset_with_extra_from_classic_operator' retrieved from /home/airflow/.local/lib/python3.12/site-packages/airflow/example_dags/example_outlet_event_extra.py
[2025-04-09T06:02:51.785+0000] {logging_mixin.py:190} INFO - [2025-04-09T06:02:51.784+0000] {override.py:1912} INFO - Created Permission View: can edit on DAG:dataset_with_extra_by_yield
[2025-04-09T06:02:51.808+0000] {logging_mixin.py:190} INFO - [2025-04-09T06:02:51.807+0000] {override.py:1912} INFO - Created Permission View: can read on DAG:dataset_with_extra_by_yield
[2025-04-09T06:02:51.822+0000] {logging_mixin.py:190} INFO - [2025-04-09T06:02:51.822+0000] {override.py:1912} INFO - Created Permission View: can delete on DAG:dataset_with_extra_by_yield
[2025-04-09T06:02:51.841+0000] {logging_mixin.py:190} INFO - [2025-04-09T06:02:51.840+0000] {override.py:1912} INFO - Created Permission View: can create on DAG Run:dataset_with_extra_by_yield
[2025-04-09T06:02:51.858+0000] {logging_mixin.py:190} INFO - [2025-04-09T06:02:51.857+0000] {override.py:1912} INFO - Created Permission View: can read on DAG Run:dataset_with_extra_by_yield
[2025-04-09T06:02:51.871+0000] {logging_mixin.py:190} INFO - [2025-04-09T06:02:51.870+0000] {override.py:1912} INFO - Created Permission View: can delete on DAG Run:dataset_with_extra_by_yield
[2025-04-09T06:02:51.885+0000] {logging_mixin.py:190} INFO - [2025-04-09T06:02:51.884+0000] {override.py:1912} INFO - Created Permission View: menu access on DAG Run:dataset_with_extra_by_yield
[2025-04-09T06:02:51.912+0000] {logging_mixin.py:190} INFO - [2025-04-09T06:02:51.912+0000] {override.py:1912} INFO - Created Permission View: can edit on DAG:dataset_with_extra_by_context
[2025-04-09T06:02:51.925+0000] {logging_mixin.py:190} INFO - [2025-04-09T06:02:51.925+0000] {override.py:1912} INFO - Created Permission View: can read on DAG:dataset_with_extra_by_context
[2025-04-09T06:02:51.941+0000] {logging_mixin.py:190} INFO - [2025-04-09T06:02:51.940+0000] {override.py:1912} INFO - Created Permission View: can delete on DAG:dataset_with_extra_by_context
[2025-04-09T06:02:51.960+0000] {logging_mixin.py:190} INFO - [2025-04-09T06:02:51.960+0000] {override.py:1912} INFO - Created Permission View: can create on DAG Run:dataset_with_extra_by_context
[2025-04-09T06:02:51.974+0000] {logging_mixin.py:190} INFO - [2025-04-09T06:02:51.973+0000] {override.py:1912} INFO - Created Permission View: can read on DAG Run:dataset_with_extra_by_context
[2025-04-09T06:02:51.991+0000] {logging_mixin.py:190} INFO - [2025-04-09T06:02:51.991+0000] {override.py:1912} INFO - Created Permission View: can delete on DAG Run:dataset_with_extra_by_context
[2025-04-09T06:02:52.011+0000] {logging_mixin.py:190} INFO - [2025-04-09T06:02:52.010+0000] {override.py:1912} INFO - Created Permission View: menu access on DAG Run:dataset_with_extra_by_context
[2025-04-09T06:02:52.045+0000] {logging_mixin.py:190} INFO - [2025-04-09T06:02:52.044+0000] {override.py:1912} INFO - Created Permission View: can edit on DAG:dataset_with_extra_from_classic_operator
[2025-04-09T06:02:52.059+0000] {logging_mixin.py:190} INFO - [2025-04-09T06:02:52.058+0000] {override.py:1912} INFO - Created Permission View: can read on DAG:dataset_with_extra_from_classic_operator
[2025-04-09T06:02:52.073+0000] {logging_mixin.py:190} INFO - [2025-04-09T06:02:52.072+0000] {override.py:1912} INFO - Created Permission View: can delete on DAG:dataset_with_extra_from_classic_operator
[2025-04-09T06:02:52.091+0000] {logging_mixin.py:190} INFO - [2025-04-09T06:02:52.091+0000] {override.py:1912} INFO - Created Permission View: can create on DAG Run:dataset_with_extra_from_classic_operator
[2025-04-09T06:02:52.106+0000] {logging_mixin.py:190} INFO - [2025-04-09T06:02:52.106+0000] {override.py:1912} INFO - Created Permission View: can read on DAG Run:dataset_with_extra_from_classic_operator
[2025-04-09T06:02:52.125+0000] {logging_mixin.py:190} INFO - [2025-04-09T06:02:52.124+0000] {override.py:1912} INFO - Created Permission View: can delete on DAG Run:dataset_with_extra_from_classic_operator
[2025-04-09T06:02:52.140+0000] {logging_mixin.py:190} INFO - [2025-04-09T06:02:52.140+0000] {override.py:1912} INFO - Created Permission View: menu access on DAG Run:dataset_with_extra_from_classic_operator
[2025-04-09T06:02:52.142+0000] {logging_mixin.py:190} INFO - [2025-04-09T06:02:52.142+0000] {dag.py:3239} INFO - Sync 3 DAGs
[2025-04-09T06:02:52.165+0000] {logging_mixin.py:190} INFO - [2025-04-09T06:02:52.165+0000] {dag.py:3262} INFO - Creating ORM DAG for dataset_with_extra_by_context
[2025-04-09T06:02:52.167+0000] {logging_mixin.py:190} INFO - [2025-04-09T06:02:52.167+0000] {dag.py:3262} INFO - Creating ORM DAG for dataset_with_extra_by_yield
[2025-04-09T06:02:52.168+0000] {logging_mixin.py:190} INFO - [2025-04-09T06:02:52.168+0000] {dag.py:3262} INFO - Creating ORM DAG for dataset_with_extra_from_classic_operator
[2025-04-09T06:02:52.190+0000] {logging_mixin.py:190} INFO - [2025-04-09T06:02:52.190+0000] {dag.py:4180} INFO - Setting next_dagrun for dataset_with_extra_by_context to 2025-04-08 00:00:00+00:00, run_after=2025-04-09 00:00:00+00:00
[2025-04-09T06:02:52.194+0000] {logging_mixin.py:190} INFO - [2025-04-09T06:02:52.193+0000] {dag.py:4180} INFO - Setting next_dagrun for dataset_with_extra_by_yield to 2025-04-08 00:00:00+00:00, run_after=2025-04-09 00:00:00+00:00
[2025-04-09T06:02:52.197+0000] {logging_mixin.py:190} INFO - [2025-04-09T06:02:52.197+0000] {dag.py:4180} INFO - Setting next_dagrun for dataset_with_extra_from_classic_operator to 2025-04-08 00:00:00+00:00, run_after=2025-04-09 00:00:00+00:00
[2025-04-09T06:02:52.244+0000] {processor.py:208} INFO - Processing /home/airflow/.local/lib/python3.12/site-packages/airflow/example_dags/example_outlet_event_extra.py took 4.451 seconds
[2025-04-09T06:03:22.453+0000] {processor.py:186} INFO - Started process (PID=115) to work on /home/airflow/.local/lib/python3.12/site-packages/airflow/example_dags/example_outlet_event_extra.py
[2025-04-09T06:03:22.455+0000] {processor.py:914} INFO - Processing file /home/airflow/.local/lib/python3.12/site-packages/airflow/example_dags/example_outlet_event_extra.py for tasks to queue
[2025-04-09T06:03:22.467+0000] {logging_mixin.py:190} INFO - [2025-04-09T06:03:22.464+0000] {dagbag.py:588} INFO - Filling up the DagBag from /home/airflow/.local/lib/python3.12/site-packages/airflow/example_dags/example_outlet_event_extra.py
[2025-04-09T06:03:23.485+0000] {processor.py:925} INFO - DAG(s) 'dataset_with_extra_by_yield', 'dataset_with_extra_from_classic_operator', 'dataset_with_extra_by_context' retrieved from /home/airflow/.local/lib/python3.12/site-packages/airflow/example_dags/example_outlet_event_extra.py
[2025-04-09T06:03:23.527+0000] {logging_mixin.py:190} INFO - [2025-04-09T06:03:23.527+0000] {dag.py:3239} INFO - Sync 3 DAGs
[2025-04-09T06:03:23.562+0000] {logging_mixin.py:190} INFO - [2025-04-09T06:03:23.562+0000] {dag.py:4180} INFO - Setting next_dagrun for dataset_with_extra_by_context to 2025-04-08 00:00:00+00:00, run_after=2025-04-09 00:00:00+00:00
[2025-04-09T06:03:23.569+0000] {logging_mixin.py:190} INFO - [2025-04-09T06:03:23.569+0000] {dag.py:4180} INFO - Setting next_dagrun for dataset_with_extra_by_yield to 2025-04-08 00:00:00+00:00, run_after=2025-04-09 00:00:00+00:00
[2025-04-09T06:03:23.573+0000] {logging_mixin.py:190} INFO - [2025-04-09T06:03:23.573+0000] {dag.py:4180} INFO - Setting next_dagrun for dataset_with_extra_from_classic_operator to 2025-04-08 00:00:00+00:00, run_after=2025-04-09 00:00:00+00:00
[2025-04-09T06:03:23.609+0000] {processor.py:208} INFO - Processing /home/airflow/.local/lib/python3.12/site-packages/airflow/example_dags/example_outlet_event_extra.py took 1.171 seconds
[2025-04-09T06:03:53.809+0000] {processor.py:186} INFO - Started process (PID=179) to work on /home/airflow/.local/lib/python3.12/site-packages/airflow/example_dags/example_outlet_event_extra.py
[2025-04-09T06:03:53.813+0000] {processor.py:914} INFO - Processing file /home/airflow/.local/lib/python3.12/site-packages/airflow/example_dags/example_outlet_event_extra.py for tasks to queue
[2025-04-09T06:03:53.819+0000] {logging_mixin.py:190} INFO - [2025-04-09T06:03:53.818+0000] {dagbag.py:588} INFO - Filling up the DagBag from /home/airflow/.local/lib/python3.12/site-packages/airflow/example_dags/example_outlet_event_extra.py
[2025-04-09T06:03:55.729+0000] {processor.py:925} INFO - DAG(s) 'dataset_with_extra_by_context', 'dataset_with_extra_from_classic_operator', 'dataset_with_extra_by_yield' retrieved from /home/airflow/.local/lib/python3.12/site-packages/airflow/example_dags/example_outlet_event_extra.py
[2025-04-09T06:03:55.791+0000] {logging_mixin.py:190} INFO - [2025-04-09T06:03:55.790+0000] {dag.py:3239} INFO - Sync 3 DAGs
[2025-04-09T06:03:55.828+0000] {logging_mixin.py:190} INFO - [2025-04-09T06:03:55.828+0000] {dag.py:4180} INFO - Setting next_dagrun for dataset_with_extra_by_context to 2025-04-08 00:00:00+00:00, run_after=2025-04-09 00:00:00+00:00
[2025-04-09T06:03:55.836+0000] {logging_mixin.py:190} INFO - [2025-04-09T06:03:55.836+0000] {dag.py:4180} INFO - Setting next_dagrun for dataset_with_extra_by_yield to 2025-04-08 00:00:00+00:00, run_after=2025-04-09 00:00:00+00:00
[2025-04-09T06:03:55.846+0000] {logging_mixin.py:190} INFO - [2025-04-09T06:03:55.846+0000] {dag.py:4180} INFO - Setting next_dagrun for dataset_with_extra_from_classic_operator to 2025-04-08 00:00:00+00:00, run_after=2025-04-09 00:00:00+00:00
[2025-04-09T06:03:55.880+0000] {processor.py:208} INFO - Processing /home/airflow/.local/lib/python3.12/site-packages/airflow/example_dags/example_outlet_event_extra.py took 2.080 seconds
[2025-04-09T06:04:26.753+0000] {processor.py:186} INFO - Started process (PID=244) to work on /home/airflow/.local/lib/python3.12/site-packages/airflow/example_dags/example_outlet_event_extra.py
[2025-04-09T06:04:26.755+0000] {processor.py:914} INFO - Processing file /home/airflow/.local/lib/python3.12/site-packages/airflow/example_dags/example_outlet_event_extra.py for tasks to queue
[2025-04-09T06:04:26.760+0000] {logging_mixin.py:190} INFO - [2025-04-09T06:04:26.759+0000] {dagbag.py:588} INFO - Filling up the DagBag from /home/airflow/.local/lib/python3.12/site-packages/airflow/example_dags/example_outlet_event_extra.py
[2025-04-09T06:04:27.633+0000] {processor.py:925} INFO - DAG(s) 'dataset_with_extra_by_context', 'dataset_with_extra_from_classic_operator', 'dataset_with_extra_by_yield' retrieved from /home/airflow/.local/lib/python3.12/site-packages/airflow/example_dags/example_outlet_event_extra.py
[2025-04-09T06:04:27.662+0000] {logging_mixin.py:190} INFO - [2025-04-09T06:04:27.661+0000] {dag.py:3239} INFO - Sync 3 DAGs
[2025-04-09T06:04:27.691+0000] {logging_mixin.py:190} INFO - [2025-04-09T06:04:27.690+0000] {dag.py:4180} INFO - Setting next_dagrun for dataset_with_extra_by_context to 2025-04-08 00:00:00+00:00, run_after=2025-04-09 00:00:00+00:00
[2025-04-09T06:04:27.696+0000] {logging_mixin.py:190} INFO - [2025-04-09T06:04:27.695+0000] {dag.py:4180} INFO - Setting next_dagrun for dataset_with_extra_by_yield to 2025-04-08 00:00:00+00:00, run_after=2025-04-09 00:00:00+00:00
[2025-04-09T06:04:27.698+0000] {logging_mixin.py:190} INFO - [2025-04-09T06:04:27.698+0000] {dag.py:4180} INFO - Setting next_dagrun for dataset_with_extra_from_classic_operator to 2025-04-08 00:00:00+00:00, run_after=2025-04-09 00:00:00+00:00
[2025-04-09T06:04:27.725+0000] {processor.py:208} INFO - Processing /home/airflow/.local/lib/python3.12/site-packages/airflow/example_dags/example_outlet_event_extra.py took 0.981 seconds
[2025-04-09T06:04:58.108+0000] {processor.py:186} INFO - Started process (PID=310) to work on /home/airflow/.local/lib/python3.12/site-packages/airflow/example_dags/example_outlet_event_extra.py
[2025-04-09T06:04:58.111+0000] {processor.py:914} INFO - Processing file /home/airflow/.local/lib/python3.12/site-packages/airflow/example_dags/example_outlet_event_extra.py for tasks to queue
[2025-04-09T06:04:58.118+0000] {logging_mixin.py:190} INFO - [2025-04-09T06:04:58.117+0000] {dagbag.py:588} INFO - Filling up the DagBag from /home/airflow/.local/lib/python3.12/site-packages/airflow/example_dags/example_outlet_event_extra.py
[2025-04-09T06:04:58.883+0000] {processor.py:925} INFO - DAG(s) 'dataset_with_extra_by_context', 'dataset_with_extra_by_yield', 'dataset_with_extra_from_classic_operator' retrieved from /home/airflow/.local/lib/python3.12/site-packages/airflow/example_dags/example_outlet_event_extra.py
[2025-04-09T06:04:58.917+0000] {logging_mixin.py:190} INFO - [2025-04-09T06:04:58.917+0000] {dag.py:3239} INFO - Sync 3 DAGs
[2025-04-09T06:04:58.954+0000] {logging_mixin.py:190} INFO - [2025-04-09T06:04:58.953+0000] {dag.py:4180} INFO - Setting next_dagrun for dataset_with_extra_by_context to 2025-04-08 00:00:00+00:00, run_after=2025-04-09 00:00:00+00:00
[2025-04-09T06:04:58.967+0000] {logging_mixin.py:190} INFO - [2025-04-09T06:04:58.966+0000] {dag.py:4180} INFO - Setting next_dagrun for dataset_with_extra_by_yield to 2025-04-08 00:00:00+00:00, run_after=2025-04-09 00:00:00+00:00
[2025-04-09T06:04:58.977+0000] {logging_mixin.py:190} INFO - [2025-04-09T06:04:58.977+0000] {dag.py:4180} INFO - Setting next_dagrun for dataset_with_extra_from_classic_operator to 2025-04-08 00:00:00+00:00, run_after=2025-04-09 00:00:00+00:00
[2025-04-09T06:04:59.006+0000] {processor.py:208} INFO - Processing /home/airflow/.local/lib/python3.12/site-packages/airflow/example_dags/example_outlet_event_extra.py took 0.914 seconds
[2025-04-09T06:05:29.265+0000] {processor.py:186} INFO - Started process (PID=373) to work on /home/airflow/.local/lib/python3.12/site-packages/airflow/example_dags/example_outlet_event_extra.py
[2025-04-09T06:05:29.267+0000] {processor.py:914} INFO - Processing file /home/airflow/.local/lib/python3.12/site-packages/airflow/example_dags/example_outlet_event_extra.py for tasks to queue
[2025-04-09T06:05:29.273+0000] {logging_mixin.py:190} INFO - [2025-04-09T06:05:29.272+0000] {dagbag.py:588} INFO - Filling up the DagBag from /home/airflow/.local/lib/python3.12/site-packages/airflow/example_dags/example_outlet_event_extra.py
[2025-04-09T06:05:29.908+0000] {processor.py:925} INFO - DAG(s) 'dataset_with_extra_by_context', 'dataset_with_extra_from_classic_operator', 'dataset_with_extra_by_yield' retrieved from /home/airflow/.local/lib/python3.12/site-packages/airflow/example_dags/example_outlet_event_extra.py
[2025-04-09T06:05:29.939+0000] {logging_mixin.py:190} INFO - [2025-04-09T06:05:29.939+0000] {dag.py:3239} INFO - Sync 3 DAGs
[2025-04-09T06:05:29.966+0000] {logging_mixin.py:190} INFO - [2025-04-09T06:05:29.965+0000] {dag.py:4180} INFO - Setting next_dagrun for dataset_with_extra_by_context to 2025-04-08 00:00:00+00:00, run_after=2025-04-09 00:00:00+00:00
[2025-04-09T06:05:29.972+0000] {logging_mixin.py:190} INFO - [2025-04-09T06:05:29.972+0000] {dag.py:4180} INFO - Setting next_dagrun for dataset_with_extra_by_yield to 2025-04-08 00:00:00+00:00, run_after=2025-04-09 00:00:00+00:00
[2025-04-09T06:05:29.975+0000] {logging_mixin.py:190} INFO - [2025-04-09T06:05:29.975+0000] {dag.py:4180} INFO - Setting next_dagrun for dataset_with_extra_from_classic_operator to 2025-04-08 00:00:00+00:00, run_after=2025-04-09 00:00:00+00:00
[2025-04-09T06:05:30.005+0000] {processor.py:208} INFO - Processing /home/airflow/.local/lib/python3.12/site-packages/airflow/example_dags/example_outlet_event_extra.py took 0.751 seconds
[2025-04-09T07:40:54.280+0000] {processor.py:186} INFO - Started process (PID=443) to work on /home/airflow/.local/lib/python3.12/site-packages/airflow/example_dags/example_outlet_event_extra.py
[2025-04-09T07:40:54.293+0000] {processor.py:914} INFO - Processing file /home/airflow/.local/lib/python3.12/site-packages/airflow/example_dags/example_outlet_event_extra.py for tasks to queue
[2025-04-09T07:40:54.300+0000] {logging_mixin.py:190} INFO - [2025-04-09T07:40:54.299+0000] {dagbag.py:588} INFO - Filling up the DagBag from /home/airflow/.local/lib/python3.12/site-packages/airflow/example_dags/example_outlet_event_extra.py
[2025-04-09T17:13:52.490+0000] {processor.py:186} INFO - Started process (PID=507) to work on /home/airflow/.local/lib/python3.12/site-packages/airflow/example_dags/example_outlet_event_extra.py
[2025-04-09T17:13:52.492+0000] {processor.py:914} INFO - Processing file /home/airflow/.local/lib/python3.12/site-packages/airflow/example_dags/example_outlet_event_extra.py for tasks to queue
[2025-04-09T17:13:52.495+0000] {logging_mixin.py:190} INFO - [2025-04-09T17:13:52.495+0000] {dagbag.py:588} INFO - Filling up the DagBag from /home/airflow/.local/lib/python3.12/site-packages/airflow/example_dags/example_outlet_event_extra.py
