[2025-04-09T06:02:52.162+0000] {processor.py:186} INFO - Started process (PID=53) to work on /home/airflow/.local/lib/python3.12/site-packages/airflow/example_dags/example_kubernetes_executor.py
[2025-04-09T06:02:52.164+0000] {processor.py:914} INFO - Processing file /home/airflow/.local/lib/python3.12/site-packages/airflow/example_dags/example_kubernetes_executor.py for tasks to queue
[2025-04-09T06:02:52.169+0000] {logging_mixin.py:190} INFO - [2025-04-09T06:02:52.168+0000] {dagbag.py:588} INFO - Filling up the DagBag from /home/airflow/.local/lib/python3.12/site-packages/airflow/example_dags/example_kubernetes_executor.py
[2025-04-09T06:02:52.196+0000] {processor.py:925} INFO - DAG(s) 'example_kubernetes_executor' retrieved from /home/airflow/.local/lib/python3.12/site-packages/airflow/example_dags/example_kubernetes_executor.py
[2025-04-09T06:02:52.407+0000] {logging_mixin.py:190} INFO - [2025-04-09T06:02:52.406+0000] {override.py:1912} INFO - Created Permission View: can edit on DAG:example_kubernetes_executor
[2025-04-09T06:02:52.430+0000] {logging_mixin.py:190} INFO - [2025-04-09T06:02:52.430+0000] {override.py:1912} INFO - Created Permission View: can read on DAG:example_kubernetes_executor
[2025-04-09T06:02:52.448+0000] {logging_mixin.py:190} INFO - [2025-04-09T06:02:52.447+0000] {override.py:1912} INFO - Created Permission View: can delete on DAG:example_kubernetes_executor
[2025-04-09T06:02:52.466+0000] {logging_mixin.py:190} INFO - [2025-04-09T06:02:52.466+0000] {override.py:1912} INFO - Created Permission View: can create on DAG Run:example_kubernetes_executor
[2025-04-09T06:02:52.482+0000] {logging_mixin.py:190} INFO - [2025-04-09T06:02:52.482+0000] {override.py:1912} INFO - Created Permission View: can read on DAG Run:example_kubernetes_executor
[2025-04-09T06:02:52.497+0000] {logging_mixin.py:190} INFO - [2025-04-09T06:02:52.497+0000] {override.py:1912} INFO - Created Permission View: can delete on DAG Run:example_kubernetes_executor
[2025-04-09T06:02:52.514+0000] {logging_mixin.py:190} INFO - [2025-04-09T06:02:52.513+0000] {override.py:1912} INFO - Created Permission View: menu access on DAG Run:example_kubernetes_executor
[2025-04-09T06:02:52.515+0000] {logging_mixin.py:190} INFO - [2025-04-09T06:02:52.515+0000] {dag.py:3239} INFO - Sync 1 DAGs
[2025-04-09T06:02:52.539+0000] {logging_mixin.py:190} INFO - [2025-04-09T06:02:52.539+0000] {dag.py:3262} INFO - Creating ORM DAG for example_kubernetes_executor
[2025-04-09T06:02:52.541+0000] {logging_mixin.py:190} INFO - [2025-04-09T06:02:52.541+0000] {dag.py:4180} INFO - Setting next_dagrun for example_kubernetes_executor to None, run_after=None
[2025-04-09T06:02:52.576+0000] {processor.py:208} INFO - Processing /home/airflow/.local/lib/python3.12/site-packages/airflow/example_dags/example_kubernetes_executor.py took 0.424 seconds
[2025-04-09T06:03:23.740+0000] {processor.py:186} INFO - Started process (PID=117) to work on /home/airflow/.local/lib/python3.12/site-packages/airflow/example_dags/example_kubernetes_executor.py
[2025-04-09T06:03:23.743+0000] {processor.py:914} INFO - Processing file /home/airflow/.local/lib/python3.12/site-packages/airflow/example_dags/example_kubernetes_executor.py for tasks to queue
[2025-04-09T06:03:23.886+0000] {logging_mixin.py:190} INFO - [2025-04-09T06:03:23.885+0000] {dagbag.py:588} INFO - Filling up the DagBag from /home/airflow/.local/lib/python3.12/site-packages/airflow/example_dags/example_kubernetes_executor.py
[2025-04-09T06:03:23.926+0000] {processor.py:925} INFO - DAG(s) 'example_kubernetes_executor' retrieved from /home/airflow/.local/lib/python3.12/site-packages/airflow/example_dags/example_kubernetes_executor.py
[2025-04-09T06:03:23.971+0000] {logging_mixin.py:190} INFO - [2025-04-09T06:03:23.970+0000] {dag.py:3239} INFO - Sync 1 DAGs
[2025-04-09T06:03:23.992+0000] {logging_mixin.py:190} INFO - [2025-04-09T06:03:23.992+0000] {dag.py:4180} INFO - Setting next_dagrun for example_kubernetes_executor to None, run_after=None
[2025-04-09T06:03:24.030+0000] {processor.py:208} INFO - Processing /home/airflow/.local/lib/python3.12/site-packages/airflow/example_dags/example_kubernetes_executor.py took 0.297 seconds
[2025-04-09T06:03:55.840+0000] {processor.py:186} INFO - Started process (PID=181) to work on /home/airflow/.local/lib/python3.12/site-packages/airflow/example_dags/example_kubernetes_executor.py
[2025-04-09T06:03:55.843+0000] {processor.py:914} INFO - Processing file /home/airflow/.local/lib/python3.12/site-packages/airflow/example_dags/example_kubernetes_executor.py for tasks to queue
[2025-04-09T06:03:55.848+0000] {logging_mixin.py:190} INFO - [2025-04-09T06:03:55.848+0000] {dagbag.py:588} INFO - Filling up the DagBag from /home/airflow/.local/lib/python3.12/site-packages/airflow/example_dags/example_kubernetes_executor.py
[2025-04-09T06:03:55.870+0000] {processor.py:925} INFO - DAG(s) 'example_kubernetes_executor' retrieved from /home/airflow/.local/lib/python3.12/site-packages/airflow/example_dags/example_kubernetes_executor.py
[2025-04-09T06:03:55.905+0000] {logging_mixin.py:190} INFO - [2025-04-09T06:03:55.905+0000] {dag.py:3239} INFO - Sync 1 DAGs
[2025-04-09T06:03:55.935+0000] {logging_mixin.py:190} INFO - [2025-04-09T06:03:55.935+0000] {dag.py:4180} INFO - Setting next_dagrun for example_kubernetes_executor to None, run_after=None
[2025-04-09T06:03:55.975+0000] {processor.py:208} INFO - Processing /home/airflow/.local/lib/python3.12/site-packages/airflow/example_dags/example_kubernetes_executor.py took 0.144 seconds
[2025-04-09T06:04:27.137+0000] {processor.py:186} INFO - Started process (PID=245) to work on /home/airflow/.local/lib/python3.12/site-packages/airflow/example_dags/example_kubernetes_executor.py
[2025-04-09T06:04:27.150+0000] {processor.py:914} INFO - Processing file /home/airflow/.local/lib/python3.12/site-packages/airflow/example_dags/example_kubernetes_executor.py for tasks to queue
[2025-04-09T06:04:27.160+0000] {logging_mixin.py:190} INFO - [2025-04-09T06:04:27.159+0000] {dagbag.py:588} INFO - Filling up the DagBag from /home/airflow/.local/lib/python3.12/site-packages/airflow/example_dags/example_kubernetes_executor.py
[2025-04-09T06:04:27.183+0000] {processor.py:925} INFO - DAG(s) 'example_kubernetes_executor' retrieved from /home/airflow/.local/lib/python3.12/site-packages/airflow/example_dags/example_kubernetes_executor.py
[2025-04-09T06:04:27.232+0000] {logging_mixin.py:190} INFO - [2025-04-09T06:04:27.231+0000] {dag.py:3239} INFO - Sync 1 DAGs
[2025-04-09T06:04:27.250+0000] {logging_mixin.py:190} INFO - [2025-04-09T06:04:27.249+0000] {dag.py:4180} INFO - Setting next_dagrun for example_kubernetes_executor to None, run_after=None
[2025-04-09T06:04:27.283+0000] {processor.py:208} INFO - Processing /home/airflow/.local/lib/python3.12/site-packages/airflow/example_dags/example_kubernetes_executor.py took 0.153 seconds
[2025-04-09T06:04:57.647+0000] {processor.py:186} INFO - Started process (PID=308) to work on /home/airflow/.local/lib/python3.12/site-packages/airflow/example_dags/example_kubernetes_executor.py
[2025-04-09T06:04:57.650+0000] {processor.py:914} INFO - Processing file /home/airflow/.local/lib/python3.12/site-packages/airflow/example_dags/example_kubernetes_executor.py for tasks to queue
[2025-04-09T06:04:57.655+0000] {logging_mixin.py:190} INFO - [2025-04-09T06:04:57.654+0000] {dagbag.py:588} INFO - Filling up the DagBag from /home/airflow/.local/lib/python3.12/site-packages/airflow/example_dags/example_kubernetes_executor.py
[2025-04-09T06:04:57.673+0000] {processor.py:925} INFO - DAG(s) 'example_kubernetes_executor' retrieved from /home/airflow/.local/lib/python3.12/site-packages/airflow/example_dags/example_kubernetes_executor.py
[2025-04-09T06:04:57.705+0000] {logging_mixin.py:190} INFO - [2025-04-09T06:04:57.705+0000] {dag.py:3239} INFO - Sync 1 DAGs
[2025-04-09T06:04:57.723+0000] {logging_mixin.py:190} INFO - [2025-04-09T06:04:57.722+0000] {dag.py:4180} INFO - Setting next_dagrun for example_kubernetes_executor to None, run_after=None
[2025-04-09T06:04:57.810+0000] {processor.py:208} INFO - Processing /home/airflow/.local/lib/python3.12/site-packages/airflow/example_dags/example_kubernetes_executor.py took 0.172 seconds
[2025-04-09T06:05:28.140+0000] {processor.py:186} INFO - Started process (PID=371) to work on /home/airflow/.local/lib/python3.12/site-packages/airflow/example_dags/example_kubernetes_executor.py
[2025-04-09T06:05:28.142+0000] {processor.py:914} INFO - Processing file /home/airflow/.local/lib/python3.12/site-packages/airflow/example_dags/example_kubernetes_executor.py for tasks to queue
[2025-04-09T06:05:28.147+0000] {logging_mixin.py:190} INFO - [2025-04-09T06:05:28.147+0000] {dagbag.py:588} INFO - Filling up the DagBag from /home/airflow/.local/lib/python3.12/site-packages/airflow/example_dags/example_kubernetes_executor.py
[2025-04-09T06:05:28.161+0000] {processor.py:925} INFO - DAG(s) 'example_kubernetes_executor' retrieved from /home/airflow/.local/lib/python3.12/site-packages/airflow/example_dags/example_kubernetes_executor.py
[2025-04-09T06:05:28.186+0000] {logging_mixin.py:190} INFO - [2025-04-09T06:05:28.186+0000] {dag.py:3239} INFO - Sync 1 DAGs
[2025-04-09T06:05:28.201+0000] {logging_mixin.py:190} INFO - [2025-04-09T06:05:28.200+0000] {dag.py:4180} INFO - Setting next_dagrun for example_kubernetes_executor to None, run_after=None
[2025-04-09T06:05:28.224+0000] {processor.py:208} INFO - Processing /home/airflow/.local/lib/python3.12/site-packages/airflow/example_dags/example_kubernetes_executor.py took 0.099 seconds
[2025-04-09T06:05:58.697+0000] {processor.py:186} INFO - Started process (PID=435) to work on /home/airflow/.local/lib/python3.12/site-packages/airflow/example_dags/example_kubernetes_executor.py
[2025-04-09T06:05:58.698+0000] {processor.py:914} INFO - Processing file /home/airflow/.local/lib/python3.12/site-packages/airflow/example_dags/example_kubernetes_executor.py for tasks to queue
[2025-04-09T06:05:58.700+0000] {logging_mixin.py:190} INFO - [2025-04-09T06:05:58.700+0000] {dagbag.py:588} INFO - Filling up the DagBag from /home/airflow/.local/lib/python3.12/site-packages/airflow/example_dags/example_kubernetes_executor.py
[2025-04-09T06:05:58.712+0000] {processor.py:925} INFO - DAG(s) 'example_kubernetes_executor' retrieved from /home/airflow/.local/lib/python3.12/site-packages/airflow/example_dags/example_kubernetes_executor.py
[2025-04-09T06:05:58.733+0000] {logging_mixin.py:190} INFO - [2025-04-09T06:05:58.733+0000] {dag.py:3239} INFO - Sync 1 DAGs
[2025-04-09T06:05:58.745+0000] {logging_mixin.py:190} INFO - [2025-04-09T06:05:58.745+0000] {dag.py:4180} INFO - Setting next_dagrun for example_kubernetes_executor to None, run_after=None
[2025-04-09T06:05:58.767+0000] {processor.py:208} INFO - Processing /home/airflow/.local/lib/python3.12/site-packages/airflow/example_dags/example_kubernetes_executor.py took 0.075 seconds
[2025-04-09T07:40:55.689+0000] {processor.py:186} INFO - Started process (PID=445) to work on /home/airflow/.local/lib/python3.12/site-packages/airflow/example_dags/example_kubernetes_executor.py
[2025-04-09T07:40:55.692+0000] {processor.py:914} INFO - Processing file /home/airflow/.local/lib/python3.12/site-packages/airflow/example_dags/example_kubernetes_executor.py for tasks to queue
[2025-04-09T07:40:55.820+0000] {logging_mixin.py:190} INFO - [2025-04-09T07:40:55.819+0000] {dagbag.py:588} INFO - Filling up the DagBag from /home/airflow/.local/lib/python3.12/site-packages/airflow/example_dags/example_kubernetes_executor.py
[2025-04-09T07:40:56.106+0000] {processor.py:925} INFO - DAG(s) 'example_kubernetes_executor' retrieved from /home/airflow/.local/lib/python3.12/site-packages/airflow/example_dags/example_kubernetes_executor.py
[2025-04-09T07:40:56.288+0000] {logging_mixin.py:190} INFO - [2025-04-09T07:40:56.287+0000] {dag.py:3239} INFO - Sync 1 DAGs
[2025-04-09T07:40:56.417+0000] {logging_mixin.py:190} INFO - [2025-04-09T07:40:56.416+0000] {dag.py:4180} INFO - Setting next_dagrun for example_kubernetes_executor to None, run_after=None
[2025-04-09T07:40:56.630+0000] {processor.py:208} INFO - Processing /home/airflow/.local/lib/python3.12/site-packages/airflow/example_dags/example_kubernetes_executor.py took 0.960 seconds
