[2025-04-09T06:03:02.015+0000] {processor.py:186} INFO - Started process (PID=83) to work on /home/airflow/.local/lib/python3.12/site-packages/airflow/example_dags/example_nested_branch_dag.py
[2025-04-09T06:03:02.017+0000] {processor.py:914} INFO - Processing file /home/airflow/.local/lib/python3.12/site-packages/airflow/example_dags/example_nested_branch_dag.py for tasks to queue
[2025-04-09T06:03:02.020+0000] {logging_mixin.py:190} INFO - [2025-04-09T06:03:02.019+0000] {dagbag.py:588} INFO - Filling up the DagBag from /home/airflow/.local/lib/python3.12/site-packages/airflow/example_dags/example_nested_branch_dag.py
[2025-04-09T06:03:02.034+0000] {processor.py:925} INFO - DAG(s) 'example_nested_branch_dag' retrieved from /home/airflow/.local/lib/python3.12/site-packages/airflow/example_dags/example_nested_branch_dag.py
[2025-04-09T06:03:02.195+0000] {logging_mixin.py:190} INFO - [2025-04-09T06:03:02.194+0000] {override.py:1912} INFO - Created Permission View: can edit on DAG:example_nested_branch_dag
[2025-04-09T06:03:02.209+0000] {logging_mixin.py:190} INFO - [2025-04-09T06:03:02.209+0000] {override.py:1912} INFO - Created Permission View: can read on DAG:example_nested_branch_dag
[2025-04-09T06:03:02.221+0000] {logging_mixin.py:190} INFO - [2025-04-09T06:03:02.221+0000] {override.py:1912} INFO - Created Permission View: can delete on DAG:example_nested_branch_dag
[2025-04-09T06:03:02.236+0000] {logging_mixin.py:190} INFO - [2025-04-09T06:03:02.235+0000] {override.py:1912} INFO - Created Permission View: can create on DAG Run:example_nested_branch_dag
[2025-04-09T06:03:02.248+0000] {logging_mixin.py:190} INFO - [2025-04-09T06:03:02.247+0000] {override.py:1912} INFO - Created Permission View: can read on DAG Run:example_nested_branch_dag
[2025-04-09T06:03:02.260+0000] {logging_mixin.py:190} INFO - [2025-04-09T06:03:02.260+0000] {override.py:1912} INFO - Created Permission View: can delete on DAG Run:example_nested_branch_dag
[2025-04-09T06:03:02.273+0000] {logging_mixin.py:190} INFO - [2025-04-09T06:03:02.272+0000] {override.py:1912} INFO - Created Permission View: menu access on DAG Run:example_nested_branch_dag
[2025-04-09T06:03:02.274+0000] {logging_mixin.py:190} INFO - [2025-04-09T06:03:02.274+0000] {dag.py:3239} INFO - Sync 1 DAGs
[2025-04-09T06:03:02.289+0000] {logging_mixin.py:190} INFO - [2025-04-09T06:03:02.289+0000] {dag.py:3262} INFO - Creating ORM DAG for example_nested_branch_dag
[2025-04-09T06:03:02.302+0000] {logging_mixin.py:190} INFO - [2025-04-09T06:03:02.302+0000] {dag.py:4180} INFO - Setting next_dagrun for example_nested_branch_dag to 2025-04-08 00:00:00+00:00, run_after=2025-04-09 00:00:00+00:00
[2025-04-09T06:03:02.326+0000] {processor.py:208} INFO - Processing /home/airflow/.local/lib/python3.12/site-packages/airflow/example_dags/example_nested_branch_dag.py took 0.318 seconds
[2025-04-09T06:03:33.032+0000] {processor.py:186} INFO - Started process (PID=147) to work on /home/airflow/.local/lib/python3.12/site-packages/airflow/example_dags/example_nested_branch_dag.py
[2025-04-09T06:03:33.039+0000] {processor.py:914} INFO - Processing file /home/airflow/.local/lib/python3.12/site-packages/airflow/example_dags/example_nested_branch_dag.py for tasks to queue
[2025-04-09T06:03:33.042+0000] {logging_mixin.py:190} INFO - [2025-04-09T06:03:33.041+0000] {dagbag.py:588} INFO - Filling up the DagBag from /home/airflow/.local/lib/python3.12/site-packages/airflow/example_dags/example_nested_branch_dag.py
[2025-04-09T06:03:33.057+0000] {processor.py:925} INFO - DAG(s) 'example_nested_branch_dag' retrieved from /home/airflow/.local/lib/python3.12/site-packages/airflow/example_dags/example_nested_branch_dag.py
[2025-04-09T06:03:33.083+0000] {logging_mixin.py:190} INFO - [2025-04-09T06:03:33.083+0000] {dag.py:3239} INFO - Sync 1 DAGs
[2025-04-09T06:03:33.112+0000] {logging_mixin.py:190} INFO - [2025-04-09T06:03:33.112+0000] {dag.py:4180} INFO - Setting next_dagrun for example_nested_branch_dag to 2025-04-08 00:00:00+00:00, run_after=2025-04-09 00:00:00+00:00
[2025-04-09T06:03:33.206+0000] {processor.py:208} INFO - Processing /home/airflow/.local/lib/python3.12/site-packages/airflow/example_dags/example_nested_branch_dag.py took 0.182 seconds
[2025-04-09T06:04:03.915+0000] {processor.py:186} INFO - Started process (PID=211) to work on /home/airflow/.local/lib/python3.12/site-packages/airflow/example_dags/example_nested_branch_dag.py
[2025-04-09T06:04:03.916+0000] {processor.py:914} INFO - Processing file /home/airflow/.local/lib/python3.12/site-packages/airflow/example_dags/example_nested_branch_dag.py for tasks to queue
[2025-04-09T06:04:03.919+0000] {logging_mixin.py:190} INFO - [2025-04-09T06:04:03.918+0000] {dagbag.py:588} INFO - Filling up the DagBag from /home/airflow/.local/lib/python3.12/site-packages/airflow/example_dags/example_nested_branch_dag.py
[2025-04-09T06:04:03.933+0000] {processor.py:925} INFO - DAG(s) 'example_nested_branch_dag' retrieved from /home/airflow/.local/lib/python3.12/site-packages/airflow/example_dags/example_nested_branch_dag.py
[2025-04-09T06:04:03.960+0000] {logging_mixin.py:190} INFO - [2025-04-09T06:04:03.960+0000] {dag.py:3239} INFO - Sync 1 DAGs
[2025-04-09T06:04:03.994+0000] {logging_mixin.py:190} INFO - [2025-04-09T06:04:03.994+0000] {dag.py:4180} INFO - Setting next_dagrun for example_nested_branch_dag to 2025-04-08 00:00:00+00:00, run_after=2025-04-09 00:00:00+00:00
[2025-04-09T06:04:04.017+0000] {processor.py:208} INFO - Processing /home/airflow/.local/lib/python3.12/site-packages/airflow/example_dags/example_nested_branch_dag.py took 0.110 seconds
[2025-04-09T06:04:34.807+0000] {processor.py:186} INFO - Started process (PID=275) to work on /home/airflow/.local/lib/python3.12/site-packages/airflow/example_dags/example_nested_branch_dag.py
[2025-04-09T06:04:34.809+0000] {processor.py:914} INFO - Processing file /home/airflow/.local/lib/python3.12/site-packages/airflow/example_dags/example_nested_branch_dag.py for tasks to queue
[2025-04-09T06:04:34.814+0000] {logging_mixin.py:190} INFO - [2025-04-09T06:04:34.813+0000] {dagbag.py:588} INFO - Filling up the DagBag from /home/airflow/.local/lib/python3.12/site-packages/airflow/example_dags/example_nested_branch_dag.py
[2025-04-09T06:04:34.842+0000] {processor.py:925} INFO - DAG(s) 'example_nested_branch_dag' retrieved from /home/airflow/.local/lib/python3.12/site-packages/airflow/example_dags/example_nested_branch_dag.py
[2025-04-09T06:04:34.876+0000] {logging_mixin.py:190} INFO - [2025-04-09T06:04:34.876+0000] {dag.py:3239} INFO - Sync 1 DAGs
[2025-04-09T06:04:34.915+0000] {logging_mixin.py:190} INFO - [2025-04-09T06:04:34.915+0000] {dag.py:4180} INFO - Setting next_dagrun for example_nested_branch_dag to 2025-04-08 00:00:00+00:00, run_after=2025-04-09 00:00:00+00:00
[2025-04-09T06:04:34.948+0000] {processor.py:208} INFO - Processing /home/airflow/.local/lib/python3.12/site-packages/airflow/example_dags/example_nested_branch_dag.py took 0.151 seconds
[2025-04-09T06:05:05.871+0000] {processor.py:186} INFO - Started process (PID=339) to work on /home/airflow/.local/lib/python3.12/site-packages/airflow/example_dags/example_nested_branch_dag.py
[2025-04-09T06:05:05.872+0000] {processor.py:914} INFO - Processing file /home/airflow/.local/lib/python3.12/site-packages/airflow/example_dags/example_nested_branch_dag.py for tasks to queue
[2025-04-09T06:05:05.875+0000] {logging_mixin.py:190} INFO - [2025-04-09T06:05:05.875+0000] {dagbag.py:588} INFO - Filling up the DagBag from /home/airflow/.local/lib/python3.12/site-packages/airflow/example_dags/example_nested_branch_dag.py
[2025-04-09T06:05:05.888+0000] {processor.py:925} INFO - DAG(s) 'example_nested_branch_dag' retrieved from /home/airflow/.local/lib/python3.12/site-packages/airflow/example_dags/example_nested_branch_dag.py
[2025-04-09T06:05:05.917+0000] {logging_mixin.py:190} INFO - [2025-04-09T06:05:05.917+0000] {dag.py:3239} INFO - Sync 1 DAGs
[2025-04-09T06:05:05.944+0000] {logging_mixin.py:190} INFO - [2025-04-09T06:05:05.944+0000] {dag.py:4180} INFO - Setting next_dagrun for example_nested_branch_dag to 2025-04-08 00:00:00+00:00, run_after=2025-04-09 00:00:00+00:00
[2025-04-09T06:05:05.975+0000] {processor.py:208} INFO - Processing /home/airflow/.local/lib/python3.12/site-packages/airflow/example_dags/example_nested_branch_dag.py took 0.111 seconds
[2025-04-09T06:05:36.779+0000] {processor.py:186} INFO - Started process (PID=403) to work on /home/airflow/.local/lib/python3.12/site-packages/airflow/example_dags/example_nested_branch_dag.py
[2025-04-09T06:05:36.780+0000] {processor.py:914} INFO - Processing file /home/airflow/.local/lib/python3.12/site-packages/airflow/example_dags/example_nested_branch_dag.py for tasks to queue
[2025-04-09T06:05:36.783+0000] {logging_mixin.py:190} INFO - [2025-04-09T06:05:36.782+0000] {dagbag.py:588} INFO - Filling up the DagBag from /home/airflow/.local/lib/python3.12/site-packages/airflow/example_dags/example_nested_branch_dag.py
[2025-04-09T06:05:36.794+0000] {processor.py:925} INFO - DAG(s) 'example_nested_branch_dag' retrieved from /home/airflow/.local/lib/python3.12/site-packages/airflow/example_dags/example_nested_branch_dag.py
[2025-04-09T06:05:36.817+0000] {logging_mixin.py:190} INFO - [2025-04-09T06:05:36.816+0000] {dag.py:3239} INFO - Sync 1 DAGs
[2025-04-09T06:05:36.840+0000] {logging_mixin.py:190} INFO - [2025-04-09T06:05:36.840+0000] {dag.py:4180} INFO - Setting next_dagrun for example_nested_branch_dag to 2025-04-08 00:00:00+00:00, run_after=2025-04-09 00:00:00+00:00
[2025-04-09T06:05:36.864+0000] {processor.py:208} INFO - Processing /home/airflow/.local/lib/python3.12/site-packages/airflow/example_dags/example_nested_branch_dag.py took 0.090 seconds
[2025-04-09T17:13:48.832+0000] {processor.py:186} INFO - Started process (PID=475) to work on /home/airflow/.local/lib/python3.12/site-packages/airflow/example_dags/example_nested_branch_dag.py
[2025-04-09T17:13:48.837+0000] {processor.py:914} INFO - Processing file /home/airflow/.local/lib/python3.12/site-packages/airflow/example_dags/example_nested_branch_dag.py for tasks to queue
[2025-04-09T17:13:48.843+0000] {logging_mixin.py:190} INFO - [2025-04-09T17:13:48.842+0000] {dagbag.py:588} INFO - Filling up the DagBag from /home/airflow/.local/lib/python3.12/site-packages/airflow/example_dags/example_nested_branch_dag.py
[2025-04-09T17:13:48.885+0000] {processor.py:925} INFO - DAG(s) 'example_nested_branch_dag' retrieved from /home/airflow/.local/lib/python3.12/site-packages/airflow/example_dags/example_nested_branch_dag.py
[2025-04-09T17:13:48.957+0000] {logging_mixin.py:190} INFO - [2025-04-09T17:13:48.955+0000] {dag.py:3239} INFO - Sync 1 DAGs
[2025-04-09T17:13:49.038+0000] {logging_mixin.py:190} INFO - [2025-04-09T17:13:49.036+0000] {dag.py:4180} INFO - Setting next_dagrun for example_nested_branch_dag to 2025-04-08 00:00:00+00:00, run_after=2025-04-09 00:00:00+00:00
[2025-04-09T17:13:49.094+0000] {processor.py:208} INFO - Processing /home/airflow/.local/lib/python3.12/site-packages/airflow/example_dags/example_nested_branch_dag.py took 0.274 seconds
