[2025-04-09T06:02:54.738+0000] {processor.py:186} INFO - Started process (PID=62) to work on /home/airflow/.local/lib/python3.12/site-packages/airflow/example_dags/example_task_group.py
[2025-04-09T06:02:54.739+0000] {processor.py:914} INFO - Processing file /home/airflow/.local/lib/python3.12/site-packages/airflow/example_dags/example_task_group.py for tasks to queue
[2025-04-09T06:02:54.746+0000] {logging_mixin.py:190} INFO - [2025-04-09T06:02:54.745+0000] {dagbag.py:588} INFO - Filling up the DagBag from /home/airflow/.local/lib/python3.12/site-packages/airflow/example_dags/example_task_group.py
[2025-04-09T06:02:54.768+0000] {processor.py:925} INFO - DAG(s) 'example_task_group' retrieved from /home/airflow/.local/lib/python3.12/site-packages/airflow/example_dags/example_task_group.py
[2025-04-09T06:02:54.938+0000] {logging_mixin.py:190} INFO - [2025-04-09T06:02:54.937+0000] {override.py:1912} INFO - Created Permission View: can edit on DAG:example_task_group
[2025-04-09T06:02:54.956+0000] {logging_mixin.py:190} INFO - [2025-04-09T06:02:54.956+0000] {override.py:1912} INFO - Created Permission View: can read on DAG:example_task_group
[2025-04-09T06:02:54.970+0000] {logging_mixin.py:190} INFO - [2025-04-09T06:02:54.970+0000] {override.py:1912} INFO - Created Permission View: can delete on DAG:example_task_group
[2025-04-09T06:02:54.986+0000] {logging_mixin.py:190} INFO - [2025-04-09T06:02:54.985+0000] {override.py:1912} INFO - Created Permission View: can create on DAG Run:example_task_group
[2025-04-09T06:02:54.999+0000] {logging_mixin.py:190} INFO - [2025-04-09T06:02:54.998+0000] {override.py:1912} INFO - Created Permission View: can read on DAG Run:example_task_group
[2025-04-09T06:02:55.013+0000] {logging_mixin.py:190} INFO - [2025-04-09T06:02:55.013+0000] {override.py:1912} INFO - Created Permission View: can delete on DAG Run:example_task_group
[2025-04-09T06:02:55.029+0000] {logging_mixin.py:190} INFO - [2025-04-09T06:02:55.029+0000] {override.py:1912} INFO - Created Permission View: menu access on DAG Run:example_task_group
[2025-04-09T06:02:55.031+0000] {logging_mixin.py:190} INFO - [2025-04-09T06:02:55.030+0000] {dag.py:3239} INFO - Sync 1 DAGs
[2025-04-09T06:02:55.053+0000] {logging_mixin.py:190} INFO - [2025-04-09T06:02:55.052+0000] {dag.py:3262} INFO - Creating ORM DAG for example_task_group
[2025-04-09T06:02:55.054+0000] {logging_mixin.py:190} INFO - [2025-04-09T06:02:55.054+0000] {dag.py:4180} INFO - Setting next_dagrun for example_task_group to None, run_after=None
[2025-04-09T06:02:55.082+0000] {processor.py:208} INFO - Processing /home/airflow/.local/lib/python3.12/site-packages/airflow/example_dags/example_task_group.py took 0.353 seconds
[2025-04-09T06:03:25.356+0000] {processor.py:186} INFO - Started process (PID=126) to work on /home/airflow/.local/lib/python3.12/site-packages/airflow/example_dags/example_task_group.py
[2025-04-09T06:03:25.358+0000] {processor.py:914} INFO - Processing file /home/airflow/.local/lib/python3.12/site-packages/airflow/example_dags/example_task_group.py for tasks to queue
[2025-04-09T06:03:25.368+0000] {logging_mixin.py:190} INFO - [2025-04-09T06:03:25.367+0000] {dagbag.py:588} INFO - Filling up the DagBag from /home/airflow/.local/lib/python3.12/site-packages/airflow/example_dags/example_task_group.py
[2025-04-09T06:03:25.391+0000] {processor.py:925} INFO - DAG(s) 'example_task_group' retrieved from /home/airflow/.local/lib/python3.12/site-packages/airflow/example_dags/example_task_group.py
[2025-04-09T06:03:25.442+0000] {logging_mixin.py:190} INFO - [2025-04-09T06:03:25.441+0000] {dag.py:3239} INFO - Sync 1 DAGs
[2025-04-09T06:03:25.486+0000] {logging_mixin.py:190} INFO - [2025-04-09T06:03:25.481+0000] {dag.py:4180} INFO - Setting next_dagrun for example_task_group to None, run_after=None
[2025-04-09T06:03:25.534+0000] {processor.py:208} INFO - Processing /home/airflow/.local/lib/python3.12/site-packages/airflow/example_dags/example_task_group.py took 0.192 seconds
[2025-04-09T06:03:57.107+0000] {processor.py:186} INFO - Started process (PID=190) to work on /home/airflow/.local/lib/python3.12/site-packages/airflow/example_dags/example_task_group.py
[2025-04-09T06:03:57.113+0000] {processor.py:914} INFO - Processing file /home/airflow/.local/lib/python3.12/site-packages/airflow/example_dags/example_task_group.py for tasks to queue
[2025-04-09T06:03:57.117+0000] {logging_mixin.py:190} INFO - [2025-04-09T06:03:57.116+0000] {dagbag.py:588} INFO - Filling up the DagBag from /home/airflow/.local/lib/python3.12/site-packages/airflow/example_dags/example_task_group.py
[2025-04-09T06:03:57.132+0000] {processor.py:925} INFO - DAG(s) 'example_task_group' retrieved from /home/airflow/.local/lib/python3.12/site-packages/airflow/example_dags/example_task_group.py
[2025-04-09T06:03:57.167+0000] {logging_mixin.py:190} INFO - [2025-04-09T06:03:57.167+0000] {dag.py:3239} INFO - Sync 1 DAGs
[2025-04-09T06:03:57.186+0000] {logging_mixin.py:190} INFO - [2025-04-09T06:03:57.186+0000] {dag.py:4180} INFO - Setting next_dagrun for example_task_group to None, run_after=None
[2025-04-09T06:03:57.217+0000] {processor.py:208} INFO - Processing /home/airflow/.local/lib/python3.12/site-packages/airflow/example_dags/example_task_group.py took 0.118 seconds
[2025-04-09T06:04:28.628+0000] {processor.py:186} INFO - Started process (PID=254) to work on /home/airflow/.local/lib/python3.12/site-packages/airflow/example_dags/example_task_group.py
[2025-04-09T06:04:28.630+0000] {processor.py:914} INFO - Processing file /home/airflow/.local/lib/python3.12/site-packages/airflow/example_dags/example_task_group.py for tasks to queue
[2025-04-09T06:04:28.633+0000] {logging_mixin.py:190} INFO - [2025-04-09T06:04:28.633+0000] {dagbag.py:588} INFO - Filling up the DagBag from /home/airflow/.local/lib/python3.12/site-packages/airflow/example_dags/example_task_group.py
[2025-04-09T06:04:28.646+0000] {processor.py:925} INFO - DAG(s) 'example_task_group' retrieved from /home/airflow/.local/lib/python3.12/site-packages/airflow/example_dags/example_task_group.py
[2025-04-09T06:04:28.677+0000] {logging_mixin.py:190} INFO - [2025-04-09T06:04:28.677+0000] {dag.py:3239} INFO - Sync 1 DAGs
[2025-04-09T06:04:28.692+0000] {logging_mixin.py:190} INFO - [2025-04-09T06:04:28.691+0000] {dag.py:4180} INFO - Setting next_dagrun for example_task_group to None, run_after=None
[2025-04-09T06:04:28.717+0000] {processor.py:208} INFO - Processing /home/airflow/.local/lib/python3.12/site-packages/airflow/example_dags/example_task_group.py took 0.096 seconds
[2025-04-09T06:04:59.639+0000] {processor.py:186} INFO - Started process (PID=318) to work on /home/airflow/.local/lib/python3.12/site-packages/airflow/example_dags/example_task_group.py
[2025-04-09T06:04:59.641+0000] {processor.py:914} INFO - Processing file /home/airflow/.local/lib/python3.12/site-packages/airflow/example_dags/example_task_group.py for tasks to queue
[2025-04-09T06:04:59.648+0000] {logging_mixin.py:190} INFO - [2025-04-09T06:04:59.647+0000] {dagbag.py:588} INFO - Filling up the DagBag from /home/airflow/.local/lib/python3.12/site-packages/airflow/example_dags/example_task_group.py
[2025-04-09T06:04:59.668+0000] {processor.py:925} INFO - DAG(s) 'example_task_group' retrieved from /home/airflow/.local/lib/python3.12/site-packages/airflow/example_dags/example_task_group.py
[2025-04-09T06:04:59.705+0000] {logging_mixin.py:190} INFO - [2025-04-09T06:04:59.705+0000] {dag.py:3239} INFO - Sync 1 DAGs
[2025-04-09T06:04:59.732+0000] {logging_mixin.py:190} INFO - [2025-04-09T06:04:59.732+0000] {dag.py:4180} INFO - Setting next_dagrun for example_task_group to None, run_after=None
[2025-04-09T06:04:59.768+0000] {processor.py:208} INFO - Processing /home/airflow/.local/lib/python3.12/site-packages/airflow/example_dags/example_task_group.py took 0.142 seconds
[2025-04-09T06:05:30.913+0000] {processor.py:186} INFO - Started process (PID=382) to work on /home/airflow/.local/lib/python3.12/site-packages/airflow/example_dags/example_task_group.py
[2025-04-09T06:05:30.915+0000] {processor.py:914} INFO - Processing file /home/airflow/.local/lib/python3.12/site-packages/airflow/example_dags/example_task_group.py for tasks to queue
[2025-04-09T06:05:30.920+0000] {logging_mixin.py:190} INFO - [2025-04-09T06:05:30.920+0000] {dagbag.py:588} INFO - Filling up the DagBag from /home/airflow/.local/lib/python3.12/site-packages/airflow/example_dags/example_task_group.py
[2025-04-09T06:05:30.932+0000] {processor.py:925} INFO - DAG(s) 'example_task_group' retrieved from /home/airflow/.local/lib/python3.12/site-packages/airflow/example_dags/example_task_group.py
[2025-04-09T06:05:30.955+0000] {logging_mixin.py:190} INFO - [2025-04-09T06:05:30.955+0000] {dag.py:3239} INFO - Sync 1 DAGs
[2025-04-09T06:05:30.973+0000] {logging_mixin.py:190} INFO - [2025-04-09T06:05:30.973+0000] {dag.py:4180} INFO - Setting next_dagrun for example_task_group to None, run_after=None
[2025-04-09T06:05:31.004+0000] {processor.py:208} INFO - Processing /home/airflow/.local/lib/python3.12/site-packages/airflow/example_dags/example_task_group.py took 0.098 seconds
[2025-04-09T07:40:59.840+0000] {processor.py:186} INFO - Started process (PID=454) to work on /home/airflow/.local/lib/python3.12/site-packages/airflow/example_dags/example_task_group.py
[2025-04-09T07:40:59.843+0000] {processor.py:914} INFO - Processing file /home/airflow/.local/lib/python3.12/site-packages/airflow/example_dags/example_task_group.py for tasks to queue
[2025-04-09T07:40:59.848+0000] {logging_mixin.py:190} INFO - [2025-04-09T07:40:59.847+0000] {dagbag.py:588} INFO - Filling up the DagBag from /home/airflow/.local/lib/python3.12/site-packages/airflow/example_dags/example_task_group.py
[2025-04-09T07:40:59.869+0000] {processor.py:925} INFO - DAG(s) 'example_task_group' retrieved from /home/airflow/.local/lib/python3.12/site-packages/airflow/example_dags/example_task_group.py
[2025-04-09T07:40:59.926+0000] {logging_mixin.py:190} INFO - [2025-04-09T07:40:59.925+0000] {dag.py:3239} INFO - Sync 1 DAGs
[2025-04-09T07:40:59.961+0000] {logging_mixin.py:190} INFO - [2025-04-09T07:40:59.961+0000] {dag.py:4180} INFO - Setting next_dagrun for example_task_group to None, run_after=None
[2025-04-09T07:41:00.008+0000] {processor.py:208} INFO - Processing /home/airflow/.local/lib/python3.12/site-packages/airflow/example_dags/example_task_group.py took 0.179 seconds
