[2025-04-09T06:02:48.205+0000] {processor.py:186} INFO - Started process (PID=46) to work on /home/airflow/.local/lib/python3.12/site-packages/airflow/example_dags/example_inlet_event_extra.py
[2025-04-09T06:02:48.207+0000] {processor.py:914} INFO - Processing file /home/airflow/.local/lib/python3.12/site-packages/airflow/example_dags/example_inlet_event_extra.py for tasks to queue
[2025-04-09T06:02:48.214+0000] {logging_mixin.py:190} INFO - [2025-04-09T06:02:48.213+0000] {dagbag.py:588} INFO - Filling up the DagBag from /home/airflow/.local/lib/python3.12/site-packages/airflow/example_dags/example_inlet_event_extra.py
[2025-04-09T06:02:51.575+0000] {processor.py:925} INFO - DAG(s) 'read_dataset_event_from_classic', 'read_dataset_event' retrieved from /home/airflow/.local/lib/python3.12/site-packages/airflow/example_dags/example_inlet_event_extra.py
[2025-04-09T06:02:51.778+0000] {logging_mixin.py:190} INFO - [2025-04-09T06:02:51.776+0000] {override.py:1912} INFO - Created Permission View: can edit on DAG:read_dataset_event_from_classic
[2025-04-09T06:02:51.799+0000] {logging_mixin.py:190} INFO - [2025-04-09T06:02:51.798+0000] {override.py:1912} INFO - Created Permission View: can read on DAG:read_dataset_event_from_classic
[2025-04-09T06:02:51.813+0000] {logging_mixin.py:190} INFO - [2025-04-09T06:02:51.813+0000] {override.py:1912} INFO - Created Permission View: can delete on DAG:read_dataset_event_from_classic
[2025-04-09T06:02:51.831+0000] {logging_mixin.py:190} INFO - [2025-04-09T06:02:51.831+0000] {override.py:1912} INFO - Created Permission View: can create on DAG Run:read_dataset_event_from_classic
[2025-04-09T06:02:51.845+0000] {logging_mixin.py:190} INFO - [2025-04-09T06:02:51.845+0000] {override.py:1912} INFO - Created Permission View: can read on DAG Run:read_dataset_event_from_classic
[2025-04-09T06:02:51.863+0000] {logging_mixin.py:190} INFO - [2025-04-09T06:02:51.863+0000] {override.py:1912} INFO - Created Permission View: can delete on DAG Run:read_dataset_event_from_classic
[2025-04-09T06:02:51.876+0000] {logging_mixin.py:190} INFO - [2025-04-09T06:02:51.876+0000] {override.py:1912} INFO - Created Permission View: menu access on DAG Run:read_dataset_event_from_classic
[2025-04-09T06:02:51.903+0000] {logging_mixin.py:190} INFO - [2025-04-09T06:02:51.902+0000] {override.py:1912} INFO - Created Permission View: can edit on DAG:read_dataset_event
[2025-04-09T06:02:51.915+0000] {logging_mixin.py:190} INFO - [2025-04-09T06:02:51.915+0000] {override.py:1912} INFO - Created Permission View: can read on DAG:read_dataset_event
[2025-04-09T06:02:51.931+0000] {logging_mixin.py:190} INFO - [2025-04-09T06:02:51.928+0000] {override.py:1912} INFO - Created Permission View: can delete on DAG:read_dataset_event
[2025-04-09T06:02:51.950+0000] {logging_mixin.py:190} INFO - [2025-04-09T06:02:51.950+0000] {override.py:1912} INFO - Created Permission View: can create on DAG Run:read_dataset_event
[2025-04-09T06:02:51.964+0000] {logging_mixin.py:190} INFO - [2025-04-09T06:02:51.964+0000] {override.py:1912} INFO - Created Permission View: can read on DAG Run:read_dataset_event
[2025-04-09T06:02:51.978+0000] {logging_mixin.py:190} INFO - [2025-04-09T06:02:51.978+0000] {override.py:1912} INFO - Created Permission View: can delete on DAG Run:read_dataset_event
[2025-04-09T06:02:51.995+0000] {logging_mixin.py:190} INFO - [2025-04-09T06:02:51.994+0000] {override.py:1912} INFO - Created Permission View: menu access on DAG Run:read_dataset_event
[2025-04-09T06:02:51.998+0000] {logging_mixin.py:190} INFO - [2025-04-09T06:02:51.998+0000] {dag.py:3239} INFO - Sync 2 DAGs
[2025-04-09T06:02:52.023+0000] {logging_mixin.py:190} INFO - [2025-04-09T06:02:52.022+0000] {dag.py:3262} INFO - Creating ORM DAG for read_dataset_event_from_classic
[2025-04-09T06:02:52.025+0000] {logging_mixin.py:190} INFO - [2025-04-09T06:02:52.025+0000] {dag.py:3262} INFO - Creating ORM DAG for read_dataset_event
[2025-04-09T06:02:52.047+0000] {logging_mixin.py:190} INFO - [2025-04-09T06:02:52.047+0000] {dag.py:4180} INFO - Setting next_dagrun for read_dataset_event to 2025-04-08 00:00:00+00:00, run_after=2025-04-09 00:00:00+00:00
[2025-04-09T06:02:52.053+0000] {logging_mixin.py:190} INFO - [2025-04-09T06:02:52.052+0000] {dag.py:4180} INFO - Setting next_dagrun for read_dataset_event_from_classic to 2025-04-08 00:00:00+00:00, run_after=2025-04-09 00:00:00+00:00
[2025-04-09T06:02:52.092+0000] {processor.py:208} INFO - Processing /home/airflow/.local/lib/python3.12/site-packages/airflow/example_dags/example_inlet_event_extra.py took 3.900 seconds
[2025-04-09T06:03:22.453+0000] {processor.py:186} INFO - Started process (PID=116) to work on /home/airflow/.local/lib/python3.12/site-packages/airflow/example_dags/example_inlet_event_extra.py
[2025-04-09T06:03:22.456+0000] {processor.py:914} INFO - Processing file /home/airflow/.local/lib/python3.12/site-packages/airflow/example_dags/example_inlet_event_extra.py for tasks to queue
[2025-04-09T06:03:22.468+0000] {logging_mixin.py:190} INFO - [2025-04-09T06:03:22.468+0000] {dagbag.py:588} INFO - Filling up the DagBag from /home/airflow/.local/lib/python3.12/site-packages/airflow/example_dags/example_inlet_event_extra.py
[2025-04-09T06:03:23.474+0000] {processor.py:925} INFO - DAG(s) 'read_dataset_event', 'read_dataset_event_from_classic' retrieved from /home/airflow/.local/lib/python3.12/site-packages/airflow/example_dags/example_inlet_event_extra.py
[2025-04-09T06:03:23.512+0000] {logging_mixin.py:190} INFO - [2025-04-09T06:03:23.512+0000] {dag.py:3239} INFO - Sync 2 DAGs
[2025-04-09T06:03:23.544+0000] {logging_mixin.py:190} INFO - [2025-04-09T06:03:23.543+0000] {dag.py:4180} INFO - Setting next_dagrun for read_dataset_event to 2025-04-08 00:00:00+00:00, run_after=2025-04-09 00:00:00+00:00
[2025-04-09T06:03:23.553+0000] {logging_mixin.py:190} INFO - [2025-04-09T06:03:23.553+0000] {dag.py:4180} INFO - Setting next_dagrun for read_dataset_event_from_classic to 2025-04-08 00:00:00+00:00, run_after=2025-04-09 00:00:00+00:00
[2025-04-09T06:03:23.582+0000] {processor.py:208} INFO - Processing /home/airflow/.local/lib/python3.12/site-packages/airflow/example_dags/example_inlet_event_extra.py took 1.142 seconds
[2025-04-09T06:03:53.810+0000] {processor.py:186} INFO - Started process (PID=180) to work on /home/airflow/.local/lib/python3.12/site-packages/airflow/example_dags/example_inlet_event_extra.py
[2025-04-09T06:03:53.813+0000] {processor.py:914} INFO - Processing file /home/airflow/.local/lib/python3.12/site-packages/airflow/example_dags/example_inlet_event_extra.py for tasks to queue
[2025-04-09T06:03:53.819+0000] {logging_mixin.py:190} INFO - [2025-04-09T06:03:53.818+0000] {dagbag.py:588} INFO - Filling up the DagBag from /home/airflow/.local/lib/python3.12/site-packages/airflow/example_dags/example_inlet_event_extra.py
[2025-04-09T06:03:55.414+0000] {processor.py:925} INFO - DAG(s) 'read_dataset_event', 'read_dataset_event_from_classic' retrieved from /home/airflow/.local/lib/python3.12/site-packages/airflow/example_dags/example_inlet_event_extra.py
[2025-04-09T06:03:55.518+0000] {logging_mixin.py:190} INFO - [2025-04-09T06:03:55.517+0000] {dag.py:3239} INFO - Sync 2 DAGs
[2025-04-09T06:03:55.684+0000] {logging_mixin.py:190} INFO - [2025-04-09T06:03:55.684+0000] {dag.py:4180} INFO - Setting next_dagrun for read_dataset_event to 2025-04-08 00:00:00+00:00, run_after=2025-04-09 00:00:00+00:00
[2025-04-09T06:03:55.697+0000] {logging_mixin.py:190} INFO - [2025-04-09T06:03:55.697+0000] {dag.py:4180} INFO - Setting next_dagrun for read_dataset_event_from_classic to 2025-04-08 00:00:00+00:00, run_after=2025-04-09 00:00:00+00:00
[2025-04-09T06:03:55.738+0000] {processor.py:208} INFO - Processing /home/airflow/.local/lib/python3.12/site-packages/airflow/example_dags/example_inlet_event_extra.py took 1.937 seconds
[2025-04-09T06:04:25.878+0000] {processor.py:186} INFO - Started process (PID=243) to work on /home/airflow/.local/lib/python3.12/site-packages/airflow/example_dags/example_inlet_event_extra.py
[2025-04-09T06:04:25.881+0000] {processor.py:914} INFO - Processing file /home/airflow/.local/lib/python3.12/site-packages/airflow/example_dags/example_inlet_event_extra.py for tasks to queue
[2025-04-09T06:04:25.886+0000] {logging_mixin.py:190} INFO - [2025-04-09T06:04:25.886+0000] {dagbag.py:588} INFO - Filling up the DagBag from /home/airflow/.local/lib/python3.12/site-packages/airflow/example_dags/example_inlet_event_extra.py
[2025-04-09T06:04:26.823+0000] {processor.py:925} INFO - DAG(s) 'read_dataset_event', 'read_dataset_event_from_classic' retrieved from /home/airflow/.local/lib/python3.12/site-packages/airflow/example_dags/example_inlet_event_extra.py
[2025-04-09T06:04:26.862+0000] {logging_mixin.py:190} INFO - [2025-04-09T06:04:26.861+0000] {dag.py:3239} INFO - Sync 2 DAGs
[2025-04-09T06:04:26.899+0000] {logging_mixin.py:190} INFO - [2025-04-09T06:04:26.899+0000] {dag.py:4180} INFO - Setting next_dagrun for read_dataset_event to 2025-04-08 00:00:00+00:00, run_after=2025-04-09 00:00:00+00:00
[2025-04-09T06:04:26.908+0000] {logging_mixin.py:190} INFO - [2025-04-09T06:04:26.907+0000] {dag.py:4180} INFO - Setting next_dagrun for read_dataset_event_from_classic to 2025-04-08 00:00:00+00:00, run_after=2025-04-09 00:00:00+00:00
[2025-04-09T06:04:26.944+0000] {processor.py:208} INFO - Processing /home/airflow/.local/lib/python3.12/site-packages/airflow/example_dags/example_inlet_event_extra.py took 1.075 seconds
[2025-04-09T06:04:57.641+0000] {processor.py:186} INFO - Started process (PID=307) to work on /home/airflow/.local/lib/python3.12/site-packages/airflow/example_dags/example_inlet_event_extra.py
[2025-04-09T06:04:57.643+0000] {processor.py:914} INFO - Processing file /home/airflow/.local/lib/python3.12/site-packages/airflow/example_dags/example_inlet_event_extra.py for tasks to queue
[2025-04-09T06:04:57.649+0000] {logging_mixin.py:190} INFO - [2025-04-09T06:04:57.649+0000] {dagbag.py:588} INFO - Filling up the DagBag from /home/airflow/.local/lib/python3.12/site-packages/airflow/example_dags/example_inlet_event_extra.py
[2025-04-09T06:04:58.391+0000] {processor.py:925} INFO - DAG(s) 'read_dataset_event', 'read_dataset_event_from_classic' retrieved from /home/airflow/.local/lib/python3.12/site-packages/airflow/example_dags/example_inlet_event_extra.py
[2025-04-09T06:04:58.416+0000] {logging_mixin.py:190} INFO - [2025-04-09T06:04:58.416+0000] {dag.py:3239} INFO - Sync 2 DAGs
[2025-04-09T06:04:58.445+0000] {logging_mixin.py:190} INFO - [2025-04-09T06:04:58.445+0000] {dag.py:4180} INFO - Setting next_dagrun for read_dataset_event to 2025-04-08 00:00:00+00:00, run_after=2025-04-09 00:00:00+00:00
[2025-04-09T06:04:58.483+0000] {logging_mixin.py:190} INFO - [2025-04-09T06:04:58.483+0000] {dag.py:4180} INFO - Setting next_dagrun for read_dataset_event_from_classic to 2025-04-08 00:00:00+00:00, run_after=2025-04-09 00:00:00+00:00
[2025-04-09T06:04:58.519+0000] {processor.py:208} INFO - Processing /home/airflow/.local/lib/python3.12/site-packages/airflow/example_dags/example_inlet_event_extra.py took 0.890 seconds
[2025-04-09T06:05:29.265+0000] {processor.py:186} INFO - Started process (PID=374) to work on /home/airflow/.local/lib/python3.12/site-packages/airflow/example_dags/example_inlet_event_extra.py
[2025-04-09T06:05:29.267+0000] {processor.py:914} INFO - Processing file /home/airflow/.local/lib/python3.12/site-packages/airflow/example_dags/example_inlet_event_extra.py for tasks to queue
[2025-04-09T06:05:29.273+0000] {logging_mixin.py:190} INFO - [2025-04-09T06:05:29.272+0000] {dagbag.py:588} INFO - Filling up the DagBag from /home/airflow/.local/lib/python3.12/site-packages/airflow/example_dags/example_inlet_event_extra.py
[2025-04-09T06:05:29.904+0000] {processor.py:925} INFO - DAG(s) 'read_dataset_event_from_classic', 'read_dataset_event' retrieved from /home/airflow/.local/lib/python3.12/site-packages/airflow/example_dags/example_inlet_event_extra.py
[2025-04-09T06:05:29.931+0000] {logging_mixin.py:190} INFO - [2025-04-09T06:05:29.930+0000] {dag.py:3239} INFO - Sync 2 DAGs
[2025-04-09T06:05:29.956+0000] {logging_mixin.py:190} INFO - [2025-04-09T06:05:29.955+0000] {dag.py:4180} INFO - Setting next_dagrun for read_dataset_event to 2025-04-08 00:00:00+00:00, run_after=2025-04-09 00:00:00+00:00
[2025-04-09T06:05:29.970+0000] {logging_mixin.py:190} INFO - [2025-04-09T06:05:29.970+0000] {dag.py:4180} INFO - Setting next_dagrun for read_dataset_event_from_classic to 2025-04-08 00:00:00+00:00, run_after=2025-04-09 00:00:00+00:00
[2025-04-09T06:05:29.990+0000] {processor.py:208} INFO - Processing /home/airflow/.local/lib/python3.12/site-packages/airflow/example_dags/example_inlet_event_extra.py took 0.735 seconds
[2025-04-09T07:40:55.095+0000] {processor.py:186} INFO - Started process (PID=444) to work on /home/airflow/.local/lib/python3.12/site-packages/airflow/example_dags/example_inlet_event_extra.py
[2025-04-09T07:40:55.555+0000] {processor.py:914} INFO - Processing file /home/airflow/.local/lib/python3.12/site-packages/airflow/example_dags/example_inlet_event_extra.py for tasks to queue
[2025-04-09T07:40:55.597+0000] {logging_mixin.py:190} INFO - [2025-04-09T07:40:55.596+0000] {dagbag.py:588} INFO - Filling up the DagBag from /home/airflow/.local/lib/python3.12/site-packages/airflow/example_dags/example_inlet_event_extra.py
[2025-04-09T07:40:58.195+0000] {processor.py:925} INFO - DAG(s) 'read_dataset_event_from_classic', 'read_dataset_event' retrieved from /home/airflow/.local/lib/python3.12/site-packages/airflow/example_dags/example_inlet_event_extra.py
[2025-04-09T07:40:58.245+0000] {logging_mixin.py:190} INFO - [2025-04-09T07:40:58.244+0000] {dag.py:3239} INFO - Sync 2 DAGs
[2025-04-09T07:40:58.351+0000] {logging_mixin.py:190} INFO - [2025-04-09T07:40:58.350+0000] {dag.py:4180} INFO - Setting next_dagrun for read_dataset_event to 2025-04-08 00:00:00+00:00, run_after=2025-04-09 00:00:00+00:00
[2025-04-09T07:40:58.392+0000] {logging_mixin.py:190} INFO - [2025-04-09T07:40:58.391+0000] {dag.py:4180} INFO - Setting next_dagrun for read_dataset_event_from_classic to 2025-04-08 00:00:00+00:00, run_after=2025-04-09 00:00:00+00:00
[2025-04-09T07:40:58.450+0000] {processor.py:208} INFO - Processing /home/airflow/.local/lib/python3.12/site-packages/airflow/example_dags/example_inlet_event_extra.py took 3.419 seconds
[2025-04-09T17:13:52.682+0000] {processor.py:186} INFO - Started process (PID=508) to work on /home/airflow/.local/lib/python3.12/site-packages/airflow/example_dags/example_inlet_event_extra.py
[2025-04-09T17:13:52.685+0000] {processor.py:914} INFO - Processing file /home/airflow/.local/lib/python3.12/site-packages/airflow/example_dags/example_inlet_event_extra.py for tasks to queue
[2025-04-09T17:13:52.688+0000] {logging_mixin.py:190} INFO - [2025-04-09T17:13:52.687+0000] {dagbag.py:588} INFO - Filling up the DagBag from /home/airflow/.local/lib/python3.12/site-packages/airflow/example_dags/example_inlet_event_extra.py
