[2025-04-09T06:03:02.488+0000] {processor.py:186} INFO - Started process (PID=86) to work on /home/airflow/.local/lib/python3.12/site-packages/airflow/example_dags/example_branch_datetime_operator.py
[2025-04-09T06:03:02.493+0000] {processor.py:914} INFO - Processing file /home/airflow/.local/lib/python3.12/site-packages/airflow/example_dags/example_branch_datetime_operator.py for tasks to queue
[2025-04-09T06:03:02.504+0000] {logging_mixin.py:190} INFO - [2025-04-09T06:03:02.502+0000] {dagbag.py:588} INFO - Filling up the DagBag from /home/airflow/.local/lib/python3.12/site-packages/airflow/example_dags/example_branch_datetime_operator.py
[2025-04-09T06:03:02.522+0000] {processor.py:925} INFO - DAG(s) 'example_branch_datetime_operator_2', 'example_branch_datetime_operator_3', 'example_branch_datetime_operator' retrieved from /home/airflow/.local/lib/python3.12/site-packages/airflow/example_dags/example_branch_datetime_operator.py
[2025-04-09T06:03:02.727+0000] {logging_mixin.py:190} INFO - [2025-04-09T06:03:02.726+0000] {override.py:1912} INFO - Created Permission View: can edit on DAG:example_branch_datetime_operator_2
[2025-04-09T06:03:02.745+0000] {logging_mixin.py:190} INFO - [2025-04-09T06:03:02.744+0000] {override.py:1912} INFO - Created Permission View: can read on DAG:example_branch_datetime_operator_2
[2025-04-09T06:03:02.760+0000] {logging_mixin.py:190} INFO - [2025-04-09T06:03:02.760+0000] {override.py:1912} INFO - Created Permission View: can delete on DAG:example_branch_datetime_operator_2
[2025-04-09T06:03:02.777+0000] {logging_mixin.py:190} INFO - [2025-04-09T06:03:02.777+0000] {override.py:1912} INFO - Created Permission View: can create on DAG Run:example_branch_datetime_operator_2
[2025-04-09T06:03:02.791+0000] {logging_mixin.py:190} INFO - [2025-04-09T06:03:02.790+0000] {override.py:1912} INFO - Created Permission View: can read on DAG Run:example_branch_datetime_operator_2
[2025-04-09T06:03:02.807+0000] {logging_mixin.py:190} INFO - [2025-04-09T06:03:02.806+0000] {override.py:1912} INFO - Created Permission View: can delete on DAG Run:example_branch_datetime_operator_2
[2025-04-09T06:03:02.822+0000] {logging_mixin.py:190} INFO - [2025-04-09T06:03:02.821+0000] {override.py:1912} INFO - Created Permission View: menu access on DAG Run:example_branch_datetime_operator_2
[2025-04-09T06:03:02.847+0000] {logging_mixin.py:190} INFO - [2025-04-09T06:03:02.846+0000] {override.py:1912} INFO - Created Permission View: can edit on DAG:example_branch_datetime_operator_3
[2025-04-09T06:03:02.857+0000] {logging_mixin.py:190} INFO - [2025-04-09T06:03:02.857+0000] {override.py:1912} INFO - Created Permission View: can read on DAG:example_branch_datetime_operator_3
[2025-04-09T06:03:02.868+0000] {logging_mixin.py:190} INFO - [2025-04-09T06:03:02.867+0000] {override.py:1912} INFO - Created Permission View: can delete on DAG:example_branch_datetime_operator_3
[2025-04-09T06:03:02.884+0000] {logging_mixin.py:190} INFO - [2025-04-09T06:03:02.884+0000] {override.py:1912} INFO - Created Permission View: can create on DAG Run:example_branch_datetime_operator_3
[2025-04-09T06:03:02.894+0000] {logging_mixin.py:190} INFO - [2025-04-09T06:03:02.894+0000] {override.py:1912} INFO - Created Permission View: can read on DAG Run:example_branch_datetime_operator_3
[2025-04-09T06:03:02.905+0000] {logging_mixin.py:190} INFO - [2025-04-09T06:03:02.905+0000] {override.py:1912} INFO - Created Permission View: can delete on DAG Run:example_branch_datetime_operator_3
[2025-04-09T06:03:02.916+0000] {logging_mixin.py:190} INFO - [2025-04-09T06:03:02.915+0000] {override.py:1912} INFO - Created Permission View: menu access on DAG Run:example_branch_datetime_operator_3
[2025-04-09T06:03:02.936+0000] {logging_mixin.py:190} INFO - [2025-04-09T06:03:02.936+0000] {override.py:1912} INFO - Created Permission View: can edit on DAG:example_branch_datetime_operator
[2025-04-09T06:03:02.947+0000] {logging_mixin.py:190} INFO - [2025-04-09T06:03:02.947+0000] {override.py:1912} INFO - Created Permission View: can read on DAG:example_branch_datetime_operator
[2025-04-09T06:03:02.958+0000] {logging_mixin.py:190} INFO - [2025-04-09T06:03:02.958+0000] {override.py:1912} INFO - Created Permission View: can delete on DAG:example_branch_datetime_operator
[2025-04-09T06:03:02.976+0000] {logging_mixin.py:190} INFO - [2025-04-09T06:03:02.976+0000] {override.py:1912} INFO - Created Permission View: can create on DAG Run:example_branch_datetime_operator
[2025-04-09T06:03:02.987+0000] {logging_mixin.py:190} INFO - [2025-04-09T06:03:02.987+0000] {override.py:1912} INFO - Created Permission View: can read on DAG Run:example_branch_datetime_operator
[2025-04-09T06:03:02.997+0000] {logging_mixin.py:190} INFO - [2025-04-09T06:03:02.997+0000] {override.py:1912} INFO - Created Permission View: can delete on DAG Run:example_branch_datetime_operator
[2025-04-09T06:03:03.019+0000] {logging_mixin.py:190} INFO - [2025-04-09T06:03:03.019+0000] {override.py:1912} INFO - Created Permission View: menu access on DAG Run:example_branch_datetime_operator
[2025-04-09T06:03:03.020+0000] {logging_mixin.py:190} INFO - [2025-04-09T06:03:03.020+0000] {dag.py:3239} INFO - Sync 3 DAGs
[2025-04-09T06:03:03.037+0000] {logging_mixin.py:190} INFO - [2025-04-09T06:03:03.036+0000] {dag.py:3262} INFO - Creating ORM DAG for example_branch_datetime_operator_3
[2025-04-09T06:03:03.038+0000] {logging_mixin.py:190} INFO - [2025-04-09T06:03:03.038+0000] {dag.py:3262} INFO - Creating ORM DAG for example_branch_datetime_operator
[2025-04-09T06:03:03.039+0000] {logging_mixin.py:190} INFO - [2025-04-09T06:03:03.038+0000] {dag.py:3262} INFO - Creating ORM DAG for example_branch_datetime_operator_2
[2025-04-09T06:03:03.052+0000] {logging_mixin.py:190} INFO - [2025-04-09T06:03:03.052+0000] {dag.py:4180} INFO - Setting next_dagrun for example_branch_datetime_operator to 2025-04-08 00:00:00+00:00, run_after=2025-04-09 00:00:00+00:00
[2025-04-09T06:03:03.054+0000] {logging_mixin.py:190} INFO - [2025-04-09T06:03:03.053+0000] {dag.py:4180} INFO - Setting next_dagrun for example_branch_datetime_operator_2 to 2025-04-08 00:00:00+00:00, run_after=2025-04-09 00:00:00+00:00
[2025-04-09T06:03:03.055+0000] {logging_mixin.py:190} INFO - [2025-04-09T06:03:03.055+0000] {dag.py:4180} INFO - Setting next_dagrun for example_branch_datetime_operator_3 to 2025-04-08 00:00:00+00:00, run_after=2025-04-09 00:00:00+00:00
[2025-04-09T06:03:03.083+0000] {processor.py:208} INFO - Processing /home/airflow/.local/lib/python3.12/site-packages/airflow/example_dags/example_branch_datetime_operator.py took 0.609 seconds
[2025-04-09T06:03:33.317+0000] {processor.py:186} INFO - Started process (PID=150) to work on /home/airflow/.local/lib/python3.12/site-packages/airflow/example_dags/example_branch_datetime_operator.py
[2025-04-09T06:03:33.335+0000] {processor.py:914} INFO - Processing file /home/airflow/.local/lib/python3.12/site-packages/airflow/example_dags/example_branch_datetime_operator.py for tasks to queue
[2025-04-09T06:03:33.340+0000] {logging_mixin.py:190} INFO - [2025-04-09T06:03:33.339+0000] {dagbag.py:588} INFO - Filling up the DagBag from /home/airflow/.local/lib/python3.12/site-packages/airflow/example_dags/example_branch_datetime_operator.py
[2025-04-09T06:03:33.367+0000] {processor.py:925} INFO - DAG(s) 'example_branch_datetime_operator_2', 'example_branch_datetime_operator', 'example_branch_datetime_operator_3' retrieved from /home/airflow/.local/lib/python3.12/site-packages/airflow/example_dags/example_branch_datetime_operator.py
[2025-04-09T06:03:33.415+0000] {logging_mixin.py:190} INFO - [2025-04-09T06:03:33.414+0000] {dag.py:3239} INFO - Sync 3 DAGs
[2025-04-09T06:03:33.449+0000] {logging_mixin.py:190} INFO - [2025-04-09T06:03:33.448+0000] {dag.py:4180} INFO - Setting next_dagrun for example_branch_datetime_operator to 2025-04-08 00:00:00+00:00, run_after=2025-04-09 00:00:00+00:00
[2025-04-09T06:03:33.457+0000] {logging_mixin.py:190} INFO - [2025-04-09T06:03:33.457+0000] {dag.py:4180} INFO - Setting next_dagrun for example_branch_datetime_operator_2 to 2025-04-08 00:00:00+00:00, run_after=2025-04-09 00:00:00+00:00
[2025-04-09T06:03:33.464+0000] {logging_mixin.py:190} INFO - [2025-04-09T06:03:33.463+0000] {dag.py:4180} INFO - Setting next_dagrun for example_branch_datetime_operator_3 to 2025-04-08 00:00:00+00:00, run_after=2025-04-09 00:00:00+00:00
[2025-04-09T06:03:33.490+0000] {processor.py:208} INFO - Processing /home/airflow/.local/lib/python3.12/site-packages/airflow/example_dags/example_branch_datetime_operator.py took 0.188 seconds
[2025-04-09T06:04:04.187+0000] {processor.py:186} INFO - Started process (PID=214) to work on /home/airflow/.local/lib/python3.12/site-packages/airflow/example_dags/example_branch_datetime_operator.py
[2025-04-09T06:04:04.191+0000] {processor.py:914} INFO - Processing file /home/airflow/.local/lib/python3.12/site-packages/airflow/example_dags/example_branch_datetime_operator.py for tasks to queue
[2025-04-09T06:04:04.194+0000] {logging_mixin.py:190} INFO - [2025-04-09T06:04:04.194+0000] {dagbag.py:588} INFO - Filling up the DagBag from /home/airflow/.local/lib/python3.12/site-packages/airflow/example_dags/example_branch_datetime_operator.py
[2025-04-09T06:04:04.210+0000] {processor.py:925} INFO - DAG(s) 'example_branch_datetime_operator', 'example_branch_datetime_operator_3', 'example_branch_datetime_operator_2' retrieved from /home/airflow/.local/lib/python3.12/site-packages/airflow/example_dags/example_branch_datetime_operator.py
[2025-04-09T06:04:04.246+0000] {logging_mixin.py:190} INFO - [2025-04-09T06:04:04.245+0000] {dag.py:3239} INFO - Sync 3 DAGs
[2025-04-09T06:04:04.276+0000] {logging_mixin.py:190} INFO - [2025-04-09T06:04:04.276+0000] {dag.py:4180} INFO - Setting next_dagrun for example_branch_datetime_operator to 2025-04-08 00:00:00+00:00, run_after=2025-04-09 00:00:00+00:00
[2025-04-09T06:04:04.284+0000] {logging_mixin.py:190} INFO - [2025-04-09T06:04:04.284+0000] {dag.py:4180} INFO - Setting next_dagrun for example_branch_datetime_operator_2 to 2025-04-08 00:00:00+00:00, run_after=2025-04-09 00:00:00+00:00
[2025-04-09T06:04:04.289+0000] {logging_mixin.py:190} INFO - [2025-04-09T06:04:04.288+0000] {dag.py:4180} INFO - Setting next_dagrun for example_branch_datetime_operator_3 to 2025-04-08 00:00:00+00:00, run_after=2025-04-09 00:00:00+00:00
[2025-04-09T06:04:04.312+0000] {processor.py:208} INFO - Processing /home/airflow/.local/lib/python3.12/site-packages/airflow/example_dags/example_branch_datetime_operator.py took 0.133 seconds
[2025-04-09T06:04:35.172+0000] {processor.py:186} INFO - Started process (PID=278) to work on /home/airflow/.local/lib/python3.12/site-packages/airflow/example_dags/example_branch_datetime_operator.py
[2025-04-09T06:04:35.174+0000] {processor.py:914} INFO - Processing file /home/airflow/.local/lib/python3.12/site-packages/airflow/example_dags/example_branch_datetime_operator.py for tasks to queue
[2025-04-09T06:04:35.179+0000] {logging_mixin.py:190} INFO - [2025-04-09T06:04:35.179+0000] {dagbag.py:588} INFO - Filling up the DagBag from /home/airflow/.local/lib/python3.12/site-packages/airflow/example_dags/example_branch_datetime_operator.py
[2025-04-09T06:04:35.202+0000] {processor.py:925} INFO - DAG(s) 'example_branch_datetime_operator', 'example_branch_datetime_operator_3', 'example_branch_datetime_operator_2' retrieved from /home/airflow/.local/lib/python3.12/site-packages/airflow/example_dags/example_branch_datetime_operator.py
[2025-04-09T06:04:35.246+0000] {logging_mixin.py:190} INFO - [2025-04-09T06:04:35.245+0000] {dag.py:3239} INFO - Sync 3 DAGs
[2025-04-09T06:04:35.282+0000] {logging_mixin.py:190} INFO - [2025-04-09T06:04:35.282+0000] {dag.py:4180} INFO - Setting next_dagrun for example_branch_datetime_operator to 2025-04-08 00:00:00+00:00, run_after=2025-04-09 00:00:00+00:00
[2025-04-09T06:04:35.290+0000] {logging_mixin.py:190} INFO - [2025-04-09T06:04:35.289+0000] {dag.py:4180} INFO - Setting next_dagrun for example_branch_datetime_operator_2 to 2025-04-08 00:00:00+00:00, run_after=2025-04-09 00:00:00+00:00
[2025-04-09T06:04:35.294+0000] {logging_mixin.py:190} INFO - [2025-04-09T06:04:35.294+0000] {dag.py:4180} INFO - Setting next_dagrun for example_branch_datetime_operator_3 to 2025-04-08 00:00:00+00:00, run_after=2025-04-09 00:00:00+00:00
[2025-04-09T06:04:35.326+0000] {processor.py:208} INFO - Processing /home/airflow/.local/lib/python3.12/site-packages/airflow/example_dags/example_branch_datetime_operator.py took 0.167 seconds
[2025-04-09T06:05:06.235+0000] {processor.py:186} INFO - Started process (PID=342) to work on /home/airflow/.local/lib/python3.12/site-packages/airflow/example_dags/example_branch_datetime_operator.py
[2025-04-09T06:05:06.237+0000] {processor.py:914} INFO - Processing file /home/airflow/.local/lib/python3.12/site-packages/airflow/example_dags/example_branch_datetime_operator.py for tasks to queue
[2025-04-09T06:05:06.244+0000] {logging_mixin.py:190} INFO - [2025-04-09T06:05:06.243+0000] {dagbag.py:588} INFO - Filling up the DagBag from /home/airflow/.local/lib/python3.12/site-packages/airflow/example_dags/example_branch_datetime_operator.py
[2025-04-09T06:05:06.264+0000] {processor.py:925} INFO - DAG(s) 'example_branch_datetime_operator_3', 'example_branch_datetime_operator_2', 'example_branch_datetime_operator' retrieved from /home/airflow/.local/lib/python3.12/site-packages/airflow/example_dags/example_branch_datetime_operator.py
[2025-04-09T06:05:06.318+0000] {logging_mixin.py:190} INFO - [2025-04-09T06:05:06.317+0000] {dag.py:3239} INFO - Sync 3 DAGs
[2025-04-09T06:05:06.373+0000] {logging_mixin.py:190} INFO - [2025-04-09T06:05:06.373+0000] {dag.py:4180} INFO - Setting next_dagrun for example_branch_datetime_operator to 2025-04-08 00:00:00+00:00, run_after=2025-04-09 00:00:00+00:00
[2025-04-09T06:05:06.399+0000] {logging_mixin.py:190} INFO - [2025-04-09T06:05:06.399+0000] {dag.py:4180} INFO - Setting next_dagrun for example_branch_datetime_operator_2 to 2025-04-08 00:00:00+00:00, run_after=2025-04-09 00:00:00+00:00
[2025-04-09T06:05:06.431+0000] {logging_mixin.py:190} INFO - [2025-04-09T06:05:06.431+0000] {dag.py:4180} INFO - Setting next_dagrun for example_branch_datetime_operator_3 to 2025-04-08 00:00:00+00:00, run_after=2025-04-09 00:00:00+00:00
[2025-04-09T06:05:06.473+0000] {processor.py:208} INFO - Processing /home/airflow/.local/lib/python3.12/site-packages/airflow/example_dags/example_branch_datetime_operator.py took 0.246 seconds
[2025-04-09T06:05:37.010+0000] {processor.py:186} INFO - Started process (PID=406) to work on /home/airflow/.local/lib/python3.12/site-packages/airflow/example_dags/example_branch_datetime_operator.py
[2025-04-09T06:05:37.012+0000] {processor.py:914} INFO - Processing file /home/airflow/.local/lib/python3.12/site-packages/airflow/example_dags/example_branch_datetime_operator.py for tasks to queue
[2025-04-09T06:05:37.014+0000] {logging_mixin.py:190} INFO - [2025-04-09T06:05:37.014+0000] {dagbag.py:588} INFO - Filling up the DagBag from /home/airflow/.local/lib/python3.12/site-packages/airflow/example_dags/example_branch_datetime_operator.py
[2025-04-09T06:05:37.029+0000] {processor.py:925} INFO - DAG(s) 'example_branch_datetime_operator_2', 'example_branch_datetime_operator', 'example_branch_datetime_operator_3' retrieved from /home/airflow/.local/lib/python3.12/site-packages/airflow/example_dags/example_branch_datetime_operator.py
[2025-04-09T06:05:37.074+0000] {logging_mixin.py:190} INFO - [2025-04-09T06:05:37.074+0000] {dag.py:3239} INFO - Sync 3 DAGs
[2025-04-09T06:05:37.105+0000] {logging_mixin.py:190} INFO - [2025-04-09T06:05:37.104+0000] {dag.py:4180} INFO - Setting next_dagrun for example_branch_datetime_operator to 2025-04-08 00:00:00+00:00, run_after=2025-04-09 00:00:00+00:00
[2025-04-09T06:05:37.113+0000] {logging_mixin.py:190} INFO - [2025-04-09T06:05:37.113+0000] {dag.py:4180} INFO - Setting next_dagrun for example_branch_datetime_operator_2 to 2025-04-08 00:00:00+00:00, run_after=2025-04-09 00:00:00+00:00
[2025-04-09T06:05:37.117+0000] {logging_mixin.py:190} INFO - [2025-04-09T06:05:37.117+0000] {dag.py:4180} INFO - Setting next_dagrun for example_branch_datetime_operator_3 to 2025-04-08 00:00:00+00:00, run_after=2025-04-09 00:00:00+00:00
[2025-04-09T06:05:37.162+0000] {processor.py:208} INFO - Processing /home/airflow/.local/lib/python3.12/site-packages/airflow/example_dags/example_branch_datetime_operator.py took 0.158 seconds
[2025-04-09T17:13:49.219+0000] {processor.py:186} INFO - Started process (PID=478) to work on /home/airflow/.local/lib/python3.12/site-packages/airflow/example_dags/example_branch_datetime_operator.py
[2025-04-09T17:13:49.223+0000] {processor.py:914} INFO - Processing file /home/airflow/.local/lib/python3.12/site-packages/airflow/example_dags/example_branch_datetime_operator.py for tasks to queue
[2025-04-09T17:13:49.226+0000] {logging_mixin.py:190} INFO - [2025-04-09T17:13:49.226+0000] {dagbag.py:588} INFO - Filling up the DagBag from /home/airflow/.local/lib/python3.12/site-packages/airflow/example_dags/example_branch_datetime_operator.py
[2025-04-09T17:13:49.254+0000] {processor.py:925} INFO - DAG(s) 'example_branch_datetime_operator_2', 'example_branch_datetime_operator', 'example_branch_datetime_operator_3' retrieved from /home/airflow/.local/lib/python3.12/site-packages/airflow/example_dags/example_branch_datetime_operator.py
[2025-04-09T17:13:49.318+0000] {logging_mixin.py:190} INFO - [2025-04-09T17:13:49.317+0000] {dag.py:3239} INFO - Sync 3 DAGs
[2025-04-09T17:13:49.378+0000] {logging_mixin.py:190} INFO - [2025-04-09T17:13:49.377+0000] {dag.py:4180} INFO - Setting next_dagrun for example_branch_datetime_operator to 2025-04-08 00:00:00+00:00, run_after=2025-04-09 00:00:00+00:00
[2025-04-09T17:13:49.390+0000] {logging_mixin.py:190} INFO - [2025-04-09T17:13:49.389+0000] {dag.py:4180} INFO - Setting next_dagrun for example_branch_datetime_operator_2 to 2025-04-08 00:00:00+00:00, run_after=2025-04-09 00:00:00+00:00
[2025-04-09T17:13:49.397+0000] {logging_mixin.py:190} INFO - [2025-04-09T17:13:49.396+0000] {dag.py:4180} INFO - Setting next_dagrun for example_branch_datetime_operator_3 to 2025-04-08 00:00:00+00:00, run_after=2025-04-09 00:00:00+00:00
[2025-04-09T17:13:49.441+0000] {processor.py:208} INFO - Processing /home/airflow/.local/lib/python3.12/site-packages/airflow/example_dags/example_branch_datetime_operator.py took 0.232 seconds
