[2025-04-09T06:02:53.651+0000] {processor.py:186} INFO - Started process (PID=59) to work on /home/airflow/.local/lib/python3.12/site-packages/airflow/example_dags/example_dag_decorator.py
[2025-04-09T06:02:53.653+0000] {processor.py:914} INFO - Processing file /home/airflow/.local/lib/python3.12/site-packages/airflow/example_dags/example_dag_decorator.py for tasks to queue
[2025-04-09T06:02:53.658+0000] {logging_mixin.py:190} INFO - [2025-04-09T06:02:53.657+0000] {dagbag.py:588} INFO - Filling up the DagBag from /home/airflow/.local/lib/python3.12/site-packages/airflow/example_dags/example_dag_decorator.py
[2025-04-09T06:02:54.415+0000] {processor.py:925} INFO - DAG(s) 'example_dag_decorator' retrieved from /home/airflow/.local/lib/python3.12/site-packages/airflow/example_dags/example_dag_decorator.py
[2025-04-09T06:02:54.625+0000] {logging_mixin.py:190} INFO - [2025-04-09T06:02:54.624+0000] {override.py:1912} INFO - Created Permission View: can edit on DAG:example_dag_decorator
[2025-04-09T06:02:54.645+0000] {logging_mixin.py:190} INFO - [2025-04-09T06:02:54.645+0000] {override.py:1912} INFO - Created Permission View: can read on DAG:example_dag_decorator
[2025-04-09T06:02:54.659+0000] {logging_mixin.py:190} INFO - [2025-04-09T06:02:54.659+0000] {override.py:1912} INFO - Created Permission View: can delete on DAG:example_dag_decorator
[2025-04-09T06:02:54.679+0000] {logging_mixin.py:190} INFO - [2025-04-09T06:02:54.679+0000] {override.py:1912} INFO - Created Permission View: can create on DAG Run:example_dag_decorator
[2025-04-09T06:02:54.695+0000] {logging_mixin.py:190} INFO - [2025-04-09T06:02:54.695+0000] {override.py:1912} INFO - Created Permission View: can read on DAG Run:example_dag_decorator
[2025-04-09T06:02:54.712+0000] {logging_mixin.py:190} INFO - [2025-04-09T06:02:54.712+0000] {override.py:1912} INFO - Created Permission View: can delete on DAG Run:example_dag_decorator
[2025-04-09T06:02:54.732+0000] {logging_mixin.py:190} INFO - [2025-04-09T06:02:54.731+0000] {override.py:1912} INFO - Created Permission View: menu access on DAG Run:example_dag_decorator
[2025-04-09T06:02:54.734+0000] {logging_mixin.py:190} INFO - [2025-04-09T06:02:54.733+0000] {dag.py:3239} INFO - Sync 1 DAGs
[2025-04-09T06:02:54.765+0000] {logging_mixin.py:190} INFO - [2025-04-09T06:02:54.765+0000] {dag.py:3262} INFO - Creating ORM DAG for example_dag_decorator
[2025-04-09T06:02:54.767+0000] {logging_mixin.py:190} INFO - [2025-04-09T06:02:54.766+0000] {dag.py:4180} INFO - Setting next_dagrun for example_dag_decorator to None, run_after=None
[2025-04-09T06:02:54.796+0000] {processor.py:208} INFO - Processing /home/airflow/.local/lib/python3.12/site-packages/airflow/example_dags/example_dag_decorator.py took 1.156 seconds
[2025-04-09T06:03:24.966+0000] {processor.py:186} INFO - Started process (PID=124) to work on /home/airflow/.local/lib/python3.12/site-packages/airflow/example_dags/example_dag_decorator.py
[2025-04-09T06:03:24.969+0000] {processor.py:914} INFO - Processing file /home/airflow/.local/lib/python3.12/site-packages/airflow/example_dags/example_dag_decorator.py for tasks to queue
[2025-04-09T06:03:24.973+0000] {logging_mixin.py:190} INFO - [2025-04-09T06:03:24.972+0000] {dagbag.py:588} INFO - Filling up the DagBag from /home/airflow/.local/lib/python3.12/site-packages/airflow/example_dags/example_dag_decorator.py
[2025-04-09T06:03:25.192+0000] {processor.py:925} INFO - DAG(s) 'example_dag_decorator' retrieved from /home/airflow/.local/lib/python3.12/site-packages/airflow/example_dags/example_dag_decorator.py
[2025-04-09T06:03:25.453+0000] {logging_mixin.py:190} INFO - [2025-04-09T06:03:25.452+0000] {dag.py:3239} INFO - Sync 1 DAGs
[2025-04-09T06:03:25.477+0000] {logging_mixin.py:190} INFO - [2025-04-09T06:03:25.476+0000] {dag.py:4180} INFO - Setting next_dagrun for example_dag_decorator to None, run_after=None
[2025-04-09T06:03:25.526+0000] {processor.py:208} INFO - Processing /home/airflow/.local/lib/python3.12/site-packages/airflow/example_dags/example_dag_decorator.py took 0.577 seconds
[2025-04-09T06:03:56.765+0000] {processor.py:186} INFO - Started process (PID=187) to work on /home/airflow/.local/lib/python3.12/site-packages/airflow/example_dags/example_dag_decorator.py
[2025-04-09T06:03:56.767+0000] {processor.py:914} INFO - Processing file /home/airflow/.local/lib/python3.12/site-packages/airflow/example_dags/example_dag_decorator.py for tasks to queue
[2025-04-09T06:03:56.771+0000] {logging_mixin.py:190} INFO - [2025-04-09T06:03:56.770+0000] {dagbag.py:588} INFO - Filling up the DagBag from /home/airflow/.local/lib/python3.12/site-packages/airflow/example_dags/example_dag_decorator.py
[2025-04-09T06:03:56.903+0000] {processor.py:925} INFO - DAG(s) 'example_dag_decorator' retrieved from /home/airflow/.local/lib/python3.12/site-packages/airflow/example_dags/example_dag_decorator.py
[2025-04-09T06:03:57.051+0000] {logging_mixin.py:190} INFO - [2025-04-09T06:03:57.051+0000] {dag.py:3239} INFO - Sync 1 DAGs
[2025-04-09T06:03:57.068+0000] {logging_mixin.py:190} INFO - [2025-04-09T06:03:57.067+0000] {dag.py:4180} INFO - Setting next_dagrun for example_dag_decorator to None, run_after=None
[2025-04-09T06:03:57.101+0000] {processor.py:208} INFO - Processing /home/airflow/.local/lib/python3.12/site-packages/airflow/example_dags/example_dag_decorator.py took 0.347 seconds
[2025-04-09T06:04:28.075+0000] {processor.py:186} INFO - Started process (PID=251) to work on /home/airflow/.local/lib/python3.12/site-packages/airflow/example_dags/example_dag_decorator.py
[2025-04-09T06:04:28.077+0000] {processor.py:914} INFO - Processing file /home/airflow/.local/lib/python3.12/site-packages/airflow/example_dags/example_dag_decorator.py for tasks to queue
[2025-04-09T06:04:28.083+0000] {logging_mixin.py:190} INFO - [2025-04-09T06:04:28.082+0000] {dagbag.py:588} INFO - Filling up the DagBag from /home/airflow/.local/lib/python3.12/site-packages/airflow/example_dags/example_dag_decorator.py
[2025-04-09T06:04:28.228+0000] {processor.py:925} INFO - DAG(s) 'example_dag_decorator' retrieved from /home/airflow/.local/lib/python3.12/site-packages/airflow/example_dags/example_dag_decorator.py
[2025-04-09T06:04:28.348+0000] {logging_mixin.py:190} INFO - [2025-04-09T06:04:28.348+0000] {dag.py:3239} INFO - Sync 1 DAGs
[2025-04-09T06:04:28.361+0000] {logging_mixin.py:190} INFO - [2025-04-09T06:04:28.361+0000] {dag.py:4180} INFO - Setting next_dagrun for example_dag_decorator to None, run_after=None
[2025-04-09T06:04:28.397+0000] {processor.py:208} INFO - Processing /home/airflow/.local/lib/python3.12/site-packages/airflow/example_dags/example_dag_decorator.py took 0.334 seconds
[2025-04-09T06:04:59.288+0000] {processor.py:186} INFO - Started process (PID=315) to work on /home/airflow/.local/lib/python3.12/site-packages/airflow/example_dags/example_dag_decorator.py
[2025-04-09T06:04:59.289+0000] {processor.py:914} INFO - Processing file /home/airflow/.local/lib/python3.12/site-packages/airflow/example_dags/example_dag_decorator.py for tasks to queue
[2025-04-09T06:04:59.294+0000] {logging_mixin.py:190} INFO - [2025-04-09T06:04:59.293+0000] {dagbag.py:588} INFO - Filling up the DagBag from /home/airflow/.local/lib/python3.12/site-packages/airflow/example_dags/example_dag_decorator.py
[2025-04-09T06:04:59.421+0000] {processor.py:925} INFO - DAG(s) 'example_dag_decorator' retrieved from /home/airflow/.local/lib/python3.12/site-packages/airflow/example_dags/example_dag_decorator.py
[2025-04-09T06:04:59.452+0000] {logging_mixin.py:190} INFO - [2025-04-09T06:04:59.451+0000] {dag.py:3239} INFO - Sync 1 DAGs
[2025-04-09T06:04:59.475+0000] {logging_mixin.py:190} INFO - [2025-04-09T06:04:59.474+0000] {dag.py:4180} INFO - Setting next_dagrun for example_dag_decorator to None, run_after=None
[2025-04-09T06:04:59.504+0000] {processor.py:208} INFO - Processing /home/airflow/.local/lib/python3.12/site-packages/airflow/example_dags/example_dag_decorator.py took 0.226 seconds
[2025-04-09T06:05:30.554+0000] {processor.py:186} INFO - Started process (PID=379) to work on /home/airflow/.local/lib/python3.12/site-packages/airflow/example_dags/example_dag_decorator.py
[2025-04-09T06:05:30.555+0000] {processor.py:914} INFO - Processing file /home/airflow/.local/lib/python3.12/site-packages/airflow/example_dags/example_dag_decorator.py for tasks to queue
[2025-04-09T06:05:30.559+0000] {logging_mixin.py:190} INFO - [2025-04-09T06:05:30.558+0000] {dagbag.py:588} INFO - Filling up the DagBag from /home/airflow/.local/lib/python3.12/site-packages/airflow/example_dags/example_dag_decorator.py
[2025-04-09T06:05:30.687+0000] {processor.py:925} INFO - DAG(s) 'example_dag_decorator' retrieved from /home/airflow/.local/lib/python3.12/site-packages/airflow/example_dags/example_dag_decorator.py
[2025-04-09T06:05:30.801+0000] {logging_mixin.py:190} INFO - [2025-04-09T06:05:30.801+0000] {dag.py:3239} INFO - Sync 1 DAGs
[2025-04-09T06:05:30.817+0000] {logging_mixin.py:190} INFO - [2025-04-09T06:05:30.817+0000] {dag.py:4180} INFO - Setting next_dagrun for example_dag_decorator to None, run_after=None
[2025-04-09T06:05:30.845+0000] {processor.py:208} INFO - Processing /home/airflow/.local/lib/python3.12/site-packages/airflow/example_dags/example_dag_decorator.py took 0.298 seconds
[2025-04-09T07:40:58.988+0000] {processor.py:186} INFO - Started process (PID=451) to work on /home/airflow/.local/lib/python3.12/site-packages/airflow/example_dags/example_dag_decorator.py
[2025-04-09T07:40:59.000+0000] {processor.py:914} INFO - Processing file /home/airflow/.local/lib/python3.12/site-packages/airflow/example_dags/example_dag_decorator.py for tasks to queue
[2025-04-09T07:40:59.006+0000] {logging_mixin.py:190} INFO - [2025-04-09T07:40:59.005+0000] {dagbag.py:588} INFO - Filling up the DagBag from /home/airflow/.local/lib/python3.12/site-packages/airflow/example_dags/example_dag_decorator.py
[2025-04-09T07:40:59.301+0000] {processor.py:925} INFO - DAG(s) 'example_dag_decorator' retrieved from /home/airflow/.local/lib/python3.12/site-packages/airflow/example_dags/example_dag_decorator.py
[2025-04-09T07:40:59.658+0000] {logging_mixin.py:190} INFO - [2025-04-09T07:40:59.658+0000] {dag.py:3239} INFO - Sync 1 DAGs
[2025-04-09T07:40:59.690+0000] {logging_mixin.py:190} INFO - [2025-04-09T07:40:59.689+0000] {dag.py:4180} INFO - Setting next_dagrun for example_dag_decorator to None, run_after=None
[2025-04-09T07:40:59.752+0000] {processor.py:208} INFO - Processing /home/airflow/.local/lib/python3.12/site-packages/airflow/example_dags/example_dag_decorator.py took 0.773 seconds
