[2025-04-09T06:03:00.102+0000] {processor.py:186} INFO - Started process (PID=73) to work on /home/airflow/.local/lib/python3.12/site-packages/airflow/example_dags/tutorial.py
[2025-04-09T06:03:00.103+0000] {processor.py:914} INFO - Processing file /home/airflow/.local/lib/python3.12/site-packages/airflow/example_dags/tutorial.py for tasks to queue
[2025-04-09T06:03:00.113+0000] {logging_mixin.py:190} INFO - [2025-04-09T06:03:00.113+0000] {dagbag.py:588} INFO - Filling up the DagBag from /home/airflow/.local/lib/python3.12/site-packages/airflow/example_dags/tutorial.py
[2025-04-09T06:03:00.124+0000] {processor.py:925} INFO - DAG(s) 'tutorial' retrieved from /home/airflow/.local/lib/python3.12/site-packages/airflow/example_dags/tutorial.py
[2025-04-09T06:03:00.270+0000] {logging_mixin.py:190} INFO - [2025-04-09T06:03:00.269+0000] {override.py:1912} INFO - Created Permission View: can edit on DAG:tutorial
[2025-04-09T06:03:00.286+0000] {logging_mixin.py:190} INFO - [2025-04-09T06:03:00.285+0000] {override.py:1912} INFO - Created Permission View: can read on DAG:tutorial
[2025-04-09T06:03:00.296+0000] {logging_mixin.py:190} INFO - [2025-04-09T06:03:00.295+0000] {override.py:1912} INFO - Created Permission View: can delete on DAG:tutorial
[2025-04-09T06:03:00.309+0000] {logging_mixin.py:190} INFO - [2025-04-09T06:03:00.309+0000] {override.py:1912} INFO - Created Permission View: can create on DAG Run:tutorial
[2025-04-09T06:03:00.322+0000] {logging_mixin.py:190} INFO - [2025-04-09T06:03:00.322+0000] {override.py:1912} INFO - Created Permission View: can read on DAG Run:tutorial
[2025-04-09T06:03:00.337+0000] {logging_mixin.py:190} INFO - [2025-04-09T06:03:00.336+0000] {override.py:1912} INFO - Created Permission View: can delete on DAG Run:tutorial
[2025-04-09T06:03:00.348+0000] {logging_mixin.py:190} INFO - [2025-04-09T06:03:00.347+0000] {override.py:1912} INFO - Created Permission View: menu access on DAG Run:tutorial
[2025-04-09T06:03:00.349+0000] {logging_mixin.py:190} INFO - [2025-04-09T06:03:00.348+0000] {dag.py:3239} INFO - Sync 1 DAGs
[2025-04-09T06:03:00.364+0000] {logging_mixin.py:190} INFO - [2025-04-09T06:03:00.364+0000] {dag.py:3262} INFO - Creating ORM DAG for tutorial
[2025-04-09T06:03:00.375+0000] {logging_mixin.py:190} INFO - [2025-04-09T06:03:00.375+0000] {dag.py:4180} INFO - Setting next_dagrun for tutorial to 2025-04-08 00:00:00+00:00, run_after=2025-04-09 00:00:00+00:00
[2025-04-09T06:03:00.396+0000] {processor.py:208} INFO - Processing /home/airflow/.local/lib/python3.12/site-packages/airflow/example_dags/tutorial.py took 0.301 seconds
[2025-04-09T06:03:30.589+0000] {processor.py:186} INFO - Started process (PID=137) to work on /home/airflow/.local/lib/python3.12/site-packages/airflow/example_dags/tutorial.py
[2025-04-09T06:03:30.591+0000] {processor.py:914} INFO - Processing file /home/airflow/.local/lib/python3.12/site-packages/airflow/example_dags/tutorial.py for tasks to queue
[2025-04-09T06:03:30.601+0000] {logging_mixin.py:190} INFO - [2025-04-09T06:03:30.601+0000] {dagbag.py:588} INFO - Filling up the DagBag from /home/airflow/.local/lib/python3.12/site-packages/airflow/example_dags/tutorial.py
[2025-04-09T06:03:30.614+0000] {processor.py:925} INFO - DAG(s) 'tutorial' retrieved from /home/airflow/.local/lib/python3.12/site-packages/airflow/example_dags/tutorial.py
[2025-04-09T06:03:30.650+0000] {logging_mixin.py:190} INFO - [2025-04-09T06:03:30.650+0000] {dag.py:3239} INFO - Sync 1 DAGs
[2025-04-09T06:03:30.689+0000] {logging_mixin.py:190} INFO - [2025-04-09T06:03:30.689+0000] {dag.py:4180} INFO - Setting next_dagrun for tutorial to 2025-04-08 00:00:00+00:00, run_after=2025-04-09 00:00:00+00:00
[2025-04-09T06:03:30.786+0000] {processor.py:208} INFO - Processing /home/airflow/.local/lib/python3.12/site-packages/airflow/example_dags/tutorial.py took 0.206 seconds
[2025-04-09T06:04:01.958+0000] {processor.py:186} INFO - Started process (PID=201) to work on /home/airflow/.local/lib/python3.12/site-packages/airflow/example_dags/tutorial.py
[2025-04-09T06:04:01.960+0000] {processor.py:914} INFO - Processing file /home/airflow/.local/lib/python3.12/site-packages/airflow/example_dags/tutorial.py for tasks to queue
[2025-04-09T06:04:01.964+0000] {logging_mixin.py:190} INFO - [2025-04-09T06:04:01.963+0000] {dagbag.py:588} INFO - Filling up the DagBag from /home/airflow/.local/lib/python3.12/site-packages/airflow/example_dags/tutorial.py
[2025-04-09T06:04:01.976+0000] {processor.py:925} INFO - DAG(s) 'tutorial' retrieved from /home/airflow/.local/lib/python3.12/site-packages/airflow/example_dags/tutorial.py
[2025-04-09T06:04:02.010+0000] {logging_mixin.py:190} INFO - [2025-04-09T06:04:02.009+0000] {dag.py:3239} INFO - Sync 1 DAGs
[2025-04-09T06:04:02.047+0000] {logging_mixin.py:190} INFO - [2025-04-09T06:04:02.047+0000] {dag.py:4180} INFO - Setting next_dagrun for tutorial to 2025-04-08 00:00:00+00:00, run_after=2025-04-09 00:00:00+00:00
[2025-04-09T06:04:02.078+0000] {processor.py:208} INFO - Processing /home/airflow/.local/lib/python3.12/site-packages/airflow/example_dags/tutorial.py took 0.130 seconds
[2025-04-09T06:04:33.312+0000] {processor.py:186} INFO - Started process (PID=265) to work on /home/airflow/.local/lib/python3.12/site-packages/airflow/example_dags/tutorial.py
[2025-04-09T06:04:33.313+0000] {processor.py:914} INFO - Processing file /home/airflow/.local/lib/python3.12/site-packages/airflow/example_dags/tutorial.py for tasks to queue
[2025-04-09T06:04:33.318+0000] {logging_mixin.py:190} INFO - [2025-04-09T06:04:33.317+0000] {dagbag.py:588} INFO - Filling up the DagBag from /home/airflow/.local/lib/python3.12/site-packages/airflow/example_dags/tutorial.py
[2025-04-09T06:04:33.329+0000] {processor.py:925} INFO - DAG(s) 'tutorial' retrieved from /home/airflow/.local/lib/python3.12/site-packages/airflow/example_dags/tutorial.py
[2025-04-09T06:04:33.358+0000] {logging_mixin.py:190} INFO - [2025-04-09T06:04:33.357+0000] {dag.py:3239} INFO - Sync 1 DAGs
[2025-04-09T06:04:33.393+0000] {logging_mixin.py:190} INFO - [2025-04-09T06:04:33.392+0000] {dag.py:4180} INFO - Setting next_dagrun for tutorial to 2025-04-08 00:00:00+00:00, run_after=2025-04-09 00:00:00+00:00
[2025-04-09T06:04:33.439+0000] {processor.py:208} INFO - Processing /home/airflow/.local/lib/python3.12/site-packages/airflow/example_dags/tutorial.py took 0.135 seconds
[2025-04-09T06:05:04.160+0000] {processor.py:186} INFO - Started process (PID=329) to work on /home/airflow/.local/lib/python3.12/site-packages/airflow/example_dags/tutorial.py
[2025-04-09T06:05:04.162+0000] {processor.py:914} INFO - Processing file /home/airflow/.local/lib/python3.12/site-packages/airflow/example_dags/tutorial.py for tasks to queue
[2025-04-09T06:05:04.166+0000] {logging_mixin.py:190} INFO - [2025-04-09T06:05:04.166+0000] {dagbag.py:588} INFO - Filling up the DagBag from /home/airflow/.local/lib/python3.12/site-packages/airflow/example_dags/tutorial.py
[2025-04-09T06:05:04.177+0000] {processor.py:925} INFO - DAG(s) 'tutorial' retrieved from /home/airflow/.local/lib/python3.12/site-packages/airflow/example_dags/tutorial.py
[2025-04-09T06:05:04.198+0000] {logging_mixin.py:190} INFO - [2025-04-09T06:05:04.198+0000] {dag.py:3239} INFO - Sync 1 DAGs
[2025-04-09T06:05:04.309+0000] {logging_mixin.py:190} INFO - [2025-04-09T06:05:04.309+0000] {dag.py:4180} INFO - Setting next_dagrun for tutorial to 2025-04-08 00:00:00+00:00, run_after=2025-04-09 00:00:00+00:00
[2025-04-09T06:05:04.345+0000] {processor.py:208} INFO - Processing /home/airflow/.local/lib/python3.12/site-packages/airflow/example_dags/tutorial.py took 0.193 seconds
[2025-04-09T06:05:34.658+0000] {processor.py:186} INFO - Started process (PID=392) to work on /home/airflow/.local/lib/python3.12/site-packages/airflow/example_dags/tutorial.py
[2025-04-09T06:05:34.660+0000] {processor.py:914} INFO - Processing file /home/airflow/.local/lib/python3.12/site-packages/airflow/example_dags/tutorial.py for tasks to queue
[2025-04-09T06:05:34.663+0000] {logging_mixin.py:190} INFO - [2025-04-09T06:05:34.663+0000] {dagbag.py:588} INFO - Filling up the DagBag from /home/airflow/.local/lib/python3.12/site-packages/airflow/example_dags/tutorial.py
[2025-04-09T06:05:34.671+0000] {processor.py:925} INFO - DAG(s) 'tutorial' retrieved from /home/airflow/.local/lib/python3.12/site-packages/airflow/example_dags/tutorial.py
[2025-04-09T06:05:34.693+0000] {logging_mixin.py:190} INFO - [2025-04-09T06:05:34.692+0000] {dag.py:3239} INFO - Sync 1 DAGs
[2025-04-09T06:05:34.717+0000] {logging_mixin.py:190} INFO - [2025-04-09T06:05:34.717+0000] {dag.py:4180} INFO - Setting next_dagrun for tutorial to 2025-04-08 00:00:00+00:00, run_after=2025-04-09 00:00:00+00:00
[2025-04-09T06:05:34.741+0000] {processor.py:208} INFO - Processing /home/airflow/.local/lib/python3.12/site-packages/airflow/example_dags/tutorial.py took 0.089 seconds
[2025-04-09T17:13:47.172+0000] {processor.py:186} INFO - Started process (PID=465) to work on /home/airflow/.local/lib/python3.12/site-packages/airflow/example_dags/tutorial.py
[2025-04-09T17:13:47.175+0000] {processor.py:914} INFO - Processing file /home/airflow/.local/lib/python3.12/site-packages/airflow/example_dags/tutorial.py for tasks to queue
[2025-04-09T17:13:47.178+0000] {logging_mixin.py:190} INFO - [2025-04-09T17:13:47.177+0000] {dagbag.py:588} INFO - Filling up the DagBag from /home/airflow/.local/lib/python3.12/site-packages/airflow/example_dags/tutorial.py
[2025-04-09T17:13:47.202+0000] {processor.py:925} INFO - DAG(s) 'tutorial' retrieved from /home/airflow/.local/lib/python3.12/site-packages/airflow/example_dags/tutorial.py
[2025-04-09T17:13:47.256+0000] {logging_mixin.py:190} INFO - [2025-04-09T17:13:47.255+0000] {dag.py:3239} INFO - Sync 1 DAGs
[2025-04-09T17:13:47.324+0000] {logging_mixin.py:190} INFO - [2025-04-09T17:13:47.323+0000] {dag.py:4180} INFO - Setting next_dagrun for tutorial to 2025-04-08 00:00:00+00:00, run_after=2025-04-09 00:00:00+00:00
[2025-04-09T17:13:47.385+0000] {processor.py:208} INFO - Processing /home/airflow/.local/lib/python3.12/site-packages/airflow/example_dags/tutorial.py took 0.226 seconds
