[2025-04-09T06:03:00.867+0000] {processor.py:186} INFO - Started process (PID=78) to work on /home/airflow/.local/lib/python3.12/site-packages/airflow/example_dags/tutorial_taskflow_api.py
[2025-04-09T06:03:00.869+0000] {processor.py:914} INFO - Processing file /home/airflow/.local/lib/python3.12/site-packages/airflow/example_dags/tutorial_taskflow_api.py for tasks to queue
[2025-04-09T06:03:00.873+0000] {logging_mixin.py:190} INFO - [2025-04-09T06:03:00.872+0000] {dagbag.py:588} INFO - Filling up the DagBag from /home/airflow/.local/lib/python3.12/site-packages/airflow/example_dags/tutorial_taskflow_api.py
[2025-04-09T06:03:00.884+0000] {processor.py:925} INFO - DAG(s) 'tutorial_taskflow_api' retrieved from /home/airflow/.local/lib/python3.12/site-packages/airflow/example_dags/tutorial_taskflow_api.py
[2025-04-09T06:03:01.070+0000] {logging_mixin.py:190} INFO - [2025-04-09T06:03:01.069+0000] {override.py:1912} INFO - Created Permission View: can edit on DAG:tutorial_taskflow_api
[2025-04-09T06:03:01.093+0000] {logging_mixin.py:190} INFO - [2025-04-09T06:03:01.092+0000] {override.py:1912} INFO - Created Permission View: can read on DAG:tutorial_taskflow_api
[2025-04-09T06:03:01.115+0000] {logging_mixin.py:190} INFO - [2025-04-09T06:03:01.114+0000] {override.py:1912} INFO - Created Permission View: can delete on DAG:tutorial_taskflow_api
[2025-04-09T06:03:01.150+0000] {logging_mixin.py:190} INFO - [2025-04-09T06:03:01.149+0000] {override.py:1912} INFO - Created Permission View: can create on DAG Run:tutorial_taskflow_api
[2025-04-09T06:03:01.174+0000] {logging_mixin.py:190} INFO - [2025-04-09T06:03:01.174+0000] {override.py:1912} INFO - Created Permission View: can read on DAG Run:tutorial_taskflow_api
[2025-04-09T06:03:01.196+0000] {logging_mixin.py:190} INFO - [2025-04-09T06:03:01.196+0000] {override.py:1912} INFO - Created Permission View: can delete on DAG Run:tutorial_taskflow_api
[2025-04-09T06:03:01.217+0000] {logging_mixin.py:190} INFO - [2025-04-09T06:03:01.216+0000] {override.py:1912} INFO - Created Permission View: menu access on DAG Run:tutorial_taskflow_api
[2025-04-09T06:03:01.218+0000] {logging_mixin.py:190} INFO - [2025-04-09T06:03:01.218+0000] {dag.py:3239} INFO - Sync 1 DAGs
[2025-04-09T06:03:01.245+0000] {logging_mixin.py:190} INFO - [2025-04-09T06:03:01.244+0000] {dag.py:3262} INFO - Creating ORM DAG for tutorial_taskflow_api
[2025-04-09T06:03:01.251+0000] {logging_mixin.py:190} INFO - [2025-04-09T06:03:01.251+0000] {dag.py:4180} INFO - Setting next_dagrun for tutorial_taskflow_api to None, run_after=None
[2025-04-09T06:03:01.294+0000] {processor.py:208} INFO - Processing /home/airflow/.local/lib/python3.12/site-packages/airflow/example_dags/tutorial_taskflow_api.py took 0.434 seconds
[2025-04-09T06:03:32.133+0000] {processor.py:186} INFO - Started process (PID=142) to work on /home/airflow/.local/lib/python3.12/site-packages/airflow/example_dags/tutorial_taskflow_api.py
[2025-04-09T06:03:32.135+0000] {processor.py:914} INFO - Processing file /home/airflow/.local/lib/python3.12/site-packages/airflow/example_dags/tutorial_taskflow_api.py for tasks to queue
[2025-04-09T06:03:32.139+0000] {logging_mixin.py:190} INFO - [2025-04-09T06:03:32.138+0000] {dagbag.py:588} INFO - Filling up the DagBag from /home/airflow/.local/lib/python3.12/site-packages/airflow/example_dags/tutorial_taskflow_api.py
[2025-04-09T06:03:32.151+0000] {processor.py:925} INFO - DAG(s) 'tutorial_taskflow_api' retrieved from /home/airflow/.local/lib/python3.12/site-packages/airflow/example_dags/tutorial_taskflow_api.py
[2025-04-09T06:03:32.180+0000] {logging_mixin.py:190} INFO - [2025-04-09T06:03:32.180+0000] {dag.py:3239} INFO - Sync 1 DAGs
[2025-04-09T06:03:32.198+0000] {logging_mixin.py:190} INFO - [2025-04-09T06:03:32.197+0000] {dag.py:4180} INFO - Setting next_dagrun for tutorial_taskflow_api to None, run_after=None
[2025-04-09T06:03:32.225+0000] {processor.py:208} INFO - Processing /home/airflow/.local/lib/python3.12/site-packages/airflow/example_dags/tutorial_taskflow_api.py took 0.099 seconds
[2025-04-09T06:04:02.371+0000] {processor.py:186} INFO - Started process (PID=206) to work on /home/airflow/.local/lib/python3.12/site-packages/airflow/example_dags/tutorial_taskflow_api.py
[2025-04-09T06:04:02.373+0000] {processor.py:914} INFO - Processing file /home/airflow/.local/lib/python3.12/site-packages/airflow/example_dags/tutorial_taskflow_api.py for tasks to queue
[2025-04-09T06:04:02.377+0000] {logging_mixin.py:190} INFO - [2025-04-09T06:04:02.376+0000] {dagbag.py:588} INFO - Filling up the DagBag from /home/airflow/.local/lib/python3.12/site-packages/airflow/example_dags/tutorial_taskflow_api.py
[2025-04-09T06:04:02.386+0000] {processor.py:925} INFO - DAG(s) 'tutorial_taskflow_api' retrieved from /home/airflow/.local/lib/python3.12/site-packages/airflow/example_dags/tutorial_taskflow_api.py
[2025-04-09T06:04:02.414+0000] {logging_mixin.py:190} INFO - [2025-04-09T06:04:02.414+0000] {dag.py:3239} INFO - Sync 1 DAGs
[2025-04-09T06:04:02.437+0000] {logging_mixin.py:190} INFO - [2025-04-09T06:04:02.437+0000] {dag.py:4180} INFO - Setting next_dagrun for tutorial_taskflow_api to None, run_after=None
[2025-04-09T06:04:02.462+0000] {processor.py:208} INFO - Processing /home/airflow/.local/lib/python3.12/site-packages/airflow/example_dags/tutorial_taskflow_api.py took 0.098 seconds
[2025-04-09T06:04:34.084+0000] {processor.py:186} INFO - Started process (PID=270) to work on /home/airflow/.local/lib/python3.12/site-packages/airflow/example_dags/tutorial_taskflow_api.py
[2025-04-09T06:04:34.094+0000] {processor.py:914} INFO - Processing file /home/airflow/.local/lib/python3.12/site-packages/airflow/example_dags/tutorial_taskflow_api.py for tasks to queue
[2025-04-09T06:04:34.098+0000] {logging_mixin.py:190} INFO - [2025-04-09T06:04:34.098+0000] {dagbag.py:588} INFO - Filling up the DagBag from /home/airflow/.local/lib/python3.12/site-packages/airflow/example_dags/tutorial_taskflow_api.py
[2025-04-09T06:04:34.121+0000] {processor.py:925} INFO - DAG(s) 'tutorial_taskflow_api' retrieved from /home/airflow/.local/lib/python3.12/site-packages/airflow/example_dags/tutorial_taskflow_api.py
[2025-04-09T06:04:34.151+0000] {logging_mixin.py:190} INFO - [2025-04-09T06:04:34.151+0000] {dag.py:3239} INFO - Sync 1 DAGs
[2025-04-09T06:04:34.171+0000] {logging_mixin.py:190} INFO - [2025-04-09T06:04:34.171+0000] {dag.py:4180} INFO - Setting next_dagrun for tutorial_taskflow_api to None, run_after=None
[2025-04-09T06:04:34.201+0000] {processor.py:208} INFO - Processing /home/airflow/.local/lib/python3.12/site-packages/airflow/example_dags/tutorial_taskflow_api.py took 0.124 seconds
[2025-04-09T06:05:05.420+0000] {processor.py:186} INFO - Started process (PID=334) to work on /home/airflow/.local/lib/python3.12/site-packages/airflow/example_dags/tutorial_taskflow_api.py
[2025-04-09T06:05:05.423+0000] {processor.py:914} INFO - Processing file /home/airflow/.local/lib/python3.12/site-packages/airflow/example_dags/tutorial_taskflow_api.py for tasks to queue
[2025-04-09T06:05:05.426+0000] {logging_mixin.py:190} INFO - [2025-04-09T06:05:05.425+0000] {dagbag.py:588} INFO - Filling up the DagBag from /home/airflow/.local/lib/python3.12/site-packages/airflow/example_dags/tutorial_taskflow_api.py
[2025-04-09T06:05:05.436+0000] {processor.py:925} INFO - DAG(s) 'tutorial_taskflow_api' retrieved from /home/airflow/.local/lib/python3.12/site-packages/airflow/example_dags/tutorial_taskflow_api.py
[2025-04-09T06:05:05.465+0000] {logging_mixin.py:190} INFO - [2025-04-09T06:05:05.464+0000] {dag.py:3239} INFO - Sync 1 DAGs
[2025-04-09T06:05:05.490+0000] {logging_mixin.py:190} INFO - [2025-04-09T06:05:05.489+0000] {dag.py:4180} INFO - Setting next_dagrun for tutorial_taskflow_api to None, run_after=None
[2025-04-09T06:05:05.515+0000] {processor.py:208} INFO - Processing /home/airflow/.local/lib/python3.12/site-packages/airflow/example_dags/tutorial_taskflow_api.py took 0.104 seconds
[2025-04-09T06:05:36.279+0000] {processor.py:186} INFO - Started process (PID=398) to work on /home/airflow/.local/lib/python3.12/site-packages/airflow/example_dags/tutorial_taskflow_api.py
[2025-04-09T06:05:36.280+0000] {processor.py:914} INFO - Processing file /home/airflow/.local/lib/python3.12/site-packages/airflow/example_dags/tutorial_taskflow_api.py for tasks to queue
[2025-04-09T06:05:36.284+0000] {logging_mixin.py:190} INFO - [2025-04-09T06:05:36.283+0000] {dagbag.py:588} INFO - Filling up the DagBag from /home/airflow/.local/lib/python3.12/site-packages/airflow/example_dags/tutorial_taskflow_api.py
[2025-04-09T06:05:36.291+0000] {processor.py:925} INFO - DAG(s) 'tutorial_taskflow_api' retrieved from /home/airflow/.local/lib/python3.12/site-packages/airflow/example_dags/tutorial_taskflow_api.py
[2025-04-09T06:05:36.313+0000] {logging_mixin.py:190} INFO - [2025-04-09T06:05:36.313+0000] {dag.py:3239} INFO - Sync 1 DAGs
[2025-04-09T06:05:36.328+0000] {logging_mixin.py:190} INFO - [2025-04-09T06:05:36.327+0000] {dag.py:4180} INFO - Setting next_dagrun for tutorial_taskflow_api to None, run_after=None
[2025-04-09T06:05:36.367+0000] {processor.py:208} INFO - Processing /home/airflow/.local/lib/python3.12/site-packages/airflow/example_dags/tutorial_taskflow_api.py took 0.094 seconds
[2025-04-09T17:13:47.889+0000] {processor.py:186} INFO - Started process (PID=470) to work on /home/airflow/.local/lib/python3.12/site-packages/airflow/example_dags/tutorial_taskflow_api.py
[2025-04-09T17:13:47.893+0000] {processor.py:914} INFO - Processing file /home/airflow/.local/lib/python3.12/site-packages/airflow/example_dags/tutorial_taskflow_api.py for tasks to queue
[2025-04-09T17:13:47.898+0000] {logging_mixin.py:190} INFO - [2025-04-09T17:13:47.897+0000] {dagbag.py:588} INFO - Filling up the DagBag from /home/airflow/.local/lib/python3.12/site-packages/airflow/example_dags/tutorial_taskflow_api.py
[2025-04-09T17:13:47.924+0000] {processor.py:925} INFO - DAG(s) 'tutorial_taskflow_api' retrieved from /home/airflow/.local/lib/python3.12/site-packages/airflow/example_dags/tutorial_taskflow_api.py
[2025-04-09T17:13:47.981+0000] {logging_mixin.py:190} INFO - [2025-04-09T17:13:47.981+0000] {dag.py:3239} INFO - Sync 1 DAGs
[2025-04-09T17:13:48.026+0000] {logging_mixin.py:190} INFO - [2025-04-09T17:13:48.025+0000] {dag.py:4180} INFO - Setting next_dagrun for tutorial_taskflow_api to None, run_after=None
[2025-04-09T17:13:48.085+0000] {processor.py:208} INFO - Processing /home/airflow/.local/lib/python3.12/site-packages/airflow/example_dags/tutorial_taskflow_api.py took 0.213 seconds
