[2025-04-11T01:49:56.743+0000] {processor.py:186} INFO - Started process (PID=1259) to work on /home/airflow/.local/lib/python3.12/site-packages/airflow/example_dags/example_setup_teardown.py
[2025-04-11T01:49:56.746+0000] {processor.py:914} INFO - Processing file /home/airflow/.local/lib/python3.12/site-packages/airflow/example_dags/example_setup_teardown.py for tasks to queue
[2025-04-11T01:49:56.750+0000] {logging_mixin.py:190} INFO - [2025-04-11T01:49:56.749+0000] {dagbag.py:588} INFO - Filling up the DagBag from /home/airflow/.local/lib/python3.12/site-packages/airflow/example_dags/example_setup_teardown.py
[2025-04-11T01:49:56.784+0000] {processor.py:925} INFO - DAG(s) 'example_setup_teardown' retrieved from /home/airflow/.local/lib/python3.12/site-packages/airflow/example_dags/example_setup_teardown.py
[2025-04-11T01:49:56.860+0000] {logging_mixin.py:190} INFO - [2025-04-11T01:49:56.859+0000] {dag.py:3239} INFO - Sync 1 DAGs
[2025-04-11T01:49:56.904+0000] {logging_mixin.py:190} INFO - [2025-04-11T01:49:56.903+0000] {dag.py:4180} INFO - Setting next_dagrun for example_setup_teardown to None, run_after=None
[2025-04-11T01:49:56.985+0000] {processor.py:208} INFO - Processing /home/airflow/.local/lib/python3.12/site-packages/airflow/example_dags/example_setup_teardown.py took 0.261 seconds
[2025-04-11T01:50:27.813+0000] {processor.py:186} INFO - Started process (PID=1325) to work on /home/airflow/.local/lib/python3.12/site-packages/airflow/example_dags/example_setup_teardown.py
[2025-04-11T01:50:27.814+0000] {processor.py:914} INFO - Processing file /home/airflow/.local/lib/python3.12/site-packages/airflow/example_dags/example_setup_teardown.py for tasks to queue
[2025-04-11T01:50:27.816+0000] {logging_mixin.py:190} INFO - [2025-04-11T01:50:27.816+0000] {dagbag.py:588} INFO - Filling up the DagBag from /home/airflow/.local/lib/python3.12/site-packages/airflow/example_dags/example_setup_teardown.py
[2025-04-11T01:50:27.826+0000] {processor.py:925} INFO - DAG(s) 'example_setup_teardown' retrieved from /home/airflow/.local/lib/python3.12/site-packages/airflow/example_dags/example_setup_teardown.py
[2025-04-11T01:50:27.852+0000] {logging_mixin.py:190} INFO - [2025-04-11T01:50:27.852+0000] {dag.py:3239} INFO - Sync 1 DAGs
[2025-04-11T01:50:27.870+0000] {logging_mixin.py:190} INFO - [2025-04-11T01:50:27.869+0000] {dag.py:4180} INFO - Setting next_dagrun for example_setup_teardown to None, run_after=None
[2025-04-11T01:50:27.899+0000] {processor.py:208} INFO - Processing /home/airflow/.local/lib/python3.12/site-packages/airflow/example_dags/example_setup_teardown.py took 0.092 seconds
[2025-04-11T01:50:58.113+0000] {processor.py:186} INFO - Started process (PID=1390) to work on /home/airflow/.local/lib/python3.12/site-packages/airflow/example_dags/example_setup_teardown.py
[2025-04-11T01:50:58.114+0000] {processor.py:914} INFO - Processing file /home/airflow/.local/lib/python3.12/site-packages/airflow/example_dags/example_setup_teardown.py for tasks to queue
[2025-04-11T01:50:58.117+0000] {logging_mixin.py:190} INFO - [2025-04-11T01:50:58.116+0000] {dagbag.py:588} INFO - Filling up the DagBag from /home/airflow/.local/lib/python3.12/site-packages/airflow/example_dags/example_setup_teardown.py
[2025-04-11T01:50:58.128+0000] {processor.py:925} INFO - DAG(s) 'example_setup_teardown' retrieved from /home/airflow/.local/lib/python3.12/site-packages/airflow/example_dags/example_setup_teardown.py
[2025-04-11T01:50:58.161+0000] {logging_mixin.py:190} INFO - [2025-04-11T01:50:58.160+0000] {dag.py:3239} INFO - Sync 1 DAGs
[2025-04-11T01:50:58.184+0000] {logging_mixin.py:190} INFO - [2025-04-11T01:50:58.184+0000] {dag.py:4180} INFO - Setting next_dagrun for example_setup_teardown to None, run_after=None
[2025-04-11T01:50:58.218+0000] {processor.py:208} INFO - Processing /home/airflow/.local/lib/python3.12/site-packages/airflow/example_dags/example_setup_teardown.py took 0.115 seconds
[2025-04-11T01:51:29.193+0000] {processor.py:186} INFO - Started process (PID=1455) to work on /home/airflow/.local/lib/python3.12/site-packages/airflow/example_dags/example_setup_teardown.py
[2025-04-11T01:51:29.196+0000] {processor.py:914} INFO - Processing file /home/airflow/.local/lib/python3.12/site-packages/airflow/example_dags/example_setup_teardown.py for tasks to queue
[2025-04-11T01:51:29.199+0000] {logging_mixin.py:190} INFO - [2025-04-11T01:51:29.198+0000] {dagbag.py:588} INFO - Filling up the DagBag from /home/airflow/.local/lib/python3.12/site-packages/airflow/example_dags/example_setup_teardown.py
[2025-04-11T01:51:29.229+0000] {processor.py:925} INFO - DAG(s) 'example_setup_teardown' retrieved from /home/airflow/.local/lib/python3.12/site-packages/airflow/example_dags/example_setup_teardown.py
[2025-04-11T01:51:29.297+0000] {logging_mixin.py:190} INFO - [2025-04-11T01:51:29.296+0000] {dag.py:3239} INFO - Sync 1 DAGs
[2025-04-11T01:51:29.344+0000] {logging_mixin.py:190} INFO - [2025-04-11T01:51:29.344+0000] {dag.py:4180} INFO - Setting next_dagrun for example_setup_teardown to None, run_after=None
[2025-04-11T01:51:29.393+0000] {processor.py:208} INFO - Processing /home/airflow/.local/lib/python3.12/site-packages/airflow/example_dags/example_setup_teardown.py took 0.216 seconds
[2025-04-11T01:52:00.237+0000] {processor.py:186} INFO - Started process (PID=1520) to work on /home/airflow/.local/lib/python3.12/site-packages/airflow/example_dags/example_setup_teardown.py
[2025-04-11T01:52:00.239+0000] {processor.py:914} INFO - Processing file /home/airflow/.local/lib/python3.12/site-packages/airflow/example_dags/example_setup_teardown.py for tasks to queue
[2025-04-11T01:52:00.241+0000] {logging_mixin.py:190} INFO - [2025-04-11T01:52:00.241+0000] {dagbag.py:588} INFO - Filling up the DagBag from /home/airflow/.local/lib/python3.12/site-packages/airflow/example_dags/example_setup_teardown.py
[2025-04-11T01:52:00.256+0000] {processor.py:925} INFO - DAG(s) 'example_setup_teardown' retrieved from /home/airflow/.local/lib/python3.12/site-packages/airflow/example_dags/example_setup_teardown.py
[2025-04-11T01:52:00.288+0000] {logging_mixin.py:190} INFO - [2025-04-11T01:52:00.288+0000] {dag.py:3239} INFO - Sync 1 DAGs
[2025-04-11T01:52:00.310+0000] {logging_mixin.py:190} INFO - [2025-04-11T01:52:00.310+0000] {dag.py:4180} INFO - Setting next_dagrun for example_setup_teardown to None, run_after=None
[2025-04-11T01:52:00.341+0000] {processor.py:208} INFO - Processing /home/airflow/.local/lib/python3.12/site-packages/airflow/example_dags/example_setup_teardown.py took 0.114 seconds
[2025-04-11T01:52:30.479+0000] {processor.py:186} INFO - Started process (PID=1584) to work on /home/airflow/.local/lib/python3.12/site-packages/airflow/example_dags/example_setup_teardown.py
[2025-04-11T01:52:30.481+0000] {processor.py:914} INFO - Processing file /home/airflow/.local/lib/python3.12/site-packages/airflow/example_dags/example_setup_teardown.py for tasks to queue
[2025-04-11T01:52:30.483+0000] {logging_mixin.py:190} INFO - [2025-04-11T01:52:30.482+0000] {dagbag.py:588} INFO - Filling up the DagBag from /home/airflow/.local/lib/python3.12/site-packages/airflow/example_dags/example_setup_teardown.py
[2025-04-11T01:52:30.493+0000] {processor.py:925} INFO - DAG(s) 'example_setup_teardown' retrieved from /home/airflow/.local/lib/python3.12/site-packages/airflow/example_dags/example_setup_teardown.py
[2025-04-11T01:52:30.513+0000] {logging_mixin.py:190} INFO - [2025-04-11T01:52:30.513+0000] {dag.py:3239} INFO - Sync 1 DAGs
[2025-04-11T01:52:30.526+0000] {logging_mixin.py:190} INFO - [2025-04-11T01:52:30.526+0000] {dag.py:4180} INFO - Setting next_dagrun for example_setup_teardown to None, run_after=None
[2025-04-11T01:52:30.548+0000] {processor.py:208} INFO - Processing /home/airflow/.local/lib/python3.12/site-packages/airflow/example_dags/example_setup_teardown.py took 0.075 seconds
[2025-04-11T01:53:01.135+0000] {processor.py:186} INFO - Started process (PID=1649) to work on /home/airflow/.local/lib/python3.12/site-packages/airflow/example_dags/example_setup_teardown.py
[2025-04-11T01:53:01.137+0000] {processor.py:914} INFO - Processing file /home/airflow/.local/lib/python3.12/site-packages/airflow/example_dags/example_setup_teardown.py for tasks to queue
[2025-04-11T01:53:01.139+0000] {logging_mixin.py:190} INFO - [2025-04-11T01:53:01.139+0000] {dagbag.py:588} INFO - Filling up the DagBag from /home/airflow/.local/lib/python3.12/site-packages/airflow/example_dags/example_setup_teardown.py
[2025-04-11T01:53:01.147+0000] {processor.py:925} INFO - DAG(s) 'example_setup_teardown' retrieved from /home/airflow/.local/lib/python3.12/site-packages/airflow/example_dags/example_setup_teardown.py
[2025-04-11T01:53:01.168+0000] {logging_mixin.py:190} INFO - [2025-04-11T01:53:01.168+0000] {dag.py:3239} INFO - Sync 1 DAGs
[2025-04-11T01:53:01.183+0000] {logging_mixin.py:190} INFO - [2025-04-11T01:53:01.183+0000] {dag.py:4180} INFO - Setting next_dagrun for example_setup_teardown to None, run_after=None
[2025-04-11T01:53:01.206+0000] {processor.py:208} INFO - Processing /home/airflow/.local/lib/python3.12/site-packages/airflow/example_dags/example_setup_teardown.py took 0.077 seconds
[2025-04-11T01:53:32.551+0000] {processor.py:186} INFO - Started process (PID=1714) to work on /home/airflow/.local/lib/python3.12/site-packages/airflow/example_dags/example_setup_teardown.py
[2025-04-11T01:53:32.553+0000] {processor.py:914} INFO - Processing file /home/airflow/.local/lib/python3.12/site-packages/airflow/example_dags/example_setup_teardown.py for tasks to queue
[2025-04-11T01:53:32.554+0000] {logging_mixin.py:190} INFO - [2025-04-11T01:53:32.554+0000] {dagbag.py:588} INFO - Filling up the DagBag from /home/airflow/.local/lib/python3.12/site-packages/airflow/example_dags/example_setup_teardown.py
[2025-04-11T01:53:32.562+0000] {processor.py:925} INFO - DAG(s) 'example_setup_teardown' retrieved from /home/airflow/.local/lib/python3.12/site-packages/airflow/example_dags/example_setup_teardown.py
[2025-04-11T01:53:32.581+0000] {logging_mixin.py:190} INFO - [2025-04-11T01:53:32.581+0000] {dag.py:3239} INFO - Sync 1 DAGs
[2025-04-11T01:53:32.595+0000] {logging_mixin.py:190} INFO - [2025-04-11T01:53:32.595+0000] {dag.py:4180} INFO - Setting next_dagrun for example_setup_teardown to None, run_after=None
[2025-04-11T01:53:32.616+0000] {processor.py:208} INFO - Processing /home/airflow/.local/lib/python3.12/site-packages/airflow/example_dags/example_setup_teardown.py took 0.070 seconds
[2025-04-11T01:54:03.420+0000] {processor.py:186} INFO - Started process (PID=1779) to work on /home/airflow/.local/lib/python3.12/site-packages/airflow/example_dags/example_setup_teardown.py
[2025-04-11T01:54:03.421+0000] {processor.py:914} INFO - Processing file /home/airflow/.local/lib/python3.12/site-packages/airflow/example_dags/example_setup_teardown.py for tasks to queue
[2025-04-11T01:54:03.423+0000] {logging_mixin.py:190} INFO - [2025-04-11T01:54:03.422+0000] {dagbag.py:588} INFO - Filling up the DagBag from /home/airflow/.local/lib/python3.12/site-packages/airflow/example_dags/example_setup_teardown.py
[2025-04-11T01:54:03.431+0000] {processor.py:925} INFO - DAG(s) 'example_setup_teardown' retrieved from /home/airflow/.local/lib/python3.12/site-packages/airflow/example_dags/example_setup_teardown.py
[2025-04-11T01:54:03.450+0000] {logging_mixin.py:190} INFO - [2025-04-11T01:54:03.450+0000] {dag.py:3239} INFO - Sync 1 DAGs
[2025-04-11T01:54:03.465+0000] {logging_mixin.py:190} INFO - [2025-04-11T01:54:03.465+0000] {dag.py:4180} INFO - Setting next_dagrun for example_setup_teardown to None, run_after=None
[2025-04-11T01:54:03.490+0000] {processor.py:208} INFO - Processing /home/airflow/.local/lib/python3.12/site-packages/airflow/example_dags/example_setup_teardown.py took 0.076 seconds
[2025-04-11T01:54:34.337+0000] {processor.py:186} INFO - Started process (PID=1844) to work on /home/airflow/.local/lib/python3.12/site-packages/airflow/example_dags/example_setup_teardown.py
[2025-04-11T01:54:34.338+0000] {processor.py:914} INFO - Processing file /home/airflow/.local/lib/python3.12/site-packages/airflow/example_dags/example_setup_teardown.py for tasks to queue
[2025-04-11T01:54:34.340+0000] {logging_mixin.py:190} INFO - [2025-04-11T01:54:34.340+0000] {dagbag.py:588} INFO - Filling up the DagBag from /home/airflow/.local/lib/python3.12/site-packages/airflow/example_dags/example_setup_teardown.py
[2025-04-11T01:54:34.348+0000] {processor.py:925} INFO - DAG(s) 'example_setup_teardown' retrieved from /home/airflow/.local/lib/python3.12/site-packages/airflow/example_dags/example_setup_teardown.py
[2025-04-11T01:54:34.366+0000] {logging_mixin.py:190} INFO - [2025-04-11T01:54:34.365+0000] {dag.py:3239} INFO - Sync 1 DAGs
[2025-04-11T01:54:34.380+0000] {logging_mixin.py:190} INFO - [2025-04-11T01:54:34.380+0000] {dag.py:4180} INFO - Setting next_dagrun for example_setup_teardown to None, run_after=None
[2025-04-11T01:54:34.403+0000] {processor.py:208} INFO - Processing /home/airflow/.local/lib/python3.12/site-packages/airflow/example_dags/example_setup_teardown.py took 0.071 seconds
[2025-04-11T01:55:05.202+0000] {processor.py:186} INFO - Started process (PID=1909) to work on /home/airflow/.local/lib/python3.12/site-packages/airflow/example_dags/example_setup_teardown.py
[2025-04-11T01:55:05.203+0000] {processor.py:914} INFO - Processing file /home/airflow/.local/lib/python3.12/site-packages/airflow/example_dags/example_setup_teardown.py for tasks to queue
[2025-04-11T01:55:05.204+0000] {logging_mixin.py:190} INFO - [2025-04-11T01:55:05.204+0000] {dagbag.py:588} INFO - Filling up the DagBag from /home/airflow/.local/lib/python3.12/site-packages/airflow/example_dags/example_setup_teardown.py
[2025-04-11T01:55:05.212+0000] {processor.py:925} INFO - DAG(s) 'example_setup_teardown' retrieved from /home/airflow/.local/lib/python3.12/site-packages/airflow/example_dags/example_setup_teardown.py
[2025-04-11T01:55:05.233+0000] {logging_mixin.py:190} INFO - [2025-04-11T01:55:05.233+0000] {dag.py:3239} INFO - Sync 1 DAGs
[2025-04-11T01:55:05.246+0000] {logging_mixin.py:190} INFO - [2025-04-11T01:55:05.246+0000] {dag.py:4180} INFO - Setting next_dagrun for example_setup_teardown to None, run_after=None
[2025-04-11T01:55:05.268+0000] {processor.py:208} INFO - Processing /home/airflow/.local/lib/python3.12/site-packages/airflow/example_dags/example_setup_teardown.py took 0.072 seconds
[2025-04-11T01:55:35.896+0000] {processor.py:186} INFO - Started process (PID=1974) to work on /home/airflow/.local/lib/python3.12/site-packages/airflow/example_dags/example_setup_teardown.py
[2025-04-11T01:55:35.897+0000] {processor.py:914} INFO - Processing file /home/airflow/.local/lib/python3.12/site-packages/airflow/example_dags/example_setup_teardown.py for tasks to queue
[2025-04-11T01:55:35.898+0000] {logging_mixin.py:190} INFO - [2025-04-11T01:55:35.898+0000] {dagbag.py:588} INFO - Filling up the DagBag from /home/airflow/.local/lib/python3.12/site-packages/airflow/example_dags/example_setup_teardown.py
[2025-04-11T01:55:35.906+0000] {processor.py:925} INFO - DAG(s) 'example_setup_teardown' retrieved from /home/airflow/.local/lib/python3.12/site-packages/airflow/example_dags/example_setup_teardown.py
[2025-04-11T01:55:35.927+0000] {logging_mixin.py:190} INFO - [2025-04-11T01:55:35.926+0000] {dag.py:3239} INFO - Sync 1 DAGs
[2025-04-11T01:55:35.939+0000] {logging_mixin.py:190} INFO - [2025-04-11T01:55:35.939+0000] {dag.py:4180} INFO - Setting next_dagrun for example_setup_teardown to None, run_after=None
[2025-04-11T01:55:35.962+0000] {processor.py:208} INFO - Processing /home/airflow/.local/lib/python3.12/site-packages/airflow/example_dags/example_setup_teardown.py took 0.071 seconds
[2025-04-11T01:56:07.114+0000] {processor.py:186} INFO - Started process (PID=2040) to work on /home/airflow/.local/lib/python3.12/site-packages/airflow/example_dags/example_setup_teardown.py
[2025-04-11T01:56:07.116+0000] {processor.py:914} INFO - Processing file /home/airflow/.local/lib/python3.12/site-packages/airflow/example_dags/example_setup_teardown.py for tasks to queue
[2025-04-11T01:56:07.117+0000] {logging_mixin.py:190} INFO - [2025-04-11T01:56:07.117+0000] {dagbag.py:588} INFO - Filling up the DagBag from /home/airflow/.local/lib/python3.12/site-packages/airflow/example_dags/example_setup_teardown.py
[2025-04-11T01:56:07.126+0000] {processor.py:925} INFO - DAG(s) 'example_setup_teardown' retrieved from /home/airflow/.local/lib/python3.12/site-packages/airflow/example_dags/example_setup_teardown.py
[2025-04-11T01:56:07.145+0000] {logging_mixin.py:190} INFO - [2025-04-11T01:56:07.145+0000] {dag.py:3239} INFO - Sync 1 DAGs
[2025-04-11T01:56:07.161+0000] {logging_mixin.py:190} INFO - [2025-04-11T01:56:07.161+0000] {dag.py:4180} INFO - Setting next_dagrun for example_setup_teardown to None, run_after=None
[2025-04-11T01:56:07.184+0000] {processor.py:208} INFO - Processing /home/airflow/.local/lib/python3.12/site-packages/airflow/example_dags/example_setup_teardown.py took 0.075 seconds
[2025-04-11T01:56:38.896+0000] {processor.py:186} INFO - Started process (PID=2105) to work on /home/airflow/.local/lib/python3.12/site-packages/airflow/example_dags/example_setup_teardown.py
[2025-04-11T01:56:38.898+0000] {processor.py:914} INFO - Processing file /home/airflow/.local/lib/python3.12/site-packages/airflow/example_dags/example_setup_teardown.py for tasks to queue
[2025-04-11T01:56:38.903+0000] {logging_mixin.py:190} INFO - [2025-04-11T01:56:38.902+0000] {dagbag.py:588} INFO - Filling up the DagBag from /home/airflow/.local/lib/python3.12/site-packages/airflow/example_dags/example_setup_teardown.py
[2025-04-11T01:56:38.927+0000] {processor.py:925} INFO - DAG(s) 'example_setup_teardown' retrieved from /home/airflow/.local/lib/python3.12/site-packages/airflow/example_dags/example_setup_teardown.py
[2025-04-11T01:56:38.995+0000] {logging_mixin.py:190} INFO - [2025-04-11T01:56:38.995+0000] {dag.py:3239} INFO - Sync 1 DAGs
[2025-04-11T01:56:39.051+0000] {logging_mixin.py:190} INFO - [2025-04-11T01:56:39.050+0000] {dag.py:4180} INFO - Setting next_dagrun for example_setup_teardown to None, run_after=None
[2025-04-11T01:56:39.946+0000] {processor.py:208} INFO - Processing /home/airflow/.local/lib/python3.12/site-packages/airflow/example_dags/example_setup_teardown.py took 1.064 seconds
[2025-04-11T01:57:10.206+0000] {processor.py:186} INFO - Started process (PID=2170) to work on /home/airflow/.local/lib/python3.12/site-packages/airflow/example_dags/example_setup_teardown.py
[2025-04-11T01:57:10.209+0000] {processor.py:914} INFO - Processing file /home/airflow/.local/lib/python3.12/site-packages/airflow/example_dags/example_setup_teardown.py for tasks to queue
[2025-04-11T01:57:10.211+0000] {logging_mixin.py:190} INFO - [2025-04-11T01:57:10.211+0000] {dagbag.py:588} INFO - Filling up the DagBag from /home/airflow/.local/lib/python3.12/site-packages/airflow/example_dags/example_setup_teardown.py
[2025-04-11T01:57:10.232+0000] {processor.py:925} INFO - DAG(s) 'example_setup_teardown' retrieved from /home/airflow/.local/lib/python3.12/site-packages/airflow/example_dags/example_setup_teardown.py
[2025-04-11T01:57:10.284+0000] {logging_mixin.py:190} INFO - [2025-04-11T01:57:10.283+0000] {dag.py:3239} INFO - Sync 1 DAGs
[2025-04-11T01:57:10.323+0000] {logging_mixin.py:190} INFO - [2025-04-11T01:57:10.323+0000] {dag.py:4180} INFO - Setting next_dagrun for example_setup_teardown to None, run_after=None
[2025-04-11T01:57:10.376+0000] {processor.py:208} INFO - Processing /home/airflow/.local/lib/python3.12/site-packages/airflow/example_dags/example_setup_teardown.py took 0.182 seconds
[2025-04-11T01:57:40.897+0000] {processor.py:186} INFO - Started process (PID=2235) to work on /home/airflow/.local/lib/python3.12/site-packages/airflow/example_dags/example_setup_teardown.py
[2025-04-11T01:57:40.898+0000] {processor.py:914} INFO - Processing file /home/airflow/.local/lib/python3.12/site-packages/airflow/example_dags/example_setup_teardown.py for tasks to queue
[2025-04-11T01:57:40.899+0000] {logging_mixin.py:190} INFO - [2025-04-11T01:57:40.899+0000] {dagbag.py:588} INFO - Filling up the DagBag from /home/airflow/.local/lib/python3.12/site-packages/airflow/example_dags/example_setup_teardown.py
[2025-04-11T01:57:40.907+0000] {processor.py:925} INFO - DAG(s) 'example_setup_teardown' retrieved from /home/airflow/.local/lib/python3.12/site-packages/airflow/example_dags/example_setup_teardown.py
[2025-04-11T01:57:40.927+0000] {logging_mixin.py:190} INFO - [2025-04-11T01:57:40.927+0000] {dag.py:3239} INFO - Sync 1 DAGs
[2025-04-11T01:57:40.940+0000] {logging_mixin.py:190} INFO - [2025-04-11T01:57:40.940+0000] {dag.py:4180} INFO - Setting next_dagrun for example_setup_teardown to None, run_after=None
[2025-04-11T01:57:40.962+0000] {processor.py:208} INFO - Processing /home/airflow/.local/lib/python3.12/site-packages/airflow/example_dags/example_setup_teardown.py took 0.070 seconds
[2025-04-11T01:58:11.407+0000] {processor.py:186} INFO - Started process (PID=2300) to work on /home/airflow/.local/lib/python3.12/site-packages/airflow/example_dags/example_setup_teardown.py
[2025-04-11T01:58:11.410+0000] {processor.py:914} INFO - Processing file /home/airflow/.local/lib/python3.12/site-packages/airflow/example_dags/example_setup_teardown.py for tasks to queue
[2025-04-11T01:58:11.414+0000] {logging_mixin.py:190} INFO - [2025-04-11T01:58:11.413+0000] {dagbag.py:588} INFO - Filling up the DagBag from /home/airflow/.local/lib/python3.12/site-packages/airflow/example_dags/example_setup_teardown.py
[2025-04-11T01:58:11.435+0000] {processor.py:925} INFO - DAG(s) 'example_setup_teardown' retrieved from /home/airflow/.local/lib/python3.12/site-packages/airflow/example_dags/example_setup_teardown.py
[2025-04-11T01:58:11.473+0000] {logging_mixin.py:190} INFO - [2025-04-11T01:58:11.473+0000] {dag.py:3239} INFO - Sync 1 DAGs
[2025-04-11T01:58:11.497+0000] {logging_mixin.py:190} INFO - [2025-04-11T01:58:11.496+0000] {dag.py:4180} INFO - Setting next_dagrun for example_setup_teardown to None, run_after=None
[2025-04-11T01:58:11.528+0000] {processor.py:208} INFO - Processing /home/airflow/.local/lib/python3.12/site-packages/airflow/example_dags/example_setup_teardown.py took 0.135 seconds
[2025-04-11T01:58:42.526+0000] {processor.py:186} INFO - Started process (PID=2365) to work on /home/airflow/.local/lib/python3.12/site-packages/airflow/example_dags/example_setup_teardown.py
[2025-04-11T01:58:42.528+0000] {processor.py:914} INFO - Processing file /home/airflow/.local/lib/python3.12/site-packages/airflow/example_dags/example_setup_teardown.py for tasks to queue
[2025-04-11T01:58:42.531+0000] {logging_mixin.py:190} INFO - [2025-04-11T01:58:42.530+0000] {dagbag.py:588} INFO - Filling up the DagBag from /home/airflow/.local/lib/python3.12/site-packages/airflow/example_dags/example_setup_teardown.py
[2025-04-11T01:58:42.545+0000] {processor.py:925} INFO - DAG(s) 'example_setup_teardown' retrieved from /home/airflow/.local/lib/python3.12/site-packages/airflow/example_dags/example_setup_teardown.py
[2025-04-11T01:58:42.612+0000] {logging_mixin.py:190} INFO - [2025-04-11T01:58:42.611+0000] {dag.py:3239} INFO - Sync 1 DAGs
[2025-04-11T01:58:42.649+0000] {logging_mixin.py:190} INFO - [2025-04-11T01:58:42.648+0000] {dag.py:4180} INFO - Setting next_dagrun for example_setup_teardown to None, run_after=None
[2025-04-11T01:58:42.709+0000] {processor.py:208} INFO - Processing /home/airflow/.local/lib/python3.12/site-packages/airflow/example_dags/example_setup_teardown.py took 0.196 seconds
[2025-04-11T01:59:14.099+0000] {processor.py:186} INFO - Started process (PID=2431) to work on /home/airflow/.local/lib/python3.12/site-packages/airflow/example_dags/example_setup_teardown.py
[2025-04-11T01:59:14.100+0000] {processor.py:914} INFO - Processing file /home/airflow/.local/lib/python3.12/site-packages/airflow/example_dags/example_setup_teardown.py for tasks to queue
[2025-04-11T01:59:14.102+0000] {logging_mixin.py:190} INFO - [2025-04-11T01:59:14.102+0000] {dagbag.py:588} INFO - Filling up the DagBag from /home/airflow/.local/lib/python3.12/site-packages/airflow/example_dags/example_setup_teardown.py
[2025-04-11T01:59:14.110+0000] {processor.py:925} INFO - DAG(s) 'example_setup_teardown' retrieved from /home/airflow/.local/lib/python3.12/site-packages/airflow/example_dags/example_setup_teardown.py
[2025-04-11T01:59:14.130+0000] {logging_mixin.py:190} INFO - [2025-04-11T01:59:14.130+0000] {dag.py:3239} INFO - Sync 1 DAGs
[2025-04-11T01:59:14.144+0000] {logging_mixin.py:190} INFO - [2025-04-11T01:59:14.143+0000] {dag.py:4180} INFO - Setting next_dagrun for example_setup_teardown to None, run_after=None
[2025-04-11T01:59:14.167+0000] {processor.py:208} INFO - Processing /home/airflow/.local/lib/python3.12/site-packages/airflow/example_dags/example_setup_teardown.py took 0.073 seconds
[2025-04-11T01:59:47.059+0000] {processor.py:186} INFO - Started process (PID=2496) to work on /home/airflow/.local/lib/python3.12/site-packages/airflow/example_dags/example_setup_teardown.py
[2025-04-11T01:59:47.062+0000] {processor.py:914} INFO - Processing file /home/airflow/.local/lib/python3.12/site-packages/airflow/example_dags/example_setup_teardown.py for tasks to queue
[2025-04-11T01:59:47.066+0000] {logging_mixin.py:190} INFO - [2025-04-11T01:59:47.065+0000] {dagbag.py:588} INFO - Filling up the DagBag from /home/airflow/.local/lib/python3.12/site-packages/airflow/example_dags/example_setup_teardown.py
[2025-04-11T01:59:47.094+0000] {processor.py:925} INFO - DAG(s) 'example_setup_teardown' retrieved from /home/airflow/.local/lib/python3.12/site-packages/airflow/example_dags/example_setup_teardown.py
[2025-04-11T01:59:47.163+0000] {logging_mixin.py:190} INFO - [2025-04-11T01:59:47.162+0000] {dag.py:3239} INFO - Sync 1 DAGs
[2025-04-11T01:59:47.221+0000] {logging_mixin.py:190} INFO - [2025-04-11T01:59:47.220+0000] {dag.py:4180} INFO - Setting next_dagrun for example_setup_teardown to None, run_after=None
[2025-04-11T01:59:47.284+0000] {processor.py:208} INFO - Processing /home/airflow/.local/lib/python3.12/site-packages/airflow/example_dags/example_setup_teardown.py took 0.243 seconds
[2025-04-11T02:00:19.481+0000] {processor.py:186} INFO - Started process (PID=2561) to work on /home/airflow/.local/lib/python3.12/site-packages/airflow/example_dags/example_setup_teardown.py
[2025-04-11T02:00:19.484+0000] {processor.py:914} INFO - Processing file /home/airflow/.local/lib/python3.12/site-packages/airflow/example_dags/example_setup_teardown.py for tasks to queue
[2025-04-11T02:00:19.489+0000] {logging_mixin.py:190} INFO - [2025-04-11T02:00:19.488+0000] {dagbag.py:588} INFO - Filling up the DagBag from /home/airflow/.local/lib/python3.12/site-packages/airflow/example_dags/example_setup_teardown.py
[2025-04-11T02:00:19.516+0000] {processor.py:925} INFO - DAG(s) 'example_setup_teardown' retrieved from /home/airflow/.local/lib/python3.12/site-packages/airflow/example_dags/example_setup_teardown.py
[2025-04-11T02:00:19.576+0000] {logging_mixin.py:190} INFO - [2025-04-11T02:00:19.574+0000] {dag.py:3239} INFO - Sync 1 DAGs
[2025-04-11T02:00:19.629+0000] {logging_mixin.py:190} INFO - [2025-04-11T02:00:19.628+0000] {dag.py:4180} INFO - Setting next_dagrun for example_setup_teardown to None, run_after=None
[2025-04-11T02:00:19.698+0000] {processor.py:208} INFO - Processing /home/airflow/.local/lib/python3.12/site-packages/airflow/example_dags/example_setup_teardown.py took 0.231 seconds
[2025-04-11T02:00:51.966+0000] {processor.py:186} INFO - Started process (PID=2627) to work on /home/airflow/.local/lib/python3.12/site-packages/airflow/example_dags/example_setup_teardown.py
[2025-04-11T02:00:51.968+0000] {processor.py:914} INFO - Processing file /home/airflow/.local/lib/python3.12/site-packages/airflow/example_dags/example_setup_teardown.py for tasks to queue
[2025-04-11T02:00:51.973+0000] {logging_mixin.py:190} INFO - [2025-04-11T02:00:51.972+0000] {dagbag.py:588} INFO - Filling up the DagBag from /home/airflow/.local/lib/python3.12/site-packages/airflow/example_dags/example_setup_teardown.py
[2025-04-11T02:00:51.999+0000] {processor.py:925} INFO - DAG(s) 'example_setup_teardown' retrieved from /home/airflow/.local/lib/python3.12/site-packages/airflow/example_dags/example_setup_teardown.py
[2025-04-11T02:00:52.054+0000] {logging_mixin.py:190} INFO - [2025-04-11T02:00:52.054+0000] {dag.py:3239} INFO - Sync 1 DAGs
[2025-04-11T02:00:52.098+0000] {logging_mixin.py:190} INFO - [2025-04-11T02:00:52.097+0000] {dag.py:4180} INFO - Setting next_dagrun for example_setup_teardown to None, run_after=None
[2025-04-11T02:00:52.151+0000] {processor.py:208} INFO - Processing /home/airflow/.local/lib/python3.12/site-packages/airflow/example_dags/example_setup_teardown.py took 0.201 seconds
[2025-04-11T02:01:24.012+0000] {processor.py:186} INFO - Started process (PID=2692) to work on /home/airflow/.local/lib/python3.12/site-packages/airflow/example_dags/example_setup_teardown.py
[2025-04-11T02:01:24.015+0000] {processor.py:914} INFO - Processing file /home/airflow/.local/lib/python3.12/site-packages/airflow/example_dags/example_setup_teardown.py for tasks to queue
[2025-04-11T02:01:24.019+0000] {logging_mixin.py:190} INFO - [2025-04-11T02:01:24.018+0000] {dagbag.py:588} INFO - Filling up the DagBag from /home/airflow/.local/lib/python3.12/site-packages/airflow/example_dags/example_setup_teardown.py
[2025-04-11T02:01:24.048+0000] {processor.py:925} INFO - DAG(s) 'example_setup_teardown' retrieved from /home/airflow/.local/lib/python3.12/site-packages/airflow/example_dags/example_setup_teardown.py
[2025-04-11T02:01:24.109+0000] {logging_mixin.py:190} INFO - [2025-04-11T02:01:24.109+0000] {dag.py:3239} INFO - Sync 1 DAGs
[2025-04-11T02:01:24.170+0000] {logging_mixin.py:190} INFO - [2025-04-11T02:01:24.169+0000] {dag.py:4180} INFO - Setting next_dagrun for example_setup_teardown to None, run_after=None
[2025-04-11T02:01:24.236+0000] {processor.py:208} INFO - Processing /home/airflow/.local/lib/python3.12/site-packages/airflow/example_dags/example_setup_teardown.py took 0.244 seconds
[2025-04-11T02:01:54.648+0000] {processor.py:186} INFO - Started process (PID=2756) to work on /home/airflow/.local/lib/python3.12/site-packages/airflow/example_dags/example_setup_teardown.py
[2025-04-11T02:01:54.651+0000] {processor.py:914} INFO - Processing file /home/airflow/.local/lib/python3.12/site-packages/airflow/example_dags/example_setup_teardown.py for tasks to queue
[2025-04-11T02:01:54.655+0000] {logging_mixin.py:190} INFO - [2025-04-11T02:01:54.654+0000] {dagbag.py:588} INFO - Filling up the DagBag from /home/airflow/.local/lib/python3.12/site-packages/airflow/example_dags/example_setup_teardown.py
[2025-04-11T02:01:54.682+0000] {processor.py:925} INFO - DAG(s) 'example_setup_teardown' retrieved from /home/airflow/.local/lib/python3.12/site-packages/airflow/example_dags/example_setup_teardown.py
[2025-04-11T02:01:54.739+0000] {logging_mixin.py:190} INFO - [2025-04-11T02:01:54.738+0000] {dag.py:3239} INFO - Sync 1 DAGs
[2025-04-11T02:01:54.791+0000] {logging_mixin.py:190} INFO - [2025-04-11T02:01:54.790+0000] {dag.py:4180} INFO - Setting next_dagrun for example_setup_teardown to None, run_after=None
[2025-04-11T02:01:54.846+0000] {processor.py:208} INFO - Processing /home/airflow/.local/lib/python3.12/site-packages/airflow/example_dags/example_setup_teardown.py took 0.216 seconds
[2025-04-11T02:02:25.506+0000] {processor.py:186} INFO - Started process (PID=2820) to work on /home/airflow/.local/lib/python3.12/site-packages/airflow/example_dags/example_setup_teardown.py
[2025-04-11T02:02:25.508+0000] {processor.py:914} INFO - Processing file /home/airflow/.local/lib/python3.12/site-packages/airflow/example_dags/example_setup_teardown.py for tasks to queue
[2025-04-11T02:02:25.511+0000] {logging_mixin.py:190} INFO - [2025-04-11T02:02:25.511+0000] {dagbag.py:588} INFO - Filling up the DagBag from /home/airflow/.local/lib/python3.12/site-packages/airflow/example_dags/example_setup_teardown.py
[2025-04-11T02:02:25.525+0000] {processor.py:925} INFO - DAG(s) 'example_setup_teardown' retrieved from /home/airflow/.local/lib/python3.12/site-packages/airflow/example_dags/example_setup_teardown.py
[2025-04-11T02:02:25.580+0000] {logging_mixin.py:190} INFO - [2025-04-11T02:02:25.580+0000] {dag.py:3239} INFO - Sync 1 DAGs
[2025-04-11T02:02:25.633+0000] {logging_mixin.py:190} INFO - [2025-04-11T02:02:25.632+0000] {dag.py:4180} INFO - Setting next_dagrun for example_setup_teardown to None, run_after=None
[2025-04-11T02:02:25.682+0000] {processor.py:208} INFO - Processing /home/airflow/.local/lib/python3.12/site-packages/airflow/example_dags/example_setup_teardown.py took 0.192 seconds
[2025-04-11T02:02:56.319+0000] {processor.py:186} INFO - Started process (PID=2885) to work on /home/airflow/.local/lib/python3.12/site-packages/airflow/example_dags/example_setup_teardown.py
[2025-04-11T02:02:56.321+0000] {processor.py:914} INFO - Processing file /home/airflow/.local/lib/python3.12/site-packages/airflow/example_dags/example_setup_teardown.py for tasks to queue
[2025-04-11T02:02:56.323+0000] {logging_mixin.py:190} INFO - [2025-04-11T02:02:56.323+0000] {dagbag.py:588} INFO - Filling up the DagBag from /home/airflow/.local/lib/python3.12/site-packages/airflow/example_dags/example_setup_teardown.py
[2025-04-11T02:02:56.335+0000] {processor.py:925} INFO - DAG(s) 'example_setup_teardown' retrieved from /home/airflow/.local/lib/python3.12/site-packages/airflow/example_dags/example_setup_teardown.py
[2025-04-11T02:02:56.374+0000] {logging_mixin.py:190} INFO - [2025-04-11T02:02:56.373+0000] {dag.py:3239} INFO - Sync 1 DAGs
[2025-04-11T02:02:56.400+0000] {logging_mixin.py:190} INFO - [2025-04-11T02:02:56.399+0000] {dag.py:4180} INFO - Setting next_dagrun for example_setup_teardown to None, run_after=None
[2025-04-11T02:02:56.446+0000] {processor.py:208} INFO - Processing /home/airflow/.local/lib/python3.12/site-packages/airflow/example_dags/example_setup_teardown.py took 0.138 seconds
[2025-04-11T02:03:26.687+0000] {processor.py:186} INFO - Started process (PID=2950) to work on /home/airflow/.local/lib/python3.12/site-packages/airflow/example_dags/example_setup_teardown.py
[2025-04-11T02:03:26.688+0000] {processor.py:914} INFO - Processing file /home/airflow/.local/lib/python3.12/site-packages/airflow/example_dags/example_setup_teardown.py for tasks to queue
[2025-04-11T02:03:26.689+0000] {logging_mixin.py:190} INFO - [2025-04-11T02:03:26.689+0000] {dagbag.py:588} INFO - Filling up the DagBag from /home/airflow/.local/lib/python3.12/site-packages/airflow/example_dags/example_setup_teardown.py
[2025-04-11T02:03:26.697+0000] {processor.py:925} INFO - DAG(s) 'example_setup_teardown' retrieved from /home/airflow/.local/lib/python3.12/site-packages/airflow/example_dags/example_setup_teardown.py
[2025-04-11T02:03:26.718+0000] {logging_mixin.py:190} INFO - [2025-04-11T02:03:26.717+0000] {dag.py:3239} INFO - Sync 1 DAGs
[2025-04-11T02:03:26.732+0000] {logging_mixin.py:190} INFO - [2025-04-11T02:03:26.732+0000] {dag.py:4180} INFO - Setting next_dagrun for example_setup_teardown to None, run_after=None
[2025-04-11T02:03:26.769+0000] {processor.py:208} INFO - Processing /home/airflow/.local/lib/python3.12/site-packages/airflow/example_dags/example_setup_teardown.py took 0.088 seconds
[2025-04-11T02:03:57.218+0000] {processor.py:186} INFO - Started process (PID=3015) to work on /home/airflow/.local/lib/python3.12/site-packages/airflow/example_dags/example_setup_teardown.py
[2025-04-11T02:03:57.219+0000] {processor.py:914} INFO - Processing file /home/airflow/.local/lib/python3.12/site-packages/airflow/example_dags/example_setup_teardown.py for tasks to queue
[2025-04-11T02:03:57.220+0000] {logging_mixin.py:190} INFO - [2025-04-11T02:03:57.220+0000] {dagbag.py:588} INFO - Filling up the DagBag from /home/airflow/.local/lib/python3.12/site-packages/airflow/example_dags/example_setup_teardown.py
[2025-04-11T02:03:57.227+0000] {processor.py:925} INFO - DAG(s) 'example_setup_teardown' retrieved from /home/airflow/.local/lib/python3.12/site-packages/airflow/example_dags/example_setup_teardown.py
[2025-04-11T02:03:57.247+0000] {logging_mixin.py:190} INFO - [2025-04-11T02:03:57.246+0000] {dag.py:3239} INFO - Sync 1 DAGs
[2025-04-11T02:03:57.259+0000] {logging_mixin.py:190} INFO - [2025-04-11T02:03:57.259+0000] {dag.py:4180} INFO - Setting next_dagrun for example_setup_teardown to None, run_after=None
[2025-04-11T02:03:57.282+0000] {processor.py:208} INFO - Processing /home/airflow/.local/lib/python3.12/site-packages/airflow/example_dags/example_setup_teardown.py took 0.069 seconds
[2025-04-11T02:04:27.837+0000] {processor.py:186} INFO - Started process (PID=3080) to work on /home/airflow/.local/lib/python3.12/site-packages/airflow/example_dags/example_setup_teardown.py
[2025-04-11T02:04:27.838+0000] {processor.py:914} INFO - Processing file /home/airflow/.local/lib/python3.12/site-packages/airflow/example_dags/example_setup_teardown.py for tasks to queue
[2025-04-11T02:04:27.841+0000] {logging_mixin.py:190} INFO - [2025-04-11T02:04:27.840+0000] {dagbag.py:588} INFO - Filling up the DagBag from /home/airflow/.local/lib/python3.12/site-packages/airflow/example_dags/example_setup_teardown.py
[2025-04-11T02:04:27.850+0000] {processor.py:925} INFO - DAG(s) 'example_setup_teardown' retrieved from /home/airflow/.local/lib/python3.12/site-packages/airflow/example_dags/example_setup_teardown.py
[2025-04-11T02:04:27.868+0000] {logging_mixin.py:190} INFO - [2025-04-11T02:04:27.868+0000] {dag.py:3239} INFO - Sync 1 DAGs
[2025-04-11T02:04:27.881+0000] {logging_mixin.py:190} INFO - [2025-04-11T02:04:27.881+0000] {dag.py:4180} INFO - Setting next_dagrun for example_setup_teardown to None, run_after=None
[2025-04-11T02:04:27.902+0000] {processor.py:208} INFO - Processing /home/airflow/.local/lib/python3.12/site-packages/airflow/example_dags/example_setup_teardown.py took 0.070 seconds
[2025-04-11T02:04:58.206+0000] {processor.py:186} INFO - Started process (PID=3146) to work on /home/airflow/.local/lib/python3.12/site-packages/airflow/example_dags/example_setup_teardown.py
[2025-04-11T02:04:58.207+0000] {processor.py:914} INFO - Processing file /home/airflow/.local/lib/python3.12/site-packages/airflow/example_dags/example_setup_teardown.py for tasks to queue
[2025-04-11T02:04:58.209+0000] {logging_mixin.py:190} INFO - [2025-04-11T02:04:58.208+0000] {dagbag.py:588} INFO - Filling up the DagBag from /home/airflow/.local/lib/python3.12/site-packages/airflow/example_dags/example_setup_teardown.py
[2025-04-11T02:04:58.230+0000] {processor.py:925} INFO - DAG(s) 'example_setup_teardown' retrieved from /home/airflow/.local/lib/python3.12/site-packages/airflow/example_dags/example_setup_teardown.py
[2025-04-11T02:04:58.281+0000] {logging_mixin.py:190} INFO - [2025-04-11T02:04:58.280+0000] {dag.py:3239} INFO - Sync 1 DAGs
[2025-04-11T02:04:58.302+0000] {logging_mixin.py:190} INFO - [2025-04-11T02:04:58.302+0000] {dag.py:4180} INFO - Setting next_dagrun for example_setup_teardown to None, run_after=None
[2025-04-11T02:04:58.337+0000] {processor.py:208} INFO - Processing /home/airflow/.local/lib/python3.12/site-packages/airflow/example_dags/example_setup_teardown.py took 0.137 seconds
[2025-04-11T02:05:28.949+0000] {processor.py:186} INFO - Started process (PID=3216) to work on /home/airflow/.local/lib/python3.12/site-packages/airflow/example_dags/example_setup_teardown.py
[2025-04-11T02:05:28.951+0000] {processor.py:914} INFO - Processing file /home/airflow/.local/lib/python3.12/site-packages/airflow/example_dags/example_setup_teardown.py for tasks to queue
[2025-04-11T02:05:28.952+0000] {logging_mixin.py:190} INFO - [2025-04-11T02:05:28.952+0000] {dagbag.py:588} INFO - Filling up the DagBag from /home/airflow/.local/lib/python3.12/site-packages/airflow/example_dags/example_setup_teardown.py
[2025-04-11T02:05:28.963+0000] {processor.py:925} INFO - DAG(s) 'example_setup_teardown' retrieved from /home/airflow/.local/lib/python3.12/site-packages/airflow/example_dags/example_setup_teardown.py
[2025-04-11T02:05:28.991+0000] {logging_mixin.py:190} INFO - [2025-04-11T02:05:28.990+0000] {dag.py:3239} INFO - Sync 1 DAGs
[2025-04-11T02:05:29.012+0000] {logging_mixin.py:190} INFO - [2025-04-11T02:05:29.012+0000] {dag.py:4180} INFO - Setting next_dagrun for example_setup_teardown to None, run_after=None
[2025-04-11T02:05:29.053+0000] {processor.py:208} INFO - Processing /home/airflow/.local/lib/python3.12/site-packages/airflow/example_dags/example_setup_teardown.py took 0.110 seconds
[2025-04-11T02:06:00.137+0000] {processor.py:186} INFO - Started process (PID=3281) to work on /home/airflow/.local/lib/python3.12/site-packages/airflow/example_dags/example_setup_teardown.py
[2025-04-11T02:06:00.140+0000] {processor.py:914} INFO - Processing file /home/airflow/.local/lib/python3.12/site-packages/airflow/example_dags/example_setup_teardown.py for tasks to queue
[2025-04-11T02:06:00.145+0000] {logging_mixin.py:190} INFO - [2025-04-11T02:06:00.144+0000] {dagbag.py:588} INFO - Filling up the DagBag from /home/airflow/.local/lib/python3.12/site-packages/airflow/example_dags/example_setup_teardown.py
[2025-04-11T02:06:00.176+0000] {processor.py:925} INFO - DAG(s) 'example_setup_teardown' retrieved from /home/airflow/.local/lib/python3.12/site-packages/airflow/example_dags/example_setup_teardown.py
[2025-04-11T02:06:00.242+0000] {logging_mixin.py:190} INFO - [2025-04-11T02:06:00.241+0000] {dag.py:3239} INFO - Sync 1 DAGs
[2025-04-11T02:06:00.298+0000] {logging_mixin.py:190} INFO - [2025-04-11T02:06:00.296+0000] {dag.py:4180} INFO - Setting next_dagrun for example_setup_teardown to None, run_after=None
[2025-04-11T02:06:00.358+0000] {processor.py:208} INFO - Processing /home/airflow/.local/lib/python3.12/site-packages/airflow/example_dags/example_setup_teardown.py took 0.245 seconds
[2025-04-11T02:06:30.561+0000] {processor.py:186} INFO - Started process (PID=3346) to work on /home/airflow/.local/lib/python3.12/site-packages/airflow/example_dags/example_setup_teardown.py
[2025-04-11T02:06:30.565+0000] {processor.py:914} INFO - Processing file /home/airflow/.local/lib/python3.12/site-packages/airflow/example_dags/example_setup_teardown.py for tasks to queue
[2025-04-11T02:06:30.570+0000] {logging_mixin.py:190} INFO - [2025-04-11T02:06:30.568+0000] {dagbag.py:588} INFO - Filling up the DagBag from /home/airflow/.local/lib/python3.12/site-packages/airflow/example_dags/example_setup_teardown.py
[2025-04-11T02:06:30.605+0000] {processor.py:925} INFO - DAG(s) 'example_setup_teardown' retrieved from /home/airflow/.local/lib/python3.12/site-packages/airflow/example_dags/example_setup_teardown.py
[2025-04-11T02:06:30.672+0000] {logging_mixin.py:190} INFO - [2025-04-11T02:06:30.671+0000] {dag.py:3239} INFO - Sync 1 DAGs
[2025-04-11T02:06:30.709+0000] {logging_mixin.py:190} INFO - [2025-04-11T02:06:30.709+0000] {dag.py:4180} INFO - Setting next_dagrun for example_setup_teardown to None, run_after=None
[2025-04-11T02:06:30.756+0000] {processor.py:208} INFO - Processing /home/airflow/.local/lib/python3.12/site-packages/airflow/example_dags/example_setup_teardown.py took 0.223 seconds
[2025-04-11T02:07:01.102+0000] {processor.py:186} INFO - Started process (PID=3411) to work on /home/airflow/.local/lib/python3.12/site-packages/airflow/example_dags/example_setup_teardown.py
[2025-04-11T02:07:01.104+0000] {processor.py:914} INFO - Processing file /home/airflow/.local/lib/python3.12/site-packages/airflow/example_dags/example_setup_teardown.py for tasks to queue
[2025-04-11T02:07:01.107+0000] {logging_mixin.py:190} INFO - [2025-04-11T02:07:01.106+0000] {dagbag.py:588} INFO - Filling up the DagBag from /home/airflow/.local/lib/python3.12/site-packages/airflow/example_dags/example_setup_teardown.py
[2025-04-11T02:07:01.122+0000] {processor.py:925} INFO - DAG(s) 'example_setup_teardown' retrieved from /home/airflow/.local/lib/python3.12/site-packages/airflow/example_dags/example_setup_teardown.py
[2025-04-11T02:07:01.155+0000] {logging_mixin.py:190} INFO - [2025-04-11T02:07:01.154+0000] {dag.py:3239} INFO - Sync 1 DAGs
[2025-04-11T02:07:01.189+0000] {logging_mixin.py:190} INFO - [2025-04-11T02:07:01.189+0000] {dag.py:4180} INFO - Setting next_dagrun for example_setup_teardown to None, run_after=None
[2025-04-11T02:07:01.228+0000] {processor.py:208} INFO - Processing /home/airflow/.local/lib/python3.12/site-packages/airflow/example_dags/example_setup_teardown.py took 0.136 seconds
[2025-04-11T02:07:33.802+0000] {processor.py:186} INFO - Started process (PID=3476) to work on /home/airflow/.local/lib/python3.12/site-packages/airflow/example_dags/example_setup_teardown.py
[2025-04-11T02:07:33.804+0000] {processor.py:914} INFO - Processing file /home/airflow/.local/lib/python3.12/site-packages/airflow/example_dags/example_setup_teardown.py for tasks to queue
[2025-04-11T02:07:33.807+0000] {logging_mixin.py:190} INFO - [2025-04-11T02:07:33.806+0000] {dagbag.py:588} INFO - Filling up the DagBag from /home/airflow/.local/lib/python3.12/site-packages/airflow/example_dags/example_setup_teardown.py
[2025-04-11T02:07:33.822+0000] {processor.py:925} INFO - DAG(s) 'example_setup_teardown' retrieved from /home/airflow/.local/lib/python3.12/site-packages/airflow/example_dags/example_setup_teardown.py
[2025-04-11T02:07:33.853+0000] {logging_mixin.py:190} INFO - [2025-04-11T02:07:33.853+0000] {dag.py:3239} INFO - Sync 1 DAGs
[2025-04-11T02:07:33.875+0000] {logging_mixin.py:190} INFO - [2025-04-11T02:07:33.874+0000] {dag.py:4180} INFO - Setting next_dagrun for example_setup_teardown to None, run_after=None
[2025-04-11T02:07:33.902+0000] {processor.py:208} INFO - Processing /home/airflow/.local/lib/python3.12/site-packages/airflow/example_dags/example_setup_teardown.py took 0.111 seconds
[2025-04-11T02:08:05.690+0000] {processor.py:186} INFO - Started process (PID=3541) to work on /home/airflow/.local/lib/python3.12/site-packages/airflow/example_dags/example_setup_teardown.py
[2025-04-11T02:08:05.693+0000] {processor.py:914} INFO - Processing file /home/airflow/.local/lib/python3.12/site-packages/airflow/example_dags/example_setup_teardown.py for tasks to queue
[2025-04-11T02:08:05.698+0000] {logging_mixin.py:190} INFO - [2025-04-11T02:08:05.697+0000] {dagbag.py:588} INFO - Filling up the DagBag from /home/airflow/.local/lib/python3.12/site-packages/airflow/example_dags/example_setup_teardown.py
[2025-04-11T02:08:05.725+0000] {processor.py:925} INFO - DAG(s) 'example_setup_teardown' retrieved from /home/airflow/.local/lib/python3.12/site-packages/airflow/example_dags/example_setup_teardown.py
[2025-04-11T02:08:05.782+0000] {logging_mixin.py:190} INFO - [2025-04-11T02:08:05.781+0000] {dag.py:3239} INFO - Sync 1 DAGs
[2025-04-11T02:08:05.829+0000] {logging_mixin.py:190} INFO - [2025-04-11T02:08:05.829+0000] {dag.py:4180} INFO - Setting next_dagrun for example_setup_teardown to None, run_after=None
[2025-04-11T02:08:05.882+0000] {processor.py:208} INFO - Processing /home/airflow/.local/lib/python3.12/site-packages/airflow/example_dags/example_setup_teardown.py took 0.212 seconds
[2025-04-11T02:08:36.810+0000] {processor.py:186} INFO - Started process (PID=3605) to work on /home/airflow/.local/lib/python3.12/site-packages/airflow/example_dags/example_setup_teardown.py
[2025-04-11T02:08:36.813+0000] {processor.py:914} INFO - Processing file /home/airflow/.local/lib/python3.12/site-packages/airflow/example_dags/example_setup_teardown.py for tasks to queue
[2025-04-11T02:08:36.816+0000] {logging_mixin.py:190} INFO - [2025-04-11T02:08:36.816+0000] {dagbag.py:588} INFO - Filling up the DagBag from /home/airflow/.local/lib/python3.12/site-packages/airflow/example_dags/example_setup_teardown.py
[2025-04-11T02:08:36.842+0000] {processor.py:925} INFO - DAG(s) 'example_setup_teardown' retrieved from /home/airflow/.local/lib/python3.12/site-packages/airflow/example_dags/example_setup_teardown.py
[2025-04-11T02:08:36.909+0000] {logging_mixin.py:190} INFO - [2025-04-11T02:08:36.908+0000] {dag.py:3239} INFO - Sync 1 DAGs
[2025-04-11T02:08:36.967+0000] {logging_mixin.py:190} INFO - [2025-04-11T02:08:36.966+0000] {dag.py:4180} INFO - Setting next_dagrun for example_setup_teardown to None, run_after=None
[2025-04-11T02:08:37.043+0000] {processor.py:208} INFO - Processing /home/airflow/.local/lib/python3.12/site-packages/airflow/example_dags/example_setup_teardown.py took 0.252 seconds
[2025-04-11T02:09:10.424+0000] {processor.py:186} INFO - Started process (PID=3675) to work on /home/airflow/.local/lib/python3.12/site-packages/airflow/example_dags/example_setup_teardown.py
[2025-04-11T02:09:10.427+0000] {processor.py:914} INFO - Processing file /home/airflow/.local/lib/python3.12/site-packages/airflow/example_dags/example_setup_teardown.py for tasks to queue
[2025-04-11T02:09:10.429+0000] {logging_mixin.py:190} INFO - [2025-04-11T02:09:10.429+0000] {dagbag.py:588} INFO - Filling up the DagBag from /home/airflow/.local/lib/python3.12/site-packages/airflow/example_dags/example_setup_teardown.py
[2025-04-11T02:09:10.451+0000] {processor.py:925} INFO - DAG(s) 'example_setup_teardown' retrieved from /home/airflow/.local/lib/python3.12/site-packages/airflow/example_dags/example_setup_teardown.py
[2025-04-11T02:09:10.508+0000] {logging_mixin.py:190} INFO - [2025-04-11T02:09:10.507+0000] {dag.py:3239} INFO - Sync 1 DAGs
[2025-04-11T02:09:10.566+0000] {logging_mixin.py:190} INFO - [2025-04-11T02:09:10.565+0000] {dag.py:4180} INFO - Setting next_dagrun for example_setup_teardown to None, run_after=None
[2025-04-11T02:09:10.615+0000] {processor.py:208} INFO - Processing /home/airflow/.local/lib/python3.12/site-packages/airflow/example_dags/example_setup_teardown.py took 0.206 seconds
[2025-04-11T02:09:42.264+0000] {processor.py:186} INFO - Started process (PID=3741) to work on /home/airflow/.local/lib/python3.12/site-packages/airflow/example_dags/example_setup_teardown.py
[2025-04-11T02:09:42.266+0000] {processor.py:914} INFO - Processing file /home/airflow/.local/lib/python3.12/site-packages/airflow/example_dags/example_setup_teardown.py for tasks to queue
[2025-04-11T02:09:42.268+0000] {logging_mixin.py:190} INFO - [2025-04-11T02:09:42.268+0000] {dagbag.py:588} INFO - Filling up the DagBag from /home/airflow/.local/lib/python3.12/site-packages/airflow/example_dags/example_setup_teardown.py
[2025-04-11T02:09:42.281+0000] {processor.py:925} INFO - DAG(s) 'example_setup_teardown' retrieved from /home/airflow/.local/lib/python3.12/site-packages/airflow/example_dags/example_setup_teardown.py
[2025-04-11T02:09:42.317+0000] {logging_mixin.py:190} INFO - [2025-04-11T02:09:42.317+0000] {dag.py:3239} INFO - Sync 1 DAGs
[2025-04-11T02:09:42.343+0000] {logging_mixin.py:190} INFO - [2025-04-11T02:09:42.343+0000] {dag.py:4180} INFO - Setting next_dagrun for example_setup_teardown to None, run_after=None
[2025-04-11T02:09:42.381+0000] {processor.py:208} INFO - Processing /home/airflow/.local/lib/python3.12/site-packages/airflow/example_dags/example_setup_teardown.py took 0.125 seconds
[2025-04-11T02:10:12.878+0000] {processor.py:186} INFO - Started process (PID=3805) to work on /home/airflow/.local/lib/python3.12/site-packages/airflow/example_dags/example_setup_teardown.py
[2025-04-11T02:10:12.880+0000] {processor.py:914} INFO - Processing file /home/airflow/.local/lib/python3.12/site-packages/airflow/example_dags/example_setup_teardown.py for tasks to queue
[2025-04-11T02:10:12.882+0000] {logging_mixin.py:190} INFO - [2025-04-11T02:10:12.882+0000] {dagbag.py:588} INFO - Filling up the DagBag from /home/airflow/.local/lib/python3.12/site-packages/airflow/example_dags/example_setup_teardown.py
[2025-04-11T02:10:12.893+0000] {processor.py:925} INFO - DAG(s) 'example_setup_teardown' retrieved from /home/airflow/.local/lib/python3.12/site-packages/airflow/example_dags/example_setup_teardown.py
[2025-04-11T02:10:12.918+0000] {logging_mixin.py:190} INFO - [2025-04-11T02:10:12.917+0000] {dag.py:3239} INFO - Sync 1 DAGs
[2025-04-11T02:10:12.936+0000] {logging_mixin.py:190} INFO - [2025-04-11T02:10:12.936+0000] {dag.py:4180} INFO - Setting next_dagrun for example_setup_teardown to None, run_after=None
[2025-04-11T02:10:12.960+0000] {processor.py:208} INFO - Processing /home/airflow/.local/lib/python3.12/site-packages/airflow/example_dags/example_setup_teardown.py took 0.089 seconds
[2025-04-11T02:10:43.026+0000] {processor.py:186} INFO - Started process (PID=3870) to work on /home/airflow/.local/lib/python3.12/site-packages/airflow/example_dags/example_setup_teardown.py
[2025-04-11T02:10:43.027+0000] {processor.py:914} INFO - Processing file /home/airflow/.local/lib/python3.12/site-packages/airflow/example_dags/example_setup_teardown.py for tasks to queue
[2025-04-11T02:10:43.029+0000] {logging_mixin.py:190} INFO - [2025-04-11T02:10:43.029+0000] {dagbag.py:588} INFO - Filling up the DagBag from /home/airflow/.local/lib/python3.12/site-packages/airflow/example_dags/example_setup_teardown.py
[2025-04-11T02:10:43.037+0000] {processor.py:925} INFO - DAG(s) 'example_setup_teardown' retrieved from /home/airflow/.local/lib/python3.12/site-packages/airflow/example_dags/example_setup_teardown.py
[2025-04-11T02:10:43.056+0000] {logging_mixin.py:190} INFO - [2025-04-11T02:10:43.056+0000] {dag.py:3239} INFO - Sync 1 DAGs
[2025-04-11T02:10:43.069+0000] {logging_mixin.py:190} INFO - [2025-04-11T02:10:43.069+0000] {dag.py:4180} INFO - Setting next_dagrun for example_setup_teardown to None, run_after=None
[2025-04-11T02:10:43.092+0000] {processor.py:208} INFO - Processing /home/airflow/.local/lib/python3.12/site-packages/airflow/example_dags/example_setup_teardown.py took 0.070 seconds
[2025-04-11T02:11:15.769+0000] {processor.py:186} INFO - Started process (PID=3935) to work on /home/airflow/.local/lib/python3.12/site-packages/airflow/example_dags/example_setup_teardown.py
[2025-04-11T02:11:15.772+0000] {processor.py:914} INFO - Processing file /home/airflow/.local/lib/python3.12/site-packages/airflow/example_dags/example_setup_teardown.py for tasks to queue
[2025-04-11T02:11:15.778+0000] {logging_mixin.py:190} INFO - [2025-04-11T02:11:15.776+0000] {dagbag.py:588} INFO - Filling up the DagBag from /home/airflow/.local/lib/python3.12/site-packages/airflow/example_dags/example_setup_teardown.py
[2025-04-11T02:11:15.811+0000] {processor.py:925} INFO - DAG(s) 'example_setup_teardown' retrieved from /home/airflow/.local/lib/python3.12/site-packages/airflow/example_dags/example_setup_teardown.py
[2025-04-11T02:11:15.885+0000] {logging_mixin.py:190} INFO - [2025-04-11T02:11:15.885+0000] {dag.py:3239} INFO - Sync 1 DAGs
[2025-04-11T02:11:15.946+0000] {logging_mixin.py:190} INFO - [2025-04-11T02:11:15.945+0000] {dag.py:4180} INFO - Setting next_dagrun for example_setup_teardown to None, run_after=None
[2025-04-11T02:11:16.013+0000] {processor.py:208} INFO - Processing /home/airflow/.local/lib/python3.12/site-packages/airflow/example_dags/example_setup_teardown.py took 0.263 seconds
[2025-04-11T02:11:48.420+0000] {processor.py:186} INFO - Started process (PID=4000) to work on /home/airflow/.local/lib/python3.12/site-packages/airflow/example_dags/example_setup_teardown.py
[2025-04-11T02:11:48.423+0000] {processor.py:914} INFO - Processing file /home/airflow/.local/lib/python3.12/site-packages/airflow/example_dags/example_setup_teardown.py for tasks to queue
[2025-04-11T02:11:48.427+0000] {logging_mixin.py:190} INFO - [2025-04-11T02:11:48.426+0000] {dagbag.py:588} INFO - Filling up the DagBag from /home/airflow/.local/lib/python3.12/site-packages/airflow/example_dags/example_setup_teardown.py
[2025-04-11T02:11:48.455+0000] {processor.py:925} INFO - DAG(s) 'example_setup_teardown' retrieved from /home/airflow/.local/lib/python3.12/site-packages/airflow/example_dags/example_setup_teardown.py
[2025-04-11T02:11:48.519+0000] {logging_mixin.py:190} INFO - [2025-04-11T02:11:48.519+0000] {dag.py:3239} INFO - Sync 1 DAGs
[2025-04-11T02:11:48.572+0000] {logging_mixin.py:190} INFO - [2025-04-11T02:11:48.571+0000] {dag.py:4180} INFO - Setting next_dagrun for example_setup_teardown to None, run_after=None
[2025-04-11T02:11:48.633+0000] {processor.py:208} INFO - Processing /home/airflow/.local/lib/python3.12/site-packages/airflow/example_dags/example_setup_teardown.py took 0.232 seconds
[2025-04-11T02:12:19.800+0000] {processor.py:186} INFO - Started process (PID=4065) to work on /home/airflow/.local/lib/python3.12/site-packages/airflow/example_dags/example_setup_teardown.py
[2025-04-11T02:12:19.802+0000] {processor.py:914} INFO - Processing file /home/airflow/.local/lib/python3.12/site-packages/airflow/example_dags/example_setup_teardown.py for tasks to queue
[2025-04-11T02:12:19.806+0000] {logging_mixin.py:190} INFO - [2025-04-11T02:12:19.805+0000] {dagbag.py:588} INFO - Filling up the DagBag from /home/airflow/.local/lib/python3.12/site-packages/airflow/example_dags/example_setup_teardown.py
[2025-04-11T02:12:19.838+0000] {processor.py:925} INFO - DAG(s) 'example_setup_teardown' retrieved from /home/airflow/.local/lib/python3.12/site-packages/airflow/example_dags/example_setup_teardown.py
[2025-04-11T02:12:19.903+0000] {logging_mixin.py:190} INFO - [2025-04-11T02:12:19.902+0000] {dag.py:3239} INFO - Sync 1 DAGs
[2025-04-11T02:12:19.948+0000] {logging_mixin.py:190} INFO - [2025-04-11T02:12:19.948+0000] {dag.py:4180} INFO - Setting next_dagrun for example_setup_teardown to None, run_after=None
[2025-04-11T02:12:20.012+0000] {processor.py:208} INFO - Processing /home/airflow/.local/lib/python3.12/site-packages/airflow/example_dags/example_setup_teardown.py took 0.233 seconds
[2025-04-11T02:12:52.206+0000] {processor.py:186} INFO - Started process (PID=4132) to work on /home/airflow/.local/lib/python3.12/site-packages/airflow/example_dags/example_setup_teardown.py
[2025-04-11T02:12:52.209+0000] {processor.py:914} INFO - Processing file /home/airflow/.local/lib/python3.12/site-packages/airflow/example_dags/example_setup_teardown.py for tasks to queue
[2025-04-11T02:12:52.213+0000] {logging_mixin.py:190} INFO - [2025-04-11T02:12:52.212+0000] {dagbag.py:588} INFO - Filling up the DagBag from /home/airflow/.local/lib/python3.12/site-packages/airflow/example_dags/example_setup_teardown.py
[2025-04-11T02:12:52.241+0000] {processor.py:925} INFO - DAG(s) 'example_setup_teardown' retrieved from /home/airflow/.local/lib/python3.12/site-packages/airflow/example_dags/example_setup_teardown.py
[2025-04-11T02:12:52.300+0000] {logging_mixin.py:190} INFO - [2025-04-11T02:12:52.300+0000] {dag.py:3239} INFO - Sync 1 DAGs
[2025-04-11T02:12:52.346+0000] {logging_mixin.py:190} INFO - [2025-04-11T02:12:52.346+0000] {dag.py:4180} INFO - Setting next_dagrun for example_setup_teardown to None, run_after=None
[2025-04-11T02:12:52.396+0000] {processor.py:208} INFO - Processing /home/airflow/.local/lib/python3.12/site-packages/airflow/example_dags/example_setup_teardown.py took 0.207 seconds
[2025-04-11T02:13:22.906+0000] {processor.py:186} INFO - Started process (PID=4198) to work on /home/airflow/.local/lib/python3.12/site-packages/airflow/example_dags/example_setup_teardown.py
[2025-04-11T02:13:22.908+0000] {processor.py:914} INFO - Processing file /home/airflow/.local/lib/python3.12/site-packages/airflow/example_dags/example_setup_teardown.py for tasks to queue
[2025-04-11T02:13:22.912+0000] {logging_mixin.py:190} INFO - [2025-04-11T02:13:22.911+0000] {dagbag.py:588} INFO - Filling up the DagBag from /home/airflow/.local/lib/python3.12/site-packages/airflow/example_dags/example_setup_teardown.py
[2025-04-11T02:13:22.937+0000] {processor.py:925} INFO - DAG(s) 'example_setup_teardown' retrieved from /home/airflow/.local/lib/python3.12/site-packages/airflow/example_dags/example_setup_teardown.py
[2025-04-11T02:13:22.982+0000] {logging_mixin.py:190} INFO - [2025-04-11T02:13:22.982+0000] {dag.py:3239} INFO - Sync 1 DAGs
[2025-04-11T02:13:23.027+0000] {logging_mixin.py:190} INFO - [2025-04-11T02:13:23.027+0000] {dag.py:4180} INFO - Setting next_dagrun for example_setup_teardown to None, run_after=None
[2025-04-11T02:13:23.064+0000] {processor.py:208} INFO - Processing /home/airflow/.local/lib/python3.12/site-packages/airflow/example_dags/example_setup_teardown.py took 0.174 seconds
[2025-04-11T02:13:53.676+0000] {processor.py:186} INFO - Started process (PID=4263) to work on /home/airflow/.local/lib/python3.12/site-packages/airflow/example_dags/example_setup_teardown.py
[2025-04-11T02:13:53.678+0000] {processor.py:914} INFO - Processing file /home/airflow/.local/lib/python3.12/site-packages/airflow/example_dags/example_setup_teardown.py for tasks to queue
[2025-04-11T02:13:53.679+0000] {logging_mixin.py:190} INFO - [2025-04-11T02:13:53.679+0000] {dagbag.py:588} INFO - Filling up the DagBag from /home/airflow/.local/lib/python3.12/site-packages/airflow/example_dags/example_setup_teardown.py
[2025-04-11T02:13:53.686+0000] {processor.py:925} INFO - DAG(s) 'example_setup_teardown' retrieved from /home/airflow/.local/lib/python3.12/site-packages/airflow/example_dags/example_setup_teardown.py
[2025-04-11T02:13:53.705+0000] {logging_mixin.py:190} INFO - [2025-04-11T02:13:53.705+0000] {dag.py:3239} INFO - Sync 1 DAGs
[2025-04-11T02:13:53.718+0000] {logging_mixin.py:190} INFO - [2025-04-11T02:13:53.717+0000] {dag.py:4180} INFO - Setting next_dagrun for example_setup_teardown to None, run_after=None
[2025-04-11T02:13:53.738+0000] {processor.py:208} INFO - Processing /home/airflow/.local/lib/python3.12/site-packages/airflow/example_dags/example_setup_teardown.py took 0.067 seconds
[2025-04-11T02:14:23.941+0000] {processor.py:186} INFO - Started process (PID=4328) to work on /home/airflow/.local/lib/python3.12/site-packages/airflow/example_dags/example_setup_teardown.py
[2025-04-11T02:14:23.942+0000] {processor.py:914} INFO - Processing file /home/airflow/.local/lib/python3.12/site-packages/airflow/example_dags/example_setup_teardown.py for tasks to queue
[2025-04-11T02:14:23.943+0000] {logging_mixin.py:190} INFO - [2025-04-11T02:14:23.943+0000] {dagbag.py:588} INFO - Filling up the DagBag from /home/airflow/.local/lib/python3.12/site-packages/airflow/example_dags/example_setup_teardown.py
[2025-04-11T02:14:23.950+0000] {processor.py:925} INFO - DAG(s) 'example_setup_teardown' retrieved from /home/airflow/.local/lib/python3.12/site-packages/airflow/example_dags/example_setup_teardown.py
[2025-04-11T02:14:23.967+0000] {logging_mixin.py:190} INFO - [2025-04-11T02:14:23.967+0000] {dag.py:3239} INFO - Sync 1 DAGs
[2025-04-11T02:14:23.979+0000] {logging_mixin.py:190} INFO - [2025-04-11T02:14:23.979+0000] {dag.py:4180} INFO - Setting next_dagrun for example_setup_teardown to None, run_after=None
[2025-04-11T02:14:23.997+0000] {processor.py:208} INFO - Processing /home/airflow/.local/lib/python3.12/site-packages/airflow/example_dags/example_setup_teardown.py took 0.061 seconds
[2025-04-11T02:14:56.269+0000] {processor.py:186} INFO - Started process (PID=4394) to work on /home/airflow/.local/lib/python3.12/site-packages/airflow/example_dags/example_setup_teardown.py
[2025-04-11T02:14:56.271+0000] {processor.py:914} INFO - Processing file /home/airflow/.local/lib/python3.12/site-packages/airflow/example_dags/example_setup_teardown.py for tasks to queue
[2025-04-11T02:14:56.273+0000] {logging_mixin.py:190} INFO - [2025-04-11T02:14:56.273+0000] {dagbag.py:588} INFO - Filling up the DagBag from /home/airflow/.local/lib/python3.12/site-packages/airflow/example_dags/example_setup_teardown.py
[2025-04-11T02:14:56.286+0000] {processor.py:925} INFO - DAG(s) 'example_setup_teardown' retrieved from /home/airflow/.local/lib/python3.12/site-packages/airflow/example_dags/example_setup_teardown.py
[2025-04-11T02:14:56.315+0000] {logging_mixin.py:190} INFO - [2025-04-11T02:14:56.315+0000] {dag.py:3239} INFO - Sync 1 DAGs
[2025-04-11T02:14:56.338+0000] {logging_mixin.py:190} INFO - [2025-04-11T02:14:56.338+0000] {dag.py:4180} INFO - Setting next_dagrun for example_setup_teardown to None, run_after=None
[2025-04-11T02:14:56.375+0000] {processor.py:208} INFO - Processing /home/airflow/.local/lib/python3.12/site-packages/airflow/example_dags/example_setup_teardown.py took 0.115 seconds
[2025-04-11T02:15:26.894+0000] {processor.py:186} INFO - Started process (PID=4459) to work on /home/airflow/.local/lib/python3.12/site-packages/airflow/example_dags/example_setup_teardown.py
[2025-04-11T02:15:26.895+0000] {processor.py:914} INFO - Processing file /home/airflow/.local/lib/python3.12/site-packages/airflow/example_dags/example_setup_teardown.py for tasks to queue
[2025-04-11T02:15:26.896+0000] {logging_mixin.py:190} INFO - [2025-04-11T02:15:26.896+0000] {dagbag.py:588} INFO - Filling up the DagBag from /home/airflow/.local/lib/python3.12/site-packages/airflow/example_dags/example_setup_teardown.py
[2025-04-11T02:15:26.903+0000] {processor.py:925} INFO - DAG(s) 'example_setup_teardown' retrieved from /home/airflow/.local/lib/python3.12/site-packages/airflow/example_dags/example_setup_teardown.py
[2025-04-11T02:15:26.921+0000] {logging_mixin.py:190} INFO - [2025-04-11T02:15:26.921+0000] {dag.py:3239} INFO - Sync 1 DAGs
[2025-04-11T02:15:26.932+0000] {logging_mixin.py:190} INFO - [2025-04-11T02:15:26.932+0000] {dag.py:4180} INFO - Setting next_dagrun for example_setup_teardown to None, run_after=None
[2025-04-11T02:15:27.058+0000] {processor.py:208} INFO - Processing /home/airflow/.local/lib/python3.12/site-packages/airflow/example_dags/example_setup_teardown.py took 0.169 seconds
[2025-04-11T12:34:03.819+0000] {processor.py:186} INFO - Started process (PID=4537) to work on /home/airflow/.local/lib/python3.12/site-packages/airflow/example_dags/example_setup_teardown.py
[2025-04-11T12:34:03.821+0000] {processor.py:914} INFO - Processing file /home/airflow/.local/lib/python3.12/site-packages/airflow/example_dags/example_setup_teardown.py for tasks to queue
[2025-04-11T12:34:03.824+0000] {logging_mixin.py:190} INFO - [2025-04-11T12:34:03.824+0000] {dagbag.py:588} INFO - Filling up the DagBag from /home/airflow/.local/lib/python3.12/site-packages/airflow/example_dags/example_setup_teardown.py
[2025-04-11T12:34:03.842+0000] {processor.py:925} INFO - DAG(s) 'example_setup_teardown' retrieved from /home/airflow/.local/lib/python3.12/site-packages/airflow/example_dags/example_setup_teardown.py
[2025-04-11T12:34:03.894+0000] {logging_mixin.py:190} INFO - [2025-04-11T12:34:03.894+0000] {dag.py:3239} INFO - Sync 1 DAGs
[2025-04-11T12:34:04.190+0000] {logging_mixin.py:190} INFO - [2025-04-11T12:34:04.189+0000] {dag.py:4180} INFO - Setting next_dagrun for example_setup_teardown to None, run_after=None
[2025-04-11T12:34:04.237+0000] {processor.py:208} INFO - Processing /home/airflow/.local/lib/python3.12/site-packages/airflow/example_dags/example_setup_teardown.py took 0.430 seconds
