[2025-04-11T01:50:00.103+0000] {processor.py:186} INFO - Started process (PID=1276) to work on /home/airflow/.local/lib/python3.12/site-packages/airflow/example_dags/example_latest_only_with_trigger.py
[2025-04-11T01:50:00.105+0000] {processor.py:914} INFO - Processing file /home/airflow/.local/lib/python3.12/site-packages/airflow/example_dags/example_latest_only_with_trigger.py for tasks to queue
[2025-04-11T01:50:00.108+0000] {logging_mixin.py:190} INFO - [2025-04-11T01:50:00.107+0000] {dagbag.py:588} INFO - Filling up the DagBag from /home/airflow/.local/lib/python3.12/site-packages/airflow/example_dags/example_latest_only_with_trigger.py
[2025-04-11T01:50:00.129+0000] {processor.py:925} INFO - DAG(s) 'latest_only_with_trigger' retrieved from /home/airflow/.local/lib/python3.12/site-packages/airflow/example_dags/example_latest_only_with_trigger.py
[2025-04-11T01:50:00.192+0000] {logging_mixin.py:190} INFO - [2025-04-11T01:50:00.191+0000] {dag.py:3239} INFO - Sync 1 DAGs
[2025-04-11T01:50:00.262+0000] {logging_mixin.py:190} INFO - [2025-04-11T01:50:00.261+0000] {dag.py:4180} INFO - Setting next_dagrun for latest_only_with_trigger to 2025-04-10 20:00:00+00:00, run_after=2025-04-11 00:00:00+00:00
[2025-04-11T01:50:00.310+0000] {processor.py:208} INFO - Processing /home/airflow/.local/lib/python3.12/site-packages/airflow/example_dags/example_latest_only_with_trigger.py took 0.218 seconds
[2025-04-11T01:50:30.769+0000] {processor.py:186} INFO - Started process (PID=1342) to work on /home/airflow/.local/lib/python3.12/site-packages/airflow/example_dags/example_latest_only_with_trigger.py
[2025-04-11T01:50:30.771+0000] {processor.py:914} INFO - Processing file /home/airflow/.local/lib/python3.12/site-packages/airflow/example_dags/example_latest_only_with_trigger.py for tasks to queue
[2025-04-11T01:50:30.773+0000] {logging_mixin.py:190} INFO - [2025-04-11T01:50:30.772+0000] {dagbag.py:588} INFO - Filling up the DagBag from /home/airflow/.local/lib/python3.12/site-packages/airflow/example_dags/example_latest_only_with_trigger.py
[2025-04-11T01:50:30.782+0000] {processor.py:925} INFO - DAG(s) 'latest_only_with_trigger' retrieved from /home/airflow/.local/lib/python3.12/site-packages/airflow/example_dags/example_latest_only_with_trigger.py
[2025-04-11T01:50:30.809+0000] {logging_mixin.py:190} INFO - [2025-04-11T01:50:30.809+0000] {dag.py:3239} INFO - Sync 1 DAGs
[2025-04-11T01:50:30.836+0000] {logging_mixin.py:190} INFO - [2025-04-11T01:50:30.836+0000] {dag.py:4180} INFO - Setting next_dagrun for latest_only_with_trigger to 2025-04-10 20:00:00+00:00, run_after=2025-04-11 00:00:00+00:00
[2025-04-11T01:50:30.863+0000] {processor.py:208} INFO - Processing /home/airflow/.local/lib/python3.12/site-packages/airflow/example_dags/example_latest_only_with_trigger.py took 0.100 seconds
[2025-04-11T01:51:01.464+0000] {processor.py:186} INFO - Started process (PID=1407) to work on /home/airflow/.local/lib/python3.12/site-packages/airflow/example_dags/example_latest_only_with_trigger.py
[2025-04-11T01:51:01.467+0000] {processor.py:914} INFO - Processing file /home/airflow/.local/lib/python3.12/site-packages/airflow/example_dags/example_latest_only_with_trigger.py for tasks to queue
[2025-04-11T01:51:01.472+0000] {logging_mixin.py:190} INFO - [2025-04-11T01:51:01.471+0000] {dagbag.py:588} INFO - Filling up the DagBag from /home/airflow/.local/lib/python3.12/site-packages/airflow/example_dags/example_latest_only_with_trigger.py
[2025-04-11T01:51:01.501+0000] {processor.py:925} INFO - DAG(s) 'latest_only_with_trigger' retrieved from /home/airflow/.local/lib/python3.12/site-packages/airflow/example_dags/example_latest_only_with_trigger.py
[2025-04-11T01:51:01.567+0000] {logging_mixin.py:190} INFO - [2025-04-11T01:51:01.566+0000] {dag.py:3239} INFO - Sync 1 DAGs
[2025-04-11T01:51:01.638+0000] {logging_mixin.py:190} INFO - [2025-04-11T01:51:01.637+0000] {dag.py:4180} INFO - Setting next_dagrun for latest_only_with_trigger to 2025-04-10 20:00:00+00:00, run_after=2025-04-11 00:00:00+00:00
[2025-04-11T01:51:01.692+0000] {processor.py:208} INFO - Processing /home/airflow/.local/lib/python3.12/site-packages/airflow/example_dags/example_latest_only_with_trigger.py took 0.247 seconds
[2025-04-11T01:51:32.443+0000] {processor.py:186} INFO - Started process (PID=1472) to work on /home/airflow/.local/lib/python3.12/site-packages/airflow/example_dags/example_latest_only_with_trigger.py
[2025-04-11T01:51:32.444+0000] {processor.py:914} INFO - Processing file /home/airflow/.local/lib/python3.12/site-packages/airflow/example_dags/example_latest_only_with_trigger.py for tasks to queue
[2025-04-11T01:51:32.446+0000] {logging_mixin.py:190} INFO - [2025-04-11T01:51:32.446+0000] {dagbag.py:588} INFO - Filling up the DagBag from /home/airflow/.local/lib/python3.12/site-packages/airflow/example_dags/example_latest_only_with_trigger.py
[2025-04-11T01:51:32.463+0000] {processor.py:925} INFO - DAG(s) 'latest_only_with_trigger' retrieved from /home/airflow/.local/lib/python3.12/site-packages/airflow/example_dags/example_latest_only_with_trigger.py
[2025-04-11T01:51:32.494+0000] {logging_mixin.py:190} INFO - [2025-04-11T01:51:32.494+0000] {dag.py:3239} INFO - Sync 1 DAGs
[2025-04-11T01:51:32.541+0000] {logging_mixin.py:190} INFO - [2025-04-11T01:51:32.541+0000] {dag.py:4180} INFO - Setting next_dagrun for latest_only_with_trigger to 2025-04-10 20:00:00+00:00, run_after=2025-04-11 00:00:00+00:00
[2025-04-11T01:51:32.578+0000] {processor.py:208} INFO - Processing /home/airflow/.local/lib/python3.12/site-packages/airflow/example_dags/example_latest_only_with_trigger.py took 0.143 seconds
[2025-04-11T01:52:02.643+0000] {processor.py:186} INFO - Started process (PID=1537) to work on /home/airflow/.local/lib/python3.12/site-packages/airflow/example_dags/example_latest_only_with_trigger.py
[2025-04-11T01:52:02.644+0000] {processor.py:914} INFO - Processing file /home/airflow/.local/lib/python3.12/site-packages/airflow/example_dags/example_latest_only_with_trigger.py for tasks to queue
[2025-04-11T01:52:02.646+0000] {logging_mixin.py:190} INFO - [2025-04-11T01:52:02.646+0000] {dagbag.py:588} INFO - Filling up the DagBag from /home/airflow/.local/lib/python3.12/site-packages/airflow/example_dags/example_latest_only_with_trigger.py
[2025-04-11T01:52:02.658+0000] {processor.py:925} INFO - DAG(s) 'latest_only_with_trigger' retrieved from /home/airflow/.local/lib/python3.12/site-packages/airflow/example_dags/example_latest_only_with_trigger.py
[2025-04-11T01:52:02.682+0000] {logging_mixin.py:190} INFO - [2025-04-11T01:52:02.682+0000] {dag.py:3239} INFO - Sync 1 DAGs
[2025-04-11T01:52:02.713+0000] {logging_mixin.py:190} INFO - [2025-04-11T01:52:02.712+0000] {dag.py:4180} INFO - Setting next_dagrun for latest_only_with_trigger to 2025-04-10 20:00:00+00:00, run_after=2025-04-11 00:00:00+00:00
[2025-04-11T01:52:02.745+0000] {processor.py:208} INFO - Processing /home/airflow/.local/lib/python3.12/site-packages/airflow/example_dags/example_latest_only_with_trigger.py took 0.109 seconds
[2025-04-11T01:52:33.402+0000] {processor.py:186} INFO - Started process (PID=1602) to work on /home/airflow/.local/lib/python3.12/site-packages/airflow/example_dags/example_latest_only_with_trigger.py
[2025-04-11T01:52:33.405+0000] {processor.py:914} INFO - Processing file /home/airflow/.local/lib/python3.12/site-packages/airflow/example_dags/example_latest_only_with_trigger.py for tasks to queue
[2025-04-11T01:52:33.407+0000] {logging_mixin.py:190} INFO - [2025-04-11T01:52:33.406+0000] {dagbag.py:588} INFO - Filling up the DagBag from /home/airflow/.local/lib/python3.12/site-packages/airflow/example_dags/example_latest_only_with_trigger.py
[2025-04-11T01:52:33.433+0000] {processor.py:925} INFO - DAG(s) 'latest_only_with_trigger' retrieved from /home/airflow/.local/lib/python3.12/site-packages/airflow/example_dags/example_latest_only_with_trigger.py
[2025-04-11T01:52:33.475+0000] {logging_mixin.py:190} INFO - [2025-04-11T01:52:33.475+0000] {dag.py:3239} INFO - Sync 1 DAGs
[2025-04-11T01:52:33.544+0000] {logging_mixin.py:190} INFO - [2025-04-11T01:52:33.544+0000] {dag.py:4180} INFO - Setting next_dagrun for latest_only_with_trigger to 2025-04-10 20:00:00+00:00, run_after=2025-04-11 00:00:00+00:00
[2025-04-11T01:52:33.588+0000] {processor.py:208} INFO - Processing /home/airflow/.local/lib/python3.12/site-packages/airflow/example_dags/example_latest_only_with_trigger.py took 0.200 seconds
[2025-04-11T01:53:04.168+0000] {processor.py:186} INFO - Started process (PID=1667) to work on /home/airflow/.local/lib/python3.12/site-packages/airflow/example_dags/example_latest_only_with_trigger.py
[2025-04-11T01:53:04.169+0000] {processor.py:914} INFO - Processing file /home/airflow/.local/lib/python3.12/site-packages/airflow/example_dags/example_latest_only_with_trigger.py for tasks to queue
[2025-04-11T01:53:04.170+0000] {logging_mixin.py:190} INFO - [2025-04-11T01:53:04.170+0000] {dagbag.py:588} INFO - Filling up the DagBag from /home/airflow/.local/lib/python3.12/site-packages/airflow/example_dags/example_latest_only_with_trigger.py
[2025-04-11T01:53:04.180+0000] {processor.py:925} INFO - DAG(s) 'latest_only_with_trigger' retrieved from /home/airflow/.local/lib/python3.12/site-packages/airflow/example_dags/example_latest_only_with_trigger.py
[2025-04-11T01:53:04.200+0000] {logging_mixin.py:190} INFO - [2025-04-11T01:53:04.199+0000] {dag.py:3239} INFO - Sync 1 DAGs
[2025-04-11T01:53:04.222+0000] {logging_mixin.py:190} INFO - [2025-04-11T01:53:04.221+0000] {dag.py:4180} INFO - Setting next_dagrun for latest_only_with_trigger to 2025-04-10 20:00:00+00:00, run_after=2025-04-11 00:00:00+00:00
[2025-04-11T01:53:04.244+0000] {processor.py:208} INFO - Processing /home/airflow/.local/lib/python3.12/site-packages/airflow/example_dags/example_latest_only_with_trigger.py took 0.083 seconds
[2025-04-11T01:53:35.025+0000] {processor.py:186} INFO - Started process (PID=1732) to work on /home/airflow/.local/lib/python3.12/site-packages/airflow/example_dags/example_latest_only_with_trigger.py
[2025-04-11T01:53:35.026+0000] {processor.py:914} INFO - Processing file /home/airflow/.local/lib/python3.12/site-packages/airflow/example_dags/example_latest_only_with_trigger.py for tasks to queue
[2025-04-11T01:53:35.027+0000] {logging_mixin.py:190} INFO - [2025-04-11T01:53:35.027+0000] {dagbag.py:588} INFO - Filling up the DagBag from /home/airflow/.local/lib/python3.12/site-packages/airflow/example_dags/example_latest_only_with_trigger.py
[2025-04-11T01:53:35.036+0000] {processor.py:925} INFO - DAG(s) 'latest_only_with_trigger' retrieved from /home/airflow/.local/lib/python3.12/site-packages/airflow/example_dags/example_latest_only_with_trigger.py
[2025-04-11T01:53:35.058+0000] {logging_mixin.py:190} INFO - [2025-04-11T01:53:35.058+0000] {dag.py:3239} INFO - Sync 1 DAGs
[2025-04-11T01:53:35.086+0000] {logging_mixin.py:190} INFO - [2025-04-11T01:53:35.086+0000] {dag.py:4180} INFO - Setting next_dagrun for latest_only_with_trigger to 2025-04-10 20:00:00+00:00, run_after=2025-04-11 00:00:00+00:00
[2025-04-11T01:53:35.112+0000] {processor.py:208} INFO - Processing /home/airflow/.local/lib/python3.12/site-packages/airflow/example_dags/example_latest_only_with_trigger.py took 0.092 seconds
[2025-04-11T01:54:05.858+0000] {processor.py:186} INFO - Started process (PID=1797) to work on /home/airflow/.local/lib/python3.12/site-packages/airflow/example_dags/example_latest_only_with_trigger.py
[2025-04-11T01:54:05.860+0000] {processor.py:914} INFO - Processing file /home/airflow/.local/lib/python3.12/site-packages/airflow/example_dags/example_latest_only_with_trigger.py for tasks to queue
[2025-04-11T01:54:05.861+0000] {logging_mixin.py:190} INFO - [2025-04-11T01:54:05.861+0000] {dagbag.py:588} INFO - Filling up the DagBag from /home/airflow/.local/lib/python3.12/site-packages/airflow/example_dags/example_latest_only_with_trigger.py
[2025-04-11T01:54:05.868+0000] {processor.py:925} INFO - DAG(s) 'latest_only_with_trigger' retrieved from /home/airflow/.local/lib/python3.12/site-packages/airflow/example_dags/example_latest_only_with_trigger.py
[2025-04-11T01:54:05.886+0000] {logging_mixin.py:190} INFO - [2025-04-11T01:54:05.885+0000] {dag.py:3239} INFO - Sync 1 DAGs
[2025-04-11T01:54:05.904+0000] {logging_mixin.py:190} INFO - [2025-04-11T01:54:05.904+0000] {dag.py:4180} INFO - Setting next_dagrun for latest_only_with_trigger to 2025-04-10 20:00:00+00:00, run_after=2025-04-11 00:00:00+00:00
[2025-04-11T01:54:05.926+0000] {processor.py:208} INFO - Processing /home/airflow/.local/lib/python3.12/site-packages/airflow/example_dags/example_latest_only_with_trigger.py took 0.073 seconds
[2025-04-11T01:54:36.750+0000] {processor.py:186} INFO - Started process (PID=1862) to work on /home/airflow/.local/lib/python3.12/site-packages/airflow/example_dags/example_latest_only_with_trigger.py
[2025-04-11T01:54:36.751+0000] {processor.py:914} INFO - Processing file /home/airflow/.local/lib/python3.12/site-packages/airflow/example_dags/example_latest_only_with_trigger.py for tasks to queue
[2025-04-11T01:54:36.752+0000] {logging_mixin.py:190} INFO - [2025-04-11T01:54:36.752+0000] {dagbag.py:588} INFO - Filling up the DagBag from /home/airflow/.local/lib/python3.12/site-packages/airflow/example_dags/example_latest_only_with_trigger.py
[2025-04-11T01:54:36.759+0000] {processor.py:925} INFO - DAG(s) 'latest_only_with_trigger' retrieved from /home/airflow/.local/lib/python3.12/site-packages/airflow/example_dags/example_latest_only_with_trigger.py
[2025-04-11T01:54:36.776+0000] {logging_mixin.py:190} INFO - [2025-04-11T01:54:36.776+0000] {dag.py:3239} INFO - Sync 1 DAGs
[2025-04-11T01:54:36.793+0000] {logging_mixin.py:190} INFO - [2025-04-11T01:54:36.793+0000] {dag.py:4180} INFO - Setting next_dagrun for latest_only_with_trigger to 2025-04-10 20:00:00+00:00, run_after=2025-04-11 00:00:00+00:00
[2025-04-11T01:54:36.809+0000] {processor.py:208} INFO - Processing /home/airflow/.local/lib/python3.12/site-packages/airflow/example_dags/example_latest_only_with_trigger.py took 0.064 seconds
[2025-04-11T01:55:07.488+0000] {processor.py:186} INFO - Started process (PID=1927) to work on /home/airflow/.local/lib/python3.12/site-packages/airflow/example_dags/example_latest_only_with_trigger.py
[2025-04-11T01:55:07.489+0000] {processor.py:914} INFO - Processing file /home/airflow/.local/lib/python3.12/site-packages/airflow/example_dags/example_latest_only_with_trigger.py for tasks to queue
[2025-04-11T01:55:07.491+0000] {logging_mixin.py:190} INFO - [2025-04-11T01:55:07.490+0000] {dagbag.py:588} INFO - Filling up the DagBag from /home/airflow/.local/lib/python3.12/site-packages/airflow/example_dags/example_latest_only_with_trigger.py
[2025-04-11T01:55:07.499+0000] {processor.py:925} INFO - DAG(s) 'latest_only_with_trigger' retrieved from /home/airflow/.local/lib/python3.12/site-packages/airflow/example_dags/example_latest_only_with_trigger.py
[2025-04-11T01:55:07.519+0000] {logging_mixin.py:190} INFO - [2025-04-11T01:55:07.519+0000] {dag.py:3239} INFO - Sync 1 DAGs
[2025-04-11T01:55:07.542+0000] {logging_mixin.py:190} INFO - [2025-04-11T01:55:07.541+0000] {dag.py:4180} INFO - Setting next_dagrun for latest_only_with_trigger to 2025-04-10 20:00:00+00:00, run_after=2025-04-11 00:00:00+00:00
[2025-04-11T01:55:07.562+0000] {processor.py:208} INFO - Processing /home/airflow/.local/lib/python3.12/site-packages/airflow/example_dags/example_latest_only_with_trigger.py took 0.079 seconds
[2025-04-11T01:55:38.543+0000] {processor.py:186} INFO - Started process (PID=1992) to work on /home/airflow/.local/lib/python3.12/site-packages/airflow/example_dags/example_latest_only_with_trigger.py
[2025-04-11T01:55:38.545+0000] {processor.py:914} INFO - Processing file /home/airflow/.local/lib/python3.12/site-packages/airflow/example_dags/example_latest_only_with_trigger.py for tasks to queue
[2025-04-11T01:55:38.546+0000] {logging_mixin.py:190} INFO - [2025-04-11T01:55:38.546+0000] {dagbag.py:588} INFO - Filling up the DagBag from /home/airflow/.local/lib/python3.12/site-packages/airflow/example_dags/example_latest_only_with_trigger.py
[2025-04-11T01:55:38.554+0000] {processor.py:925} INFO - DAG(s) 'latest_only_with_trigger' retrieved from /home/airflow/.local/lib/python3.12/site-packages/airflow/example_dags/example_latest_only_with_trigger.py
[2025-04-11T01:55:38.573+0000] {logging_mixin.py:190} INFO - [2025-04-11T01:55:38.573+0000] {dag.py:3239} INFO - Sync 1 DAGs
[2025-04-11T01:55:38.597+0000] {logging_mixin.py:190} INFO - [2025-04-11T01:55:38.596+0000] {dag.py:4180} INFO - Setting next_dagrun for latest_only_with_trigger to 2025-04-10 20:00:00+00:00, run_after=2025-04-11 00:00:00+00:00
[2025-04-11T01:55:38.624+0000] {processor.py:208} INFO - Processing /home/airflow/.local/lib/python3.12/site-packages/airflow/example_dags/example_latest_only_with_trigger.py took 0.086 seconds
[2025-04-11T01:56:09.564+0000] {processor.py:186} INFO - Started process (PID=2058) to work on /home/airflow/.local/lib/python3.12/site-packages/airflow/example_dags/example_latest_only_with_trigger.py
[2025-04-11T01:56:09.565+0000] {processor.py:914} INFO - Processing file /home/airflow/.local/lib/python3.12/site-packages/airflow/example_dags/example_latest_only_with_trigger.py for tasks to queue
[2025-04-11T01:56:09.567+0000] {logging_mixin.py:190} INFO - [2025-04-11T01:56:09.567+0000] {dagbag.py:588} INFO - Filling up the DagBag from /home/airflow/.local/lib/python3.12/site-packages/airflow/example_dags/example_latest_only_with_trigger.py
[2025-04-11T01:56:09.575+0000] {processor.py:925} INFO - DAG(s) 'latest_only_with_trigger' retrieved from /home/airflow/.local/lib/python3.12/site-packages/airflow/example_dags/example_latest_only_with_trigger.py
[2025-04-11T01:56:09.594+0000] {logging_mixin.py:190} INFO - [2025-04-11T01:56:09.594+0000] {dag.py:3239} INFO - Sync 1 DAGs
[2025-04-11T01:56:09.616+0000] {logging_mixin.py:190} INFO - [2025-04-11T01:56:09.616+0000] {dag.py:4180} INFO - Setting next_dagrun for latest_only_with_trigger to 2025-04-10 20:00:00+00:00, run_after=2025-04-11 00:00:00+00:00
[2025-04-11T01:56:09.636+0000] {processor.py:208} INFO - Processing /home/airflow/.local/lib/python3.12/site-packages/airflow/example_dags/example_latest_only_with_trigger.py took 0.078 seconds
[2025-04-11T01:56:42.403+0000] {processor.py:186} INFO - Started process (PID=2123) to work on /home/airflow/.local/lib/python3.12/site-packages/airflow/example_dags/example_latest_only_with_trigger.py
[2025-04-11T01:56:42.405+0000] {processor.py:914} INFO - Processing file /home/airflow/.local/lib/python3.12/site-packages/airflow/example_dags/example_latest_only_with_trigger.py for tasks to queue
[2025-04-11T01:56:42.407+0000] {logging_mixin.py:190} INFO - [2025-04-11T01:56:42.407+0000] {dagbag.py:588} INFO - Filling up the DagBag from /home/airflow/.local/lib/python3.12/site-packages/airflow/example_dags/example_latest_only_with_trigger.py
[2025-04-11T01:56:42.422+0000] {processor.py:925} INFO - DAG(s) 'latest_only_with_trigger' retrieved from /home/airflow/.local/lib/python3.12/site-packages/airflow/example_dags/example_latest_only_with_trigger.py
[2025-04-11T01:56:42.460+0000] {logging_mixin.py:190} INFO - [2025-04-11T01:56:42.460+0000] {dag.py:3239} INFO - Sync 1 DAGs
[2025-04-11T01:56:42.513+0000] {logging_mixin.py:190} INFO - [2025-04-11T01:56:42.513+0000] {dag.py:4180} INFO - Setting next_dagrun for latest_only_with_trigger to 2025-04-10 20:00:00+00:00, run_after=2025-04-11 00:00:00+00:00
[2025-04-11T01:56:42.558+0000] {processor.py:208} INFO - Processing /home/airflow/.local/lib/python3.12/site-packages/airflow/example_dags/example_latest_only_with_trigger.py took 0.165 seconds
[2025-04-11T01:57:13.461+0000] {processor.py:186} INFO - Started process (PID=2188) to work on /home/airflow/.local/lib/python3.12/site-packages/airflow/example_dags/example_latest_only_with_trigger.py
[2025-04-11T01:57:13.464+0000] {processor.py:914} INFO - Processing file /home/airflow/.local/lib/python3.12/site-packages/airflow/example_dags/example_latest_only_with_trigger.py for tasks to queue
[2025-04-11T01:57:13.466+0000] {logging_mixin.py:190} INFO - [2025-04-11T01:57:13.466+0000] {dagbag.py:588} INFO - Filling up the DagBag from /home/airflow/.local/lib/python3.12/site-packages/airflow/example_dags/example_latest_only_with_trigger.py
[2025-04-11T01:57:13.483+0000] {processor.py:925} INFO - DAG(s) 'latest_only_with_trigger' retrieved from /home/airflow/.local/lib/python3.12/site-packages/airflow/example_dags/example_latest_only_with_trigger.py
[2025-04-11T01:57:13.523+0000] {logging_mixin.py:190} INFO - [2025-04-11T01:57:13.523+0000] {dag.py:3239} INFO - Sync 1 DAGs
[2025-04-11T01:57:13.570+0000] {logging_mixin.py:190} INFO - [2025-04-11T01:57:13.570+0000] {dag.py:4180} INFO - Setting next_dagrun for latest_only_with_trigger to 2025-04-10 20:00:00+00:00, run_after=2025-04-11 00:00:00+00:00
[2025-04-11T01:57:13.610+0000] {processor.py:208} INFO - Processing /home/airflow/.local/lib/python3.12/site-packages/airflow/example_dags/example_latest_only_with_trigger.py took 0.169 seconds
[2025-04-11T01:57:43.839+0000] {processor.py:186} INFO - Started process (PID=2253) to work on /home/airflow/.local/lib/python3.12/site-packages/airflow/example_dags/example_latest_only_with_trigger.py
[2025-04-11T01:57:43.841+0000] {processor.py:914} INFO - Processing file /home/airflow/.local/lib/python3.12/site-packages/airflow/example_dags/example_latest_only_with_trigger.py for tasks to queue
[2025-04-11T01:57:43.842+0000] {logging_mixin.py:190} INFO - [2025-04-11T01:57:43.842+0000] {dagbag.py:588} INFO - Filling up the DagBag from /home/airflow/.local/lib/python3.12/site-packages/airflow/example_dags/example_latest_only_with_trigger.py
[2025-04-11T01:57:43.852+0000] {processor.py:925} INFO - DAG(s) 'latest_only_with_trigger' retrieved from /home/airflow/.local/lib/python3.12/site-packages/airflow/example_dags/example_latest_only_with_trigger.py
[2025-04-11T01:57:43.874+0000] {logging_mixin.py:190} INFO - [2025-04-11T01:57:43.874+0000] {dag.py:3239} INFO - Sync 1 DAGs
[2025-04-11T01:57:43.898+0000] {logging_mixin.py:190} INFO - [2025-04-11T01:57:43.898+0000] {dag.py:4180} INFO - Setting next_dagrun for latest_only_with_trigger to 2025-04-10 20:00:00+00:00, run_after=2025-04-11 00:00:00+00:00
[2025-04-11T01:57:43.921+0000] {processor.py:208} INFO - Processing /home/airflow/.local/lib/python3.12/site-packages/airflow/example_dags/example_latest_only_with_trigger.py took 0.086 seconds
[2025-04-11T01:58:14.311+0000] {processor.py:186} INFO - Started process (PID=2317) to work on /home/airflow/.local/lib/python3.12/site-packages/airflow/example_dags/example_latest_only_with_trigger.py
[2025-04-11T01:58:14.313+0000] {processor.py:914} INFO - Processing file /home/airflow/.local/lib/python3.12/site-packages/airflow/example_dags/example_latest_only_with_trigger.py for tasks to queue
[2025-04-11T01:58:14.315+0000] {logging_mixin.py:190} INFO - [2025-04-11T01:58:14.315+0000] {dagbag.py:588} INFO - Filling up the DagBag from /home/airflow/.local/lib/python3.12/site-packages/airflow/example_dags/example_latest_only_with_trigger.py
[2025-04-11T01:58:14.326+0000] {processor.py:925} INFO - DAG(s) 'latest_only_with_trigger' retrieved from /home/airflow/.local/lib/python3.12/site-packages/airflow/example_dags/example_latest_only_with_trigger.py
[2025-04-11T01:58:14.351+0000] {logging_mixin.py:190} INFO - [2025-04-11T01:58:14.351+0000] {dag.py:3239} INFO - Sync 1 DAGs
[2025-04-11T01:58:14.378+0000] {logging_mixin.py:190} INFO - [2025-04-11T01:58:14.378+0000] {dag.py:4180} INFO - Setting next_dagrun for latest_only_with_trigger to 2025-04-10 20:00:00+00:00, run_after=2025-04-11 00:00:00+00:00
[2025-04-11T01:58:14.405+0000] {processor.py:208} INFO - Processing /home/airflow/.local/lib/python3.12/site-packages/airflow/example_dags/example_latest_only_with_trigger.py took 0.101 seconds
[2025-04-11T01:58:45.628+0000] {processor.py:186} INFO - Started process (PID=2382) to work on /home/airflow/.local/lib/python3.12/site-packages/airflow/example_dags/example_latest_only_with_trigger.py
[2025-04-11T01:58:45.630+0000] {processor.py:914} INFO - Processing file /home/airflow/.local/lib/python3.12/site-packages/airflow/example_dags/example_latest_only_with_trigger.py for tasks to queue
[2025-04-11T01:58:45.632+0000] {logging_mixin.py:190} INFO - [2025-04-11T01:58:45.631+0000] {dagbag.py:588} INFO - Filling up the DagBag from /home/airflow/.local/lib/python3.12/site-packages/airflow/example_dags/example_latest_only_with_trigger.py
[2025-04-11T01:58:45.649+0000] {processor.py:925} INFO - DAG(s) 'latest_only_with_trigger' retrieved from /home/airflow/.local/lib/python3.12/site-packages/airflow/example_dags/example_latest_only_with_trigger.py
[2025-04-11T01:58:45.687+0000] {logging_mixin.py:190} INFO - [2025-04-11T01:58:45.686+0000] {dag.py:3239} INFO - Sync 1 DAGs
[2025-04-11T01:58:45.746+0000] {logging_mixin.py:190} INFO - [2025-04-11T01:58:45.746+0000] {dag.py:4180} INFO - Setting next_dagrun for latest_only_with_trigger to 2025-04-10 20:00:00+00:00, run_after=2025-04-11 00:00:00+00:00
[2025-04-11T01:58:45.783+0000] {processor.py:208} INFO - Processing /home/airflow/.local/lib/python3.12/site-packages/airflow/example_dags/example_latest_only_with_trigger.py took 0.163 seconds
[2025-04-11T01:59:16.155+0000] {processor.py:186} INFO - Started process (PID=2448) to work on /home/airflow/.local/lib/python3.12/site-packages/airflow/example_dags/example_latest_only_with_trigger.py
[2025-04-11T01:59:16.157+0000] {processor.py:914} INFO - Processing file /home/airflow/.local/lib/python3.12/site-packages/airflow/example_dags/example_latest_only_with_trigger.py for tasks to queue
[2025-04-11T01:59:16.160+0000] {logging_mixin.py:190} INFO - [2025-04-11T01:59:16.159+0000] {dagbag.py:588} INFO - Filling up the DagBag from /home/airflow/.local/lib/python3.12/site-packages/airflow/example_dags/example_latest_only_with_trigger.py
[2025-04-11T01:59:16.180+0000] {processor.py:925} INFO - DAG(s) 'latest_only_with_trigger' retrieved from /home/airflow/.local/lib/python3.12/site-packages/airflow/example_dags/example_latest_only_with_trigger.py
[2025-04-11T01:59:16.211+0000] {logging_mixin.py:190} INFO - [2025-04-11T01:59:16.211+0000] {dag.py:3239} INFO - Sync 1 DAGs
[2025-04-11T01:59:16.266+0000] {logging_mixin.py:190} INFO - [2025-04-11T01:59:16.266+0000] {dag.py:4180} INFO - Setting next_dagrun for latest_only_with_trigger to 2025-04-10 20:00:00+00:00, run_after=2025-04-11 00:00:00+00:00
[2025-04-11T01:59:16.304+0000] {processor.py:208} INFO - Processing /home/airflow/.local/lib/python3.12/site-packages/airflow/example_dags/example_latest_only_with_trigger.py took 0.165 seconds
[2025-04-11T01:59:50.551+0000] {processor.py:186} INFO - Started process (PID=2513) to work on /home/airflow/.local/lib/python3.12/site-packages/airflow/example_dags/example_latest_only_with_trigger.py
[2025-04-11T01:59:50.554+0000] {processor.py:914} INFO - Processing file /home/airflow/.local/lib/python3.12/site-packages/airflow/example_dags/example_latest_only_with_trigger.py for tasks to queue
[2025-04-11T01:59:50.558+0000] {logging_mixin.py:190} INFO - [2025-04-11T01:59:50.557+0000] {dagbag.py:588} INFO - Filling up the DagBag from /home/airflow/.local/lib/python3.12/site-packages/airflow/example_dags/example_latest_only_with_trigger.py
[2025-04-11T01:59:50.588+0000] {processor.py:925} INFO - DAG(s) 'latest_only_with_trigger' retrieved from /home/airflow/.local/lib/python3.12/site-packages/airflow/example_dags/example_latest_only_with_trigger.py
[2025-04-11T01:59:50.654+0000] {logging_mixin.py:190} INFO - [2025-04-11T01:59:50.653+0000] {dag.py:3239} INFO - Sync 1 DAGs
[2025-04-11T01:59:50.759+0000] {logging_mixin.py:190} INFO - [2025-04-11T01:59:50.758+0000] {dag.py:4180} INFO - Setting next_dagrun for latest_only_with_trigger to 2025-04-10 20:00:00+00:00, run_after=2025-04-11 00:00:00+00:00
[2025-04-11T01:59:50.839+0000] {processor.py:208} INFO - Processing /home/airflow/.local/lib/python3.12/site-packages/airflow/example_dags/example_latest_only_with_trigger.py took 0.307 seconds
[2025-04-11T02:00:22.800+0000] {processor.py:186} INFO - Started process (PID=2578) to work on /home/airflow/.local/lib/python3.12/site-packages/airflow/example_dags/example_latest_only_with_trigger.py
[2025-04-11T02:00:22.802+0000] {processor.py:914} INFO - Processing file /home/airflow/.local/lib/python3.12/site-packages/airflow/example_dags/example_latest_only_with_trigger.py for tasks to queue
[2025-04-11T02:00:22.806+0000] {logging_mixin.py:190} INFO - [2025-04-11T02:00:22.805+0000] {dagbag.py:588} INFO - Filling up the DagBag from /home/airflow/.local/lib/python3.12/site-packages/airflow/example_dags/example_latest_only_with_trigger.py
[2025-04-11T02:00:22.830+0000] {processor.py:925} INFO - DAG(s) 'latest_only_with_trigger' retrieved from /home/airflow/.local/lib/python3.12/site-packages/airflow/example_dags/example_latest_only_with_trigger.py
[2025-04-11T02:00:22.896+0000] {logging_mixin.py:190} INFO - [2025-04-11T02:00:22.895+0000] {dag.py:3239} INFO - Sync 1 DAGs
[2025-04-11T02:00:22.993+0000] {logging_mixin.py:190} INFO - [2025-04-11T02:00:22.993+0000] {dag.py:4180} INFO - Setting next_dagrun for latest_only_with_trigger to 2025-04-10 20:00:00+00:00, run_after=2025-04-11 00:00:00+00:00
[2025-04-11T02:00:23.053+0000] {processor.py:208} INFO - Processing /home/airflow/.local/lib/python3.12/site-packages/airflow/example_dags/example_latest_only_with_trigger.py took 0.268 seconds
[2025-04-11T02:00:54.585+0000] {processor.py:186} INFO - Started process (PID=2644) to work on /home/airflow/.local/lib/python3.12/site-packages/airflow/example_dags/example_latest_only_with_trigger.py
[2025-04-11T02:00:54.588+0000] {processor.py:914} INFO - Processing file /home/airflow/.local/lib/python3.12/site-packages/airflow/example_dags/example_latest_only_with_trigger.py for tasks to queue
[2025-04-11T02:00:54.593+0000] {logging_mixin.py:190} INFO - [2025-04-11T02:00:54.592+0000] {dagbag.py:588} INFO - Filling up the DagBag from /home/airflow/.local/lib/python3.12/site-packages/airflow/example_dags/example_latest_only_with_trigger.py
[2025-04-11T02:00:54.625+0000] {processor.py:925} INFO - DAG(s) 'latest_only_with_trigger' retrieved from /home/airflow/.local/lib/python3.12/site-packages/airflow/example_dags/example_latest_only_with_trigger.py
[2025-04-11T02:00:54.686+0000] {logging_mixin.py:190} INFO - [2025-04-11T02:00:54.685+0000] {dag.py:3239} INFO - Sync 1 DAGs
[2025-04-11T02:00:54.760+0000] {logging_mixin.py:190} INFO - [2025-04-11T02:00:54.758+0000] {dag.py:4180} INFO - Setting next_dagrun for latest_only_with_trigger to 2025-04-10 20:00:00+00:00, run_after=2025-04-11 00:00:00+00:00
[2025-04-11T02:00:54.819+0000] {processor.py:208} INFO - Processing /home/airflow/.local/lib/python3.12/site-packages/airflow/example_dags/example_latest_only_with_trigger.py took 0.254 seconds
[2025-04-11T02:01:27.292+0000] {processor.py:186} INFO - Started process (PID=2709) to work on /home/airflow/.local/lib/python3.12/site-packages/airflow/example_dags/example_latest_only_with_trigger.py
[2025-04-11T02:01:27.294+0000] {processor.py:914} INFO - Processing file /home/airflow/.local/lib/python3.12/site-packages/airflow/example_dags/example_latest_only_with_trigger.py for tasks to queue
[2025-04-11T02:01:27.298+0000] {logging_mixin.py:190} INFO - [2025-04-11T02:01:27.296+0000] {dagbag.py:588} INFO - Filling up the DagBag from /home/airflow/.local/lib/python3.12/site-packages/airflow/example_dags/example_latest_only_with_trigger.py
[2025-04-11T02:01:27.324+0000] {processor.py:925} INFO - DAG(s) 'latest_only_with_trigger' retrieved from /home/airflow/.local/lib/python3.12/site-packages/airflow/example_dags/example_latest_only_with_trigger.py
[2025-04-11T02:01:27.389+0000] {logging_mixin.py:190} INFO - [2025-04-11T02:01:27.389+0000] {dag.py:3239} INFO - Sync 1 DAGs
[2025-04-11T02:01:27.469+0000] {logging_mixin.py:190} INFO - [2025-04-11T02:01:27.468+0000] {dag.py:4180} INFO - Setting next_dagrun for latest_only_with_trigger to 2025-04-10 20:00:00+00:00, run_after=2025-04-11 00:00:00+00:00
[2025-04-11T02:01:27.525+0000] {processor.py:208} INFO - Processing /home/airflow/.local/lib/python3.12/site-packages/airflow/example_dags/example_latest_only_with_trigger.py took 0.253 seconds
[2025-04-11T02:02:00.419+0000] {processor.py:186} INFO - Started process (PID=2785) to work on /home/airflow/.local/lib/python3.12/site-packages/airflow/example_dags/example_latest_only_with_trigger.py
[2025-04-11T02:02:00.421+0000] {processor.py:914} INFO - Processing file /home/airflow/.local/lib/python3.12/site-packages/airflow/example_dags/example_latest_only_with_trigger.py for tasks to queue
[2025-04-11T02:02:00.427+0000] {logging_mixin.py:190} INFO - [2025-04-11T02:02:00.425+0000] {dagbag.py:588} INFO - Filling up the DagBag from /home/airflow/.local/lib/python3.12/site-packages/airflow/example_dags/example_latest_only_with_trigger.py
[2025-04-11T02:02:00.457+0000] {processor.py:925} INFO - DAG(s) 'latest_only_with_trigger' retrieved from /home/airflow/.local/lib/python3.12/site-packages/airflow/example_dags/example_latest_only_with_trigger.py
[2025-04-11T02:02:00.517+0000] {logging_mixin.py:190} INFO - [2025-04-11T02:02:00.517+0000] {dag.py:3239} INFO - Sync 1 DAGs
[2025-04-11T02:02:00.587+0000] {logging_mixin.py:190} INFO - [2025-04-11T02:02:00.587+0000] {dag.py:4180} INFO - Setting next_dagrun for latest_only_with_trigger to 2025-04-10 20:00:00+00:00, run_after=2025-04-11 00:00:00+00:00
[2025-04-11T02:02:00.642+0000] {processor.py:208} INFO - Processing /home/airflow/.local/lib/python3.12/site-packages/airflow/example_dags/example_latest_only_with_trigger.py took 0.243 seconds
[2025-04-11T02:02:31.854+0000] {processor.py:186} INFO - Started process (PID=2851) to work on /home/airflow/.local/lib/python3.12/site-packages/airflow/example_dags/example_latest_only_with_trigger.py
[2025-04-11T02:02:31.857+0000] {processor.py:914} INFO - Processing file /home/airflow/.local/lib/python3.12/site-packages/airflow/example_dags/example_latest_only_with_trigger.py for tasks to queue
[2025-04-11T02:02:31.859+0000] {logging_mixin.py:190} INFO - [2025-04-11T02:02:31.859+0000] {dagbag.py:588} INFO - Filling up the DagBag from /home/airflow/.local/lib/python3.12/site-packages/airflow/example_dags/example_latest_only_with_trigger.py
[2025-04-11T02:02:31.887+0000] {processor.py:925} INFO - DAG(s) 'latest_only_with_trigger' retrieved from /home/airflow/.local/lib/python3.12/site-packages/airflow/example_dags/example_latest_only_with_trigger.py
[2025-04-11T02:02:31.946+0000] {logging_mixin.py:190} INFO - [2025-04-11T02:02:31.945+0000] {dag.py:3239} INFO - Sync 1 DAGs
[2025-04-11T02:02:32.026+0000] {logging_mixin.py:190} INFO - [2025-04-11T02:02:32.025+0000] {dag.py:4180} INFO - Setting next_dagrun for latest_only_with_trigger to 2025-04-10 20:00:00+00:00, run_after=2025-04-11 00:00:00+00:00
[2025-04-11T02:02:32.085+0000] {processor.py:208} INFO - Processing /home/airflow/.local/lib/python3.12/site-packages/airflow/example_dags/example_latest_only_with_trigger.py took 0.249 seconds
[2025-04-11T02:03:03.145+0000] {processor.py:186} INFO - Started process (PID=2916) to work on /home/airflow/.local/lib/python3.12/site-packages/airflow/example_dags/example_latest_only_with_trigger.py
[2025-04-11T02:03:03.147+0000] {processor.py:914} INFO - Processing file /home/airflow/.local/lib/python3.12/site-packages/airflow/example_dags/example_latest_only_with_trigger.py for tasks to queue
[2025-04-11T02:03:03.150+0000] {logging_mixin.py:190} INFO - [2025-04-11T02:03:03.149+0000] {dagbag.py:588} INFO - Filling up the DagBag from /home/airflow/.local/lib/python3.12/site-packages/airflow/example_dags/example_latest_only_with_trigger.py
[2025-04-11T02:03:03.174+0000] {processor.py:925} INFO - DAG(s) 'latest_only_with_trigger' retrieved from /home/airflow/.local/lib/python3.12/site-packages/airflow/example_dags/example_latest_only_with_trigger.py
[2025-04-11T02:03:03.231+0000] {logging_mixin.py:190} INFO - [2025-04-11T02:03:03.230+0000] {dag.py:3239} INFO - Sync 1 DAGs
[2025-04-11T02:03:03.367+0000] {logging_mixin.py:190} INFO - [2025-04-11T02:03:03.366+0000] {dag.py:4180} INFO - Setting next_dagrun for latest_only_with_trigger to 2025-04-10 20:00:00+00:00, run_after=2025-04-11 00:00:00+00:00
[2025-04-11T02:03:03.432+0000] {processor.py:208} INFO - Processing /home/airflow/.local/lib/python3.12/site-packages/airflow/example_dags/example_latest_only_with_trigger.py took 0.306 seconds
[2025-04-11T02:03:34.024+0000] {processor.py:186} INFO - Started process (PID=2981) to work on /home/airflow/.local/lib/python3.12/site-packages/airflow/example_dags/example_latest_only_with_trigger.py
[2025-04-11T02:03:34.026+0000] {processor.py:914} INFO - Processing file /home/airflow/.local/lib/python3.12/site-packages/airflow/example_dags/example_latest_only_with_trigger.py for tasks to queue
[2025-04-11T02:03:34.029+0000] {logging_mixin.py:190} INFO - [2025-04-11T02:03:34.028+0000] {dagbag.py:588} INFO - Filling up the DagBag from /home/airflow/.local/lib/python3.12/site-packages/airflow/example_dags/example_latest_only_with_trigger.py
[2025-04-11T02:03:34.056+0000] {processor.py:925} INFO - DAG(s) 'latest_only_with_trigger' retrieved from /home/airflow/.local/lib/python3.12/site-packages/airflow/example_dags/example_latest_only_with_trigger.py
[2025-04-11T02:03:34.106+0000] {logging_mixin.py:190} INFO - [2025-04-11T02:03:34.106+0000] {dag.py:3239} INFO - Sync 1 DAGs
[2025-04-11T02:03:34.170+0000] {logging_mixin.py:190} INFO - [2025-04-11T02:03:34.170+0000] {dag.py:4180} INFO - Setting next_dagrun for latest_only_with_trigger to 2025-04-10 20:00:00+00:00, run_after=2025-04-11 00:00:00+00:00
[2025-04-11T02:03:34.209+0000] {processor.py:208} INFO - Processing /home/airflow/.local/lib/python3.12/site-packages/airflow/example_dags/example_latest_only_with_trigger.py took 0.193 seconds
[2025-04-11T02:04:04.926+0000] {processor.py:186} INFO - Started process (PID=3046) to work on /home/airflow/.local/lib/python3.12/site-packages/airflow/example_dags/example_latest_only_with_trigger.py
[2025-04-11T02:04:04.929+0000] {processor.py:914} INFO - Processing file /home/airflow/.local/lib/python3.12/site-packages/airflow/example_dags/example_latest_only_with_trigger.py for tasks to queue
[2025-04-11T02:04:04.931+0000] {logging_mixin.py:190} INFO - [2025-04-11T02:04:04.930+0000] {dagbag.py:588} INFO - Filling up the DagBag from /home/airflow/.local/lib/python3.12/site-packages/airflow/example_dags/example_latest_only_with_trigger.py
[2025-04-11T02:04:04.958+0000] {processor.py:925} INFO - DAG(s) 'latest_only_with_trigger' retrieved from /home/airflow/.local/lib/python3.12/site-packages/airflow/example_dags/example_latest_only_with_trigger.py
[2025-04-11T02:04:05.017+0000] {logging_mixin.py:190} INFO - [2025-04-11T02:04:05.016+0000] {dag.py:3239} INFO - Sync 1 DAGs
[2025-04-11T02:04:05.093+0000] {logging_mixin.py:190} INFO - [2025-04-11T02:04:05.093+0000] {dag.py:4180} INFO - Setting next_dagrun for latest_only_with_trigger to 2025-04-10 20:00:00+00:00, run_after=2025-04-11 00:00:00+00:00
[2025-04-11T02:04:05.148+0000] {processor.py:208} INFO - Processing /home/airflow/.local/lib/python3.12/site-packages/airflow/example_dags/example_latest_only_with_trigger.py took 0.240 seconds
[2025-04-11T02:04:36.063+0000] {processor.py:186} INFO - Started process (PID=3112) to work on /home/airflow/.local/lib/python3.12/site-packages/airflow/example_dags/example_latest_only_with_trigger.py
[2025-04-11T02:04:36.066+0000] {processor.py:914} INFO - Processing file /home/airflow/.local/lib/python3.12/site-packages/airflow/example_dags/example_latest_only_with_trigger.py for tasks to queue
[2025-04-11T02:04:36.070+0000] {logging_mixin.py:190} INFO - [2025-04-11T02:04:36.069+0000] {dagbag.py:588} INFO - Filling up the DagBag from /home/airflow/.local/lib/python3.12/site-packages/airflow/example_dags/example_latest_only_with_trigger.py
[2025-04-11T02:04:36.101+0000] {processor.py:925} INFO - DAG(s) 'latest_only_with_trigger' retrieved from /home/airflow/.local/lib/python3.12/site-packages/airflow/example_dags/example_latest_only_with_trigger.py
[2025-04-11T02:04:36.157+0000] {logging_mixin.py:190} INFO - [2025-04-11T02:04:36.156+0000] {dag.py:3239} INFO - Sync 1 DAGs
[2025-04-11T02:04:36.229+0000] {logging_mixin.py:190} INFO - [2025-04-11T02:04:36.229+0000] {dag.py:4180} INFO - Setting next_dagrun for latest_only_with_trigger to 2025-04-10 20:00:00+00:00, run_after=2025-04-11 00:00:00+00:00
[2025-04-11T02:04:36.287+0000] {processor.py:208} INFO - Processing /home/airflow/.local/lib/python3.12/site-packages/airflow/example_dags/example_latest_only_with_trigger.py took 0.244 seconds
[2025-04-11T02:05:06.419+0000] {processor.py:186} INFO - Started process (PID=3176) to work on /home/airflow/.local/lib/python3.12/site-packages/airflow/example_dags/example_latest_only_with_trigger.py
[2025-04-11T02:05:06.421+0000] {processor.py:914} INFO - Processing file /home/airflow/.local/lib/python3.12/site-packages/airflow/example_dags/example_latest_only_with_trigger.py for tasks to queue
[2025-04-11T02:05:06.425+0000] {logging_mixin.py:190} INFO - [2025-04-11T02:05:06.424+0000] {dagbag.py:588} INFO - Filling up the DagBag from /home/airflow/.local/lib/python3.12/site-packages/airflow/example_dags/example_latest_only_with_trigger.py
[2025-04-11T02:05:06.451+0000] {processor.py:925} INFO - DAG(s) 'latest_only_with_trigger' retrieved from /home/airflow/.local/lib/python3.12/site-packages/airflow/example_dags/example_latest_only_with_trigger.py
[2025-04-11T02:05:06.516+0000] {logging_mixin.py:190} INFO - [2025-04-11T02:05:06.515+0000] {dag.py:3239} INFO - Sync 1 DAGs
[2025-04-11T02:05:06.563+0000] {logging_mixin.py:190} INFO - [2025-04-11T02:05:06.563+0000] {dag.py:4180} INFO - Setting next_dagrun for latest_only_with_trigger to 2025-04-10 20:00:00+00:00, run_after=2025-04-11 00:00:00+00:00
[2025-04-11T02:05:06.597+0000] {processor.py:208} INFO - Processing /home/airflow/.local/lib/python3.12/site-packages/airflow/example_dags/example_latest_only_with_trigger.py took 0.197 seconds
[2025-04-11T02:05:37.466+0000] {processor.py:186} INFO - Started process (PID=3240) to work on /home/airflow/.local/lib/python3.12/site-packages/airflow/example_dags/example_latest_only_with_trigger.py
[2025-04-11T02:05:37.468+0000] {processor.py:914} INFO - Processing file /home/airflow/.local/lib/python3.12/site-packages/airflow/example_dags/example_latest_only_with_trigger.py for tasks to queue
[2025-04-11T02:05:37.470+0000] {logging_mixin.py:190} INFO - [2025-04-11T02:05:37.470+0000] {dagbag.py:588} INFO - Filling up the DagBag from /home/airflow/.local/lib/python3.12/site-packages/airflow/example_dags/example_latest_only_with_trigger.py
[2025-04-11T02:05:37.477+0000] {processor.py:925} INFO - DAG(s) 'latest_only_with_trigger' retrieved from /home/airflow/.local/lib/python3.12/site-packages/airflow/example_dags/example_latest_only_with_trigger.py
[2025-04-11T02:05:37.496+0000] {logging_mixin.py:190} INFO - [2025-04-11T02:05:37.496+0000] {dag.py:3239} INFO - Sync 1 DAGs
[2025-04-11T02:05:37.518+0000] {logging_mixin.py:190} INFO - [2025-04-11T02:05:37.518+0000] {dag.py:4180} INFO - Setting next_dagrun for latest_only_with_trigger to 2025-04-10 20:00:00+00:00, run_after=2025-04-11 00:00:00+00:00
[2025-04-11T02:05:37.538+0000] {processor.py:208} INFO - Processing /home/airflow/.local/lib/python3.12/site-packages/airflow/example_dags/example_latest_only_with_trigger.py took 0.078 seconds
[2025-04-11T02:06:08.244+0000] {processor.py:186} INFO - Started process (PID=3305) to work on /home/airflow/.local/lib/python3.12/site-packages/airflow/example_dags/example_latest_only_with_trigger.py
[2025-04-11T02:06:08.245+0000] {processor.py:914} INFO - Processing file /home/airflow/.local/lib/python3.12/site-packages/airflow/example_dags/example_latest_only_with_trigger.py for tasks to queue
[2025-04-11T02:06:08.246+0000] {logging_mixin.py:190} INFO - [2025-04-11T02:06:08.246+0000] {dagbag.py:588} INFO - Filling up the DagBag from /home/airflow/.local/lib/python3.12/site-packages/airflow/example_dags/example_latest_only_with_trigger.py
[2025-04-11T02:06:08.255+0000] {processor.py:925} INFO - DAG(s) 'latest_only_with_trigger' retrieved from /home/airflow/.local/lib/python3.12/site-packages/airflow/example_dags/example_latest_only_with_trigger.py
[2025-04-11T02:06:08.278+0000] {logging_mixin.py:190} INFO - [2025-04-11T02:06:08.277+0000] {dag.py:3239} INFO - Sync 1 DAGs
[2025-04-11T02:06:08.308+0000] {logging_mixin.py:190} INFO - [2025-04-11T02:06:08.308+0000] {dag.py:4180} INFO - Setting next_dagrun for latest_only_with_trigger to 2025-04-10 20:00:00+00:00, run_after=2025-04-11 00:00:00+00:00
[2025-04-11T02:06:08.377+0000] {processor.py:208} INFO - Processing /home/airflow/.local/lib/python3.12/site-packages/airflow/example_dags/example_latest_only_with_trigger.py took 0.138 seconds
[2025-04-11T02:06:38.955+0000] {processor.py:186} INFO - Started process (PID=3370) to work on /home/airflow/.local/lib/python3.12/site-packages/airflow/example_dags/example_latest_only_with_trigger.py
[2025-04-11T02:06:38.957+0000] {processor.py:914} INFO - Processing file /home/airflow/.local/lib/python3.12/site-packages/airflow/example_dags/example_latest_only_with_trigger.py for tasks to queue
[2025-04-11T02:06:38.961+0000] {logging_mixin.py:190} INFO - [2025-04-11T02:06:38.960+0000] {dagbag.py:588} INFO - Filling up the DagBag from /home/airflow/.local/lib/python3.12/site-packages/airflow/example_dags/example_latest_only_with_trigger.py
[2025-04-11T02:06:38.986+0000] {processor.py:925} INFO - DAG(s) 'latest_only_with_trigger' retrieved from /home/airflow/.local/lib/python3.12/site-packages/airflow/example_dags/example_latest_only_with_trigger.py
[2025-04-11T02:06:39.045+0000] {logging_mixin.py:190} INFO - [2025-04-11T02:06:39.044+0000] {dag.py:3239} INFO - Sync 1 DAGs
[2025-04-11T02:06:39.112+0000] {logging_mixin.py:190} INFO - [2025-04-11T02:06:39.111+0000] {dag.py:4180} INFO - Setting next_dagrun for latest_only_with_trigger to 2025-04-10 20:00:00+00:00, run_after=2025-04-11 00:00:00+00:00
[2025-04-11T02:06:39.166+0000] {processor.py:208} INFO - Processing /home/airflow/.local/lib/python3.12/site-packages/airflow/example_dags/example_latest_only_with_trigger.py took 0.226 seconds
[2025-04-11T02:07:09.759+0000] {processor.py:186} INFO - Started process (PID=3435) to work on /home/airflow/.local/lib/python3.12/site-packages/airflow/example_dags/example_latest_only_with_trigger.py
[2025-04-11T02:07:09.761+0000] {processor.py:914} INFO - Processing file /home/airflow/.local/lib/python3.12/site-packages/airflow/example_dags/example_latest_only_with_trigger.py for tasks to queue
[2025-04-11T02:07:09.763+0000] {logging_mixin.py:190} INFO - [2025-04-11T02:07:09.763+0000] {dagbag.py:588} INFO - Filling up the DagBag from /home/airflow/.local/lib/python3.12/site-packages/airflow/example_dags/example_latest_only_with_trigger.py
[2025-04-11T02:07:09.775+0000] {processor.py:925} INFO - DAG(s) 'latest_only_with_trigger' retrieved from /home/airflow/.local/lib/python3.12/site-packages/airflow/example_dags/example_latest_only_with_trigger.py
[2025-04-11T02:07:09.816+0000] {logging_mixin.py:190} INFO - [2025-04-11T02:07:09.816+0000] {dag.py:3239} INFO - Sync 1 DAGs
[2025-04-11T02:07:09.864+0000] {logging_mixin.py:190} INFO - [2025-04-11T02:07:09.863+0000] {dag.py:4180} INFO - Setting next_dagrun for latest_only_with_trigger to 2025-04-10 20:00:00+00:00, run_after=2025-04-11 00:00:00+00:00
[2025-04-11T02:07:09.898+0000] {processor.py:208} INFO - Processing /home/airflow/.local/lib/python3.12/site-packages/airflow/example_dags/example_latest_only_with_trigger.py took 0.152 seconds
[2025-04-11T02:07:40.092+0000] {processor.py:186} INFO - Started process (PID=3499) to work on /home/airflow/.local/lib/python3.12/site-packages/airflow/example_dags/example_latest_only_with_trigger.py
[2025-04-11T02:07:40.095+0000] {processor.py:914} INFO - Processing file /home/airflow/.local/lib/python3.12/site-packages/airflow/example_dags/example_latest_only_with_trigger.py for tasks to queue
[2025-04-11T02:07:40.099+0000] {logging_mixin.py:190} INFO - [2025-04-11T02:07:40.098+0000] {dagbag.py:588} INFO - Filling up the DagBag from /home/airflow/.local/lib/python3.12/site-packages/airflow/example_dags/example_latest_only_with_trigger.py
[2025-04-11T02:07:40.127+0000] {processor.py:925} INFO - DAG(s) 'latest_only_with_trigger' retrieved from /home/airflow/.local/lib/python3.12/site-packages/airflow/example_dags/example_latest_only_with_trigger.py
[2025-04-11T02:07:40.189+0000] {logging_mixin.py:190} INFO - [2025-04-11T02:07:40.188+0000] {dag.py:3239} INFO - Sync 1 DAGs
[2025-04-11T02:07:40.281+0000] {logging_mixin.py:190} INFO - [2025-04-11T02:07:40.280+0000] {dag.py:4180} INFO - Setting next_dagrun for latest_only_with_trigger to 2025-04-10 20:00:00+00:00, run_after=2025-04-11 00:00:00+00:00
[2025-04-11T02:07:40.349+0000] {processor.py:208} INFO - Processing /home/airflow/.local/lib/python3.12/site-packages/airflow/example_dags/example_latest_only_with_trigger.py took 0.277 seconds
[2025-04-11T02:08:11.202+0000] {processor.py:186} INFO - Started process (PID=3564) to work on /home/airflow/.local/lib/python3.12/site-packages/airflow/example_dags/example_latest_only_with_trigger.py
[2025-04-11T02:08:11.206+0000] {processor.py:914} INFO - Processing file /home/airflow/.local/lib/python3.12/site-packages/airflow/example_dags/example_latest_only_with_trigger.py for tasks to queue
[2025-04-11T02:08:11.210+0000] {logging_mixin.py:190} INFO - [2025-04-11T02:08:11.209+0000] {dagbag.py:588} INFO - Filling up the DagBag from /home/airflow/.local/lib/python3.12/site-packages/airflow/example_dags/example_latest_only_with_trigger.py
[2025-04-11T02:08:11.243+0000] {processor.py:925} INFO - DAG(s) 'latest_only_with_trigger' retrieved from /home/airflow/.local/lib/python3.12/site-packages/airflow/example_dags/example_latest_only_with_trigger.py
[2025-04-11T02:08:11.315+0000] {logging_mixin.py:190} INFO - [2025-04-11T02:08:11.314+0000] {dag.py:3239} INFO - Sync 1 DAGs
[2025-04-11T02:08:11.394+0000] {logging_mixin.py:190} INFO - [2025-04-11T02:08:11.394+0000] {dag.py:4180} INFO - Setting next_dagrun for latest_only_with_trigger to 2025-04-10 20:00:00+00:00, run_after=2025-04-11 00:00:00+00:00
[2025-04-11T02:08:11.471+0000] {processor.py:208} INFO - Processing /home/airflow/.local/lib/python3.12/site-packages/airflow/example_dags/example_latest_only_with_trigger.py took 0.293 seconds
[2025-04-11T02:08:41.594+0000] {processor.py:186} INFO - Started process (PID=3629) to work on /home/airflow/.local/lib/python3.12/site-packages/airflow/example_dags/example_latest_only_with_trigger.py
[2025-04-11T02:08:41.596+0000] {processor.py:914} INFO - Processing file /home/airflow/.local/lib/python3.12/site-packages/airflow/example_dags/example_latest_only_with_trigger.py for tasks to queue
[2025-04-11T02:08:41.599+0000] {logging_mixin.py:190} INFO - [2025-04-11T02:08:41.598+0000] {dagbag.py:588} INFO - Filling up the DagBag from /home/airflow/.local/lib/python3.12/site-packages/airflow/example_dags/example_latest_only_with_trigger.py
[2025-04-11T02:08:41.624+0000] {processor.py:925} INFO - DAG(s) 'latest_only_with_trigger' retrieved from /home/airflow/.local/lib/python3.12/site-packages/airflow/example_dags/example_latest_only_with_trigger.py
[2025-04-11T02:08:41.686+0000] {logging_mixin.py:190} INFO - [2025-04-11T02:08:41.686+0000] {dag.py:3239} INFO - Sync 1 DAGs
[2025-04-11T02:08:41.768+0000] {logging_mixin.py:190} INFO - [2025-04-11T02:08:41.768+0000] {dag.py:4180} INFO - Setting next_dagrun for latest_only_with_trigger to 2025-04-10 20:00:00+00:00, run_after=2025-04-11 00:00:00+00:00
[2025-04-11T02:08:41.827+0000] {processor.py:208} INFO - Processing /home/airflow/.local/lib/python3.12/site-packages/airflow/example_dags/example_latest_only_with_trigger.py took 0.243 seconds
[2025-04-11T02:09:13.194+0000] {processor.py:186} INFO - Started process (PID=3694) to work on /home/airflow/.local/lib/python3.12/site-packages/airflow/example_dags/example_latest_only_with_trigger.py
[2025-04-11T02:09:13.197+0000] {processor.py:914} INFO - Processing file /home/airflow/.local/lib/python3.12/site-packages/airflow/example_dags/example_latest_only_with_trigger.py for tasks to queue
[2025-04-11T02:09:13.200+0000] {logging_mixin.py:190} INFO - [2025-04-11T02:09:13.199+0000] {dagbag.py:588} INFO - Filling up the DagBag from /home/airflow/.local/lib/python3.12/site-packages/airflow/example_dags/example_latest_only_with_trigger.py
[2025-04-11T02:09:13.221+0000] {processor.py:925} INFO - DAG(s) 'latest_only_with_trigger' retrieved from /home/airflow/.local/lib/python3.12/site-packages/airflow/example_dags/example_latest_only_with_trigger.py
[2025-04-11T02:09:13.258+0000] {logging_mixin.py:190} INFO - [2025-04-11T02:09:13.258+0000] {dag.py:3239} INFO - Sync 1 DAGs
[2025-04-11T02:09:13.323+0000] {logging_mixin.py:190} INFO - [2025-04-11T02:09:13.323+0000] {dag.py:4180} INFO - Setting next_dagrun for latest_only_with_trigger to 2025-04-10 20:00:00+00:00, run_after=2025-04-11 00:00:00+00:00
[2025-04-11T02:09:13.373+0000] {processor.py:208} INFO - Processing /home/airflow/.local/lib/python3.12/site-packages/airflow/example_dags/example_latest_only_with_trigger.py took 0.198 seconds
[2025-04-11T02:09:45.516+0000] {processor.py:186} INFO - Started process (PID=3759) to work on /home/airflow/.local/lib/python3.12/site-packages/airflow/example_dags/example_latest_only_with_trigger.py
[2025-04-11T02:09:45.519+0000] {processor.py:914} INFO - Processing file /home/airflow/.local/lib/python3.12/site-packages/airflow/example_dags/example_latest_only_with_trigger.py for tasks to queue
[2025-04-11T02:09:45.523+0000] {logging_mixin.py:190} INFO - [2025-04-11T02:09:45.522+0000] {dagbag.py:588} INFO - Filling up the DagBag from /home/airflow/.local/lib/python3.12/site-packages/airflow/example_dags/example_latest_only_with_trigger.py
[2025-04-11T02:09:45.549+0000] {processor.py:925} INFO - DAG(s) 'latest_only_with_trigger' retrieved from /home/airflow/.local/lib/python3.12/site-packages/airflow/example_dags/example_latest_only_with_trigger.py
[2025-04-11T02:09:45.607+0000] {logging_mixin.py:190} INFO - [2025-04-11T02:09:45.606+0000] {dag.py:3239} INFO - Sync 1 DAGs
[2025-04-11T02:09:45.674+0000] {logging_mixin.py:190} INFO - [2025-04-11T02:09:45.673+0000] {dag.py:4180} INFO - Setting next_dagrun for latest_only_with_trigger to 2025-04-10 20:00:00+00:00, run_after=2025-04-11 00:00:00+00:00
[2025-04-11T02:09:45.723+0000] {processor.py:208} INFO - Processing /home/airflow/.local/lib/python3.12/site-packages/airflow/example_dags/example_latest_only_with_trigger.py took 0.224 seconds
[2025-04-11T02:10:16.789+0000] {processor.py:186} INFO - Started process (PID=3824) to work on /home/airflow/.local/lib/python3.12/site-packages/airflow/example_dags/example_latest_only_with_trigger.py
[2025-04-11T02:10:16.791+0000] {processor.py:914} INFO - Processing file /home/airflow/.local/lib/python3.12/site-packages/airflow/example_dags/example_latest_only_with_trigger.py for tasks to queue
[2025-04-11T02:10:16.794+0000] {logging_mixin.py:190} INFO - [2025-04-11T02:10:16.793+0000] {dagbag.py:588} INFO - Filling up the DagBag from /home/airflow/.local/lib/python3.12/site-packages/airflow/example_dags/example_latest_only_with_trigger.py
[2025-04-11T02:10:16.821+0000] {processor.py:925} INFO - DAG(s) 'latest_only_with_trigger' retrieved from /home/airflow/.local/lib/python3.12/site-packages/airflow/example_dags/example_latest_only_with_trigger.py
[2025-04-11T02:10:16.882+0000] {logging_mixin.py:190} INFO - [2025-04-11T02:10:16.882+0000] {dag.py:3239} INFO - Sync 1 DAGs
[2025-04-11T02:10:16.948+0000] {logging_mixin.py:190} INFO - [2025-04-11T02:10:16.948+0000] {dag.py:4180} INFO - Setting next_dagrun for latest_only_with_trigger to 2025-04-10 20:00:00+00:00, run_after=2025-04-11 00:00:00+00:00
[2025-04-11T02:10:16.993+0000] {processor.py:208} INFO - Processing /home/airflow/.local/lib/python3.12/site-packages/airflow/example_dags/example_latest_only_with_trigger.py took 0.221 seconds
[2025-04-11T02:10:48.410+0000] {processor.py:186} INFO - Started process (PID=3890) to work on /home/airflow/.local/lib/python3.12/site-packages/airflow/example_dags/example_latest_only_with_trigger.py
[2025-04-11T02:10:48.412+0000] {processor.py:914} INFO - Processing file /home/airflow/.local/lib/python3.12/site-packages/airflow/example_dags/example_latest_only_with_trigger.py for tasks to queue
[2025-04-11T02:10:48.415+0000] {logging_mixin.py:190} INFO - [2025-04-11T02:10:48.414+0000] {dagbag.py:588} INFO - Filling up the DagBag from /home/airflow/.local/lib/python3.12/site-packages/airflow/example_dags/example_latest_only_with_trigger.py
[2025-04-11T02:10:48.442+0000] {processor.py:925} INFO - DAG(s) 'latest_only_with_trigger' retrieved from /home/airflow/.local/lib/python3.12/site-packages/airflow/example_dags/example_latest_only_with_trigger.py
[2025-04-11T02:10:48.499+0000] {logging_mixin.py:190} INFO - [2025-04-11T02:10:48.498+0000] {dag.py:3239} INFO - Sync 1 DAGs
[2025-04-11T02:10:48.570+0000] {logging_mixin.py:190} INFO - [2025-04-11T02:10:48.569+0000] {dag.py:4180} INFO - Setting next_dagrun for latest_only_with_trigger to 2025-04-10 20:00:00+00:00, run_after=2025-04-11 00:00:00+00:00
[2025-04-11T02:10:48.622+0000] {processor.py:208} INFO - Processing /home/airflow/.local/lib/python3.12/site-packages/airflow/example_dags/example_latest_only_with_trigger.py took 0.229 seconds
[2025-04-11T02:11:20.915+0000] {processor.py:186} INFO - Started process (PID=3955) to work on /home/airflow/.local/lib/python3.12/site-packages/airflow/example_dags/example_latest_only_with_trigger.py
[2025-04-11T02:11:20.918+0000] {processor.py:914} INFO - Processing file /home/airflow/.local/lib/python3.12/site-packages/airflow/example_dags/example_latest_only_with_trigger.py for tasks to queue
[2025-04-11T02:11:20.923+0000] {logging_mixin.py:190} INFO - [2025-04-11T02:11:20.922+0000] {dagbag.py:588} INFO - Filling up the DagBag from /home/airflow/.local/lib/python3.12/site-packages/airflow/example_dags/example_latest_only_with_trigger.py
[2025-04-11T02:11:20.950+0000] {processor.py:925} INFO - DAG(s) 'latest_only_with_trigger' retrieved from /home/airflow/.local/lib/python3.12/site-packages/airflow/example_dags/example_latest_only_with_trigger.py
[2025-04-11T02:11:21.011+0000] {logging_mixin.py:190} INFO - [2025-04-11T02:11:21.010+0000] {dag.py:3239} INFO - Sync 1 DAGs
[2025-04-11T02:11:21.083+0000] {logging_mixin.py:190} INFO - [2025-04-11T02:11:21.083+0000] {dag.py:4180} INFO - Setting next_dagrun for latest_only_with_trigger to 2025-04-10 20:00:00+00:00, run_after=2025-04-11 00:00:00+00:00
[2025-04-11T02:11:21.122+0000] {processor.py:208} INFO - Processing /home/airflow/.local/lib/python3.12/site-packages/airflow/example_dags/example_latest_only_with_trigger.py took 0.225 seconds
[2025-04-11T02:11:53.596+0000] {processor.py:186} INFO - Started process (PID=4020) to work on /home/airflow/.local/lib/python3.12/site-packages/airflow/example_dags/example_latest_only_with_trigger.py
[2025-04-11T02:11:53.599+0000] {processor.py:914} INFO - Processing file /home/airflow/.local/lib/python3.12/site-packages/airflow/example_dags/example_latest_only_with_trigger.py for tasks to queue
[2025-04-11T02:11:53.604+0000] {logging_mixin.py:190} INFO - [2025-04-11T02:11:53.603+0000] {dagbag.py:588} INFO - Filling up the DagBag from /home/airflow/.local/lib/python3.12/site-packages/airflow/example_dags/example_latest_only_with_trigger.py
[2025-04-11T02:11:53.636+0000] {processor.py:925} INFO - DAG(s) 'latest_only_with_trigger' retrieved from /home/airflow/.local/lib/python3.12/site-packages/airflow/example_dags/example_latest_only_with_trigger.py
[2025-04-11T02:11:53.701+0000] {logging_mixin.py:190} INFO - [2025-04-11T02:11:53.700+0000] {dag.py:3239} INFO - Sync 1 DAGs
[2025-04-11T02:11:53.778+0000] {logging_mixin.py:190} INFO - [2025-04-11T02:11:53.777+0000] {dag.py:4180} INFO - Setting next_dagrun for latest_only_with_trigger to 2025-04-10 20:00:00+00:00, run_after=2025-04-11 00:00:00+00:00
[2025-04-11T02:11:53.833+0000] {processor.py:208} INFO - Processing /home/airflow/.local/lib/python3.12/site-packages/airflow/example_dags/example_latest_only_with_trigger.py took 0.261 seconds
[2025-04-11T02:12:24.132+0000] {processor.py:186} INFO - Started process (PID=4085) to work on /home/airflow/.local/lib/python3.12/site-packages/airflow/example_dags/example_latest_only_with_trigger.py
[2025-04-11T02:12:24.134+0000] {processor.py:914} INFO - Processing file /home/airflow/.local/lib/python3.12/site-packages/airflow/example_dags/example_latest_only_with_trigger.py for tasks to queue
[2025-04-11T02:12:24.137+0000] {logging_mixin.py:190} INFO - [2025-04-11T02:12:24.137+0000] {dagbag.py:588} INFO - Filling up the DagBag from /home/airflow/.local/lib/python3.12/site-packages/airflow/example_dags/example_latest_only_with_trigger.py
[2025-04-11T02:12:24.160+0000] {processor.py:925} INFO - DAG(s) 'latest_only_with_trigger' retrieved from /home/airflow/.local/lib/python3.12/site-packages/airflow/example_dags/example_latest_only_with_trigger.py
[2025-04-11T02:12:24.219+0000] {logging_mixin.py:190} INFO - [2025-04-11T02:12:24.218+0000] {dag.py:3239} INFO - Sync 1 DAGs
[2025-04-11T02:12:24.288+0000] {logging_mixin.py:190} INFO - [2025-04-11T02:12:24.288+0000] {dag.py:4180} INFO - Setting next_dagrun for latest_only_with_trigger to 2025-04-10 20:00:00+00:00, run_after=2025-04-11 00:00:00+00:00
[2025-04-11T02:12:24.349+0000] {processor.py:208} INFO - Processing /home/airflow/.local/lib/python3.12/site-packages/airflow/example_dags/example_latest_only_with_trigger.py took 0.232 seconds
[2025-04-11T02:12:55.559+0000] {processor.py:186} INFO - Started process (PID=4151) to work on /home/airflow/.local/lib/python3.12/site-packages/airflow/example_dags/example_latest_only_with_trigger.py
[2025-04-11T02:12:55.562+0000] {processor.py:914} INFO - Processing file /home/airflow/.local/lib/python3.12/site-packages/airflow/example_dags/example_latest_only_with_trigger.py for tasks to queue
[2025-04-11T02:12:55.566+0000] {logging_mixin.py:190} INFO - [2025-04-11T02:12:55.564+0000] {dagbag.py:588} INFO - Filling up the DagBag from /home/airflow/.local/lib/python3.12/site-packages/airflow/example_dags/example_latest_only_with_trigger.py
[2025-04-11T02:12:55.592+0000] {processor.py:925} INFO - DAG(s) 'latest_only_with_trigger' retrieved from /home/airflow/.local/lib/python3.12/site-packages/airflow/example_dags/example_latest_only_with_trigger.py
[2025-04-11T02:12:55.645+0000] {logging_mixin.py:190} INFO - [2025-04-11T02:12:55.644+0000] {dag.py:3239} INFO - Sync 1 DAGs
[2025-04-11T02:12:55.713+0000] {logging_mixin.py:190} INFO - [2025-04-11T02:12:55.713+0000] {dag.py:4180} INFO - Setting next_dagrun for latest_only_with_trigger to 2025-04-10 20:00:00+00:00, run_after=2025-04-11 00:00:00+00:00
[2025-04-11T02:12:55.770+0000] {processor.py:208} INFO - Processing /home/airflow/.local/lib/python3.12/site-packages/airflow/example_dags/example_latest_only_with_trigger.py took 0.230 seconds
[2025-04-11T02:13:26.666+0000] {processor.py:186} INFO - Started process (PID=4217) to work on /home/airflow/.local/lib/python3.12/site-packages/airflow/example_dags/example_latest_only_with_trigger.py
[2025-04-11T02:13:26.669+0000] {processor.py:914} INFO - Processing file /home/airflow/.local/lib/python3.12/site-packages/airflow/example_dags/example_latest_only_with_trigger.py for tasks to queue
[2025-04-11T02:13:26.673+0000] {logging_mixin.py:190} INFO - [2025-04-11T02:13:26.672+0000] {dagbag.py:588} INFO - Filling up the DagBag from /home/airflow/.local/lib/python3.12/site-packages/airflow/example_dags/example_latest_only_with_trigger.py
[2025-04-11T02:13:26.697+0000] {processor.py:925} INFO - DAG(s) 'latest_only_with_trigger' retrieved from /home/airflow/.local/lib/python3.12/site-packages/airflow/example_dags/example_latest_only_with_trigger.py
[2025-04-11T02:13:26.754+0000] {logging_mixin.py:190} INFO - [2025-04-11T02:13:26.753+0000] {dag.py:3239} INFO - Sync 1 DAGs
[2025-04-11T02:13:26.828+0000] {logging_mixin.py:190} INFO - [2025-04-11T02:13:26.827+0000] {dag.py:4180} INFO - Setting next_dagrun for latest_only_with_trigger to 2025-04-10 20:00:00+00:00, run_after=2025-04-11 00:00:00+00:00
[2025-04-11T02:13:26.885+0000] {processor.py:208} INFO - Processing /home/airflow/.local/lib/python3.12/site-packages/airflow/example_dags/example_latest_only_with_trigger.py took 0.242 seconds
[2025-04-11T02:13:57.226+0000] {processor.py:186} INFO - Started process (PID=4282) to work on /home/airflow/.local/lib/python3.12/site-packages/airflow/example_dags/example_latest_only_with_trigger.py
[2025-04-11T02:13:57.227+0000] {processor.py:914} INFO - Processing file /home/airflow/.local/lib/python3.12/site-packages/airflow/example_dags/example_latest_only_with_trigger.py for tasks to queue
[2025-04-11T02:13:57.228+0000] {logging_mixin.py:190} INFO - [2025-04-11T02:13:57.228+0000] {dagbag.py:588} INFO - Filling up the DagBag from /home/airflow/.local/lib/python3.12/site-packages/airflow/example_dags/example_latest_only_with_trigger.py
[2025-04-11T02:13:57.236+0000] {processor.py:925} INFO - DAG(s) 'latest_only_with_trigger' retrieved from /home/airflow/.local/lib/python3.12/site-packages/airflow/example_dags/example_latest_only_with_trigger.py
[2025-04-11T02:13:57.255+0000] {logging_mixin.py:190} INFO - [2025-04-11T02:13:57.254+0000] {dag.py:3239} INFO - Sync 1 DAGs
[2025-04-11T02:13:57.276+0000] {logging_mixin.py:190} INFO - [2025-04-11T02:13:57.276+0000] {dag.py:4180} INFO - Setting next_dagrun for latest_only_with_trigger to 2025-04-10 20:00:00+00:00, run_after=2025-04-11 00:00:00+00:00
[2025-04-11T02:13:57.297+0000] {processor.py:208} INFO - Processing /home/airflow/.local/lib/python3.12/site-packages/airflow/example_dags/example_latest_only_with_trigger.py took 0.076 seconds
[2025-04-11T02:14:27.623+0000] {processor.py:186} INFO - Started process (PID=4347) to work on /home/airflow/.local/lib/python3.12/site-packages/airflow/example_dags/example_latest_only_with_trigger.py
[2025-04-11T02:14:27.625+0000] {processor.py:914} INFO - Processing file /home/airflow/.local/lib/python3.12/site-packages/airflow/example_dags/example_latest_only_with_trigger.py for tasks to queue
[2025-04-11T02:14:27.628+0000] {logging_mixin.py:190} INFO - [2025-04-11T02:14:27.627+0000] {dagbag.py:588} INFO - Filling up the DagBag from /home/airflow/.local/lib/python3.12/site-packages/airflow/example_dags/example_latest_only_with_trigger.py
[2025-04-11T02:14:27.641+0000] {processor.py:925} INFO - DAG(s) 'latest_only_with_trigger' retrieved from /home/airflow/.local/lib/python3.12/site-packages/airflow/example_dags/example_latest_only_with_trigger.py
[2025-04-11T02:14:27.670+0000] {logging_mixin.py:190} INFO - [2025-04-11T02:14:27.670+0000] {dag.py:3239} INFO - Sync 1 DAGs
[2025-04-11T02:14:27.697+0000] {logging_mixin.py:190} INFO - [2025-04-11T02:14:27.697+0000] {dag.py:4180} INFO - Setting next_dagrun for latest_only_with_trigger to 2025-04-10 20:00:00+00:00, run_after=2025-04-11 00:00:00+00:00
[2025-04-11T02:14:27.722+0000] {processor.py:208} INFO - Processing /home/airflow/.local/lib/python3.12/site-packages/airflow/example_dags/example_latest_only_with_trigger.py took 0.107 seconds
[2025-04-11T02:14:59.365+0000] {processor.py:186} INFO - Started process (PID=4412) to work on /home/airflow/.local/lib/python3.12/site-packages/airflow/example_dags/example_latest_only_with_trigger.py
[2025-04-11T02:14:59.367+0000] {processor.py:914} INFO - Processing file /home/airflow/.local/lib/python3.12/site-packages/airflow/example_dags/example_latest_only_with_trigger.py for tasks to queue
[2025-04-11T02:14:59.370+0000] {logging_mixin.py:190} INFO - [2025-04-11T02:14:59.370+0000] {dagbag.py:588} INFO - Filling up the DagBag from /home/airflow/.local/lib/python3.12/site-packages/airflow/example_dags/example_latest_only_with_trigger.py
[2025-04-11T02:14:59.386+0000] {processor.py:925} INFO - DAG(s) 'latest_only_with_trigger' retrieved from /home/airflow/.local/lib/python3.12/site-packages/airflow/example_dags/example_latest_only_with_trigger.py
[2025-04-11T02:14:59.424+0000] {logging_mixin.py:190} INFO - [2025-04-11T02:14:59.423+0000] {dag.py:3239} INFO - Sync 1 DAGs
[2025-04-11T02:14:59.474+0000] {logging_mixin.py:190} INFO - [2025-04-11T02:14:59.474+0000] {dag.py:4180} INFO - Setting next_dagrun for latest_only_with_trigger to 2025-04-10 20:00:00+00:00, run_after=2025-04-11 00:00:00+00:00
[2025-04-11T02:14:59.510+0000] {processor.py:208} INFO - Processing /home/airflow/.local/lib/python3.12/site-packages/airflow/example_dags/example_latest_only_with_trigger.py took 0.156 seconds
[2025-04-11T02:15:30.196+0000] {processor.py:186} INFO - Started process (PID=4477) to work on /home/airflow/.local/lib/python3.12/site-packages/airflow/example_dags/example_latest_only_with_trigger.py
[2025-04-11T02:15:30.197+0000] {processor.py:914} INFO - Processing file /home/airflow/.local/lib/python3.12/site-packages/airflow/example_dags/example_latest_only_with_trigger.py for tasks to queue
[2025-04-11T02:15:30.199+0000] {logging_mixin.py:190} INFO - [2025-04-11T02:15:30.199+0000] {dagbag.py:588} INFO - Filling up the DagBag from /home/airflow/.local/lib/python3.12/site-packages/airflow/example_dags/example_latest_only_with_trigger.py
[2025-04-11T02:15:30.207+0000] {processor.py:925} INFO - DAG(s) 'latest_only_with_trigger' retrieved from /home/airflow/.local/lib/python3.12/site-packages/airflow/example_dags/example_latest_only_with_trigger.py
[2025-04-11T02:15:30.227+0000] {logging_mixin.py:190} INFO - [2025-04-11T02:15:30.227+0000] {dag.py:3239} INFO - Sync 1 DAGs
[2025-04-11T02:15:30.378+0000] {logging_mixin.py:190} INFO - [2025-04-11T02:15:30.378+0000] {dag.py:4180} INFO - Setting next_dagrun for latest_only_with_trigger to 2025-04-10 20:00:00+00:00, run_after=2025-04-11 00:00:00+00:00
[2025-04-11T02:15:30.398+0000] {processor.py:208} INFO - Processing /home/airflow/.local/lib/python3.12/site-packages/airflow/example_dags/example_latest_only_with_trigger.py took 0.207 seconds
