[2025-04-11T01:50:00.424+0000] {processor.py:186} INFO - Started process (PID=1278) to work on /home/airflow/.local/lib/python3.12/site-packages/airflow/example_dags/example_python_decorator.py
[2025-04-11T01:50:00.427+0000] {processor.py:914} INFO - Processing file /home/airflow/.local/lib/python3.12/site-packages/airflow/example_dags/example_python_decorator.py for tasks to queue
[2025-04-11T01:50:00.431+0000] {logging_mixin.py:190} INFO - [2025-04-11T01:50:00.429+0000] {dagbag.py:588} INFO - Filling up the DagBag from /home/airflow/.local/lib/python3.12/site-packages/airflow/example_dags/example_python_decorator.py
[2025-04-11T01:50:00.477+0000] {processor.py:925} INFO - DAG(s) 'example_python_decorator' retrieved from /home/airflow/.local/lib/python3.12/site-packages/airflow/example_dags/example_python_decorator.py
[2025-04-11T01:50:00.533+0000] {logging_mixin.py:190} INFO - [2025-04-11T01:50:00.532+0000] {dag.py:3239} INFO - Sync 1 DAGs
[2025-04-11T01:50:00.565+0000] {logging_mixin.py:190} INFO - [2025-04-11T01:50:00.564+0000] {dag.py:4180} INFO - Setting next_dagrun for example_python_decorator to None, run_after=None
[2025-04-11T01:50:00.603+0000] {processor.py:208} INFO - Processing /home/airflow/.local/lib/python3.12/site-packages/airflow/example_dags/example_python_decorator.py took 0.191 seconds
[2025-04-11T01:50:30.897+0000] {processor.py:186} INFO - Started process (PID=1344) to work on /home/airflow/.local/lib/python3.12/site-packages/airflow/example_dags/example_python_decorator.py
[2025-04-11T01:50:30.898+0000] {processor.py:914} INFO - Processing file /home/airflow/.local/lib/python3.12/site-packages/airflow/example_dags/example_python_decorator.py for tasks to queue
[2025-04-11T01:50:30.900+0000] {logging_mixin.py:190} INFO - [2025-04-11T01:50:30.900+0000] {dagbag.py:588} INFO - Filling up the DagBag from /home/airflow/.local/lib/python3.12/site-packages/airflow/example_dags/example_python_decorator.py
[2025-04-11T01:50:30.914+0000] {processor.py:925} INFO - DAG(s) 'example_python_decorator' retrieved from /home/airflow/.local/lib/python3.12/site-packages/airflow/example_dags/example_python_decorator.py
[2025-04-11T01:50:30.936+0000] {logging_mixin.py:190} INFO - [2025-04-11T01:50:30.936+0000] {dag.py:3239} INFO - Sync 1 DAGs
[2025-04-11T01:50:30.952+0000] {logging_mixin.py:190} INFO - [2025-04-11T01:50:30.951+0000] {dag.py:4180} INFO - Setting next_dagrun for example_python_decorator to None, run_after=None
[2025-04-11T01:50:30.977+0000] {processor.py:208} INFO - Processing /home/airflow/.local/lib/python3.12/site-packages/airflow/example_dags/example_python_decorator.py took 0.086 seconds
[2025-04-11T01:51:01.773+0000] {processor.py:186} INFO - Started process (PID=1409) to work on /home/airflow/.local/lib/python3.12/site-packages/airflow/example_dags/example_python_decorator.py
[2025-04-11T01:51:01.776+0000] {processor.py:914} INFO - Processing file /home/airflow/.local/lib/python3.12/site-packages/airflow/example_dags/example_python_decorator.py for tasks to queue
[2025-04-11T01:51:01.780+0000] {logging_mixin.py:190} INFO - [2025-04-11T01:51:01.779+0000] {dagbag.py:588} INFO - Filling up the DagBag from /home/airflow/.local/lib/python3.12/site-packages/airflow/example_dags/example_python_decorator.py
[2025-04-11T01:51:01.822+0000] {processor.py:925} INFO - DAG(s) 'example_python_decorator' retrieved from /home/airflow/.local/lib/python3.12/site-packages/airflow/example_dags/example_python_decorator.py
[2025-04-11T01:51:01.868+0000] {logging_mixin.py:190} INFO - [2025-04-11T01:51:01.867+0000] {dag.py:3239} INFO - Sync 1 DAGs
[2025-04-11T01:51:01.899+0000] {logging_mixin.py:190} INFO - [2025-04-11T01:51:01.899+0000] {dag.py:4180} INFO - Setting next_dagrun for example_python_decorator to None, run_after=None
[2025-04-11T01:51:01.958+0000] {processor.py:208} INFO - Processing /home/airflow/.local/lib/python3.12/site-packages/airflow/example_dags/example_python_decorator.py took 0.195 seconds
[2025-04-11T01:51:32.607+0000] {processor.py:186} INFO - Started process (PID=1474) to work on /home/airflow/.local/lib/python3.12/site-packages/airflow/example_dags/example_python_decorator.py
[2025-04-11T01:51:32.609+0000] {processor.py:914} INFO - Processing file /home/airflow/.local/lib/python3.12/site-packages/airflow/example_dags/example_python_decorator.py for tasks to queue
[2025-04-11T01:51:32.611+0000] {logging_mixin.py:190} INFO - [2025-04-11T01:51:32.611+0000] {dagbag.py:588} INFO - Filling up the DagBag from /home/airflow/.local/lib/python3.12/site-packages/airflow/example_dags/example_python_decorator.py
[2025-04-11T01:51:32.644+0000] {processor.py:925} INFO - DAG(s) 'example_python_decorator' retrieved from /home/airflow/.local/lib/python3.12/site-packages/airflow/example_dags/example_python_decorator.py
[2025-04-11T01:51:32.681+0000] {logging_mixin.py:190} INFO - [2025-04-11T01:51:32.680+0000] {dag.py:3239} INFO - Sync 1 DAGs
[2025-04-11T01:51:32.728+0000] {logging_mixin.py:190} INFO - [2025-04-11T01:51:32.727+0000] {dag.py:4180} INFO - Setting next_dagrun for example_python_decorator to None, run_after=None
[2025-04-11T01:51:32.761+0000] {processor.py:208} INFO - Processing /home/airflow/.local/lib/python3.12/site-packages/airflow/example_dags/example_python_decorator.py took 0.164 seconds
[2025-04-11T01:52:03.799+0000] {processor.py:186} INFO - Started process (PID=1539) to work on /home/airflow/.local/lib/python3.12/site-packages/airflow/example_dags/example_python_decorator.py
[2025-04-11T01:52:03.801+0000] {processor.py:914} INFO - Processing file /home/airflow/.local/lib/python3.12/site-packages/airflow/example_dags/example_python_decorator.py for tasks to queue
[2025-04-11T01:52:03.802+0000] {logging_mixin.py:190} INFO - [2025-04-11T01:52:03.802+0000] {dagbag.py:588} INFO - Filling up the DagBag from /home/airflow/.local/lib/python3.12/site-packages/airflow/example_dags/example_python_decorator.py
[2025-04-11T01:52:03.814+0000] {processor.py:925} INFO - DAG(s) 'example_python_decorator' retrieved from /home/airflow/.local/lib/python3.12/site-packages/airflow/example_dags/example_python_decorator.py
[2025-04-11T01:52:03.834+0000] {logging_mixin.py:190} INFO - [2025-04-11T01:52:03.834+0000] {dag.py:3239} INFO - Sync 1 DAGs
[2025-04-11T01:52:03.850+0000] {logging_mixin.py:190} INFO - [2025-04-11T01:52:03.849+0000] {dag.py:4180} INFO - Setting next_dagrun for example_python_decorator to None, run_after=None
[2025-04-11T01:52:03.883+0000] {processor.py:208} INFO - Processing /home/airflow/.local/lib/python3.12/site-packages/airflow/example_dags/example_python_decorator.py took 0.088 seconds
[2025-04-11T01:52:34.473+0000] {processor.py:186} INFO - Started process (PID=1604) to work on /home/airflow/.local/lib/python3.12/site-packages/airflow/example_dags/example_python_decorator.py
[2025-04-11T01:52:34.474+0000] {processor.py:914} INFO - Processing file /home/airflow/.local/lib/python3.12/site-packages/airflow/example_dags/example_python_decorator.py for tasks to queue
[2025-04-11T01:52:34.475+0000] {logging_mixin.py:190} INFO - [2025-04-11T01:52:34.475+0000] {dagbag.py:588} INFO - Filling up the DagBag from /home/airflow/.local/lib/python3.12/site-packages/airflow/example_dags/example_python_decorator.py
[2025-04-11T01:52:34.488+0000] {processor.py:925} INFO - DAG(s) 'example_python_decorator' retrieved from /home/airflow/.local/lib/python3.12/site-packages/airflow/example_dags/example_python_decorator.py
[2025-04-11T01:52:34.509+0000] {logging_mixin.py:190} INFO - [2025-04-11T01:52:34.509+0000] {dag.py:3239} INFO - Sync 1 DAGs
[2025-04-11T01:52:34.523+0000] {logging_mixin.py:190} INFO - [2025-04-11T01:52:34.523+0000] {dag.py:4180} INFO - Setting next_dagrun for example_python_decorator to None, run_after=None
[2025-04-11T01:52:34.546+0000] {processor.py:208} INFO - Processing /home/airflow/.local/lib/python3.12/site-packages/airflow/example_dags/example_python_decorator.py took 0.078 seconds
[2025-04-11T01:53:05.299+0000] {processor.py:186} INFO - Started process (PID=1669) to work on /home/airflow/.local/lib/python3.12/site-packages/airflow/example_dags/example_python_decorator.py
[2025-04-11T01:53:05.300+0000] {processor.py:914} INFO - Processing file /home/airflow/.local/lib/python3.12/site-packages/airflow/example_dags/example_python_decorator.py for tasks to queue
[2025-04-11T01:53:05.301+0000] {logging_mixin.py:190} INFO - [2025-04-11T01:53:05.301+0000] {dagbag.py:588} INFO - Filling up the DagBag from /home/airflow/.local/lib/python3.12/site-packages/airflow/example_dags/example_python_decorator.py
[2025-04-11T01:53:05.314+0000] {processor.py:925} INFO - DAG(s) 'example_python_decorator' retrieved from /home/airflow/.local/lib/python3.12/site-packages/airflow/example_dags/example_python_decorator.py
[2025-04-11T01:53:05.335+0000] {logging_mixin.py:190} INFO - [2025-04-11T01:53:05.335+0000] {dag.py:3239} INFO - Sync 1 DAGs
[2025-04-11T01:53:05.351+0000] {logging_mixin.py:190} INFO - [2025-04-11T01:53:05.350+0000] {dag.py:4180} INFO - Setting next_dagrun for example_python_decorator to None, run_after=None
[2025-04-11T01:53:05.373+0000] {processor.py:208} INFO - Processing /home/airflow/.local/lib/python3.12/site-packages/airflow/example_dags/example_python_decorator.py took 0.080 seconds
[2025-04-11T01:53:36.174+0000] {processor.py:186} INFO - Started process (PID=1734) to work on /home/airflow/.local/lib/python3.12/site-packages/airflow/example_dags/example_python_decorator.py
[2025-04-11T01:53:36.176+0000] {processor.py:914} INFO - Processing file /home/airflow/.local/lib/python3.12/site-packages/airflow/example_dags/example_python_decorator.py for tasks to queue
[2025-04-11T01:53:36.178+0000] {logging_mixin.py:190} INFO - [2025-04-11T01:53:36.177+0000] {dagbag.py:588} INFO - Filling up the DagBag from /home/airflow/.local/lib/python3.12/site-packages/airflow/example_dags/example_python_decorator.py
[2025-04-11T01:53:36.192+0000] {processor.py:925} INFO - DAG(s) 'example_python_decorator' retrieved from /home/airflow/.local/lib/python3.12/site-packages/airflow/example_dags/example_python_decorator.py
[2025-04-11T01:53:36.215+0000] {logging_mixin.py:190} INFO - [2025-04-11T01:53:36.215+0000] {dag.py:3239} INFO - Sync 1 DAGs
[2025-04-11T01:53:36.230+0000] {logging_mixin.py:190} INFO - [2025-04-11T01:53:36.230+0000] {dag.py:4180} INFO - Setting next_dagrun for example_python_decorator to None, run_after=None
[2025-04-11T01:53:36.254+0000] {processor.py:208} INFO - Processing /home/airflow/.local/lib/python3.12/site-packages/airflow/example_dags/example_python_decorator.py took 0.086 seconds
[2025-04-11T01:54:07.007+0000] {processor.py:186} INFO - Started process (PID=1799) to work on /home/airflow/.local/lib/python3.12/site-packages/airflow/example_dags/example_python_decorator.py
[2025-04-11T01:54:07.008+0000] {processor.py:914} INFO - Processing file /home/airflow/.local/lib/python3.12/site-packages/airflow/example_dags/example_python_decorator.py for tasks to queue
[2025-04-11T01:54:07.010+0000] {logging_mixin.py:190} INFO - [2025-04-11T01:54:07.009+0000] {dagbag.py:588} INFO - Filling up the DagBag from /home/airflow/.local/lib/python3.12/site-packages/airflow/example_dags/example_python_decorator.py
[2025-04-11T01:54:07.022+0000] {processor.py:925} INFO - DAG(s) 'example_python_decorator' retrieved from /home/airflow/.local/lib/python3.12/site-packages/airflow/example_dags/example_python_decorator.py
[2025-04-11T01:54:07.042+0000] {logging_mixin.py:190} INFO - [2025-04-11T01:54:07.042+0000] {dag.py:3239} INFO - Sync 1 DAGs
[2025-04-11T01:54:07.056+0000] {logging_mixin.py:190} INFO - [2025-04-11T01:54:07.055+0000] {dag.py:4180} INFO - Setting next_dagrun for example_python_decorator to None, run_after=None
[2025-04-11T01:54:07.078+0000] {processor.py:208} INFO - Processing /home/airflow/.local/lib/python3.12/site-packages/airflow/example_dags/example_python_decorator.py took 0.076 seconds
[2025-04-11T01:54:37.863+0000] {processor.py:186} INFO - Started process (PID=1864) to work on /home/airflow/.local/lib/python3.12/site-packages/airflow/example_dags/example_python_decorator.py
[2025-04-11T01:54:37.864+0000] {processor.py:914} INFO - Processing file /home/airflow/.local/lib/python3.12/site-packages/airflow/example_dags/example_python_decorator.py for tasks to queue
[2025-04-11T01:54:37.865+0000] {logging_mixin.py:190} INFO - [2025-04-11T01:54:37.865+0000] {dagbag.py:588} INFO - Filling up the DagBag from /home/airflow/.local/lib/python3.12/site-packages/airflow/example_dags/example_python_decorator.py
[2025-04-11T01:54:37.879+0000] {processor.py:925} INFO - DAG(s) 'example_python_decorator' retrieved from /home/airflow/.local/lib/python3.12/site-packages/airflow/example_dags/example_python_decorator.py
[2025-04-11T01:54:37.900+0000] {logging_mixin.py:190} INFO - [2025-04-11T01:54:37.899+0000] {dag.py:3239} INFO - Sync 1 DAGs
[2025-04-11T01:54:37.913+0000] {logging_mixin.py:190} INFO - [2025-04-11T01:54:37.913+0000] {dag.py:4180} INFO - Setting next_dagrun for example_python_decorator to None, run_after=None
[2025-04-11T01:54:37.936+0000] {processor.py:208} INFO - Processing /home/airflow/.local/lib/python3.12/site-packages/airflow/example_dags/example_python_decorator.py took 0.078 seconds
[2025-04-11T01:55:08.530+0000] {processor.py:186} INFO - Started process (PID=1929) to work on /home/airflow/.local/lib/python3.12/site-packages/airflow/example_dags/example_python_decorator.py
[2025-04-11T01:55:08.531+0000] {processor.py:914} INFO - Processing file /home/airflow/.local/lib/python3.12/site-packages/airflow/example_dags/example_python_decorator.py for tasks to queue
[2025-04-11T01:55:08.533+0000] {logging_mixin.py:190} INFO - [2025-04-11T01:55:08.533+0000] {dagbag.py:588} INFO - Filling up the DagBag from /home/airflow/.local/lib/python3.12/site-packages/airflow/example_dags/example_python_decorator.py
[2025-04-11T01:55:08.549+0000] {processor.py:925} INFO - DAG(s) 'example_python_decorator' retrieved from /home/airflow/.local/lib/python3.12/site-packages/airflow/example_dags/example_python_decorator.py
[2025-04-11T01:55:08.572+0000] {logging_mixin.py:190} INFO - [2025-04-11T01:55:08.572+0000] {dag.py:3239} INFO - Sync 1 DAGs
[2025-04-11T01:55:08.587+0000] {logging_mixin.py:190} INFO - [2025-04-11T01:55:08.587+0000] {dag.py:4180} INFO - Setting next_dagrun for example_python_decorator to None, run_after=None
[2025-04-11T01:55:08.607+0000] {processor.py:208} INFO - Processing /home/airflow/.local/lib/python3.12/site-packages/airflow/example_dags/example_python_decorator.py took 0.082 seconds
[2025-04-11T01:55:38.780+0000] {processor.py:186} INFO - Started process (PID=1994) to work on /home/airflow/.local/lib/python3.12/site-packages/airflow/example_dags/example_python_decorator.py
[2025-04-11T01:55:38.782+0000] {processor.py:914} INFO - Processing file /home/airflow/.local/lib/python3.12/site-packages/airflow/example_dags/example_python_decorator.py for tasks to queue
[2025-04-11T01:55:38.783+0000] {logging_mixin.py:190} INFO - [2025-04-11T01:55:38.783+0000] {dagbag.py:588} INFO - Filling up the DagBag from /home/airflow/.local/lib/python3.12/site-packages/airflow/example_dags/example_python_decorator.py
[2025-04-11T01:55:38.795+0000] {processor.py:925} INFO - DAG(s) 'example_python_decorator' retrieved from /home/airflow/.local/lib/python3.12/site-packages/airflow/example_dags/example_python_decorator.py
[2025-04-11T01:55:38.816+0000] {logging_mixin.py:190} INFO - [2025-04-11T01:55:38.816+0000] {dag.py:3239} INFO - Sync 1 DAGs
[2025-04-11T01:55:38.830+0000] {logging_mixin.py:190} INFO - [2025-04-11T01:55:38.829+0000] {dag.py:4180} INFO - Setting next_dagrun for example_python_decorator to None, run_after=None
[2025-04-11T01:55:38.851+0000] {processor.py:208} INFO - Processing /home/airflow/.local/lib/python3.12/site-packages/airflow/example_dags/example_python_decorator.py took 0.075 seconds
[2025-04-11T01:56:09.685+0000] {processor.py:186} INFO - Started process (PID=2060) to work on /home/airflow/.local/lib/python3.12/site-packages/airflow/example_dags/example_python_decorator.py
[2025-04-11T01:56:09.686+0000] {processor.py:914} INFO - Processing file /home/airflow/.local/lib/python3.12/site-packages/airflow/example_dags/example_python_decorator.py for tasks to queue
[2025-04-11T01:56:09.688+0000] {logging_mixin.py:190} INFO - [2025-04-11T01:56:09.687+0000] {dagbag.py:588} INFO - Filling up the DagBag from /home/airflow/.local/lib/python3.12/site-packages/airflow/example_dags/example_python_decorator.py
[2025-04-11T01:56:09.700+0000] {processor.py:925} INFO - DAG(s) 'example_python_decorator' retrieved from /home/airflow/.local/lib/python3.12/site-packages/airflow/example_dags/example_python_decorator.py
[2025-04-11T01:56:09.719+0000] {logging_mixin.py:190} INFO - [2025-04-11T01:56:09.719+0000] {dag.py:3239} INFO - Sync 1 DAGs
[2025-04-11T01:56:09.732+0000] {logging_mixin.py:190} INFO - [2025-04-11T01:56:09.732+0000] {dag.py:4180} INFO - Setting next_dagrun for example_python_decorator to None, run_after=None
[2025-04-11T01:56:09.750+0000] {processor.py:208} INFO - Processing /home/airflow/.local/lib/python3.12/site-packages/airflow/example_dags/example_python_decorator.py took 0.070 seconds
[2025-04-11T01:56:42.634+0000] {processor.py:186} INFO - Started process (PID=2125) to work on /home/airflow/.local/lib/python3.12/site-packages/airflow/example_dags/example_python_decorator.py
[2025-04-11T01:56:42.637+0000] {processor.py:914} INFO - Processing file /home/airflow/.local/lib/python3.12/site-packages/airflow/example_dags/example_python_decorator.py for tasks to queue
[2025-04-11T01:56:42.640+0000] {logging_mixin.py:190} INFO - [2025-04-11T01:56:42.639+0000] {dagbag.py:588} INFO - Filling up the DagBag from /home/airflow/.local/lib/python3.12/site-packages/airflow/example_dags/example_python_decorator.py
[2025-04-11T01:56:42.668+0000] {processor.py:925} INFO - DAG(s) 'example_python_decorator' retrieved from /home/airflow/.local/lib/python3.12/site-packages/airflow/example_dags/example_python_decorator.py
[2025-04-11T01:56:42.708+0000] {logging_mixin.py:190} INFO - [2025-04-11T01:56:42.708+0000] {dag.py:3239} INFO - Sync 1 DAGs
[2025-04-11T01:56:42.735+0000] {logging_mixin.py:190} INFO - [2025-04-11T01:56:42.734+0000] {dag.py:4180} INFO - Setting next_dagrun for example_python_decorator to None, run_after=None
[2025-04-11T01:56:42.773+0000] {processor.py:208} INFO - Processing /home/airflow/.local/lib/python3.12/site-packages/airflow/example_dags/example_python_decorator.py took 0.150 seconds
[2025-04-11T01:57:13.715+0000] {processor.py:186} INFO - Started process (PID=2190) to work on /home/airflow/.local/lib/python3.12/site-packages/airflow/example_dags/example_python_decorator.py
[2025-04-11T01:57:13.717+0000] {processor.py:914} INFO - Processing file /home/airflow/.local/lib/python3.12/site-packages/airflow/example_dags/example_python_decorator.py for tasks to queue
[2025-04-11T01:57:13.718+0000] {logging_mixin.py:190} INFO - [2025-04-11T01:57:13.718+0000] {dagbag.py:588} INFO - Filling up the DagBag from /home/airflow/.local/lib/python3.12/site-packages/airflow/example_dags/example_python_decorator.py
[2025-04-11T01:57:13.739+0000] {processor.py:925} INFO - DAG(s) 'example_python_decorator' retrieved from /home/airflow/.local/lib/python3.12/site-packages/airflow/example_dags/example_python_decorator.py
[2025-04-11T01:57:13.774+0000] {logging_mixin.py:190} INFO - [2025-04-11T01:57:13.773+0000] {dag.py:3239} INFO - Sync 1 DAGs
[2025-04-11T01:57:13.799+0000] {logging_mixin.py:190} INFO - [2025-04-11T01:57:13.799+0000] {dag.py:4180} INFO - Setting next_dagrun for example_python_decorator to None, run_after=None
[2025-04-11T01:57:13.828+0000] {processor.py:208} INFO - Processing /home/airflow/.local/lib/python3.12/site-packages/airflow/example_dags/example_python_decorator.py took 0.123 seconds
[2025-04-11T01:57:44.075+0000] {processor.py:186} INFO - Started process (PID=2255) to work on /home/airflow/.local/lib/python3.12/site-packages/airflow/example_dags/example_python_decorator.py
[2025-04-11T01:57:44.077+0000] {processor.py:914} INFO - Processing file /home/airflow/.local/lib/python3.12/site-packages/airflow/example_dags/example_python_decorator.py for tasks to queue
[2025-04-11T01:57:44.079+0000] {logging_mixin.py:190} INFO - [2025-04-11T01:57:44.079+0000] {dagbag.py:588} INFO - Filling up the DagBag from /home/airflow/.local/lib/python3.12/site-packages/airflow/example_dags/example_python_decorator.py
[2025-04-11T01:57:44.097+0000] {processor.py:925} INFO - DAG(s) 'example_python_decorator' retrieved from /home/airflow/.local/lib/python3.12/site-packages/airflow/example_dags/example_python_decorator.py
[2025-04-11T01:57:44.124+0000] {logging_mixin.py:190} INFO - [2025-04-11T01:57:44.124+0000] {dag.py:3239} INFO - Sync 1 DAGs
[2025-04-11T01:57:44.143+0000] {logging_mixin.py:190} INFO - [2025-04-11T01:57:44.143+0000] {dag.py:4180} INFO - Setting next_dagrun for example_python_decorator to None, run_after=None
[2025-04-11T01:57:44.170+0000] {processor.py:208} INFO - Processing /home/airflow/.local/lib/python3.12/site-packages/airflow/example_dags/example_python_decorator.py took 0.102 seconds
[2025-04-11T01:58:14.456+0000] {processor.py:186} INFO - Started process (PID=2319) to work on /home/airflow/.local/lib/python3.12/site-packages/airflow/example_dags/example_python_decorator.py
[2025-04-11T01:58:14.458+0000] {processor.py:914} INFO - Processing file /home/airflow/.local/lib/python3.12/site-packages/airflow/example_dags/example_python_decorator.py for tasks to queue
[2025-04-11T01:58:14.460+0000] {logging_mixin.py:190} INFO - [2025-04-11T01:58:14.460+0000] {dagbag.py:588} INFO - Filling up the DagBag from /home/airflow/.local/lib/python3.12/site-packages/airflow/example_dags/example_python_decorator.py
[2025-04-11T01:58:14.491+0000] {processor.py:925} INFO - DAG(s) 'example_python_decorator' retrieved from /home/airflow/.local/lib/python3.12/site-packages/airflow/example_dags/example_python_decorator.py
[2025-04-11T01:58:14.537+0000] {logging_mixin.py:190} INFO - [2025-04-11T01:58:14.536+0000] {dag.py:3239} INFO - Sync 1 DAGs
[2025-04-11T01:58:14.567+0000] {logging_mixin.py:190} INFO - [2025-04-11T01:58:14.566+0000] {dag.py:4180} INFO - Setting next_dagrun for example_python_decorator to None, run_after=None
[2025-04-11T01:58:14.608+0000] {processor.py:208} INFO - Processing /home/airflow/.local/lib/python3.12/site-packages/airflow/example_dags/example_python_decorator.py took 0.165 seconds
[2025-04-11T01:58:45.868+0000] {processor.py:186} INFO - Started process (PID=2384) to work on /home/airflow/.local/lib/python3.12/site-packages/airflow/example_dags/example_python_decorator.py
[2025-04-11T01:58:45.871+0000] {processor.py:914} INFO - Processing file /home/airflow/.local/lib/python3.12/site-packages/airflow/example_dags/example_python_decorator.py for tasks to queue
[2025-04-11T01:58:45.874+0000] {logging_mixin.py:190} INFO - [2025-04-11T01:58:45.873+0000] {dagbag.py:588} INFO - Filling up the DagBag from /home/airflow/.local/lib/python3.12/site-packages/airflow/example_dags/example_python_decorator.py
[2025-04-11T01:58:45.915+0000] {processor.py:925} INFO - DAG(s) 'example_python_decorator' retrieved from /home/airflow/.local/lib/python3.12/site-packages/airflow/example_dags/example_python_decorator.py
[2025-04-11T01:58:45.968+0000] {logging_mixin.py:190} INFO - [2025-04-11T01:58:45.967+0000] {dag.py:3239} INFO - Sync 1 DAGs
[2025-04-11T01:58:46.015+0000] {logging_mixin.py:190} INFO - [2025-04-11T01:58:46.015+0000] {dag.py:4180} INFO - Setting next_dagrun for example_python_decorator to None, run_after=None
[2025-04-11T01:58:46.049+0000] {processor.py:208} INFO - Processing /home/airflow/.local/lib/python3.12/site-packages/airflow/example_dags/example_python_decorator.py took 0.195 seconds
[2025-04-11T01:59:16.378+0000] {processor.py:186} INFO - Started process (PID=2450) to work on /home/airflow/.local/lib/python3.12/site-packages/airflow/example_dags/example_python_decorator.py
[2025-04-11T01:59:16.381+0000] {processor.py:914} INFO - Processing file /home/airflow/.local/lib/python3.12/site-packages/airflow/example_dags/example_python_decorator.py for tasks to queue
[2025-04-11T01:59:16.385+0000] {logging_mixin.py:190} INFO - [2025-04-11T01:59:16.384+0000] {dagbag.py:588} INFO - Filling up the DagBag from /home/airflow/.local/lib/python3.12/site-packages/airflow/example_dags/example_python_decorator.py
[2025-04-11T01:59:16.427+0000] {processor.py:925} INFO - DAG(s) 'example_python_decorator' retrieved from /home/airflow/.local/lib/python3.12/site-packages/airflow/example_dags/example_python_decorator.py
[2025-04-11T01:59:16.461+0000] {logging_mixin.py:190} INFO - [2025-04-11T01:59:16.461+0000] {dag.py:3239} INFO - Sync 1 DAGs
[2025-04-11T01:59:16.506+0000] {logging_mixin.py:190} INFO - [2025-04-11T01:59:16.505+0000] {dag.py:4180} INFO - Setting next_dagrun for example_python_decorator to None, run_after=None
[2025-04-11T01:59:16.548+0000] {processor.py:208} INFO - Processing /home/airflow/.local/lib/python3.12/site-packages/airflow/example_dags/example_python_decorator.py took 0.192 seconds
[2025-04-11T01:59:50.961+0000] {processor.py:186} INFO - Started process (PID=2515) to work on /home/airflow/.local/lib/python3.12/site-packages/airflow/example_dags/example_python_decorator.py
[2025-04-11T01:59:50.967+0000] {processor.py:914} INFO - Processing file /home/airflow/.local/lib/python3.12/site-packages/airflow/example_dags/example_python_decorator.py for tasks to queue
[2025-04-11T01:59:50.972+0000] {logging_mixin.py:190} INFO - [2025-04-11T01:59:50.971+0000] {dagbag.py:588} INFO - Filling up the DagBag from /home/airflow/.local/lib/python3.12/site-packages/airflow/example_dags/example_python_decorator.py
[2025-04-11T01:59:51.066+0000] {processor.py:925} INFO - DAG(s) 'example_python_decorator' retrieved from /home/airflow/.local/lib/python3.12/site-packages/airflow/example_dags/example_python_decorator.py
[2025-04-11T01:59:51.233+0000] {logging_mixin.py:190} INFO - [2025-04-11T01:59:51.232+0000] {dag.py:3239} INFO - Sync 1 DAGs
[2025-04-11T01:59:51.299+0000] {logging_mixin.py:190} INFO - [2025-04-11T01:59:51.298+0000] {dag.py:4180} INFO - Setting next_dagrun for example_python_decorator to None, run_after=None
[2025-04-11T01:59:51.365+0000] {processor.py:208} INFO - Processing /home/airflow/.local/lib/python3.12/site-packages/airflow/example_dags/example_python_decorator.py took 0.434 seconds
[2025-04-11T02:00:23.142+0000] {processor.py:186} INFO - Started process (PID=2580) to work on /home/airflow/.local/lib/python3.12/site-packages/airflow/example_dags/example_python_decorator.py
[2025-04-11T02:00:23.145+0000] {processor.py:914} INFO - Processing file /home/airflow/.local/lib/python3.12/site-packages/airflow/example_dags/example_python_decorator.py for tasks to queue
[2025-04-11T02:00:23.148+0000] {logging_mixin.py:190} INFO - [2025-04-11T02:00:23.148+0000] {dagbag.py:588} INFO - Filling up the DagBag from /home/airflow/.local/lib/python3.12/site-packages/airflow/example_dags/example_python_decorator.py
[2025-04-11T02:00:23.189+0000] {processor.py:925} INFO - DAG(s) 'example_python_decorator' retrieved from /home/airflow/.local/lib/python3.12/site-packages/airflow/example_dags/example_python_decorator.py
[2025-04-11T02:00:23.262+0000] {logging_mixin.py:190} INFO - [2025-04-11T02:00:23.261+0000] {dag.py:3239} INFO - Sync 1 DAGs
[2025-04-11T02:00:23.316+0000] {logging_mixin.py:190} INFO - [2025-04-11T02:00:23.315+0000] {dag.py:4180} INFO - Setting next_dagrun for example_python_decorator to None, run_after=None
[2025-04-11T02:00:23.373+0000] {processor.py:208} INFO - Processing /home/airflow/.local/lib/python3.12/site-packages/airflow/example_dags/example_python_decorator.py took 0.251 seconds
[2025-04-11T02:00:54.906+0000] {processor.py:186} INFO - Started process (PID=2646) to work on /home/airflow/.local/lib/python3.12/site-packages/airflow/example_dags/example_python_decorator.py
[2025-04-11T02:00:54.909+0000] {processor.py:914} INFO - Processing file /home/airflow/.local/lib/python3.12/site-packages/airflow/example_dags/example_python_decorator.py for tasks to queue
[2025-04-11T02:00:54.914+0000] {logging_mixin.py:190} INFO - [2025-04-11T02:00:54.913+0000] {dagbag.py:588} INFO - Filling up the DagBag from /home/airflow/.local/lib/python3.12/site-packages/airflow/example_dags/example_python_decorator.py
[2025-04-11T02:00:54.971+0000] {processor.py:925} INFO - DAG(s) 'example_python_decorator' retrieved from /home/airflow/.local/lib/python3.12/site-packages/airflow/example_dags/example_python_decorator.py
[2025-04-11T02:00:55.051+0000] {logging_mixin.py:190} INFO - [2025-04-11T02:00:55.050+0000] {dag.py:3239} INFO - Sync 1 DAGs
[2025-04-11T02:00:55.139+0000] {logging_mixin.py:190} INFO - [2025-04-11T02:00:55.138+0000] {dag.py:4180} INFO - Setting next_dagrun for example_python_decorator to None, run_after=None
[2025-04-11T02:00:55.188+0000] {processor.py:208} INFO - Processing /home/airflow/.local/lib/python3.12/site-packages/airflow/example_dags/example_python_decorator.py took 0.300 seconds
[2025-04-11T02:01:27.615+0000] {processor.py:186} INFO - Started process (PID=2711) to work on /home/airflow/.local/lib/python3.12/site-packages/airflow/example_dags/example_python_decorator.py
[2025-04-11T02:01:27.618+0000] {processor.py:914} INFO - Processing file /home/airflow/.local/lib/python3.12/site-packages/airflow/example_dags/example_python_decorator.py for tasks to queue
[2025-04-11T02:01:27.621+0000] {logging_mixin.py:190} INFO - [2025-04-11T02:01:27.620+0000] {dagbag.py:588} INFO - Filling up the DagBag from /home/airflow/.local/lib/python3.12/site-packages/airflow/example_dags/example_python_decorator.py
[2025-04-11T02:01:27.677+0000] {processor.py:925} INFO - DAG(s) 'example_python_decorator' retrieved from /home/airflow/.local/lib/python3.12/site-packages/airflow/example_dags/example_python_decorator.py
[2025-04-11T02:01:27.749+0000] {logging_mixin.py:190} INFO - [2025-04-11T02:01:27.748+0000] {dag.py:3239} INFO - Sync 1 DAGs
[2025-04-11T02:01:27.808+0000] {logging_mixin.py:190} INFO - [2025-04-11T02:01:27.807+0000] {dag.py:4180} INFO - Setting next_dagrun for example_python_decorator to None, run_after=None
[2025-04-11T02:01:27.870+0000] {processor.py:208} INFO - Processing /home/airflow/.local/lib/python3.12/site-packages/airflow/example_dags/example_python_decorator.py took 0.273 seconds
[2025-04-11T02:02:00.723+0000] {processor.py:186} INFO - Started process (PID=2787) to work on /home/airflow/.local/lib/python3.12/site-packages/airflow/example_dags/example_python_decorator.py
[2025-04-11T02:02:00.726+0000] {processor.py:914} INFO - Processing file /home/airflow/.local/lib/python3.12/site-packages/airflow/example_dags/example_python_decorator.py for tasks to queue
[2025-04-11T02:02:00.731+0000] {logging_mixin.py:190} INFO - [2025-04-11T02:02:00.730+0000] {dagbag.py:588} INFO - Filling up the DagBag from /home/airflow/.local/lib/python3.12/site-packages/airflow/example_dags/example_python_decorator.py
[2025-04-11T02:02:00.779+0000] {processor.py:925} INFO - DAG(s) 'example_python_decorator' retrieved from /home/airflow/.local/lib/python3.12/site-packages/airflow/example_dags/example_python_decorator.py
[2025-04-11T02:02:00.850+0000] {logging_mixin.py:190} INFO - [2025-04-11T02:02:00.849+0000] {dag.py:3239} INFO - Sync 1 DAGs
[2025-04-11T02:02:00.897+0000] {logging_mixin.py:190} INFO - [2025-04-11T02:02:00.897+0000] {dag.py:4180} INFO - Setting next_dagrun for example_python_decorator to None, run_after=None
[2025-04-11T02:02:00.953+0000] {processor.py:208} INFO - Processing /home/airflow/.local/lib/python3.12/site-packages/airflow/example_dags/example_python_decorator.py took 0.249 seconds
[2025-04-11T02:02:32.181+0000] {processor.py:186} INFO - Started process (PID=2853) to work on /home/airflow/.local/lib/python3.12/site-packages/airflow/example_dags/example_python_decorator.py
[2025-04-11T02:02:32.183+0000] {processor.py:914} INFO - Processing file /home/airflow/.local/lib/python3.12/site-packages/airflow/example_dags/example_python_decorator.py for tasks to queue
[2025-04-11T02:02:32.184+0000] {logging_mixin.py:190} INFO - [2025-04-11T02:02:32.184+0000] {dagbag.py:588} INFO - Filling up the DagBag from /home/airflow/.local/lib/python3.12/site-packages/airflow/example_dags/example_python_decorator.py
[2025-04-11T02:02:32.231+0000] {processor.py:925} INFO - DAG(s) 'example_python_decorator' retrieved from /home/airflow/.local/lib/python3.12/site-packages/airflow/example_dags/example_python_decorator.py
[2025-04-11T02:02:32.303+0000] {logging_mixin.py:190} INFO - [2025-04-11T02:02:32.302+0000] {dag.py:3239} INFO - Sync 1 DAGs
[2025-04-11T02:02:32.349+0000] {logging_mixin.py:190} INFO - [2025-04-11T02:02:32.349+0000] {dag.py:4180} INFO - Setting next_dagrun for example_python_decorator to None, run_after=None
[2025-04-11T02:02:32.399+0000] {processor.py:208} INFO - Processing /home/airflow/.local/lib/python3.12/site-packages/airflow/example_dags/example_python_decorator.py took 0.227 seconds
[2025-04-11T02:03:03.536+0000] {processor.py:186} INFO - Started process (PID=2918) to work on /home/airflow/.local/lib/python3.12/site-packages/airflow/example_dags/example_python_decorator.py
[2025-04-11T02:03:03.538+0000] {processor.py:914} INFO - Processing file /home/airflow/.local/lib/python3.12/site-packages/airflow/example_dags/example_python_decorator.py for tasks to queue
[2025-04-11T02:03:03.542+0000] {logging_mixin.py:190} INFO - [2025-04-11T02:03:03.541+0000] {dagbag.py:588} INFO - Filling up the DagBag from /home/airflow/.local/lib/python3.12/site-packages/airflow/example_dags/example_python_decorator.py
[2025-04-11T02:03:03.599+0000] {processor.py:925} INFO - DAG(s) 'example_python_decorator' retrieved from /home/airflow/.local/lib/python3.12/site-packages/airflow/example_dags/example_python_decorator.py
[2025-04-11T02:03:03.674+0000] {logging_mixin.py:190} INFO - [2025-04-11T02:03:03.673+0000] {dag.py:3239} INFO - Sync 1 DAGs
[2025-04-11T02:03:03.726+0000] {logging_mixin.py:190} INFO - [2025-04-11T02:03:03.725+0000] {dag.py:4180} INFO - Setting next_dagrun for example_python_decorator to None, run_after=None
[2025-04-11T02:03:03.781+0000] {processor.py:208} INFO - Processing /home/airflow/.local/lib/python3.12/site-packages/airflow/example_dags/example_python_decorator.py took 0.270 seconds
[2025-04-11T02:03:34.272+0000] {processor.py:186} INFO - Started process (PID=2983) to work on /home/airflow/.local/lib/python3.12/site-packages/airflow/example_dags/example_python_decorator.py
[2025-04-11T02:03:34.275+0000] {processor.py:914} INFO - Processing file /home/airflow/.local/lib/python3.12/site-packages/airflow/example_dags/example_python_decorator.py for tasks to queue
[2025-04-11T02:03:34.278+0000] {logging_mixin.py:190} INFO - [2025-04-11T02:03:34.277+0000] {dagbag.py:588} INFO - Filling up the DagBag from /home/airflow/.local/lib/python3.12/site-packages/airflow/example_dags/example_python_decorator.py
[2025-04-11T02:03:34.333+0000] {processor.py:925} INFO - DAG(s) 'example_python_decorator' retrieved from /home/airflow/.local/lib/python3.12/site-packages/airflow/example_dags/example_python_decorator.py
[2025-04-11T02:03:34.392+0000] {logging_mixin.py:190} INFO - [2025-04-11T02:03:34.392+0000] {dag.py:3239} INFO - Sync 1 DAGs
[2025-04-11T02:03:34.431+0000] {logging_mixin.py:190} INFO - [2025-04-11T02:03:34.431+0000] {dag.py:4180} INFO - Setting next_dagrun for example_python_decorator to None, run_after=None
[2025-04-11T02:03:34.467+0000] {processor.py:208} INFO - Processing /home/airflow/.local/lib/python3.12/site-packages/airflow/example_dags/example_python_decorator.py took 0.210 seconds
[2025-04-11T02:04:05.234+0000] {processor.py:186} INFO - Started process (PID=3048) to work on /home/airflow/.local/lib/python3.12/site-packages/airflow/example_dags/example_python_decorator.py
[2025-04-11T02:04:05.236+0000] {processor.py:914} INFO - Processing file /home/airflow/.local/lib/python3.12/site-packages/airflow/example_dags/example_python_decorator.py for tasks to queue
[2025-04-11T02:04:05.238+0000] {logging_mixin.py:190} INFO - [2025-04-11T02:04:05.238+0000] {dagbag.py:588} INFO - Filling up the DagBag from /home/airflow/.local/lib/python3.12/site-packages/airflow/example_dags/example_python_decorator.py
[2025-04-11T02:04:05.291+0000] {processor.py:925} INFO - DAG(s) 'example_python_decorator' retrieved from /home/airflow/.local/lib/python3.12/site-packages/airflow/example_dags/example_python_decorator.py
[2025-04-11T02:04:05.333+0000] {logging_mixin.py:190} INFO - [2025-04-11T02:04:05.332+0000] {dag.py:3239} INFO - Sync 1 DAGs
[2025-04-11T02:04:05.372+0000] {logging_mixin.py:190} INFO - [2025-04-11T02:04:05.371+0000] {dag.py:4180} INFO - Setting next_dagrun for example_python_decorator to None, run_after=None
[2025-04-11T02:04:05.418+0000] {processor.py:208} INFO - Processing /home/airflow/.local/lib/python3.12/site-packages/airflow/example_dags/example_python_decorator.py took 0.192 seconds
[2025-04-11T02:04:36.663+0000] {processor.py:186} INFO - Started process (PID=3114) to work on /home/airflow/.local/lib/python3.12/site-packages/airflow/example_dags/example_python_decorator.py
[2025-04-11T02:04:36.666+0000] {processor.py:914} INFO - Processing file /home/airflow/.local/lib/python3.12/site-packages/airflow/example_dags/example_python_decorator.py for tasks to queue
[2025-04-11T02:04:36.669+0000] {logging_mixin.py:190} INFO - [2025-04-11T02:04:36.668+0000] {dagbag.py:588} INFO - Filling up the DagBag from /home/airflow/.local/lib/python3.12/site-packages/airflow/example_dags/example_python_decorator.py
[2025-04-11T02:04:36.714+0000] {processor.py:925} INFO - DAG(s) 'example_python_decorator' retrieved from /home/airflow/.local/lib/python3.12/site-packages/airflow/example_dags/example_python_decorator.py
[2025-04-11T02:04:36.775+0000] {logging_mixin.py:190} INFO - [2025-04-11T02:04:36.775+0000] {dag.py:3239} INFO - Sync 1 DAGs
[2025-04-11T02:04:36.827+0000] {logging_mixin.py:190} INFO - [2025-04-11T02:04:36.826+0000] {dag.py:4180} INFO - Setting next_dagrun for example_python_decorator to None, run_after=None
[2025-04-11T02:04:36.881+0000] {processor.py:208} INFO - Processing /home/airflow/.local/lib/python3.12/site-packages/airflow/example_dags/example_python_decorator.py took 0.238 seconds
[2025-04-11T02:05:07.676+0000] {processor.py:186} INFO - Started process (PID=3179) to work on /home/airflow/.local/lib/python3.12/site-packages/airflow/example_dags/example_python_decorator.py
[2025-04-11T02:05:07.678+0000] {processor.py:914} INFO - Processing file /home/airflow/.local/lib/python3.12/site-packages/airflow/example_dags/example_python_decorator.py for tasks to queue
[2025-04-11T02:05:07.679+0000] {logging_mixin.py:190} INFO - [2025-04-11T02:05:07.679+0000] {dagbag.py:588} INFO - Filling up the DagBag from /home/airflow/.local/lib/python3.12/site-packages/airflow/example_dags/example_python_decorator.py
[2025-04-11T02:05:07.692+0000] {processor.py:925} INFO - DAG(s) 'example_python_decorator' retrieved from /home/airflow/.local/lib/python3.12/site-packages/airflow/example_dags/example_python_decorator.py
[2025-04-11T02:05:07.714+0000] {logging_mixin.py:190} INFO - [2025-04-11T02:05:07.714+0000] {dag.py:3239} INFO - Sync 1 DAGs
[2025-04-11T02:05:07.729+0000] {logging_mixin.py:190} INFO - [2025-04-11T02:05:07.729+0000] {dag.py:4180} INFO - Setting next_dagrun for example_python_decorator to None, run_after=None
[2025-04-11T02:05:07.787+0000] {processor.py:208} INFO - Processing /home/airflow/.local/lib/python3.12/site-packages/airflow/example_dags/example_python_decorator.py took 0.116 seconds
[2025-04-11T02:05:38.583+0000] {processor.py:186} INFO - Started process (PID=3242) to work on /home/airflow/.local/lib/python3.12/site-packages/airflow/example_dags/example_python_decorator.py
[2025-04-11T02:05:38.584+0000] {processor.py:914} INFO - Processing file /home/airflow/.local/lib/python3.12/site-packages/airflow/example_dags/example_python_decorator.py for tasks to queue
[2025-04-11T02:05:38.585+0000] {logging_mixin.py:190} INFO - [2025-04-11T02:05:38.585+0000] {dagbag.py:588} INFO - Filling up the DagBag from /home/airflow/.local/lib/python3.12/site-packages/airflow/example_dags/example_python_decorator.py
[2025-04-11T02:05:38.601+0000] {processor.py:925} INFO - DAG(s) 'example_python_decorator' retrieved from /home/airflow/.local/lib/python3.12/site-packages/airflow/example_dags/example_python_decorator.py
[2025-04-11T02:05:38.629+0000] {logging_mixin.py:190} INFO - [2025-04-11T02:05:38.629+0000] {dag.py:3239} INFO - Sync 1 DAGs
[2025-04-11T02:05:38.672+0000] {logging_mixin.py:190} INFO - [2025-04-11T02:05:38.672+0000] {dag.py:4180} INFO - Setting next_dagrun for example_python_decorator to None, run_after=None
[2025-04-11T02:05:38.719+0000] {processor.py:208} INFO - Processing /home/airflow/.local/lib/python3.12/site-packages/airflow/example_dags/example_python_decorator.py took 0.143 seconds
[2025-04-11T02:06:09.448+0000] {processor.py:186} INFO - Started process (PID=3307) to work on /home/airflow/.local/lib/python3.12/site-packages/airflow/example_dags/example_python_decorator.py
[2025-04-11T02:06:09.449+0000] {processor.py:914} INFO - Processing file /home/airflow/.local/lib/python3.12/site-packages/airflow/example_dags/example_python_decorator.py for tasks to queue
[2025-04-11T02:06:09.450+0000] {logging_mixin.py:190} INFO - [2025-04-11T02:06:09.450+0000] {dagbag.py:588} INFO - Filling up the DagBag from /home/airflow/.local/lib/python3.12/site-packages/airflow/example_dags/example_python_decorator.py
[2025-04-11T02:06:09.464+0000] {processor.py:925} INFO - DAG(s) 'example_python_decorator' retrieved from /home/airflow/.local/lib/python3.12/site-packages/airflow/example_dags/example_python_decorator.py
[2025-04-11T02:06:09.486+0000] {logging_mixin.py:190} INFO - [2025-04-11T02:06:09.485+0000] {dag.py:3239} INFO - Sync 1 DAGs
[2025-04-11T02:06:09.500+0000] {logging_mixin.py:190} INFO - [2025-04-11T02:06:09.500+0000] {dag.py:4180} INFO - Setting next_dagrun for example_python_decorator to None, run_after=None
[2025-04-11T02:06:09.539+0000] {processor.py:208} INFO - Processing /home/airflow/.local/lib/python3.12/site-packages/airflow/example_dags/example_python_decorator.py took 0.097 seconds
[2025-04-11T02:06:40.215+0000] {processor.py:186} INFO - Started process (PID=3372) to work on /home/airflow/.local/lib/python3.12/site-packages/airflow/example_dags/example_python_decorator.py
[2025-04-11T02:06:40.217+0000] {processor.py:914} INFO - Processing file /home/airflow/.local/lib/python3.12/site-packages/airflow/example_dags/example_python_decorator.py for tasks to queue
[2025-04-11T02:06:40.218+0000] {logging_mixin.py:190} INFO - [2025-04-11T02:06:40.218+0000] {dagbag.py:588} INFO - Filling up the DagBag from /home/airflow/.local/lib/python3.12/site-packages/airflow/example_dags/example_python_decorator.py
[2025-04-11T02:06:40.231+0000] {processor.py:925} INFO - DAG(s) 'example_python_decorator' retrieved from /home/airflow/.local/lib/python3.12/site-packages/airflow/example_dags/example_python_decorator.py
[2025-04-11T02:06:40.254+0000] {logging_mixin.py:190} INFO - [2025-04-11T02:06:40.254+0000] {dag.py:3239} INFO - Sync 1 DAGs
[2025-04-11T02:06:40.270+0000] {logging_mixin.py:190} INFO - [2025-04-11T02:06:40.270+0000] {dag.py:4180} INFO - Setting next_dagrun for example_python_decorator to None, run_after=None
[2025-04-11T02:06:40.307+0000] {processor.py:208} INFO - Processing /home/airflow/.local/lib/python3.12/site-packages/airflow/example_dags/example_python_decorator.py took 0.097 seconds
[2025-04-11T02:07:11.007+0000] {processor.py:186} INFO - Started process (PID=3437) to work on /home/airflow/.local/lib/python3.12/site-packages/airflow/example_dags/example_python_decorator.py
[2025-04-11T02:07:11.011+0000] {processor.py:914} INFO - Processing file /home/airflow/.local/lib/python3.12/site-packages/airflow/example_dags/example_python_decorator.py for tasks to queue
[2025-04-11T02:07:11.013+0000] {logging_mixin.py:190} INFO - [2025-04-11T02:07:11.013+0000] {dagbag.py:588} INFO - Filling up the DagBag from /home/airflow/.local/lib/python3.12/site-packages/airflow/example_dags/example_python_decorator.py
[2025-04-11T02:07:11.052+0000] {processor.py:925} INFO - DAG(s) 'example_python_decorator' retrieved from /home/airflow/.local/lib/python3.12/site-packages/airflow/example_dags/example_python_decorator.py
[2025-04-11T02:07:11.108+0000] {logging_mixin.py:190} INFO - [2025-04-11T02:07:11.108+0000] {dag.py:3239} INFO - Sync 1 DAGs
[2025-04-11T02:07:11.144+0000] {logging_mixin.py:190} INFO - [2025-04-11T02:07:11.144+0000] {dag.py:4180} INFO - Setting next_dagrun for example_python_decorator to None, run_after=None
[2025-04-11T02:07:11.187+0000] {processor.py:208} INFO - Processing /home/airflow/.local/lib/python3.12/site-packages/airflow/example_dags/example_python_decorator.py took 0.190 seconds
[2025-04-11T02:07:41.479+0000] {processor.py:186} INFO - Started process (PID=3502) to work on /home/airflow/.local/lib/python3.12/site-packages/airflow/example_dags/example_python_decorator.py
[2025-04-11T02:07:41.481+0000] {processor.py:914} INFO - Processing file /home/airflow/.local/lib/python3.12/site-packages/airflow/example_dags/example_python_decorator.py for tasks to queue
[2025-04-11T02:07:41.486+0000] {logging_mixin.py:190} INFO - [2025-04-11T02:07:41.485+0000] {dagbag.py:588} INFO - Filling up the DagBag from /home/airflow/.local/lib/python3.12/site-packages/airflow/example_dags/example_python_decorator.py
[2025-04-11T02:07:41.523+0000] {processor.py:925} INFO - DAG(s) 'example_python_decorator' retrieved from /home/airflow/.local/lib/python3.12/site-packages/airflow/example_dags/example_python_decorator.py
[2025-04-11T02:07:41.561+0000] {logging_mixin.py:190} INFO - [2025-04-11T02:07:41.561+0000] {dag.py:3239} INFO - Sync 1 DAGs
[2025-04-11T02:07:41.605+0000] {logging_mixin.py:190} INFO - [2025-04-11T02:07:41.604+0000] {dag.py:4180} INFO - Setting next_dagrun for example_python_decorator to None, run_after=None
[2025-04-11T02:07:41.647+0000] {processor.py:208} INFO - Processing /home/airflow/.local/lib/python3.12/site-packages/airflow/example_dags/example_python_decorator.py took 0.176 seconds
[2025-04-11T02:08:11.873+0000] {processor.py:186} INFO - Started process (PID=3566) to work on /home/airflow/.local/lib/python3.12/site-packages/airflow/example_dags/example_python_decorator.py
[2025-04-11T02:08:11.876+0000] {processor.py:914} INFO - Processing file /home/airflow/.local/lib/python3.12/site-packages/airflow/example_dags/example_python_decorator.py for tasks to queue
[2025-04-11T02:08:11.883+0000] {logging_mixin.py:190} INFO - [2025-04-11T02:08:11.882+0000] {dagbag.py:588} INFO - Filling up the DagBag from /home/airflow/.local/lib/python3.12/site-packages/airflow/example_dags/example_python_decorator.py
[2025-04-11T02:08:11.949+0000] {processor.py:925} INFO - DAG(s) 'example_python_decorator' retrieved from /home/airflow/.local/lib/python3.12/site-packages/airflow/example_dags/example_python_decorator.py
[2025-04-11T02:08:12.028+0000] {logging_mixin.py:190} INFO - [2025-04-11T02:08:12.027+0000] {dag.py:3239} INFO - Sync 1 DAGs
[2025-04-11T02:08:12.072+0000] {logging_mixin.py:190} INFO - [2025-04-11T02:08:12.071+0000] {dag.py:4180} INFO - Setting next_dagrun for example_python_decorator to None, run_after=None
[2025-04-11T02:08:12.134+0000] {processor.py:208} INFO - Processing /home/airflow/.local/lib/python3.12/site-packages/airflow/example_dags/example_python_decorator.py took 0.282 seconds
[2025-04-11T02:08:42.263+0000] {processor.py:186} INFO - Started process (PID=3631) to work on /home/airflow/.local/lib/python3.12/site-packages/airflow/example_dags/example_python_decorator.py
[2025-04-11T02:08:42.266+0000] {processor.py:914} INFO - Processing file /home/airflow/.local/lib/python3.12/site-packages/airflow/example_dags/example_python_decorator.py for tasks to queue
[2025-04-11T02:08:42.270+0000] {logging_mixin.py:190} INFO - [2025-04-11T02:08:42.269+0000] {dagbag.py:588} INFO - Filling up the DagBag from /home/airflow/.local/lib/python3.12/site-packages/airflow/example_dags/example_python_decorator.py
[2025-04-11T02:08:42.319+0000] {processor.py:925} INFO - DAG(s) 'example_python_decorator' retrieved from /home/airflow/.local/lib/python3.12/site-packages/airflow/example_dags/example_python_decorator.py
[2025-04-11T02:08:42.389+0000] {logging_mixin.py:190} INFO - [2025-04-11T02:08:42.389+0000] {dag.py:3239} INFO - Sync 1 DAGs
[2025-04-11T02:08:42.440+0000] {logging_mixin.py:190} INFO - [2025-04-11T02:08:42.439+0000] {dag.py:4180} INFO - Setting next_dagrun for example_python_decorator to None, run_after=None
[2025-04-11T02:08:42.499+0000] {processor.py:208} INFO - Processing /home/airflow/.local/lib/python3.12/site-packages/airflow/example_dags/example_python_decorator.py took 0.254 seconds
[2025-04-11T02:09:13.442+0000] {processor.py:186} INFO - Started process (PID=3696) to work on /home/airflow/.local/lib/python3.12/site-packages/airflow/example_dags/example_python_decorator.py
[2025-04-11T02:09:13.445+0000] {processor.py:914} INFO - Processing file /home/airflow/.local/lib/python3.12/site-packages/airflow/example_dags/example_python_decorator.py for tasks to queue
[2025-04-11T02:09:13.449+0000] {logging_mixin.py:190} INFO - [2025-04-11T02:09:13.448+0000] {dagbag.py:588} INFO - Filling up the DagBag from /home/airflow/.local/lib/python3.12/site-packages/airflow/example_dags/example_python_decorator.py
[2025-04-11T02:09:13.499+0000] {processor.py:925} INFO - DAG(s) 'example_python_decorator' retrieved from /home/airflow/.local/lib/python3.12/site-packages/airflow/example_dags/example_python_decorator.py
[2025-04-11T02:09:13.558+0000] {logging_mixin.py:190} INFO - [2025-04-11T02:09:13.558+0000] {dag.py:3239} INFO - Sync 1 DAGs
[2025-04-11T02:09:13.605+0000] {logging_mixin.py:190} INFO - [2025-04-11T02:09:13.604+0000] {dag.py:4180} INFO - Setting next_dagrun for example_python_decorator to None, run_after=None
[2025-04-11T02:09:13.677+0000] {processor.py:208} INFO - Processing /home/airflow/.local/lib/python3.12/site-packages/airflow/example_dags/example_python_decorator.py took 0.246 seconds
[2025-04-11T02:09:46.133+0000] {processor.py:186} INFO - Started process (PID=3761) to work on /home/airflow/.local/lib/python3.12/site-packages/airflow/example_dags/example_python_decorator.py
[2025-04-11T02:09:46.135+0000] {processor.py:914} INFO - Processing file /home/airflow/.local/lib/python3.12/site-packages/airflow/example_dags/example_python_decorator.py for tasks to queue
[2025-04-11T02:09:46.138+0000] {logging_mixin.py:190} INFO - [2025-04-11T02:09:46.138+0000] {dagbag.py:588} INFO - Filling up the DagBag from /home/airflow/.local/lib/python3.12/site-packages/airflow/example_dags/example_python_decorator.py
[2025-04-11T02:09:46.161+0000] {processor.py:925} INFO - DAG(s) 'example_python_decorator' retrieved from /home/airflow/.local/lib/python3.12/site-packages/airflow/example_dags/example_python_decorator.py
[2025-04-11T02:09:46.198+0000] {logging_mixin.py:190} INFO - [2025-04-11T02:09:46.197+0000] {dag.py:3239} INFO - Sync 1 DAGs
[2025-04-11T02:09:46.221+0000] {logging_mixin.py:190} INFO - [2025-04-11T02:09:46.220+0000] {dag.py:4180} INFO - Setting next_dagrun for example_python_decorator to None, run_after=None
[2025-04-11T02:09:46.252+0000] {processor.py:208} INFO - Processing /home/airflow/.local/lib/python3.12/site-packages/airflow/example_dags/example_python_decorator.py took 0.128 seconds
[2025-04-11T02:10:17.201+0000] {processor.py:186} INFO - Started process (PID=3827) to work on /home/airflow/.local/lib/python3.12/site-packages/airflow/example_dags/example_python_decorator.py
[2025-04-11T02:10:17.203+0000] {processor.py:914} INFO - Processing file /home/airflow/.local/lib/python3.12/site-packages/airflow/example_dags/example_python_decorator.py for tasks to queue
[2025-04-11T02:10:17.207+0000] {logging_mixin.py:190} INFO - [2025-04-11T02:10:17.205+0000] {dagbag.py:588} INFO - Filling up the DagBag from /home/airflow/.local/lib/python3.12/site-packages/airflow/example_dags/example_python_decorator.py
[2025-04-11T02:10:17.252+0000] {processor.py:925} INFO - DAG(s) 'example_python_decorator' retrieved from /home/airflow/.local/lib/python3.12/site-packages/airflow/example_dags/example_python_decorator.py
[2025-04-11T02:10:17.317+0000] {logging_mixin.py:190} INFO - [2025-04-11T02:10:17.317+0000] {dag.py:3239} INFO - Sync 1 DAGs
[2025-04-11T02:10:17.370+0000] {logging_mixin.py:190} INFO - [2025-04-11T02:10:17.369+0000] {dag.py:4180} INFO - Setting next_dagrun for example_python_decorator to None, run_after=None
[2025-04-11T02:10:17.416+0000] {processor.py:208} INFO - Processing /home/airflow/.local/lib/python3.12/site-packages/airflow/example_dags/example_python_decorator.py took 0.229 seconds
[2025-04-11T02:10:48.715+0000] {processor.py:186} INFO - Started process (PID=3892) to work on /home/airflow/.local/lib/python3.12/site-packages/airflow/example_dags/example_python_decorator.py
[2025-04-11T02:10:48.718+0000] {processor.py:914} INFO - Processing file /home/airflow/.local/lib/python3.12/site-packages/airflow/example_dags/example_python_decorator.py for tasks to queue
[2025-04-11T02:10:48.721+0000] {logging_mixin.py:190} INFO - [2025-04-11T02:10:48.720+0000] {dagbag.py:588} INFO - Filling up the DagBag from /home/airflow/.local/lib/python3.12/site-packages/airflow/example_dags/example_python_decorator.py
[2025-04-11T02:10:48.763+0000] {processor.py:925} INFO - DAG(s) 'example_python_decorator' retrieved from /home/airflow/.local/lib/python3.12/site-packages/airflow/example_dags/example_python_decorator.py
[2025-04-11T02:10:48.820+0000] {logging_mixin.py:190} INFO - [2025-04-11T02:10:48.819+0000] {dag.py:3239} INFO - Sync 1 DAGs
[2025-04-11T02:10:48.862+0000] {logging_mixin.py:190} INFO - [2025-04-11T02:10:48.861+0000] {dag.py:4180} INFO - Setting next_dagrun for example_python_decorator to None, run_after=None
[2025-04-11T02:10:48.908+0000] {processor.py:208} INFO - Processing /home/airflow/.local/lib/python3.12/site-packages/airflow/example_dags/example_python_decorator.py took 0.211 seconds
[2025-04-11T02:11:21.191+0000] {processor.py:186} INFO - Started process (PID=3957) to work on /home/airflow/.local/lib/python3.12/site-packages/airflow/example_dags/example_python_decorator.py
[2025-04-11T02:11:21.193+0000] {processor.py:914} INFO - Processing file /home/airflow/.local/lib/python3.12/site-packages/airflow/example_dags/example_python_decorator.py for tasks to queue
[2025-04-11T02:11:21.195+0000] {logging_mixin.py:190} INFO - [2025-04-11T02:11:21.195+0000] {dagbag.py:588} INFO - Filling up the DagBag from /home/airflow/.local/lib/python3.12/site-packages/airflow/example_dags/example_python_decorator.py
[2025-04-11T02:11:21.218+0000] {processor.py:925} INFO - DAG(s) 'example_python_decorator' retrieved from /home/airflow/.local/lib/python3.12/site-packages/airflow/example_dags/example_python_decorator.py
[2025-04-11T02:11:21.266+0000] {logging_mixin.py:190} INFO - [2025-04-11T02:11:21.266+0000] {dag.py:3239} INFO - Sync 1 DAGs
[2025-04-11T02:11:21.301+0000] {logging_mixin.py:190} INFO - [2025-04-11T02:11:21.301+0000] {dag.py:4180} INFO - Setting next_dagrun for example_python_decorator to None, run_after=None
[2025-04-11T02:11:21.342+0000] {processor.py:208} INFO - Processing /home/airflow/.local/lib/python3.12/site-packages/airflow/example_dags/example_python_decorator.py took 0.159 seconds
[2025-04-11T02:11:53.910+0000] {processor.py:186} INFO - Started process (PID=4022) to work on /home/airflow/.local/lib/python3.12/site-packages/airflow/example_dags/example_python_decorator.py
[2025-04-11T02:11:53.913+0000] {processor.py:914} INFO - Processing file /home/airflow/.local/lib/python3.12/site-packages/airflow/example_dags/example_python_decorator.py for tasks to queue
[2025-04-11T02:11:53.917+0000] {logging_mixin.py:190} INFO - [2025-04-11T02:11:53.916+0000] {dagbag.py:588} INFO - Filling up the DagBag from /home/airflow/.local/lib/python3.12/site-packages/airflow/example_dags/example_python_decorator.py
[2025-04-11T02:11:53.963+0000] {processor.py:925} INFO - DAG(s) 'example_python_decorator' retrieved from /home/airflow/.local/lib/python3.12/site-packages/airflow/example_dags/example_python_decorator.py
[2025-04-11T02:11:54.030+0000] {logging_mixin.py:190} INFO - [2025-04-11T02:11:54.029+0000] {dag.py:3239} INFO - Sync 1 DAGs
[2025-04-11T02:11:54.078+0000] {logging_mixin.py:190} INFO - [2025-04-11T02:11:54.077+0000] {dag.py:4180} INFO - Setting next_dagrun for example_python_decorator to None, run_after=None
[2025-04-11T02:11:54.138+0000] {processor.py:208} INFO - Processing /home/airflow/.local/lib/python3.12/site-packages/airflow/example_dags/example_python_decorator.py took 0.246 seconds
[2025-04-11T02:12:24.431+0000] {processor.py:186} INFO - Started process (PID=4087) to work on /home/airflow/.local/lib/python3.12/site-packages/airflow/example_dags/example_python_decorator.py
[2025-04-11T02:12:24.434+0000] {processor.py:914} INFO - Processing file /home/airflow/.local/lib/python3.12/site-packages/airflow/example_dags/example_python_decorator.py for tasks to queue
[2025-04-11T02:12:24.437+0000] {logging_mixin.py:190} INFO - [2025-04-11T02:12:24.437+0000] {dagbag.py:588} INFO - Filling up the DagBag from /home/airflow/.local/lib/python3.12/site-packages/airflow/example_dags/example_python_decorator.py
[2025-04-11T02:12:24.482+0000] {processor.py:925} INFO - DAG(s) 'example_python_decorator' retrieved from /home/airflow/.local/lib/python3.12/site-packages/airflow/example_dags/example_python_decorator.py
[2025-04-11T02:12:24.548+0000] {logging_mixin.py:190} INFO - [2025-04-11T02:12:24.548+0000] {dag.py:3239} INFO - Sync 1 DAGs
[2025-04-11T02:12:24.601+0000] {logging_mixin.py:190} INFO - [2025-04-11T02:12:24.600+0000] {dag.py:4180} INFO - Setting next_dagrun for example_python_decorator to None, run_after=None
[2025-04-11T02:12:24.661+0000] {processor.py:208} INFO - Processing /home/airflow/.local/lib/python3.12/site-packages/airflow/example_dags/example_python_decorator.py took 0.248 seconds
[2025-04-11T02:12:55.844+0000] {processor.py:186} INFO - Started process (PID=4153) to work on /home/airflow/.local/lib/python3.12/site-packages/airflow/example_dags/example_python_decorator.py
[2025-04-11T02:12:55.846+0000] {processor.py:914} INFO - Processing file /home/airflow/.local/lib/python3.12/site-packages/airflow/example_dags/example_python_decorator.py for tasks to queue
[2025-04-11T02:12:55.849+0000] {logging_mixin.py:190} INFO - [2025-04-11T02:12:55.848+0000] {dagbag.py:588} INFO - Filling up the DagBag from /home/airflow/.local/lib/python3.12/site-packages/airflow/example_dags/example_python_decorator.py
[2025-04-11T02:12:55.897+0000] {processor.py:925} INFO - DAG(s) 'example_python_decorator' retrieved from /home/airflow/.local/lib/python3.12/site-packages/airflow/example_dags/example_python_decorator.py
[2025-04-11T02:12:55.945+0000] {logging_mixin.py:190} INFO - [2025-04-11T02:12:55.944+0000] {dag.py:3239} INFO - Sync 1 DAGs
[2025-04-11T02:12:55.990+0000] {logging_mixin.py:190} INFO - [2025-04-11T02:12:55.989+0000] {dag.py:4180} INFO - Setting next_dagrun for example_python_decorator to None, run_after=None
[2025-04-11T02:12:56.036+0000] {processor.py:208} INFO - Processing /home/airflow/.local/lib/python3.12/site-packages/airflow/example_dags/example_python_decorator.py took 0.208 seconds
[2025-04-11T02:13:27.254+0000] {processor.py:186} INFO - Started process (PID=4219) to work on /home/airflow/.local/lib/python3.12/site-packages/airflow/example_dags/example_python_decorator.py
[2025-04-11T02:13:27.257+0000] {processor.py:914} INFO - Processing file /home/airflow/.local/lib/python3.12/site-packages/airflow/example_dags/example_python_decorator.py for tasks to queue
[2025-04-11T02:13:27.260+0000] {logging_mixin.py:190} INFO - [2025-04-11T02:13:27.259+0000] {dagbag.py:588} INFO - Filling up the DagBag from /home/airflow/.local/lib/python3.12/site-packages/airflow/example_dags/example_python_decorator.py
[2025-04-11T02:13:27.302+0000] {processor.py:925} INFO - DAG(s) 'example_python_decorator' retrieved from /home/airflow/.local/lib/python3.12/site-packages/airflow/example_dags/example_python_decorator.py
[2025-04-11T02:13:27.362+0000] {logging_mixin.py:190} INFO - [2025-04-11T02:13:27.361+0000] {dag.py:3239} INFO - Sync 1 DAGs
[2025-04-11T02:13:27.414+0000] {logging_mixin.py:190} INFO - [2025-04-11T02:13:27.413+0000] {dag.py:4180} INFO - Setting next_dagrun for example_python_decorator to None, run_after=None
[2025-04-11T02:13:27.456+0000] {processor.py:208} INFO - Processing /home/airflow/.local/lib/python3.12/site-packages/airflow/example_dags/example_python_decorator.py took 0.219 seconds
[2025-04-11T02:13:58.263+0000] {processor.py:186} INFO - Started process (PID=4284) to work on /home/airflow/.local/lib/python3.12/site-packages/airflow/example_dags/example_python_decorator.py
[2025-04-11T02:13:58.265+0000] {processor.py:914} INFO - Processing file /home/airflow/.local/lib/python3.12/site-packages/airflow/example_dags/example_python_decorator.py for tasks to queue
[2025-04-11T02:13:58.267+0000] {logging_mixin.py:190} INFO - [2025-04-11T02:13:58.266+0000] {dagbag.py:588} INFO - Filling up the DagBag from /home/airflow/.local/lib/python3.12/site-packages/airflow/example_dags/example_python_decorator.py
[2025-04-11T02:13:58.280+0000] {processor.py:925} INFO - DAG(s) 'example_python_decorator' retrieved from /home/airflow/.local/lib/python3.12/site-packages/airflow/example_dags/example_python_decorator.py
[2025-04-11T02:13:58.302+0000] {logging_mixin.py:190} INFO - [2025-04-11T02:13:58.301+0000] {dag.py:3239} INFO - Sync 1 DAGs
[2025-04-11T02:13:58.318+0000] {logging_mixin.py:190} INFO - [2025-04-11T02:13:58.318+0000] {dag.py:4180} INFO - Setting next_dagrun for example_python_decorator to None, run_after=None
[2025-04-11T02:13:58.344+0000] {processor.py:208} INFO - Processing /home/airflow/.local/lib/python3.12/site-packages/airflow/example_dags/example_python_decorator.py took 0.085 seconds
[2025-04-11T02:14:28.795+0000] {processor.py:186} INFO - Started process (PID=4349) to work on /home/airflow/.local/lib/python3.12/site-packages/airflow/example_dags/example_python_decorator.py
[2025-04-11T02:14:28.796+0000] {processor.py:914} INFO - Processing file /home/airflow/.local/lib/python3.12/site-packages/airflow/example_dags/example_python_decorator.py for tasks to queue
[2025-04-11T02:14:28.797+0000] {logging_mixin.py:190} INFO - [2025-04-11T02:14:28.797+0000] {dagbag.py:588} INFO - Filling up the DagBag from /home/airflow/.local/lib/python3.12/site-packages/airflow/example_dags/example_python_decorator.py
[2025-04-11T02:14:28.808+0000] {processor.py:925} INFO - DAG(s) 'example_python_decorator' retrieved from /home/airflow/.local/lib/python3.12/site-packages/airflow/example_dags/example_python_decorator.py
[2025-04-11T02:14:28.828+0000] {logging_mixin.py:190} INFO - [2025-04-11T02:14:28.828+0000] {dag.py:3239} INFO - Sync 1 DAGs
[2025-04-11T02:14:28.840+0000] {logging_mixin.py:190} INFO - [2025-04-11T02:14:28.840+0000] {dag.py:4180} INFO - Setting next_dagrun for example_python_decorator to None, run_after=None
[2025-04-11T02:14:28.862+0000] {processor.py:208} INFO - Processing /home/airflow/.local/lib/python3.12/site-packages/airflow/example_dags/example_python_decorator.py took 0.071 seconds
[2025-04-11T02:14:59.581+0000] {processor.py:186} INFO - Started process (PID=4414) to work on /home/airflow/.local/lib/python3.12/site-packages/airflow/example_dags/example_python_decorator.py
[2025-04-11T02:14:59.584+0000] {processor.py:914} INFO - Processing file /home/airflow/.local/lib/python3.12/site-packages/airflow/example_dags/example_python_decorator.py for tasks to queue
[2025-04-11T02:14:59.588+0000] {logging_mixin.py:190} INFO - [2025-04-11T02:14:59.587+0000] {dagbag.py:588} INFO - Filling up the DagBag from /home/airflow/.local/lib/python3.12/site-packages/airflow/example_dags/example_python_decorator.py
[2025-04-11T02:14:59.631+0000] {processor.py:925} INFO - DAG(s) 'example_python_decorator' retrieved from /home/airflow/.local/lib/python3.12/site-packages/airflow/example_dags/example_python_decorator.py
[2025-04-11T02:14:59.686+0000] {logging_mixin.py:190} INFO - [2025-04-11T02:14:59.685+0000] {dag.py:3239} INFO - Sync 1 DAGs
[2025-04-11T02:14:59.732+0000] {logging_mixin.py:190} INFO - [2025-04-11T02:14:59.731+0000] {dag.py:4180} INFO - Setting next_dagrun for example_python_decorator to None, run_after=None
[2025-04-11T02:14:59.784+0000] {processor.py:208} INFO - Processing /home/airflow/.local/lib/python3.12/site-packages/airflow/example_dags/example_python_decorator.py took 0.221 seconds
[2025-04-11T02:15:30.446+0000] {processor.py:186} INFO - Started process (PID=4479) to work on /home/airflow/.local/lib/python3.12/site-packages/airflow/example_dags/example_python_decorator.py
[2025-04-11T02:15:30.448+0000] {processor.py:914} INFO - Processing file /home/airflow/.local/lib/python3.12/site-packages/airflow/example_dags/example_python_decorator.py for tasks to queue
[2025-04-11T02:15:30.450+0000] {logging_mixin.py:190} INFO - [2025-04-11T02:15:30.450+0000] {dagbag.py:588} INFO - Filling up the DagBag from /home/airflow/.local/lib/python3.12/site-packages/airflow/example_dags/example_python_decorator.py
[2025-04-11T02:15:30.464+0000] {processor.py:925} INFO - DAG(s) 'example_python_decorator' retrieved from /home/airflow/.local/lib/python3.12/site-packages/airflow/example_dags/example_python_decorator.py
[2025-04-11T02:15:30.489+0000] {logging_mixin.py:190} INFO - [2025-04-11T02:15:30.488+0000] {dag.py:3239} INFO - Sync 1 DAGs
[2025-04-11T02:15:30.660+0000] {logging_mixin.py:190} INFO - [2025-04-11T02:15:30.660+0000] {dag.py:4180} INFO - Setting next_dagrun for example_python_decorator to None, run_after=None
[2025-04-11T02:15:30.687+0000] {processor.py:208} INFO - Processing /home/airflow/.local/lib/python3.12/site-packages/airflow/example_dags/example_python_decorator.py took 0.246 seconds
