[2025-04-11T01:49:58.139+0000] {processor.py:186} INFO - Started process (PID=1266) to work on /home/airflow/.local/lib/python3.12/site-packages/airflow/example_dags/example_branch_operator.py
[2025-04-11T01:49:58.141+0000] {processor.py:914} INFO - Processing file /home/airflow/.local/lib/python3.12/site-packages/airflow/example_dags/example_branch_operator.py for tasks to queue
[2025-04-11T01:49:58.144+0000] {logging_mixin.py:190} INFO - [2025-04-11T01:49:58.144+0000] {dagbag.py:588} INFO - Filling up the DagBag from /home/airflow/.local/lib/python3.12/site-packages/airflow/example_dags/example_branch_operator.py
[2025-04-11T01:49:58.206+0000] {processor.py:925} INFO - DAG(s) 'example_branch_operator' retrieved from /home/airflow/.local/lib/python3.12/site-packages/airflow/example_dags/example_branch_operator.py
[2025-04-11T01:49:58.293+0000] {logging_mixin.py:190} INFO - [2025-04-11T01:49:58.292+0000] {dag.py:3239} INFO - Sync 1 DAGs
[2025-04-11T01:49:58.358+0000] {logging_mixin.py:190} INFO - [2025-04-11T01:49:58.357+0000] {dag.py:4180} INFO - Setting next_dagrun for example_branch_operator to 2025-04-10 00:00:00+00:00, run_after=2025-04-11 00:00:00+00:00
[2025-04-11T01:49:58.415+0000] {processor.py:208} INFO - Processing /home/airflow/.local/lib/python3.12/site-packages/airflow/example_dags/example_branch_operator.py took 0.292 seconds
[2025-04-11T01:50:28.562+0000] {processor.py:186} INFO - Started process (PID=1332) to work on /home/airflow/.local/lib/python3.12/site-packages/airflow/example_dags/example_branch_operator.py
[2025-04-11T01:50:28.564+0000] {processor.py:914} INFO - Processing file /home/airflow/.local/lib/python3.12/site-packages/airflow/example_dags/example_branch_operator.py for tasks to queue
[2025-04-11T01:50:28.566+0000] {logging_mixin.py:190} INFO - [2025-04-11T01:50:28.566+0000] {dagbag.py:588} INFO - Filling up the DagBag from /home/airflow/.local/lib/python3.12/site-packages/airflow/example_dags/example_branch_operator.py
[2025-04-11T01:50:28.588+0000] {processor.py:925} INFO - DAG(s) 'example_branch_operator' retrieved from /home/airflow/.local/lib/python3.12/site-packages/airflow/example_dags/example_branch_operator.py
[2025-04-11T01:50:28.626+0000] {logging_mixin.py:190} INFO - [2025-04-11T01:50:28.626+0000] {dag.py:3239} INFO - Sync 1 DAGs
[2025-04-11T01:50:28.657+0000] {logging_mixin.py:190} INFO - [2025-04-11T01:50:28.656+0000] {dag.py:4180} INFO - Setting next_dagrun for example_branch_operator to 2025-04-10 00:00:00+00:00, run_after=2025-04-11 00:00:00+00:00
[2025-04-11T01:50:28.685+0000] {processor.py:208} INFO - Processing /home/airflow/.local/lib/python3.12/site-packages/airflow/example_dags/example_branch_operator.py took 0.129 seconds
[2025-04-11T01:50:59.311+0000] {processor.py:186} INFO - Started process (PID=1397) to work on /home/airflow/.local/lib/python3.12/site-packages/airflow/example_dags/example_branch_operator.py
[2025-04-11T01:50:59.314+0000] {processor.py:914} INFO - Processing file /home/airflow/.local/lib/python3.12/site-packages/airflow/example_dags/example_branch_operator.py for tasks to queue
[2025-04-11T01:50:59.318+0000] {logging_mixin.py:190} INFO - [2025-04-11T01:50:59.317+0000] {dagbag.py:588} INFO - Filling up the DagBag from /home/airflow/.local/lib/python3.12/site-packages/airflow/example_dags/example_branch_operator.py
[2025-04-11T01:50:59.366+0000] {processor.py:925} INFO - DAG(s) 'example_branch_operator' retrieved from /home/airflow/.local/lib/python3.12/site-packages/airflow/example_dags/example_branch_operator.py
[2025-04-11T01:50:59.442+0000] {logging_mixin.py:190} INFO - [2025-04-11T01:50:59.441+0000] {dag.py:3239} INFO - Sync 1 DAGs
[2025-04-11T01:50:59.538+0000] {logging_mixin.py:190} INFO - [2025-04-11T01:50:59.538+0000] {dag.py:4180} INFO - Setting next_dagrun for example_branch_operator to 2025-04-10 00:00:00+00:00, run_after=2025-04-11 00:00:00+00:00
[2025-04-11T01:50:59.598+0000] {processor.py:208} INFO - Processing /home/airflow/.local/lib/python3.12/site-packages/airflow/example_dags/example_branch_operator.py took 0.296 seconds
[2025-04-11T01:51:30.714+0000] {processor.py:186} INFO - Started process (PID=1462) to work on /home/airflow/.local/lib/python3.12/site-packages/airflow/example_dags/example_branch_operator.py
[2025-04-11T01:51:30.715+0000] {processor.py:914} INFO - Processing file /home/airflow/.local/lib/python3.12/site-packages/airflow/example_dags/example_branch_operator.py for tasks to queue
[2025-04-11T01:51:30.720+0000] {logging_mixin.py:190} INFO - [2025-04-11T01:51:30.719+0000] {dagbag.py:588} INFO - Filling up the DagBag from /home/airflow/.local/lib/python3.12/site-packages/airflow/example_dags/example_branch_operator.py
[2025-04-11T01:51:30.770+0000] {processor.py:925} INFO - DAG(s) 'example_branch_operator' retrieved from /home/airflow/.local/lib/python3.12/site-packages/airflow/example_dags/example_branch_operator.py
[2025-04-11T01:51:30.840+0000] {logging_mixin.py:190} INFO - [2025-04-11T01:51:30.839+0000] {dag.py:3239} INFO - Sync 1 DAGs
[2025-04-11T01:51:30.909+0000] {logging_mixin.py:190} INFO - [2025-04-11T01:51:30.908+0000] {dag.py:4180} INFO - Setting next_dagrun for example_branch_operator to 2025-04-10 00:00:00+00:00, run_after=2025-04-11 00:00:00+00:00
[2025-04-11T01:51:30.943+0000] {processor.py:208} INFO - Processing /home/airflow/.local/lib/python3.12/site-packages/airflow/example_dags/example_branch_operator.py took 0.248 seconds
[2025-04-11T01:52:01.524+0000] {processor.py:186} INFO - Started process (PID=1527) to work on /home/airflow/.local/lib/python3.12/site-packages/airflow/example_dags/example_branch_operator.py
[2025-04-11T01:52:01.526+0000] {processor.py:914} INFO - Processing file /home/airflow/.local/lib/python3.12/site-packages/airflow/example_dags/example_branch_operator.py for tasks to queue
[2025-04-11T01:52:01.530+0000] {logging_mixin.py:190} INFO - [2025-04-11T01:52:01.529+0000] {dagbag.py:588} INFO - Filling up the DagBag from /home/airflow/.local/lib/python3.12/site-packages/airflow/example_dags/example_branch_operator.py
[2025-04-11T01:52:01.577+0000] {processor.py:925} INFO - DAG(s) 'example_branch_operator' retrieved from /home/airflow/.local/lib/python3.12/site-packages/airflow/example_dags/example_branch_operator.py
[2025-04-11T01:52:01.647+0000] {logging_mixin.py:190} INFO - [2025-04-11T01:52:01.646+0000] {dag.py:3239} INFO - Sync 1 DAGs
[2025-04-11T01:52:01.714+0000] {logging_mixin.py:190} INFO - [2025-04-11T01:52:01.714+0000] {dag.py:4180} INFO - Setting next_dagrun for example_branch_operator to 2025-04-10 00:00:00+00:00, run_after=2025-04-11 00:00:00+00:00
[2025-04-11T01:52:01.760+0000] {processor.py:208} INFO - Processing /home/airflow/.local/lib/python3.12/site-packages/airflow/example_dags/example_branch_operator.py took 0.253 seconds
[2025-04-11T01:52:32.268+0000] {processor.py:186} INFO - Started process (PID=1592) to work on /home/airflow/.local/lib/python3.12/site-packages/airflow/example_dags/example_branch_operator.py
[2025-04-11T01:52:32.269+0000] {processor.py:914} INFO - Processing file /home/airflow/.local/lib/python3.12/site-packages/airflow/example_dags/example_branch_operator.py for tasks to queue
[2025-04-11T01:52:32.270+0000] {logging_mixin.py:190} INFO - [2025-04-11T01:52:32.270+0000] {dagbag.py:588} INFO - Filling up the DagBag from /home/airflow/.local/lib/python3.12/site-packages/airflow/example_dags/example_branch_operator.py
[2025-04-11T01:52:32.286+0000] {processor.py:925} INFO - DAG(s) 'example_branch_operator' retrieved from /home/airflow/.local/lib/python3.12/site-packages/airflow/example_dags/example_branch_operator.py
[2025-04-11T01:52:32.315+0000] {logging_mixin.py:190} INFO - [2025-04-11T01:52:32.314+0000] {dag.py:3239} INFO - Sync 1 DAGs
[2025-04-11T01:52:32.347+0000] {logging_mixin.py:190} INFO - [2025-04-11T01:52:32.347+0000] {dag.py:4180} INFO - Setting next_dagrun for example_branch_operator to 2025-04-10 00:00:00+00:00, run_after=2025-04-11 00:00:00+00:00
[2025-04-11T01:52:32.374+0000] {processor.py:208} INFO - Processing /home/airflow/.local/lib/python3.12/site-packages/airflow/example_dags/example_branch_operator.py took 0.113 seconds
[2025-04-11T01:53:03.270+0000] {processor.py:186} INFO - Started process (PID=1657) to work on /home/airflow/.local/lib/python3.12/site-packages/airflow/example_dags/example_branch_operator.py
[2025-04-11T01:53:03.272+0000] {processor.py:914} INFO - Processing file /home/airflow/.local/lib/python3.12/site-packages/airflow/example_dags/example_branch_operator.py for tasks to queue
[2025-04-11T01:53:03.273+0000] {logging_mixin.py:190} INFO - [2025-04-11T01:53:03.273+0000] {dagbag.py:588} INFO - Filling up the DagBag from /home/airflow/.local/lib/python3.12/site-packages/airflow/example_dags/example_branch_operator.py
[2025-04-11T01:53:03.292+0000] {processor.py:925} INFO - DAG(s) 'example_branch_operator' retrieved from /home/airflow/.local/lib/python3.12/site-packages/airflow/example_dags/example_branch_operator.py
[2025-04-11T01:53:03.324+0000] {logging_mixin.py:190} INFO - [2025-04-11T01:53:03.323+0000] {dag.py:3239} INFO - Sync 1 DAGs
[2025-04-11T01:53:03.349+0000] {logging_mixin.py:190} INFO - [2025-04-11T01:53:03.348+0000] {dag.py:4180} INFO - Setting next_dagrun for example_branch_operator to 2025-04-10 00:00:00+00:00, run_after=2025-04-11 00:00:00+00:00
[2025-04-11T01:53:03.371+0000] {processor.py:208} INFO - Processing /home/airflow/.local/lib/python3.12/site-packages/airflow/example_dags/example_branch_operator.py took 0.107 seconds
[2025-04-11T01:53:34.049+0000] {processor.py:186} INFO - Started process (PID=1722) to work on /home/airflow/.local/lib/python3.12/site-packages/airflow/example_dags/example_branch_operator.py
[2025-04-11T01:53:34.051+0000] {processor.py:914} INFO - Processing file /home/airflow/.local/lib/python3.12/site-packages/airflow/example_dags/example_branch_operator.py for tasks to queue
[2025-04-11T01:53:34.053+0000] {logging_mixin.py:190} INFO - [2025-04-11T01:53:34.052+0000] {dagbag.py:588} INFO - Filling up the DagBag from /home/airflow/.local/lib/python3.12/site-packages/airflow/example_dags/example_branch_operator.py
[2025-04-11T01:53:34.071+0000] {processor.py:925} INFO - DAG(s) 'example_branch_operator' retrieved from /home/airflow/.local/lib/python3.12/site-packages/airflow/example_dags/example_branch_operator.py
[2025-04-11T01:53:34.099+0000] {logging_mixin.py:190} INFO - [2025-04-11T01:53:34.099+0000] {dag.py:3239} INFO - Sync 1 DAGs
[2025-04-11T01:53:34.123+0000] {logging_mixin.py:190} INFO - [2025-04-11T01:53:34.123+0000] {dag.py:4180} INFO - Setting next_dagrun for example_branch_operator to 2025-04-10 00:00:00+00:00, run_after=2025-04-11 00:00:00+00:00
[2025-04-11T01:53:34.146+0000] {processor.py:208} INFO - Processing /home/airflow/.local/lib/python3.12/site-packages/airflow/example_dags/example_branch_operator.py took 0.103 seconds
[2025-04-11T01:54:04.902+0000] {processor.py:186} INFO - Started process (PID=1787) to work on /home/airflow/.local/lib/python3.12/site-packages/airflow/example_dags/example_branch_operator.py
[2025-04-11T01:54:04.903+0000] {processor.py:914} INFO - Processing file /home/airflow/.local/lib/python3.12/site-packages/airflow/example_dags/example_branch_operator.py for tasks to queue
[2025-04-11T01:54:04.905+0000] {logging_mixin.py:190} INFO - [2025-04-11T01:54:04.905+0000] {dagbag.py:588} INFO - Filling up the DagBag from /home/airflow/.local/lib/python3.12/site-packages/airflow/example_dags/example_branch_operator.py
[2025-04-11T01:54:04.919+0000] {processor.py:925} INFO - DAG(s) 'example_branch_operator' retrieved from /home/airflow/.local/lib/python3.12/site-packages/airflow/example_dags/example_branch_operator.py
[2025-04-11T01:54:04.950+0000] {logging_mixin.py:190} INFO - [2025-04-11T01:54:04.950+0000] {dag.py:3239} INFO - Sync 1 DAGs
[2025-04-11T01:54:04.973+0000] {logging_mixin.py:190} INFO - [2025-04-11T01:54:04.973+0000] {dag.py:4180} INFO - Setting next_dagrun for example_branch_operator to 2025-04-10 00:00:00+00:00, run_after=2025-04-11 00:00:00+00:00
[2025-04-11T01:54:04.995+0000] {processor.py:208} INFO - Processing /home/airflow/.local/lib/python3.12/site-packages/airflow/example_dags/example_branch_operator.py took 0.098 seconds
[2025-04-11T01:54:35.810+0000] {processor.py:186} INFO - Started process (PID=1852) to work on /home/airflow/.local/lib/python3.12/site-packages/airflow/example_dags/example_branch_operator.py
[2025-04-11T01:54:35.811+0000] {processor.py:914} INFO - Processing file /home/airflow/.local/lib/python3.12/site-packages/airflow/example_dags/example_branch_operator.py for tasks to queue
[2025-04-11T01:54:35.813+0000] {logging_mixin.py:190} INFO - [2025-04-11T01:54:35.813+0000] {dagbag.py:588} INFO - Filling up the DagBag from /home/airflow/.local/lib/python3.12/site-packages/airflow/example_dags/example_branch_operator.py
[2025-04-11T01:54:35.827+0000] {processor.py:925} INFO - DAG(s) 'example_branch_operator' retrieved from /home/airflow/.local/lib/python3.12/site-packages/airflow/example_dags/example_branch_operator.py
[2025-04-11T01:54:35.853+0000] {logging_mixin.py:190} INFO - [2025-04-11T01:54:35.853+0000] {dag.py:3239} INFO - Sync 1 DAGs
[2025-04-11T01:54:35.877+0000] {logging_mixin.py:190} INFO - [2025-04-11T01:54:35.877+0000] {dag.py:4180} INFO - Setting next_dagrun for example_branch_operator to 2025-04-10 00:00:00+00:00, run_after=2025-04-11 00:00:00+00:00
[2025-04-11T01:54:35.899+0000] {processor.py:208} INFO - Processing /home/airflow/.local/lib/python3.12/site-packages/airflow/example_dags/example_branch_operator.py took 0.094 seconds
[2025-04-11T01:55:06.702+0000] {processor.py:186} INFO - Started process (PID=1917) to work on /home/airflow/.local/lib/python3.12/site-packages/airflow/example_dags/example_branch_operator.py
[2025-04-11T01:55:06.704+0000] {processor.py:914} INFO - Processing file /home/airflow/.local/lib/python3.12/site-packages/airflow/example_dags/example_branch_operator.py for tasks to queue
[2025-04-11T01:55:06.705+0000] {logging_mixin.py:190} INFO - [2025-04-11T01:55:06.705+0000] {dagbag.py:588} INFO - Filling up the DagBag from /home/airflow/.local/lib/python3.12/site-packages/airflow/example_dags/example_branch_operator.py
[2025-04-11T01:55:06.721+0000] {processor.py:925} INFO - DAG(s) 'example_branch_operator' retrieved from /home/airflow/.local/lib/python3.12/site-packages/airflow/example_dags/example_branch_operator.py
[2025-04-11T01:55:06.747+0000] {logging_mixin.py:190} INFO - [2025-04-11T01:55:06.747+0000] {dag.py:3239} INFO - Sync 1 DAGs
[2025-04-11T01:55:06.769+0000] {logging_mixin.py:190} INFO - [2025-04-11T01:55:06.769+0000] {dag.py:4180} INFO - Setting next_dagrun for example_branch_operator to 2025-04-10 00:00:00+00:00, run_after=2025-04-11 00:00:00+00:00
[2025-04-11T01:55:06.793+0000] {processor.py:208} INFO - Processing /home/airflow/.local/lib/python3.12/site-packages/airflow/example_dags/example_branch_operator.py took 0.096 seconds
[2025-04-11T01:55:37.389+0000] {processor.py:186} INFO - Started process (PID=1982) to work on /home/airflow/.local/lib/python3.12/site-packages/airflow/example_dags/example_branch_operator.py
[2025-04-11T01:55:37.391+0000] {processor.py:914} INFO - Processing file /home/airflow/.local/lib/python3.12/site-packages/airflow/example_dags/example_branch_operator.py for tasks to queue
[2025-04-11T01:55:37.392+0000] {logging_mixin.py:190} INFO - [2025-04-11T01:55:37.392+0000] {dagbag.py:588} INFO - Filling up the DagBag from /home/airflow/.local/lib/python3.12/site-packages/airflow/example_dags/example_branch_operator.py
[2025-04-11T01:55:37.407+0000] {processor.py:925} INFO - DAG(s) 'example_branch_operator' retrieved from /home/airflow/.local/lib/python3.12/site-packages/airflow/example_dags/example_branch_operator.py
[2025-04-11T01:55:37.434+0000] {logging_mixin.py:190} INFO - [2025-04-11T01:55:37.434+0000] {dag.py:3239} INFO - Sync 1 DAGs
[2025-04-11T01:55:37.457+0000] {logging_mixin.py:190} INFO - [2025-04-11T01:55:37.457+0000] {dag.py:4180} INFO - Setting next_dagrun for example_branch_operator to 2025-04-10 00:00:00+00:00, run_after=2025-04-11 00:00:00+00:00
[2025-04-11T01:55:37.479+0000] {processor.py:208} INFO - Processing /home/airflow/.local/lib/python3.12/site-packages/airflow/example_dags/example_branch_operator.py took 0.095 seconds
[2025-04-11T01:56:07.570+0000] {processor.py:186} INFO - Started process (PID=2047) to work on /home/airflow/.local/lib/python3.12/site-packages/airflow/example_dags/example_branch_operator.py
[2025-04-11T01:56:07.572+0000] {processor.py:914} INFO - Processing file /home/airflow/.local/lib/python3.12/site-packages/airflow/example_dags/example_branch_operator.py for tasks to queue
[2025-04-11T01:56:07.573+0000] {logging_mixin.py:190} INFO - [2025-04-11T01:56:07.573+0000] {dagbag.py:588} INFO - Filling up the DagBag from /home/airflow/.local/lib/python3.12/site-packages/airflow/example_dags/example_branch_operator.py
[2025-04-11T01:56:07.587+0000] {processor.py:925} INFO - DAG(s) 'example_branch_operator' retrieved from /home/airflow/.local/lib/python3.12/site-packages/airflow/example_dags/example_branch_operator.py
[2025-04-11T01:56:07.612+0000] {logging_mixin.py:190} INFO - [2025-04-11T01:56:07.612+0000] {dag.py:3239} INFO - Sync 1 DAGs
[2025-04-11T01:56:07.633+0000] {logging_mixin.py:190} INFO - [2025-04-11T01:56:07.632+0000] {dag.py:4180} INFO - Setting next_dagrun for example_branch_operator to 2025-04-10 00:00:00+00:00, run_after=2025-04-11 00:00:00+00:00
[2025-04-11T01:56:07.656+0000] {processor.py:208} INFO - Processing /home/airflow/.local/lib/python3.12/site-packages/airflow/example_dags/example_branch_operator.py took 0.090 seconds
[2025-04-11T01:56:40.714+0000] {processor.py:186} INFO - Started process (PID=2112) to work on /home/airflow/.local/lib/python3.12/site-packages/airflow/example_dags/example_branch_operator.py
[2025-04-11T01:56:40.715+0000] {processor.py:914} INFO - Processing file /home/airflow/.local/lib/python3.12/site-packages/airflow/example_dags/example_branch_operator.py for tasks to queue
[2025-04-11T01:56:40.717+0000] {logging_mixin.py:190} INFO - [2025-04-11T01:56:40.716+0000] {dagbag.py:588} INFO - Filling up the DagBag from /home/airflow/.local/lib/python3.12/site-packages/airflow/example_dags/example_branch_operator.py
[2025-04-11T01:56:40.739+0000] {processor.py:925} INFO - DAG(s) 'example_branch_operator' retrieved from /home/airflow/.local/lib/python3.12/site-packages/airflow/example_dags/example_branch_operator.py
[2025-04-11T01:56:40.773+0000] {logging_mixin.py:190} INFO - [2025-04-11T01:56:40.773+0000] {dag.py:3239} INFO - Sync 1 DAGs
[2025-04-11T01:56:40.804+0000] {logging_mixin.py:190} INFO - [2025-04-11T01:56:40.804+0000] {dag.py:4180} INFO - Setting next_dagrun for example_branch_operator to 2025-04-10 00:00:00+00:00, run_after=2025-04-11 00:00:00+00:00
[2025-04-11T01:56:40.835+0000] {processor.py:208} INFO - Processing /home/airflow/.local/lib/python3.12/site-packages/airflow/example_dags/example_branch_operator.py took 0.127 seconds
[2025-04-11T01:57:11.243+0000] {processor.py:186} INFO - Started process (PID=2177) to work on /home/airflow/.local/lib/python3.12/site-packages/airflow/example_dags/example_branch_operator.py
[2025-04-11T01:57:11.246+0000] {processor.py:914} INFO - Processing file /home/airflow/.local/lib/python3.12/site-packages/airflow/example_dags/example_branch_operator.py for tasks to queue
[2025-04-11T01:57:11.249+0000] {logging_mixin.py:190} INFO - [2025-04-11T01:57:11.248+0000] {dagbag.py:588} INFO - Filling up the DagBag from /home/airflow/.local/lib/python3.12/site-packages/airflow/example_dags/example_branch_operator.py
[2025-04-11T01:57:11.280+0000] {processor.py:925} INFO - DAG(s) 'example_branch_operator' retrieved from /home/airflow/.local/lib/python3.12/site-packages/airflow/example_dags/example_branch_operator.py
[2025-04-11T01:57:11.345+0000] {logging_mixin.py:190} INFO - [2025-04-11T01:57:11.344+0000] {dag.py:3239} INFO - Sync 1 DAGs
[2025-04-11T01:57:11.397+0000] {logging_mixin.py:190} INFO - [2025-04-11T01:57:11.396+0000] {dag.py:4180} INFO - Setting next_dagrun for example_branch_operator to 2025-04-10 00:00:00+00:00, run_after=2025-04-11 00:00:00+00:00
[2025-04-11T01:57:11.439+0000] {processor.py:208} INFO - Processing /home/airflow/.local/lib/python3.12/site-packages/airflow/example_dags/example_branch_operator.py took 0.209 seconds
[2025-04-11T01:57:41.691+0000] {processor.py:186} INFO - Started process (PID=2242) to work on /home/airflow/.local/lib/python3.12/site-packages/airflow/example_dags/example_branch_operator.py
[2025-04-11T01:57:41.693+0000] {processor.py:914} INFO - Processing file /home/airflow/.local/lib/python3.12/site-packages/airflow/example_dags/example_branch_operator.py for tasks to queue
[2025-04-11T01:57:41.696+0000] {logging_mixin.py:190} INFO - [2025-04-11T01:57:41.695+0000] {dagbag.py:588} INFO - Filling up the DagBag from /home/airflow/.local/lib/python3.12/site-packages/airflow/example_dags/example_branch_operator.py
[2025-04-11T01:57:41.729+0000] {processor.py:925} INFO - DAG(s) 'example_branch_operator' retrieved from /home/airflow/.local/lib/python3.12/site-packages/airflow/example_dags/example_branch_operator.py
[2025-04-11T01:57:41.775+0000] {logging_mixin.py:190} INFO - [2025-04-11T01:57:41.775+0000] {dag.py:3239} INFO - Sync 1 DAGs
[2025-04-11T01:57:41.817+0000] {logging_mixin.py:190} INFO - [2025-04-11T01:57:41.817+0000] {dag.py:4180} INFO - Setting next_dagrun for example_branch_operator to 2025-04-10 00:00:00+00:00, run_after=2025-04-11 00:00:00+00:00
[2025-04-11T01:57:41.845+0000] {processor.py:208} INFO - Processing /home/airflow/.local/lib/python3.12/site-packages/airflow/example_dags/example_branch_operator.py took 0.165 seconds
[2025-04-11T01:58:12.141+0000] {processor.py:186} INFO - Started process (PID=2307) to work on /home/airflow/.local/lib/python3.12/site-packages/airflow/example_dags/example_branch_operator.py
[2025-04-11T01:58:12.144+0000] {processor.py:914} INFO - Processing file /home/airflow/.local/lib/python3.12/site-packages/airflow/example_dags/example_branch_operator.py for tasks to queue
[2025-04-11T01:58:12.146+0000] {logging_mixin.py:190} INFO - [2025-04-11T01:58:12.145+0000] {dagbag.py:588} INFO - Filling up the DagBag from /home/airflow/.local/lib/python3.12/site-packages/airflow/example_dags/example_branch_operator.py
[2025-04-11T01:58:12.178+0000] {processor.py:925} INFO - DAG(s) 'example_branch_operator' retrieved from /home/airflow/.local/lib/python3.12/site-packages/airflow/example_dags/example_branch_operator.py
[2025-04-11T01:58:12.235+0000] {logging_mixin.py:190} INFO - [2025-04-11T01:58:12.235+0000] {dag.py:3239} INFO - Sync 1 DAGs
[2025-04-11T01:58:12.277+0000] {logging_mixin.py:190} INFO - [2025-04-11T01:58:12.277+0000] {dag.py:4180} INFO - Setting next_dagrun for example_branch_operator to 2025-04-10 00:00:00+00:00, run_after=2025-04-11 00:00:00+00:00
[2025-04-11T01:58:12.313+0000] {processor.py:208} INFO - Processing /home/airflow/.local/lib/python3.12/site-packages/airflow/example_dags/example_branch_operator.py took 0.188 seconds
[2025-04-11T01:58:43.755+0000] {processor.py:186} INFO - Started process (PID=2372) to work on /home/airflow/.local/lib/python3.12/site-packages/airflow/example_dags/example_branch_operator.py
[2025-04-11T01:58:43.757+0000] {processor.py:914} INFO - Processing file /home/airflow/.local/lib/python3.12/site-packages/airflow/example_dags/example_branch_operator.py for tasks to queue
[2025-04-11T01:58:43.761+0000] {logging_mixin.py:190} INFO - [2025-04-11T01:58:43.760+0000] {dagbag.py:588} INFO - Filling up the DagBag from /home/airflow/.local/lib/python3.12/site-packages/airflow/example_dags/example_branch_operator.py
[2025-04-11T01:58:43.805+0000] {processor.py:925} INFO - DAG(s) 'example_branch_operator' retrieved from /home/airflow/.local/lib/python3.12/site-packages/airflow/example_dags/example_branch_operator.py
[2025-04-11T01:58:43.881+0000] {logging_mixin.py:190} INFO - [2025-04-11T01:58:43.880+0000] {dag.py:3239} INFO - Sync 1 DAGs
[2025-04-11T01:58:43.954+0000] {logging_mixin.py:190} INFO - [2025-04-11T01:58:43.954+0000] {dag.py:4180} INFO - Setting next_dagrun for example_branch_operator to 2025-04-10 00:00:00+00:00, run_after=2025-04-11 00:00:00+00:00
[2025-04-11T01:58:44.024+0000] {processor.py:208} INFO - Processing /home/airflow/.local/lib/python3.12/site-packages/airflow/example_dags/example_branch_operator.py took 0.289 seconds
[2025-04-11T01:59:14.605+0000] {processor.py:186} INFO - Started process (PID=2438) to work on /home/airflow/.local/lib/python3.12/site-packages/airflow/example_dags/example_branch_operator.py
[2025-04-11T01:59:14.608+0000] {processor.py:914} INFO - Processing file /home/airflow/.local/lib/python3.12/site-packages/airflow/example_dags/example_branch_operator.py for tasks to queue
[2025-04-11T01:59:14.613+0000] {logging_mixin.py:190} INFO - [2025-04-11T01:59:14.612+0000] {dagbag.py:588} INFO - Filling up the DagBag from /home/airflow/.local/lib/python3.12/site-packages/airflow/example_dags/example_branch_operator.py
[2025-04-11T01:59:14.664+0000] {processor.py:925} INFO - DAG(s) 'example_branch_operator' retrieved from /home/airflow/.local/lib/python3.12/site-packages/airflow/example_dags/example_branch_operator.py
[2025-04-11T01:59:14.751+0000] {logging_mixin.py:190} INFO - [2025-04-11T01:59:14.750+0000] {dag.py:3239} INFO - Sync 1 DAGs
[2025-04-11T01:59:14.829+0000] {logging_mixin.py:190} INFO - [2025-04-11T01:59:14.829+0000] {dag.py:4180} INFO - Setting next_dagrun for example_branch_operator to 2025-04-10 00:00:00+00:00, run_after=2025-04-11 00:00:00+00:00
[2025-04-11T01:59:14.879+0000] {processor.py:208} INFO - Processing /home/airflow/.local/lib/python3.12/site-packages/airflow/example_dags/example_branch_operator.py took 0.292 seconds
[2025-04-11T01:59:48.225+0000] {processor.py:186} INFO - Started process (PID=2503) to work on /home/airflow/.local/lib/python3.12/site-packages/airflow/example_dags/example_branch_operator.py
[2025-04-11T01:59:48.228+0000] {processor.py:914} INFO - Processing file /home/airflow/.local/lib/python3.12/site-packages/airflow/example_dags/example_branch_operator.py for tasks to queue
[2025-04-11T01:59:48.233+0000] {logging_mixin.py:190} INFO - [2025-04-11T01:59:48.231+0000] {dagbag.py:588} INFO - Filling up the DagBag from /home/airflow/.local/lib/python3.12/site-packages/airflow/example_dags/example_branch_operator.py
[2025-04-11T01:59:48.301+0000] {processor.py:925} INFO - DAG(s) 'example_branch_operator' retrieved from /home/airflow/.local/lib/python3.12/site-packages/airflow/example_dags/example_branch_operator.py
[2025-04-11T01:59:48.412+0000] {logging_mixin.py:190} INFO - [2025-04-11T01:59:48.412+0000] {dag.py:3239} INFO - Sync 1 DAGs
[2025-04-11T01:59:48.508+0000] {logging_mixin.py:190} INFO - [2025-04-11T01:59:48.505+0000] {dag.py:4180} INFO - Setting next_dagrun for example_branch_operator to 2025-04-10 00:00:00+00:00, run_after=2025-04-11 00:00:00+00:00
[2025-04-11T01:59:48.572+0000] {processor.py:208} INFO - Processing /home/airflow/.local/lib/python3.12/site-packages/airflow/example_dags/example_branch_operator.py took 0.364 seconds
[2025-04-11T02:00:20.636+0000] {processor.py:186} INFO - Started process (PID=2568) to work on /home/airflow/.local/lib/python3.12/site-packages/airflow/example_dags/example_branch_operator.py
[2025-04-11T02:00:20.641+0000] {processor.py:914} INFO - Processing file /home/airflow/.local/lib/python3.12/site-packages/airflow/example_dags/example_branch_operator.py for tasks to queue
[2025-04-11T02:00:20.652+0000] {logging_mixin.py:190} INFO - [2025-04-11T02:00:20.650+0000] {dagbag.py:588} INFO - Filling up the DagBag from /home/airflow/.local/lib/python3.12/site-packages/airflow/example_dags/example_branch_operator.py
[2025-04-11T02:00:20.738+0000] {processor.py:925} INFO - DAG(s) 'example_branch_operator' retrieved from /home/airflow/.local/lib/python3.12/site-packages/airflow/example_dags/example_branch_operator.py
[2025-04-11T02:00:20.862+0000] {logging_mixin.py:190} INFO - [2025-04-11T02:00:20.862+0000] {dag.py:3239} INFO - Sync 1 DAGs
[2025-04-11T02:00:20.978+0000] {logging_mixin.py:190} INFO - [2025-04-11T02:00:20.976+0000] {dag.py:4180} INFO - Setting next_dagrun for example_branch_operator to 2025-04-10 00:00:00+00:00, run_after=2025-04-11 00:00:00+00:00
[2025-04-11T02:00:21.076+0000] {processor.py:208} INFO - Processing /home/airflow/.local/lib/python3.12/site-packages/airflow/example_dags/example_branch_operator.py took 0.461 seconds
[2025-04-11T02:00:52.955+0000] {processor.py:186} INFO - Started process (PID=2634) to work on /home/airflow/.local/lib/python3.12/site-packages/airflow/example_dags/example_branch_operator.py
[2025-04-11T02:00:52.958+0000] {processor.py:914} INFO - Processing file /home/airflow/.local/lib/python3.12/site-packages/airflow/example_dags/example_branch_operator.py for tasks to queue
[2025-04-11T02:00:52.962+0000] {logging_mixin.py:190} INFO - [2025-04-11T02:00:52.961+0000] {dagbag.py:588} INFO - Filling up the DagBag from /home/airflow/.local/lib/python3.12/site-packages/airflow/example_dags/example_branch_operator.py
[2025-04-11T02:00:53.024+0000] {processor.py:925} INFO - DAG(s) 'example_branch_operator' retrieved from /home/airflow/.local/lib/python3.12/site-packages/airflow/example_dags/example_branch_operator.py
[2025-04-11T02:00:53.128+0000] {logging_mixin.py:190} INFO - [2025-04-11T02:00:53.127+0000] {dag.py:3239} INFO - Sync 1 DAGs
[2025-04-11T02:00:53.198+0000] {logging_mixin.py:190} INFO - [2025-04-11T02:00:53.198+0000] {dag.py:4180} INFO - Setting next_dagrun for example_branch_operator to 2025-04-10 00:00:00+00:00, run_after=2025-04-11 00:00:00+00:00
[2025-04-11T02:00:53.254+0000] {processor.py:208} INFO - Processing /home/airflow/.local/lib/python3.12/site-packages/airflow/example_dags/example_branch_operator.py took 0.316 seconds
[2025-04-11T02:01:25.597+0000] {processor.py:186} INFO - Started process (PID=2699) to work on /home/airflow/.local/lib/python3.12/site-packages/airflow/example_dags/example_branch_operator.py
[2025-04-11T02:01:25.600+0000] {processor.py:914} INFO - Processing file /home/airflow/.local/lib/python3.12/site-packages/airflow/example_dags/example_branch_operator.py for tasks to queue
[2025-04-11T02:01:25.602+0000] {logging_mixin.py:190} INFO - [2025-04-11T02:01:25.602+0000] {dagbag.py:588} INFO - Filling up the DagBag from /home/airflow/.local/lib/python3.12/site-packages/airflow/example_dags/example_branch_operator.py
[2025-04-11T02:01:25.660+0000] {processor.py:925} INFO - DAG(s) 'example_branch_operator' retrieved from /home/airflow/.local/lib/python3.12/site-packages/airflow/example_dags/example_branch_operator.py
[2025-04-11T02:01:25.746+0000] {logging_mixin.py:190} INFO - [2025-04-11T02:01:25.745+0000] {dag.py:3239} INFO - Sync 1 DAGs
[2025-04-11T02:01:25.827+0000] {logging_mixin.py:190} INFO - [2025-04-11T02:01:25.826+0000] {dag.py:4180} INFO - Setting next_dagrun for example_branch_operator to 2025-04-10 00:00:00+00:00, run_after=2025-04-11 00:00:00+00:00
[2025-04-11T02:01:25.881+0000] {processor.py:208} INFO - Processing /home/airflow/.local/lib/python3.12/site-packages/airflow/example_dags/example_branch_operator.py took 0.304 seconds
[2025-04-11T02:01:57.677+0000] {processor.py:186} INFO - Started process (PID=2764) to work on /home/airflow/.local/lib/python3.12/site-packages/airflow/example_dags/example_branch_operator.py
[2025-04-11T02:01:57.681+0000] {processor.py:914} INFO - Processing file /home/airflow/.local/lib/python3.12/site-packages/airflow/example_dags/example_branch_operator.py for tasks to queue
[2025-04-11T02:01:57.685+0000] {logging_mixin.py:190} INFO - [2025-04-11T02:01:57.683+0000] {dagbag.py:588} INFO - Filling up the DagBag from /home/airflow/.local/lib/python3.12/site-packages/airflow/example_dags/example_branch_operator.py
[2025-04-11T02:01:57.745+0000] {processor.py:925} INFO - DAG(s) 'example_branch_operator' retrieved from /home/airflow/.local/lib/python3.12/site-packages/airflow/example_dags/example_branch_operator.py
[2025-04-11T02:01:57.872+0000] {logging_mixin.py:190} INFO - [2025-04-11T02:01:57.871+0000] {dag.py:3239} INFO - Sync 1 DAGs
[2025-04-11T02:01:57.939+0000] {logging_mixin.py:190} INFO - [2025-04-11T02:01:57.938+0000] {dag.py:4180} INFO - Setting next_dagrun for example_branch_operator to 2025-04-10 00:00:00+00:00, run_after=2025-04-11 00:00:00+00:00
[2025-04-11T02:01:57.998+0000] {processor.py:208} INFO - Processing /home/airflow/.local/lib/python3.12/site-packages/airflow/example_dags/example_branch_operator.py took 0.338 seconds
[2025-04-11T02:02:28.904+0000] {processor.py:186} INFO - Started process (PID=2835) to work on /home/airflow/.local/lib/python3.12/site-packages/airflow/example_dags/example_branch_operator.py
[2025-04-11T02:02:28.908+0000] {processor.py:914} INFO - Processing file /home/airflow/.local/lib/python3.12/site-packages/airflow/example_dags/example_branch_operator.py for tasks to queue
[2025-04-11T02:02:28.911+0000] {logging_mixin.py:190} INFO - [2025-04-11T02:02:28.911+0000] {dagbag.py:588} INFO - Filling up the DagBag from /home/airflow/.local/lib/python3.12/site-packages/airflow/example_dags/example_branch_operator.py
[2025-04-11T02:02:28.967+0000] {processor.py:925} INFO - DAG(s) 'example_branch_operator' retrieved from /home/airflow/.local/lib/python3.12/site-packages/airflow/example_dags/example_branch_operator.py
[2025-04-11T02:02:29.036+0000] {logging_mixin.py:190} INFO - [2025-04-11T02:02:29.036+0000] {dag.py:3239} INFO - Sync 1 DAGs
[2025-04-11T02:02:29.109+0000] {logging_mixin.py:190} INFO - [2025-04-11T02:02:29.108+0000] {dag.py:4180} INFO - Setting next_dagrun for example_branch_operator to 2025-04-10 00:00:00+00:00, run_after=2025-04-11 00:00:00+00:00
[2025-04-11T02:02:29.162+0000] {processor.py:208} INFO - Processing /home/airflow/.local/lib/python3.12/site-packages/airflow/example_dags/example_branch_operator.py took 0.276 seconds
[2025-04-11T02:03:00.398+0000] {processor.py:186} INFO - Started process (PID=2900) to work on /home/airflow/.local/lib/python3.12/site-packages/airflow/example_dags/example_branch_operator.py
[2025-04-11T02:03:00.401+0000] {processor.py:914} INFO - Processing file /home/airflow/.local/lib/python3.12/site-packages/airflow/example_dags/example_branch_operator.py for tasks to queue
[2025-04-11T02:03:00.407+0000] {logging_mixin.py:190} INFO - [2025-04-11T02:03:00.406+0000] {dagbag.py:588} INFO - Filling up the DagBag from /home/airflow/.local/lib/python3.12/site-packages/airflow/example_dags/example_branch_operator.py
[2025-04-11T02:03:00.468+0000] {processor.py:925} INFO - DAG(s) 'example_branch_operator' retrieved from /home/airflow/.local/lib/python3.12/site-packages/airflow/example_dags/example_branch_operator.py
[2025-04-11T02:03:00.557+0000] {logging_mixin.py:190} INFO - [2025-04-11T02:03:00.556+0000] {dag.py:3239} INFO - Sync 1 DAGs
[2025-04-11T02:03:00.637+0000] {logging_mixin.py:190} INFO - [2025-04-11T02:03:00.637+0000] {dag.py:4180} INFO - Setting next_dagrun for example_branch_operator to 2025-04-10 00:00:00+00:00, run_after=2025-04-11 00:00:00+00:00
[2025-04-11T02:03:00.681+0000] {processor.py:208} INFO - Processing /home/airflow/.local/lib/python3.12/site-packages/airflow/example_dags/example_branch_operator.py took 0.300 seconds
[2025-04-11T02:03:31.016+0000] {processor.py:186} INFO - Started process (PID=2964) to work on /home/airflow/.local/lib/python3.12/site-packages/airflow/example_dags/example_branch_operator.py
[2025-04-11T02:03:31.019+0000] {processor.py:914} INFO - Processing file /home/airflow/.local/lib/python3.12/site-packages/airflow/example_dags/example_branch_operator.py for tasks to queue
[2025-04-11T02:03:31.021+0000] {logging_mixin.py:190} INFO - [2025-04-11T02:03:31.021+0000] {dagbag.py:588} INFO - Filling up the DagBag from /home/airflow/.local/lib/python3.12/site-packages/airflow/example_dags/example_branch_operator.py
[2025-04-11T02:03:31.058+0000] {processor.py:925} INFO - DAG(s) 'example_branch_operator' retrieved from /home/airflow/.local/lib/python3.12/site-packages/airflow/example_dags/example_branch_operator.py
[2025-04-11T02:03:31.105+0000] {logging_mixin.py:190} INFO - [2025-04-11T02:03:31.104+0000] {dag.py:3239} INFO - Sync 1 DAGs
[2025-04-11T02:03:31.152+0000] {logging_mixin.py:190} INFO - [2025-04-11T02:03:31.152+0000] {dag.py:4180} INFO - Setting next_dagrun for example_branch_operator to 2025-04-10 00:00:00+00:00, run_after=2025-04-11 00:00:00+00:00
[2025-04-11T02:03:31.201+0000] {processor.py:208} INFO - Processing /home/airflow/.local/lib/python3.12/site-packages/airflow/example_dags/example_branch_operator.py took 0.197 seconds
[2025-04-11T02:04:01.616+0000] {processor.py:186} INFO - Started process (PID=3029) to work on /home/airflow/.local/lib/python3.12/site-packages/airflow/example_dags/example_branch_operator.py
[2025-04-11T02:04:01.617+0000] {processor.py:914} INFO - Processing file /home/airflow/.local/lib/python3.12/site-packages/airflow/example_dags/example_branch_operator.py for tasks to queue
[2025-04-11T02:04:01.619+0000] {logging_mixin.py:190} INFO - [2025-04-11T02:04:01.619+0000] {dagbag.py:588} INFO - Filling up the DagBag from /home/airflow/.local/lib/python3.12/site-packages/airflow/example_dags/example_branch_operator.py
[2025-04-11T02:04:01.635+0000] {processor.py:925} INFO - DAG(s) 'example_branch_operator' retrieved from /home/airflow/.local/lib/python3.12/site-packages/airflow/example_dags/example_branch_operator.py
[2025-04-11T02:04:01.659+0000] {logging_mixin.py:190} INFO - [2025-04-11T02:04:01.659+0000] {dag.py:3239} INFO - Sync 1 DAGs
[2025-04-11T02:04:01.682+0000] {logging_mixin.py:190} INFO - [2025-04-11T02:04:01.681+0000] {dag.py:4180} INFO - Setting next_dagrun for example_branch_operator to 2025-04-10 00:00:00+00:00, run_after=2025-04-11 00:00:00+00:00
[2025-04-11T02:04:01.704+0000] {processor.py:208} INFO - Processing /home/airflow/.local/lib/python3.12/site-packages/airflow/example_dags/example_branch_operator.py took 0.093 seconds
[2025-04-11T02:04:32.573+0000] {processor.py:186} INFO - Started process (PID=3098) to work on /home/airflow/.local/lib/python3.12/site-packages/airflow/example_dags/example_branch_operator.py
[2025-04-11T02:04:32.575+0000] {processor.py:914} INFO - Processing file /home/airflow/.local/lib/python3.12/site-packages/airflow/example_dags/example_branch_operator.py for tasks to queue
[2025-04-11T02:04:32.577+0000] {logging_mixin.py:190} INFO - [2025-04-11T02:04:32.576+0000] {dagbag.py:588} INFO - Filling up the DagBag from /home/airflow/.local/lib/python3.12/site-packages/airflow/example_dags/example_branch_operator.py
[2025-04-11T02:04:32.601+0000] {processor.py:925} INFO - DAG(s) 'example_branch_operator' retrieved from /home/airflow/.local/lib/python3.12/site-packages/airflow/example_dags/example_branch_operator.py
[2025-04-11T02:04:32.636+0000] {logging_mixin.py:190} INFO - [2025-04-11T02:04:32.635+0000] {dag.py:3239} INFO - Sync 1 DAGs
[2025-04-11T02:04:32.662+0000] {logging_mixin.py:190} INFO - [2025-04-11T02:04:32.661+0000] {dag.py:4180} INFO - Setting next_dagrun for example_branch_operator to 2025-04-10 00:00:00+00:00, run_after=2025-04-11 00:00:00+00:00
[2025-04-11T02:04:32.693+0000] {processor.py:208} INFO - Processing /home/airflow/.local/lib/python3.12/site-packages/airflow/example_dags/example_branch_operator.py took 0.128 seconds
[2025-04-11T02:05:03.154+0000] {processor.py:186} INFO - Started process (PID=3162) to work on /home/airflow/.local/lib/python3.12/site-packages/airflow/example_dags/example_branch_operator.py
[2025-04-11T02:05:03.155+0000] {processor.py:914} INFO - Processing file /home/airflow/.local/lib/python3.12/site-packages/airflow/example_dags/example_branch_operator.py for tasks to queue
[2025-04-11T02:05:03.158+0000] {logging_mixin.py:190} INFO - [2025-04-11T02:05:03.157+0000] {dagbag.py:588} INFO - Filling up the DagBag from /home/airflow/.local/lib/python3.12/site-packages/airflow/example_dags/example_branch_operator.py
[2025-04-11T02:05:03.184+0000] {processor.py:925} INFO - DAG(s) 'example_branch_operator' retrieved from /home/airflow/.local/lib/python3.12/site-packages/airflow/example_dags/example_branch_operator.py
[2025-04-11T02:05:03.241+0000] {logging_mixin.py:190} INFO - [2025-04-11T02:05:03.241+0000] {dag.py:3239} INFO - Sync 1 DAGs
[2025-04-11T02:05:03.304+0000] {logging_mixin.py:190} INFO - [2025-04-11T02:05:03.304+0000] {dag.py:4180} INFO - Setting next_dagrun for example_branch_operator to 2025-04-10 00:00:00+00:00, run_after=2025-04-11 00:00:00+00:00
[2025-04-11T02:05:03.353+0000] {processor.py:208} INFO - Processing /home/airflow/.local/lib/python3.12/site-packages/airflow/example_dags/example_branch_operator.py took 0.207 seconds
[2025-04-11T02:05:33.496+0000] {processor.py:186} INFO - Started process (PID=3226) to work on /home/airflow/.local/lib/python3.12/site-packages/airflow/example_dags/example_branch_operator.py
[2025-04-11T02:05:33.497+0000] {processor.py:914} INFO - Processing file /home/airflow/.local/lib/python3.12/site-packages/airflow/example_dags/example_branch_operator.py for tasks to queue
[2025-04-11T02:05:33.498+0000] {logging_mixin.py:190} INFO - [2025-04-11T02:05:33.498+0000] {dagbag.py:588} INFO - Filling up the DagBag from /home/airflow/.local/lib/python3.12/site-packages/airflow/example_dags/example_branch_operator.py
[2025-04-11T02:05:33.511+0000] {processor.py:925} INFO - DAG(s) 'example_branch_operator' retrieved from /home/airflow/.local/lib/python3.12/site-packages/airflow/example_dags/example_branch_operator.py
[2025-04-11T02:05:33.537+0000] {logging_mixin.py:190} INFO - [2025-04-11T02:05:33.537+0000] {dag.py:3239} INFO - Sync 1 DAGs
[2025-04-11T02:05:33.558+0000] {logging_mixin.py:190} INFO - [2025-04-11T02:05:33.558+0000] {dag.py:4180} INFO - Setting next_dagrun for example_branch_operator to 2025-04-10 00:00:00+00:00, run_after=2025-04-11 00:00:00+00:00
[2025-04-11T02:05:33.578+0000] {processor.py:208} INFO - Processing /home/airflow/.local/lib/python3.12/site-packages/airflow/example_dags/example_branch_operator.py took 0.087 seconds
[2025-04-11T02:06:04.687+0000] {processor.py:186} INFO - Started process (PID=3291) to work on /home/airflow/.local/lib/python3.12/site-packages/airflow/example_dags/example_branch_operator.py
[2025-04-11T02:06:04.690+0000] {processor.py:914} INFO - Processing file /home/airflow/.local/lib/python3.12/site-packages/airflow/example_dags/example_branch_operator.py for tasks to queue
[2025-04-11T02:06:04.693+0000] {logging_mixin.py:190} INFO - [2025-04-11T02:06:04.692+0000] {dagbag.py:588} INFO - Filling up the DagBag from /home/airflow/.local/lib/python3.12/site-packages/airflow/example_dags/example_branch_operator.py
[2025-04-11T02:06:04.741+0000] {processor.py:925} INFO - DAG(s) 'example_branch_operator' retrieved from /home/airflow/.local/lib/python3.12/site-packages/airflow/example_dags/example_branch_operator.py
[2025-04-11T02:06:04.802+0000] {logging_mixin.py:190} INFO - [2025-04-11T02:06:04.802+0000] {dag.py:3239} INFO - Sync 1 DAGs
[2025-04-11T02:06:04.846+0000] {logging_mixin.py:190} INFO - [2025-04-11T02:06:04.845+0000] {dag.py:4180} INFO - Setting next_dagrun for example_branch_operator to 2025-04-10 00:00:00+00:00, run_after=2025-04-11 00:00:00+00:00
[2025-04-11T02:06:04.874+0000] {processor.py:208} INFO - Processing /home/airflow/.local/lib/python3.12/site-packages/airflow/example_dags/example_branch_operator.py took 0.201 seconds
[2025-04-11T02:06:35.149+0000] {processor.py:186} INFO - Started process (PID=3356) to work on /home/airflow/.local/lib/python3.12/site-packages/airflow/example_dags/example_branch_operator.py
[2025-04-11T02:06:35.150+0000] {processor.py:914} INFO - Processing file /home/airflow/.local/lib/python3.12/site-packages/airflow/example_dags/example_branch_operator.py for tasks to queue
[2025-04-11T02:06:35.151+0000] {logging_mixin.py:190} INFO - [2025-04-11T02:06:35.151+0000] {dagbag.py:588} INFO - Filling up the DagBag from /home/airflow/.local/lib/python3.12/site-packages/airflow/example_dags/example_branch_operator.py
[2025-04-11T02:06:35.166+0000] {processor.py:925} INFO - DAG(s) 'example_branch_operator' retrieved from /home/airflow/.local/lib/python3.12/site-packages/airflow/example_dags/example_branch_operator.py
[2025-04-11T02:06:35.195+0000] {logging_mixin.py:190} INFO - [2025-04-11T02:06:35.195+0000] {dag.py:3239} INFO - Sync 1 DAGs
[2025-04-11T02:06:35.215+0000] {logging_mixin.py:190} INFO - [2025-04-11T02:06:35.215+0000] {dag.py:4180} INFO - Setting next_dagrun for example_branch_operator to 2025-04-10 00:00:00+00:00, run_after=2025-04-11 00:00:00+00:00
[2025-04-11T02:06:35.239+0000] {processor.py:208} INFO - Processing /home/airflow/.local/lib/python3.12/site-packages/airflow/example_dags/example_branch_operator.py took 0.095 seconds
[2025-04-11T02:07:05.843+0000] {processor.py:186} INFO - Started process (PID=3422) to work on /home/airflow/.local/lib/python3.12/site-packages/airflow/example_dags/example_branch_operator.py
[2025-04-11T02:07:05.845+0000] {processor.py:914} INFO - Processing file /home/airflow/.local/lib/python3.12/site-packages/airflow/example_dags/example_branch_operator.py for tasks to queue
[2025-04-11T02:07:05.846+0000] {logging_mixin.py:190} INFO - [2025-04-11T02:07:05.846+0000] {dagbag.py:588} INFO - Filling up the DagBag from /home/airflow/.local/lib/python3.12/site-packages/airflow/example_dags/example_branch_operator.py
[2025-04-11T02:07:05.861+0000] {processor.py:925} INFO - DAG(s) 'example_branch_operator' retrieved from /home/airflow/.local/lib/python3.12/site-packages/airflow/example_dags/example_branch_operator.py
[2025-04-11T02:07:05.885+0000] {logging_mixin.py:190} INFO - [2025-04-11T02:07:05.885+0000] {dag.py:3239} INFO - Sync 1 DAGs
[2025-04-11T02:07:05.908+0000] {logging_mixin.py:190} INFO - [2025-04-11T02:07:05.908+0000] {dag.py:4180} INFO - Setting next_dagrun for example_branch_operator to 2025-04-10 00:00:00+00:00, run_after=2025-04-11 00:00:00+00:00
[2025-04-11T02:07:05.931+0000] {processor.py:208} INFO - Processing /home/airflow/.local/lib/python3.12/site-packages/airflow/example_dags/example_branch_operator.py took 0.092 seconds
[2025-04-11T02:07:36.866+0000] {processor.py:186} INFO - Started process (PID=3487) to work on /home/airflow/.local/lib/python3.12/site-packages/airflow/example_dags/example_branch_operator.py
[2025-04-11T02:07:36.868+0000] {processor.py:914} INFO - Processing file /home/airflow/.local/lib/python3.12/site-packages/airflow/example_dags/example_branch_operator.py for tasks to queue
[2025-04-11T02:07:36.872+0000] {logging_mixin.py:190} INFO - [2025-04-11T02:07:36.871+0000] {dagbag.py:588} INFO - Filling up the DagBag from /home/airflow/.local/lib/python3.12/site-packages/airflow/example_dags/example_branch_operator.py
[2025-04-11T02:07:36.925+0000] {processor.py:925} INFO - DAG(s) 'example_branch_operator' retrieved from /home/airflow/.local/lib/python3.12/site-packages/airflow/example_dags/example_branch_operator.py
[2025-04-11T02:07:36.978+0000] {logging_mixin.py:190} INFO - [2025-04-11T02:07:36.978+0000] {dag.py:3239} INFO - Sync 1 DAGs
[2025-04-11T02:07:37.045+0000] {logging_mixin.py:190} INFO - [2025-04-11T02:07:37.044+0000] {dag.py:4180} INFO - Setting next_dagrun for example_branch_operator to 2025-04-10 00:00:00+00:00, run_after=2025-04-11 00:00:00+00:00
[2025-04-11T02:07:37.093+0000] {processor.py:208} INFO - Processing /home/airflow/.local/lib/python3.12/site-packages/airflow/example_dags/example_branch_operator.py took 0.244 seconds
[2025-04-11T02:08:08.014+0000] {processor.py:186} INFO - Started process (PID=3552) to work on /home/airflow/.local/lib/python3.12/site-packages/airflow/example_dags/example_branch_operator.py
[2025-04-11T02:08:08.016+0000] {processor.py:914} INFO - Processing file /home/airflow/.local/lib/python3.12/site-packages/airflow/example_dags/example_branch_operator.py for tasks to queue
[2025-04-11T02:08:08.020+0000] {logging_mixin.py:190} INFO - [2025-04-11T02:08:08.019+0000] {dagbag.py:588} INFO - Filling up the DagBag from /home/airflow/.local/lib/python3.12/site-packages/airflow/example_dags/example_branch_operator.py
[2025-04-11T02:08:08.076+0000] {processor.py:925} INFO - DAG(s) 'example_branch_operator' retrieved from /home/airflow/.local/lib/python3.12/site-packages/airflow/example_dags/example_branch_operator.py
[2025-04-11T02:08:08.181+0000] {logging_mixin.py:190} INFO - [2025-04-11T02:08:08.180+0000] {dag.py:3239} INFO - Sync 1 DAGs
[2025-04-11T02:08:08.287+0000] {logging_mixin.py:190} INFO - [2025-04-11T02:08:08.286+0000] {dag.py:4180} INFO - Setting next_dagrun for example_branch_operator to 2025-04-10 00:00:00+00:00, run_after=2025-04-11 00:00:00+00:00
[2025-04-11T02:08:08.381+0000] {processor.py:208} INFO - Processing /home/airflow/.local/lib/python3.12/site-packages/airflow/example_dags/example_branch_operator.py took 0.380 seconds
[2025-04-11T02:08:39.626+0000] {processor.py:186} INFO - Started process (PID=3618) to work on /home/airflow/.local/lib/python3.12/site-packages/airflow/example_dags/example_branch_operator.py
[2025-04-11T02:08:39.629+0000] {processor.py:914} INFO - Processing file /home/airflow/.local/lib/python3.12/site-packages/airflow/example_dags/example_branch_operator.py for tasks to queue
[2025-04-11T02:08:39.633+0000] {logging_mixin.py:190} INFO - [2025-04-11T02:08:39.632+0000] {dagbag.py:588} INFO - Filling up the DagBag from /home/airflow/.local/lib/python3.12/site-packages/airflow/example_dags/example_branch_operator.py
[2025-04-11T02:08:39.695+0000] {processor.py:925} INFO - DAG(s) 'example_branch_operator' retrieved from /home/airflow/.local/lib/python3.12/site-packages/airflow/example_dags/example_branch_operator.py
[2025-04-11T02:08:39.777+0000] {logging_mixin.py:190} INFO - [2025-04-11T02:08:39.777+0000] {dag.py:3239} INFO - Sync 1 DAGs
[2025-04-11T02:08:39.838+0000] {logging_mixin.py:190} INFO - [2025-04-11T02:08:39.838+0000] {dag.py:4180} INFO - Setting next_dagrun for example_branch_operator to 2025-04-10 00:00:00+00:00, run_after=2025-04-11 00:00:00+00:00
[2025-04-11T02:08:39.882+0000] {processor.py:208} INFO - Processing /home/airflow/.local/lib/python3.12/site-packages/airflow/example_dags/example_branch_operator.py took 0.266 seconds
[2025-04-11T02:09:11.714+0000] {processor.py:186} INFO - Started process (PID=3683) to work on /home/airflow/.local/lib/python3.12/site-packages/airflow/example_dags/example_branch_operator.py
[2025-04-11T02:09:11.716+0000] {processor.py:914} INFO - Processing file /home/airflow/.local/lib/python3.12/site-packages/airflow/example_dags/example_branch_operator.py for tasks to queue
[2025-04-11T02:09:11.719+0000] {logging_mixin.py:190} INFO - [2025-04-11T02:09:11.718+0000] {dagbag.py:588} INFO - Filling up the DagBag from /home/airflow/.local/lib/python3.12/site-packages/airflow/example_dags/example_branch_operator.py
[2025-04-11T02:09:11.761+0000] {processor.py:925} INFO - DAG(s) 'example_branch_operator' retrieved from /home/airflow/.local/lib/python3.12/site-packages/airflow/example_dags/example_branch_operator.py
[2025-04-11T02:09:11.821+0000] {logging_mixin.py:190} INFO - [2025-04-11T02:09:11.820+0000] {dag.py:3239} INFO - Sync 1 DAGs
[2025-04-11T02:09:11.892+0000] {logging_mixin.py:190} INFO - [2025-04-11T02:09:11.892+0000] {dag.py:4180} INFO - Setting next_dagrun for example_branch_operator to 2025-04-10 00:00:00+00:00, run_after=2025-04-11 00:00:00+00:00
[2025-04-11T02:09:11.928+0000] {processor.py:208} INFO - Processing /home/airflow/.local/lib/python3.12/site-packages/airflow/example_dags/example_branch_operator.py took 0.229 seconds
[2025-04-11T02:09:43.591+0000] {processor.py:186} INFO - Started process (PID=3748) to work on /home/airflow/.local/lib/python3.12/site-packages/airflow/example_dags/example_branch_operator.py
[2025-04-11T02:09:43.593+0000] {processor.py:914} INFO - Processing file /home/airflow/.local/lib/python3.12/site-packages/airflow/example_dags/example_branch_operator.py for tasks to queue
[2025-04-11T02:09:43.596+0000] {logging_mixin.py:190} INFO - [2025-04-11T02:09:43.595+0000] {dagbag.py:588} INFO - Filling up the DagBag from /home/airflow/.local/lib/python3.12/site-packages/airflow/example_dags/example_branch_operator.py
[2025-04-11T02:09:43.649+0000] {processor.py:925} INFO - DAG(s) 'example_branch_operator' retrieved from /home/airflow/.local/lib/python3.12/site-packages/airflow/example_dags/example_branch_operator.py
[2025-04-11T02:09:43.739+0000] {logging_mixin.py:190} INFO - [2025-04-11T02:09:43.739+0000] {dag.py:3239} INFO - Sync 1 DAGs
[2025-04-11T02:09:43.816+0000] {logging_mixin.py:190} INFO - [2025-04-11T02:09:43.815+0000] {dag.py:4180} INFO - Setting next_dagrun for example_branch_operator to 2025-04-10 00:00:00+00:00, run_after=2025-04-11 00:00:00+00:00
[2025-04-11T02:09:43.871+0000] {processor.py:208} INFO - Processing /home/airflow/.local/lib/python3.12/site-packages/airflow/example_dags/example_branch_operator.py took 0.297 seconds
[2025-04-11T02:10:15.242+0000] {processor.py:186} INFO - Started process (PID=3814) to work on /home/airflow/.local/lib/python3.12/site-packages/airflow/example_dags/example_branch_operator.py
[2025-04-11T02:10:15.245+0000] {processor.py:914} INFO - Processing file /home/airflow/.local/lib/python3.12/site-packages/airflow/example_dags/example_branch_operator.py for tasks to queue
[2025-04-11T02:10:15.250+0000] {logging_mixin.py:190} INFO - [2025-04-11T02:10:15.249+0000] {dagbag.py:588} INFO - Filling up the DagBag from /home/airflow/.local/lib/python3.12/site-packages/airflow/example_dags/example_branch_operator.py
[2025-04-11T02:10:15.283+0000] {processor.py:925} INFO - DAG(s) 'example_branch_operator' retrieved from /home/airflow/.local/lib/python3.12/site-packages/airflow/example_dags/example_branch_operator.py
[2025-04-11T02:10:15.356+0000] {logging_mixin.py:190} INFO - [2025-04-11T02:10:15.355+0000] {dag.py:3239} INFO - Sync 1 DAGs
[2025-04-11T02:10:15.428+0000] {logging_mixin.py:190} INFO - [2025-04-11T02:10:15.427+0000] {dag.py:4180} INFO - Setting next_dagrun for example_branch_operator to 2025-04-10 00:00:00+00:00, run_after=2025-04-11 00:00:00+00:00
[2025-04-11T02:10:15.486+0000] {processor.py:208} INFO - Processing /home/airflow/.local/lib/python3.12/site-packages/airflow/example_dags/example_branch_operator.py took 0.265 seconds
[2025-04-11T02:10:46.791+0000] {processor.py:186} INFO - Started process (PID=3879) to work on /home/airflow/.local/lib/python3.12/site-packages/airflow/example_dags/example_branch_operator.py
[2025-04-11T02:10:46.793+0000] {processor.py:914} INFO - Processing file /home/airflow/.local/lib/python3.12/site-packages/airflow/example_dags/example_branch_operator.py for tasks to queue
[2025-04-11T02:10:46.797+0000] {logging_mixin.py:190} INFO - [2025-04-11T02:10:46.796+0000] {dagbag.py:588} INFO - Filling up the DagBag from /home/airflow/.local/lib/python3.12/site-packages/airflow/example_dags/example_branch_operator.py
[2025-04-11T02:10:46.851+0000] {processor.py:925} INFO - DAG(s) 'example_branch_operator' retrieved from /home/airflow/.local/lib/python3.12/site-packages/airflow/example_dags/example_branch_operator.py
[2025-04-11T02:10:46.935+0000] {logging_mixin.py:190} INFO - [2025-04-11T02:10:46.935+0000] {dag.py:3239} INFO - Sync 1 DAGs
[2025-04-11T02:10:46.989+0000] {logging_mixin.py:190} INFO - [2025-04-11T02:10:46.989+0000] {dag.py:4180} INFO - Setting next_dagrun for example_branch_operator to 2025-04-10 00:00:00+00:00, run_after=2025-04-11 00:00:00+00:00
[2025-04-11T02:10:47.043+0000] {processor.py:208} INFO - Processing /home/airflow/.local/lib/python3.12/site-packages/airflow/example_dags/example_branch_operator.py took 0.265 seconds
[2025-04-11T02:11:18.579+0000] {processor.py:186} INFO - Started process (PID=3945) to work on /home/airflow/.local/lib/python3.12/site-packages/airflow/example_dags/example_branch_operator.py
[2025-04-11T02:11:18.585+0000] {processor.py:914} INFO - Processing file /home/airflow/.local/lib/python3.12/site-packages/airflow/example_dags/example_branch_operator.py for tasks to queue
[2025-04-11T02:11:18.592+0000] {logging_mixin.py:190} INFO - [2025-04-11T02:11:18.591+0000] {dagbag.py:588} INFO - Filling up the DagBag from /home/airflow/.local/lib/python3.12/site-packages/airflow/example_dags/example_branch_operator.py
[2025-04-11T02:11:18.676+0000] {processor.py:925} INFO - DAG(s) 'example_branch_operator' retrieved from /home/airflow/.local/lib/python3.12/site-packages/airflow/example_dags/example_branch_operator.py
[2025-04-11T02:11:18.807+0000] {logging_mixin.py:190} INFO - [2025-04-11T02:11:18.806+0000] {dag.py:3239} INFO - Sync 1 DAGs
[2025-04-11T02:11:18.908+0000] {logging_mixin.py:190} INFO - [2025-04-11T02:11:18.907+0000] {dag.py:4180} INFO - Setting next_dagrun for example_branch_operator to 2025-04-10 00:00:00+00:00, run_after=2025-04-11 00:00:00+00:00
[2025-04-11T02:11:19.036+0000] {processor.py:208} INFO - Processing /home/airflow/.local/lib/python3.12/site-packages/airflow/example_dags/example_branch_operator.py took 0.481 seconds
[2025-04-11T02:11:50.705+0000] {processor.py:186} INFO - Started process (PID=4010) to work on /home/airflow/.local/lib/python3.12/site-packages/airflow/example_dags/example_branch_operator.py
[2025-04-11T02:11:50.708+0000] {processor.py:914} INFO - Processing file /home/airflow/.local/lib/python3.12/site-packages/airflow/example_dags/example_branch_operator.py for tasks to queue
[2025-04-11T02:11:50.712+0000] {logging_mixin.py:190} INFO - [2025-04-11T02:11:50.711+0000] {dagbag.py:588} INFO - Filling up the DagBag from /home/airflow/.local/lib/python3.12/site-packages/airflow/example_dags/example_branch_operator.py
[2025-04-11T02:11:50.772+0000] {processor.py:925} INFO - DAG(s) 'example_branch_operator' retrieved from /home/airflow/.local/lib/python3.12/site-packages/airflow/example_dags/example_branch_operator.py
[2025-04-11T02:11:50.880+0000] {logging_mixin.py:190} INFO - [2025-04-11T02:11:50.879+0000] {dag.py:3239} INFO - Sync 1 DAGs
[2025-04-11T02:11:50.973+0000] {logging_mixin.py:190} INFO - [2025-04-11T02:11:50.973+0000] {dag.py:4180} INFO - Setting next_dagrun for example_branch_operator to 2025-04-10 00:00:00+00:00, run_after=2025-04-11 00:00:00+00:00
[2025-04-11T02:11:51.039+0000] {processor.py:208} INFO - Processing /home/airflow/.local/lib/python3.12/site-packages/airflow/example_dags/example_branch_operator.py took 0.354 seconds
[2025-04-11T02:12:22.413+0000] {processor.py:186} INFO - Started process (PID=4075) to work on /home/airflow/.local/lib/python3.12/site-packages/airflow/example_dags/example_branch_operator.py
[2025-04-11T02:12:22.416+0000] {processor.py:914} INFO - Processing file /home/airflow/.local/lib/python3.12/site-packages/airflow/example_dags/example_branch_operator.py for tasks to queue
[2025-04-11T02:12:22.418+0000] {logging_mixin.py:190} INFO - [2025-04-11T02:12:22.418+0000] {dagbag.py:588} INFO - Filling up the DagBag from /home/airflow/.local/lib/python3.12/site-packages/airflow/example_dags/example_branch_operator.py
[2025-04-11T02:12:22.480+0000] {processor.py:925} INFO - DAG(s) 'example_branch_operator' retrieved from /home/airflow/.local/lib/python3.12/site-packages/airflow/example_dags/example_branch_operator.py
[2025-04-11T02:12:22.567+0000] {logging_mixin.py:190} INFO - [2025-04-11T02:12:22.566+0000] {dag.py:3239} INFO - Sync 1 DAGs
[2025-04-11T02:12:22.647+0000] {logging_mixin.py:190} INFO - [2025-04-11T02:12:22.646+0000] {dag.py:4180} INFO - Setting next_dagrun for example_branch_operator to 2025-04-10 00:00:00+00:00, run_after=2025-04-11 00:00:00+00:00
[2025-04-11T02:12:22.710+0000] {processor.py:208} INFO - Processing /home/airflow/.local/lib/python3.12/site-packages/airflow/example_dags/example_branch_operator.py took 0.311 seconds
[2025-04-11T02:12:53.961+0000] {processor.py:186} INFO - Started process (PID=4141) to work on /home/airflow/.local/lib/python3.12/site-packages/airflow/example_dags/example_branch_operator.py
[2025-04-11T02:12:53.963+0000] {processor.py:914} INFO - Processing file /home/airflow/.local/lib/python3.12/site-packages/airflow/example_dags/example_branch_operator.py for tasks to queue
[2025-04-11T02:12:53.968+0000] {logging_mixin.py:190} INFO - [2025-04-11T02:12:53.966+0000] {dagbag.py:588} INFO - Filling up the DagBag from /home/airflow/.local/lib/python3.12/site-packages/airflow/example_dags/example_branch_operator.py
[2025-04-11T02:12:54.025+0000] {processor.py:925} INFO - DAG(s) 'example_branch_operator' retrieved from /home/airflow/.local/lib/python3.12/site-packages/airflow/example_dags/example_branch_operator.py
[2025-04-11T02:12:54.108+0000] {logging_mixin.py:190} INFO - [2025-04-11T02:12:54.107+0000] {dag.py:3239} INFO - Sync 1 DAGs
[2025-04-11T02:12:54.190+0000] {logging_mixin.py:190} INFO - [2025-04-11T02:12:54.189+0000] {dag.py:4180} INFO - Setting next_dagrun for example_branch_operator to 2025-04-10 00:00:00+00:00, run_after=2025-04-11 00:00:00+00:00
[2025-04-11T02:12:54.250+0000] {processor.py:208} INFO - Processing /home/airflow/.local/lib/python3.12/site-packages/airflow/example_dags/example_branch_operator.py took 0.307 seconds
[2025-04-11T02:13:25.137+0000] {processor.py:186} INFO - Started process (PID=4207) to work on /home/airflow/.local/lib/python3.12/site-packages/airflow/example_dags/example_branch_operator.py
[2025-04-11T02:13:25.140+0000] {processor.py:914} INFO - Processing file /home/airflow/.local/lib/python3.12/site-packages/airflow/example_dags/example_branch_operator.py for tasks to queue
[2025-04-11T02:13:25.146+0000] {logging_mixin.py:190} INFO - [2025-04-11T02:13:25.144+0000] {dagbag.py:588} INFO - Filling up the DagBag from /home/airflow/.local/lib/python3.12/site-packages/airflow/example_dags/example_branch_operator.py
[2025-04-11T02:13:25.210+0000] {processor.py:925} INFO - DAG(s) 'example_branch_operator' retrieved from /home/airflow/.local/lib/python3.12/site-packages/airflow/example_dags/example_branch_operator.py
[2025-04-11T02:13:25.300+0000] {logging_mixin.py:190} INFO - [2025-04-11T02:13:25.300+0000] {dag.py:3239} INFO - Sync 1 DAGs
[2025-04-11T02:13:25.367+0000] {logging_mixin.py:190} INFO - [2025-04-11T02:13:25.367+0000] {dag.py:4180} INFO - Setting next_dagrun for example_branch_operator to 2025-04-10 00:00:00+00:00, run_after=2025-04-11 00:00:00+00:00
[2025-04-11T02:13:25.419+0000] {processor.py:208} INFO - Processing /home/airflow/.local/lib/python3.12/site-packages/airflow/example_dags/example_branch_operator.py took 0.303 seconds
[2025-04-11T02:13:56.319+0000] {processor.py:186} INFO - Started process (PID=4272) to work on /home/airflow/.local/lib/python3.12/site-packages/airflow/example_dags/example_branch_operator.py
[2025-04-11T02:13:56.320+0000] {processor.py:914} INFO - Processing file /home/airflow/.local/lib/python3.12/site-packages/airflow/example_dags/example_branch_operator.py for tasks to queue
[2025-04-11T02:13:56.321+0000] {logging_mixin.py:190} INFO - [2025-04-11T02:13:56.321+0000] {dagbag.py:588} INFO - Filling up the DagBag from /home/airflow/.local/lib/python3.12/site-packages/airflow/example_dags/example_branch_operator.py
[2025-04-11T02:13:56.339+0000] {processor.py:925} INFO - DAG(s) 'example_branch_operator' retrieved from /home/airflow/.local/lib/python3.12/site-packages/airflow/example_dags/example_branch_operator.py
[2025-04-11T02:13:56.365+0000] {logging_mixin.py:190} INFO - [2025-04-11T02:13:56.364+0000] {dag.py:3239} INFO - Sync 1 DAGs
[2025-04-11T02:13:56.387+0000] {logging_mixin.py:190} INFO - [2025-04-11T02:13:56.387+0000] {dag.py:4180} INFO - Setting next_dagrun for example_branch_operator to 2025-04-10 00:00:00+00:00, run_after=2025-04-11 00:00:00+00:00
[2025-04-11T02:13:56.413+0000] {processor.py:208} INFO - Processing /home/airflow/.local/lib/python3.12/site-packages/airflow/example_dags/example_branch_operator.py took 0.100 seconds
[2025-04-11T02:14:26.658+0000] {processor.py:186} INFO - Started process (PID=4336) to work on /home/airflow/.local/lib/python3.12/site-packages/airflow/example_dags/example_branch_operator.py
[2025-04-11T02:14:26.660+0000] {processor.py:914} INFO - Processing file /home/airflow/.local/lib/python3.12/site-packages/airflow/example_dags/example_branch_operator.py for tasks to queue
[2025-04-11T02:14:26.661+0000] {logging_mixin.py:190} INFO - [2025-04-11T02:14:26.660+0000] {dagbag.py:588} INFO - Filling up the DagBag from /home/airflow/.local/lib/python3.12/site-packages/airflow/example_dags/example_branch_operator.py
[2025-04-11T02:14:26.677+0000] {processor.py:925} INFO - DAG(s) 'example_branch_operator' retrieved from /home/airflow/.local/lib/python3.12/site-packages/airflow/example_dags/example_branch_operator.py
[2025-04-11T02:14:26.702+0000] {logging_mixin.py:190} INFO - [2025-04-11T02:14:26.702+0000] {dag.py:3239} INFO - Sync 1 DAGs
[2025-04-11T02:14:26.721+0000] {logging_mixin.py:190} INFO - [2025-04-11T02:14:26.721+0000] {dag.py:4180} INFO - Setting next_dagrun for example_branch_operator to 2025-04-10 00:00:00+00:00, run_after=2025-04-11 00:00:00+00:00
[2025-04-11T02:14:26.742+0000] {processor.py:208} INFO - Processing /home/airflow/.local/lib/python3.12/site-packages/airflow/example_dags/example_branch_operator.py took 0.088 seconds
[2025-04-11T02:14:58.083+0000] {processor.py:186} INFO - Started process (PID=4402) to work on /home/airflow/.local/lib/python3.12/site-packages/airflow/example_dags/example_branch_operator.py
[2025-04-11T02:14:58.086+0000] {processor.py:914} INFO - Processing file /home/airflow/.local/lib/python3.12/site-packages/airflow/example_dags/example_branch_operator.py for tasks to queue
[2025-04-11T02:14:58.088+0000] {logging_mixin.py:190} INFO - [2025-04-11T02:14:58.087+0000] {dagbag.py:588} INFO - Filling up the DagBag from /home/airflow/.local/lib/python3.12/site-packages/airflow/example_dags/example_branch_operator.py
[2025-04-11T02:14:58.124+0000] {processor.py:925} INFO - DAG(s) 'example_branch_operator' retrieved from /home/airflow/.local/lib/python3.12/site-packages/airflow/example_dags/example_branch_operator.py
[2025-04-11T02:14:58.178+0000] {logging_mixin.py:190} INFO - [2025-04-11T02:14:58.178+0000] {dag.py:3239} INFO - Sync 1 DAGs
[2025-04-11T02:14:58.220+0000] {logging_mixin.py:190} INFO - [2025-04-11T02:14:58.220+0000] {dag.py:4180} INFO - Setting next_dagrun for example_branch_operator to 2025-04-10 00:00:00+00:00, run_after=2025-04-11 00:00:00+00:00
[2025-04-11T02:14:58.255+0000] {processor.py:208} INFO - Processing /home/airflow/.local/lib/python3.12/site-packages/airflow/example_dags/example_branch_operator.py took 0.189 seconds
[2025-04-11T02:15:28.941+0000] {processor.py:186} INFO - Started process (PID=4467) to work on /home/airflow/.local/lib/python3.12/site-packages/airflow/example_dags/example_branch_operator.py
[2025-04-11T02:15:28.942+0000] {processor.py:914} INFO - Processing file /home/airflow/.local/lib/python3.12/site-packages/airflow/example_dags/example_branch_operator.py for tasks to queue
[2025-04-11T02:15:28.944+0000] {logging_mixin.py:190} INFO - [2025-04-11T02:15:28.943+0000] {dagbag.py:588} INFO - Filling up the DagBag from /home/airflow/.local/lib/python3.12/site-packages/airflow/example_dags/example_branch_operator.py
[2025-04-11T02:15:28.958+0000] {processor.py:925} INFO - DAG(s) 'example_branch_operator' retrieved from /home/airflow/.local/lib/python3.12/site-packages/airflow/example_dags/example_branch_operator.py
[2025-04-11T02:15:28.985+0000] {logging_mixin.py:190} INFO - [2025-04-11T02:15:28.985+0000] {dag.py:3239} INFO - Sync 1 DAGs
[2025-04-11T02:15:29.139+0000] {logging_mixin.py:190} INFO - [2025-04-11T02:15:29.138+0000] {dag.py:4180} INFO - Setting next_dagrun for example_branch_operator to 2025-04-10 00:00:00+00:00, run_after=2025-04-11 00:00:00+00:00
[2025-04-11T02:15:29.160+0000] {processor.py:208} INFO - Processing /home/airflow/.local/lib/python3.12/site-packages/airflow/example_dags/example_branch_operator.py took 0.224 seconds
