[2025-04-11T01:50:00.923+0000] {processor.py:186} INFO - Started process (PID=1281) to work on /home/airflow/.local/lib/python3.12/site-packages/airflow/example_dags/example_xcomargs.py
[2025-04-11T01:50:00.925+0000] {processor.py:914} INFO - Processing file /home/airflow/.local/lib/python3.12/site-packages/airflow/example_dags/example_xcomargs.py for tasks to queue
[2025-04-11T01:50:00.927+0000] {logging_mixin.py:190} INFO - [2025-04-11T01:50:00.926+0000] {dagbag.py:588} INFO - Filling up the DagBag from /home/airflow/.local/lib/python3.12/site-packages/airflow/example_dags/example_xcomargs.py
[2025-04-11T01:50:00.953+0000] {processor.py:925} INFO - DAG(s) 'example_xcom_args', 'example_xcom_args_with_operators' retrieved from /home/airflow/.local/lib/python3.12/site-packages/airflow/example_dags/example_xcomargs.py
[2025-04-11T01:50:01.005+0000] {logging_mixin.py:190} INFO - [2025-04-11T01:50:01.004+0000] {dag.py:3239} INFO - Sync 2 DAGs
[2025-04-11T01:50:01.043+0000] {logging_mixin.py:190} INFO - [2025-04-11T01:50:01.042+0000] {dag.py:4180} INFO - Setting next_dagrun for example_xcom_args to None, run_after=None
[2025-04-11T01:50:01.056+0000] {logging_mixin.py:190} INFO - [2025-04-11T01:50:01.055+0000] {dag.py:4180} INFO - Setting next_dagrun for example_xcom_args_with_operators to None, run_after=None
[2025-04-11T01:50:01.096+0000] {processor.py:208} INFO - Processing /home/airflow/.local/lib/python3.12/site-packages/airflow/example_dags/example_xcomargs.py took 0.182 seconds
[2025-04-11T01:50:31.163+0000] {processor.py:186} INFO - Started process (PID=1347) to work on /home/airflow/.local/lib/python3.12/site-packages/airflow/example_dags/example_xcomargs.py
[2025-04-11T01:50:31.165+0000] {processor.py:914} INFO - Processing file /home/airflow/.local/lib/python3.12/site-packages/airflow/example_dags/example_xcomargs.py for tasks to queue
[2025-04-11T01:50:31.167+0000] {logging_mixin.py:190} INFO - [2025-04-11T01:50:31.167+0000] {dagbag.py:588} INFO - Filling up the DagBag from /home/airflow/.local/lib/python3.12/site-packages/airflow/example_dags/example_xcomargs.py
[2025-04-11T01:50:31.178+0000] {processor.py:925} INFO - DAG(s) 'example_xcom_args', 'example_xcom_args_with_operators' retrieved from /home/airflow/.local/lib/python3.12/site-packages/airflow/example_dags/example_xcomargs.py
[2025-04-11T01:50:31.203+0000] {logging_mixin.py:190} INFO - [2025-04-11T01:50:31.203+0000] {dag.py:3239} INFO - Sync 2 DAGs
[2025-04-11T01:50:31.218+0000] {logging_mixin.py:190} INFO - [2025-04-11T01:50:31.218+0000] {dag.py:4180} INFO - Setting next_dagrun for example_xcom_args to None, run_after=None
[2025-04-11T01:50:31.222+0000] {logging_mixin.py:190} INFO - [2025-04-11T01:50:31.222+0000] {dag.py:4180} INFO - Setting next_dagrun for example_xcom_args_with_operators to None, run_after=None
[2025-04-11T01:50:31.241+0000] {processor.py:208} INFO - Processing /home/airflow/.local/lib/python3.12/site-packages/airflow/example_dags/example_xcomargs.py took 0.085 seconds
[2025-04-11T01:51:02.357+0000] {processor.py:186} INFO - Started process (PID=1412) to work on /home/airflow/.local/lib/python3.12/site-packages/airflow/example_dags/example_xcomargs.py
[2025-04-11T01:51:02.359+0000] {processor.py:914} INFO - Processing file /home/airflow/.local/lib/python3.12/site-packages/airflow/example_dags/example_xcomargs.py for tasks to queue
[2025-04-11T01:51:02.365+0000] {logging_mixin.py:190} INFO - [2025-04-11T01:51:02.363+0000] {dagbag.py:588} INFO - Filling up the DagBag from /home/airflow/.local/lib/python3.12/site-packages/airflow/example_dags/example_xcomargs.py
[2025-04-11T01:51:02.402+0000] {processor.py:925} INFO - DAG(s) 'example_xcom_args_with_operators', 'example_xcom_args' retrieved from /home/airflow/.local/lib/python3.12/site-packages/airflow/example_dags/example_xcomargs.py
[2025-04-11T01:51:02.470+0000] {logging_mixin.py:190} INFO - [2025-04-11T01:51:02.469+0000] {dag.py:3239} INFO - Sync 2 DAGs
[2025-04-11T01:51:02.521+0000] {logging_mixin.py:190} INFO - [2025-04-11T01:51:02.521+0000] {dag.py:4180} INFO - Setting next_dagrun for example_xcom_args to None, run_after=None
[2025-04-11T01:51:02.535+0000] {logging_mixin.py:190} INFO - [2025-04-11T01:51:02.534+0000] {dag.py:4180} INFO - Setting next_dagrun for example_xcom_args_with_operators to None, run_after=None
[2025-04-11T01:51:02.586+0000] {processor.py:208} INFO - Processing /home/airflow/.local/lib/python3.12/site-packages/airflow/example_dags/example_xcomargs.py took 0.254 seconds
[2025-04-11T01:51:32.912+0000] {processor.py:186} INFO - Started process (PID=1477) to work on /home/airflow/.local/lib/python3.12/site-packages/airflow/example_dags/example_xcomargs.py
[2025-04-11T01:51:32.915+0000] {processor.py:914} INFO - Processing file /home/airflow/.local/lib/python3.12/site-packages/airflow/example_dags/example_xcomargs.py for tasks to queue
[2025-04-11T01:51:32.917+0000] {logging_mixin.py:190} INFO - [2025-04-11T01:51:32.917+0000] {dagbag.py:588} INFO - Filling up the DagBag from /home/airflow/.local/lib/python3.12/site-packages/airflow/example_dags/example_xcomargs.py
[2025-04-11T01:51:32.943+0000] {processor.py:925} INFO - DAG(s) 'example_xcom_args', 'example_xcom_args_with_operators' retrieved from /home/airflow/.local/lib/python3.12/site-packages/airflow/example_dags/example_xcomargs.py
[2025-04-11T01:51:32.988+0000] {logging_mixin.py:190} INFO - [2025-04-11T01:51:32.988+0000] {dag.py:3239} INFO - Sync 2 DAGs
[2025-04-11T01:51:33.022+0000] {logging_mixin.py:190} INFO - [2025-04-11T01:51:33.022+0000] {dag.py:4180} INFO - Setting next_dagrun for example_xcom_args to None, run_after=None
[2025-04-11T01:51:33.032+0000] {logging_mixin.py:190} INFO - [2025-04-11T01:51:33.032+0000] {dag.py:4180} INFO - Setting next_dagrun for example_xcom_args_with_operators to None, run_after=None
[2025-04-11T01:51:33.064+0000] {processor.py:208} INFO - Processing /home/airflow/.local/lib/python3.12/site-packages/airflow/example_dags/example_xcomargs.py took 0.162 seconds
[2025-04-11T01:52:03.947+0000] {processor.py:186} INFO - Started process (PID=1542) to work on /home/airflow/.local/lib/python3.12/site-packages/airflow/example_dags/example_xcomargs.py
[2025-04-11T01:52:03.948+0000] {processor.py:914} INFO - Processing file /home/airflow/.local/lib/python3.12/site-packages/airflow/example_dags/example_xcomargs.py for tasks to queue
[2025-04-11T01:52:03.949+0000] {logging_mixin.py:190} INFO - [2025-04-11T01:52:03.949+0000] {dagbag.py:588} INFO - Filling up the DagBag from /home/airflow/.local/lib/python3.12/site-packages/airflow/example_dags/example_xcomargs.py
[2025-04-11T01:52:03.961+0000] {processor.py:925} INFO - DAG(s) 'example_xcom_args_with_operators', 'example_xcom_args' retrieved from /home/airflow/.local/lib/python3.12/site-packages/airflow/example_dags/example_xcomargs.py
[2025-04-11T01:52:03.992+0000] {logging_mixin.py:190} INFO - [2025-04-11T01:52:03.991+0000] {dag.py:3239} INFO - Sync 2 DAGs
[2025-04-11T01:52:04.008+0000] {logging_mixin.py:190} INFO - [2025-04-11T01:52:04.008+0000] {dag.py:4180} INFO - Setting next_dagrun for example_xcom_args to None, run_after=None
[2025-04-11T01:52:04.014+0000] {logging_mixin.py:190} INFO - [2025-04-11T01:52:04.013+0000] {dag.py:4180} INFO - Setting next_dagrun for example_xcom_args_with_operators to None, run_after=None
[2025-04-11T01:52:04.041+0000] {processor.py:208} INFO - Processing /home/airflow/.local/lib/python3.12/site-packages/airflow/example_dags/example_xcomargs.py took 0.100 seconds
[2025-04-11T01:52:34.612+0000] {processor.py:186} INFO - Started process (PID=1607) to work on /home/airflow/.local/lib/python3.12/site-packages/airflow/example_dags/example_xcomargs.py
[2025-04-11T01:52:34.613+0000] {processor.py:914} INFO - Processing file /home/airflow/.local/lib/python3.12/site-packages/airflow/example_dags/example_xcomargs.py for tasks to queue
[2025-04-11T01:52:34.614+0000] {logging_mixin.py:190} INFO - [2025-04-11T01:52:34.614+0000] {dagbag.py:588} INFO - Filling up the DagBag from /home/airflow/.local/lib/python3.12/site-packages/airflow/example_dags/example_xcomargs.py
[2025-04-11T01:52:34.624+0000] {processor.py:925} INFO - DAG(s) 'example_xcom_args', 'example_xcom_args_with_operators' retrieved from /home/airflow/.local/lib/python3.12/site-packages/airflow/example_dags/example_xcomargs.py
[2025-04-11T01:52:34.651+0000] {logging_mixin.py:190} INFO - [2025-04-11T01:52:34.651+0000] {dag.py:3239} INFO - Sync 2 DAGs
[2025-04-11T01:52:34.667+0000] {logging_mixin.py:190} INFO - [2025-04-11T01:52:34.666+0000] {dag.py:4180} INFO - Setting next_dagrun for example_xcom_args to None, run_after=None
[2025-04-11T01:52:34.671+0000] {logging_mixin.py:190} INFO - [2025-04-11T01:52:34.671+0000] {dag.py:4180} INFO - Setting next_dagrun for example_xcom_args_with_operators to None, run_after=None
[2025-04-11T01:52:34.698+0000] {processor.py:208} INFO - Processing /home/airflow/.local/lib/python3.12/site-packages/airflow/example_dags/example_xcomargs.py took 0.092 seconds
[2025-04-11T01:53:05.452+0000] {processor.py:186} INFO - Started process (PID=1672) to work on /home/airflow/.local/lib/python3.12/site-packages/airflow/example_dags/example_xcomargs.py
[2025-04-11T01:53:05.453+0000] {processor.py:914} INFO - Processing file /home/airflow/.local/lib/python3.12/site-packages/airflow/example_dags/example_xcomargs.py for tasks to queue
[2025-04-11T01:53:05.455+0000] {logging_mixin.py:190} INFO - [2025-04-11T01:53:05.455+0000] {dagbag.py:588} INFO - Filling up the DagBag from /home/airflow/.local/lib/python3.12/site-packages/airflow/example_dags/example_xcomargs.py
[2025-04-11T01:53:05.465+0000] {processor.py:925} INFO - DAG(s) 'example_xcom_args', 'example_xcom_args_with_operators' retrieved from /home/airflow/.local/lib/python3.12/site-packages/airflow/example_dags/example_xcomargs.py
[2025-04-11T01:53:05.489+0000] {logging_mixin.py:190} INFO - [2025-04-11T01:53:05.489+0000] {dag.py:3239} INFO - Sync 2 DAGs
[2025-04-11T01:53:05.503+0000] {logging_mixin.py:190} INFO - [2025-04-11T01:53:05.503+0000] {dag.py:4180} INFO - Setting next_dagrun for example_xcom_args to None, run_after=None
[2025-04-11T01:53:05.507+0000] {logging_mixin.py:190} INFO - [2025-04-11T01:53:05.507+0000] {dag.py:4180} INFO - Setting next_dagrun for example_xcom_args_with_operators to None, run_after=None
[2025-04-11T01:53:05.524+0000] {processor.py:208} INFO - Processing /home/airflow/.local/lib/python3.12/site-packages/airflow/example_dags/example_xcomargs.py took 0.077 seconds
[2025-04-11T01:53:36.324+0000] {processor.py:186} INFO - Started process (PID=1737) to work on /home/airflow/.local/lib/python3.12/site-packages/airflow/example_dags/example_xcomargs.py
[2025-04-11T01:53:36.326+0000] {processor.py:914} INFO - Processing file /home/airflow/.local/lib/python3.12/site-packages/airflow/example_dags/example_xcomargs.py for tasks to queue
[2025-04-11T01:53:36.327+0000] {logging_mixin.py:190} INFO - [2025-04-11T01:53:36.327+0000] {dagbag.py:588} INFO - Filling up the DagBag from /home/airflow/.local/lib/python3.12/site-packages/airflow/example_dags/example_xcomargs.py
[2025-04-11T01:53:36.335+0000] {processor.py:925} INFO - DAG(s) 'example_xcom_args_with_operators', 'example_xcom_args' retrieved from /home/airflow/.local/lib/python3.12/site-packages/airflow/example_dags/example_xcomargs.py
[2025-04-11T01:53:36.361+0000] {logging_mixin.py:190} INFO - [2025-04-11T01:53:36.361+0000] {dag.py:3239} INFO - Sync 2 DAGs
[2025-04-11T01:53:36.378+0000] {logging_mixin.py:190} INFO - [2025-04-11T01:53:36.378+0000] {dag.py:4180} INFO - Setting next_dagrun for example_xcom_args to None, run_after=None
[2025-04-11T01:53:36.382+0000] {logging_mixin.py:190} INFO - [2025-04-11T01:53:36.382+0000] {dag.py:4180} INFO - Setting next_dagrun for example_xcom_args_with_operators to None, run_after=None
[2025-04-11T01:53:36.403+0000] {processor.py:208} INFO - Processing /home/airflow/.local/lib/python3.12/site-packages/airflow/example_dags/example_xcomargs.py took 0.084 seconds
[2025-04-11T01:54:07.141+0000] {processor.py:186} INFO - Started process (PID=1802) to work on /home/airflow/.local/lib/python3.12/site-packages/airflow/example_dags/example_xcomargs.py
[2025-04-11T01:54:07.143+0000] {processor.py:914} INFO - Processing file /home/airflow/.local/lib/python3.12/site-packages/airflow/example_dags/example_xcomargs.py for tasks to queue
[2025-04-11T01:54:07.145+0000] {logging_mixin.py:190} INFO - [2025-04-11T01:54:07.144+0000] {dagbag.py:588} INFO - Filling up the DagBag from /home/airflow/.local/lib/python3.12/site-packages/airflow/example_dags/example_xcomargs.py
[2025-04-11T01:54:07.153+0000] {processor.py:925} INFO - DAG(s) 'example_xcom_args_with_operators', 'example_xcom_args' retrieved from /home/airflow/.local/lib/python3.12/site-packages/airflow/example_dags/example_xcomargs.py
[2025-04-11T01:54:07.177+0000] {logging_mixin.py:190} INFO - [2025-04-11T01:54:07.177+0000] {dag.py:3239} INFO - Sync 2 DAGs
[2025-04-11T01:54:07.190+0000] {logging_mixin.py:190} INFO - [2025-04-11T01:54:07.190+0000] {dag.py:4180} INFO - Setting next_dagrun for example_xcom_args to None, run_after=None
[2025-04-11T01:54:07.195+0000] {logging_mixin.py:190} INFO - [2025-04-11T01:54:07.195+0000] {dag.py:4180} INFO - Setting next_dagrun for example_xcom_args_with_operators to None, run_after=None
[2025-04-11T01:54:07.215+0000] {processor.py:208} INFO - Processing /home/airflow/.local/lib/python3.12/site-packages/airflow/example_dags/example_xcomargs.py took 0.079 seconds
[2025-04-11T01:54:38.004+0000] {processor.py:186} INFO - Started process (PID=1867) to work on /home/airflow/.local/lib/python3.12/site-packages/airflow/example_dags/example_xcomargs.py
[2025-04-11T01:54:38.006+0000] {processor.py:914} INFO - Processing file /home/airflow/.local/lib/python3.12/site-packages/airflow/example_dags/example_xcomargs.py for tasks to queue
[2025-04-11T01:54:38.008+0000] {logging_mixin.py:190} INFO - [2025-04-11T01:54:38.008+0000] {dagbag.py:588} INFO - Filling up the DagBag from /home/airflow/.local/lib/python3.12/site-packages/airflow/example_dags/example_xcomargs.py
[2025-04-11T01:54:38.018+0000] {processor.py:925} INFO - DAG(s) 'example_xcom_args_with_operators', 'example_xcom_args' retrieved from /home/airflow/.local/lib/python3.12/site-packages/airflow/example_dags/example_xcomargs.py
[2025-04-11T01:54:38.039+0000] {logging_mixin.py:190} INFO - [2025-04-11T01:54:38.039+0000] {dag.py:3239} INFO - Sync 2 DAGs
[2025-04-11T01:54:38.054+0000] {logging_mixin.py:190} INFO - [2025-04-11T01:54:38.053+0000] {dag.py:4180} INFO - Setting next_dagrun for example_xcom_args to None, run_after=None
[2025-04-11T01:54:38.057+0000] {logging_mixin.py:190} INFO - [2025-04-11T01:54:38.057+0000] {dag.py:4180} INFO - Setting next_dagrun for example_xcom_args_with_operators to None, run_after=None
[2025-04-11T01:54:38.073+0000] {processor.py:208} INFO - Processing /home/airflow/.local/lib/python3.12/site-packages/airflow/example_dags/example_xcomargs.py took 0.074 seconds
[2025-04-11T01:55:08.669+0000] {processor.py:186} INFO - Started process (PID=1932) to work on /home/airflow/.local/lib/python3.12/site-packages/airflow/example_dags/example_xcomargs.py
[2025-04-11T01:55:08.670+0000] {processor.py:914} INFO - Processing file /home/airflow/.local/lib/python3.12/site-packages/airflow/example_dags/example_xcomargs.py for tasks to queue
[2025-04-11T01:55:08.672+0000] {logging_mixin.py:190} INFO - [2025-04-11T01:55:08.671+0000] {dagbag.py:588} INFO - Filling up the DagBag from /home/airflow/.local/lib/python3.12/site-packages/airflow/example_dags/example_xcomargs.py
[2025-04-11T01:55:08.681+0000] {processor.py:925} INFO - DAG(s) 'example_xcom_args_with_operators', 'example_xcom_args' retrieved from /home/airflow/.local/lib/python3.12/site-packages/airflow/example_dags/example_xcomargs.py
[2025-04-11T01:55:08.703+0000] {logging_mixin.py:190} INFO - [2025-04-11T01:55:08.703+0000] {dag.py:3239} INFO - Sync 2 DAGs
[2025-04-11T01:55:08.722+0000] {logging_mixin.py:190} INFO - [2025-04-11T01:55:08.722+0000] {dag.py:4180} INFO - Setting next_dagrun for example_xcom_args to None, run_after=None
[2025-04-11T01:55:08.727+0000] {logging_mixin.py:190} INFO - [2025-04-11T01:55:08.727+0000] {dag.py:4180} INFO - Setting next_dagrun for example_xcom_args_with_operators to None, run_after=None
[2025-04-11T01:55:08.751+0000] {processor.py:208} INFO - Processing /home/airflow/.local/lib/python3.12/site-packages/airflow/example_dags/example_xcomargs.py took 0.087 seconds
[2025-04-11T01:55:38.915+0000] {processor.py:186} INFO - Started process (PID=1997) to work on /home/airflow/.local/lib/python3.12/site-packages/airflow/example_dags/example_xcomargs.py
[2025-04-11T01:55:38.916+0000] {processor.py:914} INFO - Processing file /home/airflow/.local/lib/python3.12/site-packages/airflow/example_dags/example_xcomargs.py for tasks to queue
[2025-04-11T01:55:38.918+0000] {logging_mixin.py:190} INFO - [2025-04-11T01:55:38.918+0000] {dagbag.py:588} INFO - Filling up the DagBag from /home/airflow/.local/lib/python3.12/site-packages/airflow/example_dags/example_xcomargs.py
[2025-04-11T01:55:38.927+0000] {processor.py:925} INFO - DAG(s) 'example_xcom_args', 'example_xcom_args_with_operators' retrieved from /home/airflow/.local/lib/python3.12/site-packages/airflow/example_dags/example_xcomargs.py
[2025-04-11T01:55:38.947+0000] {logging_mixin.py:190} INFO - [2025-04-11T01:55:38.947+0000] {dag.py:3239} INFO - Sync 2 DAGs
[2025-04-11T01:55:38.960+0000] {logging_mixin.py:190} INFO - [2025-04-11T01:55:38.960+0000] {dag.py:4180} INFO - Setting next_dagrun for example_xcom_args to None, run_after=None
[2025-04-11T01:55:38.964+0000] {logging_mixin.py:190} INFO - [2025-04-11T01:55:38.964+0000] {dag.py:4180} INFO - Setting next_dagrun for example_xcom_args_with_operators to None, run_after=None
[2025-04-11T01:55:38.980+0000] {processor.py:208} INFO - Processing /home/airflow/.local/lib/python3.12/site-packages/airflow/example_dags/example_xcomargs.py took 0.070 seconds
[2025-04-11T01:56:09.910+0000] {processor.py:186} INFO - Started process (PID=2063) to work on /home/airflow/.local/lib/python3.12/site-packages/airflow/example_dags/example_xcomargs.py
[2025-04-11T01:56:09.911+0000] {processor.py:914} INFO - Processing file /home/airflow/.local/lib/python3.12/site-packages/airflow/example_dags/example_xcomargs.py for tasks to queue
[2025-04-11T01:56:09.913+0000] {logging_mixin.py:190} INFO - [2025-04-11T01:56:09.913+0000] {dagbag.py:588} INFO - Filling up the DagBag from /home/airflow/.local/lib/python3.12/site-packages/airflow/example_dags/example_xcomargs.py
[2025-04-11T01:56:09.923+0000] {processor.py:925} INFO - DAG(s) 'example_xcom_args_with_operators', 'example_xcom_args' retrieved from /home/airflow/.local/lib/python3.12/site-packages/airflow/example_dags/example_xcomargs.py
[2025-04-11T01:56:09.946+0000] {logging_mixin.py:190} INFO - [2025-04-11T01:56:09.946+0000] {dag.py:3239} INFO - Sync 2 DAGs
[2025-04-11T01:56:09.961+0000] {logging_mixin.py:190} INFO - [2025-04-11T01:56:09.960+0000] {dag.py:4180} INFO - Setting next_dagrun for example_xcom_args to None, run_after=None
[2025-04-11T01:56:09.965+0000] {logging_mixin.py:190} INFO - [2025-04-11T01:56:09.965+0000] {dag.py:4180} INFO - Setting next_dagrun for example_xcom_args_with_operators to None, run_after=None
[2025-04-11T01:56:09.987+0000] {processor.py:208} INFO - Processing /home/airflow/.local/lib/python3.12/site-packages/airflow/example_dags/example_xcomargs.py took 0.082 seconds
[2025-04-11T01:56:43.103+0000] {processor.py:186} INFO - Started process (PID=2128) to work on /home/airflow/.local/lib/python3.12/site-packages/airflow/example_dags/example_xcomargs.py
[2025-04-11T01:56:43.105+0000] {processor.py:914} INFO - Processing file /home/airflow/.local/lib/python3.12/site-packages/airflow/example_dags/example_xcomargs.py for tasks to queue
[2025-04-11T01:56:43.108+0000] {logging_mixin.py:190} INFO - [2025-04-11T01:56:43.107+0000] {dagbag.py:588} INFO - Filling up the DagBag from /home/airflow/.local/lib/python3.12/site-packages/airflow/example_dags/example_xcomargs.py
[2025-04-11T01:56:43.134+0000] {processor.py:925} INFO - DAG(s) 'example_xcom_args_with_operators', 'example_xcom_args' retrieved from /home/airflow/.local/lib/python3.12/site-packages/airflow/example_dags/example_xcomargs.py
[2025-04-11T01:56:43.196+0000] {logging_mixin.py:190} INFO - [2025-04-11T01:56:43.195+0000] {dag.py:3239} INFO - Sync 2 DAGs
[2025-04-11T01:56:43.245+0000] {logging_mixin.py:190} INFO - [2025-04-11T01:56:43.244+0000] {dag.py:4180} INFO - Setting next_dagrun for example_xcom_args to None, run_after=None
[2025-04-11T01:56:43.251+0000] {logging_mixin.py:190} INFO - [2025-04-11T01:56:43.251+0000] {dag.py:4180} INFO - Setting next_dagrun for example_xcom_args_with_operators to None, run_after=None
[2025-04-11T01:56:43.294+0000] {processor.py:208} INFO - Processing /home/airflow/.local/lib/python3.12/site-packages/airflow/example_dags/example_xcomargs.py took 0.201 seconds
[2025-04-11T01:57:14.106+0000] {processor.py:186} INFO - Started process (PID=2193) to work on /home/airflow/.local/lib/python3.12/site-packages/airflow/example_dags/example_xcomargs.py
[2025-04-11T01:57:14.108+0000] {processor.py:914} INFO - Processing file /home/airflow/.local/lib/python3.12/site-packages/airflow/example_dags/example_xcomargs.py for tasks to queue
[2025-04-11T01:57:14.111+0000] {logging_mixin.py:190} INFO - [2025-04-11T01:57:14.110+0000] {dagbag.py:588} INFO - Filling up the DagBag from /home/airflow/.local/lib/python3.12/site-packages/airflow/example_dags/example_xcomargs.py
[2025-04-11T01:57:14.125+0000] {processor.py:925} INFO - DAG(s) 'example_xcom_args_with_operators', 'example_xcom_args' retrieved from /home/airflow/.local/lib/python3.12/site-packages/airflow/example_dags/example_xcomargs.py
[2025-04-11T01:57:14.155+0000] {logging_mixin.py:190} INFO - [2025-04-11T01:57:14.155+0000] {dag.py:3239} INFO - Sync 2 DAGs
[2025-04-11T01:57:14.173+0000] {logging_mixin.py:190} INFO - [2025-04-11T01:57:14.173+0000] {dag.py:4180} INFO - Setting next_dagrun for example_xcom_args to None, run_after=None
[2025-04-11T01:57:14.178+0000] {logging_mixin.py:190} INFO - [2025-04-11T01:57:14.178+0000] {dag.py:4180} INFO - Setting next_dagrun for example_xcom_args_with_operators to None, run_after=None
[2025-04-11T01:57:14.200+0000] {processor.py:208} INFO - Processing /home/airflow/.local/lib/python3.12/site-packages/airflow/example_dags/example_xcomargs.py took 0.104 seconds
[2025-04-11T01:57:44.699+0000] {processor.py:186} INFO - Started process (PID=2258) to work on /home/airflow/.local/lib/python3.12/site-packages/airflow/example_dags/example_xcomargs.py
[2025-04-11T01:57:44.702+0000] {processor.py:914} INFO - Processing file /home/airflow/.local/lib/python3.12/site-packages/airflow/example_dags/example_xcomargs.py for tasks to queue
[2025-04-11T01:57:44.706+0000] {logging_mixin.py:190} INFO - [2025-04-11T01:57:44.705+0000] {dagbag.py:588} INFO - Filling up the DagBag from /home/airflow/.local/lib/python3.12/site-packages/airflow/example_dags/example_xcomargs.py
[2025-04-11T01:57:44.736+0000] {processor.py:925} INFO - DAG(s) 'example_xcom_args_with_operators', 'example_xcom_args' retrieved from /home/airflow/.local/lib/python3.12/site-packages/airflow/example_dags/example_xcomargs.py
[2025-04-11T01:57:44.789+0000] {logging_mixin.py:190} INFO - [2025-04-11T01:57:44.789+0000] {dag.py:3239} INFO - Sync 2 DAGs
[2025-04-11T01:57:44.834+0000] {logging_mixin.py:190} INFO - [2025-04-11T01:57:44.833+0000] {dag.py:4180} INFO - Setting next_dagrun for example_xcom_args to None, run_after=None
[2025-04-11T01:57:44.845+0000] {logging_mixin.py:190} INFO - [2025-04-11T01:57:44.845+0000] {dag.py:4180} INFO - Setting next_dagrun for example_xcom_args_with_operators to None, run_after=None
[2025-04-11T01:57:44.895+0000] {processor.py:208} INFO - Processing /home/airflow/.local/lib/python3.12/site-packages/airflow/example_dags/example_xcomargs.py took 0.214 seconds
[2025-04-11T01:58:15.537+0000] {processor.py:186} INFO - Started process (PID=2323) to work on /home/airflow/.local/lib/python3.12/site-packages/airflow/example_dags/example_xcomargs.py
[2025-04-11T01:58:15.539+0000] {processor.py:914} INFO - Processing file /home/airflow/.local/lib/python3.12/site-packages/airflow/example_dags/example_xcomargs.py for tasks to queue
[2025-04-11T01:58:15.540+0000] {logging_mixin.py:190} INFO - [2025-04-11T01:58:15.540+0000] {dagbag.py:588} INFO - Filling up the DagBag from /home/airflow/.local/lib/python3.12/site-packages/airflow/example_dags/example_xcomargs.py
[2025-04-11T01:58:15.550+0000] {processor.py:925} INFO - DAG(s) 'example_xcom_args', 'example_xcom_args_with_operators' retrieved from /home/airflow/.local/lib/python3.12/site-packages/airflow/example_dags/example_xcomargs.py
[2025-04-11T01:58:15.575+0000] {logging_mixin.py:190} INFO - [2025-04-11T01:58:15.575+0000] {dag.py:3239} INFO - Sync 2 DAGs
[2025-04-11T01:58:15.593+0000] {logging_mixin.py:190} INFO - [2025-04-11T01:58:15.593+0000] {dag.py:4180} INFO - Setting next_dagrun for example_xcom_args to None, run_after=None
[2025-04-11T01:58:15.598+0000] {logging_mixin.py:190} INFO - [2025-04-11T01:58:15.597+0000] {dag.py:4180} INFO - Setting next_dagrun for example_xcom_args_with_operators to None, run_after=None
[2025-04-11T01:58:15.623+0000] {processor.py:208} INFO - Processing /home/airflow/.local/lib/python3.12/site-packages/airflow/example_dags/example_xcomargs.py took 0.091 seconds
[2025-04-11T01:58:46.391+0000] {processor.py:186} INFO - Started process (PID=2388) to work on /home/airflow/.local/lib/python3.12/site-packages/airflow/example_dags/example_xcomargs.py
[2025-04-11T01:58:46.394+0000] {processor.py:914} INFO - Processing file /home/airflow/.local/lib/python3.12/site-packages/airflow/example_dags/example_xcomargs.py for tasks to queue
[2025-04-11T01:58:46.397+0000] {logging_mixin.py:190} INFO - [2025-04-11T01:58:46.397+0000] {dagbag.py:588} INFO - Filling up the DagBag from /home/airflow/.local/lib/python3.12/site-packages/airflow/example_dags/example_xcomargs.py
[2025-04-11T01:58:46.431+0000] {processor.py:925} INFO - DAG(s) 'example_xcom_args_with_operators', 'example_xcom_args' retrieved from /home/airflow/.local/lib/python3.12/site-packages/airflow/example_dags/example_xcomargs.py
[2025-04-11T01:58:46.482+0000] {logging_mixin.py:190} INFO - [2025-04-11T01:58:46.482+0000] {dag.py:3239} INFO - Sync 2 DAGs
[2025-04-11T01:58:46.515+0000] {logging_mixin.py:190} INFO - [2025-04-11T01:58:46.514+0000] {dag.py:4180} INFO - Setting next_dagrun for example_xcom_args to None, run_after=None
[2025-04-11T01:58:46.522+0000] {logging_mixin.py:190} INFO - [2025-04-11T01:58:46.522+0000] {dag.py:4180} INFO - Setting next_dagrun for example_xcom_args_with_operators to None, run_after=None
[2025-04-11T01:58:46.551+0000] {processor.py:208} INFO - Processing /home/airflow/.local/lib/python3.12/site-packages/airflow/example_dags/example_xcomargs.py took 0.183 seconds
[2025-04-11T01:59:16.733+0000] {processor.py:186} INFO - Started process (PID=2453) to work on /home/airflow/.local/lib/python3.12/site-packages/airflow/example_dags/example_xcomargs.py
[2025-04-11T01:59:16.736+0000] {processor.py:914} INFO - Processing file /home/airflow/.local/lib/python3.12/site-packages/airflow/example_dags/example_xcomargs.py for tasks to queue
[2025-04-11T01:59:16.741+0000] {logging_mixin.py:190} INFO - [2025-04-11T01:59:16.740+0000] {dagbag.py:588} INFO - Filling up the DagBag from /home/airflow/.local/lib/python3.12/site-packages/airflow/example_dags/example_xcomargs.py
[2025-04-11T01:59:16.769+0000] {processor.py:925} INFO - DAG(s) 'example_xcom_args', 'example_xcom_args_with_operators' retrieved from /home/airflow/.local/lib/python3.12/site-packages/airflow/example_dags/example_xcomargs.py
[2025-04-11T01:59:16.825+0000] {logging_mixin.py:190} INFO - [2025-04-11T01:59:16.825+0000] {dag.py:3239} INFO - Sync 2 DAGs
[2025-04-11T01:59:16.874+0000] {logging_mixin.py:190} INFO - [2025-04-11T01:59:16.874+0000] {dag.py:4180} INFO - Setting next_dagrun for example_xcom_args to None, run_after=None
[2025-04-11T01:59:16.885+0000] {logging_mixin.py:190} INFO - [2025-04-11T01:59:16.885+0000] {dag.py:4180} INFO - Setting next_dagrun for example_xcom_args_with_operators to None, run_after=None
[2025-04-11T01:59:16.922+0000] {processor.py:208} INFO - Processing /home/airflow/.local/lib/python3.12/site-packages/airflow/example_dags/example_xcomargs.py took 0.205 seconds
[2025-04-11T01:59:51.604+0000] {processor.py:186} INFO - Started process (PID=2518) to work on /home/airflow/.local/lib/python3.12/site-packages/airflow/example_dags/example_xcomargs.py
[2025-04-11T01:59:51.607+0000] {processor.py:914} INFO - Processing file /home/airflow/.local/lib/python3.12/site-packages/airflow/example_dags/example_xcomargs.py for tasks to queue
[2025-04-11T01:59:51.612+0000] {logging_mixin.py:190} INFO - [2025-04-11T01:59:51.611+0000] {dagbag.py:588} INFO - Filling up the DagBag from /home/airflow/.local/lib/python3.12/site-packages/airflow/example_dags/example_xcomargs.py
[2025-04-11T01:59:51.649+0000] {processor.py:925} INFO - DAG(s) 'example_xcom_args_with_operators', 'example_xcom_args' retrieved from /home/airflow/.local/lib/python3.12/site-packages/airflow/example_dags/example_xcomargs.py
[2025-04-11T01:59:51.719+0000] {logging_mixin.py:190} INFO - [2025-04-11T01:59:51.718+0000] {dag.py:3239} INFO - Sync 2 DAGs
[2025-04-11T01:59:51.780+0000] {logging_mixin.py:190} INFO - [2025-04-11T01:59:51.779+0000] {dag.py:4180} INFO - Setting next_dagrun for example_xcom_args to None, run_after=None
[2025-04-11T01:59:51.792+0000] {logging_mixin.py:190} INFO - [2025-04-11T01:59:51.792+0000] {dag.py:4180} INFO - Setting next_dagrun for example_xcom_args_with_operators to None, run_after=None
[2025-04-11T01:59:51.844+0000] {processor.py:208} INFO - Processing /home/airflow/.local/lib/python3.12/site-packages/airflow/example_dags/example_xcomargs.py took 0.259 seconds
[2025-04-11T02:00:23.799+0000] {processor.py:186} INFO - Started process (PID=2583) to work on /home/airflow/.local/lib/python3.12/site-packages/airflow/example_dags/example_xcomargs.py
[2025-04-11T02:00:23.802+0000] {processor.py:914} INFO - Processing file /home/airflow/.local/lib/python3.12/site-packages/airflow/example_dags/example_xcomargs.py for tasks to queue
[2025-04-11T02:00:23.809+0000] {logging_mixin.py:190} INFO - [2025-04-11T02:00:23.807+0000] {dagbag.py:588} INFO - Filling up the DagBag from /home/airflow/.local/lib/python3.12/site-packages/airflow/example_dags/example_xcomargs.py
[2025-04-11T02:00:23.843+0000] {processor.py:925} INFO - DAG(s) 'example_xcom_args_with_operators', 'example_xcom_args' retrieved from /home/airflow/.local/lib/python3.12/site-packages/airflow/example_dags/example_xcomargs.py
[2025-04-11T02:00:23.913+0000] {logging_mixin.py:190} INFO - [2025-04-11T02:00:23.912+0000] {dag.py:3239} INFO - Sync 2 DAGs
[2025-04-11T02:00:23.971+0000] {logging_mixin.py:190} INFO - [2025-04-11T02:00:23.970+0000] {dag.py:4180} INFO - Setting next_dagrun for example_xcom_args to None, run_after=None
[2025-04-11T02:00:23.985+0000] {logging_mixin.py:190} INFO - [2025-04-11T02:00:23.984+0000] {dag.py:4180} INFO - Setting next_dagrun for example_xcom_args_with_operators to None, run_after=None
[2025-04-11T02:00:24.032+0000] {processor.py:208} INFO - Processing /home/airflow/.local/lib/python3.12/site-packages/airflow/example_dags/example_xcomargs.py took 0.253 seconds
[2025-04-11T02:00:55.998+0000] {processor.py:186} INFO - Started process (PID=2652) to work on /home/airflow/.local/lib/python3.12/site-packages/airflow/example_dags/example_xcomargs.py
[2025-04-11T02:00:56.001+0000] {processor.py:914} INFO - Processing file /home/airflow/.local/lib/python3.12/site-packages/airflow/example_dags/example_xcomargs.py for tasks to queue
[2025-04-11T02:00:56.005+0000] {logging_mixin.py:190} INFO - [2025-04-11T02:00:56.004+0000] {dagbag.py:588} INFO - Filling up the DagBag from /home/airflow/.local/lib/python3.12/site-packages/airflow/example_dags/example_xcomargs.py
[2025-04-11T02:00:56.040+0000] {processor.py:925} INFO - DAG(s) 'example_xcom_args', 'example_xcom_args_with_operators' retrieved from /home/airflow/.local/lib/python3.12/site-packages/airflow/example_dags/example_xcomargs.py
[2025-04-11T02:00:56.108+0000] {logging_mixin.py:190} INFO - [2025-04-11T02:00:56.108+0000] {dag.py:3239} INFO - Sync 2 DAGs
[2025-04-11T02:00:56.167+0000] {logging_mixin.py:190} INFO - [2025-04-11T02:00:56.166+0000] {dag.py:4180} INFO - Setting next_dagrun for example_xcom_args to None, run_after=None
[2025-04-11T02:00:56.177+0000] {logging_mixin.py:190} INFO - [2025-04-11T02:00:56.176+0000] {dag.py:4180} INFO - Setting next_dagrun for example_xcom_args_with_operators to None, run_after=None
[2025-04-11T02:00:56.231+0000] {processor.py:208} INFO - Processing /home/airflow/.local/lib/python3.12/site-packages/airflow/example_dags/example_xcomargs.py took 0.250 seconds
[2025-04-11T02:01:29.059+0000] {processor.py:186} INFO - Started process (PID=2725) to work on /home/airflow/.local/lib/python3.12/site-packages/airflow/example_dags/example_xcomargs.py
[2025-04-11T02:01:29.062+0000] {processor.py:914} INFO - Processing file /home/airflow/.local/lib/python3.12/site-packages/airflow/example_dags/example_xcomargs.py for tasks to queue
[2025-04-11T02:01:29.067+0000] {logging_mixin.py:190} INFO - [2025-04-11T02:01:29.066+0000] {dagbag.py:588} INFO - Filling up the DagBag from /home/airflow/.local/lib/python3.12/site-packages/airflow/example_dags/example_xcomargs.py
[2025-04-11T02:01:29.101+0000] {processor.py:925} INFO - DAG(s) 'example_xcom_args', 'example_xcom_args_with_operators' retrieved from /home/airflow/.local/lib/python3.12/site-packages/airflow/example_dags/example_xcomargs.py
[2025-04-11T02:01:29.175+0000] {logging_mixin.py:190} INFO - [2025-04-11T02:01:29.174+0000] {dag.py:3239} INFO - Sync 2 DAGs
[2025-04-11T02:01:29.226+0000] {logging_mixin.py:190} INFO - [2025-04-11T02:01:29.225+0000] {dag.py:4180} INFO - Setting next_dagrun for example_xcom_args to None, run_after=None
[2025-04-11T02:01:29.239+0000] {logging_mixin.py:190} INFO - [2025-04-11T02:01:29.238+0000] {dag.py:4180} INFO - Setting next_dagrun for example_xcom_args_with_operators to None, run_after=None
[2025-04-11T02:01:29.292+0000] {processor.py:208} INFO - Processing /home/airflow/.local/lib/python3.12/site-packages/airflow/example_dags/example_xcomargs.py took 0.253 seconds
[2025-04-11T02:02:01.448+0000] {processor.py:186} INFO - Started process (PID=2791) to work on /home/airflow/.local/lib/python3.12/site-packages/airflow/example_dags/example_xcomargs.py
[2025-04-11T02:02:01.451+0000] {processor.py:914} INFO - Processing file /home/airflow/.local/lib/python3.12/site-packages/airflow/example_dags/example_xcomargs.py for tasks to queue
[2025-04-11T02:02:01.455+0000] {logging_mixin.py:190} INFO - [2025-04-11T02:02:01.454+0000] {dagbag.py:588} INFO - Filling up the DagBag from /home/airflow/.local/lib/python3.12/site-packages/airflow/example_dags/example_xcomargs.py
[2025-04-11T02:02:01.491+0000] {processor.py:925} INFO - DAG(s) 'example_xcom_args_with_operators', 'example_xcom_args' retrieved from /home/airflow/.local/lib/python3.12/site-packages/airflow/example_dags/example_xcomargs.py
[2025-04-11T02:02:01.569+0000] {logging_mixin.py:190} INFO - [2025-04-11T02:02:01.568+0000] {dag.py:3239} INFO - Sync 2 DAGs
[2025-04-11T02:02:01.623+0000] {logging_mixin.py:190} INFO - [2025-04-11T02:02:01.622+0000] {dag.py:4180} INFO - Setting next_dagrun for example_xcom_args to None, run_after=None
[2025-04-11T02:02:01.636+0000] {logging_mixin.py:190} INFO - [2025-04-11T02:02:01.635+0000] {dag.py:4180} INFO - Setting next_dagrun for example_xcom_args_with_operators to None, run_after=None
[2025-04-11T02:02:01.692+0000] {processor.py:208} INFO - Processing /home/airflow/.local/lib/python3.12/site-packages/airflow/example_dags/example_xcomargs.py took 0.263 seconds
[2025-04-11T02:02:32.866+0000] {processor.py:186} INFO - Started process (PID=2856) to work on /home/airflow/.local/lib/python3.12/site-packages/airflow/example_dags/example_xcomargs.py
[2025-04-11T02:02:32.868+0000] {processor.py:914} INFO - Processing file /home/airflow/.local/lib/python3.12/site-packages/airflow/example_dags/example_xcomargs.py for tasks to queue
[2025-04-11T02:02:32.871+0000] {logging_mixin.py:190} INFO - [2025-04-11T02:02:32.871+0000] {dagbag.py:588} INFO - Filling up the DagBag from /home/airflow/.local/lib/python3.12/site-packages/airflow/example_dags/example_xcomargs.py
[2025-04-11T02:02:32.896+0000] {processor.py:925} INFO - DAG(s) 'example_xcom_args', 'example_xcom_args_with_operators' retrieved from /home/airflow/.local/lib/python3.12/site-packages/airflow/example_dags/example_xcomargs.py
[2025-04-11T02:02:32.963+0000] {logging_mixin.py:190} INFO - [2025-04-11T02:02:32.963+0000] {dag.py:3239} INFO - Sync 2 DAGs
[2025-04-11T02:02:33.007+0000] {logging_mixin.py:190} INFO - [2025-04-11T02:02:33.006+0000] {dag.py:4180} INFO - Setting next_dagrun for example_xcom_args to None, run_after=None
[2025-04-11T02:02:33.019+0000] {logging_mixin.py:190} INFO - [2025-04-11T02:02:33.019+0000] {dag.py:4180} INFO - Setting next_dagrun for example_xcom_args_with_operators to None, run_after=None
[2025-04-11T02:02:33.064+0000] {processor.py:208} INFO - Processing /home/airflow/.local/lib/python3.12/site-packages/airflow/example_dags/example_xcomargs.py took 0.214 seconds
[2025-04-11T02:03:04.063+0000] {processor.py:186} INFO - Started process (PID=2921) to work on /home/airflow/.local/lib/python3.12/site-packages/airflow/example_dags/example_xcomargs.py
[2025-04-11T02:03:04.066+0000] {processor.py:914} INFO - Processing file /home/airflow/.local/lib/python3.12/site-packages/airflow/example_dags/example_xcomargs.py for tasks to queue
[2025-04-11T02:03:04.070+0000] {logging_mixin.py:190} INFO - [2025-04-11T02:03:04.068+0000] {dagbag.py:588} INFO - Filling up the DagBag from /home/airflow/.local/lib/python3.12/site-packages/airflow/example_dags/example_xcomargs.py
[2025-04-11T02:03:04.103+0000] {processor.py:925} INFO - DAG(s) 'example_xcom_args_with_operators', 'example_xcom_args' retrieved from /home/airflow/.local/lib/python3.12/site-packages/airflow/example_dags/example_xcomargs.py
[2025-04-11T02:03:04.172+0000] {logging_mixin.py:190} INFO - [2025-04-11T02:03:04.171+0000] {dag.py:3239} INFO - Sync 2 DAGs
[2025-04-11T02:03:04.218+0000] {logging_mixin.py:190} INFO - [2025-04-11T02:03:04.217+0000] {dag.py:4180} INFO - Setting next_dagrun for example_xcom_args to None, run_after=None
[2025-04-11T02:03:04.230+0000] {logging_mixin.py:190} INFO - [2025-04-11T02:03:04.229+0000] {dag.py:4180} INFO - Setting next_dagrun for example_xcom_args_with_operators to None, run_after=None
[2025-04-11T02:03:04.268+0000] {processor.py:208} INFO - Processing /home/airflow/.local/lib/python3.12/site-packages/airflow/example_dags/example_xcomargs.py took 0.224 seconds
[2025-04-11T02:03:34.650+0000] {processor.py:186} INFO - Started process (PID=2986) to work on /home/airflow/.local/lib/python3.12/site-packages/airflow/example_dags/example_xcomargs.py
[2025-04-11T02:03:34.652+0000] {processor.py:914} INFO - Processing file /home/airflow/.local/lib/python3.12/site-packages/airflow/example_dags/example_xcomargs.py for tasks to queue
[2025-04-11T02:03:34.656+0000] {logging_mixin.py:190} INFO - [2025-04-11T02:03:34.655+0000] {dagbag.py:588} INFO - Filling up the DagBag from /home/airflow/.local/lib/python3.12/site-packages/airflow/example_dags/example_xcomargs.py
[2025-04-11T02:03:34.686+0000] {processor.py:925} INFO - DAG(s) 'example_xcom_args_with_operators', 'example_xcom_args' retrieved from /home/airflow/.local/lib/python3.12/site-packages/airflow/example_dags/example_xcomargs.py
[2025-04-11T02:03:34.740+0000] {logging_mixin.py:190} INFO - [2025-04-11T02:03:34.740+0000] {dag.py:3239} INFO - Sync 2 DAGs
[2025-04-11T02:03:34.782+0000] {logging_mixin.py:190} INFO - [2025-04-11T02:03:34.781+0000] {dag.py:4180} INFO - Setting next_dagrun for example_xcom_args to None, run_after=None
[2025-04-11T02:03:34.791+0000] {logging_mixin.py:190} INFO - [2025-04-11T02:03:34.791+0000] {dag.py:4180} INFO - Setting next_dagrun for example_xcom_args_with_operators to None, run_after=None
[2025-04-11T02:03:34.868+0000] {processor.py:208} INFO - Processing /home/airflow/.local/lib/python3.12/site-packages/airflow/example_dags/example_xcomargs.py took 0.226 seconds
[2025-04-11T02:04:05.773+0000] {processor.py:186} INFO - Started process (PID=3052) to work on /home/airflow/.local/lib/python3.12/site-packages/airflow/example_dags/example_xcomargs.py
[2025-04-11T02:04:05.776+0000] {processor.py:914} INFO - Processing file /home/airflow/.local/lib/python3.12/site-packages/airflow/example_dags/example_xcomargs.py for tasks to queue
[2025-04-11T02:04:05.778+0000] {logging_mixin.py:190} INFO - [2025-04-11T02:04:05.778+0000] {dagbag.py:588} INFO - Filling up the DagBag from /home/airflow/.local/lib/python3.12/site-packages/airflow/example_dags/example_xcomargs.py
[2025-04-11T02:04:05.808+0000] {processor.py:925} INFO - DAG(s) 'example_xcom_args', 'example_xcom_args_with_operators' retrieved from /home/airflow/.local/lib/python3.12/site-packages/airflow/example_dags/example_xcomargs.py
[2025-04-11T02:04:05.859+0000] {logging_mixin.py:190} INFO - [2025-04-11T02:04:05.859+0000] {dag.py:3239} INFO - Sync 2 DAGs
[2025-04-11T02:04:05.900+0000] {logging_mixin.py:190} INFO - [2025-04-11T02:04:05.899+0000] {dag.py:4180} INFO - Setting next_dagrun for example_xcom_args to None, run_after=None
[2025-04-11T02:04:05.907+0000] {logging_mixin.py:190} INFO - [2025-04-11T02:04:05.907+0000] {dag.py:4180} INFO - Setting next_dagrun for example_xcom_args_with_operators to None, run_after=None
[2025-04-11T02:04:05.945+0000] {processor.py:208} INFO - Processing /home/airflow/.local/lib/python3.12/site-packages/airflow/example_dags/example_xcomargs.py took 0.189 seconds
[2025-04-11T02:04:37.286+0000] {processor.py:186} INFO - Started process (PID=3117) to work on /home/airflow/.local/lib/python3.12/site-packages/airflow/example_dags/example_xcomargs.py
[2025-04-11T02:04:37.289+0000] {processor.py:914} INFO - Processing file /home/airflow/.local/lib/python3.12/site-packages/airflow/example_dags/example_xcomargs.py for tasks to queue
[2025-04-11T02:04:37.293+0000] {logging_mixin.py:190} INFO - [2025-04-11T02:04:37.292+0000] {dagbag.py:588} INFO - Filling up the DagBag from /home/airflow/.local/lib/python3.12/site-packages/airflow/example_dags/example_xcomargs.py
[2025-04-11T02:04:37.321+0000] {processor.py:925} INFO - DAG(s) 'example_xcom_args', 'example_xcom_args_with_operators' retrieved from /home/airflow/.local/lib/python3.12/site-packages/airflow/example_dags/example_xcomargs.py
[2025-04-11T02:04:37.381+0000] {logging_mixin.py:190} INFO - [2025-04-11T02:04:37.380+0000] {dag.py:3239} INFO - Sync 2 DAGs
[2025-04-11T02:04:37.426+0000] {logging_mixin.py:190} INFO - [2025-04-11T02:04:37.426+0000] {dag.py:4180} INFO - Setting next_dagrun for example_xcom_args to None, run_after=None
[2025-04-11T02:04:37.434+0000] {logging_mixin.py:190} INFO - [2025-04-11T02:04:37.434+0000] {dag.py:4180} INFO - Setting next_dagrun for example_xcom_args_with_operators to None, run_after=None
[2025-04-11T02:04:37.469+0000] {processor.py:208} INFO - Processing /home/airflow/.local/lib/python3.12/site-packages/airflow/example_dags/example_xcomargs.py took 0.200 seconds
[2025-04-11T02:05:08.400+0000] {processor.py:186} INFO - Started process (PID=3182) to work on /home/airflow/.local/lib/python3.12/site-packages/airflow/example_dags/example_xcomargs.py
[2025-04-11T02:05:08.402+0000] {processor.py:914} INFO - Processing file /home/airflow/.local/lib/python3.12/site-packages/airflow/example_dags/example_xcomargs.py for tasks to queue
[2025-04-11T02:05:08.405+0000] {logging_mixin.py:190} INFO - [2025-04-11T02:05:08.404+0000] {dagbag.py:588} INFO - Filling up the DagBag from /home/airflow/.local/lib/python3.12/site-packages/airflow/example_dags/example_xcomargs.py
[2025-04-11T02:05:08.444+0000] {processor.py:925} INFO - DAG(s) 'example_xcom_args', 'example_xcom_args_with_operators' retrieved from /home/airflow/.local/lib/python3.12/site-packages/airflow/example_dags/example_xcomargs.py
[2025-04-11T02:05:08.518+0000] {logging_mixin.py:190} INFO - [2025-04-11T02:05:08.518+0000] {dag.py:3239} INFO - Sync 2 DAGs
[2025-04-11T02:05:08.554+0000] {logging_mixin.py:190} INFO - [2025-04-11T02:05:08.553+0000] {dag.py:4180} INFO - Setting next_dagrun for example_xcom_args to None, run_after=None
[2025-04-11T02:05:08.562+0000] {logging_mixin.py:190} INFO - [2025-04-11T02:05:08.562+0000] {dag.py:4180} INFO - Setting next_dagrun for example_xcom_args_with_operators to None, run_after=None
[2025-04-11T02:05:08.613+0000] {processor.py:208} INFO - Processing /home/airflow/.local/lib/python3.12/site-packages/airflow/example_dags/example_xcomargs.py took 0.230 seconds
[2025-04-11T02:05:38.877+0000] {processor.py:186} INFO - Started process (PID=3245) to work on /home/airflow/.local/lib/python3.12/site-packages/airflow/example_dags/example_xcomargs.py
[2025-04-11T02:05:38.879+0000] {processor.py:914} INFO - Processing file /home/airflow/.local/lib/python3.12/site-packages/airflow/example_dags/example_xcomargs.py for tasks to queue
[2025-04-11T02:05:38.883+0000] {logging_mixin.py:190} INFO - [2025-04-11T02:05:38.882+0000] {dagbag.py:588} INFO - Filling up the DagBag from /home/airflow/.local/lib/python3.12/site-packages/airflow/example_dags/example_xcomargs.py
[2025-04-11T02:05:38.918+0000] {processor.py:925} INFO - DAG(s) 'example_xcom_args_with_operators', 'example_xcom_args' retrieved from /home/airflow/.local/lib/python3.12/site-packages/airflow/example_dags/example_xcomargs.py
[2025-04-11T02:05:38.979+0000] {logging_mixin.py:190} INFO - [2025-04-11T02:05:38.979+0000] {dag.py:3239} INFO - Sync 2 DAGs
[2025-04-11T02:05:39.031+0000] {logging_mixin.py:190} INFO - [2025-04-11T02:05:39.031+0000] {dag.py:4180} INFO - Setting next_dagrun for example_xcom_args to None, run_after=None
[2025-04-11T02:05:39.043+0000] {logging_mixin.py:190} INFO - [2025-04-11T02:05:39.042+0000] {dag.py:4180} INFO - Setting next_dagrun for example_xcom_args_with_operators to None, run_after=None
[2025-04-11T02:05:39.086+0000] {processor.py:208} INFO - Processing /home/airflow/.local/lib/python3.12/site-packages/airflow/example_dags/example_xcomargs.py took 0.225 seconds
[2025-04-11T02:06:09.608+0000] {processor.py:186} INFO - Started process (PID=3310) to work on /home/airflow/.local/lib/python3.12/site-packages/airflow/example_dags/example_xcomargs.py
[2025-04-11T02:06:09.610+0000] {processor.py:914} INFO - Processing file /home/airflow/.local/lib/python3.12/site-packages/airflow/example_dags/example_xcomargs.py for tasks to queue
[2025-04-11T02:06:09.613+0000] {logging_mixin.py:190} INFO - [2025-04-11T02:06:09.612+0000] {dagbag.py:588} INFO - Filling up the DagBag from /home/airflow/.local/lib/python3.12/site-packages/airflow/example_dags/example_xcomargs.py
[2025-04-11T02:06:09.642+0000] {processor.py:925} INFO - DAG(s) 'example_xcom_args', 'example_xcom_args_with_operators' retrieved from /home/airflow/.local/lib/python3.12/site-packages/airflow/example_dags/example_xcomargs.py
[2025-04-11T02:06:09.698+0000] {logging_mixin.py:190} INFO - [2025-04-11T02:06:09.697+0000] {dag.py:3239} INFO - Sync 2 DAGs
[2025-04-11T02:06:09.748+0000] {logging_mixin.py:190} INFO - [2025-04-11T02:06:09.748+0000] {dag.py:4180} INFO - Setting next_dagrun for example_xcom_args to None, run_after=None
[2025-04-11T02:06:09.758+0000] {logging_mixin.py:190} INFO - [2025-04-11T02:06:09.758+0000] {dag.py:4180} INFO - Setting next_dagrun for example_xcom_args_with_operators to None, run_after=None
[2025-04-11T02:06:09.802+0000] {processor.py:208} INFO - Processing /home/airflow/.local/lib/python3.12/site-packages/airflow/example_dags/example_xcomargs.py took 0.209 seconds
[2025-04-11T02:06:40.385+0000] {processor.py:186} INFO - Started process (PID=3375) to work on /home/airflow/.local/lib/python3.12/site-packages/airflow/example_dags/example_xcomargs.py
[2025-04-11T02:06:40.386+0000] {processor.py:914} INFO - Processing file /home/airflow/.local/lib/python3.12/site-packages/airflow/example_dags/example_xcomargs.py for tasks to queue
[2025-04-11T02:06:40.388+0000] {logging_mixin.py:190} INFO - [2025-04-11T02:06:40.388+0000] {dagbag.py:588} INFO - Filling up the DagBag from /home/airflow/.local/lib/python3.12/site-packages/airflow/example_dags/example_xcomargs.py
[2025-04-11T02:06:40.401+0000] {processor.py:925} INFO - DAG(s) 'example_xcom_args', 'example_xcom_args_with_operators' retrieved from /home/airflow/.local/lib/python3.12/site-packages/airflow/example_dags/example_xcomargs.py
[2025-04-11T02:06:40.431+0000] {logging_mixin.py:190} INFO - [2025-04-11T02:06:40.431+0000] {dag.py:3239} INFO - Sync 2 DAGs
[2025-04-11T02:06:40.456+0000] {logging_mixin.py:190} INFO - [2025-04-11T02:06:40.456+0000] {dag.py:4180} INFO - Setting next_dagrun for example_xcom_args to None, run_after=None
[2025-04-11T02:06:40.464+0000] {logging_mixin.py:190} INFO - [2025-04-11T02:06:40.463+0000] {dag.py:4180} INFO - Setting next_dagrun for example_xcom_args_with_operators to None, run_after=None
[2025-04-11T02:06:40.495+0000] {processor.py:208} INFO - Processing /home/airflow/.local/lib/python3.12/site-packages/airflow/example_dags/example_xcomargs.py took 0.118 seconds
[2025-04-11T02:07:11.562+0000] {processor.py:186} INFO - Started process (PID=3440) to work on /home/airflow/.local/lib/python3.12/site-packages/airflow/example_dags/example_xcomargs.py
[2025-04-11T02:07:11.564+0000] {processor.py:914} INFO - Processing file /home/airflow/.local/lib/python3.12/site-packages/airflow/example_dags/example_xcomargs.py for tasks to queue
[2025-04-11T02:07:11.567+0000] {logging_mixin.py:190} INFO - [2025-04-11T02:07:11.566+0000] {dagbag.py:588} INFO - Filling up the DagBag from /home/airflow/.local/lib/python3.12/site-packages/airflow/example_dags/example_xcomargs.py
[2025-04-11T02:07:11.588+0000] {processor.py:925} INFO - DAG(s) 'example_xcom_args_with_operators', 'example_xcom_args' retrieved from /home/airflow/.local/lib/python3.12/site-packages/airflow/example_dags/example_xcomargs.py
[2025-04-11T02:07:11.638+0000] {logging_mixin.py:190} INFO - [2025-04-11T02:07:11.637+0000] {dag.py:3239} INFO - Sync 2 DAGs
[2025-04-11T02:07:11.679+0000] {logging_mixin.py:190} INFO - [2025-04-11T02:07:11.679+0000] {dag.py:4180} INFO - Setting next_dagrun for example_xcom_args to None, run_after=None
[2025-04-11T02:07:11.691+0000] {logging_mixin.py:190} INFO - [2025-04-11T02:07:11.690+0000] {dag.py:4180} INFO - Setting next_dagrun for example_xcom_args_with_operators to None, run_after=None
[2025-04-11T02:07:11.734+0000] {processor.py:208} INFO - Processing /home/airflow/.local/lib/python3.12/site-packages/airflow/example_dags/example_xcomargs.py took 0.183 seconds
[2025-04-11T02:07:42.419+0000] {processor.py:186} INFO - Started process (PID=3506) to work on /home/airflow/.local/lib/python3.12/site-packages/airflow/example_dags/example_xcomargs.py
[2025-04-11T02:07:42.421+0000] {processor.py:914} INFO - Processing file /home/airflow/.local/lib/python3.12/site-packages/airflow/example_dags/example_xcomargs.py for tasks to queue
[2025-04-11T02:07:42.425+0000] {logging_mixin.py:190} INFO - [2025-04-11T02:07:42.424+0000] {dagbag.py:588} INFO - Filling up the DagBag from /home/airflow/.local/lib/python3.12/site-packages/airflow/example_dags/example_xcomargs.py
[2025-04-11T02:07:42.448+0000] {processor.py:925} INFO - DAG(s) 'example_xcom_args', 'example_xcom_args_with_operators' retrieved from /home/airflow/.local/lib/python3.12/site-packages/airflow/example_dags/example_xcomargs.py
[2025-04-11T02:07:42.520+0000] {logging_mixin.py:190} INFO - [2025-04-11T02:07:42.519+0000] {dag.py:3239} INFO - Sync 2 DAGs
[2025-04-11T02:07:42.560+0000] {logging_mixin.py:190} INFO - [2025-04-11T02:07:42.559+0000] {dag.py:4180} INFO - Setting next_dagrun for example_xcom_args to None, run_after=None
[2025-04-11T02:07:42.571+0000] {logging_mixin.py:190} INFO - [2025-04-11T02:07:42.570+0000] {dag.py:4180} INFO - Setting next_dagrun for example_xcom_args_with_operators to None, run_after=None
[2025-04-11T02:07:42.621+0000] {processor.py:208} INFO - Processing /home/airflow/.local/lib/python3.12/site-packages/airflow/example_dags/example_xcomargs.py took 0.222 seconds
[2025-04-11T02:08:12.850+0000] {processor.py:186} INFO - Started process (PID=3569) to work on /home/airflow/.local/lib/python3.12/site-packages/airflow/example_dags/example_xcomargs.py
[2025-04-11T02:08:12.852+0000] {processor.py:914} INFO - Processing file /home/airflow/.local/lib/python3.12/site-packages/airflow/example_dags/example_xcomargs.py for tasks to queue
[2025-04-11T02:08:12.857+0000] {logging_mixin.py:190} INFO - [2025-04-11T02:08:12.856+0000] {dagbag.py:588} INFO - Filling up the DagBag from /home/airflow/.local/lib/python3.12/site-packages/airflow/example_dags/example_xcomargs.py
[2025-04-11T02:08:12.902+0000] {processor.py:925} INFO - DAG(s) 'example_xcom_args', 'example_xcom_args_with_operators' retrieved from /home/airflow/.local/lib/python3.12/site-packages/airflow/example_dags/example_xcomargs.py
[2025-04-11T02:08:12.999+0000] {logging_mixin.py:190} INFO - [2025-04-11T02:08:12.998+0000] {dag.py:3239} INFO - Sync 2 DAGs
[2025-04-11T02:08:13.052+0000] {logging_mixin.py:190} INFO - [2025-04-11T02:08:13.051+0000] {dag.py:4180} INFO - Setting next_dagrun for example_xcom_args to None, run_after=None
[2025-04-11T02:08:13.065+0000] {logging_mixin.py:190} INFO - [2025-04-11T02:08:13.064+0000] {dag.py:4180} INFO - Setting next_dagrun for example_xcom_args_with_operators to None, run_after=None
[2025-04-11T02:08:13.131+0000] {processor.py:208} INFO - Processing /home/airflow/.local/lib/python3.12/site-packages/airflow/example_dags/example_xcomargs.py took 0.305 seconds
[2025-04-11T02:08:43.592+0000] {processor.py:186} INFO - Started process (PID=3634) to work on /home/airflow/.local/lib/python3.12/site-packages/airflow/example_dags/example_xcomargs.py
[2025-04-11T02:08:43.596+0000] {processor.py:914} INFO - Processing file /home/airflow/.local/lib/python3.12/site-packages/airflow/example_dags/example_xcomargs.py for tasks to queue
[2025-04-11T02:08:43.600+0000] {logging_mixin.py:190} INFO - [2025-04-11T02:08:43.599+0000] {dagbag.py:588} INFO - Filling up the DagBag from /home/airflow/.local/lib/python3.12/site-packages/airflow/example_dags/example_xcomargs.py
[2025-04-11T02:08:43.628+0000] {processor.py:925} INFO - DAG(s) 'example_xcom_args', 'example_xcom_args_with_operators' retrieved from /home/airflow/.local/lib/python3.12/site-packages/airflow/example_dags/example_xcomargs.py
[2025-04-11T02:08:43.684+0000] {logging_mixin.py:190} INFO - [2025-04-11T02:08:43.684+0000] {dag.py:3239} INFO - Sync 2 DAGs
[2025-04-11T02:08:43.730+0000] {logging_mixin.py:190} INFO - [2025-04-11T02:08:43.730+0000] {dag.py:4180} INFO - Setting next_dagrun for example_xcom_args to None, run_after=None
[2025-04-11T02:08:43.741+0000] {logging_mixin.py:190} INFO - [2025-04-11T02:08:43.741+0000] {dag.py:4180} INFO - Setting next_dagrun for example_xcom_args_with_operators to None, run_after=None
[2025-04-11T02:08:43.789+0000] {processor.py:208} INFO - Processing /home/airflow/.local/lib/python3.12/site-packages/airflow/example_dags/example_xcomargs.py took 0.215 seconds
[2025-04-11T02:09:14.067+0000] {processor.py:186} INFO - Started process (PID=3699) to work on /home/airflow/.local/lib/python3.12/site-packages/airflow/example_dags/example_xcomargs.py
[2025-04-11T02:09:14.069+0000] {processor.py:914} INFO - Processing file /home/airflow/.local/lib/python3.12/site-packages/airflow/example_dags/example_xcomargs.py for tasks to queue
[2025-04-11T02:09:14.074+0000] {logging_mixin.py:190} INFO - [2025-04-11T02:09:14.072+0000] {dagbag.py:588} INFO - Filling up the DagBag from /home/airflow/.local/lib/python3.12/site-packages/airflow/example_dags/example_xcomargs.py
[2025-04-11T02:09:14.112+0000] {processor.py:925} INFO - DAG(s) 'example_xcom_args', 'example_xcom_args_with_operators' retrieved from /home/airflow/.local/lib/python3.12/site-packages/airflow/example_dags/example_xcomargs.py
[2025-04-11T02:09:14.174+0000] {logging_mixin.py:190} INFO - [2025-04-11T02:09:14.173+0000] {dag.py:3239} INFO - Sync 2 DAGs
[2025-04-11T02:09:14.223+0000] {logging_mixin.py:190} INFO - [2025-04-11T02:09:14.223+0000] {dag.py:4180} INFO - Setting next_dagrun for example_xcom_args to None, run_after=None
[2025-04-11T02:09:14.230+0000] {logging_mixin.py:190} INFO - [2025-04-11T02:09:14.230+0000] {dag.py:4180} INFO - Setting next_dagrun for example_xcom_args_with_operators to None, run_after=None
[2025-04-11T02:09:14.266+0000] {processor.py:208} INFO - Processing /home/airflow/.local/lib/python3.12/site-packages/airflow/example_dags/example_xcomargs.py took 0.232 seconds
[2025-04-11T02:09:46.838+0000] {processor.py:186} INFO - Started process (PID=3765) to work on /home/airflow/.local/lib/python3.12/site-packages/airflow/example_dags/example_xcomargs.py
[2025-04-11T02:09:46.840+0000] {processor.py:914} INFO - Processing file /home/airflow/.local/lib/python3.12/site-packages/airflow/example_dags/example_xcomargs.py for tasks to queue
[2025-04-11T02:09:46.842+0000] {logging_mixin.py:190} INFO - [2025-04-11T02:09:46.842+0000] {dagbag.py:588} INFO - Filling up the DagBag from /home/airflow/.local/lib/python3.12/site-packages/airflow/example_dags/example_xcomargs.py
[2025-04-11T02:09:46.861+0000] {processor.py:925} INFO - DAG(s) 'example_xcom_args', 'example_xcom_args_with_operators' retrieved from /home/airflow/.local/lib/python3.12/site-packages/airflow/example_dags/example_xcomargs.py
[2025-04-11T02:09:46.915+0000] {logging_mixin.py:190} INFO - [2025-04-11T02:09:46.915+0000] {dag.py:3239} INFO - Sync 2 DAGs
[2025-04-11T02:09:46.956+0000] {logging_mixin.py:190} INFO - [2025-04-11T02:09:46.956+0000] {dag.py:4180} INFO - Setting next_dagrun for example_xcom_args to None, run_after=None
[2025-04-11T02:09:46.962+0000] {logging_mixin.py:190} INFO - [2025-04-11T02:09:46.962+0000] {dag.py:4180} INFO - Setting next_dagrun for example_xcom_args_with_operators to None, run_after=None
[2025-04-11T02:09:47.011+0000] {processor.py:208} INFO - Processing /home/airflow/.local/lib/python3.12/site-packages/airflow/example_dags/example_xcomargs.py took 0.183 seconds
[2025-04-11T02:10:17.936+0000] {processor.py:186} INFO - Started process (PID=3831) to work on /home/airflow/.local/lib/python3.12/site-packages/airflow/example_dags/example_xcomargs.py
[2025-04-11T02:10:17.938+0000] {processor.py:914} INFO - Processing file /home/airflow/.local/lib/python3.12/site-packages/airflow/example_dags/example_xcomargs.py for tasks to queue
[2025-04-11T02:10:17.941+0000] {logging_mixin.py:190} INFO - [2025-04-11T02:10:17.940+0000] {dagbag.py:588} INFO - Filling up the DagBag from /home/airflow/.local/lib/python3.12/site-packages/airflow/example_dags/example_xcomargs.py
[2025-04-11T02:10:17.984+0000] {processor.py:925} INFO - DAG(s) 'example_xcom_args_with_operators', 'example_xcom_args' retrieved from /home/airflow/.local/lib/python3.12/site-packages/airflow/example_dags/example_xcomargs.py
[2025-04-11T02:10:18.056+0000] {logging_mixin.py:190} INFO - [2025-04-11T02:10:18.056+0000] {dag.py:3239} INFO - Sync 2 DAGs
[2025-04-11T02:10:18.102+0000] {logging_mixin.py:190} INFO - [2025-04-11T02:10:18.102+0000] {dag.py:4180} INFO - Setting next_dagrun for example_xcom_args to None, run_after=None
[2025-04-11T02:10:18.110+0000] {logging_mixin.py:190} INFO - [2025-04-11T02:10:18.110+0000] {dag.py:4180} INFO - Setting next_dagrun for example_xcom_args_with_operators to None, run_after=None
[2025-04-11T02:10:18.165+0000] {processor.py:208} INFO - Processing /home/airflow/.local/lib/python3.12/site-packages/airflow/example_dags/example_xcomargs.py took 0.240 seconds
[2025-04-11T02:10:49.160+0000] {processor.py:186} INFO - Started process (PID=3895) to work on /home/airflow/.local/lib/python3.12/site-packages/airflow/example_dags/example_xcomargs.py
[2025-04-11T02:10:49.162+0000] {processor.py:914} INFO - Processing file /home/airflow/.local/lib/python3.12/site-packages/airflow/example_dags/example_xcomargs.py for tasks to queue
[2025-04-11T02:10:49.166+0000] {logging_mixin.py:190} INFO - [2025-04-11T02:10:49.165+0000] {dagbag.py:588} INFO - Filling up the DagBag from /home/airflow/.local/lib/python3.12/site-packages/airflow/example_dags/example_xcomargs.py
[2025-04-11T02:10:49.193+0000] {processor.py:925} INFO - DAG(s) 'example_xcom_args', 'example_xcom_args_with_operators' retrieved from /home/airflow/.local/lib/python3.12/site-packages/airflow/example_dags/example_xcomargs.py
[2025-04-11T02:10:49.252+0000] {logging_mixin.py:190} INFO - [2025-04-11T02:10:49.251+0000] {dag.py:3239} INFO - Sync 2 DAGs
[2025-04-11T02:10:49.288+0000] {logging_mixin.py:190} INFO - [2025-04-11T02:10:49.287+0000] {dag.py:4180} INFO - Setting next_dagrun for example_xcom_args to None, run_after=None
[2025-04-11T02:10:49.297+0000] {logging_mixin.py:190} INFO - [2025-04-11T02:10:49.296+0000] {dag.py:4180} INFO - Setting next_dagrun for example_xcom_args_with_operators to None, run_after=None
[2025-04-11T02:10:49.335+0000] {processor.py:208} INFO - Processing /home/airflow/.local/lib/python3.12/site-packages/airflow/example_dags/example_xcomargs.py took 0.195 seconds
[2025-04-11T02:11:21.616+0000] {processor.py:186} INFO - Started process (PID=3960) to work on /home/airflow/.local/lib/python3.12/site-packages/airflow/example_dags/example_xcomargs.py
[2025-04-11T02:11:21.619+0000] {processor.py:914} INFO - Processing file /home/airflow/.local/lib/python3.12/site-packages/airflow/example_dags/example_xcomargs.py for tasks to queue
[2025-04-11T02:11:21.623+0000] {logging_mixin.py:190} INFO - [2025-04-11T02:11:21.622+0000] {dagbag.py:588} INFO - Filling up the DagBag from /home/airflow/.local/lib/python3.12/site-packages/airflow/example_dags/example_xcomargs.py
[2025-04-11T02:11:21.650+0000] {processor.py:925} INFO - DAG(s) 'example_xcom_args_with_operators', 'example_xcom_args' retrieved from /home/airflow/.local/lib/python3.12/site-packages/airflow/example_dags/example_xcomargs.py
[2025-04-11T02:11:21.704+0000] {logging_mixin.py:190} INFO - [2025-04-11T02:11:21.703+0000] {dag.py:3239} INFO - Sync 2 DAGs
[2025-04-11T02:11:21.740+0000] {logging_mixin.py:190} INFO - [2025-04-11T02:11:21.739+0000] {dag.py:4180} INFO - Setting next_dagrun for example_xcom_args to None, run_after=None
[2025-04-11T02:11:21.747+0000] {logging_mixin.py:190} INFO - [2025-04-11T02:11:21.746+0000] {dag.py:4180} INFO - Setting next_dagrun for example_xcom_args_with_operators to None, run_after=None
[2025-04-11T02:11:21.782+0000] {processor.py:208} INFO - Processing /home/airflow/.local/lib/python3.12/site-packages/airflow/example_dags/example_xcomargs.py took 0.183 seconds
[2025-04-11T02:11:54.568+0000] {processor.py:186} INFO - Started process (PID=4025) to work on /home/airflow/.local/lib/python3.12/site-packages/airflow/example_dags/example_xcomargs.py
[2025-04-11T02:11:54.571+0000] {processor.py:914} INFO - Processing file /home/airflow/.local/lib/python3.12/site-packages/airflow/example_dags/example_xcomargs.py for tasks to queue
[2025-04-11T02:11:54.575+0000] {logging_mixin.py:190} INFO - [2025-04-11T02:11:54.574+0000] {dagbag.py:588} INFO - Filling up the DagBag from /home/airflow/.local/lib/python3.12/site-packages/airflow/example_dags/example_xcomargs.py
[2025-04-11T02:11:54.611+0000] {processor.py:925} INFO - DAG(s) 'example_xcom_args_with_operators', 'example_xcom_args' retrieved from /home/airflow/.local/lib/python3.12/site-packages/airflow/example_dags/example_xcomargs.py
[2025-04-11T02:11:54.689+0000] {logging_mixin.py:190} INFO - [2025-04-11T02:11:54.689+0000] {dag.py:3239} INFO - Sync 2 DAGs
[2025-04-11T02:11:54.739+0000] {logging_mixin.py:190} INFO - [2025-04-11T02:11:54.739+0000] {dag.py:4180} INFO - Setting next_dagrun for example_xcom_args to None, run_after=None
[2025-04-11T02:11:54.751+0000] {logging_mixin.py:190} INFO - [2025-04-11T02:11:54.750+0000] {dag.py:4180} INFO - Setting next_dagrun for example_xcom_args_with_operators to None, run_after=None
[2025-04-11T02:11:54.804+0000] {processor.py:208} INFO - Processing /home/airflow/.local/lib/python3.12/site-packages/airflow/example_dags/example_xcomargs.py took 0.257 seconds
[2025-04-11T02:12:25.086+0000] {processor.py:186} INFO - Started process (PID=4091) to work on /home/airflow/.local/lib/python3.12/site-packages/airflow/example_dags/example_xcomargs.py
[2025-04-11T02:12:25.090+0000] {processor.py:914} INFO - Processing file /home/airflow/.local/lib/python3.12/site-packages/airflow/example_dags/example_xcomargs.py for tasks to queue
[2025-04-11T02:12:25.094+0000] {logging_mixin.py:190} INFO - [2025-04-11T02:12:25.093+0000] {dagbag.py:588} INFO - Filling up the DagBag from /home/airflow/.local/lib/python3.12/site-packages/airflow/example_dags/example_xcomargs.py
[2025-04-11T02:12:25.137+0000] {processor.py:925} INFO - DAG(s) 'example_xcom_args_with_operators', 'example_xcom_args' retrieved from /home/airflow/.local/lib/python3.12/site-packages/airflow/example_dags/example_xcomargs.py
[2025-04-11T02:12:25.241+0000] {logging_mixin.py:190} INFO - [2025-04-11T02:12:25.240+0000] {dag.py:3239} INFO - Sync 2 DAGs
[2025-04-11T02:12:25.307+0000] {logging_mixin.py:190} INFO - [2025-04-11T02:12:25.306+0000] {dag.py:4180} INFO - Setting next_dagrun for example_xcom_args to None, run_after=None
[2025-04-11T02:12:25.321+0000] {logging_mixin.py:190} INFO - [2025-04-11T02:12:25.320+0000] {dag.py:4180} INFO - Setting next_dagrun for example_xcom_args_with_operators to None, run_after=None
[2025-04-11T02:12:25.389+0000] {processor.py:208} INFO - Processing /home/airflow/.local/lib/python3.12/site-packages/airflow/example_dags/example_xcomargs.py took 0.336 seconds
[2025-04-11T02:12:56.393+0000] {processor.py:186} INFO - Started process (PID=4157) to work on /home/airflow/.local/lib/python3.12/site-packages/airflow/example_dags/example_xcomargs.py
[2025-04-11T02:12:56.396+0000] {processor.py:914} INFO - Processing file /home/airflow/.local/lib/python3.12/site-packages/airflow/example_dags/example_xcomargs.py for tasks to queue
[2025-04-11T02:12:56.400+0000] {logging_mixin.py:190} INFO - [2025-04-11T02:12:56.399+0000] {dagbag.py:588} INFO - Filling up the DagBag from /home/airflow/.local/lib/python3.12/site-packages/airflow/example_dags/example_xcomargs.py
[2025-04-11T02:12:56.434+0000] {processor.py:925} INFO - DAG(s) 'example_xcom_args_with_operators', 'example_xcom_args' retrieved from /home/airflow/.local/lib/python3.12/site-packages/airflow/example_dags/example_xcomargs.py
[2025-04-11T02:12:56.505+0000] {logging_mixin.py:190} INFO - [2025-04-11T02:12:56.504+0000] {dag.py:3239} INFO - Sync 2 DAGs
[2025-04-11T02:12:56.549+0000] {logging_mixin.py:190} INFO - [2025-04-11T02:12:56.549+0000] {dag.py:4180} INFO - Setting next_dagrun for example_xcom_args to None, run_after=None
[2025-04-11T02:12:56.561+0000] {logging_mixin.py:190} INFO - [2025-04-11T02:12:56.560+0000] {dag.py:4180} INFO - Setting next_dagrun for example_xcom_args_with_operators to None, run_after=None
[2025-04-11T02:12:56.607+0000] {processor.py:208} INFO - Processing /home/airflow/.local/lib/python3.12/site-packages/airflow/example_dags/example_xcomargs.py took 0.231 seconds
[2025-04-11T02:13:27.609+0000] {processor.py:186} INFO - Started process (PID=4222) to work on /home/airflow/.local/lib/python3.12/site-packages/airflow/example_dags/example_xcomargs.py
[2025-04-11T02:13:27.612+0000] {processor.py:914} INFO - Processing file /home/airflow/.local/lib/python3.12/site-packages/airflow/example_dags/example_xcomargs.py for tasks to queue
[2025-04-11T02:13:27.617+0000] {logging_mixin.py:190} INFO - [2025-04-11T02:13:27.616+0000] {dagbag.py:588} INFO - Filling up the DagBag from /home/airflow/.local/lib/python3.12/site-packages/airflow/example_dags/example_xcomargs.py
[2025-04-11T02:13:27.655+0000] {processor.py:925} INFO - DAG(s) 'example_xcom_args', 'example_xcom_args_with_operators' retrieved from /home/airflow/.local/lib/python3.12/site-packages/airflow/example_dags/example_xcomargs.py
[2025-04-11T02:13:27.728+0000] {logging_mixin.py:190} INFO - [2025-04-11T02:13:27.727+0000] {dag.py:3239} INFO - Sync 2 DAGs
[2025-04-11T02:13:27.779+0000] {logging_mixin.py:190} INFO - [2025-04-11T02:13:27.778+0000] {dag.py:4180} INFO - Setting next_dagrun for example_xcom_args to None, run_after=None
[2025-04-11T02:13:27.792+0000] {logging_mixin.py:190} INFO - [2025-04-11T02:13:27.791+0000] {dag.py:4180} INFO - Setting next_dagrun for example_xcom_args_with_operators to None, run_after=None
[2025-04-11T02:13:27.841+0000] {processor.py:208} INFO - Processing /home/airflow/.local/lib/python3.12/site-packages/airflow/example_dags/example_xcomargs.py took 0.250 seconds
[2025-04-11T02:13:58.415+0000] {processor.py:186} INFO - Started process (PID=4287) to work on /home/airflow/.local/lib/python3.12/site-packages/airflow/example_dags/example_xcomargs.py
[2025-04-11T02:13:58.416+0000] {processor.py:914} INFO - Processing file /home/airflow/.local/lib/python3.12/site-packages/airflow/example_dags/example_xcomargs.py for tasks to queue
[2025-04-11T02:13:58.418+0000] {logging_mixin.py:190} INFO - [2025-04-11T02:13:58.418+0000] {dagbag.py:588} INFO - Filling up the DagBag from /home/airflow/.local/lib/python3.12/site-packages/airflow/example_dags/example_xcomargs.py
[2025-04-11T02:13:58.427+0000] {processor.py:925} INFO - DAG(s) 'example_xcom_args_with_operators', 'example_xcom_args' retrieved from /home/airflow/.local/lib/python3.12/site-packages/airflow/example_dags/example_xcomargs.py
[2025-04-11T02:13:58.452+0000] {logging_mixin.py:190} INFO - [2025-04-11T02:13:58.451+0000] {dag.py:3239} INFO - Sync 2 DAGs
[2025-04-11T02:13:58.466+0000] {logging_mixin.py:190} INFO - [2025-04-11T02:13:58.466+0000] {dag.py:4180} INFO - Setting next_dagrun for example_xcom_args to None, run_after=None
[2025-04-11T02:13:58.470+0000] {logging_mixin.py:190} INFO - [2025-04-11T02:13:58.470+0000] {dag.py:4180} INFO - Setting next_dagrun for example_xcom_args_with_operators to None, run_after=None
[2025-04-11T02:13:58.492+0000] {processor.py:208} INFO - Processing /home/airflow/.local/lib/python3.12/site-packages/airflow/example_dags/example_xcomargs.py took 0.083 seconds
[2025-04-11T02:14:28.924+0000] {processor.py:186} INFO - Started process (PID=4352) to work on /home/airflow/.local/lib/python3.12/site-packages/airflow/example_dags/example_xcomargs.py
[2025-04-11T02:14:28.925+0000] {processor.py:914} INFO - Processing file /home/airflow/.local/lib/python3.12/site-packages/airflow/example_dags/example_xcomargs.py for tasks to queue
[2025-04-11T02:14:28.927+0000] {logging_mixin.py:190} INFO - [2025-04-11T02:14:28.927+0000] {dagbag.py:588} INFO - Filling up the DagBag from /home/airflow/.local/lib/python3.12/site-packages/airflow/example_dags/example_xcomargs.py
[2025-04-11T02:14:28.935+0000] {processor.py:925} INFO - DAG(s) 'example_xcom_args_with_operators', 'example_xcom_args' retrieved from /home/airflow/.local/lib/python3.12/site-packages/airflow/example_dags/example_xcomargs.py
[2025-04-11T02:14:28.959+0000] {logging_mixin.py:190} INFO - [2025-04-11T02:14:28.958+0000] {dag.py:3239} INFO - Sync 2 DAGs
[2025-04-11T02:14:28.972+0000] {logging_mixin.py:190} INFO - [2025-04-11T02:14:28.972+0000] {dag.py:4180} INFO - Setting next_dagrun for example_xcom_args to None, run_after=None
[2025-04-11T02:14:28.976+0000] {logging_mixin.py:190} INFO - [2025-04-11T02:14:28.976+0000] {dag.py:4180} INFO - Setting next_dagrun for example_xcom_args_with_operators to None, run_after=None
[2025-04-11T02:14:28.995+0000] {processor.py:208} INFO - Processing /home/airflow/.local/lib/python3.12/site-packages/airflow/example_dags/example_xcomargs.py took 0.075 seconds
[2025-04-11T02:14:59.999+0000] {processor.py:186} INFO - Started process (PID=4417) to work on /home/airflow/.local/lib/python3.12/site-packages/airflow/example_dags/example_xcomargs.py
[2025-04-11T02:15:00.002+0000] {processor.py:914} INFO - Processing file /home/airflow/.local/lib/python3.12/site-packages/airflow/example_dags/example_xcomargs.py for tasks to queue
[2025-04-11T02:15:00.005+0000] {logging_mixin.py:190} INFO - [2025-04-11T02:15:00.004+0000] {dagbag.py:588} INFO - Filling up the DagBag from /home/airflow/.local/lib/python3.12/site-packages/airflow/example_dags/example_xcomargs.py
[2025-04-11T02:15:00.031+0000] {processor.py:925} INFO - DAG(s) 'example_xcom_args_with_operators', 'example_xcom_args' retrieved from /home/airflow/.local/lib/python3.12/site-packages/airflow/example_dags/example_xcomargs.py
[2025-04-11T02:15:00.082+0000] {logging_mixin.py:190} INFO - [2025-04-11T02:15:00.081+0000] {dag.py:3239} INFO - Sync 2 DAGs
[2025-04-11T02:15:00.117+0000] {logging_mixin.py:190} INFO - [2025-04-11T02:15:00.117+0000] {dag.py:4180} INFO - Setting next_dagrun for example_xcom_args to None, run_after=None
[2025-04-11T02:15:00.124+0000] {logging_mixin.py:190} INFO - [2025-04-11T02:15:00.124+0000] {dag.py:4180} INFO - Setting next_dagrun for example_xcom_args_with_operators to None, run_after=None
[2025-04-11T02:15:00.157+0000] {processor.py:208} INFO - Processing /home/airflow/.local/lib/python3.12/site-packages/airflow/example_dags/example_xcomargs.py took 0.175 seconds
[2025-04-11T02:15:30.931+0000] {processor.py:186} INFO - Started process (PID=4482) to work on /home/airflow/.local/lib/python3.12/site-packages/airflow/example_dags/example_xcomargs.py
[2025-04-11T02:15:30.933+0000] {processor.py:914} INFO - Processing file /home/airflow/.local/lib/python3.12/site-packages/airflow/example_dags/example_xcomargs.py for tasks to queue
[2025-04-11T02:15:30.935+0000] {logging_mixin.py:190} INFO - [2025-04-11T02:15:30.935+0000] {dagbag.py:588} INFO - Filling up the DagBag from /home/airflow/.local/lib/python3.12/site-packages/airflow/example_dags/example_xcomargs.py
[2025-04-11T02:15:30.955+0000] {processor.py:925} INFO - DAG(s) 'example_xcom_args', 'example_xcom_args_with_operators' retrieved from /home/airflow/.local/lib/python3.12/site-packages/airflow/example_dags/example_xcomargs.py
[2025-04-11T02:15:31.000+0000] {logging_mixin.py:190} INFO - [2025-04-11T02:15:30.999+0000] {dag.py:3239} INFO - Sync 2 DAGs
[2025-04-11T02:15:31.238+0000] {logging_mixin.py:190} INFO - [2025-04-11T02:15:31.237+0000] {dag.py:4180} INFO - Setting next_dagrun for example_xcom_args to None, run_after=None
[2025-04-11T02:15:31.246+0000] {logging_mixin.py:190} INFO - [2025-04-11T02:15:31.246+0000] {dag.py:4180} INFO - Setting next_dagrun for example_xcom_args_with_operators to None, run_after=None
[2025-04-11T02:15:31.280+0000] {processor.py:208} INFO - Processing /home/airflow/.local/lib/python3.12/site-packages/airflow/example_dags/example_xcomargs.py took 0.358 seconds
