[2025-04-11T01:49:57.164+0000] {processor.py:186} INFO - Started process (PID=1261) to work on /home/airflow/.local/lib/python3.12/site-packages/airflow/example_dags/example_branch_day_of_week_operator.py
[2025-04-11T01:49:57.169+0000] {processor.py:914} INFO - Processing file /home/airflow/.local/lib/python3.12/site-packages/airflow/example_dags/example_branch_day_of_week_operator.py for tasks to queue
[2025-04-11T01:49:57.174+0000] {logging_mixin.py:190} INFO - [2025-04-11T01:49:57.173+0000] {dagbag.py:588} INFO - Filling up the DagBag from /home/airflow/.local/lib/python3.12/site-packages/airflow/example_dags/example_branch_day_of_week_operator.py
[2025-04-11T01:49:57.235+0000] {processor.py:925} INFO - DAG(s) 'example_weekday_branch_operator' retrieved from /home/airflow/.local/lib/python3.12/site-packages/airflow/example_dags/example_branch_day_of_week_operator.py
[2025-04-11T01:49:57.293+0000] {logging_mixin.py:190} INFO - [2025-04-11T01:49:57.293+0000] {dag.py:3239} INFO - Sync 1 DAGs
[2025-04-11T01:49:57.355+0000] {logging_mixin.py:190} INFO - [2025-04-11T01:49:57.355+0000] {dag.py:4180} INFO - Setting next_dagrun for example_weekday_branch_operator to 2025-04-10 00:00:00+00:00, run_after=2025-04-11 00:00:00+00:00
[2025-04-11T01:49:57.405+0000] {processor.py:208} INFO - Processing /home/airflow/.local/lib/python3.12/site-packages/airflow/example_dags/example_branch_day_of_week_operator.py took 0.269 seconds
[2025-04-11T01:50:27.952+0000] {processor.py:186} INFO - Started process (PID=1327) to work on /home/airflow/.local/lib/python3.12/site-packages/airflow/example_dags/example_branch_day_of_week_operator.py
[2025-04-11T01:50:27.953+0000] {processor.py:914} INFO - Processing file /home/airflow/.local/lib/python3.12/site-packages/airflow/example_dags/example_branch_day_of_week_operator.py for tasks to queue
[2025-04-11T01:50:27.955+0000] {logging_mixin.py:190} INFO - [2025-04-11T01:50:27.954+0000] {dagbag.py:588} INFO - Filling up the DagBag from /home/airflow/.local/lib/python3.12/site-packages/airflow/example_dags/example_branch_day_of_week_operator.py
[2025-04-11T01:50:27.969+0000] {processor.py:925} INFO - DAG(s) 'example_weekday_branch_operator' retrieved from /home/airflow/.local/lib/python3.12/site-packages/airflow/example_dags/example_branch_day_of_week_operator.py
[2025-04-11T01:50:27.998+0000] {logging_mixin.py:190} INFO - [2025-04-11T01:50:27.998+0000] {dag.py:3239} INFO - Sync 1 DAGs
[2025-04-11T01:50:28.031+0000] {logging_mixin.py:190} INFO - [2025-04-11T01:50:28.031+0000] {dag.py:4180} INFO - Setting next_dagrun for example_weekday_branch_operator to 2025-04-10 00:00:00+00:00, run_after=2025-04-11 00:00:00+00:00
[2025-04-11T01:50:28.058+0000] {processor.py:208} INFO - Processing /home/airflow/.local/lib/python3.12/site-packages/airflow/example_dags/example_branch_day_of_week_operator.py took 0.114 seconds
[2025-04-11T01:50:58.294+0000] {processor.py:186} INFO - Started process (PID=1392) to work on /home/airflow/.local/lib/python3.12/site-packages/airflow/example_dags/example_branch_day_of_week_operator.py
[2025-04-11T01:50:58.296+0000] {processor.py:914} INFO - Processing file /home/airflow/.local/lib/python3.12/site-packages/airflow/example_dags/example_branch_day_of_week_operator.py for tasks to queue
[2025-04-11T01:50:58.299+0000] {logging_mixin.py:190} INFO - [2025-04-11T01:50:58.298+0000] {dagbag.py:588} INFO - Filling up the DagBag from /home/airflow/.local/lib/python3.12/site-packages/airflow/example_dags/example_branch_day_of_week_operator.py
[2025-04-11T01:50:58.319+0000] {processor.py:925} INFO - DAG(s) 'example_weekday_branch_operator' retrieved from /home/airflow/.local/lib/python3.12/site-packages/airflow/example_dags/example_branch_day_of_week_operator.py
[2025-04-11T01:50:58.391+0000] {logging_mixin.py:190} INFO - [2025-04-11T01:50:58.390+0000] {dag.py:3239} INFO - Sync 1 DAGs
[2025-04-11T01:50:58.466+0000] {logging_mixin.py:190} INFO - [2025-04-11T01:50:58.466+0000] {dag.py:4180} INFO - Setting next_dagrun for example_weekday_branch_operator to 2025-04-10 00:00:00+00:00, run_after=2025-04-11 00:00:00+00:00
[2025-04-11T01:50:58.506+0000] {processor.py:208} INFO - Processing /home/airflow/.local/lib/python3.12/site-packages/airflow/example_dags/example_branch_day_of_week_operator.py took 0.219 seconds
[2025-04-11T01:51:29.749+0000] {processor.py:186} INFO - Started process (PID=1457) to work on /home/airflow/.local/lib/python3.12/site-packages/airflow/example_dags/example_branch_day_of_week_operator.py
[2025-04-11T01:51:29.753+0000] {processor.py:914} INFO - Processing file /home/airflow/.local/lib/python3.12/site-packages/airflow/example_dags/example_branch_day_of_week_operator.py for tasks to queue
[2025-04-11T01:51:29.756+0000] {logging_mixin.py:190} INFO - [2025-04-11T01:51:29.755+0000] {dagbag.py:588} INFO - Filling up the DagBag from /home/airflow/.local/lib/python3.12/site-packages/airflow/example_dags/example_branch_day_of_week_operator.py
[2025-04-11T01:51:29.787+0000] {processor.py:925} INFO - DAG(s) 'example_weekday_branch_operator' retrieved from /home/airflow/.local/lib/python3.12/site-packages/airflow/example_dags/example_branch_day_of_week_operator.py
[2025-04-11T01:51:29.848+0000] {logging_mixin.py:190} INFO - [2025-04-11T01:51:29.847+0000] {dag.py:3239} INFO - Sync 1 DAGs
[2025-04-11T01:51:29.928+0000] {logging_mixin.py:190} INFO - [2025-04-11T01:51:29.927+0000] {dag.py:4180} INFO - Setting next_dagrun for example_weekday_branch_operator to 2025-04-10 00:00:00+00:00, run_after=2025-04-11 00:00:00+00:00
[2025-04-11T01:51:29.986+0000] {processor.py:208} INFO - Processing /home/airflow/.local/lib/python3.12/site-packages/airflow/example_dags/example_branch_day_of_week_operator.py took 0.255 seconds
[2025-04-11T01:52:00.586+0000] {processor.py:186} INFO - Started process (PID=1522) to work on /home/airflow/.local/lib/python3.12/site-packages/airflow/example_dags/example_branch_day_of_week_operator.py
[2025-04-11T01:52:00.588+0000] {processor.py:914} INFO - Processing file /home/airflow/.local/lib/python3.12/site-packages/airflow/example_dags/example_branch_day_of_week_operator.py for tasks to queue
[2025-04-11T01:52:00.592+0000] {logging_mixin.py:190} INFO - [2025-04-11T01:52:00.591+0000] {dagbag.py:588} INFO - Filling up the DagBag from /home/airflow/.local/lib/python3.12/site-packages/airflow/example_dags/example_branch_day_of_week_operator.py
[2025-04-11T01:52:00.612+0000] {processor.py:925} INFO - DAG(s) 'example_weekday_branch_operator' retrieved from /home/airflow/.local/lib/python3.12/site-packages/airflow/example_dags/example_branch_day_of_week_operator.py
[2025-04-11T01:52:00.646+0000] {logging_mixin.py:190} INFO - [2025-04-11T01:52:00.645+0000] {dag.py:3239} INFO - Sync 1 DAGs
[2025-04-11T01:52:00.682+0000] {logging_mixin.py:190} INFO - [2025-04-11T01:52:00.682+0000] {dag.py:4180} INFO - Setting next_dagrun for example_weekday_branch_operator to 2025-04-10 00:00:00+00:00, run_after=2025-04-11 00:00:00+00:00
[2025-04-11T01:52:00.717+0000] {processor.py:208} INFO - Processing /home/airflow/.local/lib/python3.12/site-packages/airflow/example_dags/example_branch_day_of_week_operator.py took 0.141 seconds
[2025-04-11T01:52:31.619+0000] {processor.py:186} INFO - Started process (PID=1587) to work on /home/airflow/.local/lib/python3.12/site-packages/airflow/example_dags/example_branch_day_of_week_operator.py
[2025-04-11T01:52:31.620+0000] {processor.py:914} INFO - Processing file /home/airflow/.local/lib/python3.12/site-packages/airflow/example_dags/example_branch_day_of_week_operator.py for tasks to queue
[2025-04-11T01:52:31.622+0000] {logging_mixin.py:190} INFO - [2025-04-11T01:52:31.621+0000] {dagbag.py:588} INFO - Filling up the DagBag from /home/airflow/.local/lib/python3.12/site-packages/airflow/example_dags/example_branch_day_of_week_operator.py
[2025-04-11T01:52:31.630+0000] {processor.py:925} INFO - DAG(s) 'example_weekday_branch_operator' retrieved from /home/airflow/.local/lib/python3.12/site-packages/airflow/example_dags/example_branch_day_of_week_operator.py
[2025-04-11T01:52:31.650+0000] {logging_mixin.py:190} INFO - [2025-04-11T01:52:31.650+0000] {dag.py:3239} INFO - Sync 1 DAGs
[2025-04-11T01:52:31.675+0000] {logging_mixin.py:190} INFO - [2025-04-11T01:52:31.675+0000] {dag.py:4180} INFO - Setting next_dagrun for example_weekday_branch_operator to 2025-04-10 00:00:00+00:00, run_after=2025-04-11 00:00:00+00:00
[2025-04-11T01:52:31.701+0000] {processor.py:208} INFO - Processing /home/airflow/.local/lib/python3.12/site-packages/airflow/example_dags/example_branch_day_of_week_operator.py took 0.087 seconds
[2025-04-11T01:53:02.264+0000] {processor.py:186} INFO - Started process (PID=1651) to work on /home/airflow/.local/lib/python3.12/site-packages/airflow/example_dags/example_branch_day_of_week_operator.py
[2025-04-11T01:53:02.266+0000] {processor.py:914} INFO - Processing file /home/airflow/.local/lib/python3.12/site-packages/airflow/example_dags/example_branch_day_of_week_operator.py for tasks to queue
[2025-04-11T01:53:02.269+0000] {logging_mixin.py:190} INFO - [2025-04-11T01:53:02.268+0000] {dagbag.py:588} INFO - Filling up the DagBag from /home/airflow/.local/lib/python3.12/site-packages/airflow/example_dags/example_branch_day_of_week_operator.py
[2025-04-11T01:53:02.282+0000] {processor.py:925} INFO - DAG(s) 'example_weekday_branch_operator' retrieved from /home/airflow/.local/lib/python3.12/site-packages/airflow/example_dags/example_branch_day_of_week_operator.py
[2025-04-11T01:53:02.315+0000] {logging_mixin.py:190} INFO - [2025-04-11T01:53:02.313+0000] {dag.py:3239} INFO - Sync 1 DAGs
[2025-04-11T01:53:02.354+0000] {logging_mixin.py:190} INFO - [2025-04-11T01:53:02.353+0000] {dag.py:4180} INFO - Setting next_dagrun for example_weekday_branch_operator to 2025-04-10 00:00:00+00:00, run_after=2025-04-11 00:00:00+00:00
[2025-04-11T01:53:02.387+0000] {processor.py:208} INFO - Processing /home/airflow/.local/lib/python3.12/site-packages/airflow/example_dags/example_branch_day_of_week_operator.py took 0.131 seconds
[2025-04-11T01:53:32.660+0000] {processor.py:186} INFO - Started process (PID=1716) to work on /home/airflow/.local/lib/python3.12/site-packages/airflow/example_dags/example_branch_day_of_week_operator.py
[2025-04-11T01:53:32.662+0000] {processor.py:914} INFO - Processing file /home/airflow/.local/lib/python3.12/site-packages/airflow/example_dags/example_branch_day_of_week_operator.py for tasks to queue
[2025-04-11T01:53:32.663+0000] {logging_mixin.py:190} INFO - [2025-04-11T01:53:32.663+0000] {dagbag.py:588} INFO - Filling up the DagBag from /home/airflow/.local/lib/python3.12/site-packages/airflow/example_dags/example_branch_day_of_week_operator.py
[2025-04-11T01:53:32.672+0000] {processor.py:925} INFO - DAG(s) 'example_weekday_branch_operator' retrieved from /home/airflow/.local/lib/python3.12/site-packages/airflow/example_dags/example_branch_day_of_week_operator.py
[2025-04-11T01:53:32.691+0000] {logging_mixin.py:190} INFO - [2025-04-11T01:53:32.691+0000] {dag.py:3239} INFO - Sync 1 DAGs
[2025-04-11T01:53:32.716+0000] {logging_mixin.py:190} INFO - [2025-04-11T01:53:32.716+0000] {dag.py:4180} INFO - Setting next_dagrun for example_weekday_branch_operator to 2025-04-10 00:00:00+00:00, run_after=2025-04-11 00:00:00+00:00
[2025-04-11T01:53:32.739+0000] {processor.py:208} INFO - Processing /home/airflow/.local/lib/python3.12/site-packages/airflow/example_dags/example_branch_day_of_week_operator.py took 0.083 seconds
[2025-04-11T01:54:03.529+0000] {processor.py:186} INFO - Started process (PID=1781) to work on /home/airflow/.local/lib/python3.12/site-packages/airflow/example_dags/example_branch_day_of_week_operator.py
[2025-04-11T01:54:03.530+0000] {processor.py:914} INFO - Processing file /home/airflow/.local/lib/python3.12/site-packages/airflow/example_dags/example_branch_day_of_week_operator.py for tasks to queue
[2025-04-11T01:54:03.532+0000] {logging_mixin.py:190} INFO - [2025-04-11T01:54:03.531+0000] {dagbag.py:588} INFO - Filling up the DagBag from /home/airflow/.local/lib/python3.12/site-packages/airflow/example_dags/example_branch_day_of_week_operator.py
[2025-04-11T01:54:03.541+0000] {processor.py:925} INFO - DAG(s) 'example_weekday_branch_operator' retrieved from /home/airflow/.local/lib/python3.12/site-packages/airflow/example_dags/example_branch_day_of_week_operator.py
[2025-04-11T01:54:03.561+0000] {logging_mixin.py:190} INFO - [2025-04-11T01:54:03.561+0000] {dag.py:3239} INFO - Sync 1 DAGs
[2025-04-11T01:54:03.584+0000] {logging_mixin.py:190} INFO - [2025-04-11T01:54:03.584+0000] {dag.py:4180} INFO - Setting next_dagrun for example_weekday_branch_operator to 2025-04-10 00:00:00+00:00, run_after=2025-04-11 00:00:00+00:00
[2025-04-11T01:54:03.607+0000] {processor.py:208} INFO - Processing /home/airflow/.local/lib/python3.12/site-packages/airflow/example_dags/example_branch_day_of_week_operator.py took 0.084 seconds
[2025-04-11T01:54:34.444+0000] {processor.py:186} INFO - Started process (PID=1846) to work on /home/airflow/.local/lib/python3.12/site-packages/airflow/example_dags/example_branch_day_of_week_operator.py
[2025-04-11T01:54:34.445+0000] {processor.py:914} INFO - Processing file /home/airflow/.local/lib/python3.12/site-packages/airflow/example_dags/example_branch_day_of_week_operator.py for tasks to queue
[2025-04-11T01:54:34.447+0000] {logging_mixin.py:190} INFO - [2025-04-11T01:54:34.446+0000] {dagbag.py:588} INFO - Filling up the DagBag from /home/airflow/.local/lib/python3.12/site-packages/airflow/example_dags/example_branch_day_of_week_operator.py
[2025-04-11T01:54:34.458+0000] {processor.py:925} INFO - DAG(s) 'example_weekday_branch_operator' retrieved from /home/airflow/.local/lib/python3.12/site-packages/airflow/example_dags/example_branch_day_of_week_operator.py
[2025-04-11T01:54:34.476+0000] {logging_mixin.py:190} INFO - [2025-04-11T01:54:34.475+0000] {dag.py:3239} INFO - Sync 1 DAGs
[2025-04-11T01:54:34.498+0000] {logging_mixin.py:190} INFO - [2025-04-11T01:54:34.498+0000] {dag.py:4180} INFO - Setting next_dagrun for example_weekday_branch_operator to 2025-04-10 00:00:00+00:00, run_after=2025-04-11 00:00:00+00:00
[2025-04-11T01:54:34.519+0000] {processor.py:208} INFO - Processing /home/airflow/.local/lib/python3.12/site-packages/airflow/example_dags/example_branch_day_of_week_operator.py took 0.081 seconds
[2025-04-11T01:55:05.312+0000] {processor.py:186} INFO - Started process (PID=1911) to work on /home/airflow/.local/lib/python3.12/site-packages/airflow/example_dags/example_branch_day_of_week_operator.py
[2025-04-11T01:55:05.313+0000] {processor.py:914} INFO - Processing file /home/airflow/.local/lib/python3.12/site-packages/airflow/example_dags/example_branch_day_of_week_operator.py for tasks to queue
[2025-04-11T01:55:05.315+0000] {logging_mixin.py:190} INFO - [2025-04-11T01:55:05.314+0000] {dagbag.py:588} INFO - Filling up the DagBag from /home/airflow/.local/lib/python3.12/site-packages/airflow/example_dags/example_branch_day_of_week_operator.py
[2025-04-11T01:55:05.324+0000] {processor.py:925} INFO - DAG(s) 'example_weekday_branch_operator' retrieved from /home/airflow/.local/lib/python3.12/site-packages/airflow/example_dags/example_branch_day_of_week_operator.py
[2025-04-11T01:55:05.343+0000] {logging_mixin.py:190} INFO - [2025-04-11T01:55:05.343+0000] {dag.py:3239} INFO - Sync 1 DAGs
[2025-04-11T01:55:05.364+0000] {logging_mixin.py:190} INFO - [2025-04-11T01:55:05.363+0000] {dag.py:4180} INFO - Setting next_dagrun for example_weekday_branch_operator to 2025-04-10 00:00:00+00:00, run_after=2025-04-11 00:00:00+00:00
[2025-04-11T01:55:05.385+0000] {processor.py:208} INFO - Processing /home/airflow/.local/lib/python3.12/site-packages/airflow/example_dags/example_branch_day_of_week_operator.py took 0.079 seconds
[2025-04-11T01:55:36.004+0000] {processor.py:186} INFO - Started process (PID=1976) to work on /home/airflow/.local/lib/python3.12/site-packages/airflow/example_dags/example_branch_day_of_week_operator.py
[2025-04-11T01:55:36.005+0000] {processor.py:914} INFO - Processing file /home/airflow/.local/lib/python3.12/site-packages/airflow/example_dags/example_branch_day_of_week_operator.py for tasks to queue
[2025-04-11T01:55:36.007+0000] {logging_mixin.py:190} INFO - [2025-04-11T01:55:36.006+0000] {dagbag.py:588} INFO - Filling up the DagBag from /home/airflow/.local/lib/python3.12/site-packages/airflow/example_dags/example_branch_day_of_week_operator.py
[2025-04-11T01:55:36.017+0000] {processor.py:925} INFO - DAG(s) 'example_weekday_branch_operator' retrieved from /home/airflow/.local/lib/python3.12/site-packages/airflow/example_dags/example_branch_day_of_week_operator.py
[2025-04-11T01:55:36.045+0000] {logging_mixin.py:190} INFO - [2025-04-11T01:55:36.044+0000] {dag.py:3239} INFO - Sync 1 DAGs
[2025-04-11T01:55:36.078+0000] {logging_mixin.py:190} INFO - [2025-04-11T01:55:36.078+0000] {dag.py:4180} INFO - Setting next_dagrun for example_weekday_branch_operator to 2025-04-10 00:00:00+00:00, run_after=2025-04-11 00:00:00+00:00
[2025-04-11T01:55:36.100+0000] {processor.py:208} INFO - Processing /home/airflow/.local/lib/python3.12/site-packages/airflow/example_dags/example_branch_day_of_week_operator.py took 0.102 seconds
[2025-04-11T01:56:07.226+0000] {processor.py:186} INFO - Started process (PID=2042) to work on /home/airflow/.local/lib/python3.12/site-packages/airflow/example_dags/example_branch_day_of_week_operator.py
[2025-04-11T01:56:07.227+0000] {processor.py:914} INFO - Processing file /home/airflow/.local/lib/python3.12/site-packages/airflow/example_dags/example_branch_day_of_week_operator.py for tasks to queue
[2025-04-11T01:56:07.228+0000] {logging_mixin.py:190} INFO - [2025-04-11T01:56:07.228+0000] {dagbag.py:588} INFO - Filling up the DagBag from /home/airflow/.local/lib/python3.12/site-packages/airflow/example_dags/example_branch_day_of_week_operator.py
[2025-04-11T01:56:07.238+0000] {processor.py:925} INFO - DAG(s) 'example_weekday_branch_operator' retrieved from /home/airflow/.local/lib/python3.12/site-packages/airflow/example_dags/example_branch_day_of_week_operator.py
[2025-04-11T01:56:07.259+0000] {logging_mixin.py:190} INFO - [2025-04-11T01:56:07.259+0000] {dag.py:3239} INFO - Sync 1 DAGs
[2025-04-11T01:56:07.281+0000] {logging_mixin.py:190} INFO - [2025-04-11T01:56:07.280+0000] {dag.py:4180} INFO - Setting next_dagrun for example_weekday_branch_operator to 2025-04-10 00:00:00+00:00, run_after=2025-04-11 00:00:00+00:00
[2025-04-11T01:56:07.302+0000] {processor.py:208} INFO - Processing /home/airflow/.local/lib/python3.12/site-packages/airflow/example_dags/example_branch_day_of_week_operator.py took 0.082 seconds
[2025-04-11T01:56:39.985+0000] {processor.py:186} INFO - Started process (PID=2107) to work on /home/airflow/.local/lib/python3.12/site-packages/airflow/example_dags/example_branch_day_of_week_operator.py
[2025-04-11T01:56:39.986+0000] {processor.py:914} INFO - Processing file /home/airflow/.local/lib/python3.12/site-packages/airflow/example_dags/example_branch_day_of_week_operator.py for tasks to queue
[2025-04-11T01:56:39.988+0000] {logging_mixin.py:190} INFO - [2025-04-11T01:56:39.987+0000] {dagbag.py:588} INFO - Filling up the DagBag from /home/airflow/.local/lib/python3.12/site-packages/airflow/example_dags/example_branch_day_of_week_operator.py
[2025-04-11T01:56:39.999+0000] {processor.py:925} INFO - DAG(s) 'example_weekday_branch_operator' retrieved from /home/airflow/.local/lib/python3.12/site-packages/airflow/example_dags/example_branch_day_of_week_operator.py
[2025-04-11T01:56:40.021+0000] {logging_mixin.py:190} INFO - [2025-04-11T01:56:40.021+0000] {dag.py:3239} INFO - Sync 1 DAGs
[2025-04-11T01:56:40.043+0000] {logging_mixin.py:190} INFO - [2025-04-11T01:56:40.043+0000] {dag.py:4180} INFO - Setting next_dagrun for example_weekday_branch_operator to 2025-04-10 00:00:00+00:00, run_after=2025-04-11 00:00:00+00:00
[2025-04-11T01:56:40.233+0000] {processor.py:208} INFO - Processing /home/airflow/.local/lib/python3.12/site-packages/airflow/example_dags/example_branch_day_of_week_operator.py took 0.252 seconds
[2025-04-11T01:57:10.463+0000] {processor.py:186} INFO - Started process (PID=2172) to work on /home/airflow/.local/lib/python3.12/site-packages/airflow/example_dags/example_branch_day_of_week_operator.py
[2025-04-11T01:57:10.465+0000] {processor.py:914} INFO - Processing file /home/airflow/.local/lib/python3.12/site-packages/airflow/example_dags/example_branch_day_of_week_operator.py for tasks to queue
[2025-04-11T01:57:10.468+0000] {logging_mixin.py:190} INFO - [2025-04-11T01:57:10.468+0000] {dagbag.py:588} INFO - Filling up the DagBag from /home/airflow/.local/lib/python3.12/site-packages/airflow/example_dags/example_branch_day_of_week_operator.py
[2025-04-11T01:57:10.485+0000] {processor.py:925} INFO - DAG(s) 'example_weekday_branch_operator' retrieved from /home/airflow/.local/lib/python3.12/site-packages/airflow/example_dags/example_branch_day_of_week_operator.py
[2025-04-11T01:57:10.520+0000] {logging_mixin.py:190} INFO - [2025-04-11T01:57:10.520+0000] {dag.py:3239} INFO - Sync 1 DAGs
[2025-04-11T01:57:10.564+0000] {logging_mixin.py:190} INFO - [2025-04-11T01:57:10.564+0000] {dag.py:4180} INFO - Setting next_dagrun for example_weekday_branch_operator to 2025-04-10 00:00:00+00:00, run_after=2025-04-11 00:00:00+00:00
[2025-04-11T01:57:10.611+0000] {processor.py:208} INFO - Processing /home/airflow/.local/lib/python3.12/site-packages/airflow/example_dags/example_branch_day_of_week_operator.py took 0.159 seconds
[2025-04-11T01:57:41.008+0000] {processor.py:186} INFO - Started process (PID=2237) to work on /home/airflow/.local/lib/python3.12/site-packages/airflow/example_dags/example_branch_day_of_week_operator.py
[2025-04-11T01:57:41.009+0000] {processor.py:914} INFO - Processing file /home/airflow/.local/lib/python3.12/site-packages/airflow/example_dags/example_branch_day_of_week_operator.py for tasks to queue
[2025-04-11T01:57:41.010+0000] {logging_mixin.py:190} INFO - [2025-04-11T01:57:41.010+0000] {dagbag.py:588} INFO - Filling up the DagBag from /home/airflow/.local/lib/python3.12/site-packages/airflow/example_dags/example_branch_day_of_week_operator.py
[2025-04-11T01:57:41.020+0000] {processor.py:925} INFO - DAG(s) 'example_weekday_branch_operator' retrieved from /home/airflow/.local/lib/python3.12/site-packages/airflow/example_dags/example_branch_day_of_week_operator.py
[2025-04-11T01:57:41.042+0000] {logging_mixin.py:190} INFO - [2025-04-11T01:57:41.042+0000] {dag.py:3239} INFO - Sync 1 DAGs
[2025-04-11T01:57:41.068+0000] {logging_mixin.py:190} INFO - [2025-04-11T01:57:41.068+0000] {dag.py:4180} INFO - Setting next_dagrun for example_weekday_branch_operator to 2025-04-10 00:00:00+00:00, run_after=2025-04-11 00:00:00+00:00
[2025-04-11T01:57:41.091+0000] {processor.py:208} INFO - Processing /home/airflow/.local/lib/python3.12/site-packages/airflow/example_dags/example_branch_day_of_week_operator.py took 0.089 seconds
[2025-04-11T01:58:11.608+0000] {processor.py:186} INFO - Started process (PID=2302) to work on /home/airflow/.local/lib/python3.12/site-packages/airflow/example_dags/example_branch_day_of_week_operator.py
[2025-04-11T01:58:11.610+0000] {processor.py:914} INFO - Processing file /home/airflow/.local/lib/python3.12/site-packages/airflow/example_dags/example_branch_day_of_week_operator.py for tasks to queue
[2025-04-11T01:58:11.613+0000] {logging_mixin.py:190} INFO - [2025-04-11T01:58:11.612+0000] {dagbag.py:588} INFO - Filling up the DagBag from /home/airflow/.local/lib/python3.12/site-packages/airflow/example_dags/example_branch_day_of_week_operator.py
[2025-04-11T01:58:11.628+0000] {processor.py:925} INFO - DAG(s) 'example_weekday_branch_operator' retrieved from /home/airflow/.local/lib/python3.12/site-packages/airflow/example_dags/example_branch_day_of_week_operator.py
[2025-04-11T01:58:11.658+0000] {logging_mixin.py:190} INFO - [2025-04-11T01:58:11.658+0000] {dag.py:3239} INFO - Sync 1 DAGs
[2025-04-11T01:58:11.688+0000] {logging_mixin.py:190} INFO - [2025-04-11T01:58:11.688+0000] {dag.py:4180} INFO - Setting next_dagrun for example_weekday_branch_operator to 2025-04-10 00:00:00+00:00, run_after=2025-04-11 00:00:00+00:00
[2025-04-11T01:58:11.713+0000] {processor.py:208} INFO - Processing /home/airflow/.local/lib/python3.12/site-packages/airflow/example_dags/example_branch_day_of_week_operator.py took 0.116 seconds
[2025-04-11T01:58:42.990+0000] {processor.py:186} INFO - Started process (PID=2367) to work on /home/airflow/.local/lib/python3.12/site-packages/airflow/example_dags/example_branch_day_of_week_operator.py
[2025-04-11T01:58:42.993+0000] {processor.py:914} INFO - Processing file /home/airflow/.local/lib/python3.12/site-packages/airflow/example_dags/example_branch_day_of_week_operator.py for tasks to queue
[2025-04-11T01:58:42.997+0000] {logging_mixin.py:190} INFO - [2025-04-11T01:58:42.996+0000] {dagbag.py:588} INFO - Filling up the DagBag from /home/airflow/.local/lib/python3.12/site-packages/airflow/example_dags/example_branch_day_of_week_operator.py
[2025-04-11T01:58:43.034+0000] {processor.py:925} INFO - DAG(s) 'example_weekday_branch_operator' retrieved from /home/airflow/.local/lib/python3.12/site-packages/airflow/example_dags/example_branch_day_of_week_operator.py
[2025-04-11T01:58:43.085+0000] {logging_mixin.py:190} INFO - [2025-04-11T01:58:43.084+0000] {dag.py:3239} INFO - Sync 1 DAGs
[2025-04-11T01:58:43.141+0000] {logging_mixin.py:190} INFO - [2025-04-11T01:58:43.140+0000] {dag.py:4180} INFO - Setting next_dagrun for example_weekday_branch_operator to 2025-04-10 00:00:00+00:00, run_after=2025-04-11 00:00:00+00:00
[2025-04-11T01:58:43.192+0000] {processor.py:208} INFO - Processing /home/airflow/.local/lib/python3.12/site-packages/airflow/example_dags/example_branch_day_of_week_operator.py took 0.218 seconds
[2025-04-11T01:59:14.208+0000] {processor.py:186} INFO - Started process (PID=2433) to work on /home/airflow/.local/lib/python3.12/site-packages/airflow/example_dags/example_branch_day_of_week_operator.py
[2025-04-11T01:59:14.210+0000] {processor.py:914} INFO - Processing file /home/airflow/.local/lib/python3.12/site-packages/airflow/example_dags/example_branch_day_of_week_operator.py for tasks to queue
[2025-04-11T01:59:14.211+0000] {logging_mixin.py:190} INFO - [2025-04-11T01:59:14.211+0000] {dagbag.py:588} INFO - Filling up the DagBag from /home/airflow/.local/lib/python3.12/site-packages/airflow/example_dags/example_branch_day_of_week_operator.py
[2025-04-11T01:59:14.222+0000] {processor.py:925} INFO - DAG(s) 'example_weekday_branch_operator' retrieved from /home/airflow/.local/lib/python3.12/site-packages/airflow/example_dags/example_branch_day_of_week_operator.py
[2025-04-11T01:59:14.248+0000] {logging_mixin.py:190} INFO - [2025-04-11T01:59:14.247+0000] {dag.py:3239} INFO - Sync 1 DAGs
[2025-04-11T01:59:14.272+0000] {logging_mixin.py:190} INFO - [2025-04-11T01:59:14.271+0000] {dag.py:4180} INFO - Setting next_dagrun for example_weekday_branch_operator to 2025-04-10 00:00:00+00:00, run_after=2025-04-11 00:00:00+00:00
[2025-04-11T01:59:14.295+0000] {processor.py:208} INFO - Processing /home/airflow/.local/lib/python3.12/site-packages/airflow/example_dags/example_branch_day_of_week_operator.py took 0.092 seconds
[2025-04-11T01:59:47.371+0000] {processor.py:186} INFO - Started process (PID=2498) to work on /home/airflow/.local/lib/python3.12/site-packages/airflow/example_dags/example_branch_day_of_week_operator.py
[2025-04-11T01:59:47.374+0000] {processor.py:914} INFO - Processing file /home/airflow/.local/lib/python3.12/site-packages/airflow/example_dags/example_branch_day_of_week_operator.py for tasks to queue
[2025-04-11T01:59:47.378+0000] {logging_mixin.py:190} INFO - [2025-04-11T01:59:47.377+0000] {dagbag.py:588} INFO - Filling up the DagBag from /home/airflow/.local/lib/python3.12/site-packages/airflow/example_dags/example_branch_day_of_week_operator.py
[2025-04-11T01:59:47.413+0000] {processor.py:925} INFO - DAG(s) 'example_weekday_branch_operator' retrieved from /home/airflow/.local/lib/python3.12/site-packages/airflow/example_dags/example_branch_day_of_week_operator.py
[2025-04-11T01:59:47.469+0000] {logging_mixin.py:190} INFO - [2025-04-11T01:59:47.469+0000] {dag.py:3239} INFO - Sync 1 DAGs
[2025-04-11T01:59:47.557+0000] {logging_mixin.py:190} INFO - [2025-04-11T01:59:47.556+0000] {dag.py:4180} INFO - Setting next_dagrun for example_weekday_branch_operator to 2025-04-10 00:00:00+00:00, run_after=2025-04-11 00:00:00+00:00
[2025-04-11T01:59:47.616+0000] {processor.py:208} INFO - Processing /home/airflow/.local/lib/python3.12/site-packages/airflow/example_dags/example_branch_day_of_week_operator.py took 0.263 seconds
[2025-04-11T02:00:19.803+0000] {processor.py:186} INFO - Started process (PID=2563) to work on /home/airflow/.local/lib/python3.12/site-packages/airflow/example_dags/example_branch_day_of_week_operator.py
[2025-04-11T02:00:19.806+0000] {processor.py:914} INFO - Processing file /home/airflow/.local/lib/python3.12/site-packages/airflow/example_dags/example_branch_day_of_week_operator.py for tasks to queue
[2025-04-11T02:00:19.812+0000] {logging_mixin.py:190} INFO - [2025-04-11T02:00:19.811+0000] {dagbag.py:588} INFO - Filling up the DagBag from /home/airflow/.local/lib/python3.12/site-packages/airflow/example_dags/example_branch_day_of_week_operator.py
[2025-04-11T02:00:19.845+0000] {processor.py:925} INFO - DAG(s) 'example_weekday_branch_operator' retrieved from /home/airflow/.local/lib/python3.12/site-packages/airflow/example_dags/example_branch_day_of_week_operator.py
[2025-04-11T02:00:19.900+0000] {logging_mixin.py:190} INFO - [2025-04-11T02:00:19.900+0000] {dag.py:3239} INFO - Sync 1 DAGs
[2025-04-11T02:00:19.986+0000] {logging_mixin.py:190} INFO - [2025-04-11T02:00:19.985+0000] {dag.py:4180} INFO - Setting next_dagrun for example_weekday_branch_operator to 2025-04-10 00:00:00+00:00, run_after=2025-04-11 00:00:00+00:00
[2025-04-11T02:00:20.044+0000] {processor.py:208} INFO - Processing /home/airflow/.local/lib/python3.12/site-packages/airflow/example_dags/example_branch_day_of_week_operator.py took 0.261 seconds
[2025-04-11T02:00:52.242+0000] {processor.py:186} INFO - Started process (PID=2629) to work on /home/airflow/.local/lib/python3.12/site-packages/airflow/example_dags/example_branch_day_of_week_operator.py
[2025-04-11T02:00:52.246+0000] {processor.py:914} INFO - Processing file /home/airflow/.local/lib/python3.12/site-packages/airflow/example_dags/example_branch_day_of_week_operator.py for tasks to queue
[2025-04-11T02:00:52.250+0000] {logging_mixin.py:190} INFO - [2025-04-11T02:00:52.248+0000] {dagbag.py:588} INFO - Filling up the DagBag from /home/airflow/.local/lib/python3.12/site-packages/airflow/example_dags/example_branch_day_of_week_operator.py
[2025-04-11T02:00:52.279+0000] {processor.py:925} INFO - DAG(s) 'example_weekday_branch_operator' retrieved from /home/airflow/.local/lib/python3.12/site-packages/airflow/example_dags/example_branch_day_of_week_operator.py
[2025-04-11T02:00:52.334+0000] {logging_mixin.py:190} INFO - [2025-04-11T02:00:52.334+0000] {dag.py:3239} INFO - Sync 1 DAGs
[2025-04-11T02:00:52.408+0000] {logging_mixin.py:190} INFO - [2025-04-11T02:00:52.408+0000] {dag.py:4180} INFO - Setting next_dagrun for example_weekday_branch_operator to 2025-04-10 00:00:00+00:00, run_after=2025-04-11 00:00:00+00:00
[2025-04-11T02:00:52.466+0000] {processor.py:208} INFO - Processing /home/airflow/.local/lib/python3.12/site-packages/airflow/example_dags/example_branch_day_of_week_operator.py took 0.246 seconds
[2025-04-11T02:01:24.617+0000] {processor.py:186} INFO - Started process (PID=2694) to work on /home/airflow/.local/lib/python3.12/site-packages/airflow/example_dags/example_branch_day_of_week_operator.py
[2025-04-11T02:01:24.620+0000] {processor.py:914} INFO - Processing file /home/airflow/.local/lib/python3.12/site-packages/airflow/example_dags/example_branch_day_of_week_operator.py for tasks to queue
[2025-04-11T02:01:24.623+0000] {logging_mixin.py:190} INFO - [2025-04-11T02:01:24.622+0000] {dagbag.py:588} INFO - Filling up the DagBag from /home/airflow/.local/lib/python3.12/site-packages/airflow/example_dags/example_branch_day_of_week_operator.py
[2025-04-11T02:01:24.654+0000] {processor.py:925} INFO - DAG(s) 'example_weekday_branch_operator' retrieved from /home/airflow/.local/lib/python3.12/site-packages/airflow/example_dags/example_branch_day_of_week_operator.py
[2025-04-11T02:01:24.731+0000] {logging_mixin.py:190} INFO - [2025-04-11T02:01:24.730+0000] {dag.py:3239} INFO - Sync 1 DAGs
[2025-04-11T02:01:24.850+0000] {logging_mixin.py:190} INFO - [2025-04-11T02:01:24.849+0000] {dag.py:4180} INFO - Setting next_dagrun for example_weekday_branch_operator to 2025-04-10 00:00:00+00:00, run_after=2025-04-11 00:00:00+00:00
[2025-04-11T02:01:24.904+0000] {processor.py:208} INFO - Processing /home/airflow/.local/lib/python3.12/site-packages/airflow/example_dags/example_branch_day_of_week_operator.py took 0.305 seconds
[2025-04-11T02:01:56.607+0000] {processor.py:186} INFO - Started process (PID=2759) to work on /home/airflow/.local/lib/python3.12/site-packages/airflow/example_dags/example_branch_day_of_week_operator.py
[2025-04-11T02:01:56.609+0000] {processor.py:914} INFO - Processing file /home/airflow/.local/lib/python3.12/site-packages/airflow/example_dags/example_branch_day_of_week_operator.py for tasks to queue
[2025-04-11T02:01:56.613+0000] {logging_mixin.py:190} INFO - [2025-04-11T02:01:56.612+0000] {dagbag.py:588} INFO - Filling up the DagBag from /home/airflow/.local/lib/python3.12/site-packages/airflow/example_dags/example_branch_day_of_week_operator.py
[2025-04-11T02:01:56.647+0000] {processor.py:925} INFO - DAG(s) 'example_weekday_branch_operator' retrieved from /home/airflow/.local/lib/python3.12/site-packages/airflow/example_dags/example_branch_day_of_week_operator.py
[2025-04-11T02:01:56.695+0000] {logging_mixin.py:190} INFO - [2025-04-11T02:01:56.695+0000] {dag.py:3239} INFO - Sync 1 DAGs
[2025-04-11T02:01:56.781+0000] {logging_mixin.py:190} INFO - [2025-04-11T02:01:56.780+0000] {dag.py:4180} INFO - Setting next_dagrun for example_weekday_branch_operator to 2025-04-10 00:00:00+00:00, run_after=2025-04-11 00:00:00+00:00
[2025-04-11T02:01:56.839+0000] {processor.py:208} INFO - Processing /home/airflow/.local/lib/python3.12/site-packages/airflow/example_dags/example_branch_day_of_week_operator.py took 0.251 seconds
[2025-04-11T02:02:27.539+0000] {processor.py:186} INFO - Started process (PID=2824) to work on /home/airflow/.local/lib/python3.12/site-packages/airflow/example_dags/example_branch_day_of_week_operator.py
[2025-04-11T02:02:27.541+0000] {processor.py:914} INFO - Processing file /home/airflow/.local/lib/python3.12/site-packages/airflow/example_dags/example_branch_day_of_week_operator.py for tasks to queue
[2025-04-11T02:02:27.543+0000] {logging_mixin.py:190} INFO - [2025-04-11T02:02:27.542+0000] {dagbag.py:588} INFO - Filling up the DagBag from /home/airflow/.local/lib/python3.12/site-packages/airflow/example_dags/example_branch_day_of_week_operator.py
[2025-04-11T02:02:27.554+0000] {processor.py:925} INFO - DAG(s) 'example_weekday_branch_operator' retrieved from /home/airflow/.local/lib/python3.12/site-packages/airflow/example_dags/example_branch_day_of_week_operator.py
[2025-04-11T02:02:27.595+0000] {logging_mixin.py:190} INFO - [2025-04-11T02:02:27.594+0000] {dag.py:3239} INFO - Sync 1 DAGs
[2025-04-11T02:02:27.647+0000] {logging_mixin.py:190} INFO - [2025-04-11T02:02:27.647+0000] {dag.py:4180} INFO - Setting next_dagrun for example_weekday_branch_operator to 2025-04-10 00:00:00+00:00, run_after=2025-04-11 00:00:00+00:00
[2025-04-11T02:02:27.685+0000] {processor.py:208} INFO - Processing /home/airflow/.local/lib/python3.12/site-packages/airflow/example_dags/example_branch_day_of_week_operator.py took 0.155 seconds
[2025-04-11T02:02:58.570+0000] {processor.py:186} INFO - Started process (PID=2894) to work on /home/airflow/.local/lib/python3.12/site-packages/airflow/example_dags/example_branch_day_of_week_operator.py
[2025-04-11T02:02:58.574+0000] {processor.py:914} INFO - Processing file /home/airflow/.local/lib/python3.12/site-packages/airflow/example_dags/example_branch_day_of_week_operator.py for tasks to queue
[2025-04-11T02:02:58.577+0000] {logging_mixin.py:190} INFO - [2025-04-11T02:02:58.576+0000] {dagbag.py:588} INFO - Filling up the DagBag from /home/airflow/.local/lib/python3.12/site-packages/airflow/example_dags/example_branch_day_of_week_operator.py
[2025-04-11T02:02:58.603+0000] {processor.py:925} INFO - DAG(s) 'example_weekday_branch_operator' retrieved from /home/airflow/.local/lib/python3.12/site-packages/airflow/example_dags/example_branch_day_of_week_operator.py
[2025-04-11T02:02:58.654+0000] {logging_mixin.py:190} INFO - [2025-04-11T02:02:58.653+0000] {dag.py:3239} INFO - Sync 1 DAGs
[2025-04-11T02:02:58.729+0000] {logging_mixin.py:190} INFO - [2025-04-11T02:02:58.729+0000] {dag.py:4180} INFO - Setting next_dagrun for example_weekday_branch_operator to 2025-04-10 00:00:00+00:00, run_after=2025-04-11 00:00:00+00:00
[2025-04-11T02:02:58.777+0000] {processor.py:208} INFO - Processing /home/airflow/.local/lib/python3.12/site-packages/airflow/example_dags/example_branch_day_of_week_operator.py took 0.219 seconds
[2025-04-11T02:03:28.827+0000] {processor.py:186} INFO - Started process (PID=2958) to work on /home/airflow/.local/lib/python3.12/site-packages/airflow/example_dags/example_branch_day_of_week_operator.py
[2025-04-11T02:03:28.829+0000] {processor.py:914} INFO - Processing file /home/airflow/.local/lib/python3.12/site-packages/airflow/example_dags/example_branch_day_of_week_operator.py for tasks to queue
[2025-04-11T02:03:28.830+0000] {logging_mixin.py:190} INFO - [2025-04-11T02:03:28.830+0000] {dagbag.py:588} INFO - Filling up the DagBag from /home/airflow/.local/lib/python3.12/site-packages/airflow/example_dags/example_branch_day_of_week_operator.py
[2025-04-11T02:03:28.839+0000] {processor.py:925} INFO - DAG(s) 'example_weekday_branch_operator' retrieved from /home/airflow/.local/lib/python3.12/site-packages/airflow/example_dags/example_branch_day_of_week_operator.py
[2025-04-11T02:03:28.859+0000] {logging_mixin.py:190} INFO - [2025-04-11T02:03:28.859+0000] {dag.py:3239} INFO - Sync 1 DAGs
[2025-04-11T02:03:28.878+0000] {logging_mixin.py:190} INFO - [2025-04-11T02:03:28.878+0000] {dag.py:4180} INFO - Setting next_dagrun for example_weekday_branch_operator to 2025-04-10 00:00:00+00:00, run_after=2025-04-11 00:00:00+00:00
[2025-04-11T02:03:28.897+0000] {processor.py:208} INFO - Processing /home/airflow/.local/lib/python3.12/site-packages/airflow/example_dags/example_branch_day_of_week_operator.py took 0.075 seconds
[2025-04-11T02:03:59.247+0000] {processor.py:186} INFO - Started process (PID=3023) to work on /home/airflow/.local/lib/python3.12/site-packages/airflow/example_dags/example_branch_day_of_week_operator.py
[2025-04-11T02:03:59.248+0000] {processor.py:914} INFO - Processing file /home/airflow/.local/lib/python3.12/site-packages/airflow/example_dags/example_branch_day_of_week_operator.py for tasks to queue
[2025-04-11T02:03:59.249+0000] {logging_mixin.py:190} INFO - [2025-04-11T02:03:59.249+0000] {dagbag.py:588} INFO - Filling up the DagBag from /home/airflow/.local/lib/python3.12/site-packages/airflow/example_dags/example_branch_day_of_week_operator.py
[2025-04-11T02:03:59.257+0000] {processor.py:925} INFO - DAG(s) 'example_weekday_branch_operator' retrieved from /home/airflow/.local/lib/python3.12/site-packages/airflow/example_dags/example_branch_day_of_week_operator.py
[2025-04-11T02:03:59.276+0000] {logging_mixin.py:190} INFO - [2025-04-11T02:03:59.276+0000] {dag.py:3239} INFO - Sync 1 DAGs
[2025-04-11T02:03:59.296+0000] {logging_mixin.py:190} INFO - [2025-04-11T02:03:59.296+0000] {dag.py:4180} INFO - Setting next_dagrun for example_weekday_branch_operator to 2025-04-10 00:00:00+00:00, run_after=2025-04-11 00:00:00+00:00
[2025-04-11T02:03:59.318+0000] {processor.py:208} INFO - Processing /home/airflow/.local/lib/python3.12/site-packages/airflow/example_dags/example_branch_day_of_week_operator.py took 0.075 seconds
[2025-04-11T02:04:29.877+0000] {processor.py:186} INFO - Started process (PID=3089) to work on /home/airflow/.local/lib/python3.12/site-packages/airflow/example_dags/example_branch_day_of_week_operator.py
[2025-04-11T02:04:29.878+0000] {processor.py:914} INFO - Processing file /home/airflow/.local/lib/python3.12/site-packages/airflow/example_dags/example_branch_day_of_week_operator.py for tasks to queue
[2025-04-11T02:04:29.879+0000] {logging_mixin.py:190} INFO - [2025-04-11T02:04:29.879+0000] {dagbag.py:588} INFO - Filling up the DagBag from /home/airflow/.local/lib/python3.12/site-packages/airflow/example_dags/example_branch_day_of_week_operator.py
[2025-04-11T02:04:29.887+0000] {processor.py:925} INFO - DAG(s) 'example_weekday_branch_operator' retrieved from /home/airflow/.local/lib/python3.12/site-packages/airflow/example_dags/example_branch_day_of_week_operator.py
[2025-04-11T02:04:29.906+0000] {logging_mixin.py:190} INFO - [2025-04-11T02:04:29.906+0000] {dag.py:3239} INFO - Sync 1 DAGs
[2025-04-11T02:04:29.925+0000] {logging_mixin.py:190} INFO - [2025-04-11T02:04:29.925+0000] {dag.py:4180} INFO - Setting next_dagrun for example_weekday_branch_operator to 2025-04-10 00:00:00+00:00, run_after=2025-04-11 00:00:00+00:00
[2025-04-11T02:04:29.943+0000] {processor.py:208} INFO - Processing /home/airflow/.local/lib/python3.12/site-packages/airflow/example_dags/example_branch_day_of_week_operator.py took 0.071 seconds
[2025-04-11T02:05:00.474+0000] {processor.py:186} INFO - Started process (PID=3154) to work on /home/airflow/.local/lib/python3.12/site-packages/airflow/example_dags/example_branch_day_of_week_operator.py
[2025-04-11T02:05:00.477+0000] {processor.py:914} INFO - Processing file /home/airflow/.local/lib/python3.12/site-packages/airflow/example_dags/example_branch_day_of_week_operator.py for tasks to queue
[2025-04-11T02:05:00.480+0000] {logging_mixin.py:190} INFO - [2025-04-11T02:05:00.480+0000] {dagbag.py:588} INFO - Filling up the DagBag from /home/airflow/.local/lib/python3.12/site-packages/airflow/example_dags/example_branch_day_of_week_operator.py
[2025-04-11T02:05:00.510+0000] {processor.py:925} INFO - DAG(s) 'example_weekday_branch_operator' retrieved from /home/airflow/.local/lib/python3.12/site-packages/airflow/example_dags/example_branch_day_of_week_operator.py
[2025-04-11T02:05:00.549+0000] {logging_mixin.py:190} INFO - [2025-04-11T02:05:00.549+0000] {dag.py:3239} INFO - Sync 1 DAGs
[2025-04-11T02:05:00.605+0000] {logging_mixin.py:190} INFO - [2025-04-11T02:05:00.604+0000] {dag.py:4180} INFO - Setting next_dagrun for example_weekday_branch_operator to 2025-04-10 00:00:00+00:00, run_after=2025-04-11 00:00:00+00:00
[2025-04-11T02:05:00.635+0000] {processor.py:208} INFO - Processing /home/airflow/.local/lib/python3.12/site-packages/airflow/example_dags/example_branch_day_of_week_operator.py took 0.181 seconds
[2025-04-11T02:05:30.982+0000] {processor.py:186} INFO - Started process (PID=3218) to work on /home/airflow/.local/lib/python3.12/site-packages/airflow/example_dags/example_branch_day_of_week_operator.py
[2025-04-11T02:05:30.983+0000] {processor.py:914} INFO - Processing file /home/airflow/.local/lib/python3.12/site-packages/airflow/example_dags/example_branch_day_of_week_operator.py for tasks to queue
[2025-04-11T02:05:30.984+0000] {logging_mixin.py:190} INFO - [2025-04-11T02:05:30.984+0000] {dagbag.py:588} INFO - Filling up the DagBag from /home/airflow/.local/lib/python3.12/site-packages/airflow/example_dags/example_branch_day_of_week_operator.py
[2025-04-11T02:05:30.993+0000] {processor.py:925} INFO - DAG(s) 'example_weekday_branch_operator' retrieved from /home/airflow/.local/lib/python3.12/site-packages/airflow/example_dags/example_branch_day_of_week_operator.py
[2025-04-11T02:05:31.015+0000] {logging_mixin.py:190} INFO - [2025-04-11T02:05:31.015+0000] {dag.py:3239} INFO - Sync 1 DAGs
[2025-04-11T02:05:31.038+0000] {logging_mixin.py:190} INFO - [2025-04-11T02:05:31.038+0000] {dag.py:4180} INFO - Setting next_dagrun for example_weekday_branch_operator to 2025-04-10 00:00:00+00:00, run_after=2025-04-11 00:00:00+00:00
[2025-04-11T02:05:31.056+0000] {processor.py:208} INFO - Processing /home/airflow/.local/lib/python3.12/site-packages/airflow/example_dags/example_branch_day_of_week_operator.py took 0.080 seconds
[2025-04-11T02:06:01.495+0000] {processor.py:186} INFO - Started process (PID=3283) to work on /home/airflow/.local/lib/python3.12/site-packages/airflow/example_dags/example_branch_day_of_week_operator.py
[2025-04-11T02:06:01.498+0000] {processor.py:914} INFO - Processing file /home/airflow/.local/lib/python3.12/site-packages/airflow/example_dags/example_branch_day_of_week_operator.py for tasks to queue
[2025-04-11T02:06:01.503+0000] {logging_mixin.py:190} INFO - [2025-04-11T02:06:01.502+0000] {dagbag.py:588} INFO - Filling up the DagBag from /home/airflow/.local/lib/python3.12/site-packages/airflow/example_dags/example_branch_day_of_week_operator.py
[2025-04-11T02:06:01.534+0000] {processor.py:925} INFO - DAG(s) 'example_weekday_branch_operator' retrieved from /home/airflow/.local/lib/python3.12/site-packages/airflow/example_dags/example_branch_day_of_week_operator.py
[2025-04-11T02:06:01.605+0000] {logging_mixin.py:190} INFO - [2025-04-11T02:06:01.604+0000] {dag.py:3239} INFO - Sync 1 DAGs
[2025-04-11T02:06:01.677+0000] {logging_mixin.py:190} INFO - [2025-04-11T02:06:01.676+0000] {dag.py:4180} INFO - Setting next_dagrun for example_weekday_branch_operator to 2025-04-10 00:00:00+00:00, run_after=2025-04-11 00:00:00+00:00
[2025-04-11T02:06:01.729+0000] {processor.py:208} INFO - Processing /home/airflow/.local/lib/python3.12/site-packages/airflow/example_dags/example_branch_day_of_week_operator.py took 0.248 seconds
[2025-04-11T02:06:31.828+0000] {processor.py:186} INFO - Started process (PID=3348) to work on /home/airflow/.local/lib/python3.12/site-packages/airflow/example_dags/example_branch_day_of_week_operator.py
[2025-04-11T02:06:31.829+0000] {processor.py:914} INFO - Processing file /home/airflow/.local/lib/python3.12/site-packages/airflow/example_dags/example_branch_day_of_week_operator.py for tasks to queue
[2025-04-11T02:06:31.830+0000] {logging_mixin.py:190} INFO - [2025-04-11T02:06:31.830+0000] {dagbag.py:588} INFO - Filling up the DagBag from /home/airflow/.local/lib/python3.12/site-packages/airflow/example_dags/example_branch_day_of_week_operator.py
[2025-04-11T02:06:31.838+0000] {processor.py:925} INFO - DAG(s) 'example_weekday_branch_operator' retrieved from /home/airflow/.local/lib/python3.12/site-packages/airflow/example_dags/example_branch_day_of_week_operator.py
[2025-04-11T02:06:31.859+0000] {logging_mixin.py:190} INFO - [2025-04-11T02:06:31.858+0000] {dag.py:3239} INFO - Sync 1 DAGs
[2025-04-11T02:06:31.880+0000] {logging_mixin.py:190} INFO - [2025-04-11T02:06:31.879+0000] {dag.py:4180} INFO - Setting next_dagrun for example_weekday_branch_operator to 2025-04-10 00:00:00+00:00, run_after=2025-04-11 00:00:00+00:00
[2025-04-11T02:06:31.901+0000] {processor.py:208} INFO - Processing /home/airflow/.local/lib/python3.12/site-packages/airflow/example_dags/example_branch_day_of_week_operator.py took 0.080 seconds
[2025-04-11T02:07:02.314+0000] {processor.py:186} INFO - Started process (PID=3413) to work on /home/airflow/.local/lib/python3.12/site-packages/airflow/example_dags/example_branch_day_of_week_operator.py
[2025-04-11T02:07:02.315+0000] {processor.py:914} INFO - Processing file /home/airflow/.local/lib/python3.12/site-packages/airflow/example_dags/example_branch_day_of_week_operator.py for tasks to queue
[2025-04-11T02:07:02.317+0000] {logging_mixin.py:190} INFO - [2025-04-11T02:07:02.316+0000] {dagbag.py:588} INFO - Filling up the DagBag from /home/airflow/.local/lib/python3.12/site-packages/airflow/example_dags/example_branch_day_of_week_operator.py
[2025-04-11T02:07:02.325+0000] {processor.py:925} INFO - DAG(s) 'example_weekday_branch_operator' retrieved from /home/airflow/.local/lib/python3.12/site-packages/airflow/example_dags/example_branch_day_of_week_operator.py
[2025-04-11T02:07:02.344+0000] {logging_mixin.py:190} INFO - [2025-04-11T02:07:02.344+0000] {dag.py:3239} INFO - Sync 1 DAGs
[2025-04-11T02:07:02.363+0000] {logging_mixin.py:190} INFO - [2025-04-11T02:07:02.363+0000] {dag.py:4180} INFO - Setting next_dagrun for example_weekday_branch_operator to 2025-04-10 00:00:00+00:00, run_after=2025-04-11 00:00:00+00:00
[2025-04-11T02:07:02.383+0000] {processor.py:208} INFO - Processing /home/airflow/.local/lib/python3.12/site-packages/airflow/example_dags/example_branch_day_of_week_operator.py took 0.074 seconds
[2025-04-11T02:07:33.977+0000] {processor.py:186} INFO - Started process (PID=3478) to work on /home/airflow/.local/lib/python3.12/site-packages/airflow/example_dags/example_branch_day_of_week_operator.py
[2025-04-11T02:07:33.979+0000] {processor.py:914} INFO - Processing file /home/airflow/.local/lib/python3.12/site-packages/airflow/example_dags/example_branch_day_of_week_operator.py for tasks to queue
[2025-04-11T02:07:33.981+0000] {logging_mixin.py:190} INFO - [2025-04-11T02:07:33.981+0000] {dagbag.py:588} INFO - Filling up the DagBag from /home/airflow/.local/lib/python3.12/site-packages/airflow/example_dags/example_branch_day_of_week_operator.py
[2025-04-11T02:07:33.996+0000] {processor.py:925} INFO - DAG(s) 'example_weekday_branch_operator' retrieved from /home/airflow/.local/lib/python3.12/site-packages/airflow/example_dags/example_branch_day_of_week_operator.py
[2025-04-11T02:07:34.028+0000] {logging_mixin.py:190} INFO - [2025-04-11T02:07:34.028+0000] {dag.py:3239} INFO - Sync 1 DAGs
[2025-04-11T02:07:34.060+0000] {logging_mixin.py:190} INFO - [2025-04-11T02:07:34.059+0000] {dag.py:4180} INFO - Setting next_dagrun for example_weekday_branch_operator to 2025-04-10 00:00:00+00:00, run_after=2025-04-11 00:00:00+00:00
[2025-04-11T02:07:34.084+0000] {processor.py:208} INFO - Processing /home/airflow/.local/lib/python3.12/site-packages/airflow/example_dags/example_branch_day_of_week_operator.py took 0.118 seconds
[2025-04-11T02:08:06.288+0000] {processor.py:186} INFO - Started process (PID=3543) to work on /home/airflow/.local/lib/python3.12/site-packages/airflow/example_dags/example_branch_day_of_week_operator.py
[2025-04-11T02:08:06.291+0000] {processor.py:914} INFO - Processing file /home/airflow/.local/lib/python3.12/site-packages/airflow/example_dags/example_branch_day_of_week_operator.py for tasks to queue
[2025-04-11T02:08:06.295+0000] {logging_mixin.py:190} INFO - [2025-04-11T02:08:06.294+0000] {dagbag.py:588} INFO - Filling up the DagBag from /home/airflow/.local/lib/python3.12/site-packages/airflow/example_dags/example_branch_day_of_week_operator.py
[2025-04-11T02:08:06.330+0000] {processor.py:925} INFO - DAG(s) 'example_weekday_branch_operator' retrieved from /home/airflow/.local/lib/python3.12/site-packages/airflow/example_dags/example_branch_day_of_week_operator.py
[2025-04-11T02:08:06.387+0000] {logging_mixin.py:190} INFO - [2025-04-11T02:08:06.387+0000] {dag.py:3239} INFO - Sync 1 DAGs
[2025-04-11T02:08:06.461+0000] {logging_mixin.py:190} INFO - [2025-04-11T02:08:06.460+0000] {dag.py:4180} INFO - Setting next_dagrun for example_weekday_branch_operator to 2025-04-10 00:00:00+00:00, run_after=2025-04-11 00:00:00+00:00
[2025-04-11T02:08:06.519+0000] {processor.py:208} INFO - Processing /home/airflow/.local/lib/python3.12/site-packages/airflow/example_dags/example_branch_day_of_week_operator.py took 0.246 seconds
[2025-04-11T02:08:37.700+0000] {processor.py:186} INFO - Started process (PID=3609) to work on /home/airflow/.local/lib/python3.12/site-packages/airflow/example_dags/example_branch_day_of_week_operator.py
[2025-04-11T02:08:37.703+0000] {processor.py:914} INFO - Processing file /home/airflow/.local/lib/python3.12/site-packages/airflow/example_dags/example_branch_day_of_week_operator.py for tasks to queue
[2025-04-11T02:08:37.708+0000] {logging_mixin.py:190} INFO - [2025-04-11T02:08:37.706+0000] {dagbag.py:588} INFO - Filling up the DagBag from /home/airflow/.local/lib/python3.12/site-packages/airflow/example_dags/example_branch_day_of_week_operator.py
[2025-04-11T02:08:37.740+0000] {processor.py:925} INFO - DAG(s) 'example_weekday_branch_operator' retrieved from /home/airflow/.local/lib/python3.12/site-packages/airflow/example_dags/example_branch_day_of_week_operator.py
[2025-04-11T02:08:37.798+0000] {logging_mixin.py:190} INFO - [2025-04-11T02:08:37.797+0000] {dag.py:3239} INFO - Sync 1 DAGs
[2025-04-11T02:08:37.869+0000] {logging_mixin.py:190} INFO - [2025-04-11T02:08:37.869+0000] {dag.py:4180} INFO - Setting next_dagrun for example_weekday_branch_operator to 2025-04-10 00:00:00+00:00, run_after=2025-04-11 00:00:00+00:00
[2025-04-11T02:08:37.914+0000] {processor.py:208} INFO - Processing /home/airflow/.local/lib/python3.12/site-packages/airflow/example_dags/example_branch_day_of_week_operator.py took 0.229 seconds
[2025-04-11T02:09:10.865+0000] {processor.py:186} INFO - Started process (PID=3677) to work on /home/airflow/.local/lib/python3.12/site-packages/airflow/example_dags/example_branch_day_of_week_operator.py
[2025-04-11T02:09:10.868+0000] {processor.py:914} INFO - Processing file /home/airflow/.local/lib/python3.12/site-packages/airflow/example_dags/example_branch_day_of_week_operator.py for tasks to queue
[2025-04-11T02:09:10.870+0000] {logging_mixin.py:190} INFO - [2025-04-11T02:09:10.870+0000] {dagbag.py:588} INFO - Filling up the DagBag from /home/airflow/.local/lib/python3.12/site-packages/airflow/example_dags/example_branch_day_of_week_operator.py
[2025-04-11T02:09:10.900+0000] {processor.py:925} INFO - DAG(s) 'example_weekday_branch_operator' retrieved from /home/airflow/.local/lib/python3.12/site-packages/airflow/example_dags/example_branch_day_of_week_operator.py
[2025-04-11T02:09:10.959+0000] {logging_mixin.py:190} INFO - [2025-04-11T02:09:10.958+0000] {dag.py:3239} INFO - Sync 1 DAGs
[2025-04-11T02:09:11.035+0000] {logging_mixin.py:190} INFO - [2025-04-11T02:09:11.034+0000] {dag.py:4180} INFO - Setting next_dagrun for example_weekday_branch_operator to 2025-04-10 00:00:00+00:00, run_after=2025-04-11 00:00:00+00:00
[2025-04-11T02:09:11.080+0000] {processor.py:208} INFO - Processing /home/airflow/.local/lib/python3.12/site-packages/airflow/example_dags/example_branch_day_of_week_operator.py took 0.232 seconds
[2025-04-11T02:09:42.710+0000] {processor.py:186} INFO - Started process (PID=3743) to work on /home/airflow/.local/lib/python3.12/site-packages/airflow/example_dags/example_branch_day_of_week_operator.py
[2025-04-11T02:09:42.713+0000] {processor.py:914} INFO - Processing file /home/airflow/.local/lib/python3.12/site-packages/airflow/example_dags/example_branch_day_of_week_operator.py for tasks to queue
[2025-04-11T02:09:42.718+0000] {logging_mixin.py:190} INFO - [2025-04-11T02:09:42.717+0000] {dagbag.py:588} INFO - Filling up the DagBag from /home/airflow/.local/lib/python3.12/site-packages/airflow/example_dags/example_branch_day_of_week_operator.py
[2025-04-11T02:09:42.753+0000] {processor.py:925} INFO - DAG(s) 'example_weekday_branch_operator' retrieved from /home/airflow/.local/lib/python3.12/site-packages/airflow/example_dags/example_branch_day_of_week_operator.py
[2025-04-11T02:09:42.809+0000] {logging_mixin.py:190} INFO - [2025-04-11T02:09:42.808+0000] {dag.py:3239} INFO - Sync 1 DAGs
[2025-04-11T02:09:42.872+0000] {logging_mixin.py:190} INFO - [2025-04-11T02:09:42.871+0000] {dag.py:4180} INFO - Setting next_dagrun for example_weekday_branch_operator to 2025-04-10 00:00:00+00:00, run_after=2025-04-11 00:00:00+00:00
[2025-04-11T02:09:42.948+0000] {processor.py:208} INFO - Processing /home/airflow/.local/lib/python3.12/site-packages/airflow/example_dags/example_branch_day_of_week_operator.py took 0.259 seconds
[2025-04-11T02:10:13.935+0000] {processor.py:186} INFO - Started process (PID=3808) to work on /home/airflow/.local/lib/python3.12/site-packages/airflow/example_dags/example_branch_day_of_week_operator.py
[2025-04-11T02:10:13.938+0000] {processor.py:914} INFO - Processing file /home/airflow/.local/lib/python3.12/site-packages/airflow/example_dags/example_branch_day_of_week_operator.py for tasks to queue
[2025-04-11T02:10:13.942+0000] {logging_mixin.py:190} INFO - [2025-04-11T02:10:13.941+0000] {dagbag.py:588} INFO - Filling up the DagBag from /home/airflow/.local/lib/python3.12/site-packages/airflow/example_dags/example_branch_day_of_week_operator.py
[2025-04-11T02:10:13.978+0000] {processor.py:925} INFO - DAG(s) 'example_weekday_branch_operator' retrieved from /home/airflow/.local/lib/python3.12/site-packages/airflow/example_dags/example_branch_day_of_week_operator.py
[2025-04-11T02:10:14.033+0000] {logging_mixin.py:190} INFO - [2025-04-11T02:10:14.032+0000] {dag.py:3239} INFO - Sync 1 DAGs
[2025-04-11T02:10:14.129+0000] {logging_mixin.py:190} INFO - [2025-04-11T02:10:14.129+0000] {dag.py:4180} INFO - Setting next_dagrun for example_weekday_branch_operator to 2025-04-10 00:00:00+00:00, run_after=2025-04-11 00:00:00+00:00
[2025-04-11T02:10:14.165+0000] {processor.py:208} INFO - Processing /home/airflow/.local/lib/python3.12/site-packages/airflow/example_dags/example_branch_day_of_week_operator.py took 0.242 seconds
[2025-04-11T02:10:44.270+0000] {processor.py:186} INFO - Started process (PID=3872) to work on /home/airflow/.local/lib/python3.12/site-packages/airflow/example_dags/example_branch_day_of_week_operator.py
[2025-04-11T02:10:44.271+0000] {processor.py:914} INFO - Processing file /home/airflow/.local/lib/python3.12/site-packages/airflow/example_dags/example_branch_day_of_week_operator.py for tasks to queue
[2025-04-11T02:10:44.272+0000] {logging_mixin.py:190} INFO - [2025-04-11T02:10:44.272+0000] {dagbag.py:588} INFO - Filling up the DagBag from /home/airflow/.local/lib/python3.12/site-packages/airflow/example_dags/example_branch_day_of_week_operator.py
[2025-04-11T02:10:44.281+0000] {processor.py:925} INFO - DAG(s) 'example_weekday_branch_operator' retrieved from /home/airflow/.local/lib/python3.12/site-packages/airflow/example_dags/example_branch_day_of_week_operator.py
[2025-04-11T02:10:44.301+0000] {logging_mixin.py:190} INFO - [2025-04-11T02:10:44.300+0000] {dag.py:3239} INFO - Sync 1 DAGs
[2025-04-11T02:10:44.320+0000] {logging_mixin.py:190} INFO - [2025-04-11T02:10:44.320+0000] {dag.py:4180} INFO - Setting next_dagrun for example_weekday_branch_operator to 2025-04-10 00:00:00+00:00, run_after=2025-04-11 00:00:00+00:00
[2025-04-11T02:10:44.353+0000] {processor.py:208} INFO - Processing /home/airflow/.local/lib/python3.12/site-packages/airflow/example_dags/example_branch_day_of_week_operator.py took 0.088 seconds
[2025-04-11T02:11:16.489+0000] {processor.py:186} INFO - Started process (PID=3938) to work on /home/airflow/.local/lib/python3.12/site-packages/airflow/example_dags/example_branch_day_of_week_operator.py
[2025-04-11T02:11:16.492+0000] {processor.py:914} INFO - Processing file /home/airflow/.local/lib/python3.12/site-packages/airflow/example_dags/example_branch_day_of_week_operator.py for tasks to queue
[2025-04-11T02:11:16.496+0000] {logging_mixin.py:190} INFO - [2025-04-11T02:11:16.495+0000] {dagbag.py:588} INFO - Filling up the DagBag from /home/airflow/.local/lib/python3.12/site-packages/airflow/example_dags/example_branch_day_of_week_operator.py
[2025-04-11T02:11:16.531+0000] {processor.py:925} INFO - DAG(s) 'example_weekday_branch_operator' retrieved from /home/airflow/.local/lib/python3.12/site-packages/airflow/example_dags/example_branch_day_of_week_operator.py
[2025-04-11T02:11:16.594+0000] {logging_mixin.py:190} INFO - [2025-04-11T02:11:16.594+0000] {dag.py:3239} INFO - Sync 1 DAGs
[2025-04-11T02:11:16.676+0000] {logging_mixin.py:190} INFO - [2025-04-11T02:11:16.675+0000] {dag.py:4180} INFO - Setting next_dagrun for example_weekday_branch_operator to 2025-04-10 00:00:00+00:00, run_after=2025-04-11 00:00:00+00:00
[2025-04-11T02:11:16.729+0000] {processor.py:208} INFO - Processing /home/airflow/.local/lib/python3.12/site-packages/airflow/example_dags/example_branch_day_of_week_operator.py took 0.261 seconds
[2025-04-11T02:11:49.426+0000] {processor.py:186} INFO - Started process (PID=4004) to work on /home/airflow/.local/lib/python3.12/site-packages/airflow/example_dags/example_branch_day_of_week_operator.py
[2025-04-11T02:11:49.428+0000] {processor.py:914} INFO - Processing file /home/airflow/.local/lib/python3.12/site-packages/airflow/example_dags/example_branch_day_of_week_operator.py for tasks to queue
[2025-04-11T02:11:49.432+0000] {logging_mixin.py:190} INFO - [2025-04-11T02:11:49.431+0000] {dagbag.py:588} INFO - Filling up the DagBag from /home/airflow/.local/lib/python3.12/site-packages/airflow/example_dags/example_branch_day_of_week_operator.py
[2025-04-11T02:11:49.465+0000] {processor.py:925} INFO - DAG(s) 'example_weekday_branch_operator' retrieved from /home/airflow/.local/lib/python3.12/site-packages/airflow/example_dags/example_branch_day_of_week_operator.py
[2025-04-11T02:11:49.533+0000] {logging_mixin.py:190} INFO - [2025-04-11T02:11:49.532+0000] {dag.py:3239} INFO - Sync 1 DAGs
[2025-04-11T02:11:49.619+0000] {logging_mixin.py:190} INFO - [2025-04-11T02:11:49.619+0000] {dag.py:4180} INFO - Setting next_dagrun for example_weekday_branch_operator to 2025-04-10 00:00:00+00:00, run_after=2025-04-11 00:00:00+00:00
[2025-04-11T02:11:49.670+0000] {processor.py:208} INFO - Processing /home/airflow/.local/lib/python3.12/site-packages/airflow/example_dags/example_branch_day_of_week_operator.py took 0.262 seconds
[2025-04-11T02:12:20.289+0000] {processor.py:186} INFO - Started process (PID=4068) to work on /home/airflow/.local/lib/python3.12/site-packages/airflow/example_dags/example_branch_day_of_week_operator.py
[2025-04-11T02:12:20.291+0000] {processor.py:914} INFO - Processing file /home/airflow/.local/lib/python3.12/site-packages/airflow/example_dags/example_branch_day_of_week_operator.py for tasks to queue
[2025-04-11T02:12:20.294+0000] {logging_mixin.py:190} INFO - [2025-04-11T02:12:20.293+0000] {dagbag.py:588} INFO - Filling up the DagBag from /home/airflow/.local/lib/python3.12/site-packages/airflow/example_dags/example_branch_day_of_week_operator.py
[2025-04-11T02:12:20.325+0000] {processor.py:925} INFO - DAG(s) 'example_weekday_branch_operator' retrieved from /home/airflow/.local/lib/python3.12/site-packages/airflow/example_dags/example_branch_day_of_week_operator.py
[2025-04-11T02:12:20.383+0000] {logging_mixin.py:190} INFO - [2025-04-11T02:12:20.382+0000] {dag.py:3239} INFO - Sync 1 DAGs
[2025-04-11T02:12:20.460+0000] {logging_mixin.py:190} INFO - [2025-04-11T02:12:20.460+0000] {dag.py:4180} INFO - Setting next_dagrun for example_weekday_branch_operator to 2025-04-10 00:00:00+00:00, run_after=2025-04-11 00:00:00+00:00
[2025-04-11T02:12:20.514+0000] {processor.py:208} INFO - Processing /home/airflow/.local/lib/python3.12/site-packages/airflow/example_dags/example_branch_day_of_week_operator.py took 0.243 seconds
[2025-04-11T02:12:52.490+0000] {processor.py:186} INFO - Started process (PID=4134) to work on /home/airflow/.local/lib/python3.12/site-packages/airflow/example_dags/example_branch_day_of_week_operator.py
[2025-04-11T02:12:52.493+0000] {processor.py:914} INFO - Processing file /home/airflow/.local/lib/python3.12/site-packages/airflow/example_dags/example_branch_day_of_week_operator.py for tasks to queue
[2025-04-11T02:12:52.497+0000] {logging_mixin.py:190} INFO - [2025-04-11T02:12:52.496+0000] {dagbag.py:588} INFO - Filling up the DagBag from /home/airflow/.local/lib/python3.12/site-packages/airflow/example_dags/example_branch_day_of_week_operator.py
[2025-04-11T02:12:52.529+0000] {processor.py:925} INFO - DAG(s) 'example_weekday_branch_operator' retrieved from /home/airflow/.local/lib/python3.12/site-packages/airflow/example_dags/example_branch_day_of_week_operator.py
[2025-04-11T02:12:52.587+0000] {logging_mixin.py:190} INFO - [2025-04-11T02:12:52.586+0000] {dag.py:3239} INFO - Sync 1 DAGs
[2025-04-11T02:12:52.663+0000] {logging_mixin.py:190} INFO - [2025-04-11T02:12:52.662+0000] {dag.py:4180} INFO - Setting next_dagrun for example_weekday_branch_operator to 2025-04-10 00:00:00+00:00, run_after=2025-04-11 00:00:00+00:00
[2025-04-11T02:12:52.717+0000] {processor.py:208} INFO - Processing /home/airflow/.local/lib/python3.12/site-packages/airflow/example_dags/example_branch_day_of_week_operator.py took 0.252 seconds
[2025-04-11T02:13:23.136+0000] {processor.py:186} INFO - Started process (PID=4200) to work on /home/airflow/.local/lib/python3.12/site-packages/airflow/example_dags/example_branch_day_of_week_operator.py
[2025-04-11T02:13:23.139+0000] {processor.py:914} INFO - Processing file /home/airflow/.local/lib/python3.12/site-packages/airflow/example_dags/example_branch_day_of_week_operator.py for tasks to queue
[2025-04-11T02:13:23.143+0000] {logging_mixin.py:190} INFO - [2025-04-11T02:13:23.142+0000] {dagbag.py:588} INFO - Filling up the DagBag from /home/airflow/.local/lib/python3.12/site-packages/airflow/example_dags/example_branch_day_of_week_operator.py
[2025-04-11T02:13:23.160+0000] {processor.py:925} INFO - DAG(s) 'example_weekday_branch_operator' retrieved from /home/airflow/.local/lib/python3.12/site-packages/airflow/example_dags/example_branch_day_of_week_operator.py
[2025-04-11T02:13:23.219+0000] {logging_mixin.py:190} INFO - [2025-04-11T02:13:23.218+0000] {dag.py:3239} INFO - Sync 1 DAGs
[2025-04-11T02:13:23.295+0000] {logging_mixin.py:190} INFO - [2025-04-11T02:13:23.294+0000] {dag.py:4180} INFO - Setting next_dagrun for example_weekday_branch_operator to 2025-04-10 00:00:00+00:00, run_after=2025-04-11 00:00:00+00:00
[2025-04-11T02:13:23.340+0000] {processor.py:208} INFO - Processing /home/airflow/.local/lib/python3.12/site-packages/airflow/example_dags/example_branch_day_of_week_operator.py took 0.222 seconds
[2025-04-11T02:13:53.894+0000] {processor.py:186} INFO - Started process (PID=4265) to work on /home/airflow/.local/lib/python3.12/site-packages/airflow/example_dags/example_branch_day_of_week_operator.py
[2025-04-11T02:13:53.895+0000] {processor.py:914} INFO - Processing file /home/airflow/.local/lib/python3.12/site-packages/airflow/example_dags/example_branch_day_of_week_operator.py for tasks to queue
[2025-04-11T02:13:53.896+0000] {logging_mixin.py:190} INFO - [2025-04-11T02:13:53.896+0000] {dagbag.py:588} INFO - Filling up the DagBag from /home/airflow/.local/lib/python3.12/site-packages/airflow/example_dags/example_branch_day_of_week_operator.py
[2025-04-11T02:13:53.904+0000] {processor.py:925} INFO - DAG(s) 'example_weekday_branch_operator' retrieved from /home/airflow/.local/lib/python3.12/site-packages/airflow/example_dags/example_branch_day_of_week_operator.py
[2025-04-11T02:13:53.923+0000] {logging_mixin.py:190} INFO - [2025-04-11T02:13:53.923+0000] {dag.py:3239} INFO - Sync 1 DAGs
[2025-04-11T02:13:53.942+0000] {logging_mixin.py:190} INFO - [2025-04-11T02:13:53.942+0000] {dag.py:4180} INFO - Setting next_dagrun for example_weekday_branch_operator to 2025-04-10 00:00:00+00:00, run_after=2025-04-11 00:00:00+00:00
[2025-04-11T02:13:53.962+0000] {processor.py:208} INFO - Processing /home/airflow/.local/lib/python3.12/site-packages/airflow/example_dags/example_branch_day_of_week_operator.py took 0.073 seconds
[2025-04-11T02:14:24.141+0000] {processor.py:186} INFO - Started process (PID=4331) to work on /home/airflow/.local/lib/python3.12/site-packages/airflow/example_dags/example_branch_day_of_week_operator.py
[2025-04-11T02:14:24.142+0000] {processor.py:914} INFO - Processing file /home/airflow/.local/lib/python3.12/site-packages/airflow/example_dags/example_branch_day_of_week_operator.py for tasks to queue
[2025-04-11T02:14:24.143+0000] {logging_mixin.py:190} INFO - [2025-04-11T02:14:24.143+0000] {dagbag.py:588} INFO - Filling up the DagBag from /home/airflow/.local/lib/python3.12/site-packages/airflow/example_dags/example_branch_day_of_week_operator.py
[2025-04-11T02:14:24.152+0000] {processor.py:925} INFO - DAG(s) 'example_weekday_branch_operator' retrieved from /home/airflow/.local/lib/python3.12/site-packages/airflow/example_dags/example_branch_day_of_week_operator.py
[2025-04-11T02:14:24.170+0000] {logging_mixin.py:190} INFO - [2025-04-11T02:14:24.170+0000] {dag.py:3239} INFO - Sync 1 DAGs
[2025-04-11T02:14:24.189+0000] {logging_mixin.py:190} INFO - [2025-04-11T02:14:24.189+0000] {dag.py:4180} INFO - Setting next_dagrun for example_weekday_branch_operator to 2025-04-10 00:00:00+00:00, run_after=2025-04-11 00:00:00+00:00
[2025-04-11T02:14:24.209+0000] {processor.py:208} INFO - Processing /home/airflow/.local/lib/python3.12/site-packages/airflow/example_dags/example_branch_day_of_week_operator.py took 0.073 seconds
[2025-04-11T02:14:56.440+0000] {processor.py:186} INFO - Started process (PID=4396) to work on /home/airflow/.local/lib/python3.12/site-packages/airflow/example_dags/example_branch_day_of_week_operator.py
[2025-04-11T02:14:56.443+0000] {processor.py:914} INFO - Processing file /home/airflow/.local/lib/python3.12/site-packages/airflow/example_dags/example_branch_day_of_week_operator.py for tasks to queue
[2025-04-11T02:14:56.445+0000] {logging_mixin.py:190} INFO - [2025-04-11T02:14:56.445+0000] {dagbag.py:588} INFO - Filling up the DagBag from /home/airflow/.local/lib/python3.12/site-packages/airflow/example_dags/example_branch_day_of_week_operator.py
[2025-04-11T02:14:57.294+0000] {processor.py:925} INFO - DAG(s) 'example_weekday_branch_operator' retrieved from /home/airflow/.local/lib/python3.12/site-packages/airflow/example_dags/example_branch_day_of_week_operator.py
[2025-04-11T02:14:57.335+0000] {logging_mixin.py:190} INFO - [2025-04-11T02:14:57.334+0000] {dag.py:3239} INFO - Sync 1 DAGs
[2025-04-11T02:14:57.384+0000] {logging_mixin.py:190} INFO - [2025-04-11T02:14:57.383+0000] {dag.py:4180} INFO - Setting next_dagrun for example_weekday_branch_operator to 2025-04-10 00:00:00+00:00, run_after=2025-04-11 00:00:00+00:00
[2025-04-11T02:14:57.415+0000] {processor.py:208} INFO - Processing /home/airflow/.local/lib/python3.12/site-packages/airflow/example_dags/example_branch_day_of_week_operator.py took 0.157 seconds
[2025-04-11T02:15:28.010+0000] {processor.py:186} INFO - Started process (PID=4461) to work on /home/airflow/.local/lib/python3.12/site-packages/airflow/example_dags/example_branch_day_of_week_operator.py
[2025-04-11T02:15:28.012+0000] {processor.py:914} INFO - Processing file /home/airflow/.local/lib/python3.12/site-packages/airflow/example_dags/example_branch_day_of_week_operator.py for tasks to queue
[2025-04-11T02:15:28.013+0000] {logging_mixin.py:190} INFO - [2025-04-11T02:15:28.013+0000] {dagbag.py:588} INFO - Filling up the DagBag from /home/airflow/.local/lib/python3.12/site-packages/airflow/example_dags/example_branch_day_of_week_operator.py
[2025-04-11T02:15:28.021+0000] {processor.py:925} INFO - DAG(s) 'example_weekday_branch_operator' retrieved from /home/airflow/.local/lib/python3.12/site-packages/airflow/example_dags/example_branch_day_of_week_operator.py
[2025-04-11T02:15:28.041+0000] {logging_mixin.py:190} INFO - [2025-04-11T02:15:28.041+0000] {dag.py:3239} INFO - Sync 1 DAGs
[2025-04-11T02:15:28.187+0000] {logging_mixin.py:190} INFO - [2025-04-11T02:15:28.187+0000] {dag.py:4180} INFO - Setting next_dagrun for example_weekday_branch_operator to 2025-04-10 00:00:00+00:00, run_after=2025-04-11 00:00:00+00:00
[2025-04-11T02:15:28.208+0000] {processor.py:208} INFO - Processing /home/airflow/.local/lib/python3.12/site-packages/airflow/example_dags/example_branch_day_of_week_operator.py took 0.202 seconds
[2025-04-11T12:34:04.364+0000] {processor.py:186} INFO - Started process (PID=4539) to work on /home/airflow/.local/lib/python3.12/site-packages/airflow/example_dags/example_branch_day_of_week_operator.py
[2025-04-11T12:34:04.365+0000] {processor.py:914} INFO - Processing file /home/airflow/.local/lib/python3.12/site-packages/airflow/example_dags/example_branch_day_of_week_operator.py for tasks to queue
[2025-04-11T12:34:04.369+0000] {logging_mixin.py:190} INFO - [2025-04-11T12:34:04.368+0000] {dagbag.py:588} INFO - Filling up the DagBag from /home/airflow/.local/lib/python3.12/site-packages/airflow/example_dags/example_branch_day_of_week_operator.py
[2025-04-11T12:34:04.388+0000] {processor.py:925} INFO - DAG(s) 'example_weekday_branch_operator' retrieved from /home/airflow/.local/lib/python3.12/site-packages/airflow/example_dags/example_branch_day_of_week_operator.py
[2025-04-11T12:34:04.429+0000] {logging_mixin.py:190} INFO - [2025-04-11T12:34:04.429+0000] {dag.py:3239} INFO - Sync 1 DAGs
[2025-04-11T12:34:04.672+0000] {logging_mixin.py:190} INFO - [2025-04-11T12:34:04.671+0000] {dag.py:4180} INFO - Setting next_dagrun for example_weekday_branch_operator to 2025-04-10 00:00:00+00:00, run_after=2025-04-11 00:00:00+00:00
[2025-04-11T12:34:04.710+0000] {processor.py:208} INFO - Processing /home/airflow/.local/lib/python3.12/site-packages/airflow/example_dags/example_branch_day_of_week_operator.py took 0.358 seconds
