[2025-04-11T01:49:43.168+0000] {processor.py:186} INFO - Started process (PID=1230) to work on /home/airflow/.local/lib/python3.12/site-packages/airflow/example_dags/example_inlet_event_extra.py
[2025-04-11T01:49:43.197+0000] {processor.py:914} INFO - Processing file /home/airflow/.local/lib/python3.12/site-packages/airflow/example_dags/example_inlet_event_extra.py for tasks to queue
[2025-04-11T01:49:43.221+0000] {logging_mixin.py:190} INFO - [2025-04-11T01:49:43.218+0000] {dagbag.py:588} INFO - Filling up the DagBag from /home/airflow/.local/lib/python3.12/site-packages/airflow/example_dags/example_inlet_event_extra.py
[2025-04-11T01:49:45.124+0000] {processor.py:925} INFO - DAG(s) 'read_dataset_event_from_classic', 'read_dataset_event' retrieved from /home/airflow/.local/lib/python3.12/site-packages/airflow/example_dags/example_inlet_event_extra.py
[2025-04-11T01:49:45.381+0000] {logging_mixin.py:190} INFO - [2025-04-11T01:49:45.381+0000] {dag.py:3239} INFO - Sync 2 DAGs
[2025-04-11T01:49:45.424+0000] {logging_mixin.py:190} INFO - [2025-04-11T01:49:45.423+0000] {dag.py:4180} INFO - Setting next_dagrun for read_dataset_event to 2025-04-10 00:00:00+00:00, run_after=2025-04-11 00:00:00+00:00
[2025-04-11T01:49:45.433+0000] {logging_mixin.py:190} INFO - [2025-04-11T01:49:45.433+0000] {dag.py:4180} INFO - Setting next_dagrun for read_dataset_event_from_classic to 2025-04-10 00:00:00+00:00, run_after=2025-04-11 00:00:00+00:00
[2025-04-11T01:49:46.063+0000] {processor.py:208} INFO - Processing /home/airflow/.local/lib/python3.12/site-packages/airflow/example_dags/example_inlet_event_extra.py took 2.919 seconds
[2025-04-11T01:50:16.495+0000] {processor.py:186} INFO - Started process (PID=1295) to work on /home/airflow/.local/lib/python3.12/site-packages/airflow/example_dags/example_inlet_event_extra.py
[2025-04-11T01:50:16.503+0000] {processor.py:914} INFO - Processing file /home/airflow/.local/lib/python3.12/site-packages/airflow/example_dags/example_inlet_event_extra.py for tasks to queue
[2025-04-11T01:50:16.506+0000] {logging_mixin.py:190} INFO - [2025-04-11T01:50:16.505+0000] {dagbag.py:588} INFO - Filling up the DagBag from /home/airflow/.local/lib/python3.12/site-packages/airflow/example_dags/example_inlet_event_extra.py
[2025-04-11T01:50:17.505+0000] {processor.py:925} INFO - DAG(s) 'read_dataset_event_from_classic', 'read_dataset_event' retrieved from /home/airflow/.local/lib/python3.12/site-packages/airflow/example_dags/example_inlet_event_extra.py
[2025-04-11T01:50:17.557+0000] {logging_mixin.py:190} INFO - [2025-04-11T01:50:17.557+0000] {dag.py:3239} INFO - Sync 2 DAGs
[2025-04-11T01:50:17.746+0000] {logging_mixin.py:190} INFO - [2025-04-11T01:50:17.746+0000] {dag.py:4180} INFO - Setting next_dagrun for read_dataset_event to 2025-04-10 00:00:00+00:00, run_after=2025-04-11 00:00:00+00:00
[2025-04-11T01:50:17.760+0000] {logging_mixin.py:190} INFO - [2025-04-11T01:50:17.759+0000] {dag.py:4180} INFO - Setting next_dagrun for read_dataset_event_from_classic to 2025-04-10 00:00:00+00:00, run_after=2025-04-11 00:00:00+00:00
[2025-04-11T01:50:17.820+0000] {processor.py:208} INFO - Processing /home/airflow/.local/lib/python3.12/site-packages/airflow/example_dags/example_inlet_event_extra.py took 1.335 seconds
[2025-04-11T01:50:47.992+0000] {processor.py:186} INFO - Started process (PID=1360) to work on /home/airflow/.local/lib/python3.12/site-packages/airflow/example_dags/example_inlet_event_extra.py
[2025-04-11T01:50:47.993+0000] {processor.py:914} INFO - Processing file /home/airflow/.local/lib/python3.12/site-packages/airflow/example_dags/example_inlet_event_extra.py for tasks to queue
[2025-04-11T01:50:47.994+0000] {logging_mixin.py:190} INFO - [2025-04-11T01:50:47.994+0000] {dagbag.py:588} INFO - Filling up the DagBag from /home/airflow/.local/lib/python3.12/site-packages/airflow/example_dags/example_inlet_event_extra.py
[2025-04-11T01:50:48.496+0000] {processor.py:925} INFO - DAG(s) 'read_dataset_event', 'read_dataset_event_from_classic' retrieved from /home/airflow/.local/lib/python3.12/site-packages/airflow/example_dags/example_inlet_event_extra.py
[2025-04-11T01:50:48.524+0000] {logging_mixin.py:190} INFO - [2025-04-11T01:50:48.523+0000] {dag.py:3239} INFO - Sync 2 DAGs
[2025-04-11T01:50:48.550+0000] {logging_mixin.py:190} INFO - [2025-04-11T01:50:48.549+0000] {dag.py:4180} INFO - Setting next_dagrun for read_dataset_event to 2025-04-10 00:00:00+00:00, run_after=2025-04-11 00:00:00+00:00
[2025-04-11T01:50:48.556+0000] {logging_mixin.py:190} INFO - [2025-04-11T01:50:48.555+0000] {dag.py:4180} INFO - Setting next_dagrun for read_dataset_event_from_classic to 2025-04-10 00:00:00+00:00, run_after=2025-04-11 00:00:00+00:00
[2025-04-11T01:50:48.579+0000] {processor.py:208} INFO - Processing /home/airflow/.local/lib/python3.12/site-packages/airflow/example_dags/example_inlet_event_extra.py took 0.592 seconds
[2025-04-11T01:51:19.447+0000] {processor.py:186} INFO - Started process (PID=1426) to work on /home/airflow/.local/lib/python3.12/site-packages/airflow/example_dags/example_inlet_event_extra.py
[2025-04-11T01:51:19.449+0000] {processor.py:914} INFO - Processing file /home/airflow/.local/lib/python3.12/site-packages/airflow/example_dags/example_inlet_event_extra.py for tasks to queue
[2025-04-11T01:51:19.453+0000] {logging_mixin.py:190} INFO - [2025-04-11T01:51:19.452+0000] {dagbag.py:588} INFO - Filling up the DagBag from /home/airflow/.local/lib/python3.12/site-packages/airflow/example_dags/example_inlet_event_extra.py
[2025-04-11T01:51:20.014+0000] {processor.py:925} INFO - DAG(s) 'read_dataset_event_from_classic', 'read_dataset_event' retrieved from /home/airflow/.local/lib/python3.12/site-packages/airflow/example_dags/example_inlet_event_extra.py
[2025-04-11T01:51:20.036+0000] {logging_mixin.py:190} INFO - [2025-04-11T01:51:20.036+0000] {dag.py:3239} INFO - Sync 2 DAGs
[2025-04-11T01:51:20.060+0000] {logging_mixin.py:190} INFO - [2025-04-11T01:51:20.060+0000] {dag.py:4180} INFO - Setting next_dagrun for read_dataset_event to 2025-04-10 00:00:00+00:00, run_after=2025-04-11 00:00:00+00:00
[2025-04-11T01:51:20.065+0000] {logging_mixin.py:190} INFO - [2025-04-11T01:51:20.065+0000] {dag.py:4180} INFO - Setting next_dagrun for read_dataset_event_from_classic to 2025-04-10 00:00:00+00:00, run_after=2025-04-11 00:00:00+00:00
[2025-04-11T01:51:20.085+0000] {processor.py:208} INFO - Processing /home/airflow/.local/lib/python3.12/site-packages/airflow/example_dags/example_inlet_event_extra.py took 0.647 seconds
[2025-04-11T01:51:50.775+0000] {processor.py:186} INFO - Started process (PID=1491) to work on /home/airflow/.local/lib/python3.12/site-packages/airflow/example_dags/example_inlet_event_extra.py
[2025-04-11T01:51:50.776+0000] {processor.py:914} INFO - Processing file /home/airflow/.local/lib/python3.12/site-packages/airflow/example_dags/example_inlet_event_extra.py for tasks to queue
[2025-04-11T01:51:50.778+0000] {logging_mixin.py:190} INFO - [2025-04-11T01:51:50.778+0000] {dagbag.py:588} INFO - Filling up the DagBag from /home/airflow/.local/lib/python3.12/site-packages/airflow/example_dags/example_inlet_event_extra.py
[2025-04-11T01:51:51.320+0000] {processor.py:925} INFO - DAG(s) 'read_dataset_event', 'read_dataset_event_from_classic' retrieved from /home/airflow/.local/lib/python3.12/site-packages/airflow/example_dags/example_inlet_event_extra.py
[2025-04-11T01:51:51.343+0000] {logging_mixin.py:190} INFO - [2025-04-11T01:51:51.343+0000] {dag.py:3239} INFO - Sync 2 DAGs
[2025-04-11T01:51:51.368+0000] {logging_mixin.py:190} INFO - [2025-04-11T01:51:51.368+0000] {dag.py:4180} INFO - Setting next_dagrun for read_dataset_event to 2025-04-10 00:00:00+00:00, run_after=2025-04-11 00:00:00+00:00
[2025-04-11T01:51:51.377+0000] {logging_mixin.py:190} INFO - [2025-04-11T01:51:51.376+0000] {dag.py:4180} INFO - Setting next_dagrun for read_dataset_event_from_classic to 2025-04-10 00:00:00+00:00, run_after=2025-04-11 00:00:00+00:00
[2025-04-11T01:51:51.403+0000] {processor.py:208} INFO - Processing /home/airflow/.local/lib/python3.12/site-packages/airflow/example_dags/example_inlet_event_extra.py took 0.633 seconds
[2025-04-11T01:52:21.596+0000] {processor.py:186} INFO - Started process (PID=1556) to work on /home/airflow/.local/lib/python3.12/site-packages/airflow/example_dags/example_inlet_event_extra.py
[2025-04-11T01:52:21.597+0000] {processor.py:914} INFO - Processing file /home/airflow/.local/lib/python3.12/site-packages/airflow/example_dags/example_inlet_event_extra.py for tasks to queue
[2025-04-11T01:52:21.599+0000] {logging_mixin.py:190} INFO - [2025-04-11T01:52:21.599+0000] {dagbag.py:588} INFO - Filling up the DagBag from /home/airflow/.local/lib/python3.12/site-packages/airflow/example_dags/example_inlet_event_extra.py
[2025-04-11T01:52:22.066+0000] {processor.py:925} INFO - DAG(s) 'read_dataset_event', 'read_dataset_event_from_classic' retrieved from /home/airflow/.local/lib/python3.12/site-packages/airflow/example_dags/example_inlet_event_extra.py
[2025-04-11T01:52:22.087+0000] {logging_mixin.py:190} INFO - [2025-04-11T01:52:22.087+0000] {dag.py:3239} INFO - Sync 2 DAGs
[2025-04-11T01:52:22.106+0000] {logging_mixin.py:190} INFO - [2025-04-11T01:52:22.106+0000] {dag.py:4180} INFO - Setting next_dagrun for read_dataset_event to 2025-04-10 00:00:00+00:00, run_after=2025-04-11 00:00:00+00:00
[2025-04-11T01:52:22.111+0000] {logging_mixin.py:190} INFO - [2025-04-11T01:52:22.111+0000] {dag.py:4180} INFO - Setting next_dagrun for read_dataset_event_from_classic to 2025-04-10 00:00:00+00:00, run_after=2025-04-11 00:00:00+00:00
[2025-04-11T01:52:22.128+0000] {processor.py:208} INFO - Processing /home/airflow/.local/lib/python3.12/site-packages/airflow/example_dags/example_inlet_event_extra.py took 0.538 seconds
[2025-04-11T01:52:52.370+0000] {processor.py:186} INFO - Started process (PID=1621) to work on /home/airflow/.local/lib/python3.12/site-packages/airflow/example_dags/example_inlet_event_extra.py
[2025-04-11T01:52:52.371+0000] {processor.py:914} INFO - Processing file /home/airflow/.local/lib/python3.12/site-packages/airflow/example_dags/example_inlet_event_extra.py for tasks to queue
[2025-04-11T01:52:52.373+0000] {logging_mixin.py:190} INFO - [2025-04-11T01:52:52.373+0000] {dagbag.py:588} INFO - Filling up the DagBag from /home/airflow/.local/lib/python3.12/site-packages/airflow/example_dags/example_inlet_event_extra.py
[2025-04-11T01:52:52.869+0000] {processor.py:925} INFO - DAG(s) 'read_dataset_event', 'read_dataset_event_from_classic' retrieved from /home/airflow/.local/lib/python3.12/site-packages/airflow/example_dags/example_inlet_event_extra.py
[2025-04-11T01:52:52.888+0000] {logging_mixin.py:190} INFO - [2025-04-11T01:52:52.888+0000] {dag.py:3239} INFO - Sync 2 DAGs
[2025-04-11T01:52:52.907+0000] {logging_mixin.py:190} INFO - [2025-04-11T01:52:52.907+0000] {dag.py:4180} INFO - Setting next_dagrun for read_dataset_event to 2025-04-10 00:00:00+00:00, run_after=2025-04-11 00:00:00+00:00
[2025-04-11T01:52:52.913+0000] {logging_mixin.py:190} INFO - [2025-04-11T01:52:52.913+0000] {dag.py:4180} INFO - Setting next_dagrun for read_dataset_event_from_classic to 2025-04-10 00:00:00+00:00, run_after=2025-04-11 00:00:00+00:00
[2025-04-11T01:52:52.931+0000] {processor.py:208} INFO - Processing /home/airflow/.local/lib/python3.12/site-packages/airflow/example_dags/example_inlet_event_extra.py took 0.566 seconds
[2025-04-11T01:53:23.073+0000] {processor.py:186} INFO - Started process (PID=1686) to work on /home/airflow/.local/lib/python3.12/site-packages/airflow/example_dags/example_inlet_event_extra.py
[2025-04-11T01:53:23.075+0000] {processor.py:914} INFO - Processing file /home/airflow/.local/lib/python3.12/site-packages/airflow/example_dags/example_inlet_event_extra.py for tasks to queue
[2025-04-11T01:53:23.077+0000] {logging_mixin.py:190} INFO - [2025-04-11T01:53:23.076+0000] {dagbag.py:588} INFO - Filling up the DagBag from /home/airflow/.local/lib/python3.12/site-packages/airflow/example_dags/example_inlet_event_extra.py
[2025-04-11T01:53:23.534+0000] {processor.py:925} INFO - DAG(s) 'read_dataset_event', 'read_dataset_event_from_classic' retrieved from /home/airflow/.local/lib/python3.12/site-packages/airflow/example_dags/example_inlet_event_extra.py
[2025-04-11T01:53:23.554+0000] {logging_mixin.py:190} INFO - [2025-04-11T01:53:23.554+0000] {dag.py:3239} INFO - Sync 2 DAGs
[2025-04-11T01:53:23.574+0000] {logging_mixin.py:190} INFO - [2025-04-11T01:53:23.573+0000] {dag.py:4180} INFO - Setting next_dagrun for read_dataset_event to 2025-04-10 00:00:00+00:00, run_after=2025-04-11 00:00:00+00:00
[2025-04-11T01:53:23.580+0000] {logging_mixin.py:190} INFO - [2025-04-11T01:53:23.579+0000] {dag.py:4180} INFO - Setting next_dagrun for read_dataset_event_from_classic to 2025-04-10 00:00:00+00:00, run_after=2025-04-11 00:00:00+00:00
[2025-04-11T01:53:23.603+0000] {processor.py:208} INFO - Processing /home/airflow/.local/lib/python3.12/site-packages/airflow/example_dags/example_inlet_event_extra.py took 0.536 seconds
[2025-04-11T01:53:53.973+0000] {processor.py:186} INFO - Started process (PID=1751) to work on /home/airflow/.local/lib/python3.12/site-packages/airflow/example_dags/example_inlet_event_extra.py
[2025-04-11T01:53:53.974+0000] {processor.py:914} INFO - Processing file /home/airflow/.local/lib/python3.12/site-packages/airflow/example_dags/example_inlet_event_extra.py for tasks to queue
[2025-04-11T01:53:53.976+0000] {logging_mixin.py:190} INFO - [2025-04-11T01:53:53.975+0000] {dagbag.py:588} INFO - Filling up the DagBag from /home/airflow/.local/lib/python3.12/site-packages/airflow/example_dags/example_inlet_event_extra.py
[2025-04-11T01:53:54.440+0000] {processor.py:925} INFO - DAG(s) 'read_dataset_event', 'read_dataset_event_from_classic' retrieved from /home/airflow/.local/lib/python3.12/site-packages/airflow/example_dags/example_inlet_event_extra.py
[2025-04-11T01:53:54.458+0000] {logging_mixin.py:190} INFO - [2025-04-11T01:53:54.458+0000] {dag.py:3239} INFO - Sync 2 DAGs
[2025-04-11T01:53:54.478+0000] {logging_mixin.py:190} INFO - [2025-04-11T01:53:54.477+0000] {dag.py:4180} INFO - Setting next_dagrun for read_dataset_event to 2025-04-10 00:00:00+00:00, run_after=2025-04-11 00:00:00+00:00
[2025-04-11T01:53:54.484+0000] {logging_mixin.py:190} INFO - [2025-04-11T01:53:54.484+0000] {dag.py:4180} INFO - Setting next_dagrun for read_dataset_event_from_classic to 2025-04-10 00:00:00+00:00, run_after=2025-04-11 00:00:00+00:00
[2025-04-11T01:53:54.503+0000] {processor.py:208} INFO - Processing /home/airflow/.local/lib/python3.12/site-packages/airflow/example_dags/example_inlet_event_extra.py took 0.536 seconds
[2025-04-11T01:54:24.907+0000] {processor.py:186} INFO - Started process (PID=1816) to work on /home/airflow/.local/lib/python3.12/site-packages/airflow/example_dags/example_inlet_event_extra.py
[2025-04-11T01:54:24.908+0000] {processor.py:914} INFO - Processing file /home/airflow/.local/lib/python3.12/site-packages/airflow/example_dags/example_inlet_event_extra.py for tasks to queue
[2025-04-11T01:54:24.910+0000] {logging_mixin.py:190} INFO - [2025-04-11T01:54:24.909+0000] {dagbag.py:588} INFO - Filling up the DagBag from /home/airflow/.local/lib/python3.12/site-packages/airflow/example_dags/example_inlet_event_extra.py
[2025-04-11T01:54:25.372+0000] {processor.py:925} INFO - DAG(s) 'read_dataset_event', 'read_dataset_event_from_classic' retrieved from /home/airflow/.local/lib/python3.12/site-packages/airflow/example_dags/example_inlet_event_extra.py
[2025-04-11T01:54:25.393+0000] {logging_mixin.py:190} INFO - [2025-04-11T01:54:25.393+0000] {dag.py:3239} INFO - Sync 2 DAGs
[2025-04-11T01:54:25.415+0000] {logging_mixin.py:190} INFO - [2025-04-11T01:54:25.415+0000] {dag.py:4180} INFO - Setting next_dagrun for read_dataset_event to 2025-04-10 00:00:00+00:00, run_after=2025-04-11 00:00:00+00:00
[2025-04-11T01:54:25.420+0000] {logging_mixin.py:190} INFO - [2025-04-11T01:54:25.420+0000] {dag.py:4180} INFO - Setting next_dagrun for read_dataset_event_from_classic to 2025-04-10 00:00:00+00:00, run_after=2025-04-11 00:00:00+00:00
[2025-04-11T01:54:25.438+0000] {processor.py:208} INFO - Processing /home/airflow/.local/lib/python3.12/site-packages/airflow/example_dags/example_inlet_event_extra.py took 0.536 seconds
[2025-04-11T01:54:55.769+0000] {processor.py:186} INFO - Started process (PID=1881) to work on /home/airflow/.local/lib/python3.12/site-packages/airflow/example_dags/example_inlet_event_extra.py
[2025-04-11T01:54:55.770+0000] {processor.py:914} INFO - Processing file /home/airflow/.local/lib/python3.12/site-packages/airflow/example_dags/example_inlet_event_extra.py for tasks to queue
[2025-04-11T01:54:55.772+0000] {logging_mixin.py:190} INFO - [2025-04-11T01:54:55.771+0000] {dagbag.py:588} INFO - Filling up the DagBag from /home/airflow/.local/lib/python3.12/site-packages/airflow/example_dags/example_inlet_event_extra.py
[2025-04-11T01:54:56.242+0000] {processor.py:925} INFO - DAG(s) 'read_dataset_event_from_classic', 'read_dataset_event' retrieved from /home/airflow/.local/lib/python3.12/site-packages/airflow/example_dags/example_inlet_event_extra.py
[2025-04-11T01:54:56.261+0000] {logging_mixin.py:190} INFO - [2025-04-11T01:54:56.261+0000] {dag.py:3239} INFO - Sync 2 DAGs
[2025-04-11T01:54:56.282+0000] {logging_mixin.py:190} INFO - [2025-04-11T01:54:56.281+0000] {dag.py:4180} INFO - Setting next_dagrun for read_dataset_event to 2025-04-10 00:00:00+00:00, run_after=2025-04-11 00:00:00+00:00
[2025-04-11T01:54:56.286+0000] {logging_mixin.py:190} INFO - [2025-04-11T01:54:56.286+0000] {dag.py:4180} INFO - Setting next_dagrun for read_dataset_event_from_classic to 2025-04-10 00:00:00+00:00, run_after=2025-04-11 00:00:00+00:00
[2025-04-11T01:54:56.320+0000] {processor.py:208} INFO - Processing /home/airflow/.local/lib/python3.12/site-packages/airflow/example_dags/example_inlet_event_extra.py took 0.556 seconds
[2025-04-11T01:55:26.429+0000] {processor.py:186} INFO - Started process (PID=1946) to work on /home/airflow/.local/lib/python3.12/site-packages/airflow/example_dags/example_inlet_event_extra.py
[2025-04-11T01:55:26.430+0000] {processor.py:914} INFO - Processing file /home/airflow/.local/lib/python3.12/site-packages/airflow/example_dags/example_inlet_event_extra.py for tasks to queue
[2025-04-11T01:55:26.432+0000] {logging_mixin.py:190} INFO - [2025-04-11T01:55:26.432+0000] {dagbag.py:588} INFO - Filling up the DagBag from /home/airflow/.local/lib/python3.12/site-packages/airflow/example_dags/example_inlet_event_extra.py
[2025-04-11T01:55:26.897+0000] {processor.py:925} INFO - DAG(s) 'read_dataset_event', 'read_dataset_event_from_classic' retrieved from /home/airflow/.local/lib/python3.12/site-packages/airflow/example_dags/example_inlet_event_extra.py
[2025-04-11T01:55:26.917+0000] {logging_mixin.py:190} INFO - [2025-04-11T01:55:26.917+0000] {dag.py:3239} INFO - Sync 2 DAGs
[2025-04-11T01:55:26.940+0000] {logging_mixin.py:190} INFO - [2025-04-11T01:55:26.940+0000] {dag.py:4180} INFO - Setting next_dagrun for read_dataset_event to 2025-04-10 00:00:00+00:00, run_after=2025-04-11 00:00:00+00:00
[2025-04-11T01:55:26.945+0000] {logging_mixin.py:190} INFO - [2025-04-11T01:55:26.945+0000] {dag.py:4180} INFO - Setting next_dagrun for read_dataset_event_from_classic to 2025-04-10 00:00:00+00:00, run_after=2025-04-11 00:00:00+00:00
[2025-04-11T01:55:26.976+0000] {processor.py:208} INFO - Processing /home/airflow/.local/lib/python3.12/site-packages/airflow/example_dags/example_inlet_event_extra.py took 0.552 seconds
[2025-04-11T01:55:57.562+0000] {processor.py:186} INFO - Started process (PID=2018) to work on /home/airflow/.local/lib/python3.12/site-packages/airflow/example_dags/example_inlet_event_extra.py
[2025-04-11T01:55:57.563+0000] {processor.py:914} INFO - Processing file /home/airflow/.local/lib/python3.12/site-packages/airflow/example_dags/example_inlet_event_extra.py for tasks to queue
[2025-04-11T01:55:57.565+0000] {logging_mixin.py:190} INFO - [2025-04-11T01:55:57.565+0000] {dagbag.py:588} INFO - Filling up the DagBag from /home/airflow/.local/lib/python3.12/site-packages/airflow/example_dags/example_inlet_event_extra.py
[2025-04-11T01:55:58.015+0000] {processor.py:925} INFO - DAG(s) 'read_dataset_event_from_classic', 'read_dataset_event' retrieved from /home/airflow/.local/lib/python3.12/site-packages/airflow/example_dags/example_inlet_event_extra.py
[2025-04-11T01:55:58.034+0000] {logging_mixin.py:190} INFO - [2025-04-11T01:55:58.034+0000] {dag.py:3239} INFO - Sync 2 DAGs
[2025-04-11T01:55:58.056+0000] {logging_mixin.py:190} INFO - [2025-04-11T01:55:58.056+0000] {dag.py:4180} INFO - Setting next_dagrun for read_dataset_event to 2025-04-10 00:00:00+00:00, run_after=2025-04-11 00:00:00+00:00
[2025-04-11T01:55:58.061+0000] {logging_mixin.py:190} INFO - [2025-04-11T01:55:58.061+0000] {dag.py:4180} INFO - Setting next_dagrun for read_dataset_event_from_classic to 2025-04-10 00:00:00+00:00, run_after=2025-04-11 00:00:00+00:00
[2025-04-11T01:55:58.080+0000] {processor.py:208} INFO - Processing /home/airflow/.local/lib/python3.12/site-packages/airflow/example_dags/example_inlet_event_extra.py took 0.526 seconds
[2025-04-11T01:56:28.339+0000] {processor.py:186} INFO - Started process (PID=2083) to work on /home/airflow/.local/lib/python3.12/site-packages/airflow/example_dags/example_inlet_event_extra.py
[2025-04-11T01:56:28.343+0000] {processor.py:914} INFO - Processing file /home/airflow/.local/lib/python3.12/site-packages/airflow/example_dags/example_inlet_event_extra.py for tasks to queue
[2025-04-11T01:56:28.350+0000] {logging_mixin.py:190} INFO - [2025-04-11T01:56:28.348+0000] {dagbag.py:588} INFO - Filling up the DagBag from /home/airflow/.local/lib/python3.12/site-packages/airflow/example_dags/example_inlet_event_extra.py
[2025-04-11T01:56:29.562+0000] {processor.py:925} INFO - DAG(s) 'read_dataset_event', 'read_dataset_event_from_classic' retrieved from /home/airflow/.local/lib/python3.12/site-packages/airflow/example_dags/example_inlet_event_extra.py
[2025-04-11T01:56:29.614+0000] {logging_mixin.py:190} INFO - [2025-04-11T01:56:29.613+0000] {dag.py:3239} INFO - Sync 2 DAGs
[2025-04-11T01:56:29.696+0000] {logging_mixin.py:190} INFO - [2025-04-11T01:56:29.696+0000] {dag.py:4180} INFO - Setting next_dagrun for read_dataset_event to 2025-04-10 00:00:00+00:00, run_after=2025-04-11 00:00:00+00:00
[2025-04-11T01:56:29.714+0000] {logging_mixin.py:190} INFO - [2025-04-11T01:56:29.713+0000] {dag.py:4180} INFO - Setting next_dagrun for read_dataset_event_from_classic to 2025-04-10 00:00:00+00:00, run_after=2025-04-11 00:00:00+00:00
[2025-04-11T01:56:29.762+0000] {processor.py:208} INFO - Processing /home/airflow/.local/lib/python3.12/site-packages/airflow/example_dags/example_inlet_event_extra.py took 1.449 seconds
[2025-04-11T01:57:00.006+0000] {processor.py:186} INFO - Started process (PID=2148) to work on /home/airflow/.local/lib/python3.12/site-packages/airflow/example_dags/example_inlet_event_extra.py
[2025-04-11T01:57:00.007+0000] {processor.py:914} INFO - Processing file /home/airflow/.local/lib/python3.12/site-packages/airflow/example_dags/example_inlet_event_extra.py for tasks to queue
[2025-04-11T01:57:00.010+0000] {logging_mixin.py:190} INFO - [2025-04-11T01:57:00.009+0000] {dagbag.py:588} INFO - Filling up the DagBag from /home/airflow/.local/lib/python3.12/site-packages/airflow/example_dags/example_inlet_event_extra.py
[2025-04-11T01:57:00.535+0000] {processor.py:925} INFO - DAG(s) 'read_dataset_event', 'read_dataset_event_from_classic' retrieved from /home/airflow/.local/lib/python3.12/site-packages/airflow/example_dags/example_inlet_event_extra.py
[2025-04-11T01:57:00.557+0000] {logging_mixin.py:190} INFO - [2025-04-11T01:57:00.557+0000] {dag.py:3239} INFO - Sync 2 DAGs
[2025-04-11T01:57:00.585+0000] {logging_mixin.py:190} INFO - [2025-04-11T01:57:00.585+0000] {dag.py:4180} INFO - Setting next_dagrun for read_dataset_event to 2025-04-10 00:00:00+00:00, run_after=2025-04-11 00:00:00+00:00
[2025-04-11T01:57:00.590+0000] {logging_mixin.py:190} INFO - [2025-04-11T01:57:00.590+0000] {dag.py:4180} INFO - Setting next_dagrun for read_dataset_event_from_classic to 2025-04-10 00:00:00+00:00, run_after=2025-04-11 00:00:00+00:00
[2025-04-11T01:57:00.611+0000] {processor.py:208} INFO - Processing /home/airflow/.local/lib/python3.12/site-packages/airflow/example_dags/example_inlet_event_extra.py took 0.610 seconds
[2025-04-11T01:57:30.859+0000] {processor.py:186} INFO - Started process (PID=2213) to work on /home/airflow/.local/lib/python3.12/site-packages/airflow/example_dags/example_inlet_event_extra.py
[2025-04-11T01:57:30.860+0000] {processor.py:914} INFO - Processing file /home/airflow/.local/lib/python3.12/site-packages/airflow/example_dags/example_inlet_event_extra.py for tasks to queue
[2025-04-11T01:57:30.863+0000] {logging_mixin.py:190} INFO - [2025-04-11T01:57:30.862+0000] {dagbag.py:588} INFO - Filling up the DagBag from /home/airflow/.local/lib/python3.12/site-packages/airflow/example_dags/example_inlet_event_extra.py
[2025-04-11T01:57:31.398+0000] {processor.py:925} INFO - DAG(s) 'read_dataset_event', 'read_dataset_event_from_classic' retrieved from /home/airflow/.local/lib/python3.12/site-packages/airflow/example_dags/example_inlet_event_extra.py
[2025-04-11T01:57:31.422+0000] {logging_mixin.py:190} INFO - [2025-04-11T01:57:31.422+0000] {dag.py:3239} INFO - Sync 2 DAGs
[2025-04-11T01:57:31.443+0000] {logging_mixin.py:190} INFO - [2025-04-11T01:57:31.443+0000] {dag.py:4180} INFO - Setting next_dagrun for read_dataset_event to 2025-04-10 00:00:00+00:00, run_after=2025-04-11 00:00:00+00:00
[2025-04-11T01:57:31.448+0000] {logging_mixin.py:190} INFO - [2025-04-11T01:57:31.448+0000] {dag.py:4180} INFO - Setting next_dagrun for read_dataset_event_from_classic to 2025-04-10 00:00:00+00:00, run_after=2025-04-11 00:00:00+00:00
[2025-04-11T01:57:31.475+0000] {processor.py:208} INFO - Processing /home/airflow/.local/lib/python3.12/site-packages/airflow/example_dags/example_inlet_event_extra.py took 0.622 seconds
[2025-04-11T01:58:01.638+0000] {processor.py:186} INFO - Started process (PID=2278) to work on /home/airflow/.local/lib/python3.12/site-packages/airflow/example_dags/example_inlet_event_extra.py
[2025-04-11T01:58:01.639+0000] {processor.py:914} INFO - Processing file /home/airflow/.local/lib/python3.12/site-packages/airflow/example_dags/example_inlet_event_extra.py for tasks to queue
[2025-04-11T01:58:01.641+0000] {logging_mixin.py:190} INFO - [2025-04-11T01:58:01.640+0000] {dagbag.py:588} INFO - Filling up the DagBag from /home/airflow/.local/lib/python3.12/site-packages/airflow/example_dags/example_inlet_event_extra.py
[2025-04-11T01:58:02.109+0000] {processor.py:925} INFO - DAG(s) 'read_dataset_event_from_classic', 'read_dataset_event' retrieved from /home/airflow/.local/lib/python3.12/site-packages/airflow/example_dags/example_inlet_event_extra.py
[2025-04-11T01:58:02.130+0000] {logging_mixin.py:190} INFO - [2025-04-11T01:58:02.130+0000] {dag.py:3239} INFO - Sync 2 DAGs
[2025-04-11T01:58:02.153+0000] {logging_mixin.py:190} INFO - [2025-04-11T01:58:02.153+0000] {dag.py:4180} INFO - Setting next_dagrun for read_dataset_event to 2025-04-10 00:00:00+00:00, run_after=2025-04-11 00:00:00+00:00
[2025-04-11T01:58:02.158+0000] {logging_mixin.py:190} INFO - [2025-04-11T01:58:02.158+0000] {dag.py:4180} INFO - Setting next_dagrun for read_dataset_event_from_classic to 2025-04-10 00:00:00+00:00, run_after=2025-04-11 00:00:00+00:00
[2025-04-11T01:58:02.179+0000] {processor.py:208} INFO - Processing /home/airflow/.local/lib/python3.12/site-packages/airflow/example_dags/example_inlet_event_extra.py took 0.546 seconds
[2025-04-11T01:58:32.307+0000] {processor.py:186} INFO - Started process (PID=2343) to work on /home/airflow/.local/lib/python3.12/site-packages/airflow/example_dags/example_inlet_event_extra.py
[2025-04-11T01:58:32.308+0000] {processor.py:914} INFO - Processing file /home/airflow/.local/lib/python3.12/site-packages/airflow/example_dags/example_inlet_event_extra.py for tasks to queue
[2025-04-11T01:58:32.310+0000] {logging_mixin.py:190} INFO - [2025-04-11T01:58:32.310+0000] {dagbag.py:588} INFO - Filling up the DagBag from /home/airflow/.local/lib/python3.12/site-packages/airflow/example_dags/example_inlet_event_extra.py
[2025-04-11T01:58:32.745+0000] {processor.py:925} INFO - DAG(s) 'read_dataset_event_from_classic', 'read_dataset_event' retrieved from /home/airflow/.local/lib/python3.12/site-packages/airflow/example_dags/example_inlet_event_extra.py
[2025-04-11T01:58:32.763+0000] {logging_mixin.py:190} INFO - [2025-04-11T01:58:32.763+0000] {dag.py:3239} INFO - Sync 2 DAGs
[2025-04-11T01:58:32.782+0000] {logging_mixin.py:190} INFO - [2025-04-11T01:58:32.782+0000] {dag.py:4180} INFO - Setting next_dagrun for read_dataset_event to 2025-04-10 00:00:00+00:00, run_after=2025-04-11 00:00:00+00:00
[2025-04-11T01:58:32.788+0000] {logging_mixin.py:190} INFO - [2025-04-11T01:58:32.788+0000] {dag.py:4180} INFO - Setting next_dagrun for read_dataset_event_from_classic to 2025-04-10 00:00:00+00:00, run_after=2025-04-11 00:00:00+00:00
[2025-04-11T01:58:32.820+0000] {processor.py:208} INFO - Processing /home/airflow/.local/lib/python3.12/site-packages/airflow/example_dags/example_inlet_event_extra.py took 0.519 seconds
[2025-04-11T01:59:03.527+0000] {processor.py:186} INFO - Started process (PID=2408) to work on /home/airflow/.local/lib/python3.12/site-packages/airflow/example_dags/example_inlet_event_extra.py
[2025-04-11T01:59:03.528+0000] {processor.py:914} INFO - Processing file /home/airflow/.local/lib/python3.12/site-packages/airflow/example_dags/example_inlet_event_extra.py for tasks to queue
[2025-04-11T01:59:03.529+0000] {logging_mixin.py:190} INFO - [2025-04-11T01:59:03.529+0000] {dagbag.py:588} INFO - Filling up the DagBag from /home/airflow/.local/lib/python3.12/site-packages/airflow/example_dags/example_inlet_event_extra.py
[2025-04-11T01:59:04.001+0000] {processor.py:925} INFO - DAG(s) 'read_dataset_event_from_classic', 'read_dataset_event' retrieved from /home/airflow/.local/lib/python3.12/site-packages/airflow/example_dags/example_inlet_event_extra.py
[2025-04-11T01:59:04.022+0000] {logging_mixin.py:190} INFO - [2025-04-11T01:59:04.022+0000] {dag.py:3239} INFO - Sync 2 DAGs
[2025-04-11T01:59:04.047+0000] {logging_mixin.py:190} INFO - [2025-04-11T01:59:04.047+0000] {dag.py:4180} INFO - Setting next_dagrun for read_dataset_event to 2025-04-10 00:00:00+00:00, run_after=2025-04-11 00:00:00+00:00
[2025-04-11T01:59:04.052+0000] {logging_mixin.py:190} INFO - [2025-04-11T01:59:04.052+0000] {dag.py:4180} INFO - Setting next_dagrun for read_dataset_event_from_classic to 2025-04-10 00:00:00+00:00, run_after=2025-04-11 00:00:00+00:00
[2025-04-11T01:59:04.071+0000] {processor.py:208} INFO - Processing /home/airflow/.local/lib/python3.12/site-packages/airflow/example_dags/example_inlet_event_extra.py took 0.550 seconds
[2025-04-11T01:59:35.019+0000] {processor.py:186} INFO - Started process (PID=2473) to work on /home/airflow/.local/lib/python3.12/site-packages/airflow/example_dags/example_inlet_event_extra.py
[2025-04-11T01:59:35.020+0000] {processor.py:914} INFO - Processing file /home/airflow/.local/lib/python3.12/site-packages/airflow/example_dags/example_inlet_event_extra.py for tasks to queue
[2025-04-11T01:59:35.021+0000] {logging_mixin.py:190} INFO - [2025-04-11T01:59:35.021+0000] {dagbag.py:588} INFO - Filling up the DagBag from /home/airflow/.local/lib/python3.12/site-packages/airflow/example_dags/example_inlet_event_extra.py
[2025-04-11T01:59:35.465+0000] {processor.py:925} INFO - DAG(s) 'read_dataset_event_from_classic', 'read_dataset_event' retrieved from /home/airflow/.local/lib/python3.12/site-packages/airflow/example_dags/example_inlet_event_extra.py
[2025-04-11T01:59:35.485+0000] {logging_mixin.py:190} INFO - [2025-04-11T01:59:35.485+0000] {dag.py:3239} INFO - Sync 2 DAGs
[2025-04-11T01:59:35.505+0000] {logging_mixin.py:190} INFO - [2025-04-11T01:59:35.504+0000] {dag.py:4180} INFO - Setting next_dagrun for read_dataset_event to 2025-04-10 00:00:00+00:00, run_after=2025-04-11 00:00:00+00:00
[2025-04-11T01:59:35.510+0000] {logging_mixin.py:190} INFO - [2025-04-11T01:59:35.510+0000] {dag.py:4180} INFO - Setting next_dagrun for read_dataset_event_from_classic to 2025-04-10 00:00:00+00:00, run_after=2025-04-11 00:00:00+00:00
[2025-04-11T01:59:35.528+0000] {processor.py:208} INFO - Processing /home/airflow/.local/lib/python3.12/site-packages/airflow/example_dags/example_inlet_event_extra.py took 0.515 seconds
[2025-04-11T02:00:05.626+0000] {processor.py:186} INFO - Started process (PID=2538) to work on /home/airflow/.local/lib/python3.12/site-packages/airflow/example_dags/example_inlet_event_extra.py
[2025-04-11T02:00:05.627+0000] {processor.py:914} INFO - Processing file /home/airflow/.local/lib/python3.12/site-packages/airflow/example_dags/example_inlet_event_extra.py for tasks to queue
[2025-04-11T02:00:05.629+0000] {logging_mixin.py:190} INFO - [2025-04-11T02:00:05.628+0000] {dagbag.py:588} INFO - Filling up the DagBag from /home/airflow/.local/lib/python3.12/site-packages/airflow/example_dags/example_inlet_event_extra.py
[2025-04-11T02:00:07.109+0000] {processor.py:925} INFO - DAG(s) 'read_dataset_event', 'read_dataset_event_from_classic' retrieved from /home/airflow/.local/lib/python3.12/site-packages/airflow/example_dags/example_inlet_event_extra.py
[2025-04-11T02:00:07.169+0000] {logging_mixin.py:190} INFO - [2025-04-11T02:00:07.168+0000] {dag.py:3239} INFO - Sync 2 DAGs
[2025-04-11T02:00:07.255+0000] {logging_mixin.py:190} INFO - [2025-04-11T02:00:07.254+0000] {dag.py:4180} INFO - Setting next_dagrun for read_dataset_event to 2025-04-10 00:00:00+00:00, run_after=2025-04-11 00:00:00+00:00
[2025-04-11T02:00:07.270+0000] {logging_mixin.py:190} INFO - [2025-04-11T02:00:07.269+0000] {dag.py:4180} INFO - Setting next_dagrun for read_dataset_event_from_classic to 2025-04-10 00:00:00+00:00, run_after=2025-04-11 00:00:00+00:00
[2025-04-11T02:00:07.322+0000] {processor.py:208} INFO - Processing /home/airflow/.local/lib/python3.12/site-packages/airflow/example_dags/example_inlet_event_extra.py took 1.702 seconds
[2025-04-11T02:00:37.967+0000] {processor.py:186} INFO - Started process (PID=2604) to work on /home/airflow/.local/lib/python3.12/site-packages/airflow/example_dags/example_inlet_event_extra.py
[2025-04-11T02:00:37.968+0000] {processor.py:914} INFO - Processing file /home/airflow/.local/lib/python3.12/site-packages/airflow/example_dags/example_inlet_event_extra.py for tasks to queue
[2025-04-11T02:00:37.970+0000] {logging_mixin.py:190} INFO - [2025-04-11T02:00:37.970+0000] {dagbag.py:588} INFO - Filling up the DagBag from /home/airflow/.local/lib/python3.12/site-packages/airflow/example_dags/example_inlet_event_extra.py
[2025-04-11T02:00:39.793+0000] {processor.py:925} INFO - DAG(s) 'read_dataset_event_from_classic', 'read_dataset_event' retrieved from /home/airflow/.local/lib/python3.12/site-packages/airflow/example_dags/example_inlet_event_extra.py
[2025-04-11T02:00:39.850+0000] {logging_mixin.py:190} INFO - [2025-04-11T02:00:39.850+0000] {dag.py:3239} INFO - Sync 2 DAGs
[2025-04-11T02:00:39.938+0000] {logging_mixin.py:190} INFO - [2025-04-11T02:00:39.937+0000] {dag.py:4180} INFO - Setting next_dagrun for read_dataset_event to 2025-04-10 00:00:00+00:00, run_after=2025-04-11 00:00:00+00:00
[2025-04-11T02:00:39.965+0000] {logging_mixin.py:190} INFO - [2025-04-11T02:00:39.965+0000] {dag.py:4180} INFO - Setting next_dagrun for read_dataset_event_from_classic to 2025-04-10 00:00:00+00:00, run_after=2025-04-11 00:00:00+00:00
[2025-04-11T02:00:40.020+0000] {processor.py:208} INFO - Processing /home/airflow/.local/lib/python3.12/site-packages/airflow/example_dags/example_inlet_event_extra.py took 2.061 seconds
[2025-04-11T02:01:10.433+0000] {processor.py:186} INFO - Started process (PID=2669) to work on /home/airflow/.local/lib/python3.12/site-packages/airflow/example_dags/example_inlet_event_extra.py
[2025-04-11T02:01:10.434+0000] {processor.py:914} INFO - Processing file /home/airflow/.local/lib/python3.12/site-packages/airflow/example_dags/example_inlet_event_extra.py for tasks to queue
[2025-04-11T02:01:10.436+0000] {logging_mixin.py:190} INFO - [2025-04-11T02:01:10.436+0000] {dagbag.py:588} INFO - Filling up the DagBag from /home/airflow/.local/lib/python3.12/site-packages/airflow/example_dags/example_inlet_event_extra.py
[2025-04-11T02:01:11.448+0000] {processor.py:925} INFO - DAG(s) 'read_dataset_event', 'read_dataset_event_from_classic' retrieved from /home/airflow/.local/lib/python3.12/site-packages/airflow/example_dags/example_inlet_event_extra.py
[2025-04-11T02:01:11.486+0000] {logging_mixin.py:190} INFO - [2025-04-11T02:01:11.486+0000] {dag.py:3239} INFO - Sync 2 DAGs
[2025-04-11T02:01:11.532+0000] {logging_mixin.py:190} INFO - [2025-04-11T02:01:11.532+0000] {dag.py:4180} INFO - Setting next_dagrun for read_dataset_event to 2025-04-10 00:00:00+00:00, run_after=2025-04-11 00:00:00+00:00
[2025-04-11T02:01:11.545+0000] {logging_mixin.py:190} INFO - [2025-04-11T02:01:11.544+0000] {dag.py:4180} INFO - Setting next_dagrun for read_dataset_event_from_classic to 2025-04-10 00:00:00+00:00, run_after=2025-04-11 00:00:00+00:00
[2025-04-11T02:01:11.578+0000] {processor.py:208} INFO - Processing /home/airflow/.local/lib/python3.12/site-packages/airflow/example_dags/example_inlet_event_extra.py took 1.151 seconds
[2025-04-11T02:01:41.985+0000] {processor.py:186} INFO - Started process (PID=2734) to work on /home/airflow/.local/lib/python3.12/site-packages/airflow/example_dags/example_inlet_event_extra.py
[2025-04-11T02:01:41.988+0000] {processor.py:914} INFO - Processing file /home/airflow/.local/lib/python3.12/site-packages/airflow/example_dags/example_inlet_event_extra.py for tasks to queue
[2025-04-11T02:01:41.990+0000] {logging_mixin.py:190} INFO - [2025-04-11T02:01:41.989+0000] {dagbag.py:588} INFO - Filling up the DagBag from /home/airflow/.local/lib/python3.12/site-packages/airflow/example_dags/example_inlet_event_extra.py
[2025-04-11T02:01:43.552+0000] {processor.py:925} INFO - DAG(s) 'read_dataset_event', 'read_dataset_event_from_classic' retrieved from /home/airflow/.local/lib/python3.12/site-packages/airflow/example_dags/example_inlet_event_extra.py
[2025-04-11T02:01:43.614+0000] {logging_mixin.py:190} INFO - [2025-04-11T02:01:43.613+0000] {dag.py:3239} INFO - Sync 2 DAGs
[2025-04-11T02:01:43.686+0000] {logging_mixin.py:190} INFO - [2025-04-11T02:01:43.685+0000] {dag.py:4180} INFO - Setting next_dagrun for read_dataset_event to 2025-04-10 00:00:00+00:00, run_after=2025-04-11 00:00:00+00:00
[2025-04-11T02:01:43.698+0000] {logging_mixin.py:190} INFO - [2025-04-11T02:01:43.698+0000] {dag.py:4180} INFO - Setting next_dagrun for read_dataset_event_from_classic to 2025-04-10 00:00:00+00:00, run_after=2025-04-11 00:00:00+00:00
[2025-04-11T02:01:43.755+0000] {processor.py:208} INFO - Processing /home/airflow/.local/lib/python3.12/site-packages/airflow/example_dags/example_inlet_event_extra.py took 1.788 seconds
[2025-04-11T02:02:14.537+0000] {processor.py:186} INFO - Started process (PID=2800) to work on /home/airflow/.local/lib/python3.12/site-packages/airflow/example_dags/example_inlet_event_extra.py
[2025-04-11T02:02:14.539+0000] {processor.py:914} INFO - Processing file /home/airflow/.local/lib/python3.12/site-packages/airflow/example_dags/example_inlet_event_extra.py for tasks to queue
[2025-04-11T02:02:14.543+0000] {logging_mixin.py:190} INFO - [2025-04-11T02:02:14.541+0000] {dagbag.py:588} INFO - Filling up the DagBag from /home/airflow/.local/lib/python3.12/site-packages/airflow/example_dags/example_inlet_event_extra.py
[2025-04-11T02:02:16.130+0000] {processor.py:925} INFO - DAG(s) 'read_dataset_event_from_classic', 'read_dataset_event' retrieved from /home/airflow/.local/lib/python3.12/site-packages/airflow/example_dags/example_inlet_event_extra.py
[2025-04-11T02:02:16.182+0000] {logging_mixin.py:190} INFO - [2025-04-11T02:02:16.182+0000] {dag.py:3239} INFO - Sync 2 DAGs
[2025-04-11T02:02:16.257+0000] {logging_mixin.py:190} INFO - [2025-04-11T02:02:16.257+0000] {dag.py:4180} INFO - Setting next_dagrun for read_dataset_event to 2025-04-10 00:00:00+00:00, run_after=2025-04-11 00:00:00+00:00
[2025-04-11T02:02:16.269+0000] {logging_mixin.py:190} INFO - [2025-04-11T02:02:16.268+0000] {dag.py:4180} INFO - Setting next_dagrun for read_dataset_event_from_classic to 2025-04-10 00:00:00+00:00, run_after=2025-04-11 00:00:00+00:00
[2025-04-11T02:02:16.310+0000] {processor.py:208} INFO - Processing /home/airflow/.local/lib/python3.12/site-packages/airflow/example_dags/example_inlet_event_extra.py took 1.782 seconds
[2025-04-11T02:02:46.757+0000] {processor.py:186} INFO - Started process (PID=2865) to work on /home/airflow/.local/lib/python3.12/site-packages/airflow/example_dags/example_inlet_event_extra.py
[2025-04-11T02:02:46.758+0000] {processor.py:914} INFO - Processing file /home/airflow/.local/lib/python3.12/site-packages/airflow/example_dags/example_inlet_event_extra.py for tasks to queue
[2025-04-11T02:02:46.759+0000] {logging_mixin.py:190} INFO - [2025-04-11T02:02:46.759+0000] {dagbag.py:588} INFO - Filling up the DagBag from /home/airflow/.local/lib/python3.12/site-packages/airflow/example_dags/example_inlet_event_extra.py
[2025-04-11T02:02:47.226+0000] {processor.py:925} INFO - DAG(s) 'read_dataset_event_from_classic', 'read_dataset_event' retrieved from /home/airflow/.local/lib/python3.12/site-packages/airflow/example_dags/example_inlet_event_extra.py
[2025-04-11T02:02:47.245+0000] {logging_mixin.py:190} INFO - [2025-04-11T02:02:47.245+0000] {dag.py:3239} INFO - Sync 2 DAGs
[2025-04-11T02:02:47.267+0000] {logging_mixin.py:190} INFO - [2025-04-11T02:02:47.267+0000] {dag.py:4180} INFO - Setting next_dagrun for read_dataset_event to 2025-04-10 00:00:00+00:00, run_after=2025-04-11 00:00:00+00:00
[2025-04-11T02:02:47.272+0000] {logging_mixin.py:190} INFO - [2025-04-11T02:02:47.272+0000] {dag.py:4180} INFO - Setting next_dagrun for read_dataset_event_from_classic to 2025-04-10 00:00:00+00:00, run_after=2025-04-11 00:00:00+00:00
[2025-04-11T02:02:47.292+0000] {processor.py:208} INFO - Processing /home/airflow/.local/lib/python3.12/site-packages/airflow/example_dags/example_inlet_event_extra.py took 0.540 seconds
[2025-04-11T02:03:17.434+0000] {processor.py:186} INFO - Started process (PID=2930) to work on /home/airflow/.local/lib/python3.12/site-packages/airflow/example_dags/example_inlet_event_extra.py
[2025-04-11T02:03:17.435+0000] {processor.py:914} INFO - Processing file /home/airflow/.local/lib/python3.12/site-packages/airflow/example_dags/example_inlet_event_extra.py for tasks to queue
[2025-04-11T02:03:17.436+0000] {logging_mixin.py:190} INFO - [2025-04-11T02:03:17.436+0000] {dagbag.py:588} INFO - Filling up the DagBag from /home/airflow/.local/lib/python3.12/site-packages/airflow/example_dags/example_inlet_event_extra.py
[2025-04-11T02:03:17.983+0000] {processor.py:925} INFO - DAG(s) 'read_dataset_event_from_classic', 'read_dataset_event' retrieved from /home/airflow/.local/lib/python3.12/site-packages/airflow/example_dags/example_inlet_event_extra.py
[2025-04-11T02:03:18.029+0000] {logging_mixin.py:190} INFO - [2025-04-11T02:03:18.028+0000] {dag.py:3239} INFO - Sync 2 DAGs
[2025-04-11T02:03:18.103+0000] {logging_mixin.py:190} INFO - [2025-04-11T02:03:18.102+0000] {dag.py:4180} INFO - Setting next_dagrun for read_dataset_event to 2025-04-10 00:00:00+00:00, run_after=2025-04-11 00:00:00+00:00
[2025-04-11T02:03:18.116+0000] {logging_mixin.py:190} INFO - [2025-04-11T02:03:18.115+0000] {dag.py:4180} INFO - Setting next_dagrun for read_dataset_event_from_classic to 2025-04-10 00:00:00+00:00, run_after=2025-04-11 00:00:00+00:00
[2025-04-11T02:03:18.160+0000] {processor.py:208} INFO - Processing /home/airflow/.local/lib/python3.12/site-packages/airflow/example_dags/example_inlet_event_extra.py took 0.732 seconds
[2025-04-11T02:03:48.908+0000] {processor.py:186} INFO - Started process (PID=2995) to work on /home/airflow/.local/lib/python3.12/site-packages/airflow/example_dags/example_inlet_event_extra.py
[2025-04-11T02:03:48.911+0000] {processor.py:914} INFO - Processing file /home/airflow/.local/lib/python3.12/site-packages/airflow/example_dags/example_inlet_event_extra.py for tasks to queue
[2025-04-11T02:03:48.915+0000] {logging_mixin.py:190} INFO - [2025-04-11T02:03:48.914+0000] {dagbag.py:588} INFO - Filling up the DagBag from /home/airflow/.local/lib/python3.12/site-packages/airflow/example_dags/example_inlet_event_extra.py
[2025-04-11T02:03:50.507+0000] {processor.py:925} INFO - DAG(s) 'read_dataset_event', 'read_dataset_event_from_classic' retrieved from /home/airflow/.local/lib/python3.12/site-packages/airflow/example_dags/example_inlet_event_extra.py
[2025-04-11T02:03:50.551+0000] {logging_mixin.py:190} INFO - [2025-04-11T02:03:50.551+0000] {dag.py:3239} INFO - Sync 2 DAGs
[2025-04-11T02:03:50.622+0000] {logging_mixin.py:190} INFO - [2025-04-11T02:03:50.621+0000] {dag.py:4180} INFO - Setting next_dagrun for read_dataset_event to 2025-04-10 00:00:00+00:00, run_after=2025-04-11 00:00:00+00:00
[2025-04-11T02:03:50.634+0000] {logging_mixin.py:190} INFO - [2025-04-11T02:03:50.633+0000] {dag.py:4180} INFO - Setting next_dagrun for read_dataset_event_from_classic to 2025-04-10 00:00:00+00:00, run_after=2025-04-11 00:00:00+00:00
[2025-04-11T02:03:50.672+0000] {processor.py:208} INFO - Processing /home/airflow/.local/lib/python3.12/site-packages/airflow/example_dags/example_inlet_event_extra.py took 1.777 seconds
[2025-04-11T02:04:20.928+0000] {processor.py:186} INFO - Started process (PID=3060) to work on /home/airflow/.local/lib/python3.12/site-packages/airflow/example_dags/example_inlet_event_extra.py
[2025-04-11T02:04:20.929+0000] {processor.py:914} INFO - Processing file /home/airflow/.local/lib/python3.12/site-packages/airflow/example_dags/example_inlet_event_extra.py for tasks to queue
[2025-04-11T02:04:20.930+0000] {logging_mixin.py:190} INFO - [2025-04-11T02:04:20.930+0000] {dagbag.py:588} INFO - Filling up the DagBag from /home/airflow/.local/lib/python3.12/site-packages/airflow/example_dags/example_inlet_event_extra.py
[2025-04-11T02:04:21.392+0000] {processor.py:925} INFO - DAG(s) 'read_dataset_event', 'read_dataset_event_from_classic' retrieved from /home/airflow/.local/lib/python3.12/site-packages/airflow/example_dags/example_inlet_event_extra.py
[2025-04-11T02:04:21.414+0000] {logging_mixin.py:190} INFO - [2025-04-11T02:04:21.414+0000] {dag.py:3239} INFO - Sync 2 DAGs
[2025-04-11T02:04:21.433+0000] {logging_mixin.py:190} INFO - [2025-04-11T02:04:21.433+0000] {dag.py:4180} INFO - Setting next_dagrun for read_dataset_event to 2025-04-10 00:00:00+00:00, run_after=2025-04-11 00:00:00+00:00
[2025-04-11T02:04:21.438+0000] {logging_mixin.py:190} INFO - [2025-04-11T02:04:21.438+0000] {dag.py:4180} INFO - Setting next_dagrun for read_dataset_event_from_classic to 2025-04-10 00:00:00+00:00, run_after=2025-04-11 00:00:00+00:00
[2025-04-11T02:04:21.458+0000] {processor.py:208} INFO - Processing /home/airflow/.local/lib/python3.12/site-packages/airflow/example_dags/example_inlet_event_extra.py took 0.535 seconds
[2025-04-11T02:04:52.034+0000] {processor.py:186} INFO - Started process (PID=3126) to work on /home/airflow/.local/lib/python3.12/site-packages/airflow/example_dags/example_inlet_event_extra.py
[2025-04-11T02:04:52.037+0000] {processor.py:914} INFO - Processing file /home/airflow/.local/lib/python3.12/site-packages/airflow/example_dags/example_inlet_event_extra.py for tasks to queue
[2025-04-11T02:04:52.040+0000] {logging_mixin.py:190} INFO - [2025-04-11T02:04:52.039+0000] {dagbag.py:588} INFO - Filling up the DagBag from /home/airflow/.local/lib/python3.12/site-packages/airflow/example_dags/example_inlet_event_extra.py
[2025-04-11T02:04:53.418+0000] {processor.py:925} INFO - DAG(s) 'read_dataset_event', 'read_dataset_event_from_classic' retrieved from /home/airflow/.local/lib/python3.12/site-packages/airflow/example_dags/example_inlet_event_extra.py
[2025-04-11T02:04:53.463+0000] {logging_mixin.py:190} INFO - [2025-04-11T02:04:53.463+0000] {dag.py:3239} INFO - Sync 2 DAGs
[2025-04-11T02:04:53.527+0000] {logging_mixin.py:190} INFO - [2025-04-11T02:04:53.526+0000] {dag.py:4180} INFO - Setting next_dagrun for read_dataset_event to 2025-04-10 00:00:00+00:00, run_after=2025-04-11 00:00:00+00:00
[2025-04-11T02:04:53.544+0000] {logging_mixin.py:190} INFO - [2025-04-11T02:04:53.543+0000] {dag.py:4180} INFO - Setting next_dagrun for read_dataset_event_from_classic to 2025-04-10 00:00:00+00:00, run_after=2025-04-11 00:00:00+00:00
[2025-04-11T02:04:53.612+0000] {processor.py:208} INFO - Processing /home/airflow/.local/lib/python3.12/site-packages/airflow/example_dags/example_inlet_event_extra.py took 1.599 seconds
[2025-04-11T02:05:24.090+0000] {processor.py:186} INFO - Started process (PID=3191) to work on /home/airflow/.local/lib/python3.12/site-packages/airflow/example_dags/example_inlet_event_extra.py
[2025-04-11T02:05:24.092+0000] {processor.py:914} INFO - Processing file /home/airflow/.local/lib/python3.12/site-packages/airflow/example_dags/example_inlet_event_extra.py for tasks to queue
[2025-04-11T02:05:24.093+0000] {logging_mixin.py:190} INFO - [2025-04-11T02:05:24.093+0000] {dagbag.py:588} INFO - Filling up the DagBag from /home/airflow/.local/lib/python3.12/site-packages/airflow/example_dags/example_inlet_event_extra.py
[2025-04-11T02:05:24.888+0000] {processor.py:925} INFO - DAG(s) 'read_dataset_event', 'read_dataset_event_from_classic' retrieved from /home/airflow/.local/lib/python3.12/site-packages/airflow/example_dags/example_inlet_event_extra.py
[2025-04-11T02:05:24.926+0000] {logging_mixin.py:190} INFO - [2025-04-11T02:05:24.926+0000] {dag.py:3239} INFO - Sync 2 DAGs
[2025-04-11T02:05:25.018+0000] {logging_mixin.py:190} INFO - [2025-04-11T02:05:25.017+0000] {dag.py:4180} INFO - Setting next_dagrun for read_dataset_event to 2025-04-10 00:00:00+00:00, run_after=2025-04-11 00:00:00+00:00
[2025-04-11T02:05:25.025+0000] {logging_mixin.py:190} INFO - [2025-04-11T02:05:25.025+0000] {dag.py:4180} INFO - Setting next_dagrun for read_dataset_event_from_classic to 2025-04-10 00:00:00+00:00, run_after=2025-04-11 00:00:00+00:00
[2025-04-11T02:05:25.071+0000] {processor.py:208} INFO - Processing /home/airflow/.local/lib/python3.12/site-packages/airflow/example_dags/example_inlet_event_extra.py took 0.987 seconds
[2025-04-11T02:05:55.653+0000] {processor.py:186} INFO - Started process (PID=3255) to work on /home/airflow/.local/lib/python3.12/site-packages/airflow/example_dags/example_inlet_event_extra.py
[2025-04-11T02:05:55.654+0000] {processor.py:914} INFO - Processing file /home/airflow/.local/lib/python3.12/site-packages/airflow/example_dags/example_inlet_event_extra.py for tasks to queue
[2025-04-11T02:05:55.655+0000] {logging_mixin.py:190} INFO - [2025-04-11T02:05:55.655+0000] {dagbag.py:588} INFO - Filling up the DagBag from /home/airflow/.local/lib/python3.12/site-packages/airflow/example_dags/example_inlet_event_extra.py
[2025-04-11T02:05:56.135+0000] {processor.py:925} INFO - DAG(s) 'read_dataset_event', 'read_dataset_event_from_classic' retrieved from /home/airflow/.local/lib/python3.12/site-packages/airflow/example_dags/example_inlet_event_extra.py
[2025-04-11T02:05:56.164+0000] {logging_mixin.py:190} INFO - [2025-04-11T02:05:56.164+0000] {dag.py:3239} INFO - Sync 2 DAGs
[2025-04-11T02:05:56.186+0000] {logging_mixin.py:190} INFO - [2025-04-11T02:05:56.186+0000] {dag.py:4180} INFO - Setting next_dagrun for read_dataset_event to 2025-04-10 00:00:00+00:00, run_after=2025-04-11 00:00:00+00:00
[2025-04-11T02:05:56.193+0000] {logging_mixin.py:190} INFO - [2025-04-11T02:05:56.192+0000] {dag.py:4180} INFO - Setting next_dagrun for read_dataset_event_from_classic to 2025-04-10 00:00:00+00:00, run_after=2025-04-11 00:00:00+00:00
[2025-04-11T02:05:56.216+0000] {processor.py:208} INFO - Processing /home/airflow/.local/lib/python3.12/site-packages/airflow/example_dags/example_inlet_event_extra.py took 0.569 seconds
[2025-04-11T02:06:27.096+0000] {processor.py:186} INFO - Started process (PID=3320) to work on /home/airflow/.local/lib/python3.12/site-packages/airflow/example_dags/example_inlet_event_extra.py
[2025-04-11T02:06:27.097+0000] {processor.py:914} INFO - Processing file /home/airflow/.local/lib/python3.12/site-packages/airflow/example_dags/example_inlet_event_extra.py for tasks to queue
[2025-04-11T02:06:27.099+0000] {logging_mixin.py:190} INFO - [2025-04-11T02:06:27.099+0000] {dagbag.py:588} INFO - Filling up the DagBag from /home/airflow/.local/lib/python3.12/site-packages/airflow/example_dags/example_inlet_event_extra.py
[2025-04-11T02:06:27.605+0000] {processor.py:925} INFO - DAG(s) 'read_dataset_event_from_classic', 'read_dataset_event' retrieved from /home/airflow/.local/lib/python3.12/site-packages/airflow/example_dags/example_inlet_event_extra.py
[2025-04-11T02:06:27.626+0000] {logging_mixin.py:190} INFO - [2025-04-11T02:06:27.625+0000] {dag.py:3239} INFO - Sync 2 DAGs
[2025-04-11T02:06:27.646+0000] {logging_mixin.py:190} INFO - [2025-04-11T02:06:27.646+0000] {dag.py:4180} INFO - Setting next_dagrun for read_dataset_event to 2025-04-10 00:00:00+00:00, run_after=2025-04-11 00:00:00+00:00
[2025-04-11T02:06:27.650+0000] {logging_mixin.py:190} INFO - [2025-04-11T02:06:27.650+0000] {dag.py:4180} INFO - Setting next_dagrun for read_dataset_event_from_classic to 2025-04-10 00:00:00+00:00, run_after=2025-04-11 00:00:00+00:00
[2025-04-11T02:06:27.669+0000] {processor.py:208} INFO - Processing /home/airflow/.local/lib/python3.12/site-packages/airflow/example_dags/example_inlet_event_extra.py took 0.579 seconds
[2025-04-11T02:06:58.149+0000] {processor.py:186} INFO - Started process (PID=3385) to work on /home/airflow/.local/lib/python3.12/site-packages/airflow/example_dags/example_inlet_event_extra.py
[2025-04-11T02:06:58.149+0000] {processor.py:914} INFO - Processing file /home/airflow/.local/lib/python3.12/site-packages/airflow/example_dags/example_inlet_event_extra.py for tasks to queue
[2025-04-11T02:06:58.151+0000] {logging_mixin.py:190} INFO - [2025-04-11T02:06:58.151+0000] {dagbag.py:588} INFO - Filling up the DagBag from /home/airflow/.local/lib/python3.12/site-packages/airflow/example_dags/example_inlet_event_extra.py
[2025-04-11T02:06:58.626+0000] {processor.py:925} INFO - DAG(s) 'read_dataset_event', 'read_dataset_event_from_classic' retrieved from /home/airflow/.local/lib/python3.12/site-packages/airflow/example_dags/example_inlet_event_extra.py
[2025-04-11T02:06:58.648+0000] {logging_mixin.py:190} INFO - [2025-04-11T02:06:58.648+0000] {dag.py:3239} INFO - Sync 2 DAGs
[2025-04-11T02:06:58.670+0000] {logging_mixin.py:190} INFO - [2025-04-11T02:06:58.670+0000] {dag.py:4180} INFO - Setting next_dagrun for read_dataset_event to 2025-04-10 00:00:00+00:00, run_after=2025-04-11 00:00:00+00:00
[2025-04-11T02:06:58.675+0000] {logging_mixin.py:190} INFO - [2025-04-11T02:06:58.675+0000] {dag.py:4180} INFO - Setting next_dagrun for read_dataset_event_from_classic to 2025-04-10 00:00:00+00:00, run_after=2025-04-11 00:00:00+00:00
[2025-04-11T02:06:58.694+0000] {processor.py:208} INFO - Processing /home/airflow/.local/lib/python3.12/site-packages/airflow/example_dags/example_inlet_event_extra.py took 0.552 seconds
[2025-04-11T02:07:29.003+0000] {processor.py:186} INFO - Started process (PID=3450) to work on /home/airflow/.local/lib/python3.12/site-packages/airflow/example_dags/example_inlet_event_extra.py
[2025-04-11T02:07:29.005+0000] {processor.py:914} INFO - Processing file /home/airflow/.local/lib/python3.12/site-packages/airflow/example_dags/example_inlet_event_extra.py for tasks to queue
[2025-04-11T02:07:29.009+0000] {logging_mixin.py:190} INFO - [2025-04-11T02:07:29.007+0000] {dagbag.py:588} INFO - Filling up the DagBag from /home/airflow/.local/lib/python3.12/site-packages/airflow/example_dags/example_inlet_event_extra.py
[2025-04-11T02:07:30.393+0000] {processor.py:925} INFO - DAG(s) 'read_dataset_event', 'read_dataset_event_from_classic' retrieved from /home/airflow/.local/lib/python3.12/site-packages/airflow/example_dags/example_inlet_event_extra.py
[2025-04-11T02:07:30.455+0000] {logging_mixin.py:190} INFO - [2025-04-11T02:07:30.455+0000] {dag.py:3239} INFO - Sync 2 DAGs
[2025-04-11T02:07:30.513+0000] {logging_mixin.py:190} INFO - [2025-04-11T02:07:30.512+0000] {dag.py:4180} INFO - Setting next_dagrun for read_dataset_event to 2025-04-10 00:00:00+00:00, run_after=2025-04-11 00:00:00+00:00
[2025-04-11T02:07:30.525+0000] {logging_mixin.py:190} INFO - [2025-04-11T02:07:30.524+0000] {dag.py:4180} INFO - Setting next_dagrun for read_dataset_event_from_classic to 2025-04-10 00:00:00+00:00, run_after=2025-04-11 00:00:00+00:00
[2025-04-11T02:07:30.556+0000] {processor.py:208} INFO - Processing /home/airflow/.local/lib/python3.12/site-packages/airflow/example_dags/example_inlet_event_extra.py took 1.562 seconds
[2025-04-11T02:08:01.360+0000] {processor.py:186} INFO - Started process (PID=3521) to work on /home/airflow/.local/lib/python3.12/site-packages/airflow/example_dags/example_inlet_event_extra.py
[2025-04-11T02:08:01.361+0000] {processor.py:914} INFO - Processing file /home/airflow/.local/lib/python3.12/site-packages/airflow/example_dags/example_inlet_event_extra.py for tasks to queue
[2025-04-11T02:08:01.363+0000] {logging_mixin.py:190} INFO - [2025-04-11T02:08:01.363+0000] {dagbag.py:588} INFO - Filling up the DagBag from /home/airflow/.local/lib/python3.12/site-packages/airflow/example_dags/example_inlet_event_extra.py
[2025-04-11T02:08:02.526+0000] {processor.py:925} INFO - DAG(s) 'read_dataset_event_from_classic', 'read_dataset_event' retrieved from /home/airflow/.local/lib/python3.12/site-packages/airflow/example_dags/example_inlet_event_extra.py
[2025-04-11T02:08:02.569+0000] {logging_mixin.py:190} INFO - [2025-04-11T02:08:02.569+0000] {dag.py:3239} INFO - Sync 2 DAGs
[2025-04-11T02:08:02.637+0000] {logging_mixin.py:190} INFO - [2025-04-11T02:08:02.636+0000] {dag.py:4180} INFO - Setting next_dagrun for read_dataset_event to 2025-04-10 00:00:00+00:00, run_after=2025-04-11 00:00:00+00:00
[2025-04-11T02:08:02.648+0000] {logging_mixin.py:190} INFO - [2025-04-11T02:08:02.647+0000] {dag.py:4180} INFO - Setting next_dagrun for read_dataset_event_from_classic to 2025-04-10 00:00:00+00:00, run_after=2025-04-11 00:00:00+00:00
[2025-04-11T02:08:02.683+0000] {processor.py:208} INFO - Processing /home/airflow/.local/lib/python3.12/site-packages/airflow/example_dags/example_inlet_event_extra.py took 1.329 seconds
[2025-04-11T02:08:32.770+0000] {processor.py:186} INFO - Started process (PID=3586) to work on /home/airflow/.local/lib/python3.12/site-packages/airflow/example_dags/example_inlet_event_extra.py
[2025-04-11T02:08:32.771+0000] {processor.py:914} INFO - Processing file /home/airflow/.local/lib/python3.12/site-packages/airflow/example_dags/example_inlet_event_extra.py for tasks to queue
[2025-04-11T02:08:32.773+0000] {logging_mixin.py:190} INFO - [2025-04-11T02:08:32.772+0000] {dagbag.py:588} INFO - Filling up the DagBag from /home/airflow/.local/lib/python3.12/site-packages/airflow/example_dags/example_inlet_event_extra.py
[2025-04-11T02:08:33.857+0000] {processor.py:925} INFO - DAG(s) 'read_dataset_event_from_classic', 'read_dataset_event' retrieved from /home/airflow/.local/lib/python3.12/site-packages/airflow/example_dags/example_inlet_event_extra.py
[2025-04-11T02:08:33.917+0000] {logging_mixin.py:190} INFO - [2025-04-11T02:08:33.917+0000] {dag.py:3239} INFO - Sync 2 DAGs
[2025-04-11T02:08:33.992+0000] {logging_mixin.py:190} INFO - [2025-04-11T02:08:33.991+0000] {dag.py:4180} INFO - Setting next_dagrun for read_dataset_event to 2025-04-10 00:00:00+00:00, run_after=2025-04-11 00:00:00+00:00
[2025-04-11T02:08:34.000+0000] {logging_mixin.py:190} INFO - [2025-04-11T02:08:34.000+0000] {dag.py:4180} INFO - Setting next_dagrun for read_dataset_event_from_classic to 2025-04-10 00:00:00+00:00, run_after=2025-04-11 00:00:00+00:00
[2025-04-11T02:08:34.036+0000] {processor.py:208} INFO - Processing /home/airflow/.local/lib/python3.12/site-packages/airflow/example_dags/example_inlet_event_extra.py took 1.271 seconds
[2025-04-11T02:09:04.501+0000] {processor.py:186} INFO - Started process (PID=3651) to work on /home/airflow/.local/lib/python3.12/site-packages/airflow/example_dags/example_inlet_event_extra.py
[2025-04-11T02:09:04.503+0000] {processor.py:914} INFO - Processing file /home/airflow/.local/lib/python3.12/site-packages/airflow/example_dags/example_inlet_event_extra.py for tasks to queue
[2025-04-11T02:09:04.507+0000] {logging_mixin.py:190} INFO - [2025-04-11T02:09:04.506+0000] {dagbag.py:588} INFO - Filling up the DagBag from /home/airflow/.local/lib/python3.12/site-packages/airflow/example_dags/example_inlet_event_extra.py
[2025-04-11T02:09:06.076+0000] {processor.py:925} INFO - DAG(s) 'read_dataset_event_from_classic', 'read_dataset_event' retrieved from /home/airflow/.local/lib/python3.12/site-packages/airflow/example_dags/example_inlet_event_extra.py
[2025-04-11T02:09:06.125+0000] {logging_mixin.py:190} INFO - [2025-04-11T02:09:06.125+0000] {dag.py:3239} INFO - Sync 2 DAGs
[2025-04-11T02:09:06.181+0000] {logging_mixin.py:190} INFO - [2025-04-11T02:09:06.180+0000] {dag.py:4180} INFO - Setting next_dagrun for read_dataset_event to 2025-04-10 00:00:00+00:00, run_after=2025-04-11 00:00:00+00:00
[2025-04-11T02:09:06.190+0000] {logging_mixin.py:190} INFO - [2025-04-11T02:09:06.190+0000] {dag.py:4180} INFO - Setting next_dagrun for read_dataset_event_from_classic to 2025-04-10 00:00:00+00:00, run_after=2025-04-11 00:00:00+00:00
[2025-04-11T02:09:06.227+0000] {processor.py:208} INFO - Processing /home/airflow/.local/lib/python3.12/site-packages/airflow/example_dags/example_inlet_event_extra.py took 1.735 seconds
[2025-04-11T02:09:36.573+0000] {processor.py:186} INFO - Started process (PID=3716) to work on /home/airflow/.local/lib/python3.12/site-packages/airflow/example_dags/example_inlet_event_extra.py
[2025-04-11T02:09:36.575+0000] {processor.py:914} INFO - Processing file /home/airflow/.local/lib/python3.12/site-packages/airflow/example_dags/example_inlet_event_extra.py for tasks to queue
[2025-04-11T02:09:36.577+0000] {logging_mixin.py:190} INFO - [2025-04-11T02:09:36.576+0000] {dagbag.py:588} INFO - Filling up the DagBag from /home/airflow/.local/lib/python3.12/site-packages/airflow/example_dags/example_inlet_event_extra.py
[2025-04-11T02:09:38.248+0000] {processor.py:925} INFO - DAG(s) 'read_dataset_event_from_classic', 'read_dataset_event' retrieved from /home/airflow/.local/lib/python3.12/site-packages/airflow/example_dags/example_inlet_event_extra.py
[2025-04-11T02:09:38.303+0000] {logging_mixin.py:190} INFO - [2025-04-11T02:09:38.303+0000] {dag.py:3239} INFO - Sync 2 DAGs
[2025-04-11T02:09:38.356+0000] {logging_mixin.py:190} INFO - [2025-04-11T02:09:38.355+0000] {dag.py:4180} INFO - Setting next_dagrun for read_dataset_event to 2025-04-10 00:00:00+00:00, run_after=2025-04-11 00:00:00+00:00
[2025-04-11T02:09:38.369+0000] {logging_mixin.py:190} INFO - [2025-04-11T02:09:38.368+0000] {dag.py:4180} INFO - Setting next_dagrun for read_dataset_event_from_classic to 2025-04-10 00:00:00+00:00, run_after=2025-04-11 00:00:00+00:00
[2025-04-11T02:09:38.404+0000] {processor.py:208} INFO - Processing /home/airflow/.local/lib/python3.12/site-packages/airflow/example_dags/example_inlet_event_extra.py took 1.839 seconds
[2025-04-11T02:10:08.579+0000] {processor.py:186} INFO - Started process (PID=3781) to work on /home/airflow/.local/lib/python3.12/site-packages/airflow/example_dags/example_inlet_event_extra.py
[2025-04-11T02:10:08.580+0000] {processor.py:914} INFO - Processing file /home/airflow/.local/lib/python3.12/site-packages/airflow/example_dags/example_inlet_event_extra.py for tasks to queue
[2025-04-11T02:10:08.581+0000] {logging_mixin.py:190} INFO - [2025-04-11T02:10:08.581+0000] {dagbag.py:588} INFO - Filling up the DagBag from /home/airflow/.local/lib/python3.12/site-packages/airflow/example_dags/example_inlet_event_extra.py
[2025-04-11T02:10:09.027+0000] {processor.py:925} INFO - DAG(s) 'read_dataset_event', 'read_dataset_event_from_classic' retrieved from /home/airflow/.local/lib/python3.12/site-packages/airflow/example_dags/example_inlet_event_extra.py
[2025-04-11T02:10:09.049+0000] {logging_mixin.py:190} INFO - [2025-04-11T02:10:09.048+0000] {dag.py:3239} INFO - Sync 2 DAGs
[2025-04-11T02:10:09.071+0000] {logging_mixin.py:190} INFO - [2025-04-11T02:10:09.070+0000] {dag.py:4180} INFO - Setting next_dagrun for read_dataset_event to 2025-04-10 00:00:00+00:00, run_after=2025-04-11 00:00:00+00:00
[2025-04-11T02:10:09.076+0000] {logging_mixin.py:190} INFO - [2025-04-11T02:10:09.076+0000] {dag.py:4180} INFO - Setting next_dagrun for read_dataset_event_from_classic to 2025-04-10 00:00:00+00:00, run_after=2025-04-11 00:00:00+00:00
[2025-04-11T02:10:09.095+0000] {processor.py:208} INFO - Processing /home/airflow/.local/lib/python3.12/site-packages/airflow/example_dags/example_inlet_event_extra.py took 0.521 seconds
[2025-04-11T02:10:39.569+0000] {processor.py:186} INFO - Started process (PID=3846) to work on /home/airflow/.local/lib/python3.12/site-packages/airflow/example_dags/example_inlet_event_extra.py
[2025-04-11T02:10:39.570+0000] {processor.py:914} INFO - Processing file /home/airflow/.local/lib/python3.12/site-packages/airflow/example_dags/example_inlet_event_extra.py for tasks to queue
[2025-04-11T02:10:39.572+0000] {logging_mixin.py:190} INFO - [2025-04-11T02:10:39.571+0000] {dagbag.py:588} INFO - Filling up the DagBag from /home/airflow/.local/lib/python3.12/site-packages/airflow/example_dags/example_inlet_event_extra.py
[2025-04-11T02:10:40.047+0000] {processor.py:925} INFO - DAG(s) 'read_dataset_event_from_classic', 'read_dataset_event' retrieved from /home/airflow/.local/lib/python3.12/site-packages/airflow/example_dags/example_inlet_event_extra.py
[2025-04-11T02:10:40.072+0000] {logging_mixin.py:190} INFO - [2025-04-11T02:10:40.072+0000] {dag.py:3239} INFO - Sync 2 DAGs
[2025-04-11T02:10:40.095+0000] {logging_mixin.py:190} INFO - [2025-04-11T02:10:40.094+0000] {dag.py:4180} INFO - Setting next_dagrun for read_dataset_event to 2025-04-10 00:00:00+00:00, run_after=2025-04-11 00:00:00+00:00
[2025-04-11T02:10:40.100+0000] {logging_mixin.py:190} INFO - [2025-04-11T02:10:40.100+0000] {dag.py:4180} INFO - Setting next_dagrun for read_dataset_event_from_classic to 2025-04-10 00:00:00+00:00, run_after=2025-04-11 00:00:00+00:00
[2025-04-11T02:10:40.120+0000] {processor.py:208} INFO - Processing /home/airflow/.local/lib/python3.12/site-packages/airflow/example_dags/example_inlet_event_extra.py took 0.556 seconds
[2025-04-11T02:11:10.536+0000] {processor.py:186} INFO - Started process (PID=3911) to work on /home/airflow/.local/lib/python3.12/site-packages/airflow/example_dags/example_inlet_event_extra.py
[2025-04-11T02:11:10.537+0000] {processor.py:914} INFO - Processing file /home/airflow/.local/lib/python3.12/site-packages/airflow/example_dags/example_inlet_event_extra.py for tasks to queue
[2025-04-11T02:11:10.540+0000] {logging_mixin.py:190} INFO - [2025-04-11T02:11:10.539+0000] {dagbag.py:588} INFO - Filling up the DagBag from /home/airflow/.local/lib/python3.12/site-packages/airflow/example_dags/example_inlet_event_extra.py
[2025-04-11T02:11:11.143+0000] {processor.py:925} INFO - DAG(s) 'read_dataset_event_from_classic', 'read_dataset_event' retrieved from /home/airflow/.local/lib/python3.12/site-packages/airflow/example_dags/example_inlet_event_extra.py
[2025-04-11T02:11:11.192+0000] {logging_mixin.py:190} INFO - [2025-04-11T02:11:11.191+0000] {dag.py:3239} INFO - Sync 2 DAGs
[2025-04-11T02:11:11.256+0000] {logging_mixin.py:190} INFO - [2025-04-11T02:11:11.255+0000] {dag.py:4180} INFO - Setting next_dagrun for read_dataset_event to 2025-04-10 00:00:00+00:00, run_after=2025-04-11 00:00:00+00:00
[2025-04-11T02:11:11.272+0000] {logging_mixin.py:190} INFO - [2025-04-11T02:11:11.271+0000] {dag.py:4180} INFO - Setting next_dagrun for read_dataset_event_from_classic to 2025-04-10 00:00:00+00:00, run_after=2025-04-11 00:00:00+00:00
[2025-04-11T02:11:11.316+0000] {processor.py:208} INFO - Processing /home/airflow/.local/lib/python3.12/site-packages/airflow/example_dags/example_inlet_event_extra.py took 0.787 seconds
[2025-04-11T02:11:41.476+0000] {processor.py:186} INFO - Started process (PID=3976) to work on /home/airflow/.local/lib/python3.12/site-packages/airflow/example_dags/example_inlet_event_extra.py
[2025-04-11T02:11:41.480+0000] {processor.py:914} INFO - Processing file /home/airflow/.local/lib/python3.12/site-packages/airflow/example_dags/example_inlet_event_extra.py for tasks to queue
[2025-04-11T02:11:41.484+0000] {logging_mixin.py:190} INFO - [2025-04-11T02:11:41.483+0000] {dagbag.py:588} INFO - Filling up the DagBag from /home/airflow/.local/lib/python3.12/site-packages/airflow/example_dags/example_inlet_event_extra.py
[2025-04-11T02:11:43.159+0000] {processor.py:925} INFO - DAG(s) 'read_dataset_event', 'read_dataset_event_from_classic' retrieved from /home/airflow/.local/lib/python3.12/site-packages/airflow/example_dags/example_inlet_event_extra.py
[2025-04-11T02:11:43.219+0000] {logging_mixin.py:190} INFO - [2025-04-11T02:11:43.218+0000] {dag.py:3239} INFO - Sync 2 DAGs
[2025-04-11T02:11:43.298+0000] {logging_mixin.py:190} INFO - [2025-04-11T02:11:43.298+0000] {dag.py:4180} INFO - Setting next_dagrun for read_dataset_event to 2025-04-10 00:00:00+00:00, run_after=2025-04-11 00:00:00+00:00
[2025-04-11T02:11:43.312+0000] {logging_mixin.py:190} INFO - [2025-04-11T02:11:43.312+0000] {dag.py:4180} INFO - Setting next_dagrun for read_dataset_event_from_classic to 2025-04-10 00:00:00+00:00, run_after=2025-04-11 00:00:00+00:00
[2025-04-11T02:11:43.362+0000] {processor.py:208} INFO - Processing /home/airflow/.local/lib/python3.12/site-packages/airflow/example_dags/example_inlet_event_extra.py took 1.908 seconds
[2025-04-11T02:12:13.538+0000] {processor.py:186} INFO - Started process (PID=4041) to work on /home/airflow/.local/lib/python3.12/site-packages/airflow/example_dags/example_inlet_event_extra.py
[2025-04-11T02:12:13.540+0000] {processor.py:914} INFO - Processing file /home/airflow/.local/lib/python3.12/site-packages/airflow/example_dags/example_inlet_event_extra.py for tasks to queue
[2025-04-11T02:12:13.543+0000] {logging_mixin.py:190} INFO - [2025-04-11T02:12:13.542+0000] {dagbag.py:588} INFO - Filling up the DagBag from /home/airflow/.local/lib/python3.12/site-packages/airflow/example_dags/example_inlet_event_extra.py
[2025-04-11T02:12:15.047+0000] {processor.py:925} INFO - DAG(s) 'read_dataset_event_from_classic', 'read_dataset_event' retrieved from /home/airflow/.local/lib/python3.12/site-packages/airflow/example_dags/example_inlet_event_extra.py
[2025-04-11T02:12:15.105+0000] {logging_mixin.py:190} INFO - [2025-04-11T02:12:15.104+0000] {dag.py:3239} INFO - Sync 2 DAGs
[2025-04-11T02:12:15.182+0000] {logging_mixin.py:190} INFO - [2025-04-11T02:12:15.182+0000] {dag.py:4180} INFO - Setting next_dagrun for read_dataset_event to 2025-04-10 00:00:00+00:00, run_after=2025-04-11 00:00:00+00:00
[2025-04-11T02:12:15.198+0000] {logging_mixin.py:190} INFO - [2025-04-11T02:12:15.198+0000] {dag.py:4180} INFO - Setting next_dagrun for read_dataset_event_from_classic to 2025-04-10 00:00:00+00:00, run_after=2025-04-11 00:00:00+00:00
[2025-04-11T02:12:15.253+0000] {processor.py:208} INFO - Processing /home/airflow/.local/lib/python3.12/site-packages/airflow/example_dags/example_inlet_event_extra.py took 1.724 seconds
[2025-04-11T02:12:45.460+0000] {processor.py:186} INFO - Started process (PID=4107) to work on /home/airflow/.local/lib/python3.12/site-packages/airflow/example_dags/example_inlet_event_extra.py
[2025-04-11T02:12:45.462+0000] {processor.py:914} INFO - Processing file /home/airflow/.local/lib/python3.12/site-packages/airflow/example_dags/example_inlet_event_extra.py for tasks to queue
[2025-04-11T02:12:45.465+0000] {logging_mixin.py:190} INFO - [2025-04-11T02:12:45.465+0000] {dagbag.py:588} INFO - Filling up the DagBag from /home/airflow/.local/lib/python3.12/site-packages/airflow/example_dags/example_inlet_event_extra.py
[2025-04-11T02:12:46.912+0000] {processor.py:925} INFO - DAG(s) 'read_dataset_event_from_classic', 'read_dataset_event' retrieved from /home/airflow/.local/lib/python3.12/site-packages/airflow/example_dags/example_inlet_event_extra.py
[2025-04-11T02:12:46.959+0000] {logging_mixin.py:190} INFO - [2025-04-11T02:12:46.958+0000] {dag.py:3239} INFO - Sync 2 DAGs
[2025-04-11T02:12:47.029+0000] {logging_mixin.py:190} INFO - [2025-04-11T02:12:47.029+0000] {dag.py:4180} INFO - Setting next_dagrun for read_dataset_event to 2025-04-10 00:00:00+00:00, run_after=2025-04-11 00:00:00+00:00
[2025-04-11T02:12:47.045+0000] {logging_mixin.py:190} INFO - [2025-04-11T02:12:47.045+0000] {dag.py:4180} INFO - Setting next_dagrun for read_dataset_event_from_classic to 2025-04-10 00:00:00+00:00, run_after=2025-04-11 00:00:00+00:00
[2025-04-11T02:12:47.090+0000] {processor.py:208} INFO - Processing /home/airflow/.local/lib/python3.12/site-packages/airflow/example_dags/example_inlet_event_extra.py took 1.645 seconds
[2025-04-11T02:13:17.358+0000] {processor.py:186} INFO - Started process (PID=4173) to work on /home/airflow/.local/lib/python3.12/site-packages/airflow/example_dags/example_inlet_event_extra.py
[2025-04-11T02:13:17.359+0000] {processor.py:914} INFO - Processing file /home/airflow/.local/lib/python3.12/site-packages/airflow/example_dags/example_inlet_event_extra.py for tasks to queue
[2025-04-11T02:13:17.361+0000] {logging_mixin.py:190} INFO - [2025-04-11T02:13:17.361+0000] {dagbag.py:588} INFO - Filling up the DagBag from /home/airflow/.local/lib/python3.12/site-packages/airflow/example_dags/example_inlet_event_extra.py
[2025-04-11T02:13:17.813+0000] {processor.py:925} INFO - DAG(s) 'read_dataset_event', 'read_dataset_event_from_classic' retrieved from /home/airflow/.local/lib/python3.12/site-packages/airflow/example_dags/example_inlet_event_extra.py
[2025-04-11T02:13:17.833+0000] {logging_mixin.py:190} INFO - [2025-04-11T02:13:17.833+0000] {dag.py:3239} INFO - Sync 2 DAGs
[2025-04-11T02:13:17.856+0000] {logging_mixin.py:190} INFO - [2025-04-11T02:13:17.856+0000] {dag.py:4180} INFO - Setting next_dagrun for read_dataset_event to 2025-04-10 00:00:00+00:00, run_after=2025-04-11 00:00:00+00:00
[2025-04-11T02:13:17.861+0000] {logging_mixin.py:190} INFO - [2025-04-11T02:13:17.861+0000] {dag.py:4180} INFO - Setting next_dagrun for read_dataset_event_from_classic to 2025-04-10 00:00:00+00:00, run_after=2025-04-11 00:00:00+00:00
[2025-04-11T02:13:17.880+0000] {processor.py:208} INFO - Processing /home/airflow/.local/lib/python3.12/site-packages/airflow/example_dags/example_inlet_event_extra.py took 0.528 seconds
[2025-04-11T02:13:48.206+0000] {processor.py:186} INFO - Started process (PID=4238) to work on /home/airflow/.local/lib/python3.12/site-packages/airflow/example_dags/example_inlet_event_extra.py
[2025-04-11T02:13:48.207+0000] {processor.py:914} INFO - Processing file /home/airflow/.local/lib/python3.12/site-packages/airflow/example_dags/example_inlet_event_extra.py for tasks to queue
[2025-04-11T02:13:48.210+0000] {logging_mixin.py:190} INFO - [2025-04-11T02:13:48.210+0000] {dagbag.py:588} INFO - Filling up the DagBag from /home/airflow/.local/lib/python3.12/site-packages/airflow/example_dags/example_inlet_event_extra.py
[2025-04-11T02:13:48.718+0000] {processor.py:925} INFO - DAG(s) 'read_dataset_event_from_classic', 'read_dataset_event' retrieved from /home/airflow/.local/lib/python3.12/site-packages/airflow/example_dags/example_inlet_event_extra.py
[2025-04-11T02:13:48.741+0000] {logging_mixin.py:190} INFO - [2025-04-11T02:13:48.740+0000] {dag.py:3239} INFO - Sync 2 DAGs
[2025-04-11T02:13:48.764+0000] {logging_mixin.py:190} INFO - [2025-04-11T02:13:48.763+0000] {dag.py:4180} INFO - Setting next_dagrun for read_dataset_event to 2025-04-10 00:00:00+00:00, run_after=2025-04-11 00:00:00+00:00
[2025-04-11T02:13:48.769+0000] {logging_mixin.py:190} INFO - [2025-04-11T02:13:48.769+0000] {dag.py:4180} INFO - Setting next_dagrun for read_dataset_event_from_classic to 2025-04-10 00:00:00+00:00, run_after=2025-04-11 00:00:00+00:00
[2025-04-11T02:13:48.787+0000] {processor.py:208} INFO - Processing /home/airflow/.local/lib/python3.12/site-packages/airflow/example_dags/example_inlet_event_extra.py took 0.589 seconds
[2025-04-11T02:14:19.236+0000] {processor.py:186} INFO - Started process (PID=4305) to work on /home/airflow/.local/lib/python3.12/site-packages/airflow/example_dags/example_inlet_event_extra.py
[2025-04-11T02:14:19.237+0000] {processor.py:914} INFO - Processing file /home/airflow/.local/lib/python3.12/site-packages/airflow/example_dags/example_inlet_event_extra.py for tasks to queue
[2025-04-11T02:14:19.240+0000] {logging_mixin.py:190} INFO - [2025-04-11T02:14:19.239+0000] {dagbag.py:588} INFO - Filling up the DagBag from /home/airflow/.local/lib/python3.12/site-packages/airflow/example_dags/example_inlet_event_extra.py
[2025-04-11T02:14:19.742+0000] {processor.py:925} INFO - DAG(s) 'read_dataset_event', 'read_dataset_event_from_classic' retrieved from /home/airflow/.local/lib/python3.12/site-packages/airflow/example_dags/example_inlet_event_extra.py
[2025-04-11T02:14:19.761+0000] {logging_mixin.py:190} INFO - [2025-04-11T02:14:19.761+0000] {dag.py:3239} INFO - Sync 2 DAGs
[2025-04-11T02:14:19.779+0000] {logging_mixin.py:190} INFO - [2025-04-11T02:14:19.779+0000] {dag.py:4180} INFO - Setting next_dagrun for read_dataset_event to 2025-04-10 00:00:00+00:00, run_after=2025-04-11 00:00:00+00:00
[2025-04-11T02:14:19.784+0000] {logging_mixin.py:190} INFO - [2025-04-11T02:14:19.784+0000] {dag.py:4180} INFO - Setting next_dagrun for read_dataset_event_from_classic to 2025-04-10 00:00:00+00:00, run_after=2025-04-11 00:00:00+00:00
[2025-04-11T02:14:19.800+0000] {processor.py:208} INFO - Processing /home/airflow/.local/lib/python3.12/site-packages/airflow/example_dags/example_inlet_event_extra.py took 0.570 seconds
[2025-04-11T02:14:50.016+0000] {processor.py:186} INFO - Started process (PID=4370) to work on /home/airflow/.local/lib/python3.12/site-packages/airflow/example_dags/example_inlet_event_extra.py
[2025-04-11T02:14:50.019+0000] {processor.py:914} INFO - Processing file /home/airflow/.local/lib/python3.12/site-packages/airflow/example_dags/example_inlet_event_extra.py for tasks to queue
[2025-04-11T02:14:50.022+0000] {logging_mixin.py:190} INFO - [2025-04-11T02:14:50.021+0000] {dagbag.py:588} INFO - Filling up the DagBag from /home/airflow/.local/lib/python3.12/site-packages/airflow/example_dags/example_inlet_event_extra.py
[2025-04-11T02:14:51.362+0000] {processor.py:925} INFO - DAG(s) 'read_dataset_event_from_classic', 'read_dataset_event' retrieved from /home/airflow/.local/lib/python3.12/site-packages/airflow/example_dags/example_inlet_event_extra.py
[2025-04-11T02:14:51.391+0000] {logging_mixin.py:190} INFO - [2025-04-11T02:14:51.391+0000] {dag.py:3239} INFO - Sync 2 DAGs
[2025-04-11T02:14:51.427+0000] {logging_mixin.py:190} INFO - [2025-04-11T02:14:51.427+0000] {dag.py:4180} INFO - Setting next_dagrun for read_dataset_event to 2025-04-10 00:00:00+00:00, run_after=2025-04-11 00:00:00+00:00
[2025-04-11T02:14:51.436+0000] {logging_mixin.py:190} INFO - [2025-04-11T02:14:51.436+0000] {dag.py:4180} INFO - Setting next_dagrun for read_dataset_event_from_classic to 2025-04-10 00:00:00+00:00, run_after=2025-04-11 00:00:00+00:00
[2025-04-11T02:14:51.464+0000] {processor.py:208} INFO - Processing /home/airflow/.local/lib/python3.12/site-packages/airflow/example_dags/example_inlet_event_extra.py took 1.463 seconds
[2025-04-11T02:15:21.556+0000] {processor.py:186} INFO - Started process (PID=4435) to work on /home/airflow/.local/lib/python3.12/site-packages/airflow/example_dags/example_inlet_event_extra.py
[2025-04-11T02:15:21.557+0000] {processor.py:914} INFO - Processing file /home/airflow/.local/lib/python3.12/site-packages/airflow/example_dags/example_inlet_event_extra.py for tasks to queue
[2025-04-11T02:15:21.559+0000] {logging_mixin.py:190} INFO - [2025-04-11T02:15:21.559+0000] {dagbag.py:588} INFO - Filling up the DagBag from /home/airflow/.local/lib/python3.12/site-packages/airflow/example_dags/example_inlet_event_extra.py
[2025-04-11T02:15:22.060+0000] {processor.py:925} INFO - DAG(s) 'read_dataset_event_from_classic', 'read_dataset_event' retrieved from /home/airflow/.local/lib/python3.12/site-packages/airflow/example_dags/example_inlet_event_extra.py
[2025-04-11T02:15:22.083+0000] {logging_mixin.py:190} INFO - [2025-04-11T02:15:22.082+0000] {dag.py:3239} INFO - Sync 2 DAGs
[2025-04-11T02:15:22.103+0000] {logging_mixin.py:190} INFO - [2025-04-11T02:15:22.103+0000] {dag.py:4180} INFO - Setting next_dagrun for read_dataset_event to 2025-04-10 00:00:00+00:00, run_after=2025-04-11 00:00:00+00:00
[2025-04-11T02:15:22.109+0000] {logging_mixin.py:190} INFO - [2025-04-11T02:15:22.109+0000] {dag.py:4180} INFO - Setting next_dagrun for read_dataset_event_from_classic to 2025-04-10 00:00:00+00:00, run_after=2025-04-11 00:00:00+00:00
[2025-04-11T02:15:22.128+0000] {processor.py:208} INFO - Processing /home/airflow/.local/lib/python3.12/site-packages/airflow/example_dags/example_inlet_event_extra.py took 0.576 seconds
[2025-04-11T02:15:53.171+0000] {processor.py:186} INFO - Started process (PID=4501) to work on /home/airflow/.local/lib/python3.12/site-packages/airflow/example_dags/example_inlet_event_extra.py
[2025-04-11T02:15:53.174+0000] {processor.py:914} INFO - Processing file /home/airflow/.local/lib/python3.12/site-packages/airflow/example_dags/example_inlet_event_extra.py for tasks to queue
[2025-04-11T02:15:53.180+0000] {logging_mixin.py:190} INFO - [2025-04-11T02:15:53.179+0000] {dagbag.py:588} INFO - Filling up the DagBag from /home/airflow/.local/lib/python3.12/site-packages/airflow/example_dags/example_inlet_event_extra.py
[2025-04-11T03:01:29.282+0000] {processor.py:925} INFO - DAG(s) 'read_dataset_event', 'read_dataset_event_from_classic' retrieved from /home/airflow/.local/lib/python3.12/site-packages/airflow/example_dags/example_inlet_event_extra.py
[2025-04-11T03:01:29.322+0000] {logging_mixin.py:190} INFO - [2025-04-11T03:01:29.322+0000] {dag.py:3239} INFO - Sync 2 DAGs
[2025-04-11T03:01:29.444+0000] {logging_mixin.py:190} INFO - [2025-04-11T03:01:29.444+0000] {dag.py:4180} INFO - Setting next_dagrun for read_dataset_event to 2025-04-10 00:00:00+00:00, run_after=2025-04-11 00:00:00+00:00
[2025-04-11T03:01:29.927+0000] {logging_mixin.py:190} INFO - [2025-04-11T03:01:29.927+0000] {dag.py:4180} INFO - Setting next_dagrun for read_dataset_event_from_classic to 2025-04-10 00:00:00+00:00, run_after=2025-04-11 00:00:00+00:00
[2025-04-11T03:01:30.070+0000] {processor.py:208} INFO - Processing /home/airflow/.local/lib/python3.12/site-packages/airflow/example_dags/example_inlet_event_extra.py took 2.346 seconds
