[2025-04-11T01:49:59.514+0000] {processor.py:186} INFO - Started process (PID=1272) to work on /home/airflow/.local/lib/python3.12/site-packages/airflow/example_dags/example_branch_python_dop_operator_3.py
[2025-04-11T01:49:59.521+0000] {processor.py:914} INFO - Processing file /home/airflow/.local/lib/python3.12/site-packages/airflow/example_dags/example_branch_python_dop_operator_3.py for tasks to queue
[2025-04-11T01:49:59.524+0000] {logging_mixin.py:190} INFO - [2025-04-11T01:49:59.523+0000] {dagbag.py:588} INFO - Filling up the DagBag from /home/airflow/.local/lib/python3.12/site-packages/airflow/example_dags/example_branch_python_dop_operator_3.py
[2025-04-11T01:49:59.550+0000] {processor.py:925} INFO - DAG(s) 'example_branch_dop_operator_v3' retrieved from /home/airflow/.local/lib/python3.12/site-packages/airflow/example_dags/example_branch_python_dop_operator_3.py
[2025-04-11T01:49:59.608+0000] {logging_mixin.py:190} INFO - [2025-04-11T01:49:59.608+0000] {dag.py:3239} INFO - Sync 1 DAGs
[2025-04-11T01:49:59.709+0000] {logging_mixin.py:190} INFO - [2025-04-11T01:49:59.709+0000] {dag.py:4180} INFO - Setting next_dagrun for example_branch_dop_operator_v3 to 2025-04-11 01:48:00+00:00, run_after=2025-04-11 01:49:00+00:00
[2025-04-11T01:49:59.765+0000] {processor.py:208} INFO - Processing /home/airflow/.local/lib/python3.12/site-packages/airflow/example_dags/example_branch_python_dop_operator_3.py took 0.266 seconds
[2025-04-11T01:50:30.180+0000] {processor.py:186} INFO - Started process (PID=1338) to work on /home/airflow/.local/lib/python3.12/site-packages/airflow/example_dags/example_branch_python_dop_operator_3.py
[2025-04-11T01:50:30.183+0000] {processor.py:914} INFO - Processing file /home/airflow/.local/lib/python3.12/site-packages/airflow/example_dags/example_branch_python_dop_operator_3.py for tasks to queue
[2025-04-11T01:50:30.185+0000] {logging_mixin.py:190} INFO - [2025-04-11T01:50:30.185+0000] {dagbag.py:588} INFO - Filling up the DagBag from /home/airflow/.local/lib/python3.12/site-packages/airflow/example_dags/example_branch_python_dop_operator_3.py
[2025-04-11T01:50:30.208+0000] {processor.py:925} INFO - DAG(s) 'example_branch_dop_operator_v3' retrieved from /home/airflow/.local/lib/python3.12/site-packages/airflow/example_dags/example_branch_python_dop_operator_3.py
[2025-04-11T01:50:30.260+0000] {logging_mixin.py:190} INFO - [2025-04-11T01:50:30.259+0000] {dag.py:3239} INFO - Sync 1 DAGs
[2025-04-11T01:50:30.336+0000] {logging_mixin.py:190} INFO - [2025-04-11T01:50:30.336+0000] {dag.py:4180} INFO - Setting next_dagrun for example_branch_dop_operator_v3 to 2025-04-11 01:49:00+00:00, run_after=2025-04-11 01:50:00+00:00
[2025-04-11T01:50:30.379+0000] {processor.py:208} INFO - Processing /home/airflow/.local/lib/python3.12/site-packages/airflow/example_dags/example_branch_python_dop_operator_3.py took 0.208 seconds
[2025-04-11T01:51:00.669+0000] {processor.py:186} INFO - Started process (PID=1403) to work on /home/airflow/.local/lib/python3.12/site-packages/airflow/example_dags/example_branch_python_dop_operator_3.py
[2025-04-11T01:51:00.672+0000] {processor.py:914} INFO - Processing file /home/airflow/.local/lib/python3.12/site-packages/airflow/example_dags/example_branch_python_dop_operator_3.py for tasks to queue
[2025-04-11T01:51:00.675+0000] {logging_mixin.py:190} INFO - [2025-04-11T01:51:00.674+0000] {dagbag.py:588} INFO - Filling up the DagBag from /home/airflow/.local/lib/python3.12/site-packages/airflow/example_dags/example_branch_python_dop_operator_3.py
[2025-04-11T01:51:00.717+0000] {processor.py:925} INFO - DAG(s) 'example_branch_dop_operator_v3' retrieved from /home/airflow/.local/lib/python3.12/site-packages/airflow/example_dags/example_branch_python_dop_operator_3.py
[2025-04-11T01:51:00.779+0000] {logging_mixin.py:190} INFO - [2025-04-11T01:51:00.778+0000] {dag.py:3239} INFO - Sync 1 DAGs
[2025-04-11T01:51:00.867+0000] {logging_mixin.py:190} INFO - [2025-04-11T01:51:00.866+0000] {dag.py:4180} INFO - Setting next_dagrun for example_branch_dop_operator_v3 to 2025-04-11 01:50:00+00:00, run_after=2025-04-11 01:51:00+00:00
[2025-04-11T01:51:00.916+0000] {processor.py:208} INFO - Processing /home/airflow/.local/lib/python3.12/site-packages/airflow/example_dags/example_branch_python_dop_operator_3.py took 0.266 seconds
[2025-04-11T01:51:31.768+0000] {processor.py:186} INFO - Started process (PID=1468) to work on /home/airflow/.local/lib/python3.12/site-packages/airflow/example_dags/example_branch_python_dop_operator_3.py
[2025-04-11T01:51:31.771+0000] {processor.py:914} INFO - Processing file /home/airflow/.local/lib/python3.12/site-packages/airflow/example_dags/example_branch_python_dop_operator_3.py for tasks to queue
[2025-04-11T01:51:31.773+0000] {logging_mixin.py:190} INFO - [2025-04-11T01:51:31.773+0000] {dagbag.py:588} INFO - Filling up the DagBag from /home/airflow/.local/lib/python3.12/site-packages/airflow/example_dags/example_branch_python_dop_operator_3.py
[2025-04-11T01:51:31.796+0000] {processor.py:925} INFO - DAG(s) 'example_branch_dop_operator_v3' retrieved from /home/airflow/.local/lib/python3.12/site-packages/airflow/example_dags/example_branch_python_dop_operator_3.py
[2025-04-11T01:51:31.827+0000] {logging_mixin.py:190} INFO - [2025-04-11T01:51:31.827+0000] {dag.py:3239} INFO - Sync 1 DAGs
[2025-04-11T01:51:31.866+0000] {logging_mixin.py:190} INFO - [2025-04-11T01:51:31.865+0000] {dag.py:4180} INFO - Setting next_dagrun for example_branch_dop_operator_v3 to 2025-04-11 01:50:00+00:00, run_after=2025-04-11 01:51:00+00:00
[2025-04-11T01:51:31.899+0000] {processor.py:208} INFO - Processing /home/airflow/.local/lib/python3.12/site-packages/airflow/example_dags/example_branch_python_dop_operator_3.py took 0.150 seconds
[2025-04-11T01:52:02.206+0000] {processor.py:186} INFO - Started process (PID=1533) to work on /home/airflow/.local/lib/python3.12/site-packages/airflow/example_dags/example_branch_python_dop_operator_3.py
[2025-04-11T01:52:02.209+0000] {processor.py:914} INFO - Processing file /home/airflow/.local/lib/python3.12/site-packages/airflow/example_dags/example_branch_python_dop_operator_3.py for tasks to queue
[2025-04-11T01:52:02.212+0000] {logging_mixin.py:190} INFO - [2025-04-11T01:52:02.212+0000] {dagbag.py:588} INFO - Filling up the DagBag from /home/airflow/.local/lib/python3.12/site-packages/airflow/example_dags/example_branch_python_dop_operator_3.py
[2025-04-11T01:52:02.237+0000] {processor.py:925} INFO - DAG(s) 'example_branch_dop_operator_v3' retrieved from /home/airflow/.local/lib/python3.12/site-packages/airflow/example_dags/example_branch_python_dop_operator_3.py
[2025-04-11T01:52:02.278+0000] {logging_mixin.py:190} INFO - [2025-04-11T01:52:02.277+0000] {dag.py:3239} INFO - Sync 1 DAGs
[2025-04-11T01:52:02.324+0000] {logging_mixin.py:190} INFO - [2025-04-11T01:52:02.323+0000] {dag.py:4180} INFO - Setting next_dagrun for example_branch_dop_operator_v3 to 2025-04-11 01:51:00+00:00, run_after=2025-04-11 01:52:00+00:00
[2025-04-11T01:52:02.354+0000] {processor.py:208} INFO - Processing /home/airflow/.local/lib/python3.12/site-packages/airflow/example_dags/example_branch_python_dop_operator_3.py took 0.163 seconds
[2025-04-11T01:52:32.903+0000] {processor.py:186} INFO - Started process (PID=1598) to work on /home/airflow/.local/lib/python3.12/site-packages/airflow/example_dags/example_branch_python_dop_operator_3.py
[2025-04-11T01:52:32.905+0000] {processor.py:914} INFO - Processing file /home/airflow/.local/lib/python3.12/site-packages/airflow/example_dags/example_branch_python_dop_operator_3.py for tasks to queue
[2025-04-11T01:52:32.908+0000] {logging_mixin.py:190} INFO - [2025-04-11T01:52:32.907+0000] {dagbag.py:588} INFO - Filling up the DagBag from /home/airflow/.local/lib/python3.12/site-packages/airflow/example_dags/example_branch_python_dop_operator_3.py
[2025-04-11T01:52:32.932+0000] {processor.py:925} INFO - DAG(s) 'example_branch_dop_operator_v3' retrieved from /home/airflow/.local/lib/python3.12/site-packages/airflow/example_dags/example_branch_python_dop_operator_3.py
[2025-04-11T01:52:32.978+0000] {logging_mixin.py:190} INFO - [2025-04-11T01:52:32.977+0000] {dag.py:3239} INFO - Sync 1 DAGs
[2025-04-11T01:52:33.052+0000] {logging_mixin.py:190} INFO - [2025-04-11T01:52:33.051+0000] {dag.py:4180} INFO - Setting next_dagrun for example_branch_dop_operator_v3 to 2025-04-11 01:51:00+00:00, run_after=2025-04-11 01:52:00+00:00
[2025-04-11T01:52:33.107+0000] {processor.py:208} INFO - Processing /home/airflow/.local/lib/python3.12/site-packages/airflow/example_dags/example_branch_python_dop_operator_3.py took 0.213 seconds
[2025-04-11T01:53:03.775+0000] {processor.py:186} INFO - Started process (PID=1663) to work on /home/airflow/.local/lib/python3.12/site-packages/airflow/example_dags/example_branch_python_dop_operator_3.py
[2025-04-11T01:53:03.776+0000] {processor.py:914} INFO - Processing file /home/airflow/.local/lib/python3.12/site-packages/airflow/example_dags/example_branch_python_dop_operator_3.py for tasks to queue
[2025-04-11T01:53:03.778+0000] {logging_mixin.py:190} INFO - [2025-04-11T01:53:03.778+0000] {dagbag.py:588} INFO - Filling up the DagBag from /home/airflow/.local/lib/python3.12/site-packages/airflow/example_dags/example_branch_python_dop_operator_3.py
[2025-04-11T01:53:03.788+0000] {processor.py:925} INFO - DAG(s) 'example_branch_dop_operator_v3' retrieved from /home/airflow/.local/lib/python3.12/site-packages/airflow/example_dags/example_branch_python_dop_operator_3.py
[2025-04-11T01:53:03.807+0000] {logging_mixin.py:190} INFO - [2025-04-11T01:53:03.807+0000] {dag.py:3239} INFO - Sync 1 DAGs
[2025-04-11T01:53:03.840+0000] {logging_mixin.py:190} INFO - [2025-04-11T01:53:03.840+0000] {dag.py:4180} INFO - Setting next_dagrun for example_branch_dop_operator_v3 to 2025-04-11 01:52:00+00:00, run_after=2025-04-11 01:53:00+00:00
[2025-04-11T01:53:03.864+0000] {processor.py:208} INFO - Processing /home/airflow/.local/lib/python3.12/site-packages/airflow/example_dags/example_branch_python_dop_operator_3.py took 0.094 seconds
[2025-04-11T01:53:34.664+0000] {processor.py:186} INFO - Started process (PID=1728) to work on /home/airflow/.local/lib/python3.12/site-packages/airflow/example_dags/example_branch_python_dop_operator_3.py
[2025-04-11T01:53:34.665+0000] {processor.py:914} INFO - Processing file /home/airflow/.local/lib/python3.12/site-packages/airflow/example_dags/example_branch_python_dop_operator_3.py for tasks to queue
[2025-04-11T01:53:34.666+0000] {logging_mixin.py:190} INFO - [2025-04-11T01:53:34.666+0000] {dagbag.py:588} INFO - Filling up the DagBag from /home/airflow/.local/lib/python3.12/site-packages/airflow/example_dags/example_branch_python_dop_operator_3.py
[2025-04-11T01:53:34.676+0000] {processor.py:925} INFO - DAG(s) 'example_branch_dop_operator_v3' retrieved from /home/airflow/.local/lib/python3.12/site-packages/airflow/example_dags/example_branch_python_dop_operator_3.py
[2025-04-11T01:53:34.695+0000] {logging_mixin.py:190} INFO - [2025-04-11T01:53:34.695+0000] {dag.py:3239} INFO - Sync 1 DAGs
[2025-04-11T01:53:34.723+0000] {logging_mixin.py:190} INFO - [2025-04-11T01:53:34.723+0000] {dag.py:4180} INFO - Setting next_dagrun for example_branch_dop_operator_v3 to 2025-04-11 01:52:00+00:00, run_after=2025-04-11 01:53:00+00:00
[2025-04-11T01:53:34.746+0000] {processor.py:208} INFO - Processing /home/airflow/.local/lib/python3.12/site-packages/airflow/example_dags/example_branch_python_dop_operator_3.py took 0.087 seconds
[2025-04-11T01:54:05.522+0000] {processor.py:186} INFO - Started process (PID=1793) to work on /home/airflow/.local/lib/python3.12/site-packages/airflow/example_dags/example_branch_python_dop_operator_3.py
[2025-04-11T01:54:05.524+0000] {processor.py:914} INFO - Processing file /home/airflow/.local/lib/python3.12/site-packages/airflow/example_dags/example_branch_python_dop_operator_3.py for tasks to queue
[2025-04-11T01:54:05.525+0000] {logging_mixin.py:190} INFO - [2025-04-11T01:54:05.525+0000] {dagbag.py:588} INFO - Filling up the DagBag from /home/airflow/.local/lib/python3.12/site-packages/airflow/example_dags/example_branch_python_dop_operator_3.py
[2025-04-11T01:54:05.534+0000] {processor.py:925} INFO - DAG(s) 'example_branch_dop_operator_v3' retrieved from /home/airflow/.local/lib/python3.12/site-packages/airflow/example_dags/example_branch_python_dop_operator_3.py
[2025-04-11T01:54:05.553+0000] {logging_mixin.py:190} INFO - [2025-04-11T01:54:05.553+0000] {dag.py:3239} INFO - Sync 1 DAGs
[2025-04-11T01:54:05.575+0000] {logging_mixin.py:190} INFO - [2025-04-11T01:54:05.574+0000] {dag.py:4180} INFO - Setting next_dagrun for example_branch_dop_operator_v3 to 2025-04-11 01:53:00+00:00, run_after=2025-04-11 01:54:00+00:00
[2025-04-11T01:54:05.598+0000] {processor.py:208} INFO - Processing /home/airflow/.local/lib/python3.12/site-packages/airflow/example_dags/example_branch_python_dop_operator_3.py took 0.080 seconds
[2025-04-11T01:54:36.420+0000] {processor.py:186} INFO - Started process (PID=1858) to work on /home/airflow/.local/lib/python3.12/site-packages/airflow/example_dags/example_branch_python_dop_operator_3.py
[2025-04-11T01:54:36.421+0000] {processor.py:914} INFO - Processing file /home/airflow/.local/lib/python3.12/site-packages/airflow/example_dags/example_branch_python_dop_operator_3.py for tasks to queue
[2025-04-11T01:54:36.422+0000] {logging_mixin.py:190} INFO - [2025-04-11T01:54:36.422+0000] {dagbag.py:588} INFO - Filling up the DagBag from /home/airflow/.local/lib/python3.12/site-packages/airflow/example_dags/example_branch_python_dop_operator_3.py
[2025-04-11T01:54:36.431+0000] {processor.py:925} INFO - DAG(s) 'example_branch_dop_operator_v3' retrieved from /home/airflow/.local/lib/python3.12/site-packages/airflow/example_dags/example_branch_python_dop_operator_3.py
[2025-04-11T01:54:36.452+0000] {logging_mixin.py:190} INFO - [2025-04-11T01:54:36.452+0000] {dag.py:3239} INFO - Sync 1 DAGs
[2025-04-11T01:54:36.474+0000] {logging_mixin.py:190} INFO - [2025-04-11T01:54:36.474+0000] {dag.py:4180} INFO - Setting next_dagrun for example_branch_dop_operator_v3 to 2025-04-11 01:53:00+00:00, run_after=2025-04-11 01:54:00+00:00
[2025-04-11T01:54:36.494+0000] {processor.py:208} INFO - Processing /home/airflow/.local/lib/python3.12/site-packages/airflow/example_dags/example_branch_python_dop_operator_3.py took 0.079 seconds
[2025-04-11T01:55:07.266+0000] {processor.py:186} INFO - Started process (PID=1923) to work on /home/airflow/.local/lib/python3.12/site-packages/airflow/example_dags/example_branch_python_dop_operator_3.py
[2025-04-11T01:55:07.267+0000] {processor.py:914} INFO - Processing file /home/airflow/.local/lib/python3.12/site-packages/airflow/example_dags/example_branch_python_dop_operator_3.py for tasks to queue
[2025-04-11T01:55:07.268+0000] {logging_mixin.py:190} INFO - [2025-04-11T01:55:07.268+0000] {dagbag.py:588} INFO - Filling up the DagBag from /home/airflow/.local/lib/python3.12/site-packages/airflow/example_dags/example_branch_python_dop_operator_3.py
[2025-04-11T01:55:07.278+0000] {processor.py:925} INFO - DAG(s) 'example_branch_dop_operator_v3' retrieved from /home/airflow/.local/lib/python3.12/site-packages/airflow/example_dags/example_branch_python_dop_operator_3.py
[2025-04-11T01:55:07.296+0000] {logging_mixin.py:190} INFO - [2025-04-11T01:55:07.296+0000] {dag.py:3239} INFO - Sync 1 DAGs
[2025-04-11T01:55:07.319+0000] {logging_mixin.py:190} INFO - [2025-04-11T01:55:07.319+0000] {dag.py:4180} INFO - Setting next_dagrun for example_branch_dop_operator_v3 to 2025-04-11 01:54:00+00:00, run_after=2025-04-11 01:55:00+00:00
[2025-04-11T01:55:07.341+0000] {processor.py:208} INFO - Processing /home/airflow/.local/lib/python3.12/site-packages/airflow/example_dags/example_branch_python_dop_operator_3.py took 0.080 seconds
[2025-04-11T01:55:38.195+0000] {processor.py:186} INFO - Started process (PID=1988) to work on /home/airflow/.local/lib/python3.12/site-packages/airflow/example_dags/example_branch_python_dop_operator_3.py
[2025-04-11T01:55:38.196+0000] {processor.py:914} INFO - Processing file /home/airflow/.local/lib/python3.12/site-packages/airflow/example_dags/example_branch_python_dop_operator_3.py for tasks to queue
[2025-04-11T01:55:38.198+0000] {logging_mixin.py:190} INFO - [2025-04-11T01:55:38.197+0000] {dagbag.py:588} INFO - Filling up the DagBag from /home/airflow/.local/lib/python3.12/site-packages/airflow/example_dags/example_branch_python_dop_operator_3.py
[2025-04-11T01:55:38.208+0000] {processor.py:925} INFO - DAG(s) 'example_branch_dop_operator_v3' retrieved from /home/airflow/.local/lib/python3.12/site-packages/airflow/example_dags/example_branch_python_dop_operator_3.py
[2025-04-11T01:55:38.230+0000] {logging_mixin.py:190} INFO - [2025-04-11T01:55:38.230+0000] {dag.py:3239} INFO - Sync 1 DAGs
[2025-04-11T01:55:38.254+0000] {logging_mixin.py:190} INFO - [2025-04-11T01:55:38.253+0000] {dag.py:4180} INFO - Setting next_dagrun for example_branch_dop_operator_v3 to 2025-04-11 01:54:00+00:00, run_after=2025-04-11 01:55:00+00:00
[2025-04-11T01:55:38.276+0000] {processor.py:208} INFO - Processing /home/airflow/.local/lib/python3.12/site-packages/airflow/example_dags/example_branch_python_dop_operator_3.py took 0.087 seconds
[2025-04-11T01:56:09.242+0000] {processor.py:186} INFO - Started process (PID=2054) to work on /home/airflow/.local/lib/python3.12/site-packages/airflow/example_dags/example_branch_python_dop_operator_3.py
[2025-04-11T01:56:09.243+0000] {processor.py:914} INFO - Processing file /home/airflow/.local/lib/python3.12/site-packages/airflow/example_dags/example_branch_python_dop_operator_3.py for tasks to queue
[2025-04-11T01:56:09.245+0000] {logging_mixin.py:190} INFO - [2025-04-11T01:56:09.245+0000] {dagbag.py:588} INFO - Filling up the DagBag from /home/airflow/.local/lib/python3.12/site-packages/airflow/example_dags/example_branch_python_dop_operator_3.py
[2025-04-11T01:56:09.256+0000] {processor.py:925} INFO - DAG(s) 'example_branch_dop_operator_v3' retrieved from /home/airflow/.local/lib/python3.12/site-packages/airflow/example_dags/example_branch_python_dop_operator_3.py
[2025-04-11T01:56:09.277+0000] {logging_mixin.py:190} INFO - [2025-04-11T01:56:09.276+0000] {dag.py:3239} INFO - Sync 1 DAGs
[2025-04-11T01:56:09.303+0000] {logging_mixin.py:190} INFO - [2025-04-11T01:56:09.303+0000] {dag.py:4180} INFO - Setting next_dagrun for example_branch_dop_operator_v3 to 2025-04-11 01:55:00+00:00, run_after=2025-04-11 01:56:00+00:00
[2025-04-11T01:56:09.325+0000] {processor.py:208} INFO - Processing /home/airflow/.local/lib/python3.12/site-packages/airflow/example_dags/example_branch_python_dop_operator_3.py took 0.087 seconds
[2025-04-11T01:56:41.873+0000] {processor.py:186} INFO - Started process (PID=2119) to work on /home/airflow/.local/lib/python3.12/site-packages/airflow/example_dags/example_branch_python_dop_operator_3.py
[2025-04-11T01:56:41.875+0000] {processor.py:914} INFO - Processing file /home/airflow/.local/lib/python3.12/site-packages/airflow/example_dags/example_branch_python_dop_operator_3.py for tasks to queue
[2025-04-11T01:56:41.877+0000] {logging_mixin.py:190} INFO - [2025-04-11T01:56:41.877+0000] {dagbag.py:588} INFO - Filling up the DagBag from /home/airflow/.local/lib/python3.12/site-packages/airflow/example_dags/example_branch_python_dop_operator_3.py
[2025-04-11T01:56:41.892+0000] {processor.py:925} INFO - DAG(s) 'example_branch_dop_operator_v3' retrieved from /home/airflow/.local/lib/python3.12/site-packages/airflow/example_dags/example_branch_python_dop_operator_3.py
[2025-04-11T01:56:41.920+0000] {logging_mixin.py:190} INFO - [2025-04-11T01:56:41.919+0000] {dag.py:3239} INFO - Sync 1 DAGs
[2025-04-11T01:56:41.964+0000] {logging_mixin.py:190} INFO - [2025-04-11T01:56:41.963+0000] {dag.py:4180} INFO - Setting next_dagrun for example_branch_dop_operator_v3 to 2025-04-11 01:55:00+00:00, run_after=2025-04-11 01:56:00+00:00
[2025-04-11T01:56:41.997+0000] {processor.py:208} INFO - Processing /home/airflow/.local/lib/python3.12/site-packages/airflow/example_dags/example_branch_python_dop_operator_3.py took 0.132 seconds
[2025-04-11T01:57:12.497+0000] {processor.py:186} INFO - Started process (PID=2184) to work on /home/airflow/.local/lib/python3.12/site-packages/airflow/example_dags/example_branch_python_dop_operator_3.py
[2025-04-11T01:57:12.500+0000] {processor.py:914} INFO - Processing file /home/airflow/.local/lib/python3.12/site-packages/airflow/example_dags/example_branch_python_dop_operator_3.py for tasks to queue
[2025-04-11T01:57:12.505+0000] {logging_mixin.py:190} INFO - [2025-04-11T01:57:12.504+0000] {dagbag.py:588} INFO - Filling up the DagBag from /home/airflow/.local/lib/python3.12/site-packages/airflow/example_dags/example_branch_python_dop_operator_3.py
[2025-04-11T01:57:12.526+0000] {processor.py:925} INFO - DAG(s) 'example_branch_dop_operator_v3' retrieved from /home/airflow/.local/lib/python3.12/site-packages/airflow/example_dags/example_branch_python_dop_operator_3.py
[2025-04-11T01:57:12.561+0000] {logging_mixin.py:190} INFO - [2025-04-11T01:57:12.560+0000] {dag.py:3239} INFO - Sync 1 DAGs
[2025-04-11T01:57:12.629+0000] {logging_mixin.py:190} INFO - [2025-04-11T01:57:12.628+0000] {dag.py:4180} INFO - Setting next_dagrun for example_branch_dop_operator_v3 to 2025-04-11 01:56:00+00:00, run_after=2025-04-11 01:57:00+00:00
[2025-04-11T01:57:12.671+0000] {processor.py:208} INFO - Processing /home/airflow/.local/lib/python3.12/site-packages/airflow/example_dags/example_branch_python_dop_operator_3.py took 0.194 seconds
[2025-04-11T01:57:43.500+0000] {processor.py:186} INFO - Started process (PID=2248) to work on /home/airflow/.local/lib/python3.12/site-packages/airflow/example_dags/example_branch_python_dop_operator_3.py
[2025-04-11T01:57:43.501+0000] {processor.py:914} INFO - Processing file /home/airflow/.local/lib/python3.12/site-packages/airflow/example_dags/example_branch_python_dop_operator_3.py for tasks to queue
[2025-04-11T01:57:43.503+0000] {logging_mixin.py:190} INFO - [2025-04-11T01:57:43.503+0000] {dagbag.py:588} INFO - Filling up the DagBag from /home/airflow/.local/lib/python3.12/site-packages/airflow/example_dags/example_branch_python_dop_operator_3.py
[2025-04-11T01:57:43.513+0000] {processor.py:925} INFO - DAG(s) 'example_branch_dop_operator_v3' retrieved from /home/airflow/.local/lib/python3.12/site-packages/airflow/example_dags/example_branch_python_dop_operator_3.py
[2025-04-11T01:57:43.531+0000] {logging_mixin.py:190} INFO - [2025-04-11T01:57:43.530+0000] {dag.py:3239} INFO - Sync 1 DAGs
[2025-04-11T01:57:43.552+0000] {logging_mixin.py:190} INFO - [2025-04-11T01:57:43.552+0000] {dag.py:4180} INFO - Setting next_dagrun for example_branch_dop_operator_v3 to 2025-04-11 01:56:00+00:00, run_after=2025-04-11 01:57:00+00:00
[2025-04-11T01:57:43.573+0000] {processor.py:208} INFO - Processing /home/airflow/.local/lib/python3.12/site-packages/airflow/example_dags/example_branch_python_dop_operator_3.py took 0.077 seconds
[2025-04-11T01:58:13.891+0000] {processor.py:186} INFO - Started process (PID=2313) to work on /home/airflow/.local/lib/python3.12/site-packages/airflow/example_dags/example_branch_python_dop_operator_3.py
[2025-04-11T01:58:13.892+0000] {processor.py:914} INFO - Processing file /home/airflow/.local/lib/python3.12/site-packages/airflow/example_dags/example_branch_python_dop_operator_3.py for tasks to queue
[2025-04-11T01:58:13.893+0000] {logging_mixin.py:190} INFO - [2025-04-11T01:58:13.893+0000] {dagbag.py:588} INFO - Filling up the DagBag from /home/airflow/.local/lib/python3.12/site-packages/airflow/example_dags/example_branch_python_dop_operator_3.py
[2025-04-11T01:58:13.902+0000] {processor.py:925} INFO - DAG(s) 'example_branch_dop_operator_v3' retrieved from /home/airflow/.local/lib/python3.12/site-packages/airflow/example_dags/example_branch_python_dop_operator_3.py
[2025-04-11T01:58:13.921+0000] {logging_mixin.py:190} INFO - [2025-04-11T01:58:13.921+0000] {dag.py:3239} INFO - Sync 1 DAGs
[2025-04-11T01:58:13.944+0000] {logging_mixin.py:190} INFO - [2025-04-11T01:58:13.943+0000] {dag.py:4180} INFO - Setting next_dagrun for example_branch_dop_operator_v3 to 2025-04-11 01:57:00+00:00, run_after=2025-04-11 01:58:00+00:00
[2025-04-11T01:58:13.972+0000] {processor.py:208} INFO - Processing /home/airflow/.local/lib/python3.12/site-packages/airflow/example_dags/example_branch_python_dop_operator_3.py took 0.086 seconds
[2025-04-11T01:58:45.081+0000] {processor.py:186} INFO - Started process (PID=2378) to work on /home/airflow/.local/lib/python3.12/site-packages/airflow/example_dags/example_branch_python_dop_operator_3.py
[2025-04-11T01:58:45.083+0000] {processor.py:914} INFO - Processing file /home/airflow/.local/lib/python3.12/site-packages/airflow/example_dags/example_branch_python_dop_operator_3.py for tasks to queue
[2025-04-11T01:58:45.085+0000] {logging_mixin.py:190} INFO - [2025-04-11T01:58:45.085+0000] {dagbag.py:588} INFO - Filling up the DagBag from /home/airflow/.local/lib/python3.12/site-packages/airflow/example_dags/example_branch_python_dop_operator_3.py
[2025-04-11T01:58:45.108+0000] {processor.py:925} INFO - DAG(s) 'example_branch_dop_operator_v3' retrieved from /home/airflow/.local/lib/python3.12/site-packages/airflow/example_dags/example_branch_python_dop_operator_3.py
[2025-04-11T01:58:45.145+0000] {logging_mixin.py:190} INFO - [2025-04-11T01:58:45.144+0000] {dag.py:3239} INFO - Sync 1 DAGs
[2025-04-11T01:58:45.212+0000] {logging_mixin.py:190} INFO - [2025-04-11T01:58:45.211+0000] {dag.py:4180} INFO - Setting next_dagrun for example_branch_dop_operator_v3 to 2025-04-11 01:57:00+00:00, run_after=2025-04-11 01:58:00+00:00
[2025-04-11T01:58:45.256+0000] {processor.py:208} INFO - Processing /home/airflow/.local/lib/python3.12/site-packages/airflow/example_dags/example_branch_python_dop_operator_3.py took 0.193 seconds
[2025-04-11T01:59:15.578+0000] {processor.py:186} INFO - Started process (PID=2444) to work on /home/airflow/.local/lib/python3.12/site-packages/airflow/example_dags/example_branch_python_dop_operator_3.py
[2025-04-11T01:59:15.580+0000] {processor.py:914} INFO - Processing file /home/airflow/.local/lib/python3.12/site-packages/airflow/example_dags/example_branch_python_dop_operator_3.py for tasks to queue
[2025-04-11T01:59:15.585+0000] {logging_mixin.py:190} INFO - [2025-04-11T01:59:15.584+0000] {dagbag.py:588} INFO - Filling up the DagBag from /home/airflow/.local/lib/python3.12/site-packages/airflow/example_dags/example_branch_python_dop_operator_3.py
[2025-04-11T01:59:15.618+0000] {processor.py:925} INFO - DAG(s) 'example_branch_dop_operator_v3' retrieved from /home/airflow/.local/lib/python3.12/site-packages/airflow/example_dags/example_branch_python_dop_operator_3.py
[2025-04-11T01:59:15.672+0000] {logging_mixin.py:190} INFO - [2025-04-11T01:59:15.671+0000] {dag.py:3239} INFO - Sync 1 DAGs
[2025-04-11T01:59:15.756+0000] {logging_mixin.py:190} INFO - [2025-04-11T01:59:15.755+0000] {dag.py:4180} INFO - Setting next_dagrun for example_branch_dop_operator_v3 to 2025-04-11 01:58:00+00:00, run_after=2025-04-11 01:59:00+00:00
[2025-04-11T01:59:15.811+0000] {processor.py:208} INFO - Processing /home/airflow/.local/lib/python3.12/site-packages/airflow/example_dags/example_branch_python_dop_operator_3.py took 0.251 seconds
[2025-04-11T01:59:49.832+0000] {processor.py:186} INFO - Started process (PID=2509) to work on /home/airflow/.local/lib/python3.12/site-packages/airflow/example_dags/example_branch_python_dop_operator_3.py
[2025-04-11T01:59:49.835+0000] {processor.py:914} INFO - Processing file /home/airflow/.local/lib/python3.12/site-packages/airflow/example_dags/example_branch_python_dop_operator_3.py for tasks to queue
[2025-04-11T01:59:49.840+0000] {logging_mixin.py:190} INFO - [2025-04-11T01:59:49.839+0000] {dagbag.py:588} INFO - Filling up the DagBag from /home/airflow/.local/lib/python3.12/site-packages/airflow/example_dags/example_branch_python_dop_operator_3.py
[2025-04-11T01:59:49.879+0000] {processor.py:925} INFO - DAG(s) 'example_branch_dop_operator_v3' retrieved from /home/airflow/.local/lib/python3.12/site-packages/airflow/example_dags/example_branch_python_dop_operator_3.py
[2025-04-11T01:59:49.955+0000] {logging_mixin.py:190} INFO - [2025-04-11T01:59:49.954+0000] {dag.py:3239} INFO - Sync 1 DAGs
[2025-04-11T01:59:50.073+0000] {logging_mixin.py:190} INFO - [2025-04-11T01:59:50.073+0000] {dag.py:4180} INFO - Setting next_dagrun for example_branch_dop_operator_v3 to 2025-04-11 01:58:00+00:00, run_after=2025-04-11 01:59:00+00:00
[2025-04-11T01:59:50.143+0000] {processor.py:208} INFO - Processing /home/airflow/.local/lib/python3.12/site-packages/airflow/example_dags/example_branch_python_dop_operator_3.py took 0.332 seconds
[2025-04-11T02:00:22.082+0000] {processor.py:186} INFO - Started process (PID=2574) to work on /home/airflow/.local/lib/python3.12/site-packages/airflow/example_dags/example_branch_python_dop_operator_3.py
[2025-04-11T02:00:22.084+0000] {processor.py:914} INFO - Processing file /home/airflow/.local/lib/python3.12/site-packages/airflow/example_dags/example_branch_python_dop_operator_3.py for tasks to queue
[2025-04-11T02:00:22.088+0000] {logging_mixin.py:190} INFO - [2025-04-11T02:00:22.087+0000] {dagbag.py:588} INFO - Filling up the DagBag from /home/airflow/.local/lib/python3.12/site-packages/airflow/example_dags/example_branch_python_dop_operator_3.py
[2025-04-11T02:00:22.145+0000] {processor.py:925} INFO - DAG(s) 'example_branch_dop_operator_v3' retrieved from /home/airflow/.local/lib/python3.12/site-packages/airflow/example_dags/example_branch_python_dop_operator_3.py
[2025-04-11T02:00:22.219+0000] {logging_mixin.py:190} INFO - [2025-04-11T02:00:22.219+0000] {dag.py:3239} INFO - Sync 1 DAGs
[2025-04-11T02:00:22.328+0000] {logging_mixin.py:190} INFO - [2025-04-11T02:00:22.327+0000] {dag.py:4180} INFO - Setting next_dagrun for example_branch_dop_operator_v3 to 2025-04-11 01:59:00+00:00, run_after=2025-04-11 02:00:00+00:00
[2025-04-11T02:00:22.391+0000] {processor.py:208} INFO - Processing /home/airflow/.local/lib/python3.12/site-packages/airflow/example_dags/example_branch_python_dop_operator_3.py took 0.327 seconds
[2025-04-11T02:00:53.954+0000] {processor.py:186} INFO - Started process (PID=2640) to work on /home/airflow/.local/lib/python3.12/site-packages/airflow/example_dags/example_branch_python_dop_operator_3.py
[2025-04-11T02:00:53.957+0000] {processor.py:914} INFO - Processing file /home/airflow/.local/lib/python3.12/site-packages/airflow/example_dags/example_branch_python_dop_operator_3.py for tasks to queue
[2025-04-11T02:00:53.962+0000] {logging_mixin.py:190} INFO - [2025-04-11T02:00:53.961+0000] {dagbag.py:588} INFO - Filling up the DagBag from /home/airflow/.local/lib/python3.12/site-packages/airflow/example_dags/example_branch_python_dop_operator_3.py
[2025-04-11T02:00:54.001+0000] {processor.py:925} INFO - DAG(s) 'example_branch_dop_operator_v3' retrieved from /home/airflow/.local/lib/python3.12/site-packages/airflow/example_dags/example_branch_python_dop_operator_3.py
[2025-04-11T02:00:54.054+0000] {logging_mixin.py:190} INFO - [2025-04-11T02:00:54.053+0000] {dag.py:3239} INFO - Sync 1 DAGs
[2025-04-11T02:00:54.108+0000] {logging_mixin.py:190} INFO - [2025-04-11T02:00:54.107+0000] {dag.py:4180} INFO - Setting next_dagrun for example_branch_dop_operator_v3 to 2025-04-11 01:59:00+00:00, run_after=2025-04-11 02:00:00+00:00
[2025-04-11T02:00:54.160+0000] {processor.py:208} INFO - Processing /home/airflow/.local/lib/python3.12/site-packages/airflow/example_dags/example_branch_python_dop_operator_3.py took 0.227 seconds
[2025-04-11T02:01:26.637+0000] {processor.py:186} INFO - Started process (PID=2705) to work on /home/airflow/.local/lib/python3.12/site-packages/airflow/example_dags/example_branch_python_dop_operator_3.py
[2025-04-11T02:01:26.639+0000] {processor.py:914} INFO - Processing file /home/airflow/.local/lib/python3.12/site-packages/airflow/example_dags/example_branch_python_dop_operator_3.py for tasks to queue
[2025-04-11T02:01:26.643+0000] {logging_mixin.py:190} INFO - [2025-04-11T02:01:26.642+0000] {dagbag.py:588} INFO - Filling up the DagBag from /home/airflow/.local/lib/python3.12/site-packages/airflow/example_dags/example_branch_python_dop_operator_3.py
[2025-04-11T02:01:26.676+0000] {processor.py:925} INFO - DAG(s) 'example_branch_dop_operator_v3' retrieved from /home/airflow/.local/lib/python3.12/site-packages/airflow/example_dags/example_branch_python_dop_operator_3.py
[2025-04-11T02:01:26.733+0000] {logging_mixin.py:190} INFO - [2025-04-11T02:01:26.733+0000] {dag.py:3239} INFO - Sync 1 DAGs
[2025-04-11T02:01:26.828+0000] {logging_mixin.py:190} INFO - [2025-04-11T02:01:26.828+0000] {dag.py:4180} INFO - Setting next_dagrun for example_branch_dop_operator_v3 to 2025-04-11 02:00:00+00:00, run_after=2025-04-11 02:01:00+00:00
[2025-04-11T02:01:26.888+0000] {processor.py:208} INFO - Processing /home/airflow/.local/lib/python3.12/site-packages/airflow/example_dags/example_branch_python_dop_operator_3.py took 0.271 seconds
[2025-04-11T02:01:59.734+0000] {processor.py:186} INFO - Started process (PID=2781) to work on /home/airflow/.local/lib/python3.12/site-packages/airflow/example_dags/example_branch_python_dop_operator_3.py
[2025-04-11T02:01:59.738+0000] {processor.py:914} INFO - Processing file /home/airflow/.local/lib/python3.12/site-packages/airflow/example_dags/example_branch_python_dop_operator_3.py for tasks to queue
[2025-04-11T02:01:59.741+0000] {logging_mixin.py:190} INFO - [2025-04-11T02:01:59.741+0000] {dagbag.py:588} INFO - Filling up the DagBag from /home/airflow/.local/lib/python3.12/site-packages/airflow/example_dags/example_branch_python_dop_operator_3.py
[2025-04-11T02:01:59.774+0000] {processor.py:925} INFO - DAG(s) 'example_branch_dop_operator_v3' retrieved from /home/airflow/.local/lib/python3.12/site-packages/airflow/example_dags/example_branch_python_dop_operator_3.py
[2025-04-11T02:01:59.836+0000] {logging_mixin.py:190} INFO - [2025-04-11T02:01:59.835+0000] {dag.py:3239} INFO - Sync 1 DAGs
[2025-04-11T02:01:59.932+0000] {logging_mixin.py:190} INFO - [2025-04-11T02:01:59.931+0000] {dag.py:4180} INFO - Setting next_dagrun for example_branch_dop_operator_v3 to 2025-04-11 02:00:00+00:00, run_after=2025-04-11 02:01:00+00:00
[2025-04-11T02:01:59.989+0000] {processor.py:208} INFO - Processing /home/airflow/.local/lib/python3.12/site-packages/airflow/example_dags/example_branch_python_dop_operator_3.py took 0.274 seconds
[2025-04-11T02:02:30.951+0000] {processor.py:186} INFO - Started process (PID=2846) to work on /home/airflow/.local/lib/python3.12/site-packages/airflow/example_dags/example_branch_python_dop_operator_3.py
[2025-04-11T02:02:30.953+0000] {processor.py:914} INFO - Processing file /home/airflow/.local/lib/python3.12/site-packages/airflow/example_dags/example_branch_python_dop_operator_3.py for tasks to queue
[2025-04-11T02:02:30.959+0000] {logging_mixin.py:190} INFO - [2025-04-11T02:02:30.957+0000] {dagbag.py:588} INFO - Filling up the DagBag from /home/airflow/.local/lib/python3.12/site-packages/airflow/example_dags/example_branch_python_dop_operator_3.py
[2025-04-11T02:02:30.987+0000] {processor.py:925} INFO - DAG(s) 'example_branch_dop_operator_v3' retrieved from /home/airflow/.local/lib/python3.12/site-packages/airflow/example_dags/example_branch_python_dop_operator_3.py
[2025-04-11T02:02:31.039+0000] {logging_mixin.py:190} INFO - [2025-04-11T02:02:31.038+0000] {dag.py:3239} INFO - Sync 1 DAGs
[2025-04-11T02:02:31.128+0000] {logging_mixin.py:190} INFO - [2025-04-11T02:02:31.127+0000] {dag.py:4180} INFO - Setting next_dagrun for example_branch_dop_operator_v3 to 2025-04-11 02:01:00+00:00, run_after=2025-04-11 02:02:00+00:00
[2025-04-11T02:02:31.179+0000] {processor.py:208} INFO - Processing /home/airflow/.local/lib/python3.12/site-packages/airflow/example_dags/example_branch_python_dop_operator_3.py took 0.246 seconds
[2025-04-11T02:03:02.543+0000] {processor.py:186} INFO - Started process (PID=2912) to work on /home/airflow/.local/lib/python3.12/site-packages/airflow/example_dags/example_branch_python_dop_operator_3.py
[2025-04-11T02:03:02.545+0000] {processor.py:914} INFO - Processing file /home/airflow/.local/lib/python3.12/site-packages/airflow/example_dags/example_branch_python_dop_operator_3.py for tasks to queue
[2025-04-11T02:03:02.548+0000] {logging_mixin.py:190} INFO - [2025-04-11T02:03:02.547+0000] {dagbag.py:588} INFO - Filling up the DagBag from /home/airflow/.local/lib/python3.12/site-packages/airflow/example_dags/example_branch_python_dop_operator_3.py
[2025-04-11T02:03:02.578+0000] {processor.py:925} INFO - DAG(s) 'example_branch_dop_operator_v3' retrieved from /home/airflow/.local/lib/python3.12/site-packages/airflow/example_dags/example_branch_python_dop_operator_3.py
[2025-04-11T02:03:02.614+0000] {logging_mixin.py:190} INFO - [2025-04-11T02:03:02.613+0000] {dag.py:3239} INFO - Sync 1 DAGs
[2025-04-11T02:03:02.699+0000] {logging_mixin.py:190} INFO - [2025-04-11T02:03:02.699+0000] {dag.py:4180} INFO - Setting next_dagrun for example_branch_dop_operator_v3 to 2025-04-11 02:02:00+00:00, run_after=2025-04-11 02:03:00+00:00
[2025-04-11T02:03:02.754+0000] {processor.py:208} INFO - Processing /home/airflow/.local/lib/python3.12/site-packages/airflow/example_dags/example_branch_python_dop_operator_3.py took 0.224 seconds
[2025-04-11T02:03:33.540+0000] {processor.py:186} INFO - Started process (PID=2977) to work on /home/airflow/.local/lib/python3.12/site-packages/airflow/example_dags/example_branch_python_dop_operator_3.py
[2025-04-11T02:03:33.542+0000] {processor.py:914} INFO - Processing file /home/airflow/.local/lib/python3.12/site-packages/airflow/example_dags/example_branch_python_dop_operator_3.py for tasks to queue
[2025-04-11T02:03:33.547+0000] {logging_mixin.py:190} INFO - [2025-04-11T02:03:33.546+0000] {dagbag.py:588} INFO - Filling up the DagBag from /home/airflow/.local/lib/python3.12/site-packages/airflow/example_dags/example_branch_python_dop_operator_3.py
[2025-04-11T02:03:33.575+0000] {processor.py:925} INFO - DAG(s) 'example_branch_dop_operator_v3' retrieved from /home/airflow/.local/lib/python3.12/site-packages/airflow/example_dags/example_branch_python_dop_operator_3.py
[2025-04-11T02:03:33.610+0000] {logging_mixin.py:190} INFO - [2025-04-11T02:03:33.609+0000] {dag.py:3239} INFO - Sync 1 DAGs
[2025-04-11T02:03:33.682+0000] {logging_mixin.py:190} INFO - [2025-04-11T02:03:33.682+0000] {dag.py:4180} INFO - Setting next_dagrun for example_branch_dop_operator_v3 to 2025-04-11 02:02:00+00:00, run_after=2025-04-11 02:03:00+00:00
[2025-04-11T02:03:33.725+0000] {processor.py:208} INFO - Processing /home/airflow/.local/lib/python3.12/site-packages/airflow/example_dags/example_branch_python_dop_operator_3.py took 0.204 seconds
[2025-04-11T02:04:04.224+0000] {processor.py:186} INFO - Started process (PID=3042) to work on /home/airflow/.local/lib/python3.12/site-packages/airflow/example_dags/example_branch_python_dop_operator_3.py
[2025-04-11T02:04:04.227+0000] {processor.py:914} INFO - Processing file /home/airflow/.local/lib/python3.12/site-packages/airflow/example_dags/example_branch_python_dop_operator_3.py for tasks to queue
[2025-04-11T02:04:04.229+0000] {logging_mixin.py:190} INFO - [2025-04-11T02:04:04.228+0000] {dagbag.py:588} INFO - Filling up the DagBag from /home/airflow/.local/lib/python3.12/site-packages/airflow/example_dags/example_branch_python_dop_operator_3.py
[2025-04-11T02:04:04.248+0000] {processor.py:925} INFO - DAG(s) 'example_branch_dop_operator_v3' retrieved from /home/airflow/.local/lib/python3.12/site-packages/airflow/example_dags/example_branch_python_dop_operator_3.py
[2025-04-11T02:04:04.282+0000] {logging_mixin.py:190} INFO - [2025-04-11T02:04:04.281+0000] {dag.py:3239} INFO - Sync 1 DAGs
[2025-04-11T02:04:04.331+0000] {logging_mixin.py:190} INFO - [2025-04-11T02:04:04.331+0000] {dag.py:4180} INFO - Setting next_dagrun for example_branch_dop_operator_v3 to 2025-04-11 02:03:00+00:00, run_after=2025-04-11 02:04:00+00:00
[2025-04-11T02:04:04.376+0000] {processor.py:208} INFO - Processing /home/airflow/.local/lib/python3.12/site-packages/airflow/example_dags/example_branch_python_dop_operator_3.py took 0.165 seconds
[2025-04-11T02:04:34.895+0000] {processor.py:186} INFO - Started process (PID=3107) to work on /home/airflow/.local/lib/python3.12/site-packages/airflow/example_dags/example_branch_python_dop_operator_3.py
[2025-04-11T02:04:34.898+0000] {processor.py:914} INFO - Processing file /home/airflow/.local/lib/python3.12/site-packages/airflow/example_dags/example_branch_python_dop_operator_3.py for tasks to queue
[2025-04-11T02:04:34.900+0000] {logging_mixin.py:190} INFO - [2025-04-11T02:04:34.900+0000] {dagbag.py:588} INFO - Filling up the DagBag from /home/airflow/.local/lib/python3.12/site-packages/airflow/example_dags/example_branch_python_dop_operator_3.py
[2025-04-11T02:04:34.932+0000] {processor.py:925} INFO - DAG(s) 'example_branch_dop_operator_v3' retrieved from /home/airflow/.local/lib/python3.12/site-packages/airflow/example_dags/example_branch_python_dop_operator_3.py
[2025-04-11T02:04:34.983+0000] {logging_mixin.py:190} INFO - [2025-04-11T02:04:34.983+0000] {dag.py:3239} INFO - Sync 1 DAGs
[2025-04-11T02:04:35.052+0000] {logging_mixin.py:190} INFO - [2025-04-11T02:04:35.052+0000] {dag.py:4180} INFO - Setting next_dagrun for example_branch_dop_operator_v3 to 2025-04-11 02:03:00+00:00, run_after=2025-04-11 02:04:00+00:00
[2025-04-11T02:04:35.120+0000] {processor.py:208} INFO - Processing /home/airflow/.local/lib/python3.12/site-packages/airflow/example_dags/example_branch_python_dop_operator_3.py took 0.240 seconds
[2025-04-11T02:05:05.318+0000] {processor.py:186} INFO - Started process (PID=3172) to work on /home/airflow/.local/lib/python3.12/site-packages/airflow/example_dags/example_branch_python_dop_operator_3.py
[2025-04-11T02:05:05.322+0000] {processor.py:914} INFO - Processing file /home/airflow/.local/lib/python3.12/site-packages/airflow/example_dags/example_branch_python_dop_operator_3.py for tasks to queue
[2025-04-11T02:05:05.326+0000] {logging_mixin.py:190} INFO - [2025-04-11T02:05:05.325+0000] {dagbag.py:588} INFO - Filling up the DagBag from /home/airflow/.local/lib/python3.12/site-packages/airflow/example_dags/example_branch_python_dop_operator_3.py
[2025-04-11T02:05:05.361+0000] {processor.py:925} INFO - DAG(s) 'example_branch_dop_operator_v3' retrieved from /home/airflow/.local/lib/python3.12/site-packages/airflow/example_dags/example_branch_python_dop_operator_3.py
[2025-04-11T02:05:05.419+0000] {logging_mixin.py:190} INFO - [2025-04-11T02:05:05.418+0000] {dag.py:3239} INFO - Sync 1 DAGs
[2025-04-11T02:05:05.500+0000] {logging_mixin.py:190} INFO - [2025-04-11T02:05:05.500+0000] {dag.py:4180} INFO - Setting next_dagrun for example_branch_dop_operator_v3 to 2025-04-11 02:04:00+00:00, run_after=2025-04-11 02:05:00+00:00
[2025-04-11T02:05:05.547+0000] {processor.py:208} INFO - Processing /home/airflow/.local/lib/python3.12/site-packages/airflow/example_dags/example_branch_python_dop_operator_3.py took 0.249 seconds
[2025-04-11T02:05:36.311+0000] {processor.py:186} INFO - Started process (PID=3236) to work on /home/airflow/.local/lib/python3.12/site-packages/airflow/example_dags/example_branch_python_dop_operator_3.py
[2025-04-11T02:05:36.312+0000] {processor.py:914} INFO - Processing file /home/airflow/.local/lib/python3.12/site-packages/airflow/example_dags/example_branch_python_dop_operator_3.py for tasks to queue
[2025-04-11T02:05:36.314+0000] {logging_mixin.py:190} INFO - [2025-04-11T02:05:36.313+0000] {dagbag.py:588} INFO - Filling up the DagBag from /home/airflow/.local/lib/python3.12/site-packages/airflow/example_dags/example_branch_python_dop_operator_3.py
[2025-04-11T02:05:36.324+0000] {processor.py:925} INFO - DAG(s) 'example_branch_dop_operator_v3' retrieved from /home/airflow/.local/lib/python3.12/site-packages/airflow/example_dags/example_branch_python_dop_operator_3.py
[2025-04-11T02:05:36.340+0000] {logging_mixin.py:190} INFO - [2025-04-11T02:05:36.340+0000] {dag.py:3239} INFO - Sync 1 DAGs
[2025-04-11T02:05:36.362+0000] {logging_mixin.py:190} INFO - [2025-04-11T02:05:36.362+0000] {dag.py:4180} INFO - Setting next_dagrun for example_branch_dop_operator_v3 to 2025-04-11 02:04:00+00:00, run_after=2025-04-11 02:05:00+00:00
[2025-04-11T02:05:36.382+0000] {processor.py:208} INFO - Processing /home/airflow/.local/lib/python3.12/site-packages/airflow/example_dags/example_branch_python_dop_operator_3.py took 0.076 seconds
[2025-04-11T02:06:06.733+0000] {processor.py:186} INFO - Started process (PID=3301) to work on /home/airflow/.local/lib/python3.12/site-packages/airflow/example_dags/example_branch_python_dop_operator_3.py
[2025-04-11T02:06:06.735+0000] {processor.py:914} INFO - Processing file /home/airflow/.local/lib/python3.12/site-packages/airflow/example_dags/example_branch_python_dop_operator_3.py for tasks to queue
[2025-04-11T02:06:06.738+0000] {logging_mixin.py:190} INFO - [2025-04-11T02:06:06.737+0000] {dagbag.py:588} INFO - Filling up the DagBag from /home/airflow/.local/lib/python3.12/site-packages/airflow/example_dags/example_branch_python_dop_operator_3.py
[2025-04-11T02:06:06.762+0000] {processor.py:925} INFO - DAG(s) 'example_branch_dop_operator_v3' retrieved from /home/airflow/.local/lib/python3.12/site-packages/airflow/example_dags/example_branch_python_dop_operator_3.py
[2025-04-11T02:06:06.804+0000] {logging_mixin.py:190} INFO - [2025-04-11T02:06:06.804+0000] {dag.py:3239} INFO - Sync 1 DAGs
[2025-04-11T02:06:06.861+0000] {logging_mixin.py:190} INFO - [2025-04-11T02:06:06.860+0000] {dag.py:4180} INFO - Setting next_dagrun for example_branch_dop_operator_v3 to 2025-04-11 02:05:00+00:00, run_after=2025-04-11 02:06:00+00:00
[2025-04-11T02:06:06.920+0000] {processor.py:208} INFO - Processing /home/airflow/.local/lib/python3.12/site-packages/airflow/example_dags/example_branch_python_dop_operator_3.py took 0.202 seconds
[2025-04-11T02:06:37.326+0000] {processor.py:186} INFO - Started process (PID=3366) to work on /home/airflow/.local/lib/python3.12/site-packages/airflow/example_dags/example_branch_python_dop_operator_3.py
[2025-04-11T02:06:37.328+0000] {processor.py:914} INFO - Processing file /home/airflow/.local/lib/python3.12/site-packages/airflow/example_dags/example_branch_python_dop_operator_3.py for tasks to queue
[2025-04-11T02:06:37.332+0000] {logging_mixin.py:190} INFO - [2025-04-11T02:06:37.331+0000] {dagbag.py:588} INFO - Filling up the DagBag from /home/airflow/.local/lib/python3.12/site-packages/airflow/example_dags/example_branch_python_dop_operator_3.py
[2025-04-11T02:06:37.348+0000] {processor.py:925} INFO - DAG(s) 'example_branch_dop_operator_v3' retrieved from /home/airflow/.local/lib/python3.12/site-packages/airflow/example_dags/example_branch_python_dop_operator_3.py
[2025-04-11T02:06:37.386+0000] {logging_mixin.py:190} INFO - [2025-04-11T02:06:37.385+0000] {dag.py:3239} INFO - Sync 1 DAGs
[2025-04-11T02:06:37.460+0000] {logging_mixin.py:190} INFO - [2025-04-11T02:06:37.459+0000] {dag.py:4180} INFO - Setting next_dagrun for example_branch_dop_operator_v3 to 2025-04-11 02:05:00+00:00, run_after=2025-04-11 02:06:00+00:00
[2025-04-11T02:06:37.499+0000] {processor.py:208} INFO - Processing /home/airflow/.local/lib/python3.12/site-packages/airflow/example_dags/example_branch_python_dop_operator_3.py took 0.181 seconds
[2025-04-11T02:07:08.414+0000] {processor.py:186} INFO - Started process (PID=3430) to work on /home/airflow/.local/lib/python3.12/site-packages/airflow/example_dags/example_branch_python_dop_operator_3.py
[2025-04-11T02:07:08.420+0000] {processor.py:914} INFO - Processing file /home/airflow/.local/lib/python3.12/site-packages/airflow/example_dags/example_branch_python_dop_operator_3.py for tasks to queue
[2025-04-11T02:07:08.425+0000] {logging_mixin.py:190} INFO - [2025-04-11T02:07:08.424+0000] {dagbag.py:588} INFO - Filling up the DagBag from /home/airflow/.local/lib/python3.12/site-packages/airflow/example_dags/example_branch_python_dop_operator_3.py
[2025-04-11T02:07:08.451+0000] {processor.py:925} INFO - DAG(s) 'example_branch_dop_operator_v3' retrieved from /home/airflow/.local/lib/python3.12/site-packages/airflow/example_dags/example_branch_python_dop_operator_3.py
[2025-04-11T02:07:08.478+0000] {logging_mixin.py:190} INFO - [2025-04-11T02:07:08.478+0000] {dag.py:3239} INFO - Sync 1 DAGs
[2025-04-11T02:07:08.506+0000] {logging_mixin.py:190} INFO - [2025-04-11T02:07:08.505+0000] {dag.py:4180} INFO - Setting next_dagrun for example_branch_dop_operator_v3 to 2025-04-11 02:06:00+00:00, run_after=2025-04-11 02:07:00+00:00
[2025-04-11T02:07:08.530+0000] {processor.py:208} INFO - Processing /home/airflow/.local/lib/python3.12/site-packages/airflow/example_dags/example_branch_python_dop_operator_3.py took 0.124 seconds
[2025-04-11T02:07:39.189+0000] {processor.py:186} INFO - Started process (PID=3495) to work on /home/airflow/.local/lib/python3.12/site-packages/airflow/example_dags/example_branch_python_dop_operator_3.py
[2025-04-11T02:07:39.193+0000] {processor.py:914} INFO - Processing file /home/airflow/.local/lib/python3.12/site-packages/airflow/example_dags/example_branch_python_dop_operator_3.py for tasks to queue
[2025-04-11T02:07:39.203+0000] {logging_mixin.py:190} INFO - [2025-04-11T02:07:39.202+0000] {dagbag.py:588} INFO - Filling up the DagBag from /home/airflow/.local/lib/python3.12/site-packages/airflow/example_dags/example_branch_python_dop_operator_3.py
[2025-04-11T02:07:39.269+0000] {processor.py:925} INFO - DAG(s) 'example_branch_dop_operator_v3' retrieved from /home/airflow/.local/lib/python3.12/site-packages/airflow/example_dags/example_branch_python_dop_operator_3.py
[2025-04-11T02:07:39.393+0000] {logging_mixin.py:190} INFO - [2025-04-11T02:07:39.392+0000] {dag.py:3239} INFO - Sync 1 DAGs
[2025-04-11T02:07:39.503+0000] {logging_mixin.py:190} INFO - [2025-04-11T02:07:39.502+0000] {dag.py:4180} INFO - Setting next_dagrun for example_branch_dop_operator_v3 to 2025-04-11 02:06:00+00:00, run_after=2025-04-11 02:07:00+00:00
[2025-04-11T02:07:39.596+0000] {processor.py:208} INFO - Processing /home/airflow/.local/lib/python3.12/site-packages/airflow/example_dags/example_branch_python_dop_operator_3.py took 0.447 seconds
[2025-04-11T02:08:10.368+0000] {processor.py:186} INFO - Started process (PID=3560) to work on /home/airflow/.local/lib/python3.12/site-packages/airflow/example_dags/example_branch_python_dop_operator_3.py
[2025-04-11T02:08:10.372+0000] {processor.py:914} INFO - Processing file /home/airflow/.local/lib/python3.12/site-packages/airflow/example_dags/example_branch_python_dop_operator_3.py for tasks to queue
[2025-04-11T02:08:10.377+0000] {logging_mixin.py:190} INFO - [2025-04-11T02:08:10.376+0000] {dagbag.py:588} INFO - Filling up the DagBag from /home/airflow/.local/lib/python3.12/site-packages/airflow/example_dags/example_branch_python_dop_operator_3.py
[2025-04-11T02:08:10.418+0000] {processor.py:925} INFO - DAG(s) 'example_branch_dop_operator_v3' retrieved from /home/airflow/.local/lib/python3.12/site-packages/airflow/example_dags/example_branch_python_dop_operator_3.py
[2025-04-11T02:08:10.491+0000] {logging_mixin.py:190} INFO - [2025-04-11T02:08:10.491+0000] {dag.py:3239} INFO - Sync 1 DAGs
[2025-04-11T02:08:10.601+0000] {logging_mixin.py:190} INFO - [2025-04-11T02:08:10.600+0000] {dag.py:4180} INFO - Setting next_dagrun for example_branch_dop_operator_v3 to 2025-04-11 02:07:00+00:00, run_after=2025-04-11 02:08:00+00:00
[2025-04-11T02:08:10.682+0000] {processor.py:208} INFO - Processing /home/airflow/.local/lib/python3.12/site-packages/airflow/example_dags/example_branch_python_dop_operator_3.py took 0.337 seconds
[2025-04-11T02:08:40.971+0000] {processor.py:186} INFO - Started process (PID=3625) to work on /home/airflow/.local/lib/python3.12/site-packages/airflow/example_dags/example_branch_python_dop_operator_3.py
[2025-04-11T02:08:40.974+0000] {processor.py:914} INFO - Processing file /home/airflow/.local/lib/python3.12/site-packages/airflow/example_dags/example_branch_python_dop_operator_3.py for tasks to queue
[2025-04-11T02:08:40.978+0000] {logging_mixin.py:190} INFO - [2025-04-11T02:08:40.977+0000] {dagbag.py:588} INFO - Filling up the DagBag from /home/airflow/.local/lib/python3.12/site-packages/airflow/example_dags/example_branch_python_dop_operator_3.py
[2025-04-11T02:08:41.009+0000] {processor.py:925} INFO - DAG(s) 'example_branch_dop_operator_v3' retrieved from /home/airflow/.local/lib/python3.12/site-packages/airflow/example_dags/example_branch_python_dop_operator_3.py
[2025-04-11T02:08:41.057+0000] {logging_mixin.py:190} INFO - [2025-04-11T02:08:41.056+0000] {dag.py:3239} INFO - Sync 1 DAGs
[2025-04-11T02:08:41.111+0000] {logging_mixin.py:190} INFO - [2025-04-11T02:08:41.110+0000] {dag.py:4180} INFO - Setting next_dagrun for example_branch_dop_operator_v3 to 2025-04-11 02:07:00+00:00, run_after=2025-04-11 02:08:00+00:00
[2025-04-11T02:08:41.150+0000] {processor.py:208} INFO - Processing /home/airflow/.local/lib/python3.12/site-packages/airflow/example_dags/example_branch_python_dop_operator_3.py took 0.199 seconds
[2025-04-11T02:09:12.503+0000] {processor.py:186} INFO - Started process (PID=3689) to work on /home/airflow/.local/lib/python3.12/site-packages/airflow/example_dags/example_branch_python_dop_operator_3.py
[2025-04-11T02:09:12.507+0000] {processor.py:914} INFO - Processing file /home/airflow/.local/lib/python3.12/site-packages/airflow/example_dags/example_branch_python_dop_operator_3.py for tasks to queue
[2025-04-11T02:09:12.511+0000] {logging_mixin.py:190} INFO - [2025-04-11T02:09:12.510+0000] {dagbag.py:588} INFO - Filling up the DagBag from /home/airflow/.local/lib/python3.12/site-packages/airflow/example_dags/example_branch_python_dop_operator_3.py
[2025-04-11T02:09:12.545+0000] {processor.py:925} INFO - DAG(s) 'example_branch_dop_operator_v3' retrieved from /home/airflow/.local/lib/python3.12/site-packages/airflow/example_dags/example_branch_python_dop_operator_3.py
[2025-04-11T02:09:12.589+0000] {logging_mixin.py:190} INFO - [2025-04-11T02:09:12.588+0000] {dag.py:3239} INFO - Sync 1 DAGs
[2025-04-11T02:09:12.661+0000] {logging_mixin.py:190} INFO - [2025-04-11T02:09:12.661+0000] {dag.py:4180} INFO - Setting next_dagrun for example_branch_dop_operator_v3 to 2025-04-11 02:08:00+00:00, run_after=2025-04-11 02:09:00+00:00
[2025-04-11T02:09:12.705+0000] {processor.py:208} INFO - Processing /home/airflow/.local/lib/python3.12/site-packages/airflow/example_dags/example_branch_python_dop_operator_3.py took 0.215 seconds
[2025-04-11T02:09:44.894+0000] {processor.py:186} INFO - Started process (PID=3755) to work on /home/airflow/.local/lib/python3.12/site-packages/airflow/example_dags/example_branch_python_dop_operator_3.py
[2025-04-11T02:09:44.896+0000] {processor.py:914} INFO - Processing file /home/airflow/.local/lib/python3.12/site-packages/airflow/example_dags/example_branch_python_dop_operator_3.py for tasks to queue
[2025-04-11T02:09:44.898+0000] {logging_mixin.py:190} INFO - [2025-04-11T02:09:44.898+0000] {dagbag.py:588} INFO - Filling up the DagBag from /home/airflow/.local/lib/python3.12/site-packages/airflow/example_dags/example_branch_python_dop_operator_3.py
[2025-04-11T02:09:44.922+0000] {processor.py:925} INFO - DAG(s) 'example_branch_dop_operator_v3' retrieved from /home/airflow/.local/lib/python3.12/site-packages/airflow/example_dags/example_branch_python_dop_operator_3.py
[2025-04-11T02:09:44.973+0000] {logging_mixin.py:190} INFO - [2025-04-11T02:09:44.973+0000] {dag.py:3239} INFO - Sync 1 DAGs
[2025-04-11T02:09:45.051+0000] {logging_mixin.py:190} INFO - [2025-04-11T02:09:45.051+0000] {dag.py:4180} INFO - Setting next_dagrun for example_branch_dop_operator_v3 to 2025-04-11 02:08:00+00:00, run_after=2025-04-11 02:09:00+00:00
[2025-04-11T02:09:45.116+0000] {processor.py:208} INFO - Processing /home/airflow/.local/lib/python3.12/site-packages/airflow/example_dags/example_branch_python_dop_operator_3.py took 0.240 seconds
[2025-04-11T02:10:16.175+0000] {processor.py:186} INFO - Started process (PID=3820) to work on /home/airflow/.local/lib/python3.12/site-packages/airflow/example_dags/example_branch_python_dop_operator_3.py
[2025-04-11T02:10:16.177+0000] {processor.py:914} INFO - Processing file /home/airflow/.local/lib/python3.12/site-packages/airflow/example_dags/example_branch_python_dop_operator_3.py for tasks to queue
[2025-04-11T02:10:16.181+0000] {logging_mixin.py:190} INFO - [2025-04-11T02:10:16.180+0000] {dagbag.py:588} INFO - Filling up the DagBag from /home/airflow/.local/lib/python3.12/site-packages/airflow/example_dags/example_branch_python_dop_operator_3.py
[2025-04-11T02:10:16.221+0000] {processor.py:925} INFO - DAG(s) 'example_branch_dop_operator_v3' retrieved from /home/airflow/.local/lib/python3.12/site-packages/airflow/example_dags/example_branch_python_dop_operator_3.py
[2025-04-11T02:10:16.274+0000] {logging_mixin.py:190} INFO - [2025-04-11T02:10:16.274+0000] {dag.py:3239} INFO - Sync 1 DAGs
[2025-04-11T02:10:16.368+0000] {logging_mixin.py:190} INFO - [2025-04-11T02:10:16.368+0000] {dag.py:4180} INFO - Setting next_dagrun for example_branch_dop_operator_v3 to 2025-04-11 02:09:00+00:00, run_after=2025-04-11 02:10:00+00:00
[2025-04-11T02:10:16.427+0000] {processor.py:208} INFO - Processing /home/airflow/.local/lib/python3.12/site-packages/airflow/example_dags/example_branch_python_dop_operator_3.py took 0.272 seconds
[2025-04-11T02:10:47.817+0000] {processor.py:186} INFO - Started process (PID=3886) to work on /home/airflow/.local/lib/python3.12/site-packages/airflow/example_dags/example_branch_python_dop_operator_3.py
[2025-04-11T02:10:47.820+0000] {processor.py:914} INFO - Processing file /home/airflow/.local/lib/python3.12/site-packages/airflow/example_dags/example_branch_python_dop_operator_3.py for tasks to queue
[2025-04-11T02:10:47.824+0000] {logging_mixin.py:190} INFO - [2025-04-11T02:10:47.823+0000] {dagbag.py:588} INFO - Filling up the DagBag from /home/airflow/.local/lib/python3.12/site-packages/airflow/example_dags/example_branch_python_dop_operator_3.py
[2025-04-11T02:10:47.863+0000] {processor.py:925} INFO - DAG(s) 'example_branch_dop_operator_v3' retrieved from /home/airflow/.local/lib/python3.12/site-packages/airflow/example_dags/example_branch_python_dop_operator_3.py
[2025-04-11T02:10:47.918+0000] {logging_mixin.py:190} INFO - [2025-04-11T02:10:47.917+0000] {dag.py:3239} INFO - Sync 1 DAGs
[2025-04-11T02:10:48.008+0000] {logging_mixin.py:190} INFO - [2025-04-11T02:10:48.007+0000] {dag.py:4180} INFO - Setting next_dagrun for example_branch_dop_operator_v3 to 2025-04-11 02:09:00+00:00, run_after=2025-04-11 02:10:00+00:00
[2025-04-11T02:10:48.058+0000] {processor.py:208} INFO - Processing /home/airflow/.local/lib/python3.12/site-packages/airflow/example_dags/example_branch_python_dop_operator_3.py took 0.259 seconds
[2025-04-11T02:11:20.312+0000] {processor.py:186} INFO - Started process (PID=3951) to work on /home/airflow/.local/lib/python3.12/site-packages/airflow/example_dags/example_branch_python_dop_operator_3.py
[2025-04-11T02:11:20.315+0000] {processor.py:914} INFO - Processing file /home/airflow/.local/lib/python3.12/site-packages/airflow/example_dags/example_branch_python_dop_operator_3.py for tasks to queue
[2025-04-11T02:11:20.319+0000] {logging_mixin.py:190} INFO - [2025-04-11T02:11:20.318+0000] {dagbag.py:588} INFO - Filling up the DagBag from /home/airflow/.local/lib/python3.12/site-packages/airflow/example_dags/example_branch_python_dop_operator_3.py
[2025-04-11T02:11:20.354+0000] {processor.py:925} INFO - DAG(s) 'example_branch_dop_operator_v3' retrieved from /home/airflow/.local/lib/python3.12/site-packages/airflow/example_dags/example_branch_python_dop_operator_3.py
[2025-04-11T02:11:20.410+0000] {logging_mixin.py:190} INFO - [2025-04-11T02:11:20.409+0000] {dag.py:3239} INFO - Sync 1 DAGs
[2025-04-11T02:11:20.486+0000] {logging_mixin.py:190} INFO - [2025-04-11T02:11:20.485+0000] {dag.py:4180} INFO - Setting next_dagrun for example_branch_dop_operator_v3 to 2025-04-11 02:10:00+00:00, run_after=2025-04-11 02:11:00+00:00
[2025-04-11T02:11:20.534+0000] {processor.py:208} INFO - Processing /home/airflow/.local/lib/python3.12/site-packages/airflow/example_dags/example_branch_python_dop_operator_3.py took 0.240 seconds
[2025-04-11T02:11:52.561+0000] {processor.py:186} INFO - Started process (PID=4016) to work on /home/airflow/.local/lib/python3.12/site-packages/airflow/example_dags/example_branch_python_dop_operator_3.py
[2025-04-11T02:11:52.564+0000] {processor.py:914} INFO - Processing file /home/airflow/.local/lib/python3.12/site-packages/airflow/example_dags/example_branch_python_dop_operator_3.py for tasks to queue
[2025-04-11T02:11:52.568+0000] {logging_mixin.py:190} INFO - [2025-04-11T02:11:52.567+0000] {dagbag.py:588} INFO - Filling up the DagBag from /home/airflow/.local/lib/python3.12/site-packages/airflow/example_dags/example_branch_python_dop_operator_3.py
[2025-04-11T02:11:52.603+0000] {processor.py:925} INFO - DAG(s) 'example_branch_dop_operator_v3' retrieved from /home/airflow/.local/lib/python3.12/site-packages/airflow/example_dags/example_branch_python_dop_operator_3.py
[2025-04-11T02:11:52.664+0000] {logging_mixin.py:190} INFO - [2025-04-11T02:11:52.663+0000] {dag.py:3239} INFO - Sync 1 DAGs
[2025-04-11T02:11:52.746+0000] {logging_mixin.py:190} INFO - [2025-04-11T02:11:52.745+0000] {dag.py:4180} INFO - Setting next_dagrun for example_branch_dop_operator_v3 to 2025-04-11 02:10:00+00:00, run_after=2025-04-11 02:11:00+00:00
[2025-04-11T02:11:52.803+0000] {processor.py:208} INFO - Processing /home/airflow/.local/lib/python3.12/site-packages/airflow/example_dags/example_branch_python_dop_operator_3.py took 0.261 seconds
[2025-04-11T02:12:23.485+0000] {processor.py:186} INFO - Started process (PID=4081) to work on /home/airflow/.local/lib/python3.12/site-packages/airflow/example_dags/example_branch_python_dop_operator_3.py
[2025-04-11T02:12:23.487+0000] {processor.py:914} INFO - Processing file /home/airflow/.local/lib/python3.12/site-packages/airflow/example_dags/example_branch_python_dop_operator_3.py for tasks to queue
[2025-04-11T02:12:23.490+0000] {logging_mixin.py:190} INFO - [2025-04-11T02:12:23.490+0000] {dagbag.py:588} INFO - Filling up the DagBag from /home/airflow/.local/lib/python3.12/site-packages/airflow/example_dags/example_branch_python_dop_operator_3.py
[2025-04-11T02:12:23.521+0000] {processor.py:925} INFO - DAG(s) 'example_branch_dop_operator_v3' retrieved from /home/airflow/.local/lib/python3.12/site-packages/airflow/example_dags/example_branch_python_dop_operator_3.py
[2025-04-11T02:12:23.582+0000] {logging_mixin.py:190} INFO - [2025-04-11T02:12:23.581+0000] {dag.py:3239} INFO - Sync 1 DAGs
[2025-04-11T02:12:23.679+0000] {logging_mixin.py:190} INFO - [2025-04-11T02:12:23.678+0000] {dag.py:4180} INFO - Setting next_dagrun for example_branch_dop_operator_v3 to 2025-04-11 02:11:00+00:00, run_after=2025-04-11 02:12:00+00:00
[2025-04-11T02:12:23.743+0000] {processor.py:208} INFO - Processing /home/airflow/.local/lib/python3.12/site-packages/airflow/example_dags/example_branch_python_dop_operator_3.py took 0.274 seconds
[2025-04-11T02:12:54.972+0000] {processor.py:186} INFO - Started process (PID=4147) to work on /home/airflow/.local/lib/python3.12/site-packages/airflow/example_dags/example_branch_python_dop_operator_3.py
[2025-04-11T02:12:54.975+0000] {processor.py:914} INFO - Processing file /home/airflow/.local/lib/python3.12/site-packages/airflow/example_dags/example_branch_python_dop_operator_3.py for tasks to queue
[2025-04-11T02:12:54.979+0000] {logging_mixin.py:190} INFO - [2025-04-11T02:12:54.978+0000] {dagbag.py:588} INFO - Filling up the DagBag from /home/airflow/.local/lib/python3.12/site-packages/airflow/example_dags/example_branch_python_dop_operator_3.py
[2025-04-11T02:12:54.999+0000] {processor.py:925} INFO - DAG(s) 'example_branch_dop_operator_v3' retrieved from /home/airflow/.local/lib/python3.12/site-packages/airflow/example_dags/example_branch_python_dop_operator_3.py
[2025-04-11T02:12:55.056+0000] {logging_mixin.py:190} INFO - [2025-04-11T02:12:55.056+0000] {dag.py:3239} INFO - Sync 1 DAGs
[2025-04-11T02:12:55.139+0000] {logging_mixin.py:190} INFO - [2025-04-11T02:12:55.138+0000] {dag.py:4180} INFO - Setting next_dagrun for example_branch_dop_operator_v3 to 2025-04-11 02:11:00+00:00, run_after=2025-04-11 02:12:00+00:00
[2025-04-11T02:12:55.194+0000] {processor.py:208} INFO - Processing /home/airflow/.local/lib/python3.12/site-packages/airflow/example_dags/example_branch_python_dop_operator_3.py took 0.240 seconds
[2025-04-11T02:13:26.089+0000] {processor.py:186} INFO - Started process (PID=4213) to work on /home/airflow/.local/lib/python3.12/site-packages/airflow/example_dags/example_branch_python_dop_operator_3.py
[2025-04-11T02:13:26.092+0000] {processor.py:914} INFO - Processing file /home/airflow/.local/lib/python3.12/site-packages/airflow/example_dags/example_branch_python_dop_operator_3.py for tasks to queue
[2025-04-11T02:13:26.096+0000] {logging_mixin.py:190} INFO - [2025-04-11T02:13:26.095+0000] {dagbag.py:588} INFO - Filling up the DagBag from /home/airflow/.local/lib/python3.12/site-packages/airflow/example_dags/example_branch_python_dop_operator_3.py
[2025-04-11T02:13:26.128+0000] {processor.py:925} INFO - DAG(s) 'example_branch_dop_operator_v3' retrieved from /home/airflow/.local/lib/python3.12/site-packages/airflow/example_dags/example_branch_python_dop_operator_3.py
[2025-04-11T02:13:26.176+0000] {logging_mixin.py:190} INFO - [2025-04-11T02:13:26.176+0000] {dag.py:3239} INFO - Sync 1 DAGs
[2025-04-11T02:13:26.258+0000] {logging_mixin.py:190} INFO - [2025-04-11T02:13:26.258+0000] {dag.py:4180} INFO - Setting next_dagrun for example_branch_dop_operator_v3 to 2025-04-11 02:12:00+00:00, run_after=2025-04-11 02:13:00+00:00
[2025-04-11T02:13:26.299+0000] {processor.py:208} INFO - Processing /home/airflow/.local/lib/python3.12/site-packages/airflow/example_dags/example_branch_python_dop_operator_3.py took 0.229 seconds
[2025-04-11T02:13:56.891+0000] {processor.py:186} INFO - Started process (PID=4278) to work on /home/airflow/.local/lib/python3.12/site-packages/airflow/example_dags/example_branch_python_dop_operator_3.py
[2025-04-11T02:13:56.892+0000] {processor.py:914} INFO - Processing file /home/airflow/.local/lib/python3.12/site-packages/airflow/example_dags/example_branch_python_dop_operator_3.py for tasks to queue
[2025-04-11T02:13:56.894+0000] {logging_mixin.py:190} INFO - [2025-04-11T02:13:56.894+0000] {dagbag.py:588} INFO - Filling up the DagBag from /home/airflow/.local/lib/python3.12/site-packages/airflow/example_dags/example_branch_python_dop_operator_3.py
[2025-04-11T02:13:56.903+0000] {processor.py:925} INFO - DAG(s) 'example_branch_dop_operator_v3' retrieved from /home/airflow/.local/lib/python3.12/site-packages/airflow/example_dags/example_branch_python_dop_operator_3.py
[2025-04-11T02:13:56.922+0000] {logging_mixin.py:190} INFO - [2025-04-11T02:13:56.922+0000] {dag.py:3239} INFO - Sync 1 DAGs
[2025-04-11T02:13:56.946+0000] {logging_mixin.py:190} INFO - [2025-04-11T02:13:56.946+0000] {dag.py:4180} INFO - Setting next_dagrun for example_branch_dop_operator_v3 to 2025-04-11 02:12:00+00:00, run_after=2025-04-11 02:13:00+00:00
[2025-04-11T02:13:56.970+0000] {processor.py:208} INFO - Processing /home/airflow/.local/lib/python3.12/site-packages/airflow/example_dags/example_branch_python_dop_operator_3.py took 0.084 seconds
[2025-04-11T02:14:27.262+0000] {processor.py:186} INFO - Started process (PID=4343) to work on /home/airflow/.local/lib/python3.12/site-packages/airflow/example_dags/example_branch_python_dop_operator_3.py
[2025-04-11T02:14:27.263+0000] {processor.py:914} INFO - Processing file /home/airflow/.local/lib/python3.12/site-packages/airflow/example_dags/example_branch_python_dop_operator_3.py for tasks to queue
[2025-04-11T02:14:27.264+0000] {logging_mixin.py:190} INFO - [2025-04-11T02:14:27.263+0000] {dagbag.py:588} INFO - Filling up the DagBag from /home/airflow/.local/lib/python3.12/site-packages/airflow/example_dags/example_branch_python_dop_operator_3.py
[2025-04-11T02:14:27.273+0000] {processor.py:925} INFO - DAG(s) 'example_branch_dop_operator_v3' retrieved from /home/airflow/.local/lib/python3.12/site-packages/airflow/example_dags/example_branch_python_dop_operator_3.py
[2025-04-11T02:14:27.293+0000] {logging_mixin.py:190} INFO - [2025-04-11T02:14:27.292+0000] {dag.py:3239} INFO - Sync 1 DAGs
[2025-04-11T02:14:27.314+0000] {logging_mixin.py:190} INFO - [2025-04-11T02:14:27.314+0000] {dag.py:4180} INFO - Setting next_dagrun for example_branch_dop_operator_v3 to 2025-04-11 02:13:00+00:00, run_after=2025-04-11 02:14:00+00:00
[2025-04-11T02:14:27.334+0000] {processor.py:208} INFO - Processing /home/airflow/.local/lib/python3.12/site-packages/airflow/example_dags/example_branch_python_dop_operator_3.py took 0.078 seconds
[2025-04-11T02:14:58.954+0000] {processor.py:186} INFO - Started process (PID=4408) to work on /home/airflow/.local/lib/python3.12/site-packages/airflow/example_dags/example_branch_python_dop_operator_3.py
[2025-04-11T02:14:58.956+0000] {processor.py:914} INFO - Processing file /home/airflow/.local/lib/python3.12/site-packages/airflow/example_dags/example_branch_python_dop_operator_3.py for tasks to queue
[2025-04-11T02:14:58.958+0000] {logging_mixin.py:190} INFO - [2025-04-11T02:14:58.957+0000] {dagbag.py:588} INFO - Filling up the DagBag from /home/airflow/.local/lib/python3.12/site-packages/airflow/example_dags/example_branch_python_dop_operator_3.py
[2025-04-11T02:14:58.977+0000] {processor.py:925} INFO - DAG(s) 'example_branch_dop_operator_v3' retrieved from /home/airflow/.local/lib/python3.12/site-packages/airflow/example_dags/example_branch_python_dop_operator_3.py
[2025-04-11T02:14:59.018+0000] {logging_mixin.py:190} INFO - [2025-04-11T02:14:59.017+0000] {dag.py:3239} INFO - Sync 1 DAGs
[2025-04-11T02:14:59.069+0000] {logging_mixin.py:190} INFO - [2025-04-11T02:14:59.068+0000] {dag.py:4180} INFO - Setting next_dagrun for example_branch_dop_operator_v3 to 2025-04-11 02:13:00+00:00, run_after=2025-04-11 02:14:00+00:00
[2025-04-11T02:14:59.104+0000] {processor.py:208} INFO - Processing /home/airflow/.local/lib/python3.12/site-packages/airflow/example_dags/example_branch_python_dop_operator_3.py took 0.162 seconds
[2025-04-11T02:15:29.700+0000] {processor.py:186} INFO - Started process (PID=4473) to work on /home/airflow/.local/lib/python3.12/site-packages/airflow/example_dags/example_branch_python_dop_operator_3.py
[2025-04-11T02:15:29.701+0000] {processor.py:914} INFO - Processing file /home/airflow/.local/lib/python3.12/site-packages/airflow/example_dags/example_branch_python_dop_operator_3.py for tasks to queue
[2025-04-11T02:15:29.702+0000] {logging_mixin.py:190} INFO - [2025-04-11T02:15:29.702+0000] {dagbag.py:588} INFO - Filling up the DagBag from /home/airflow/.local/lib/python3.12/site-packages/airflow/example_dags/example_branch_python_dop_operator_3.py
[2025-04-11T02:15:29.715+0000] {processor.py:925} INFO - DAG(s) 'example_branch_dop_operator_v3' retrieved from /home/airflow/.local/lib/python3.12/site-packages/airflow/example_dags/example_branch_python_dop_operator_3.py
[2025-04-11T02:15:29.742+0000] {logging_mixin.py:190} INFO - [2025-04-11T02:15:29.741+0000] {dag.py:3239} INFO - Sync 1 DAGs
[2025-04-11T02:15:29.899+0000] {logging_mixin.py:190} INFO - [2025-04-11T02:15:29.899+0000] {dag.py:4180} INFO - Setting next_dagrun for example_branch_dop_operator_v3 to 2025-04-11 02:14:00+00:00, run_after=2025-04-11 02:15:00+00:00
[2025-04-11T02:15:29.918+0000] {processor.py:208} INFO - Processing /home/airflow/.local/lib/python3.12/site-packages/airflow/example_dags/example_branch_python_dop_operator_3.py took 0.223 seconds
