[2025-04-11T01:49:49.879+0000] {processor.py:186} INFO - Started process (PID=1240) to work on /home/airflow/.local/lib/python3.12/site-packages/airflow/example_dags/example_task_group.py
[2025-04-11T01:49:49.881+0000] {processor.py:914} INFO - Processing file /home/airflow/.local/lib/python3.12/site-packages/airflow/example_dags/example_task_group.py for tasks to queue
[2025-04-11T01:49:49.885+0000] {logging_mixin.py:190} INFO - [2025-04-11T01:49:49.884+0000] {dagbag.py:588} INFO - Filling up the DagBag from /home/airflow/.local/lib/python3.12/site-packages/airflow/example_dags/example_task_group.py
[2025-04-11T01:49:49.909+0000] {processor.py:925} INFO - DAG(s) 'example_task_group' retrieved from /home/airflow/.local/lib/python3.12/site-packages/airflow/example_dags/example_task_group.py
[2025-04-11T01:49:49.975+0000] {logging_mixin.py:190} INFO - [2025-04-11T01:49:49.975+0000] {dag.py:3239} INFO - Sync 1 DAGs
[2025-04-11T01:49:50.039+0000] {logging_mixin.py:190} INFO - [2025-04-11T01:49:50.038+0000] {dag.py:4180} INFO - Setting next_dagrun for example_task_group to None, run_after=None
[2025-04-11T01:49:50.088+0000] {processor.py:208} INFO - Processing /home/airflow/.local/lib/python3.12/site-packages/airflow/example_dags/example_task_group.py took 0.227 seconds
[2025-04-11T01:50:20.945+0000] {processor.py:186} INFO - Started process (PID=1305) to work on /home/airflow/.local/lib/python3.12/site-packages/airflow/example_dags/example_task_group.py
[2025-04-11T01:50:20.947+0000] {processor.py:914} INFO - Processing file /home/airflow/.local/lib/python3.12/site-packages/airflow/example_dags/example_task_group.py for tasks to queue
[2025-04-11T01:50:20.949+0000] {logging_mixin.py:190} INFO - [2025-04-11T01:50:20.949+0000] {dagbag.py:588} INFO - Filling up the DagBag from /home/airflow/.local/lib/python3.12/site-packages/airflow/example_dags/example_task_group.py
[2025-04-11T01:50:20.961+0000] {processor.py:925} INFO - DAG(s) 'example_task_group' retrieved from /home/airflow/.local/lib/python3.12/site-packages/airflow/example_dags/example_task_group.py
[2025-04-11T01:50:20.986+0000] {logging_mixin.py:190} INFO - [2025-04-11T01:50:20.986+0000] {dag.py:3239} INFO - Sync 1 DAGs
[2025-04-11T01:50:21.003+0000] {logging_mixin.py:190} INFO - [2025-04-11T01:50:21.003+0000] {dag.py:4180} INFO - Setting next_dagrun for example_task_group to None, run_after=None
[2025-04-11T01:50:21.031+0000] {processor.py:208} INFO - Processing /home/airflow/.local/lib/python3.12/site-packages/airflow/example_dags/example_task_group.py took 0.094 seconds
[2025-04-11T01:50:51.800+0000] {processor.py:186} INFO - Started process (PID=1371) to work on /home/airflow/.local/lib/python3.12/site-packages/airflow/example_dags/example_task_group.py
[2025-04-11T01:50:51.801+0000] {processor.py:914} INFO - Processing file /home/airflow/.local/lib/python3.12/site-packages/airflow/example_dags/example_task_group.py for tasks to queue
[2025-04-11T01:50:51.804+0000] {logging_mixin.py:190} INFO - [2025-04-11T01:50:51.803+0000] {dagbag.py:588} INFO - Filling up the DagBag from /home/airflow/.local/lib/python3.12/site-packages/airflow/example_dags/example_task_group.py
[2025-04-11T01:50:51.815+0000] {processor.py:925} INFO - DAG(s) 'example_task_group' retrieved from /home/airflow/.local/lib/python3.12/site-packages/airflow/example_dags/example_task_group.py
[2025-04-11T01:50:51.843+0000] {logging_mixin.py:190} INFO - [2025-04-11T01:50:51.843+0000] {dag.py:3239} INFO - Sync 1 DAGs
[2025-04-11T01:50:51.870+0000] {logging_mixin.py:190} INFO - [2025-04-11T01:50:51.869+0000] {dag.py:4180} INFO - Setting next_dagrun for example_task_group to None, run_after=None
[2025-04-11T01:50:51.901+0000] {processor.py:208} INFO - Processing /home/airflow/.local/lib/python3.12/site-packages/airflow/example_dags/example_task_group.py took 0.109 seconds
[2025-04-11T01:51:22.219+0000] {processor.py:186} INFO - Started process (PID=1436) to work on /home/airflow/.local/lib/python3.12/site-packages/airflow/example_dags/example_task_group.py
[2025-04-11T01:51:22.220+0000] {processor.py:914} INFO - Processing file /home/airflow/.local/lib/python3.12/site-packages/airflow/example_dags/example_task_group.py for tasks to queue
[2025-04-11T01:51:22.221+0000] {logging_mixin.py:190} INFO - [2025-04-11T01:51:22.221+0000] {dagbag.py:588} INFO - Filling up the DagBag from /home/airflow/.local/lib/python3.12/site-packages/airflow/example_dags/example_task_group.py
[2025-04-11T01:51:22.230+0000] {processor.py:925} INFO - DAG(s) 'example_task_group' retrieved from /home/airflow/.local/lib/python3.12/site-packages/airflow/example_dags/example_task_group.py
[2025-04-11T01:51:22.252+0000] {logging_mixin.py:190} INFO - [2025-04-11T01:51:22.251+0000] {dag.py:3239} INFO - Sync 1 DAGs
[2025-04-11T01:51:22.265+0000] {logging_mixin.py:190} INFO - [2025-04-11T01:51:22.265+0000] {dag.py:4180} INFO - Setting next_dagrun for example_task_group to None, run_after=None
[2025-04-11T01:51:22.287+0000] {processor.py:208} INFO - Processing /home/airflow/.local/lib/python3.12/site-packages/airflow/example_dags/example_task_group.py took 0.073 seconds
[2025-04-11T01:51:53.026+0000] {processor.py:186} INFO - Started process (PID=1501) to work on /home/airflow/.local/lib/python3.12/site-packages/airflow/example_dags/example_task_group.py
[2025-04-11T01:51:53.027+0000] {processor.py:914} INFO - Processing file /home/airflow/.local/lib/python3.12/site-packages/airflow/example_dags/example_task_group.py for tasks to queue
[2025-04-11T01:51:53.029+0000] {logging_mixin.py:190} INFO - [2025-04-11T01:51:53.028+0000] {dagbag.py:588} INFO - Filling up the DagBag from /home/airflow/.local/lib/python3.12/site-packages/airflow/example_dags/example_task_group.py
[2025-04-11T01:51:53.037+0000] {processor.py:925} INFO - DAG(s) 'example_task_group' retrieved from /home/airflow/.local/lib/python3.12/site-packages/airflow/example_dags/example_task_group.py
[2025-04-11T01:51:53.063+0000] {logging_mixin.py:190} INFO - [2025-04-11T01:51:53.063+0000] {dag.py:3239} INFO - Sync 1 DAGs
[2025-04-11T01:51:53.077+0000] {logging_mixin.py:190} INFO - [2025-04-11T01:51:53.077+0000] {dag.py:4180} INFO - Setting next_dagrun for example_task_group to None, run_after=None
[2025-04-11T01:51:53.101+0000] {processor.py:208} INFO - Processing /home/airflow/.local/lib/python3.12/site-packages/airflow/example_dags/example_task_group.py took 0.081 seconds
[2025-04-11T01:52:23.683+0000] {processor.py:186} INFO - Started process (PID=1566) to work on /home/airflow/.local/lib/python3.12/site-packages/airflow/example_dags/example_task_group.py
[2025-04-11T01:52:23.684+0000] {processor.py:914} INFO - Processing file /home/airflow/.local/lib/python3.12/site-packages/airflow/example_dags/example_task_group.py for tasks to queue
[2025-04-11T01:52:23.685+0000] {logging_mixin.py:190} INFO - [2025-04-11T01:52:23.685+0000] {dagbag.py:588} INFO - Filling up the DagBag from /home/airflow/.local/lib/python3.12/site-packages/airflow/example_dags/example_task_group.py
[2025-04-11T01:52:23.693+0000] {processor.py:925} INFO - DAG(s) 'example_task_group' retrieved from /home/airflow/.local/lib/python3.12/site-packages/airflow/example_dags/example_task_group.py
[2025-04-11T01:52:23.714+0000] {logging_mixin.py:190} INFO - [2025-04-11T01:52:23.714+0000] {dag.py:3239} INFO - Sync 1 DAGs
[2025-04-11T01:52:23.728+0000] {logging_mixin.py:190} INFO - [2025-04-11T01:52:23.728+0000] {dag.py:4180} INFO - Setting next_dagrun for example_task_group to None, run_after=None
[2025-04-11T01:52:23.751+0000] {processor.py:208} INFO - Processing /home/airflow/.local/lib/python3.12/site-packages/airflow/example_dags/example_task_group.py took 0.074 seconds
[2025-04-11T01:52:54.620+0000] {processor.py:186} INFO - Started process (PID=1631) to work on /home/airflow/.local/lib/python3.12/site-packages/airflow/example_dags/example_task_group.py
[2025-04-11T01:52:54.621+0000] {processor.py:914} INFO - Processing file /home/airflow/.local/lib/python3.12/site-packages/airflow/example_dags/example_task_group.py for tasks to queue
[2025-04-11T01:52:54.623+0000] {logging_mixin.py:190} INFO - [2025-04-11T01:52:54.622+0000] {dagbag.py:588} INFO - Filling up the DagBag from /home/airflow/.local/lib/python3.12/site-packages/airflow/example_dags/example_task_group.py
[2025-04-11T01:52:54.631+0000] {processor.py:925} INFO - DAG(s) 'example_task_group' retrieved from /home/airflow/.local/lib/python3.12/site-packages/airflow/example_dags/example_task_group.py
[2025-04-11T01:52:54.651+0000] {logging_mixin.py:190} INFO - [2025-04-11T01:52:54.651+0000] {dag.py:3239} INFO - Sync 1 DAGs
[2025-04-11T01:52:54.665+0000] {logging_mixin.py:190} INFO - [2025-04-11T01:52:54.665+0000] {dag.py:4180} INFO - Setting next_dagrun for example_task_group to None, run_after=None
[2025-04-11T01:52:54.689+0000] {processor.py:208} INFO - Processing /home/airflow/.local/lib/python3.12/site-packages/airflow/example_dags/example_task_group.py took 0.074 seconds
[2025-04-11T01:53:25.149+0000] {processor.py:186} INFO - Started process (PID=1696) to work on /home/airflow/.local/lib/python3.12/site-packages/airflow/example_dags/example_task_group.py
[2025-04-11T01:53:25.150+0000] {processor.py:914} INFO - Processing file /home/airflow/.local/lib/python3.12/site-packages/airflow/example_dags/example_task_group.py for tasks to queue
[2025-04-11T01:53:25.151+0000] {logging_mixin.py:190} INFO - [2025-04-11T01:53:25.151+0000] {dagbag.py:588} INFO - Filling up the DagBag from /home/airflow/.local/lib/python3.12/site-packages/airflow/example_dags/example_task_group.py
[2025-04-11T01:53:25.159+0000] {processor.py:925} INFO - DAG(s) 'example_task_group' retrieved from /home/airflow/.local/lib/python3.12/site-packages/airflow/example_dags/example_task_group.py
[2025-04-11T01:53:25.179+0000] {logging_mixin.py:190} INFO - [2025-04-11T01:53:25.179+0000] {dag.py:3239} INFO - Sync 1 DAGs
[2025-04-11T01:53:25.193+0000] {logging_mixin.py:190} INFO - [2025-04-11T01:53:25.193+0000] {dag.py:4180} INFO - Setting next_dagrun for example_task_group to None, run_after=None
[2025-04-11T01:53:25.215+0000] {processor.py:208} INFO - Processing /home/airflow/.local/lib/python3.12/site-packages/airflow/example_dags/example_task_group.py took 0.072 seconds
[2025-04-11T01:53:56.047+0000] {processor.py:186} INFO - Started process (PID=1761) to work on /home/airflow/.local/lib/python3.12/site-packages/airflow/example_dags/example_task_group.py
[2025-04-11T01:53:56.048+0000] {processor.py:914} INFO - Processing file /home/airflow/.local/lib/python3.12/site-packages/airflow/example_dags/example_task_group.py for tasks to queue
[2025-04-11T01:53:56.050+0000] {logging_mixin.py:190} INFO - [2025-04-11T01:53:56.049+0000] {dagbag.py:588} INFO - Filling up the DagBag from /home/airflow/.local/lib/python3.12/site-packages/airflow/example_dags/example_task_group.py
[2025-04-11T01:53:56.058+0000] {processor.py:925} INFO - DAG(s) 'example_task_group' retrieved from /home/airflow/.local/lib/python3.12/site-packages/airflow/example_dags/example_task_group.py
[2025-04-11T01:53:56.082+0000] {logging_mixin.py:190} INFO - [2025-04-11T01:53:56.082+0000] {dag.py:3239} INFO - Sync 1 DAGs
[2025-04-11T01:53:56.098+0000] {logging_mixin.py:190} INFO - [2025-04-11T01:53:56.098+0000] {dag.py:4180} INFO - Setting next_dagrun for example_task_group to None, run_after=None
[2025-04-11T01:53:56.121+0000] {processor.py:208} INFO - Processing /home/airflow/.local/lib/python3.12/site-packages/airflow/example_dags/example_task_group.py took 0.079 seconds
[2025-04-11T01:54:27.025+0000] {processor.py:186} INFO - Started process (PID=1832) to work on /home/airflow/.local/lib/python3.12/site-packages/airflow/example_dags/example_task_group.py
[2025-04-11T01:54:27.026+0000] {processor.py:914} INFO - Processing file /home/airflow/.local/lib/python3.12/site-packages/airflow/example_dags/example_task_group.py for tasks to queue
[2025-04-11T01:54:27.027+0000] {logging_mixin.py:190} INFO - [2025-04-11T01:54:27.027+0000] {dagbag.py:588} INFO - Filling up the DagBag from /home/airflow/.local/lib/python3.12/site-packages/airflow/example_dags/example_task_group.py
[2025-04-11T01:54:27.035+0000] {processor.py:925} INFO - DAG(s) 'example_task_group' retrieved from /home/airflow/.local/lib/python3.12/site-packages/airflow/example_dags/example_task_group.py
[2025-04-11T01:54:27.056+0000] {logging_mixin.py:190} INFO - [2025-04-11T01:54:27.056+0000] {dag.py:3239} INFO - Sync 1 DAGs
[2025-04-11T01:54:27.069+0000] {logging_mixin.py:190} INFO - [2025-04-11T01:54:27.068+0000] {dag.py:4180} INFO - Setting next_dagrun for example_task_group to None, run_after=None
[2025-04-11T01:54:27.107+0000] {processor.py:208} INFO - Processing /home/airflow/.local/lib/python3.12/site-packages/airflow/example_dags/example_task_group.py took 0.088 seconds
[2025-04-11T01:54:57.858+0000] {processor.py:186} INFO - Started process (PID=1897) to work on /home/airflow/.local/lib/python3.12/site-packages/airflow/example_dags/example_task_group.py
[2025-04-11T01:54:57.859+0000] {processor.py:914} INFO - Processing file /home/airflow/.local/lib/python3.12/site-packages/airflow/example_dags/example_task_group.py for tasks to queue
[2025-04-11T01:54:57.861+0000] {logging_mixin.py:190} INFO - [2025-04-11T01:54:57.861+0000] {dagbag.py:588} INFO - Filling up the DagBag from /home/airflow/.local/lib/python3.12/site-packages/airflow/example_dags/example_task_group.py
[2025-04-11T01:54:57.870+0000] {processor.py:925} INFO - DAG(s) 'example_task_group' retrieved from /home/airflow/.local/lib/python3.12/site-packages/airflow/example_dags/example_task_group.py
[2025-04-11T01:54:57.891+0000] {logging_mixin.py:190} INFO - [2025-04-11T01:54:57.891+0000] {dag.py:3239} INFO - Sync 1 DAGs
[2025-04-11T01:54:57.905+0000] {logging_mixin.py:190} INFO - [2025-04-11T01:54:57.905+0000] {dag.py:4180} INFO - Setting next_dagrun for example_task_group to None, run_after=None
[2025-04-11T01:54:57.942+0000] {processor.py:208} INFO - Processing /home/airflow/.local/lib/python3.12/site-packages/airflow/example_dags/example_task_group.py took 0.089 seconds
[2025-04-11T01:55:28.603+0000] {processor.py:186} INFO - Started process (PID=1962) to work on /home/airflow/.local/lib/python3.12/site-packages/airflow/example_dags/example_task_group.py
[2025-04-11T01:55:28.604+0000] {processor.py:914} INFO - Processing file /home/airflow/.local/lib/python3.12/site-packages/airflow/example_dags/example_task_group.py for tasks to queue
[2025-04-11T01:55:28.606+0000] {logging_mixin.py:190} INFO - [2025-04-11T01:55:28.605+0000] {dagbag.py:588} INFO - Filling up the DagBag from /home/airflow/.local/lib/python3.12/site-packages/airflow/example_dags/example_task_group.py
[2025-04-11T01:55:28.616+0000] {processor.py:925} INFO - DAG(s) 'example_task_group' retrieved from /home/airflow/.local/lib/python3.12/site-packages/airflow/example_dags/example_task_group.py
[2025-04-11T01:55:28.638+0000] {logging_mixin.py:190} INFO - [2025-04-11T01:55:28.638+0000] {dag.py:3239} INFO - Sync 1 DAGs
[2025-04-11T01:55:28.654+0000] {logging_mixin.py:190} INFO - [2025-04-11T01:55:28.654+0000] {dag.py:4180} INFO - Setting next_dagrun for example_task_group to None, run_after=None
[2025-04-11T01:55:28.677+0000] {processor.py:208} INFO - Processing /home/airflow/.local/lib/python3.12/site-packages/airflow/example_dags/example_task_group.py took 0.079 seconds
[2025-04-11T01:55:58.741+0000] {processor.py:186} INFO - Started process (PID=2027) to work on /home/airflow/.local/lib/python3.12/site-packages/airflow/example_dags/example_task_group.py
[2025-04-11T01:55:58.742+0000] {processor.py:914} INFO - Processing file /home/airflow/.local/lib/python3.12/site-packages/airflow/example_dags/example_task_group.py for tasks to queue
[2025-04-11T01:55:58.743+0000] {logging_mixin.py:190} INFO - [2025-04-11T01:55:58.743+0000] {dagbag.py:588} INFO - Filling up the DagBag from /home/airflow/.local/lib/python3.12/site-packages/airflow/example_dags/example_task_group.py
[2025-04-11T01:55:58.751+0000] {processor.py:925} INFO - DAG(s) 'example_task_group' retrieved from /home/airflow/.local/lib/python3.12/site-packages/airflow/example_dags/example_task_group.py
[2025-04-11T01:55:58.774+0000] {logging_mixin.py:190} INFO - [2025-04-11T01:55:58.774+0000] {dag.py:3239} INFO - Sync 1 DAGs
[2025-04-11T01:55:58.788+0000] {logging_mixin.py:190} INFO - [2025-04-11T01:55:58.788+0000] {dag.py:4180} INFO - Setting next_dagrun for example_task_group to None, run_after=None
[2025-04-11T01:55:58.812+0000] {processor.py:208} INFO - Processing /home/airflow/.local/lib/python3.12/site-packages/airflow/example_dags/example_task_group.py took 0.076 seconds
[2025-04-11T01:56:30.906+0000] {processor.py:186} INFO - Started process (PID=2092) to work on /home/airflow/.local/lib/python3.12/site-packages/airflow/example_dags/example_task_group.py
[2025-04-11T01:56:30.907+0000] {processor.py:914} INFO - Processing file /home/airflow/.local/lib/python3.12/site-packages/airflow/example_dags/example_task_group.py for tasks to queue
[2025-04-11T01:56:30.912+0000] {logging_mixin.py:190} INFO - [2025-04-11T01:56:30.911+0000] {dagbag.py:588} INFO - Filling up the DagBag from /home/airflow/.local/lib/python3.12/site-packages/airflow/example_dags/example_task_group.py
[2025-04-11T01:56:30.934+0000] {processor.py:925} INFO - DAG(s) 'example_task_group' retrieved from /home/airflow/.local/lib/python3.12/site-packages/airflow/example_dags/example_task_group.py
[2025-04-11T01:56:30.988+0000] {logging_mixin.py:190} INFO - [2025-04-11T01:56:30.987+0000] {dag.py:3239} INFO - Sync 1 DAGs
[2025-04-11T01:56:31.013+0000] {logging_mixin.py:190} INFO - [2025-04-11T01:56:31.012+0000] {dag.py:4180} INFO - Setting next_dagrun for example_task_group to None, run_after=None
[2025-04-11T01:56:31.056+0000] {processor.py:208} INFO - Processing /home/airflow/.local/lib/python3.12/site-packages/airflow/example_dags/example_task_group.py took 0.159 seconds
[2025-04-11T01:57:01.310+0000] {processor.py:186} INFO - Started process (PID=2157) to work on /home/airflow/.local/lib/python3.12/site-packages/airflow/example_dags/example_task_group.py
[2025-04-11T01:57:01.311+0000] {processor.py:914} INFO - Processing file /home/airflow/.local/lib/python3.12/site-packages/airflow/example_dags/example_task_group.py for tasks to queue
[2025-04-11T01:57:01.312+0000] {logging_mixin.py:190} INFO - [2025-04-11T01:57:01.312+0000] {dagbag.py:588} INFO - Filling up the DagBag from /home/airflow/.local/lib/python3.12/site-packages/airflow/example_dags/example_task_group.py
[2025-04-11T01:57:01.321+0000] {processor.py:925} INFO - DAG(s) 'example_task_group' retrieved from /home/airflow/.local/lib/python3.12/site-packages/airflow/example_dags/example_task_group.py
[2025-04-11T01:57:01.343+0000] {logging_mixin.py:190} INFO - [2025-04-11T01:57:01.343+0000] {dag.py:3239} INFO - Sync 1 DAGs
[2025-04-11T01:57:01.357+0000] {logging_mixin.py:190} INFO - [2025-04-11T01:57:01.357+0000] {dag.py:4180} INFO - Setting next_dagrun for example_task_group to None, run_after=None
[2025-04-11T01:57:01.378+0000] {processor.py:208} INFO - Processing /home/airflow/.local/lib/python3.12/site-packages/airflow/example_dags/example_task_group.py took 0.075 seconds
[2025-04-11T01:57:32.121+0000] {processor.py:186} INFO - Started process (PID=2222) to work on /home/airflow/.local/lib/python3.12/site-packages/airflow/example_dags/example_task_group.py
[2025-04-11T01:57:32.122+0000] {processor.py:914} INFO - Processing file /home/airflow/.local/lib/python3.12/site-packages/airflow/example_dags/example_task_group.py for tasks to queue
[2025-04-11T01:57:32.123+0000] {logging_mixin.py:190} INFO - [2025-04-11T01:57:32.123+0000] {dagbag.py:588} INFO - Filling up the DagBag from /home/airflow/.local/lib/python3.12/site-packages/airflow/example_dags/example_task_group.py
[2025-04-11T01:57:32.131+0000] {processor.py:925} INFO - DAG(s) 'example_task_group' retrieved from /home/airflow/.local/lib/python3.12/site-packages/airflow/example_dags/example_task_group.py
[2025-04-11T01:57:32.148+0000] {logging_mixin.py:190} INFO - [2025-04-11T01:57:32.148+0000] {dag.py:3239} INFO - Sync 1 DAGs
[2025-04-11T01:57:32.160+0000] {logging_mixin.py:190} INFO - [2025-04-11T01:57:32.160+0000] {dag.py:4180} INFO - Setting next_dagrun for example_task_group to None, run_after=None
[2025-04-11T01:57:32.178+0000] {processor.py:208} INFO - Processing /home/airflow/.local/lib/python3.12/site-packages/airflow/example_dags/example_task_group.py took 0.063 seconds
[2025-04-11T01:58:02.877+0000] {processor.py:186} INFO - Started process (PID=2287) to work on /home/airflow/.local/lib/python3.12/site-packages/airflow/example_dags/example_task_group.py
[2025-04-11T01:58:02.878+0000] {processor.py:914} INFO - Processing file /home/airflow/.local/lib/python3.12/site-packages/airflow/example_dags/example_task_group.py for tasks to queue
[2025-04-11T01:58:02.880+0000] {logging_mixin.py:190} INFO - [2025-04-11T01:58:02.879+0000] {dagbag.py:588} INFO - Filling up the DagBag from /home/airflow/.local/lib/python3.12/site-packages/airflow/example_dags/example_task_group.py
[2025-04-11T01:58:02.889+0000] {processor.py:925} INFO - DAG(s) 'example_task_group' retrieved from /home/airflow/.local/lib/python3.12/site-packages/airflow/example_dags/example_task_group.py
[2025-04-11T01:58:02.910+0000] {logging_mixin.py:190} INFO - [2025-04-11T01:58:02.910+0000] {dag.py:3239} INFO - Sync 1 DAGs
[2025-04-11T01:58:02.923+0000] {logging_mixin.py:190} INFO - [2025-04-11T01:58:02.923+0000] {dag.py:4180} INFO - Setting next_dagrun for example_task_group to None, run_after=None
[2025-04-11T01:58:02.946+0000] {processor.py:208} INFO - Processing /home/airflow/.local/lib/python3.12/site-packages/airflow/example_dags/example_task_group.py took 0.075 seconds
[2025-04-11T01:58:33.425+0000] {processor.py:186} INFO - Started process (PID=2352) to work on /home/airflow/.local/lib/python3.12/site-packages/airflow/example_dags/example_task_group.py
[2025-04-11T01:58:33.426+0000] {processor.py:914} INFO - Processing file /home/airflow/.local/lib/python3.12/site-packages/airflow/example_dags/example_task_group.py for tasks to queue
[2025-04-11T01:58:33.428+0000] {logging_mixin.py:190} INFO - [2025-04-11T01:58:33.427+0000] {dagbag.py:588} INFO - Filling up the DagBag from /home/airflow/.local/lib/python3.12/site-packages/airflow/example_dags/example_task_group.py
[2025-04-11T01:58:33.435+0000] {processor.py:925} INFO - DAG(s) 'example_task_group' retrieved from /home/airflow/.local/lib/python3.12/site-packages/airflow/example_dags/example_task_group.py
[2025-04-11T01:58:33.454+0000] {logging_mixin.py:190} INFO - [2025-04-11T01:58:33.453+0000] {dag.py:3239} INFO - Sync 1 DAGs
[2025-04-11T01:58:33.465+0000] {logging_mixin.py:190} INFO - [2025-04-11T01:58:33.464+0000] {dag.py:4180} INFO - Setting next_dagrun for example_task_group to None, run_after=None
[2025-04-11T01:58:33.481+0000] {processor.py:208} INFO - Processing /home/airflow/.local/lib/python3.12/site-packages/airflow/example_dags/example_task_group.py took 0.061 seconds
[2025-04-11T01:59:04.669+0000] {processor.py:186} INFO - Started process (PID=2417) to work on /home/airflow/.local/lib/python3.12/site-packages/airflow/example_dags/example_task_group.py
[2025-04-11T01:59:04.670+0000] {processor.py:914} INFO - Processing file /home/airflow/.local/lib/python3.12/site-packages/airflow/example_dags/example_task_group.py for tasks to queue
[2025-04-11T01:59:04.672+0000] {logging_mixin.py:190} INFO - [2025-04-11T01:59:04.671+0000] {dagbag.py:588} INFO - Filling up the DagBag from /home/airflow/.local/lib/python3.12/site-packages/airflow/example_dags/example_task_group.py
[2025-04-11T01:59:04.680+0000] {processor.py:925} INFO - DAG(s) 'example_task_group' retrieved from /home/airflow/.local/lib/python3.12/site-packages/airflow/example_dags/example_task_group.py
[2025-04-11T01:59:04.699+0000] {logging_mixin.py:190} INFO - [2025-04-11T01:59:04.699+0000] {dag.py:3239} INFO - Sync 1 DAGs
[2025-04-11T01:59:04.713+0000] {logging_mixin.py:190} INFO - [2025-04-11T01:59:04.712+0000] {dag.py:4180} INFO - Setting next_dagrun for example_task_group to None, run_after=None
[2025-04-11T01:59:04.734+0000] {processor.py:208} INFO - Processing /home/airflow/.local/lib/python3.12/site-packages/airflow/example_dags/example_task_group.py took 0.071 seconds
[2025-04-11T01:59:36.184+0000] {processor.py:186} INFO - Started process (PID=2482) to work on /home/airflow/.local/lib/python3.12/site-packages/airflow/example_dags/example_task_group.py
[2025-04-11T01:59:36.185+0000] {processor.py:914} INFO - Processing file /home/airflow/.local/lib/python3.12/site-packages/airflow/example_dags/example_task_group.py for tasks to queue
[2025-04-11T01:59:36.188+0000] {logging_mixin.py:190} INFO - [2025-04-11T01:59:36.187+0000] {dagbag.py:588} INFO - Filling up the DagBag from /home/airflow/.local/lib/python3.12/site-packages/airflow/example_dags/example_task_group.py
[2025-04-11T01:59:36.205+0000] {processor.py:925} INFO - DAG(s) 'example_task_group' retrieved from /home/airflow/.local/lib/python3.12/site-packages/airflow/example_dags/example_task_group.py
[2025-04-11T01:59:36.269+0000] {logging_mixin.py:190} INFO - [2025-04-11T01:59:36.269+0000] {dag.py:3239} INFO - Sync 1 DAGs
[2025-04-11T01:59:36.302+0000] {logging_mixin.py:190} INFO - [2025-04-11T01:59:36.302+0000] {dag.py:4180} INFO - Setting next_dagrun for example_task_group to None, run_after=None
[2025-04-11T01:59:36.340+0000] {processor.py:208} INFO - Processing /home/airflow/.local/lib/python3.12/site-packages/airflow/example_dags/example_task_group.py took 0.167 seconds
[2025-04-11T02:00:09.894+0000] {processor.py:186} INFO - Started process (PID=2549) to work on /home/airflow/.local/lib/python3.12/site-packages/airflow/example_dags/example_task_group.py
[2025-04-11T02:00:09.896+0000] {processor.py:914} INFO - Processing file /home/airflow/.local/lib/python3.12/site-packages/airflow/example_dags/example_task_group.py for tasks to queue
[2025-04-11T02:00:09.901+0000] {logging_mixin.py:190} INFO - [2025-04-11T02:00:09.900+0000] {dagbag.py:588} INFO - Filling up the DagBag from /home/airflow/.local/lib/python3.12/site-packages/airflow/example_dags/example_task_group.py
[2025-04-11T02:00:09.930+0000] {processor.py:925} INFO - DAG(s) 'example_task_group' retrieved from /home/airflow/.local/lib/python3.12/site-packages/airflow/example_dags/example_task_group.py
[2025-04-11T02:00:09.995+0000] {logging_mixin.py:190} INFO - [2025-04-11T02:00:09.994+0000] {dag.py:3239} INFO - Sync 1 DAGs
[2025-04-11T02:00:10.042+0000] {logging_mixin.py:190} INFO - [2025-04-11T02:00:10.041+0000] {dag.py:4180} INFO - Setting next_dagrun for example_task_group to None, run_after=None
[2025-04-11T02:00:10.100+0000] {processor.py:208} INFO - Processing /home/airflow/.local/lib/python3.12/site-packages/airflow/example_dags/example_task_group.py took 0.225 seconds
[2025-04-11T02:00:42.340+0000] {processor.py:186} INFO - Started process (PID=2615) to work on /home/airflow/.local/lib/python3.12/site-packages/airflow/example_dags/example_task_group.py
[2025-04-11T02:00:42.342+0000] {processor.py:914} INFO - Processing file /home/airflow/.local/lib/python3.12/site-packages/airflow/example_dags/example_task_group.py for tasks to queue
[2025-04-11T02:00:42.346+0000] {logging_mixin.py:190} INFO - [2025-04-11T02:00:42.345+0000] {dagbag.py:588} INFO - Filling up the DagBag from /home/airflow/.local/lib/python3.12/site-packages/airflow/example_dags/example_task_group.py
[2025-04-11T02:00:42.379+0000] {processor.py:925} INFO - DAG(s) 'example_task_group' retrieved from /home/airflow/.local/lib/python3.12/site-packages/airflow/example_dags/example_task_group.py
[2025-04-11T02:00:42.446+0000] {logging_mixin.py:190} INFO - [2025-04-11T02:00:42.446+0000] {dag.py:3239} INFO - Sync 1 DAGs
[2025-04-11T02:00:42.501+0000] {logging_mixin.py:190} INFO - [2025-04-11T02:00:42.501+0000] {dag.py:4180} INFO - Setting next_dagrun for example_task_group to None, run_after=None
[2025-04-11T02:00:42.554+0000] {processor.py:208} INFO - Processing /home/airflow/.local/lib/python3.12/site-packages/airflow/example_dags/example_task_group.py took 0.232 seconds
[2025-04-11T02:01:13.247+0000] {processor.py:186} INFO - Started process (PID=2680) to work on /home/airflow/.local/lib/python3.12/site-packages/airflow/example_dags/example_task_group.py
[2025-04-11T02:01:13.250+0000] {processor.py:914} INFO - Processing file /home/airflow/.local/lib/python3.12/site-packages/airflow/example_dags/example_task_group.py for tasks to queue
[2025-04-11T02:01:13.253+0000] {logging_mixin.py:190} INFO - [2025-04-11T02:01:13.252+0000] {dagbag.py:588} INFO - Filling up the DagBag from /home/airflow/.local/lib/python3.12/site-packages/airflow/example_dags/example_task_group.py
[2025-04-11T02:01:13.282+0000] {processor.py:925} INFO - DAG(s) 'example_task_group' retrieved from /home/airflow/.local/lib/python3.12/site-packages/airflow/example_dags/example_task_group.py
[2025-04-11T02:01:13.338+0000] {logging_mixin.py:190} INFO - [2025-04-11T02:01:13.338+0000] {dag.py:3239} INFO - Sync 1 DAGs
[2025-04-11T02:01:13.386+0000] {logging_mixin.py:190} INFO - [2025-04-11T02:01:13.386+0000] {dag.py:4180} INFO - Setting next_dagrun for example_task_group to None, run_after=None
[2025-04-11T02:01:13.432+0000] {processor.py:208} INFO - Processing /home/airflow/.local/lib/python3.12/site-packages/airflow/example_dags/example_task_group.py took 0.204 seconds
[2025-04-11T02:01:45.420+0000] {processor.py:186} INFO - Started process (PID=2745) to work on /home/airflow/.local/lib/python3.12/site-packages/airflow/example_dags/example_task_group.py
[2025-04-11T02:01:45.422+0000] {processor.py:914} INFO - Processing file /home/airflow/.local/lib/python3.12/site-packages/airflow/example_dags/example_task_group.py for tasks to queue
[2025-04-11T02:01:45.425+0000] {logging_mixin.py:190} INFO - [2025-04-11T02:01:45.424+0000] {dagbag.py:588} INFO - Filling up the DagBag from /home/airflow/.local/lib/python3.12/site-packages/airflow/example_dags/example_task_group.py
[2025-04-11T02:01:45.448+0000] {processor.py:925} INFO - DAG(s) 'example_task_group' retrieved from /home/airflow/.local/lib/python3.12/site-packages/airflow/example_dags/example_task_group.py
[2025-04-11T02:01:45.524+0000] {logging_mixin.py:190} INFO - [2025-04-11T02:01:45.523+0000] {dag.py:3239} INFO - Sync 1 DAGs
[2025-04-11T02:01:45.576+0000] {logging_mixin.py:190} INFO - [2025-04-11T02:01:45.575+0000] {dag.py:4180} INFO - Setting next_dagrun for example_task_group to None, run_after=None
[2025-04-11T02:01:45.635+0000] {processor.py:208} INFO - Processing /home/airflow/.local/lib/python3.12/site-packages/airflow/example_dags/example_task_group.py took 0.230 seconds
[2025-04-11T02:02:17.651+0000] {processor.py:186} INFO - Started process (PID=2810) to work on /home/airflow/.local/lib/python3.12/site-packages/airflow/example_dags/example_task_group.py
[2025-04-11T02:02:17.654+0000] {processor.py:914} INFO - Processing file /home/airflow/.local/lib/python3.12/site-packages/airflow/example_dags/example_task_group.py for tasks to queue
[2025-04-11T02:02:17.656+0000] {logging_mixin.py:190} INFO - [2025-04-11T02:02:17.656+0000] {dagbag.py:588} INFO - Filling up the DagBag from /home/airflow/.local/lib/python3.12/site-packages/airflow/example_dags/example_task_group.py
[2025-04-11T02:02:17.687+0000] {processor.py:925} INFO - DAG(s) 'example_task_group' retrieved from /home/airflow/.local/lib/python3.12/site-packages/airflow/example_dags/example_task_group.py
[2025-04-11T02:02:17.735+0000] {logging_mixin.py:190} INFO - [2025-04-11T02:02:17.734+0000] {dag.py:3239} INFO - Sync 1 DAGs
[2025-04-11T02:02:17.781+0000] {logging_mixin.py:190} INFO - [2025-04-11T02:02:17.780+0000] {dag.py:4180} INFO - Setting next_dagrun for example_task_group to None, run_after=None
[2025-04-11T02:02:17.832+0000] {processor.py:208} INFO - Processing /home/airflow/.local/lib/python3.12/site-packages/airflow/example_dags/example_task_group.py took 0.195 seconds
[2025-04-11T02:02:48.623+0000] {processor.py:186} INFO - Started process (PID=2875) to work on /home/airflow/.local/lib/python3.12/site-packages/airflow/example_dags/example_task_group.py
[2025-04-11T02:02:48.624+0000] {processor.py:914} INFO - Processing file /home/airflow/.local/lib/python3.12/site-packages/airflow/example_dags/example_task_group.py for tasks to queue
[2025-04-11T02:02:48.626+0000] {logging_mixin.py:190} INFO - [2025-04-11T02:02:48.626+0000] {dagbag.py:588} INFO - Filling up the DagBag from /home/airflow/.local/lib/python3.12/site-packages/airflow/example_dags/example_task_group.py
[2025-04-11T02:02:48.637+0000] {processor.py:925} INFO - DAG(s) 'example_task_group' retrieved from /home/airflow/.local/lib/python3.12/site-packages/airflow/example_dags/example_task_group.py
[2025-04-11T02:02:48.665+0000] {logging_mixin.py:190} INFO - [2025-04-11T02:02:48.665+0000] {dag.py:3239} INFO - Sync 1 DAGs
[2025-04-11T02:02:48.683+0000] {logging_mixin.py:190} INFO - [2025-04-11T02:02:48.683+0000] {dag.py:4180} INFO - Setting next_dagrun for example_task_group to None, run_after=None
[2025-04-11T02:02:48.713+0000] {processor.py:208} INFO - Processing /home/airflow/.local/lib/python3.12/site-packages/airflow/example_dags/example_task_group.py took 0.096 seconds
[2025-04-11T02:03:20.430+0000] {processor.py:186} INFO - Started process (PID=2940) to work on /home/airflow/.local/lib/python3.12/site-packages/airflow/example_dags/example_task_group.py
[2025-04-11T02:03:20.431+0000] {processor.py:914} INFO - Processing file /home/airflow/.local/lib/python3.12/site-packages/airflow/example_dags/example_task_group.py for tasks to queue
[2025-04-11T02:03:20.435+0000] {logging_mixin.py:190} INFO - [2025-04-11T02:03:20.434+0000] {dagbag.py:588} INFO - Filling up the DagBag from /home/airflow/.local/lib/python3.12/site-packages/airflow/example_dags/example_task_group.py
[2025-04-11T02:03:20.463+0000] {processor.py:925} INFO - DAG(s) 'example_task_group' retrieved from /home/airflow/.local/lib/python3.12/site-packages/airflow/example_dags/example_task_group.py
[2025-04-11T02:03:20.525+0000] {logging_mixin.py:190} INFO - [2025-04-11T02:03:20.524+0000] {dag.py:3239} INFO - Sync 1 DAGs
[2025-04-11T02:03:20.564+0000] {logging_mixin.py:190} INFO - [2025-04-11T02:03:20.564+0000] {dag.py:4180} INFO - Setting next_dagrun for example_task_group to None, run_after=None
[2025-04-11T02:03:20.610+0000] {processor.py:208} INFO - Processing /home/airflow/.local/lib/python3.12/site-packages/airflow/example_dags/example_task_group.py took 0.198 seconds
[2025-04-11T02:03:52.328+0000] {processor.py:186} INFO - Started process (PID=3005) to work on /home/airflow/.local/lib/python3.12/site-packages/airflow/example_dags/example_task_group.py
[2025-04-11T02:03:52.331+0000] {processor.py:914} INFO - Processing file /home/airflow/.local/lib/python3.12/site-packages/airflow/example_dags/example_task_group.py for tasks to queue
[2025-04-11T02:03:52.334+0000] {logging_mixin.py:190} INFO - [2025-04-11T02:03:52.333+0000] {dagbag.py:588} INFO - Filling up the DagBag from /home/airflow/.local/lib/python3.12/site-packages/airflow/example_dags/example_task_group.py
[2025-04-11T02:03:52.357+0000] {processor.py:925} INFO - DAG(s) 'example_task_group' retrieved from /home/airflow/.local/lib/python3.12/site-packages/airflow/example_dags/example_task_group.py
[2025-04-11T02:03:52.407+0000] {logging_mixin.py:190} INFO - [2025-04-11T02:03:52.407+0000] {dag.py:3239} INFO - Sync 1 DAGs
[2025-04-11T02:03:52.438+0000] {logging_mixin.py:190} INFO - [2025-04-11T02:03:52.438+0000] {dag.py:4180} INFO - Setting next_dagrun for example_task_group to None, run_after=None
[2025-04-11T02:03:52.470+0000] {processor.py:208} INFO - Processing /home/airflow/.local/lib/python3.12/site-packages/airflow/example_dags/example_task_group.py took 0.157 seconds
[2025-04-11T02:04:23.232+0000] {processor.py:186} INFO - Started process (PID=3070) to work on /home/airflow/.local/lib/python3.12/site-packages/airflow/example_dags/example_task_group.py
[2025-04-11T02:04:23.233+0000] {processor.py:914} INFO - Processing file /home/airflow/.local/lib/python3.12/site-packages/airflow/example_dags/example_task_group.py for tasks to queue
[2025-04-11T02:04:23.235+0000] {logging_mixin.py:190} INFO - [2025-04-11T02:04:23.235+0000] {dagbag.py:588} INFO - Filling up the DagBag from /home/airflow/.local/lib/python3.12/site-packages/airflow/example_dags/example_task_group.py
[2025-04-11T02:04:23.245+0000] {processor.py:925} INFO - DAG(s) 'example_task_group' retrieved from /home/airflow/.local/lib/python3.12/site-packages/airflow/example_dags/example_task_group.py
[2025-04-11T02:04:23.278+0000] {logging_mixin.py:190} INFO - [2025-04-11T02:04:23.277+0000] {dag.py:3239} INFO - Sync 1 DAGs
[2025-04-11T02:04:23.307+0000] {logging_mixin.py:190} INFO - [2025-04-11T02:04:23.307+0000] {dag.py:4180} INFO - Setting next_dagrun for example_task_group to None, run_after=None
[2025-04-11T02:04:23.349+0000] {processor.py:208} INFO - Processing /home/airflow/.local/lib/python3.12/site-packages/airflow/example_dags/example_task_group.py took 0.123 seconds
[2025-04-11T02:04:55.660+0000] {processor.py:186} INFO - Started process (PID=3136) to work on /home/airflow/.local/lib/python3.12/site-packages/airflow/example_dags/example_task_group.py
[2025-04-11T02:04:55.663+0000] {processor.py:914} INFO - Processing file /home/airflow/.local/lib/python3.12/site-packages/airflow/example_dags/example_task_group.py for tasks to queue
[2025-04-11T02:04:55.667+0000] {logging_mixin.py:190} INFO - [2025-04-11T02:04:55.666+0000] {dagbag.py:588} INFO - Filling up the DagBag from /home/airflow/.local/lib/python3.12/site-packages/airflow/example_dags/example_task_group.py
[2025-04-11T02:04:55.695+0000] {processor.py:925} INFO - DAG(s) 'example_task_group' retrieved from /home/airflow/.local/lib/python3.12/site-packages/airflow/example_dags/example_task_group.py
[2025-04-11T02:04:55.752+0000] {logging_mixin.py:190} INFO - [2025-04-11T02:04:55.751+0000] {dag.py:3239} INFO - Sync 1 DAGs
[2025-04-11T02:04:55.793+0000] {logging_mixin.py:190} INFO - [2025-04-11T02:04:55.792+0000] {dag.py:4180} INFO - Setting next_dagrun for example_task_group to None, run_after=None
[2025-04-11T02:04:55.836+0000] {processor.py:208} INFO - Processing /home/airflow/.local/lib/python3.12/site-packages/airflow/example_dags/example_task_group.py took 0.194 seconds
[2025-04-11T02:05:26.681+0000] {processor.py:186} INFO - Started process (PID=3201) to work on /home/airflow/.local/lib/python3.12/site-packages/airflow/example_dags/example_task_group.py
[2025-04-11T02:05:26.683+0000] {processor.py:914} INFO - Processing file /home/airflow/.local/lib/python3.12/site-packages/airflow/example_dags/example_task_group.py for tasks to queue
[2025-04-11T02:05:26.685+0000] {logging_mixin.py:190} INFO - [2025-04-11T02:05:26.685+0000] {dagbag.py:588} INFO - Filling up the DagBag from /home/airflow/.local/lib/python3.12/site-packages/airflow/example_dags/example_task_group.py
[2025-04-11T02:05:26.701+0000] {processor.py:925} INFO - DAG(s) 'example_task_group' retrieved from /home/airflow/.local/lib/python3.12/site-packages/airflow/example_dags/example_task_group.py
[2025-04-11T02:05:26.740+0000] {logging_mixin.py:190} INFO - [2025-04-11T02:05:26.739+0000] {dag.py:3239} INFO - Sync 1 DAGs
[2025-04-11T02:05:26.784+0000] {logging_mixin.py:190} INFO - [2025-04-11T02:05:26.783+0000] {dag.py:4180} INFO - Setting next_dagrun for example_task_group to None, run_after=None
[2025-04-11T02:05:26.832+0000] {processor.py:208} INFO - Processing /home/airflow/.local/lib/python3.12/site-packages/airflow/example_dags/example_task_group.py took 0.161 seconds
[2025-04-11T02:05:57.292+0000] {processor.py:186} INFO - Started process (PID=3264) to work on /home/airflow/.local/lib/python3.12/site-packages/airflow/example_dags/example_task_group.py
[2025-04-11T02:05:57.295+0000] {processor.py:914} INFO - Processing file /home/airflow/.local/lib/python3.12/site-packages/airflow/example_dags/example_task_group.py for tasks to queue
[2025-04-11T02:05:57.302+0000] {logging_mixin.py:190} INFO - [2025-04-11T02:05:57.300+0000] {dagbag.py:588} INFO - Filling up the DagBag from /home/airflow/.local/lib/python3.12/site-packages/airflow/example_dags/example_task_group.py
[2025-04-11T02:05:57.340+0000] {processor.py:925} INFO - DAG(s) 'example_task_group' retrieved from /home/airflow/.local/lib/python3.12/site-packages/airflow/example_dags/example_task_group.py
[2025-04-11T02:05:57.417+0000] {logging_mixin.py:190} INFO - [2025-04-11T02:05:57.417+0000] {dag.py:3239} INFO - Sync 1 DAGs
[2025-04-11T02:05:57.475+0000] {logging_mixin.py:190} INFO - [2025-04-11T02:05:57.474+0000] {dag.py:4180} INFO - Setting next_dagrun for example_task_group to None, run_after=None
[2025-04-11T02:05:57.535+0000] {processor.py:208} INFO - Processing /home/airflow/.local/lib/python3.12/site-packages/airflow/example_dags/example_task_group.py took 0.267 seconds
[2025-04-11T02:06:28.266+0000] {processor.py:186} INFO - Started process (PID=3329) to work on /home/airflow/.local/lib/python3.12/site-packages/airflow/example_dags/example_task_group.py
[2025-04-11T02:06:28.267+0000] {processor.py:914} INFO - Processing file /home/airflow/.local/lib/python3.12/site-packages/airflow/example_dags/example_task_group.py for tasks to queue
[2025-04-11T02:06:28.269+0000] {logging_mixin.py:190} INFO - [2025-04-11T02:06:28.269+0000] {dagbag.py:588} INFO - Filling up the DagBag from /home/airflow/.local/lib/python3.12/site-packages/airflow/example_dags/example_task_group.py
[2025-04-11T02:06:28.279+0000] {processor.py:925} INFO - DAG(s) 'example_task_group' retrieved from /home/airflow/.local/lib/python3.12/site-packages/airflow/example_dags/example_task_group.py
[2025-04-11T02:06:28.303+0000] {logging_mixin.py:190} INFO - [2025-04-11T02:06:28.302+0000] {dag.py:3239} INFO - Sync 1 DAGs
[2025-04-11T02:06:28.321+0000] {logging_mixin.py:190} INFO - [2025-04-11T02:06:28.320+0000] {dag.py:4180} INFO - Setting next_dagrun for example_task_group to None, run_after=None
[2025-04-11T02:06:28.346+0000] {processor.py:208} INFO - Processing /home/airflow/.local/lib/python3.12/site-packages/airflow/example_dags/example_task_group.py took 0.087 seconds
[2025-04-11T02:06:59.313+0000] {processor.py:186} INFO - Started process (PID=3400) to work on /home/airflow/.local/lib/python3.12/site-packages/airflow/example_dags/example_task_group.py
[2025-04-11T02:06:59.314+0000] {processor.py:914} INFO - Processing file /home/airflow/.local/lib/python3.12/site-packages/airflow/example_dags/example_task_group.py for tasks to queue
[2025-04-11T02:06:59.316+0000] {logging_mixin.py:190} INFO - [2025-04-11T02:06:59.315+0000] {dagbag.py:588} INFO - Filling up the DagBag from /home/airflow/.local/lib/python3.12/site-packages/airflow/example_dags/example_task_group.py
[2025-04-11T02:06:59.324+0000] {processor.py:925} INFO - DAG(s) 'example_task_group' retrieved from /home/airflow/.local/lib/python3.12/site-packages/airflow/example_dags/example_task_group.py
[2025-04-11T02:06:59.347+0000] {logging_mixin.py:190} INFO - [2025-04-11T02:06:59.347+0000] {dag.py:3239} INFO - Sync 1 DAGs
[2025-04-11T02:06:59.360+0000] {logging_mixin.py:190} INFO - [2025-04-11T02:06:59.360+0000] {dag.py:4180} INFO - Setting next_dagrun for example_task_group to None, run_after=None
[2025-04-11T02:06:59.382+0000] {processor.py:208} INFO - Processing /home/airflow/.local/lib/python3.12/site-packages/airflow/example_dags/example_task_group.py took 0.074 seconds
[2025-04-11T02:07:31.792+0000] {processor.py:186} INFO - Started process (PID=3465) to work on /home/airflow/.local/lib/python3.12/site-packages/airflow/example_dags/example_task_group.py
[2025-04-11T02:07:31.794+0000] {processor.py:914} INFO - Processing file /home/airflow/.local/lib/python3.12/site-packages/airflow/example_dags/example_task_group.py for tasks to queue
[2025-04-11T02:07:31.796+0000] {logging_mixin.py:190} INFO - [2025-04-11T02:07:31.796+0000] {dagbag.py:588} INFO - Filling up the DagBag from /home/airflow/.local/lib/python3.12/site-packages/airflow/example_dags/example_task_group.py
[2025-04-11T02:07:31.810+0000] {processor.py:925} INFO - DAG(s) 'example_task_group' retrieved from /home/airflow/.local/lib/python3.12/site-packages/airflow/example_dags/example_task_group.py
[2025-04-11T02:07:31.844+0000] {logging_mixin.py:190} INFO - [2025-04-11T02:07:31.843+0000] {dag.py:3239} INFO - Sync 1 DAGs
[2025-04-11T02:07:31.867+0000] {logging_mixin.py:190} INFO - [2025-04-11T02:07:31.867+0000] {dag.py:4180} INFO - Setting next_dagrun for example_task_group to None, run_after=None
[2025-04-11T02:07:31.902+0000] {processor.py:208} INFO - Processing /home/airflow/.local/lib/python3.12/site-packages/airflow/example_dags/example_task_group.py took 0.118 seconds
[2025-04-11T02:08:04.028+0000] {processor.py:186} INFO - Started process (PID=3530) to work on /home/airflow/.local/lib/python3.12/site-packages/airflow/example_dags/example_task_group.py
[2025-04-11T02:08:04.031+0000] {processor.py:914} INFO - Processing file /home/airflow/.local/lib/python3.12/site-packages/airflow/example_dags/example_task_group.py for tasks to queue
[2025-04-11T02:08:04.033+0000] {logging_mixin.py:190} INFO - [2025-04-11T02:08:04.033+0000] {dagbag.py:588} INFO - Filling up the DagBag from /home/airflow/.local/lib/python3.12/site-packages/airflow/example_dags/example_task_group.py
[2025-04-11T02:08:04.050+0000] {processor.py:925} INFO - DAG(s) 'example_task_group' retrieved from /home/airflow/.local/lib/python3.12/site-packages/airflow/example_dags/example_task_group.py
[2025-04-11T02:08:04.110+0000] {logging_mixin.py:190} INFO - [2025-04-11T02:08:04.110+0000] {dag.py:3239} INFO - Sync 1 DAGs
[2025-04-11T02:08:04.152+0000] {logging_mixin.py:190} INFO - [2025-04-11T02:08:04.152+0000] {dag.py:4180} INFO - Setting next_dagrun for example_task_group to None, run_after=None
[2025-04-11T02:08:04.194+0000] {processor.py:208} INFO - Processing /home/airflow/.local/lib/python3.12/site-packages/airflow/example_dags/example_task_group.py took 0.185 seconds
[2025-04-11T02:08:35.238+0000] {processor.py:186} INFO - Started process (PID=3595) to work on /home/airflow/.local/lib/python3.12/site-packages/airflow/example_dags/example_task_group.py
[2025-04-11T02:08:35.240+0000] {processor.py:914} INFO - Processing file /home/airflow/.local/lib/python3.12/site-packages/airflow/example_dags/example_task_group.py for tasks to queue
[2025-04-11T02:08:35.242+0000] {logging_mixin.py:190} INFO - [2025-04-11T02:08:35.242+0000] {dagbag.py:588} INFO - Filling up the DagBag from /home/airflow/.local/lib/python3.12/site-packages/airflow/example_dags/example_task_group.py
[2025-04-11T02:08:35.268+0000] {processor.py:925} INFO - DAG(s) 'example_task_group' retrieved from /home/airflow/.local/lib/python3.12/site-packages/airflow/example_dags/example_task_group.py
[2025-04-11T02:08:35.331+0000] {logging_mixin.py:190} INFO - [2025-04-11T02:08:35.331+0000] {dag.py:3239} INFO - Sync 1 DAGs
[2025-04-11T02:08:35.373+0000] {logging_mixin.py:190} INFO - [2025-04-11T02:08:35.372+0000] {dag.py:4180} INFO - Setting next_dagrun for example_task_group to None, run_after=None
[2025-04-11T02:08:35.411+0000] {processor.py:208} INFO - Processing /home/airflow/.local/lib/python3.12/site-packages/airflow/example_dags/example_task_group.py took 0.180 seconds
[2025-04-11T02:09:07.495+0000] {processor.py:186} INFO - Started process (PID=3660) to work on /home/airflow/.local/lib/python3.12/site-packages/airflow/example_dags/example_task_group.py
[2025-04-11T02:09:07.497+0000] {processor.py:914} INFO - Processing file /home/airflow/.local/lib/python3.12/site-packages/airflow/example_dags/example_task_group.py for tasks to queue
[2025-04-11T02:09:07.500+0000] {logging_mixin.py:190} INFO - [2025-04-11T02:09:07.499+0000] {dagbag.py:588} INFO - Filling up the DagBag from /home/airflow/.local/lib/python3.12/site-packages/airflow/example_dags/example_task_group.py
[2025-04-11T02:09:07.515+0000] {processor.py:925} INFO - DAG(s) 'example_task_group' retrieved from /home/airflow/.local/lib/python3.12/site-packages/airflow/example_dags/example_task_group.py
[2025-04-11T02:09:07.558+0000] {logging_mixin.py:190} INFO - [2025-04-11T02:09:07.557+0000] {dag.py:3239} INFO - Sync 1 DAGs
[2025-04-11T02:09:07.588+0000] {logging_mixin.py:190} INFO - [2025-04-11T02:09:07.587+0000] {dag.py:4180} INFO - Setting next_dagrun for example_task_group to None, run_after=None
[2025-04-11T02:09:07.629+0000] {processor.py:208} INFO - Processing /home/airflow/.local/lib/python3.12/site-packages/airflow/example_dags/example_task_group.py took 0.145 seconds
[2025-04-11T02:09:39.996+0000] {processor.py:186} INFO - Started process (PID=3725) to work on /home/airflow/.local/lib/python3.12/site-packages/airflow/example_dags/example_task_group.py
[2025-04-11T02:09:39.999+0000] {processor.py:914} INFO - Processing file /home/airflow/.local/lib/python3.12/site-packages/airflow/example_dags/example_task_group.py for tasks to queue
[2025-04-11T02:09:40.002+0000] {logging_mixin.py:190} INFO - [2025-04-11T02:09:40.001+0000] {dagbag.py:588} INFO - Filling up the DagBag from /home/airflow/.local/lib/python3.12/site-packages/airflow/example_dags/example_task_group.py
[2025-04-11T02:09:40.030+0000] {processor.py:925} INFO - DAG(s) 'example_task_group' retrieved from /home/airflow/.local/lib/python3.12/site-packages/airflow/example_dags/example_task_group.py
[2025-04-11T02:09:40.067+0000] {logging_mixin.py:190} INFO - [2025-04-11T02:09:40.067+0000] {dag.py:3239} INFO - Sync 1 DAGs
[2025-04-11T02:09:40.092+0000] {logging_mixin.py:190} INFO - [2025-04-11T02:09:40.092+0000] {dag.py:4180} INFO - Setting next_dagrun for example_task_group to None, run_after=None
[2025-04-11T02:09:40.133+0000] {processor.py:208} INFO - Processing /home/airflow/.local/lib/python3.12/site-packages/airflow/example_dags/example_task_group.py took 0.157 seconds
[2025-04-11T02:10:10.731+0000] {processor.py:186} INFO - Started process (PID=3790) to work on /home/airflow/.local/lib/python3.12/site-packages/airflow/example_dags/example_task_group.py
[2025-04-11T02:10:10.732+0000] {processor.py:914} INFO - Processing file /home/airflow/.local/lib/python3.12/site-packages/airflow/example_dags/example_task_group.py for tasks to queue
[2025-04-11T02:10:10.734+0000] {logging_mixin.py:190} INFO - [2025-04-11T02:10:10.734+0000] {dagbag.py:588} INFO - Filling up the DagBag from /home/airflow/.local/lib/python3.12/site-packages/airflow/example_dags/example_task_group.py
[2025-04-11T02:10:10.741+0000] {processor.py:925} INFO - DAG(s) 'example_task_group' retrieved from /home/airflow/.local/lib/python3.12/site-packages/airflow/example_dags/example_task_group.py
[2025-04-11T02:10:10.763+0000] {logging_mixin.py:190} INFO - [2025-04-11T02:10:10.763+0000] {dag.py:3239} INFO - Sync 1 DAGs
[2025-04-11T02:10:10.778+0000] {logging_mixin.py:190} INFO - [2025-04-11T02:10:10.778+0000] {dag.py:4180} INFO - Setting next_dagrun for example_task_group to None, run_after=None
[2025-04-11T02:10:10.800+0000] {processor.py:208} INFO - Processing /home/airflow/.local/lib/python3.12/site-packages/airflow/example_dags/example_task_group.py took 0.074 seconds
[2025-04-11T02:10:40.908+0000] {processor.py:186} INFO - Started process (PID=3855) to work on /home/airflow/.local/lib/python3.12/site-packages/airflow/example_dags/example_task_group.py
[2025-04-11T02:10:40.909+0000] {processor.py:914} INFO - Processing file /home/airflow/.local/lib/python3.12/site-packages/airflow/example_dags/example_task_group.py for tasks to queue
[2025-04-11T02:10:40.910+0000] {logging_mixin.py:190} INFO - [2025-04-11T02:10:40.910+0000] {dagbag.py:588} INFO - Filling up the DagBag from /home/airflow/.local/lib/python3.12/site-packages/airflow/example_dags/example_task_group.py
[2025-04-11T02:10:40.918+0000] {processor.py:925} INFO - DAG(s) 'example_task_group' retrieved from /home/airflow/.local/lib/python3.12/site-packages/airflow/example_dags/example_task_group.py
[2025-04-11T02:10:40.940+0000] {logging_mixin.py:190} INFO - [2025-04-11T02:10:40.940+0000] {dag.py:3239} INFO - Sync 1 DAGs
[2025-04-11T02:10:40.955+0000] {logging_mixin.py:190} INFO - [2025-04-11T02:10:40.955+0000] {dag.py:4180} INFO - Setting next_dagrun for example_task_group to None, run_after=None
[2025-04-11T02:10:40.977+0000] {processor.py:208} INFO - Processing /home/airflow/.local/lib/python3.12/site-packages/airflow/example_dags/example_task_group.py took 0.074 seconds
[2025-04-11T02:11:13.140+0000] {processor.py:186} INFO - Started process (PID=3922) to work on /home/airflow/.local/lib/python3.12/site-packages/airflow/example_dags/example_task_group.py
[2025-04-11T02:11:13.143+0000] {processor.py:914} INFO - Processing file /home/airflow/.local/lib/python3.12/site-packages/airflow/example_dags/example_task_group.py for tasks to queue
[2025-04-11T02:11:13.147+0000] {logging_mixin.py:190} INFO - [2025-04-11T02:11:13.146+0000] {dagbag.py:588} INFO - Filling up the DagBag from /home/airflow/.local/lib/python3.12/site-packages/airflow/example_dags/example_task_group.py
[2025-04-11T02:11:13.176+0000] {processor.py:925} INFO - DAG(s) 'example_task_group' retrieved from /home/airflow/.local/lib/python3.12/site-packages/airflow/example_dags/example_task_group.py
[2025-04-11T02:11:13.233+0000] {logging_mixin.py:190} INFO - [2025-04-11T02:11:13.232+0000] {dag.py:3239} INFO - Sync 1 DAGs
[2025-04-11T02:11:13.275+0000] {logging_mixin.py:190} INFO - [2025-04-11T02:11:13.274+0000] {dag.py:4180} INFO - Setting next_dagrun for example_task_group to None, run_after=None
[2025-04-11T02:11:13.333+0000] {processor.py:208} INFO - Processing /home/airflow/.local/lib/python3.12/site-packages/airflow/example_dags/example_task_group.py took 0.211 seconds
[2025-04-11T02:11:45.926+0000] {processor.py:186} INFO - Started process (PID=3987) to work on /home/airflow/.local/lib/python3.12/site-packages/airflow/example_dags/example_task_group.py
[2025-04-11T02:11:45.929+0000] {processor.py:914} INFO - Processing file /home/airflow/.local/lib/python3.12/site-packages/airflow/example_dags/example_task_group.py for tasks to queue
[2025-04-11T02:11:45.935+0000] {logging_mixin.py:190} INFO - [2025-04-11T02:11:45.932+0000] {dagbag.py:588} INFO - Filling up the DagBag from /home/airflow/.local/lib/python3.12/site-packages/airflow/example_dags/example_task_group.py
[2025-04-11T02:11:45.962+0000] {processor.py:925} INFO - DAG(s) 'example_task_group' retrieved from /home/airflow/.local/lib/python3.12/site-packages/airflow/example_dags/example_task_group.py
[2025-04-11T02:11:46.038+0000] {logging_mixin.py:190} INFO - [2025-04-11T02:11:46.036+0000] {dag.py:3239} INFO - Sync 1 DAGs
[2025-04-11T02:11:46.093+0000] {logging_mixin.py:190} INFO - [2025-04-11T02:11:46.092+0000] {dag.py:4180} INFO - Setting next_dagrun for example_task_group to None, run_after=None
[2025-04-11T02:11:46.149+0000] {processor.py:208} INFO - Processing /home/airflow/.local/lib/python3.12/site-packages/airflow/example_dags/example_task_group.py took 0.248 seconds
[2025-04-11T02:12:17.948+0000] {processor.py:186} INFO - Started process (PID=4055) to work on /home/airflow/.local/lib/python3.12/site-packages/airflow/example_dags/example_task_group.py
[2025-04-11T02:12:17.951+0000] {processor.py:914} INFO - Processing file /home/airflow/.local/lib/python3.12/site-packages/airflow/example_dags/example_task_group.py for tasks to queue
[2025-04-11T02:12:17.955+0000] {logging_mixin.py:190} INFO - [2025-04-11T02:12:17.954+0000] {dagbag.py:588} INFO - Filling up the DagBag from /home/airflow/.local/lib/python3.12/site-packages/airflow/example_dags/example_task_group.py
[2025-04-11T02:12:17.985+0000] {processor.py:925} INFO - DAG(s) 'example_task_group' retrieved from /home/airflow/.local/lib/python3.12/site-packages/airflow/example_dags/example_task_group.py
[2025-04-11T02:12:18.046+0000] {logging_mixin.py:190} INFO - [2025-04-11T02:12:18.045+0000] {dag.py:3239} INFO - Sync 1 DAGs
[2025-04-11T02:12:18.110+0000] {logging_mixin.py:190} INFO - [2025-04-11T02:12:18.110+0000] {dag.py:4180} INFO - Setting next_dagrun for example_task_group to None, run_after=None
[2025-04-11T02:12:18.194+0000] {processor.py:208} INFO - Processing /home/airflow/.local/lib/python3.12/site-packages/airflow/example_dags/example_task_group.py took 0.263 seconds
[2025-04-11T02:12:49.884+0000] {processor.py:186} INFO - Started process (PID=4121) to work on /home/airflow/.local/lib/python3.12/site-packages/airflow/example_dags/example_task_group.py
[2025-04-11T02:12:49.887+0000] {processor.py:914} INFO - Processing file /home/airflow/.local/lib/python3.12/site-packages/airflow/example_dags/example_task_group.py for tasks to queue
[2025-04-11T02:12:49.891+0000] {logging_mixin.py:190} INFO - [2025-04-11T02:12:49.890+0000] {dagbag.py:588} INFO - Filling up the DagBag from /home/airflow/.local/lib/python3.12/site-packages/airflow/example_dags/example_task_group.py
[2025-04-11T02:12:49.920+0000] {processor.py:925} INFO - DAG(s) 'example_task_group' retrieved from /home/airflow/.local/lib/python3.12/site-packages/airflow/example_dags/example_task_group.py
[2025-04-11T02:12:49.983+0000] {logging_mixin.py:190} INFO - [2025-04-11T02:12:49.983+0000] {dag.py:3239} INFO - Sync 1 DAGs
[2025-04-11T02:12:50.037+0000] {logging_mixin.py:190} INFO - [2025-04-11T02:12:50.036+0000] {dag.py:4180} INFO - Setting next_dagrun for example_task_group to None, run_after=None
[2025-04-11T02:12:50.096+0000] {processor.py:208} INFO - Processing /home/airflow/.local/lib/python3.12/site-packages/airflow/example_dags/example_task_group.py took 0.230 seconds
[2025-04-11T02:13:20.189+0000] {processor.py:186} INFO - Started process (PID=4187) to work on /home/airflow/.local/lib/python3.12/site-packages/airflow/example_dags/example_task_group.py
[2025-04-11T02:13:20.190+0000] {processor.py:914} INFO - Processing file /home/airflow/.local/lib/python3.12/site-packages/airflow/example_dags/example_task_group.py for tasks to queue
[2025-04-11T02:13:20.192+0000] {logging_mixin.py:190} INFO - [2025-04-11T02:13:20.191+0000] {dagbag.py:588} INFO - Filling up the DagBag from /home/airflow/.local/lib/python3.12/site-packages/airflow/example_dags/example_task_group.py
[2025-04-11T02:13:20.199+0000] {processor.py:925} INFO - DAG(s) 'example_task_group' retrieved from /home/airflow/.local/lib/python3.12/site-packages/airflow/example_dags/example_task_group.py
[2025-04-11T02:13:20.219+0000] {logging_mixin.py:190} INFO - [2025-04-11T02:13:20.219+0000] {dag.py:3239} INFO - Sync 1 DAGs
[2025-04-11T02:13:20.231+0000] {logging_mixin.py:190} INFO - [2025-04-11T02:13:20.230+0000] {dag.py:4180} INFO - Setting next_dagrun for example_task_group to None, run_after=None
[2025-04-11T02:13:20.251+0000] {processor.py:208} INFO - Processing /home/airflow/.local/lib/python3.12/site-packages/airflow/example_dags/example_task_group.py took 0.067 seconds
[2025-04-11T02:13:50.938+0000] {processor.py:186} INFO - Started process (PID=4252) to work on /home/airflow/.local/lib/python3.12/site-packages/airflow/example_dags/example_task_group.py
[2025-04-11T02:13:50.939+0000] {processor.py:914} INFO - Processing file /home/airflow/.local/lib/python3.12/site-packages/airflow/example_dags/example_task_group.py for tasks to queue
[2025-04-11T02:13:50.941+0000] {logging_mixin.py:190} INFO - [2025-04-11T02:13:50.940+0000] {dagbag.py:588} INFO - Filling up the DagBag from /home/airflow/.local/lib/python3.12/site-packages/airflow/example_dags/example_task_group.py
[2025-04-11T02:13:50.948+0000] {processor.py:925} INFO - DAG(s) 'example_task_group' retrieved from /home/airflow/.local/lib/python3.12/site-packages/airflow/example_dags/example_task_group.py
[2025-04-11T02:13:50.968+0000] {logging_mixin.py:190} INFO - [2025-04-11T02:13:50.968+0000] {dag.py:3239} INFO - Sync 1 DAGs
[2025-04-11T02:13:50.983+0000] {logging_mixin.py:190} INFO - [2025-04-11T02:13:50.983+0000] {dag.py:4180} INFO - Setting next_dagrun for example_task_group to None, run_after=None
[2025-04-11T02:13:51.003+0000] {processor.py:208} INFO - Processing /home/airflow/.local/lib/python3.12/site-packages/airflow/example_dags/example_task_group.py took 0.069 seconds
[2025-04-11T02:14:21.264+0000] {processor.py:186} INFO - Started process (PID=4317) to work on /home/airflow/.local/lib/python3.12/site-packages/airflow/example_dags/example_task_group.py
[2025-04-11T02:14:21.265+0000] {processor.py:914} INFO - Processing file /home/airflow/.local/lib/python3.12/site-packages/airflow/example_dags/example_task_group.py for tasks to queue
[2025-04-11T02:14:21.266+0000] {logging_mixin.py:190} INFO - [2025-04-11T02:14:21.266+0000] {dagbag.py:588} INFO - Filling up the DagBag from /home/airflow/.local/lib/python3.12/site-packages/airflow/example_dags/example_task_group.py
[2025-04-11T02:14:21.274+0000] {processor.py:925} INFO - DAG(s) 'example_task_group' retrieved from /home/airflow/.local/lib/python3.12/site-packages/airflow/example_dags/example_task_group.py
[2025-04-11T02:14:21.293+0000] {logging_mixin.py:190} INFO - [2025-04-11T02:14:21.293+0000] {dag.py:3239} INFO - Sync 1 DAGs
[2025-04-11T02:14:21.434+0000] {logging_mixin.py:190} INFO - [2025-04-11T02:14:21.434+0000] {dag.py:4180} INFO - Setting next_dagrun for example_task_group to None, run_after=None
[2025-04-11T02:14:21.458+0000] {processor.py:208} INFO - Processing /home/airflow/.local/lib/python3.12/site-packages/airflow/example_dags/example_task_group.py took 0.199 seconds
[2025-04-11T02:14:54.029+0000] {processor.py:186} INFO - Started process (PID=4382) to work on /home/airflow/.local/lib/python3.12/site-packages/airflow/example_dags/example_task_group.py
[2025-04-11T02:14:54.031+0000] {processor.py:914} INFO - Processing file /home/airflow/.local/lib/python3.12/site-packages/airflow/example_dags/example_task_group.py for tasks to queue
[2025-04-11T02:14:54.033+0000] {logging_mixin.py:190} INFO - [2025-04-11T02:14:54.033+0000] {dagbag.py:588} INFO - Filling up the DagBag from /home/airflow/.local/lib/python3.12/site-packages/airflow/example_dags/example_task_group.py
[2025-04-11T02:14:54.052+0000] {processor.py:925} INFO - DAG(s) 'example_task_group' retrieved from /home/airflow/.local/lib/python3.12/site-packages/airflow/example_dags/example_task_group.py
[2025-04-11T02:14:54.095+0000] {logging_mixin.py:190} INFO - [2025-04-11T02:14:54.094+0000] {dag.py:3239} INFO - Sync 1 DAGs
[2025-04-11T02:14:54.121+0000] {logging_mixin.py:190} INFO - [2025-04-11T02:14:54.120+0000] {dag.py:4180} INFO - Setting next_dagrun for example_task_group to None, run_after=None
[2025-04-11T02:14:54.352+0000] {processor.py:208} INFO - Processing /home/airflow/.local/lib/python3.12/site-packages/airflow/example_dags/example_task_group.py took 0.336 seconds
[2025-04-11T02:15:25.133+0000] {processor.py:186} INFO - Started process (PID=4447) to work on /home/airflow/.local/lib/python3.12/site-packages/airflow/example_dags/example_task_group.py
[2025-04-11T02:15:25.134+0000] {processor.py:914} INFO - Processing file /home/airflow/.local/lib/python3.12/site-packages/airflow/example_dags/example_task_group.py for tasks to queue
[2025-04-11T02:15:25.136+0000] {logging_mixin.py:190} INFO - [2025-04-11T02:15:25.135+0000] {dagbag.py:588} INFO - Filling up the DagBag from /home/airflow/.local/lib/python3.12/site-packages/airflow/example_dags/example_task_group.py
[2025-04-11T02:15:25.143+0000] {processor.py:925} INFO - DAG(s) 'example_task_group' retrieved from /home/airflow/.local/lib/python3.12/site-packages/airflow/example_dags/example_task_group.py
[2025-04-11T02:15:25.166+0000] {logging_mixin.py:190} INFO - [2025-04-11T02:15:25.166+0000] {dag.py:3239} INFO - Sync 1 DAGs
[2025-04-11T02:15:25.179+0000] {logging_mixin.py:190} INFO - [2025-04-11T02:15:25.179+0000] {dag.py:4180} INFO - Setting next_dagrun for example_task_group to None, run_after=None
[2025-04-11T02:15:25.201+0000] {processor.py:208} INFO - Processing /home/airflow/.local/lib/python3.12/site-packages/airflow/example_dags/example_task_group.py took 0.073 seconds
[2025-04-11T03:46:43.513+0000] {processor.py:186} INFO - Started process (PID=4518) to work on /home/airflow/.local/lib/python3.12/site-packages/airflow/example_dags/example_task_group.py
[2025-04-11T03:46:43.515+0000] {processor.py:914} INFO - Processing file /home/airflow/.local/lib/python3.12/site-packages/airflow/example_dags/example_task_group.py for tasks to queue
[2025-04-11T03:46:43.518+0000] {logging_mixin.py:190} INFO - [2025-04-11T03:46:43.517+0000] {dagbag.py:588} INFO - Filling up the DagBag from /home/airflow/.local/lib/python3.12/site-packages/airflow/example_dags/example_task_group.py
[2025-04-11T03:46:43.533+0000] {processor.py:925} INFO - DAG(s) 'example_task_group' retrieved from /home/airflow/.local/lib/python3.12/site-packages/airflow/example_dags/example_task_group.py
[2025-04-11T03:46:43.575+0000] {logging_mixin.py:190} INFO - [2025-04-11T03:46:43.574+0000] {dag.py:3239} INFO - Sync 1 DAGs
[2025-04-11T03:46:43.600+0000] {logging_mixin.py:190} INFO - [2025-04-11T03:46:43.599+0000] {dag.py:4180} INFO - Setting next_dagrun for example_task_group to None, run_after=None
[2025-04-11T03:46:43.633+0000] {processor.py:208} INFO - Processing /home/airflow/.local/lib/python3.12/site-packages/airflow/example_dags/example_task_group.py took 0.130 seconds
