[2025-04-11T01:49:47.090+0000] {processor.py:186} INFO - Started process (PID=1233) to work on /home/airflow/.local/lib/python3.12/site-packages/airflow/example_dags/example_branch_labels.py
[2025-04-11T01:49:47.106+0000] {processor.py:914} INFO - Processing file /home/airflow/.local/lib/python3.12/site-packages/airflow/example_dags/example_branch_labels.py for tasks to queue
[2025-04-11T01:49:47.115+0000] {logging_mixin.py:190} INFO - [2025-04-11T01:49:47.112+0000] {dagbag.py:588} INFO - Filling up the DagBag from /home/airflow/.local/lib/python3.12/site-packages/airflow/example_dags/example_branch_labels.py
[2025-04-11T01:49:47.146+0000] {processor.py:925} INFO - DAG(s) 'example_branch_labels' retrieved from /home/airflow/.local/lib/python3.12/site-packages/airflow/example_dags/example_branch_labels.py
[2025-04-11T01:49:47.226+0000] {logging_mixin.py:190} INFO - [2025-04-11T01:49:47.226+0000] {dag.py:3239} INFO - Sync 1 DAGs
[2025-04-11T01:49:47.299+0000] {logging_mixin.py:190} INFO - [2025-04-11T01:49:47.298+0000] {dag.py:4180} INFO - Setting next_dagrun for example_branch_labels to 2025-04-10 00:00:00+00:00, run_after=2025-04-11 00:00:00+00:00
[2025-04-11T01:49:47.572+0000] {processor.py:208} INFO - Processing /home/airflow/.local/lib/python3.12/site-packages/airflow/example_dags/example_branch_labels.py took 0.500 seconds
[2025-04-11T01:50:18.154+0000] {processor.py:186} INFO - Started process (PID=1298) to work on /home/airflow/.local/lib/python3.12/site-packages/airflow/example_dags/example_branch_labels.py
[2025-04-11T01:50:18.157+0000] {processor.py:914} INFO - Processing file /home/airflow/.local/lib/python3.12/site-packages/airflow/example_dags/example_branch_labels.py for tasks to queue
[2025-04-11T01:50:18.159+0000] {logging_mixin.py:190} INFO - [2025-04-11T01:50:18.159+0000] {dagbag.py:588} INFO - Filling up the DagBag from /home/airflow/.local/lib/python3.12/site-packages/airflow/example_dags/example_branch_labels.py
[2025-04-11T01:50:18.173+0000] {processor.py:925} INFO - DAG(s) 'example_branch_labels' retrieved from /home/airflow/.local/lib/python3.12/site-packages/airflow/example_dags/example_branch_labels.py
[2025-04-11T01:50:18.220+0000] {logging_mixin.py:190} INFO - [2025-04-11T01:50:18.219+0000] {dag.py:3239} INFO - Sync 1 DAGs
[2025-04-11T01:50:18.263+0000] {logging_mixin.py:190} INFO - [2025-04-11T01:50:18.263+0000] {dag.py:4180} INFO - Setting next_dagrun for example_branch_labels to 2025-04-10 00:00:00+00:00, run_after=2025-04-11 00:00:00+00:00
[2025-04-11T01:50:18.303+0000] {processor.py:208} INFO - Processing /home/airflow/.local/lib/python3.12/site-packages/airflow/example_dags/example_branch_labels.py took 0.158 seconds
[2025-04-11T01:50:48.929+0000] {processor.py:186} INFO - Started process (PID=1364) to work on /home/airflow/.local/lib/python3.12/site-packages/airflow/example_dags/example_branch_labels.py
[2025-04-11T01:50:48.931+0000] {processor.py:914} INFO - Processing file /home/airflow/.local/lib/python3.12/site-packages/airflow/example_dags/example_branch_labels.py for tasks to queue
[2025-04-11T01:50:48.934+0000] {logging_mixin.py:190} INFO - [2025-04-11T01:50:48.933+0000] {dagbag.py:588} INFO - Filling up the DagBag from /home/airflow/.local/lib/python3.12/site-packages/airflow/example_dags/example_branch_labels.py
[2025-04-11T01:50:48.949+0000] {processor.py:925} INFO - DAG(s) 'example_branch_labels' retrieved from /home/airflow/.local/lib/python3.12/site-packages/airflow/example_dags/example_branch_labels.py
[2025-04-11T01:50:48.983+0000] {logging_mixin.py:190} INFO - [2025-04-11T01:50:48.983+0000] {dag.py:3239} INFO - Sync 1 DAGs
[2025-04-11T01:50:49.029+0000] {logging_mixin.py:190} INFO - [2025-04-11T01:50:49.029+0000] {dag.py:4180} INFO - Setting next_dagrun for example_branch_labels to 2025-04-10 00:00:00+00:00, run_after=2025-04-11 00:00:00+00:00
[2025-04-11T01:50:49.063+0000] {processor.py:208} INFO - Processing /home/airflow/.local/lib/python3.12/site-packages/airflow/example_dags/example_branch_labels.py took 0.142 seconds
[2025-04-11T01:51:20.259+0000] {processor.py:186} INFO - Started process (PID=1429) to work on /home/airflow/.local/lib/python3.12/site-packages/airflow/example_dags/example_branch_labels.py
[2025-04-11T01:51:20.260+0000] {processor.py:914} INFO - Processing file /home/airflow/.local/lib/python3.12/site-packages/airflow/example_dags/example_branch_labels.py for tasks to queue
[2025-04-11T01:51:20.262+0000] {logging_mixin.py:190} INFO - [2025-04-11T01:51:20.262+0000] {dagbag.py:588} INFO - Filling up the DagBag from /home/airflow/.local/lib/python3.12/site-packages/airflow/example_dags/example_branch_labels.py
[2025-04-11T01:51:20.271+0000] {processor.py:925} INFO - DAG(s) 'example_branch_labels' retrieved from /home/airflow/.local/lib/python3.12/site-packages/airflow/example_dags/example_branch_labels.py
[2025-04-11T01:51:20.291+0000] {logging_mixin.py:190} INFO - [2025-04-11T01:51:20.290+0000] {dag.py:3239} INFO - Sync 1 DAGs
[2025-04-11T01:51:20.313+0000] {logging_mixin.py:190} INFO - [2025-04-11T01:51:20.313+0000] {dag.py:4180} INFO - Setting next_dagrun for example_branch_labels to 2025-04-10 00:00:00+00:00, run_after=2025-04-11 00:00:00+00:00
[2025-04-11T01:51:20.336+0000] {processor.py:208} INFO - Processing /home/airflow/.local/lib/python3.12/site-packages/airflow/example_dags/example_branch_labels.py took 0.083 seconds
[2025-04-11T01:51:51.597+0000] {processor.py:186} INFO - Started process (PID=1494) to work on /home/airflow/.local/lib/python3.12/site-packages/airflow/example_dags/example_branch_labels.py
[2025-04-11T01:51:51.598+0000] {processor.py:914} INFO - Processing file /home/airflow/.local/lib/python3.12/site-packages/airflow/example_dags/example_branch_labels.py for tasks to queue
[2025-04-11T01:51:51.600+0000] {logging_mixin.py:190} INFO - [2025-04-11T01:51:51.600+0000] {dagbag.py:588} INFO - Filling up the DagBag from /home/airflow/.local/lib/python3.12/site-packages/airflow/example_dags/example_branch_labels.py
[2025-04-11T01:51:51.610+0000] {processor.py:925} INFO - DAG(s) 'example_branch_labels' retrieved from /home/airflow/.local/lib/python3.12/site-packages/airflow/example_dags/example_branch_labels.py
[2025-04-11T01:51:51.631+0000] {logging_mixin.py:190} INFO - [2025-04-11T01:51:51.631+0000] {dag.py:3239} INFO - Sync 1 DAGs
[2025-04-11T01:51:51.654+0000] {logging_mixin.py:190} INFO - [2025-04-11T01:51:51.654+0000] {dag.py:4180} INFO - Setting next_dagrun for example_branch_labels to 2025-04-10 00:00:00+00:00, run_after=2025-04-11 00:00:00+00:00
[2025-04-11T01:51:51.684+0000] {processor.py:208} INFO - Processing /home/airflow/.local/lib/python3.12/site-packages/airflow/example_dags/example_branch_labels.py took 0.094 seconds
[2025-04-11T01:52:22.293+0000] {processor.py:186} INFO - Started process (PID=1559) to work on /home/airflow/.local/lib/python3.12/site-packages/airflow/example_dags/example_branch_labels.py
[2025-04-11T01:52:22.294+0000] {processor.py:914} INFO - Processing file /home/airflow/.local/lib/python3.12/site-packages/airflow/example_dags/example_branch_labels.py for tasks to queue
[2025-04-11T01:52:22.296+0000] {logging_mixin.py:190} INFO - [2025-04-11T01:52:22.295+0000] {dagbag.py:588} INFO - Filling up the DagBag from /home/airflow/.local/lib/python3.12/site-packages/airflow/example_dags/example_branch_labels.py
[2025-04-11T01:52:22.305+0000] {processor.py:925} INFO - DAG(s) 'example_branch_labels' retrieved from /home/airflow/.local/lib/python3.12/site-packages/airflow/example_dags/example_branch_labels.py
[2025-04-11T01:52:22.325+0000] {logging_mixin.py:190} INFO - [2025-04-11T01:52:22.324+0000] {dag.py:3239} INFO - Sync 1 DAGs
[2025-04-11T01:52:22.347+0000] {logging_mixin.py:190} INFO - [2025-04-11T01:52:22.347+0000] {dag.py:4180} INFO - Setting next_dagrun for example_branch_labels to 2025-04-10 00:00:00+00:00, run_after=2025-04-11 00:00:00+00:00
[2025-04-11T01:52:22.369+0000] {processor.py:208} INFO - Processing /home/airflow/.local/lib/python3.12/site-packages/airflow/example_dags/example_branch_labels.py took 0.080 seconds
[2025-04-11T01:52:53.247+0000] {processor.py:186} INFO - Started process (PID=1624) to work on /home/airflow/.local/lib/python3.12/site-packages/airflow/example_dags/example_branch_labels.py
[2025-04-11T01:52:53.248+0000] {processor.py:914} INFO - Processing file /home/airflow/.local/lib/python3.12/site-packages/airflow/example_dags/example_branch_labels.py for tasks to queue
[2025-04-11T01:52:53.250+0000] {logging_mixin.py:190} INFO - [2025-04-11T01:52:53.250+0000] {dagbag.py:588} INFO - Filling up the DagBag from /home/airflow/.local/lib/python3.12/site-packages/airflow/example_dags/example_branch_labels.py
[2025-04-11T01:52:53.261+0000] {processor.py:925} INFO - DAG(s) 'example_branch_labels' retrieved from /home/airflow/.local/lib/python3.12/site-packages/airflow/example_dags/example_branch_labels.py
[2025-04-11T01:52:53.280+0000] {logging_mixin.py:190} INFO - [2025-04-11T01:52:53.280+0000] {dag.py:3239} INFO - Sync 1 DAGs
[2025-04-11T01:52:53.303+0000] {logging_mixin.py:190} INFO - [2025-04-11T01:52:53.303+0000] {dag.py:4180} INFO - Setting next_dagrun for example_branch_labels to 2025-04-10 00:00:00+00:00, run_after=2025-04-11 00:00:00+00:00
[2025-04-11T01:52:53.325+0000] {processor.py:208} INFO - Processing /home/airflow/.local/lib/python3.12/site-packages/airflow/example_dags/example_branch_labels.py took 0.083 seconds
[2025-04-11T01:53:23.761+0000] {processor.py:186} INFO - Started process (PID=1689) to work on /home/airflow/.local/lib/python3.12/site-packages/airflow/example_dags/example_branch_labels.py
[2025-04-11T01:53:23.763+0000] {processor.py:914} INFO - Processing file /home/airflow/.local/lib/python3.12/site-packages/airflow/example_dags/example_branch_labels.py for tasks to queue
[2025-04-11T01:53:23.765+0000] {logging_mixin.py:190} INFO - [2025-04-11T01:53:23.764+0000] {dagbag.py:588} INFO - Filling up the DagBag from /home/airflow/.local/lib/python3.12/site-packages/airflow/example_dags/example_branch_labels.py
[2025-04-11T01:53:23.773+0000] {processor.py:925} INFO - DAG(s) 'example_branch_labels' retrieved from /home/airflow/.local/lib/python3.12/site-packages/airflow/example_dags/example_branch_labels.py
[2025-04-11T01:53:23.792+0000] {logging_mixin.py:190} INFO - [2025-04-11T01:53:23.792+0000] {dag.py:3239} INFO - Sync 1 DAGs
[2025-04-11T01:53:23.814+0000] {logging_mixin.py:190} INFO - [2025-04-11T01:53:23.814+0000] {dag.py:4180} INFO - Setting next_dagrun for example_branch_labels to 2025-04-10 00:00:00+00:00, run_after=2025-04-11 00:00:00+00:00
[2025-04-11T01:53:23.834+0000] {processor.py:208} INFO - Processing /home/airflow/.local/lib/python3.12/site-packages/airflow/example_dags/example_branch_labels.py took 0.078 seconds
[2025-04-11T01:53:54.665+0000] {processor.py:186} INFO - Started process (PID=1754) to work on /home/airflow/.local/lib/python3.12/site-packages/airflow/example_dags/example_branch_labels.py
[2025-04-11T01:53:54.666+0000] {processor.py:914} INFO - Processing file /home/airflow/.local/lib/python3.12/site-packages/airflow/example_dags/example_branch_labels.py for tasks to queue
[2025-04-11T01:53:54.667+0000] {logging_mixin.py:190} INFO - [2025-04-11T01:53:54.667+0000] {dagbag.py:588} INFO - Filling up the DagBag from /home/airflow/.local/lib/python3.12/site-packages/airflow/example_dags/example_branch_labels.py
[2025-04-11T01:53:54.678+0000] {processor.py:925} INFO - DAG(s) 'example_branch_labels' retrieved from /home/airflow/.local/lib/python3.12/site-packages/airflow/example_dags/example_branch_labels.py
[2025-04-11T01:53:54.699+0000] {logging_mixin.py:190} INFO - [2025-04-11T01:53:54.699+0000] {dag.py:3239} INFO - Sync 1 DAGs
[2025-04-11T01:53:54.724+0000] {logging_mixin.py:190} INFO - [2025-04-11T01:53:54.724+0000] {dag.py:4180} INFO - Setting next_dagrun for example_branch_labels to 2025-04-10 00:00:00+00:00, run_after=2025-04-11 00:00:00+00:00
[2025-04-11T01:53:54.745+0000] {processor.py:208} INFO - Processing /home/airflow/.local/lib/python3.12/site-packages/airflow/example_dags/example_branch_labels.py took 0.087 seconds
[2025-04-11T01:54:25.595+0000] {processor.py:186} INFO - Started process (PID=1819) to work on /home/airflow/.local/lib/python3.12/site-packages/airflow/example_dags/example_branch_labels.py
[2025-04-11T01:54:25.596+0000] {processor.py:914} INFO - Processing file /home/airflow/.local/lib/python3.12/site-packages/airflow/example_dags/example_branch_labels.py for tasks to queue
[2025-04-11T01:54:25.597+0000] {logging_mixin.py:190} INFO - [2025-04-11T01:54:25.597+0000] {dagbag.py:588} INFO - Filling up the DagBag from /home/airflow/.local/lib/python3.12/site-packages/airflow/example_dags/example_branch_labels.py
[2025-04-11T01:54:25.605+0000] {processor.py:925} INFO - DAG(s) 'example_branch_labels' retrieved from /home/airflow/.local/lib/python3.12/site-packages/airflow/example_dags/example_branch_labels.py
[2025-04-11T01:54:25.625+0000] {logging_mixin.py:190} INFO - [2025-04-11T01:54:25.625+0000] {dag.py:3239} INFO - Sync 1 DAGs
[2025-04-11T01:54:25.647+0000] {logging_mixin.py:190} INFO - [2025-04-11T01:54:25.646+0000] {dag.py:4180} INFO - Setting next_dagrun for example_branch_labels to 2025-04-10 00:00:00+00:00, run_after=2025-04-11 00:00:00+00:00
[2025-04-11T01:54:25.665+0000] {processor.py:208} INFO - Processing /home/airflow/.local/lib/python3.12/site-packages/airflow/example_dags/example_branch_labels.py took 0.076 seconds
[2025-04-11T01:54:56.489+0000] {processor.py:186} INFO - Started process (PID=1890) to work on /home/airflow/.local/lib/python3.12/site-packages/airflow/example_dags/example_branch_labels.py
[2025-04-11T01:54:56.490+0000] {processor.py:914} INFO - Processing file /home/airflow/.local/lib/python3.12/site-packages/airflow/example_dags/example_branch_labels.py for tasks to queue
[2025-04-11T01:54:56.491+0000] {logging_mixin.py:190} INFO - [2025-04-11T01:54:56.491+0000] {dagbag.py:588} INFO - Filling up the DagBag from /home/airflow/.local/lib/python3.12/site-packages/airflow/example_dags/example_branch_labels.py
[2025-04-11T01:54:56.499+0000] {processor.py:925} INFO - DAG(s) 'example_branch_labels' retrieved from /home/airflow/.local/lib/python3.12/site-packages/airflow/example_dags/example_branch_labels.py
[2025-04-11T01:54:56.517+0000] {logging_mixin.py:190} INFO - [2025-04-11T01:54:56.517+0000] {dag.py:3239} INFO - Sync 1 DAGs
[2025-04-11T01:54:56.539+0000] {logging_mixin.py:190} INFO - [2025-04-11T01:54:56.539+0000] {dag.py:4180} INFO - Setting next_dagrun for example_branch_labels to 2025-04-10 00:00:00+00:00, run_after=2025-04-11 00:00:00+00:00
[2025-04-11T01:54:56.557+0000] {processor.py:208} INFO - Processing /home/airflow/.local/lib/python3.12/site-packages/airflow/example_dags/example_branch_labels.py took 0.072 seconds
[2025-04-11T01:55:27.145+0000] {processor.py:186} INFO - Started process (PID=1955) to work on /home/airflow/.local/lib/python3.12/site-packages/airflow/example_dags/example_branch_labels.py
[2025-04-11T01:55:27.147+0000] {processor.py:914} INFO - Processing file /home/airflow/.local/lib/python3.12/site-packages/airflow/example_dags/example_branch_labels.py for tasks to queue
[2025-04-11T01:55:27.148+0000] {logging_mixin.py:190} INFO - [2025-04-11T01:55:27.148+0000] {dagbag.py:588} INFO - Filling up the DagBag from /home/airflow/.local/lib/python3.12/site-packages/airflow/example_dags/example_branch_labels.py
[2025-04-11T01:55:27.156+0000] {processor.py:925} INFO - DAG(s) 'example_branch_labels' retrieved from /home/airflow/.local/lib/python3.12/site-packages/airflow/example_dags/example_branch_labels.py
[2025-04-11T01:55:27.175+0000] {logging_mixin.py:190} INFO - [2025-04-11T01:55:27.175+0000] {dag.py:3239} INFO - Sync 1 DAGs
[2025-04-11T01:55:27.196+0000] {logging_mixin.py:190} INFO - [2025-04-11T01:55:27.196+0000] {dag.py:4180} INFO - Setting next_dagrun for example_branch_labels to 2025-04-10 00:00:00+00:00, run_after=2025-04-11 00:00:00+00:00
[2025-04-11T01:55:27.215+0000] {processor.py:208} INFO - Processing /home/airflow/.local/lib/python3.12/site-packages/airflow/example_dags/example_branch_labels.py took 0.075 seconds
[2025-04-11T01:55:58.246+0000] {processor.py:186} INFO - Started process (PID=2021) to work on /home/airflow/.local/lib/python3.12/site-packages/airflow/example_dags/example_branch_labels.py
[2025-04-11T01:55:58.247+0000] {processor.py:914} INFO - Processing file /home/airflow/.local/lib/python3.12/site-packages/airflow/example_dags/example_branch_labels.py for tasks to queue
[2025-04-11T01:55:58.248+0000] {logging_mixin.py:190} INFO - [2025-04-11T01:55:58.248+0000] {dagbag.py:588} INFO - Filling up the DagBag from /home/airflow/.local/lib/python3.12/site-packages/airflow/example_dags/example_branch_labels.py
[2025-04-11T01:55:58.257+0000] {processor.py:925} INFO - DAG(s) 'example_branch_labels' retrieved from /home/airflow/.local/lib/python3.12/site-packages/airflow/example_dags/example_branch_labels.py
[2025-04-11T01:55:58.278+0000] {logging_mixin.py:190} INFO - [2025-04-11T01:55:58.277+0000] {dag.py:3239} INFO - Sync 1 DAGs
[2025-04-11T01:55:58.300+0000] {logging_mixin.py:190} INFO - [2025-04-11T01:55:58.300+0000] {dag.py:4180} INFO - Setting next_dagrun for example_branch_labels to 2025-04-10 00:00:00+00:00, run_after=2025-04-11 00:00:00+00:00
[2025-04-11T01:55:58.320+0000] {processor.py:208} INFO - Processing /home/airflow/.local/lib/python3.12/site-packages/airflow/example_dags/example_branch_labels.py took 0.079 seconds
[2025-04-11T01:56:30.124+0000] {processor.py:186} INFO - Started process (PID=2086) to work on /home/airflow/.local/lib/python3.12/site-packages/airflow/example_dags/example_branch_labels.py
[2025-04-11T01:56:30.126+0000] {processor.py:914} INFO - Processing file /home/airflow/.local/lib/python3.12/site-packages/airflow/example_dags/example_branch_labels.py for tasks to queue
[2025-04-11T01:56:30.128+0000] {logging_mixin.py:190} INFO - [2025-04-11T01:56:30.127+0000] {dagbag.py:588} INFO - Filling up the DagBag from /home/airflow/.local/lib/python3.12/site-packages/airflow/example_dags/example_branch_labels.py
[2025-04-11T01:56:30.160+0000] {processor.py:925} INFO - DAG(s) 'example_branch_labels' retrieved from /home/airflow/.local/lib/python3.12/site-packages/airflow/example_dags/example_branch_labels.py
[2025-04-11T01:56:30.214+0000] {logging_mixin.py:190} INFO - [2025-04-11T01:56:30.213+0000] {dag.py:3239} INFO - Sync 1 DAGs
[2025-04-11T01:56:30.295+0000] {logging_mixin.py:190} INFO - [2025-04-11T01:56:30.295+0000] {dag.py:4180} INFO - Setting next_dagrun for example_branch_labels to 2025-04-10 00:00:00+00:00, run_after=2025-04-11 00:00:00+00:00
[2025-04-11T01:56:30.338+0000] {processor.py:208} INFO - Processing /home/airflow/.local/lib/python3.12/site-packages/airflow/example_dags/example_branch_labels.py took 0.237 seconds
[2025-04-11T01:57:00.843+0000] {processor.py:186} INFO - Started process (PID=2151) to work on /home/airflow/.local/lib/python3.12/site-packages/airflow/example_dags/example_branch_labels.py
[2025-04-11T01:57:00.844+0000] {processor.py:914} INFO - Processing file /home/airflow/.local/lib/python3.12/site-packages/airflow/example_dags/example_branch_labels.py for tasks to queue
[2025-04-11T01:57:00.846+0000] {logging_mixin.py:190} INFO - [2025-04-11T01:57:00.846+0000] {dagbag.py:588} INFO - Filling up the DagBag from /home/airflow/.local/lib/python3.12/site-packages/airflow/example_dags/example_branch_labels.py
[2025-04-11T01:57:00.856+0000] {processor.py:925} INFO - DAG(s) 'example_branch_labels' retrieved from /home/airflow/.local/lib/python3.12/site-packages/airflow/example_dags/example_branch_labels.py
[2025-04-11T01:57:00.878+0000] {logging_mixin.py:190} INFO - [2025-04-11T01:57:00.877+0000] {dag.py:3239} INFO - Sync 1 DAGs
[2025-04-11T01:57:00.901+0000] {logging_mixin.py:190} INFO - [2025-04-11T01:57:00.900+0000] {dag.py:4180} INFO - Setting next_dagrun for example_branch_labels to 2025-04-10 00:00:00+00:00, run_after=2025-04-11 00:00:00+00:00
[2025-04-11T01:57:00.923+0000] {processor.py:208} INFO - Processing /home/airflow/.local/lib/python3.12/site-packages/airflow/example_dags/example_branch_labels.py took 0.085 seconds
[2025-04-11T01:57:31.668+0000] {processor.py:186} INFO - Started process (PID=2216) to work on /home/airflow/.local/lib/python3.12/site-packages/airflow/example_dags/example_branch_labels.py
[2025-04-11T01:57:31.669+0000] {processor.py:914} INFO - Processing file /home/airflow/.local/lib/python3.12/site-packages/airflow/example_dags/example_branch_labels.py for tasks to queue
[2025-04-11T01:57:31.671+0000] {logging_mixin.py:190} INFO - [2025-04-11T01:57:31.671+0000] {dagbag.py:588} INFO - Filling up the DagBag from /home/airflow/.local/lib/python3.12/site-packages/airflow/example_dags/example_branch_labels.py
[2025-04-11T01:57:31.684+0000] {processor.py:925} INFO - DAG(s) 'example_branch_labels' retrieved from /home/airflow/.local/lib/python3.12/site-packages/airflow/example_dags/example_branch_labels.py
[2025-04-11T01:57:31.709+0000] {logging_mixin.py:190} INFO - [2025-04-11T01:57:31.709+0000] {dag.py:3239} INFO - Sync 1 DAGs
[2025-04-11T01:57:31.735+0000] {logging_mixin.py:190} INFO - [2025-04-11T01:57:31.735+0000] {dag.py:4180} INFO - Setting next_dagrun for example_branch_labels to 2025-04-10 00:00:00+00:00, run_after=2025-04-11 00:00:00+00:00
[2025-04-11T01:57:31.758+0000] {processor.py:208} INFO - Processing /home/airflow/.local/lib/python3.12/site-packages/airflow/example_dags/example_branch_labels.py took 0.097 seconds
[2025-04-11T01:58:02.366+0000] {processor.py:186} INFO - Started process (PID=2281) to work on /home/airflow/.local/lib/python3.12/site-packages/airflow/example_dags/example_branch_labels.py
[2025-04-11T01:58:02.367+0000] {processor.py:914} INFO - Processing file /home/airflow/.local/lib/python3.12/site-packages/airflow/example_dags/example_branch_labels.py for tasks to queue
[2025-04-11T01:58:02.369+0000] {logging_mixin.py:190} INFO - [2025-04-11T01:58:02.368+0000] {dagbag.py:588} INFO - Filling up the DagBag from /home/airflow/.local/lib/python3.12/site-packages/airflow/example_dags/example_branch_labels.py
[2025-04-11T01:58:02.377+0000] {processor.py:925} INFO - DAG(s) 'example_branch_labels' retrieved from /home/airflow/.local/lib/python3.12/site-packages/airflow/example_dags/example_branch_labels.py
[2025-04-11T01:58:02.398+0000] {logging_mixin.py:190} INFO - [2025-04-11T01:58:02.398+0000] {dag.py:3239} INFO - Sync 1 DAGs
[2025-04-11T01:58:02.421+0000] {logging_mixin.py:190} INFO - [2025-04-11T01:58:02.421+0000] {dag.py:4180} INFO - Setting next_dagrun for example_branch_labels to 2025-04-10 00:00:00+00:00, run_after=2025-04-11 00:00:00+00:00
[2025-04-11T01:58:02.441+0000] {processor.py:208} INFO - Processing /home/airflow/.local/lib/python3.12/site-packages/airflow/example_dags/example_branch_labels.py took 0.081 seconds
[2025-04-11T01:58:32.982+0000] {processor.py:186} INFO - Started process (PID=2346) to work on /home/airflow/.local/lib/python3.12/site-packages/airflow/example_dags/example_branch_labels.py
[2025-04-11T01:58:32.984+0000] {processor.py:914} INFO - Processing file /home/airflow/.local/lib/python3.12/site-packages/airflow/example_dags/example_branch_labels.py for tasks to queue
[2025-04-11T01:58:32.985+0000] {logging_mixin.py:190} INFO - [2025-04-11T01:58:32.985+0000] {dagbag.py:588} INFO - Filling up the DagBag from /home/airflow/.local/lib/python3.12/site-packages/airflow/example_dags/example_branch_labels.py
[2025-04-11T01:58:32.993+0000] {processor.py:925} INFO - DAG(s) 'example_branch_labels' retrieved from /home/airflow/.local/lib/python3.12/site-packages/airflow/example_dags/example_branch_labels.py
[2025-04-11T01:58:33.013+0000] {logging_mixin.py:190} INFO - [2025-04-11T01:58:33.013+0000] {dag.py:3239} INFO - Sync 1 DAGs
[2025-04-11T01:58:33.032+0000] {logging_mixin.py:190} INFO - [2025-04-11T01:58:33.032+0000] {dag.py:4180} INFO - Setting next_dagrun for example_branch_labels to 2025-04-10 00:00:00+00:00, run_after=2025-04-11 00:00:00+00:00
[2025-04-11T01:58:33.055+0000] {processor.py:208} INFO - Processing /home/airflow/.local/lib/python3.12/site-packages/airflow/example_dags/example_branch_labels.py took 0.078 seconds
[2025-04-11T01:59:04.236+0000] {processor.py:186} INFO - Started process (PID=2411) to work on /home/airflow/.local/lib/python3.12/site-packages/airflow/example_dags/example_branch_labels.py
[2025-04-11T01:59:04.238+0000] {processor.py:914} INFO - Processing file /home/airflow/.local/lib/python3.12/site-packages/airflow/example_dags/example_branch_labels.py for tasks to queue
[2025-04-11T01:59:04.239+0000] {logging_mixin.py:190} INFO - [2025-04-11T01:59:04.239+0000] {dagbag.py:588} INFO - Filling up the DagBag from /home/airflow/.local/lib/python3.12/site-packages/airflow/example_dags/example_branch_labels.py
[2025-04-11T01:59:04.247+0000] {processor.py:925} INFO - DAG(s) 'example_branch_labels' retrieved from /home/airflow/.local/lib/python3.12/site-packages/airflow/example_dags/example_branch_labels.py
[2025-04-11T01:59:04.267+0000] {logging_mixin.py:190} INFO - [2025-04-11T01:59:04.267+0000] {dag.py:3239} INFO - Sync 1 DAGs
[2025-04-11T01:59:04.289+0000] {logging_mixin.py:190} INFO - [2025-04-11T01:59:04.289+0000] {dag.py:4180} INFO - Setting next_dagrun for example_branch_labels to 2025-04-10 00:00:00+00:00, run_after=2025-04-11 00:00:00+00:00
[2025-04-11T01:59:04.309+0000] {processor.py:208} INFO - Processing /home/airflow/.local/lib/python3.12/site-packages/airflow/example_dags/example_branch_labels.py took 0.078 seconds
[2025-04-11T01:59:35.673+0000] {processor.py:186} INFO - Started process (PID=2476) to work on /home/airflow/.local/lib/python3.12/site-packages/airflow/example_dags/example_branch_labels.py
[2025-04-11T01:59:35.674+0000] {processor.py:914} INFO - Processing file /home/airflow/.local/lib/python3.12/site-packages/airflow/example_dags/example_branch_labels.py for tasks to queue
[2025-04-11T01:59:35.675+0000] {logging_mixin.py:190} INFO - [2025-04-11T01:59:35.675+0000] {dagbag.py:588} INFO - Filling up the DagBag from /home/airflow/.local/lib/python3.12/site-packages/airflow/example_dags/example_branch_labels.py
[2025-04-11T01:59:35.684+0000] {processor.py:925} INFO - DAG(s) 'example_branch_labels' retrieved from /home/airflow/.local/lib/python3.12/site-packages/airflow/example_dags/example_branch_labels.py
[2025-04-11T01:59:35.703+0000] {logging_mixin.py:190} INFO - [2025-04-11T01:59:35.703+0000] {dag.py:3239} INFO - Sync 1 DAGs
[2025-04-11T01:59:35.724+0000] {logging_mixin.py:190} INFO - [2025-04-11T01:59:35.724+0000] {dag.py:4180} INFO - Setting next_dagrun for example_branch_labels to 2025-04-10 00:00:00+00:00, run_after=2025-04-11 00:00:00+00:00
[2025-04-11T01:59:35.743+0000] {processor.py:208} INFO - Processing /home/airflow/.local/lib/python3.12/site-packages/airflow/example_dags/example_branch_labels.py took 0.075 seconds
[2025-04-11T02:00:08.141+0000] {processor.py:186} INFO - Started process (PID=2542) to work on /home/airflow/.local/lib/python3.12/site-packages/airflow/example_dags/example_branch_labels.py
[2025-04-11T02:00:08.143+0000] {processor.py:914} INFO - Processing file /home/airflow/.local/lib/python3.12/site-packages/airflow/example_dags/example_branch_labels.py for tasks to queue
[2025-04-11T02:00:08.147+0000] {logging_mixin.py:190} INFO - [2025-04-11T02:00:08.146+0000] {dagbag.py:588} INFO - Filling up the DagBag from /home/airflow/.local/lib/python3.12/site-packages/airflow/example_dags/example_branch_labels.py
[2025-04-11T02:00:08.182+0000] {processor.py:925} INFO - DAG(s) 'example_branch_labels' retrieved from /home/airflow/.local/lib/python3.12/site-packages/airflow/example_dags/example_branch_labels.py
[2025-04-11T02:00:08.244+0000] {logging_mixin.py:190} INFO - [2025-04-11T02:00:08.244+0000] {dag.py:3239} INFO - Sync 1 DAGs
[2025-04-11T02:00:08.341+0000] {logging_mixin.py:190} INFO - [2025-04-11T02:00:08.340+0000] {dag.py:4180} INFO - Setting next_dagrun for example_branch_labels to 2025-04-10 00:00:00+00:00, run_after=2025-04-11 00:00:00+00:00
[2025-04-11T02:00:08.398+0000] {processor.py:208} INFO - Processing /home/airflow/.local/lib/python3.12/site-packages/airflow/example_dags/example_branch_labels.py took 0.274 seconds
[2025-04-11T02:00:40.633+0000] {processor.py:186} INFO - Started process (PID=2608) to work on /home/airflow/.local/lib/python3.12/site-packages/airflow/example_dags/example_branch_labels.py
[2025-04-11T02:00:40.636+0000] {processor.py:914} INFO - Processing file /home/airflow/.local/lib/python3.12/site-packages/airflow/example_dags/example_branch_labels.py for tasks to queue
[2025-04-11T02:00:40.640+0000] {logging_mixin.py:190} INFO - [2025-04-11T02:00:40.639+0000] {dagbag.py:588} INFO - Filling up the DagBag from /home/airflow/.local/lib/python3.12/site-packages/airflow/example_dags/example_branch_labels.py
[2025-04-11T02:00:40.673+0000] {processor.py:925} INFO - DAG(s) 'example_branch_labels' retrieved from /home/airflow/.local/lib/python3.12/site-packages/airflow/example_dags/example_branch_labels.py
[2025-04-11T02:00:40.729+0000] {logging_mixin.py:190} INFO - [2025-04-11T02:00:40.729+0000] {dag.py:3239} INFO - Sync 1 DAGs
[2025-04-11T02:00:40.797+0000] {logging_mixin.py:190} INFO - [2025-04-11T02:00:40.796+0000] {dag.py:4180} INFO - Setting next_dagrun for example_branch_labels to 2025-04-10 00:00:00+00:00, run_after=2025-04-11 00:00:00+00:00
[2025-04-11T02:00:40.847+0000] {processor.py:208} INFO - Processing /home/airflow/.local/lib/python3.12/site-packages/airflow/example_dags/example_branch_labels.py took 0.233 seconds
[2025-04-11T02:01:12.018+0000] {processor.py:186} INFO - Started process (PID=2673) to work on /home/airflow/.local/lib/python3.12/site-packages/airflow/example_dags/example_branch_labels.py
[2025-04-11T02:01:12.020+0000] {processor.py:914} INFO - Processing file /home/airflow/.local/lib/python3.12/site-packages/airflow/example_dags/example_branch_labels.py for tasks to queue
[2025-04-11T02:01:12.022+0000] {logging_mixin.py:190} INFO - [2025-04-11T02:01:12.022+0000] {dagbag.py:588} INFO - Filling up the DagBag from /home/airflow/.local/lib/python3.12/site-packages/airflow/example_dags/example_branch_labels.py
[2025-04-11T02:01:12.040+0000] {processor.py:925} INFO - DAG(s) 'example_branch_labels' retrieved from /home/airflow/.local/lib/python3.12/site-packages/airflow/example_dags/example_branch_labels.py
[2025-04-11T02:01:12.086+0000] {logging_mixin.py:190} INFO - [2025-04-11T02:01:12.086+0000] {dag.py:3239} INFO - Sync 1 DAGs
[2025-04-11T02:01:12.154+0000] {logging_mixin.py:190} INFO - [2025-04-11T02:01:12.153+0000] {dag.py:4180} INFO - Setting next_dagrun for example_branch_labels to 2025-04-10 00:00:00+00:00, run_after=2025-04-11 00:00:00+00:00
[2025-04-11T02:01:12.199+0000] {processor.py:208} INFO - Processing /home/airflow/.local/lib/python3.12/site-packages/airflow/example_dags/example_branch_labels.py took 0.199 seconds
[2025-04-11T02:01:44.150+0000] {processor.py:186} INFO - Started process (PID=2738) to work on /home/airflow/.local/lib/python3.12/site-packages/airflow/example_dags/example_branch_labels.py
[2025-04-11T02:01:44.153+0000] {processor.py:914} INFO - Processing file /home/airflow/.local/lib/python3.12/site-packages/airflow/example_dags/example_branch_labels.py for tasks to queue
[2025-04-11T02:01:44.157+0000] {logging_mixin.py:190} INFO - [2025-04-11T02:01:44.156+0000] {dagbag.py:588} INFO - Filling up the DagBag from /home/airflow/.local/lib/python3.12/site-packages/airflow/example_dags/example_branch_labels.py
[2025-04-11T02:01:44.191+0000] {processor.py:925} INFO - DAG(s) 'example_branch_labels' retrieved from /home/airflow/.local/lib/python3.12/site-packages/airflow/example_dags/example_branch_labels.py
[2025-04-11T02:01:44.243+0000] {logging_mixin.py:190} INFO - [2025-04-11T02:01:44.243+0000] {dag.py:3239} INFO - Sync 1 DAGs
[2025-04-11T02:01:44.316+0000] {logging_mixin.py:190} INFO - [2025-04-11T02:01:44.316+0000] {dag.py:4180} INFO - Setting next_dagrun for example_branch_labels to 2025-04-10 00:00:00+00:00, run_after=2025-04-11 00:00:00+00:00
[2025-04-11T02:01:44.361+0000] {processor.py:208} INFO - Processing /home/airflow/.local/lib/python3.12/site-packages/airflow/example_dags/example_branch_labels.py took 0.227 seconds
[2025-04-11T02:02:16.582+0000] {processor.py:186} INFO - Started process (PID=2803) to work on /home/airflow/.local/lib/python3.12/site-packages/airflow/example_dags/example_branch_labels.py
[2025-04-11T02:02:16.584+0000] {processor.py:914} INFO - Processing file /home/airflow/.local/lib/python3.12/site-packages/airflow/example_dags/example_branch_labels.py for tasks to queue
[2025-04-11T02:02:16.588+0000] {logging_mixin.py:190} INFO - [2025-04-11T02:02:16.586+0000] {dagbag.py:588} INFO - Filling up the DagBag from /home/airflow/.local/lib/python3.12/site-packages/airflow/example_dags/example_branch_labels.py
[2025-04-11T02:02:16.605+0000] {processor.py:925} INFO - DAG(s) 'example_branch_labels' retrieved from /home/airflow/.local/lib/python3.12/site-packages/airflow/example_dags/example_branch_labels.py
[2025-04-11T02:02:16.657+0000] {logging_mixin.py:190} INFO - [2025-04-11T02:02:16.656+0000] {dag.py:3239} INFO - Sync 1 DAGs
[2025-04-11T02:02:16.731+0000] {logging_mixin.py:190} INFO - [2025-04-11T02:02:16.730+0000] {dag.py:4180} INFO - Setting next_dagrun for example_branch_labels to 2025-04-10 00:00:00+00:00, run_after=2025-04-11 00:00:00+00:00
[2025-04-11T02:02:16.778+0000] {processor.py:208} INFO - Processing /home/airflow/.local/lib/python3.12/site-packages/airflow/example_dags/example_branch_labels.py took 0.209 seconds
[2025-04-11T02:02:47.455+0000] {processor.py:186} INFO - Started process (PID=2868) to work on /home/airflow/.local/lib/python3.12/site-packages/airflow/example_dags/example_branch_labels.py
[2025-04-11T02:02:47.457+0000] {processor.py:914} INFO - Processing file /home/airflow/.local/lib/python3.12/site-packages/airflow/example_dags/example_branch_labels.py for tasks to queue
[2025-04-11T02:02:47.459+0000] {logging_mixin.py:190} INFO - [2025-04-11T02:02:47.459+0000] {dagbag.py:588} INFO - Filling up the DagBag from /home/airflow/.local/lib/python3.12/site-packages/airflow/example_dags/example_branch_labels.py
[2025-04-11T02:02:47.470+0000] {processor.py:925} INFO - DAG(s) 'example_branch_labels' retrieved from /home/airflow/.local/lib/python3.12/site-packages/airflow/example_dags/example_branch_labels.py
[2025-04-11T02:02:47.493+0000] {logging_mixin.py:190} INFO - [2025-04-11T02:02:47.493+0000] {dag.py:3239} INFO - Sync 1 DAGs
[2025-04-11T02:02:47.523+0000] {logging_mixin.py:190} INFO - [2025-04-11T02:02:47.523+0000] {dag.py:4180} INFO - Setting next_dagrun for example_branch_labels to 2025-04-10 00:00:00+00:00, run_after=2025-04-11 00:00:00+00:00
[2025-04-11T02:02:47.553+0000] {processor.py:208} INFO - Processing /home/airflow/.local/lib/python3.12/site-packages/airflow/example_dags/example_branch_labels.py took 0.104 seconds
[2025-04-11T02:03:18.476+0000] {processor.py:186} INFO - Started process (PID=2933) to work on /home/airflow/.local/lib/python3.12/site-packages/airflow/example_dags/example_branch_labels.py
[2025-04-11T02:03:18.479+0000] {processor.py:914} INFO - Processing file /home/airflow/.local/lib/python3.12/site-packages/airflow/example_dags/example_branch_labels.py for tasks to queue
[2025-04-11T02:03:18.481+0000] {logging_mixin.py:190} INFO - [2025-04-11T02:03:18.481+0000] {dagbag.py:588} INFO - Filling up the DagBag from /home/airflow/.local/lib/python3.12/site-packages/airflow/example_dags/example_branch_labels.py
[2025-04-11T02:03:18.509+0000] {processor.py:925} INFO - DAG(s) 'example_branch_labels' retrieved from /home/airflow/.local/lib/python3.12/site-packages/airflow/example_dags/example_branch_labels.py
[2025-04-11T02:03:18.556+0000] {logging_mixin.py:190} INFO - [2025-04-11T02:03:18.556+0000] {dag.py:3239} INFO - Sync 1 DAGs
[2025-04-11T02:03:18.629+0000] {logging_mixin.py:190} INFO - [2025-04-11T02:03:18.628+0000] {dag.py:4180} INFO - Setting next_dagrun for example_branch_labels to 2025-04-10 00:00:00+00:00, run_after=2025-04-11 00:00:00+00:00
[2025-04-11T02:03:18.678+0000] {processor.py:208} INFO - Processing /home/airflow/.local/lib/python3.12/site-packages/airflow/example_dags/example_branch_labels.py took 0.219 seconds
[2025-04-11T02:03:51.047+0000] {processor.py:186} INFO - Started process (PID=2998) to work on /home/airflow/.local/lib/python3.12/site-packages/airflow/example_dags/example_branch_labels.py
[2025-04-11T02:03:51.050+0000] {processor.py:914} INFO - Processing file /home/airflow/.local/lib/python3.12/site-packages/airflow/example_dags/example_branch_labels.py for tasks to queue
[2025-04-11T02:03:51.053+0000] {logging_mixin.py:190} INFO - [2025-04-11T02:03:51.052+0000] {dagbag.py:588} INFO - Filling up the DagBag from /home/airflow/.local/lib/python3.12/site-packages/airflow/example_dags/example_branch_labels.py
[2025-04-11T02:03:51.083+0000] {processor.py:925} INFO - DAG(s) 'example_branch_labels' retrieved from /home/airflow/.local/lib/python3.12/site-packages/airflow/example_dags/example_branch_labels.py
[2025-04-11T02:03:51.144+0000] {logging_mixin.py:190} INFO - [2025-04-11T02:03:51.143+0000] {dag.py:3239} INFO - Sync 1 DAGs
[2025-04-11T02:03:51.216+0000] {logging_mixin.py:190} INFO - [2025-04-11T02:03:51.216+0000] {dag.py:4180} INFO - Setting next_dagrun for example_branch_labels to 2025-04-10 00:00:00+00:00, run_after=2025-04-11 00:00:00+00:00
[2025-04-11T02:03:51.261+0000] {processor.py:208} INFO - Processing /home/airflow/.local/lib/python3.12/site-packages/airflow/example_dags/example_branch_labels.py took 0.233 seconds
[2025-04-11T02:04:21.629+0000] {processor.py:186} INFO - Started process (PID=3063) to work on /home/airflow/.local/lib/python3.12/site-packages/airflow/example_dags/example_branch_labels.py
[2025-04-11T02:04:21.630+0000] {processor.py:914} INFO - Processing file /home/airflow/.local/lib/python3.12/site-packages/airflow/example_dags/example_branch_labels.py for tasks to queue
[2025-04-11T02:04:21.632+0000] {logging_mixin.py:190} INFO - [2025-04-11T02:04:21.631+0000] {dagbag.py:588} INFO - Filling up the DagBag from /home/airflow/.local/lib/python3.12/site-packages/airflow/example_dags/example_branch_labels.py
[2025-04-11T02:04:21.640+0000] {processor.py:925} INFO - DAG(s) 'example_branch_labels' retrieved from /home/airflow/.local/lib/python3.12/site-packages/airflow/example_dags/example_branch_labels.py
[2025-04-11T02:04:21.660+0000] {logging_mixin.py:190} INFO - [2025-04-11T02:04:21.660+0000] {dag.py:3239} INFO - Sync 1 DAGs
[2025-04-11T02:04:21.681+0000] {logging_mixin.py:190} INFO - [2025-04-11T02:04:21.681+0000] {dag.py:4180} INFO - Setting next_dagrun for example_branch_labels to 2025-04-10 00:00:00+00:00, run_after=2025-04-11 00:00:00+00:00
[2025-04-11T02:04:21.701+0000] {processor.py:208} INFO - Processing /home/airflow/.local/lib/python3.12/site-packages/airflow/example_dags/example_branch_labels.py took 0.076 seconds
[2025-04-11T02:04:53.994+0000] {processor.py:186} INFO - Started process (PID=3129) to work on /home/airflow/.local/lib/python3.12/site-packages/airflow/example_dags/example_branch_labels.py
[2025-04-11T02:04:53.997+0000] {processor.py:914} INFO - Processing file /home/airflow/.local/lib/python3.12/site-packages/airflow/example_dags/example_branch_labels.py for tasks to queue
[2025-04-11T02:04:54.000+0000] {logging_mixin.py:190} INFO - [2025-04-11T02:04:53.999+0000] {dagbag.py:588} INFO - Filling up the DagBag from /home/airflow/.local/lib/python3.12/site-packages/airflow/example_dags/example_branch_labels.py
[2025-04-11T02:04:54.022+0000] {processor.py:925} INFO - DAG(s) 'example_branch_labels' retrieved from /home/airflow/.local/lib/python3.12/site-packages/airflow/example_dags/example_branch_labels.py
[2025-04-11T02:04:54.076+0000] {logging_mixin.py:190} INFO - [2025-04-11T02:04:54.075+0000] {dag.py:3239} INFO - Sync 1 DAGs
[2025-04-11T02:04:54.147+0000] {logging_mixin.py:190} INFO - [2025-04-11T02:04:54.146+0000] {dag.py:4180} INFO - Setting next_dagrun for example_branch_labels to 2025-04-10 00:00:00+00:00, run_after=2025-04-11 00:00:00+00:00
[2025-04-11T02:04:54.194+0000] {processor.py:208} INFO - Processing /home/airflow/.local/lib/python3.12/site-packages/airflow/example_dags/example_branch_labels.py took 0.220 seconds
[2025-04-11T02:05:25.421+0000] {processor.py:186} INFO - Started process (PID=3194) to work on /home/airflow/.local/lib/python3.12/site-packages/airflow/example_dags/example_branch_labels.py
[2025-04-11T02:05:25.425+0000] {processor.py:914} INFO - Processing file /home/airflow/.local/lib/python3.12/site-packages/airflow/example_dags/example_branch_labels.py for tasks to queue
[2025-04-11T02:05:25.427+0000] {logging_mixin.py:190} INFO - [2025-04-11T02:05:25.427+0000] {dagbag.py:588} INFO - Filling up the DagBag from /home/airflow/.local/lib/python3.12/site-packages/airflow/example_dags/example_branch_labels.py
[2025-04-11T02:05:25.460+0000] {processor.py:925} INFO - DAG(s) 'example_branch_labels' retrieved from /home/airflow/.local/lib/python3.12/site-packages/airflow/example_dags/example_branch_labels.py
[2025-04-11T02:05:25.512+0000] {logging_mixin.py:190} INFO - [2025-04-11T02:05:25.511+0000] {dag.py:3239} INFO - Sync 1 DAGs
[2025-04-11T02:05:25.585+0000] {logging_mixin.py:190} INFO - [2025-04-11T02:05:25.584+0000] {dag.py:4180} INFO - Setting next_dagrun for example_branch_labels to 2025-04-10 00:00:00+00:00, run_after=2025-04-11 00:00:00+00:00
[2025-04-11T02:05:25.635+0000] {processor.py:208} INFO - Processing /home/airflow/.local/lib/python3.12/site-packages/airflow/example_dags/example_branch_labels.py took 0.232 seconds
[2025-04-11T02:05:56.436+0000] {processor.py:186} INFO - Started process (PID=3258) to work on /home/airflow/.local/lib/python3.12/site-packages/airflow/example_dags/example_branch_labels.py
[2025-04-11T02:05:56.438+0000] {processor.py:914} INFO - Processing file /home/airflow/.local/lib/python3.12/site-packages/airflow/example_dags/example_branch_labels.py for tasks to queue
[2025-04-11T02:05:56.441+0000] {logging_mixin.py:190} INFO - [2025-04-11T02:05:56.440+0000] {dagbag.py:588} INFO - Filling up the DagBag from /home/airflow/.local/lib/python3.12/site-packages/airflow/example_dags/example_branch_labels.py
[2025-04-11T02:05:56.458+0000] {processor.py:925} INFO - DAG(s) 'example_branch_labels' retrieved from /home/airflow/.local/lib/python3.12/site-packages/airflow/example_dags/example_branch_labels.py
[2025-04-11T02:05:56.492+0000] {logging_mixin.py:190} INFO - [2025-04-11T02:05:56.491+0000] {dag.py:3239} INFO - Sync 1 DAGs
[2025-04-11T02:05:56.530+0000] {logging_mixin.py:190} INFO - [2025-04-11T02:05:56.530+0000] {dag.py:4180} INFO - Setting next_dagrun for example_branch_labels to 2025-04-10 00:00:00+00:00, run_after=2025-04-11 00:00:00+00:00
[2025-04-11T02:05:56.572+0000] {processor.py:208} INFO - Processing /home/airflow/.local/lib/python3.12/site-packages/airflow/example_dags/example_branch_labels.py took 0.146 seconds
[2025-04-11T02:06:27.822+0000] {processor.py:186} INFO - Started process (PID=3323) to work on /home/airflow/.local/lib/python3.12/site-packages/airflow/example_dags/example_branch_labels.py
[2025-04-11T02:06:27.824+0000] {processor.py:914} INFO - Processing file /home/airflow/.local/lib/python3.12/site-packages/airflow/example_dags/example_branch_labels.py for tasks to queue
[2025-04-11T02:06:27.825+0000] {logging_mixin.py:190} INFO - [2025-04-11T02:06:27.825+0000] {dagbag.py:588} INFO - Filling up the DagBag from /home/airflow/.local/lib/python3.12/site-packages/airflow/example_dags/example_branch_labels.py
[2025-04-11T02:06:27.834+0000] {processor.py:925} INFO - DAG(s) 'example_branch_labels' retrieved from /home/airflow/.local/lib/python3.12/site-packages/airflow/example_dags/example_branch_labels.py
[2025-04-11T02:06:27.854+0000] {logging_mixin.py:190} INFO - [2025-04-11T02:06:27.854+0000] {dag.py:3239} INFO - Sync 1 DAGs
[2025-04-11T02:06:27.877+0000] {logging_mixin.py:190} INFO - [2025-04-11T02:06:27.877+0000] {dag.py:4180} INFO - Setting next_dagrun for example_branch_labels to 2025-04-10 00:00:00+00:00, run_after=2025-04-11 00:00:00+00:00
[2025-04-11T02:06:27.898+0000] {processor.py:208} INFO - Processing /home/airflow/.local/lib/python3.12/site-packages/airflow/example_dags/example_branch_labels.py took 0.081 seconds
[2025-04-11T02:06:58.866+0000] {processor.py:186} INFO - Started process (PID=3388) to work on /home/airflow/.local/lib/python3.12/site-packages/airflow/example_dags/example_branch_labels.py
[2025-04-11T02:06:58.867+0000] {processor.py:914} INFO - Processing file /home/airflow/.local/lib/python3.12/site-packages/airflow/example_dags/example_branch_labels.py for tasks to queue
[2025-04-11T02:06:58.868+0000] {logging_mixin.py:190} INFO - [2025-04-11T02:06:58.868+0000] {dagbag.py:588} INFO - Filling up the DagBag from /home/airflow/.local/lib/python3.12/site-packages/airflow/example_dags/example_branch_labels.py
[2025-04-11T02:06:58.877+0000] {processor.py:925} INFO - DAG(s) 'example_branch_labels' retrieved from /home/airflow/.local/lib/python3.12/site-packages/airflow/example_dags/example_branch_labels.py
[2025-04-11T02:06:58.900+0000] {logging_mixin.py:190} INFO - [2025-04-11T02:06:58.900+0000] {dag.py:3239} INFO - Sync 1 DAGs
[2025-04-11T02:06:58.923+0000] {logging_mixin.py:190} INFO - [2025-04-11T02:06:58.923+0000] {dag.py:4180} INFO - Setting next_dagrun for example_branch_labels to 2025-04-10 00:00:00+00:00, run_after=2025-04-11 00:00:00+00:00
[2025-04-11T02:06:58.947+0000] {processor.py:208} INFO - Processing /home/airflow/.local/lib/python3.12/site-packages/airflow/example_dags/example_branch_labels.py took 0.086 seconds
[2025-04-11T02:07:30.932+0000] {processor.py:186} INFO - Started process (PID=3459) to work on /home/airflow/.local/lib/python3.12/site-packages/airflow/example_dags/example_branch_labels.py
[2025-04-11T02:07:30.935+0000] {processor.py:914} INFO - Processing file /home/airflow/.local/lib/python3.12/site-packages/airflow/example_dags/example_branch_labels.py for tasks to queue
[2025-04-11T02:07:30.942+0000] {logging_mixin.py:190} INFO - [2025-04-11T02:07:30.938+0000] {dagbag.py:588} INFO - Filling up the DagBag from /home/airflow/.local/lib/python3.12/site-packages/airflow/example_dags/example_branch_labels.py
[2025-04-11T02:07:30.972+0000] {processor.py:925} INFO - DAG(s) 'example_branch_labels' retrieved from /home/airflow/.local/lib/python3.12/site-packages/airflow/example_dags/example_branch_labels.py
[2025-04-11T02:07:31.033+0000] {logging_mixin.py:190} INFO - [2025-04-11T02:07:31.032+0000] {dag.py:3239} INFO - Sync 1 DAGs
[2025-04-11T02:07:31.092+0000] {logging_mixin.py:190} INFO - [2025-04-11T02:07:31.092+0000] {dag.py:4180} INFO - Setting next_dagrun for example_branch_labels to 2025-04-10 00:00:00+00:00, run_after=2025-04-11 00:00:00+00:00
[2025-04-11T02:07:31.139+0000] {processor.py:208} INFO - Processing /home/airflow/.local/lib/python3.12/site-packages/airflow/example_dags/example_branch_labels.py took 0.225 seconds
[2025-04-11T02:08:03.112+0000] {processor.py:186} INFO - Started process (PID=3524) to work on /home/airflow/.local/lib/python3.12/site-packages/airflow/example_dags/example_branch_labels.py
[2025-04-11T02:08:03.115+0000] {processor.py:914} INFO - Processing file /home/airflow/.local/lib/python3.12/site-packages/airflow/example_dags/example_branch_labels.py for tasks to queue
[2025-04-11T02:08:03.119+0000] {logging_mixin.py:190} INFO - [2025-04-11T02:08:03.118+0000] {dagbag.py:588} INFO - Filling up the DagBag from /home/airflow/.local/lib/python3.12/site-packages/airflow/example_dags/example_branch_labels.py
[2025-04-11T02:08:03.145+0000] {processor.py:925} INFO - DAG(s) 'example_branch_labels' retrieved from /home/airflow/.local/lib/python3.12/site-packages/airflow/example_dags/example_branch_labels.py
[2025-04-11T02:08:03.205+0000] {logging_mixin.py:190} INFO - [2025-04-11T02:08:03.204+0000] {dag.py:3239} INFO - Sync 1 DAGs
[2025-04-11T02:08:03.280+0000] {logging_mixin.py:190} INFO - [2025-04-11T02:08:03.279+0000] {dag.py:4180} INFO - Setting next_dagrun for example_branch_labels to 2025-04-10 00:00:00+00:00, run_after=2025-04-11 00:00:00+00:00
[2025-04-11T02:08:03.331+0000] {processor.py:208} INFO - Processing /home/airflow/.local/lib/python3.12/site-packages/airflow/example_dags/example_branch_labels.py took 0.238 seconds
[2025-04-11T02:08:34.386+0000] {processor.py:186} INFO - Started process (PID=3589) to work on /home/airflow/.local/lib/python3.12/site-packages/airflow/example_dags/example_branch_labels.py
[2025-04-11T02:08:34.388+0000] {processor.py:914} INFO - Processing file /home/airflow/.local/lib/python3.12/site-packages/airflow/example_dags/example_branch_labels.py for tasks to queue
[2025-04-11T02:08:34.392+0000] {logging_mixin.py:190} INFO - [2025-04-11T02:08:34.391+0000] {dagbag.py:588} INFO - Filling up the DagBag from /home/airflow/.local/lib/python3.12/site-packages/airflow/example_dags/example_branch_labels.py
[2025-04-11T02:08:34.424+0000] {processor.py:925} INFO - DAG(s) 'example_branch_labels' retrieved from /home/airflow/.local/lib/python3.12/site-packages/airflow/example_dags/example_branch_labels.py
[2025-04-11T02:08:34.471+0000] {logging_mixin.py:190} INFO - [2025-04-11T02:08:34.471+0000] {dag.py:3239} INFO - Sync 1 DAGs
[2025-04-11T02:08:34.536+0000] {logging_mixin.py:190} INFO - [2025-04-11T02:08:34.535+0000] {dag.py:4180} INFO - Setting next_dagrun for example_branch_labels to 2025-04-10 00:00:00+00:00, run_after=2025-04-11 00:00:00+00:00
[2025-04-11T02:08:34.571+0000] {processor.py:208} INFO - Processing /home/airflow/.local/lib/python3.12/site-packages/airflow/example_dags/example_branch_labels.py took 0.204 seconds
[2025-04-11T02:09:06.573+0000] {processor.py:186} INFO - Started process (PID=3654) to work on /home/airflow/.local/lib/python3.12/site-packages/airflow/example_dags/example_branch_labels.py
[2025-04-11T02:09:06.575+0000] {processor.py:914} INFO - Processing file /home/airflow/.local/lib/python3.12/site-packages/airflow/example_dags/example_branch_labels.py for tasks to queue
[2025-04-11T02:09:06.577+0000] {logging_mixin.py:190} INFO - [2025-04-11T02:09:06.577+0000] {dagbag.py:588} INFO - Filling up the DagBag from /home/airflow/.local/lib/python3.12/site-packages/airflow/example_dags/example_branch_labels.py
[2025-04-11T02:09:06.606+0000] {processor.py:925} INFO - DAG(s) 'example_branch_labels' retrieved from /home/airflow/.local/lib/python3.12/site-packages/airflow/example_dags/example_branch_labels.py
[2025-04-11T02:09:06.658+0000] {logging_mixin.py:190} INFO - [2025-04-11T02:09:06.657+0000] {dag.py:3239} INFO - Sync 1 DAGs
[2025-04-11T02:09:06.712+0000] {logging_mixin.py:190} INFO - [2025-04-11T02:09:06.712+0000] {dag.py:4180} INFO - Setting next_dagrun for example_branch_labels to 2025-04-10 00:00:00+00:00, run_after=2025-04-11 00:00:00+00:00
[2025-04-11T02:09:06.761+0000] {processor.py:208} INFO - Processing /home/airflow/.local/lib/python3.12/site-packages/airflow/example_dags/example_branch_labels.py took 0.195 seconds
[2025-04-11T02:09:38.750+0000] {processor.py:186} INFO - Started process (PID=3719) to work on /home/airflow/.local/lib/python3.12/site-packages/airflow/example_dags/example_branch_labels.py
[2025-04-11T02:09:38.753+0000] {processor.py:914} INFO - Processing file /home/airflow/.local/lib/python3.12/site-packages/airflow/example_dags/example_branch_labels.py for tasks to queue
[2025-04-11T02:09:38.757+0000] {logging_mixin.py:190} INFO - [2025-04-11T02:09:38.756+0000] {dagbag.py:588} INFO - Filling up the DagBag from /home/airflow/.local/lib/python3.12/site-packages/airflow/example_dags/example_branch_labels.py
[2025-04-11T02:09:38.793+0000] {processor.py:925} INFO - DAG(s) 'example_branch_labels' retrieved from /home/airflow/.local/lib/python3.12/site-packages/airflow/example_dags/example_branch_labels.py
[2025-04-11T02:09:38.836+0000] {logging_mixin.py:190} INFO - [2025-04-11T02:09:38.835+0000] {dag.py:3239} INFO - Sync 1 DAGs
[2025-04-11T02:09:38.906+0000] {logging_mixin.py:190} INFO - [2025-04-11T02:09:38.905+0000] {dag.py:4180} INFO - Setting next_dagrun for example_branch_labels to 2025-04-10 00:00:00+00:00, run_after=2025-04-11 00:00:00+00:00
[2025-04-11T02:09:38.959+0000] {processor.py:208} INFO - Processing /home/airflow/.local/lib/python3.12/site-packages/airflow/example_dags/example_branch_labels.py took 0.225 seconds
[2025-04-11T02:10:09.260+0000] {processor.py:186} INFO - Started process (PID=3784) to work on /home/airflow/.local/lib/python3.12/site-packages/airflow/example_dags/example_branch_labels.py
[2025-04-11T02:10:09.261+0000] {processor.py:914} INFO - Processing file /home/airflow/.local/lib/python3.12/site-packages/airflow/example_dags/example_branch_labels.py for tasks to queue
[2025-04-11T02:10:09.262+0000] {logging_mixin.py:190} INFO - [2025-04-11T02:10:09.262+0000] {dagbag.py:588} INFO - Filling up the DagBag from /home/airflow/.local/lib/python3.12/site-packages/airflow/example_dags/example_branch_labels.py
[2025-04-11T02:10:09.271+0000] {processor.py:925} INFO - DAG(s) 'example_branch_labels' retrieved from /home/airflow/.local/lib/python3.12/site-packages/airflow/example_dags/example_branch_labels.py
[2025-04-11T02:10:09.292+0000] {logging_mixin.py:190} INFO - [2025-04-11T02:10:09.291+0000] {dag.py:3239} INFO - Sync 1 DAGs
[2025-04-11T02:10:09.313+0000] {logging_mixin.py:190} INFO - [2025-04-11T02:10:09.312+0000] {dag.py:4180} INFO - Setting next_dagrun for example_branch_labels to 2025-04-10 00:00:00+00:00, run_after=2025-04-11 00:00:00+00:00
[2025-04-11T02:10:09.334+0000] {processor.py:208} INFO - Processing /home/airflow/.local/lib/python3.12/site-packages/airflow/example_dags/example_branch_labels.py took 0.078 seconds
[2025-04-11T02:10:40.289+0000] {processor.py:186} INFO - Started process (PID=3849) to work on /home/airflow/.local/lib/python3.12/site-packages/airflow/example_dags/example_branch_labels.py
[2025-04-11T02:10:40.290+0000] {processor.py:914} INFO - Processing file /home/airflow/.local/lib/python3.12/site-packages/airflow/example_dags/example_branch_labels.py for tasks to queue
[2025-04-11T02:10:40.291+0000] {logging_mixin.py:190} INFO - [2025-04-11T02:10:40.291+0000] {dagbag.py:588} INFO - Filling up the DagBag from /home/airflow/.local/lib/python3.12/site-packages/airflow/example_dags/example_branch_labels.py
[2025-04-11T02:10:40.300+0000] {processor.py:925} INFO - DAG(s) 'example_branch_labels' retrieved from /home/airflow/.local/lib/python3.12/site-packages/airflow/example_dags/example_branch_labels.py
[2025-04-11T02:10:40.321+0000] {logging_mixin.py:190} INFO - [2025-04-11T02:10:40.320+0000] {dag.py:3239} INFO - Sync 1 DAGs
[2025-04-11T02:10:40.340+0000] {logging_mixin.py:190} INFO - [2025-04-11T02:10:40.340+0000] {dag.py:4180} INFO - Setting next_dagrun for example_branch_labels to 2025-04-10 00:00:00+00:00, run_after=2025-04-11 00:00:00+00:00
[2025-04-11T02:10:40.362+0000] {processor.py:208} INFO - Processing /home/airflow/.local/lib/python3.12/site-packages/airflow/example_dags/example_branch_labels.py took 0.078 seconds
[2025-04-11T02:11:11.724+0000] {processor.py:186} INFO - Started process (PID=3914) to work on /home/airflow/.local/lib/python3.12/site-packages/airflow/example_dags/example_branch_labels.py
[2025-04-11T02:11:11.727+0000] {processor.py:914} INFO - Processing file /home/airflow/.local/lib/python3.12/site-packages/airflow/example_dags/example_branch_labels.py for tasks to queue
[2025-04-11T02:11:11.732+0000] {logging_mixin.py:190} INFO - [2025-04-11T02:11:11.730+0000] {dagbag.py:588} INFO - Filling up the DagBag from /home/airflow/.local/lib/python3.12/site-packages/airflow/example_dags/example_branch_labels.py
[2025-04-11T02:11:11.766+0000] {processor.py:925} INFO - DAG(s) 'example_branch_labels' retrieved from /home/airflow/.local/lib/python3.12/site-packages/airflow/example_dags/example_branch_labels.py
[2025-04-11T02:11:11.831+0000] {logging_mixin.py:190} INFO - [2025-04-11T02:11:11.830+0000] {dag.py:3239} INFO - Sync 1 DAGs
[2025-04-11T02:11:11.910+0000] {logging_mixin.py:190} INFO - [2025-04-11T02:11:11.909+0000] {dag.py:4180} INFO - Setting next_dagrun for example_branch_labels to 2025-04-10 00:00:00+00:00, run_after=2025-04-11 00:00:00+00:00
[2025-04-11T02:11:11.977+0000] {processor.py:208} INFO - Processing /home/airflow/.local/lib/python3.12/site-packages/airflow/example_dags/example_branch_labels.py took 0.271 seconds
[2025-04-11T02:11:43.801+0000] {processor.py:186} INFO - Started process (PID=3979) to work on /home/airflow/.local/lib/python3.12/site-packages/airflow/example_dags/example_branch_labels.py
[2025-04-11T02:11:43.804+0000] {processor.py:914} INFO - Processing file /home/airflow/.local/lib/python3.12/site-packages/airflow/example_dags/example_branch_labels.py for tasks to queue
[2025-04-11T02:11:43.808+0000] {logging_mixin.py:190} INFO - [2025-04-11T02:11:43.807+0000] {dagbag.py:588} INFO - Filling up the DagBag from /home/airflow/.local/lib/python3.12/site-packages/airflow/example_dags/example_branch_labels.py
[2025-04-11T02:11:43.838+0000] {processor.py:925} INFO - DAG(s) 'example_branch_labels' retrieved from /home/airflow/.local/lib/python3.12/site-packages/airflow/example_dags/example_branch_labels.py
[2025-04-11T02:11:43.903+0000] {logging_mixin.py:190} INFO - [2025-04-11T02:11:43.902+0000] {dag.py:3239} INFO - Sync 1 DAGs
[2025-04-11T02:11:43.983+0000] {logging_mixin.py:190} INFO - [2025-04-11T02:11:43.983+0000] {dag.py:4180} INFO - Setting next_dagrun for example_branch_labels to 2025-04-10 00:00:00+00:00, run_after=2025-04-11 00:00:00+00:00
[2025-04-11T02:11:44.050+0000] {processor.py:208} INFO - Processing /home/airflow/.local/lib/python3.12/site-packages/airflow/example_dags/example_branch_labels.py took 0.271 seconds
[2025-04-11T02:12:15.764+0000] {processor.py:186} INFO - Started process (PID=4044) to work on /home/airflow/.local/lib/python3.12/site-packages/airflow/example_dags/example_branch_labels.py
[2025-04-11T02:12:15.766+0000] {processor.py:914} INFO - Processing file /home/airflow/.local/lib/python3.12/site-packages/airflow/example_dags/example_branch_labels.py for tasks to queue
[2025-04-11T02:12:15.769+0000] {logging_mixin.py:190} INFO - [2025-04-11T02:12:15.768+0000] {dagbag.py:588} INFO - Filling up the DagBag from /home/airflow/.local/lib/python3.12/site-packages/airflow/example_dags/example_branch_labels.py
[2025-04-11T02:12:15.798+0000] {processor.py:925} INFO - DAG(s) 'example_branch_labels' retrieved from /home/airflow/.local/lib/python3.12/site-packages/airflow/example_dags/example_branch_labels.py
[2025-04-11T02:12:15.861+0000] {logging_mixin.py:190} INFO - [2025-04-11T02:12:15.860+0000] {dag.py:3239} INFO - Sync 1 DAGs
[2025-04-11T02:12:15.936+0000] {logging_mixin.py:190} INFO - [2025-04-11T02:12:15.935+0000] {dag.py:4180} INFO - Setting next_dagrun for example_branch_labels to 2025-04-10 00:00:00+00:00, run_after=2025-04-11 00:00:00+00:00
[2025-04-11T02:12:15.991+0000] {processor.py:208} INFO - Processing /home/airflow/.local/lib/python3.12/site-packages/airflow/example_dags/example_branch_labels.py took 0.245 seconds
[2025-04-11T02:12:47.519+0000] {processor.py:186} INFO - Started process (PID=4111) to work on /home/airflow/.local/lib/python3.12/site-packages/airflow/example_dags/example_branch_labels.py
[2025-04-11T02:12:47.521+0000] {processor.py:914} INFO - Processing file /home/airflow/.local/lib/python3.12/site-packages/airflow/example_dags/example_branch_labels.py for tasks to queue
[2025-04-11T02:12:47.524+0000] {logging_mixin.py:190} INFO - [2025-04-11T02:12:47.523+0000] {dagbag.py:588} INFO - Filling up the DagBag from /home/airflow/.local/lib/python3.12/site-packages/airflow/example_dags/example_branch_labels.py
[2025-04-11T02:12:47.553+0000] {processor.py:925} INFO - DAG(s) 'example_branch_labels' retrieved from /home/airflow/.local/lib/python3.12/site-packages/airflow/example_dags/example_branch_labels.py
[2025-04-11T02:12:47.611+0000] {logging_mixin.py:190} INFO - [2025-04-11T02:12:47.610+0000] {dag.py:3239} INFO - Sync 1 DAGs
[2025-04-11T02:12:47.689+0000] {logging_mixin.py:190} INFO - [2025-04-11T02:12:47.688+0000] {dag.py:4180} INFO - Setting next_dagrun for example_branch_labels to 2025-04-10 00:00:00+00:00, run_after=2025-04-11 00:00:00+00:00
[2025-04-11T02:12:47.745+0000] {processor.py:208} INFO - Processing /home/airflow/.local/lib/python3.12/site-packages/airflow/example_dags/example_branch_labels.py took 0.244 seconds
[2025-04-11T02:13:18.337+0000] {processor.py:186} INFO - Started process (PID=4177) to work on /home/airflow/.local/lib/python3.12/site-packages/airflow/example_dags/example_branch_labels.py
[2025-04-11T02:13:18.338+0000] {processor.py:914} INFO - Processing file /home/airflow/.local/lib/python3.12/site-packages/airflow/example_dags/example_branch_labels.py for tasks to queue
[2025-04-11T02:13:18.340+0000] {logging_mixin.py:190} INFO - [2025-04-11T02:13:18.340+0000] {dagbag.py:588} INFO - Filling up the DagBag from /home/airflow/.local/lib/python3.12/site-packages/airflow/example_dags/example_branch_labels.py
[2025-04-11T02:13:18.350+0000] {processor.py:925} INFO - DAG(s) 'example_branch_labels' retrieved from /home/airflow/.local/lib/python3.12/site-packages/airflow/example_dags/example_branch_labels.py
[2025-04-11T02:13:18.375+0000] {logging_mixin.py:190} INFO - [2025-04-11T02:13:18.375+0000] {dag.py:3239} INFO - Sync 1 DAGs
[2025-04-11T02:13:18.406+0000] {logging_mixin.py:190} INFO - [2025-04-11T02:13:18.406+0000] {dag.py:4180} INFO - Setting next_dagrun for example_branch_labels to 2025-04-10 00:00:00+00:00, run_after=2025-04-11 00:00:00+00:00
[2025-04-11T02:13:18.432+0000] {processor.py:208} INFO - Processing /home/airflow/.local/lib/python3.12/site-packages/airflow/example_dags/example_branch_labels.py took 0.101 seconds
[2025-04-11T02:13:49.317+0000] {processor.py:186} INFO - Started process (PID=4244) to work on /home/airflow/.local/lib/python3.12/site-packages/airflow/example_dags/example_branch_labels.py
[2025-04-11T02:13:49.319+0000] {processor.py:914} INFO - Processing file /home/airflow/.local/lib/python3.12/site-packages/airflow/example_dags/example_branch_labels.py for tasks to queue
[2025-04-11T02:13:49.321+0000] {logging_mixin.py:190} INFO - [2025-04-11T02:13:49.321+0000] {dagbag.py:588} INFO - Filling up the DagBag from /home/airflow/.local/lib/python3.12/site-packages/airflow/example_dags/example_branch_labels.py
[2025-04-11T02:13:49.330+0000] {processor.py:925} INFO - DAG(s) 'example_branch_labels' retrieved from /home/airflow/.local/lib/python3.12/site-packages/airflow/example_dags/example_branch_labels.py
[2025-04-11T02:13:49.352+0000] {logging_mixin.py:190} INFO - [2025-04-11T02:13:49.352+0000] {dag.py:3239} INFO - Sync 1 DAGs
[2025-04-11T02:13:49.374+0000] {logging_mixin.py:190} INFO - [2025-04-11T02:13:49.374+0000] {dag.py:4180} INFO - Setting next_dagrun for example_branch_labels to 2025-04-10 00:00:00+00:00, run_after=2025-04-11 00:00:00+00:00
[2025-04-11T02:13:49.514+0000] {processor.py:208} INFO - Processing /home/airflow/.local/lib/python3.12/site-packages/airflow/example_dags/example_branch_labels.py took 0.202 seconds
[2025-04-11T02:14:20.298+0000] {processor.py:186} INFO - Started process (PID=4309) to work on /home/airflow/.local/lib/python3.12/site-packages/airflow/example_dags/example_branch_labels.py
[2025-04-11T02:14:20.299+0000] {processor.py:914} INFO - Processing file /home/airflow/.local/lib/python3.12/site-packages/airflow/example_dags/example_branch_labels.py for tasks to queue
[2025-04-11T02:14:20.300+0000] {logging_mixin.py:190} INFO - [2025-04-11T02:14:20.300+0000] {dagbag.py:588} INFO - Filling up the DagBag from /home/airflow/.local/lib/python3.12/site-packages/airflow/example_dags/example_branch_labels.py
[2025-04-11T02:14:20.307+0000] {processor.py:925} INFO - DAG(s) 'example_branch_labels' retrieved from /home/airflow/.local/lib/python3.12/site-packages/airflow/example_dags/example_branch_labels.py
[2025-04-11T02:14:20.324+0000] {logging_mixin.py:190} INFO - [2025-04-11T02:14:20.324+0000] {dag.py:3239} INFO - Sync 1 DAGs
[2025-04-11T02:14:20.343+0000] {logging_mixin.py:190} INFO - [2025-04-11T02:14:20.343+0000] {dag.py:4180} INFO - Setting next_dagrun for example_branch_labels to 2025-04-10 00:00:00+00:00, run_after=2025-04-11 00:00:00+00:00
[2025-04-11T02:14:20.464+0000] {processor.py:208} INFO - Processing /home/airflow/.local/lib/python3.12/site-packages/airflow/example_dags/example_branch_labels.py took 0.171 seconds
[2025-04-11T02:14:51.978+0000] {processor.py:186} INFO - Started process (PID=4374) to work on /home/airflow/.local/lib/python3.12/site-packages/airflow/example_dags/example_branch_labels.py
[2025-04-11T02:14:51.982+0000] {processor.py:914} INFO - Processing file /home/airflow/.local/lib/python3.12/site-packages/airflow/example_dags/example_branch_labels.py for tasks to queue
[2025-04-11T02:14:51.985+0000] {logging_mixin.py:190} INFO - [2025-04-11T02:14:51.985+0000] {dagbag.py:588} INFO - Filling up the DagBag from /home/airflow/.local/lib/python3.12/site-packages/airflow/example_dags/example_branch_labels.py
[2025-04-11T02:14:52.005+0000] {processor.py:925} INFO - DAG(s) 'example_branch_labels' retrieved from /home/airflow/.local/lib/python3.12/site-packages/airflow/example_dags/example_branch_labels.py
[2025-04-11T02:14:52.041+0000] {logging_mixin.py:190} INFO - [2025-04-11T02:14:52.041+0000] {dag.py:3239} INFO - Sync 1 DAGs
[2025-04-11T02:14:52.076+0000] {logging_mixin.py:190} INFO - [2025-04-11T02:14:52.076+0000] {dag.py:4180} INFO - Setting next_dagrun for example_branch_labels to 2025-04-10 00:00:00+00:00, run_after=2025-04-11 00:00:00+00:00
[2025-04-11T02:14:52.105+0000] {processor.py:208} INFO - Processing /home/airflow/.local/lib/python3.12/site-packages/airflow/example_dags/example_branch_labels.py took 0.141 seconds
[2025-04-11T02:15:22.430+0000] {processor.py:186} INFO - Started process (PID=4439) to work on /home/airflow/.local/lib/python3.12/site-packages/airflow/example_dags/example_branch_labels.py
[2025-04-11T02:15:22.431+0000] {processor.py:914} INFO - Processing file /home/airflow/.local/lib/python3.12/site-packages/airflow/example_dags/example_branch_labels.py for tasks to queue
[2025-04-11T02:15:22.433+0000] {logging_mixin.py:190} INFO - [2025-04-11T02:15:22.432+0000] {dagbag.py:588} INFO - Filling up the DagBag from /home/airflow/.local/lib/python3.12/site-packages/airflow/example_dags/example_branch_labels.py
[2025-04-11T02:15:22.442+0000] {processor.py:925} INFO - DAG(s) 'example_branch_labels' retrieved from /home/airflow/.local/lib/python3.12/site-packages/airflow/example_dags/example_branch_labels.py
[2025-04-11T02:15:22.460+0000] {logging_mixin.py:190} INFO - [2025-04-11T02:15:22.460+0000] {dag.py:3239} INFO - Sync 1 DAGs
[2025-04-11T02:15:22.482+0000] {logging_mixin.py:190} INFO - [2025-04-11T02:15:22.482+0000] {dag.py:4180} INFO - Setting next_dagrun for example_branch_labels to 2025-04-10 00:00:00+00:00, run_after=2025-04-11 00:00:00+00:00
[2025-04-11T02:15:22.503+0000] {processor.py:208} INFO - Processing /home/airflow/.local/lib/python3.12/site-packages/airflow/example_dags/example_branch_labels.py took 0.078 seconds
[2025-04-11T03:01:31.181+0000] {processor.py:186} INFO - Started process (PID=4504) to work on /home/airflow/.local/lib/python3.12/site-packages/airflow/example_dags/example_branch_labels.py
[2025-04-11T03:01:31.183+0000] {processor.py:914} INFO - Processing file /home/airflow/.local/lib/python3.12/site-packages/airflow/example_dags/example_branch_labels.py for tasks to queue
[2025-04-11T03:01:31.186+0000] {logging_mixin.py:190} INFO - [2025-04-11T03:01:31.185+0000] {dagbag.py:588} INFO - Filling up the DagBag from /home/airflow/.local/lib/python3.12/site-packages/airflow/example_dags/example_branch_labels.py
[2025-04-11T03:01:31.206+0000] {processor.py:925} INFO - DAG(s) 'example_branch_labels' retrieved from /home/airflow/.local/lib/python3.12/site-packages/airflow/example_dags/example_branch_labels.py
[2025-04-11T03:01:31.265+0000] {logging_mixin.py:190} INFO - [2025-04-11T03:01:31.256+0000] {dag.py:3239} INFO - Sync 1 DAGs
[2025-04-11T03:01:31.365+0000] {logging_mixin.py:190} INFO - [2025-04-11T03:01:31.364+0000] {dag.py:4180} INFO - Setting next_dagrun for example_branch_labels to 2025-04-10 00:00:00+00:00, run_after=2025-04-11 00:00:00+00:00
[2025-04-11T03:01:31.452+0000] {processor.py:208} INFO - Processing /home/airflow/.local/lib/python3.12/site-packages/airflow/example_dags/example_branch_labels.py took 0.283 seconds
