[2025-04-11T01:49:52.211+0000] {processor.py:186} INFO - Started process (PID=1243) to work on /home/airflow/.local/lib/python3.12/site-packages/airflow/example_dags/example_complex.py
[2025-04-11T01:49:52.223+0000] {processor.py:914} INFO - Processing file /home/airflow/.local/lib/python3.12/site-packages/airflow/example_dags/example_complex.py for tasks to queue
[2025-04-11T01:49:52.228+0000] {logging_mixin.py:190} INFO - [2025-04-11T01:49:52.227+0000] {dagbag.py:588} INFO - Filling up the DagBag from /home/airflow/.local/lib/python3.12/site-packages/airflow/example_dags/example_complex.py
[2025-04-11T01:49:52.267+0000] {processor.py:925} INFO - DAG(s) 'example_complex' retrieved from /home/airflow/.local/lib/python3.12/site-packages/airflow/example_dags/example_complex.py
[2025-04-11T01:49:52.445+0000] {logging_mixin.py:190} INFO - [2025-04-11T01:49:52.445+0000] {dag.py:3239} INFO - Sync 1 DAGs
[2025-04-11T01:49:52.564+0000] {logging_mixin.py:190} INFO - [2025-04-11T01:49:52.564+0000] {dag.py:4180} INFO - Setting next_dagrun for example_complex to None, run_after=None
[2025-04-11T01:49:52.651+0000] {processor.py:208} INFO - Processing /home/airflow/.local/lib/python3.12/site-packages/airflow/example_dags/example_complex.py took 0.472 seconds
[2025-04-11T01:50:24.148+0000] {processor.py:186} INFO - Started process (PID=1308) to work on /home/airflow/.local/lib/python3.12/site-packages/airflow/example_dags/example_complex.py
[2025-04-11T01:50:24.150+0000] {processor.py:914} INFO - Processing file /home/airflow/.local/lib/python3.12/site-packages/airflow/example_dags/example_complex.py for tasks to queue
[2025-04-11T01:50:24.152+0000] {logging_mixin.py:190} INFO - [2025-04-11T01:50:24.151+0000] {dagbag.py:588} INFO - Filling up the DagBag from /home/airflow/.local/lib/python3.12/site-packages/airflow/example_dags/example_complex.py
[2025-04-11T01:50:24.170+0000] {processor.py:925} INFO - DAG(s) 'example_complex' retrieved from /home/airflow/.local/lib/python3.12/site-packages/airflow/example_dags/example_complex.py
[2025-04-11T01:50:24.216+0000] {logging_mixin.py:190} INFO - [2025-04-11T01:50:24.215+0000] {dag.py:3239} INFO - Sync 1 DAGs
[2025-04-11T01:50:24.240+0000] {logging_mixin.py:190} INFO - [2025-04-11T01:50:24.240+0000] {dag.py:4180} INFO - Setting next_dagrun for example_complex to None, run_after=None
[2025-04-11T01:50:24.271+0000] {processor.py:208} INFO - Processing /home/airflow/.local/lib/python3.12/site-packages/airflow/example_dags/example_complex.py took 0.134 seconds
[2025-04-11T01:50:55.638+0000] {processor.py:186} INFO - Started process (PID=1374) to work on /home/airflow/.local/lib/python3.12/site-packages/airflow/example_dags/example_complex.py
[2025-04-11T01:50:55.639+0000] {processor.py:914} INFO - Processing file /home/airflow/.local/lib/python3.12/site-packages/airflow/example_dags/example_complex.py for tasks to queue
[2025-04-11T01:50:55.641+0000] {logging_mixin.py:190} INFO - [2025-04-11T01:50:55.641+0000] {dagbag.py:588} INFO - Filling up the DagBag from /home/airflow/.local/lib/python3.12/site-packages/airflow/example_dags/example_complex.py
[2025-04-11T01:50:55.652+0000] {processor.py:925} INFO - DAG(s) 'example_complex' retrieved from /home/airflow/.local/lib/python3.12/site-packages/airflow/example_dags/example_complex.py
[2025-04-11T01:50:55.685+0000] {logging_mixin.py:190} INFO - [2025-04-11T01:50:55.685+0000] {dag.py:3239} INFO - Sync 1 DAGs
[2025-04-11T01:50:55.701+0000] {logging_mixin.py:190} INFO - [2025-04-11T01:50:55.701+0000] {dag.py:4180} INFO - Setting next_dagrun for example_complex to None, run_after=None
[2025-04-11T01:50:55.732+0000] {processor.py:208} INFO - Processing /home/airflow/.local/lib/python3.12/site-packages/airflow/example_dags/example_complex.py took 0.100 seconds
[2025-04-11T01:51:27.282+0000] {processor.py:186} INFO - Started process (PID=1445) to work on /home/airflow/.local/lib/python3.12/site-packages/airflow/example_dags/example_complex.py
[2025-04-11T01:51:27.284+0000] {processor.py:914} INFO - Processing file /home/airflow/.local/lib/python3.12/site-packages/airflow/example_dags/example_complex.py for tasks to queue
[2025-04-11T01:51:27.287+0000] {logging_mixin.py:190} INFO - [2025-04-11T01:51:27.287+0000] {dagbag.py:588} INFO - Filling up the DagBag from /home/airflow/.local/lib/python3.12/site-packages/airflow/example_dags/example_complex.py
[2025-04-11T01:51:27.313+0000] {processor.py:925} INFO - DAG(s) 'example_complex' retrieved from /home/airflow/.local/lib/python3.12/site-packages/airflow/example_dags/example_complex.py
[2025-04-11T01:51:27.378+0000] {logging_mixin.py:190} INFO - [2025-04-11T01:51:27.378+0000] {dag.py:3239} INFO - Sync 1 DAGs
[2025-04-11T01:51:27.405+0000] {logging_mixin.py:190} INFO - [2025-04-11T01:51:27.405+0000] {dag.py:4180} INFO - Setting next_dagrun for example_complex to None, run_after=None
[2025-04-11T01:51:27.440+0000] {processor.py:208} INFO - Processing /home/airflow/.local/lib/python3.12/site-packages/airflow/example_dags/example_complex.py took 0.169 seconds
[2025-04-11T01:51:58.782+0000] {processor.py:186} INFO - Started process (PID=1510) to work on /home/airflow/.local/lib/python3.12/site-packages/airflow/example_dags/example_complex.py
[2025-04-11T01:51:58.784+0000] {processor.py:914} INFO - Processing file /home/airflow/.local/lib/python3.12/site-packages/airflow/example_dags/example_complex.py for tasks to queue
[2025-04-11T01:51:58.786+0000] {logging_mixin.py:190} INFO - [2025-04-11T01:51:58.786+0000] {dagbag.py:588} INFO - Filling up the DagBag from /home/airflow/.local/lib/python3.12/site-packages/airflow/example_dags/example_complex.py
[2025-04-11T01:51:58.805+0000] {processor.py:925} INFO - DAG(s) 'example_complex' retrieved from /home/airflow/.local/lib/python3.12/site-packages/airflow/example_dags/example_complex.py
[2025-04-11T01:51:58.853+0000] {logging_mixin.py:190} INFO - [2025-04-11T01:51:58.852+0000] {dag.py:3239} INFO - Sync 1 DAGs
[2025-04-11T01:51:58.874+0000] {logging_mixin.py:190} INFO - [2025-04-11T01:51:58.873+0000] {dag.py:4180} INFO - Setting next_dagrun for example_complex to None, run_after=None
[2025-04-11T01:51:58.912+0000] {processor.py:208} INFO - Processing /home/airflow/.local/lib/python3.12/site-packages/airflow/example_dags/example_complex.py took 0.139 seconds
[2025-04-11T01:52:29.881+0000] {processor.py:186} INFO - Started process (PID=1575) to work on /home/airflow/.local/lib/python3.12/site-packages/airflow/example_dags/example_complex.py
[2025-04-11T01:52:29.882+0000] {processor.py:914} INFO - Processing file /home/airflow/.local/lib/python3.12/site-packages/airflow/example_dags/example_complex.py for tasks to queue
[2025-04-11T01:52:29.884+0000] {logging_mixin.py:190} INFO - [2025-04-11T01:52:29.883+0000] {dagbag.py:588} INFO - Filling up the DagBag from /home/airflow/.local/lib/python3.12/site-packages/airflow/example_dags/example_complex.py
[2025-04-11T01:52:29.896+0000] {processor.py:925} INFO - DAG(s) 'example_complex' retrieved from /home/airflow/.local/lib/python3.12/site-packages/airflow/example_dags/example_complex.py
[2025-04-11T01:52:29.927+0000] {logging_mixin.py:190} INFO - [2025-04-11T01:52:29.927+0000] {dag.py:3239} INFO - Sync 1 DAGs
[2025-04-11T01:52:29.942+0000] {logging_mixin.py:190} INFO - [2025-04-11T01:52:29.941+0000] {dag.py:4180} INFO - Setting next_dagrun for example_complex to None, run_after=None
[2025-04-11T01:52:29.965+0000] {processor.py:208} INFO - Processing /home/airflow/.local/lib/python3.12/site-packages/airflow/example_dags/example_complex.py took 0.090 seconds
[2025-04-11T01:53:00.588+0000] {processor.py:186} INFO - Started process (PID=1640) to work on /home/airflow/.local/lib/python3.12/site-packages/airflow/example_dags/example_complex.py
[2025-04-11T01:53:00.590+0000] {processor.py:914} INFO - Processing file /home/airflow/.local/lib/python3.12/site-packages/airflow/example_dags/example_complex.py for tasks to queue
[2025-04-11T01:53:00.591+0000] {logging_mixin.py:190} INFO - [2025-04-11T01:53:00.591+0000] {dagbag.py:588} INFO - Filling up the DagBag from /home/airflow/.local/lib/python3.12/site-packages/airflow/example_dags/example_complex.py
[2025-04-11T01:53:00.602+0000] {processor.py:925} INFO - DAG(s) 'example_complex' retrieved from /home/airflow/.local/lib/python3.12/site-packages/airflow/example_dags/example_complex.py
[2025-04-11T01:53:00.631+0000] {logging_mixin.py:190} INFO - [2025-04-11T01:53:00.631+0000] {dag.py:3239} INFO - Sync 1 DAGs
[2025-04-11T01:53:00.645+0000] {logging_mixin.py:190} INFO - [2025-04-11T01:53:00.645+0000] {dag.py:4180} INFO - Setting next_dagrun for example_complex to None, run_after=None
[2025-04-11T01:53:00.667+0000] {processor.py:208} INFO - Processing /home/airflow/.local/lib/python3.12/site-packages/airflow/example_dags/example_complex.py took 0.083 seconds
[2025-04-11T01:53:31.983+0000] {processor.py:186} INFO - Started process (PID=1705) to work on /home/airflow/.local/lib/python3.12/site-packages/airflow/example_dags/example_complex.py
[2025-04-11T01:53:31.984+0000] {processor.py:914} INFO - Processing file /home/airflow/.local/lib/python3.12/site-packages/airflow/example_dags/example_complex.py for tasks to queue
[2025-04-11T01:53:31.986+0000] {logging_mixin.py:190} INFO - [2025-04-11T01:53:31.985+0000] {dagbag.py:588} INFO - Filling up the DagBag from /home/airflow/.local/lib/python3.12/site-packages/airflow/example_dags/example_complex.py
[2025-04-11T01:53:31.995+0000] {processor.py:925} INFO - DAG(s) 'example_complex' retrieved from /home/airflow/.local/lib/python3.12/site-packages/airflow/example_dags/example_complex.py
[2025-04-11T01:53:32.023+0000] {logging_mixin.py:190} INFO - [2025-04-11T01:53:32.023+0000] {dag.py:3239} INFO - Sync 1 DAGs
[2025-04-11T01:53:32.036+0000] {logging_mixin.py:190} INFO - [2025-04-11T01:53:32.036+0000] {dag.py:4180} INFO - Setting next_dagrun for example_complex to None, run_after=None
[2025-04-11T01:53:32.057+0000] {processor.py:208} INFO - Processing /home/airflow/.local/lib/python3.12/site-packages/airflow/example_dags/example_complex.py took 0.078 seconds
[2025-04-11T01:54:02.917+0000] {processor.py:186} INFO - Started process (PID=1770) to work on /home/airflow/.local/lib/python3.12/site-packages/airflow/example_dags/example_complex.py
[2025-04-11T01:54:02.918+0000] {processor.py:914} INFO - Processing file /home/airflow/.local/lib/python3.12/site-packages/airflow/example_dags/example_complex.py for tasks to queue
[2025-04-11T01:54:02.920+0000] {logging_mixin.py:190} INFO - [2025-04-11T01:54:02.919+0000] {dagbag.py:588} INFO - Filling up the DagBag from /home/airflow/.local/lib/python3.12/site-packages/airflow/example_dags/example_complex.py
[2025-04-11T01:54:02.932+0000] {processor.py:925} INFO - DAG(s) 'example_complex' retrieved from /home/airflow/.local/lib/python3.12/site-packages/airflow/example_dags/example_complex.py
[2025-04-11T01:54:02.958+0000] {logging_mixin.py:190} INFO - [2025-04-11T01:54:02.958+0000] {dag.py:3239} INFO - Sync 1 DAGs
[2025-04-11T01:54:02.971+0000] {logging_mixin.py:190} INFO - [2025-04-11T01:54:02.971+0000] {dag.py:4180} INFO - Setting next_dagrun for example_complex to None, run_after=None
[2025-04-11T01:54:02.992+0000] {processor.py:208} INFO - Processing /home/airflow/.local/lib/python3.12/site-packages/airflow/example_dags/example_complex.py took 0.080 seconds
[2025-04-11T01:54:33.831+0000] {processor.py:186} INFO - Started process (PID=1835) to work on /home/airflow/.local/lib/python3.12/site-packages/airflow/example_dags/example_complex.py
[2025-04-11T01:54:33.832+0000] {processor.py:914} INFO - Processing file /home/airflow/.local/lib/python3.12/site-packages/airflow/example_dags/example_complex.py for tasks to queue
[2025-04-11T01:54:33.834+0000] {logging_mixin.py:190} INFO - [2025-04-11T01:54:33.833+0000] {dagbag.py:588} INFO - Filling up the DagBag from /home/airflow/.local/lib/python3.12/site-packages/airflow/example_dags/example_complex.py
[2025-04-11T01:54:33.844+0000] {processor.py:925} INFO - DAG(s) 'example_complex' retrieved from /home/airflow/.local/lib/python3.12/site-packages/airflow/example_dags/example_complex.py
[2025-04-11T01:54:33.870+0000] {logging_mixin.py:190} INFO - [2025-04-11T01:54:33.870+0000] {dag.py:3239} INFO - Sync 1 DAGs
[2025-04-11T01:54:33.884+0000] {logging_mixin.py:190} INFO - [2025-04-11T01:54:33.884+0000] {dag.py:4180} INFO - Setting next_dagrun for example_complex to None, run_after=None
[2025-04-11T01:54:33.902+0000] {processor.py:208} INFO - Processing /home/airflow/.local/lib/python3.12/site-packages/airflow/example_dags/example_complex.py took 0.076 seconds
[2025-04-11T01:55:04.692+0000] {processor.py:186} INFO - Started process (PID=1900) to work on /home/airflow/.local/lib/python3.12/site-packages/airflow/example_dags/example_complex.py
[2025-04-11T01:55:04.693+0000] {processor.py:914} INFO - Processing file /home/airflow/.local/lib/python3.12/site-packages/airflow/example_dags/example_complex.py for tasks to queue
[2025-04-11T01:55:04.695+0000] {logging_mixin.py:190} INFO - [2025-04-11T01:55:04.695+0000] {dagbag.py:588} INFO - Filling up the DagBag from /home/airflow/.local/lib/python3.12/site-packages/airflow/example_dags/example_complex.py
[2025-04-11T01:55:04.708+0000] {processor.py:925} INFO - DAG(s) 'example_complex' retrieved from /home/airflow/.local/lib/python3.12/site-packages/airflow/example_dags/example_complex.py
[2025-04-11T01:55:04.739+0000] {logging_mixin.py:190} INFO - [2025-04-11T01:55:04.739+0000] {dag.py:3239} INFO - Sync 1 DAGs
[2025-04-11T01:55:04.753+0000] {logging_mixin.py:190} INFO - [2025-04-11T01:55:04.753+0000] {dag.py:4180} INFO - Setting next_dagrun for example_complex to None, run_after=None
[2025-04-11T01:55:04.775+0000] {processor.py:208} INFO - Processing /home/airflow/.local/lib/python3.12/site-packages/airflow/example_dags/example_complex.py took 0.089 seconds
[2025-04-11T01:55:35.406+0000] {processor.py:186} INFO - Started process (PID=1965) to work on /home/airflow/.local/lib/python3.12/site-packages/airflow/example_dags/example_complex.py
[2025-04-11T01:55:35.408+0000] {processor.py:914} INFO - Processing file /home/airflow/.local/lib/python3.12/site-packages/airflow/example_dags/example_complex.py for tasks to queue
[2025-04-11T01:55:35.409+0000] {logging_mixin.py:190} INFO - [2025-04-11T01:55:35.409+0000] {dagbag.py:588} INFO - Filling up the DagBag from /home/airflow/.local/lib/python3.12/site-packages/airflow/example_dags/example_complex.py
[2025-04-11T01:55:35.419+0000] {processor.py:925} INFO - DAG(s) 'example_complex' retrieved from /home/airflow/.local/lib/python3.12/site-packages/airflow/example_dags/example_complex.py
[2025-04-11T01:55:35.447+0000] {logging_mixin.py:190} INFO - [2025-04-11T01:55:35.447+0000] {dag.py:3239} INFO - Sync 1 DAGs
[2025-04-11T01:55:35.461+0000] {logging_mixin.py:190} INFO - [2025-04-11T01:55:35.461+0000] {dag.py:4180} INFO - Setting next_dagrun for example_complex to None, run_after=None
[2025-04-11T01:55:35.482+0000] {processor.py:208} INFO - Processing /home/airflow/.local/lib/python3.12/site-packages/airflow/example_dags/example_complex.py took 0.081 seconds
[2025-04-11T01:56:06.582+0000] {processor.py:186} INFO - Started process (PID=2031) to work on /home/airflow/.local/lib/python3.12/site-packages/airflow/example_dags/example_complex.py
[2025-04-11T01:56:06.584+0000] {processor.py:914} INFO - Processing file /home/airflow/.local/lib/python3.12/site-packages/airflow/example_dags/example_complex.py for tasks to queue
[2025-04-11T01:56:06.585+0000] {logging_mixin.py:190} INFO - [2025-04-11T01:56:06.585+0000] {dagbag.py:588} INFO - Filling up the DagBag from /home/airflow/.local/lib/python3.12/site-packages/airflow/example_dags/example_complex.py
[2025-04-11T01:56:06.598+0000] {processor.py:925} INFO - DAG(s) 'example_complex' retrieved from /home/airflow/.local/lib/python3.12/site-packages/airflow/example_dags/example_complex.py
[2025-04-11T01:56:06.628+0000] {logging_mixin.py:190} INFO - [2025-04-11T01:56:06.628+0000] {dag.py:3239} INFO - Sync 1 DAGs
[2025-04-11T01:56:06.642+0000] {logging_mixin.py:190} INFO - [2025-04-11T01:56:06.642+0000] {dag.py:4180} INFO - Setting next_dagrun for example_complex to None, run_after=None
[2025-04-11T01:56:06.666+0000] {processor.py:208} INFO - Processing /home/airflow/.local/lib/python3.12/site-packages/airflow/example_dags/example_complex.py took 0.089 seconds
[2025-04-11T01:56:37.654+0000] {processor.py:186} INFO - Started process (PID=2096) to work on /home/airflow/.local/lib/python3.12/site-packages/airflow/example_dags/example_complex.py
[2025-04-11T01:56:37.656+0000] {processor.py:914} INFO - Processing file /home/airflow/.local/lib/python3.12/site-packages/airflow/example_dags/example_complex.py for tasks to queue
[2025-04-11T01:56:37.659+0000] {logging_mixin.py:190} INFO - [2025-04-11T01:56:37.658+0000] {dagbag.py:588} INFO - Filling up the DagBag from /home/airflow/.local/lib/python3.12/site-packages/airflow/example_dags/example_complex.py
[2025-04-11T01:56:37.688+0000] {processor.py:925} INFO - DAG(s) 'example_complex' retrieved from /home/airflow/.local/lib/python3.12/site-packages/airflow/example_dags/example_complex.py
[2025-04-11T01:56:37.769+0000] {logging_mixin.py:190} INFO - [2025-04-11T01:56:37.768+0000] {dag.py:3239} INFO - Sync 1 DAGs
[2025-04-11T01:56:37.819+0000] {logging_mixin.py:190} INFO - [2025-04-11T01:56:37.818+0000] {dag.py:4180} INFO - Setting next_dagrun for example_complex to None, run_after=None
[2025-04-11T01:56:37.884+0000] {processor.py:208} INFO - Processing /home/airflow/.local/lib/python3.12/site-packages/airflow/example_dags/example_complex.py took 0.243 seconds
[2025-04-11T01:57:08.300+0000] {processor.py:186} INFO - Started process (PID=2161) to work on /home/airflow/.local/lib/python3.12/site-packages/airflow/example_dags/example_complex.py
[2025-04-11T01:57:08.301+0000] {processor.py:914} INFO - Processing file /home/airflow/.local/lib/python3.12/site-packages/airflow/example_dags/example_complex.py for tasks to queue
[2025-04-11T01:57:08.303+0000] {logging_mixin.py:190} INFO - [2025-04-11T01:57:08.303+0000] {dagbag.py:588} INFO - Filling up the DagBag from /home/airflow/.local/lib/python3.12/site-packages/airflow/example_dags/example_complex.py
[2025-04-11T01:57:08.313+0000] {processor.py:925} INFO - DAG(s) 'example_complex' retrieved from /home/airflow/.local/lib/python3.12/site-packages/airflow/example_dags/example_complex.py
[2025-04-11T01:57:08.342+0000] {logging_mixin.py:190} INFO - [2025-04-11T01:57:08.342+0000] {dag.py:3239} INFO - Sync 1 DAGs
[2025-04-11T01:57:08.356+0000] {logging_mixin.py:190} INFO - [2025-04-11T01:57:08.356+0000] {dag.py:4180} INFO - Setting next_dagrun for example_complex to None, run_after=None
[2025-04-11T01:57:08.379+0000] {processor.py:208} INFO - Processing /home/airflow/.local/lib/python3.12/site-packages/airflow/example_dags/example_complex.py took 0.084 seconds
[2025-04-11T01:57:38.472+0000] {processor.py:186} INFO - Started process (PID=2225) to work on /home/airflow/.local/lib/python3.12/site-packages/airflow/example_dags/example_complex.py
[2025-04-11T01:57:38.473+0000] {processor.py:914} INFO - Processing file /home/airflow/.local/lib/python3.12/site-packages/airflow/example_dags/example_complex.py for tasks to queue
[2025-04-11T01:57:38.475+0000] {logging_mixin.py:190} INFO - [2025-04-11T01:57:38.475+0000] {dagbag.py:588} INFO - Filling up the DagBag from /home/airflow/.local/lib/python3.12/site-packages/airflow/example_dags/example_complex.py
[2025-04-11T01:57:38.486+0000] {processor.py:925} INFO - DAG(s) 'example_complex' retrieved from /home/airflow/.local/lib/python3.12/site-packages/airflow/example_dags/example_complex.py
[2025-04-11T01:57:38.518+0000] {logging_mixin.py:190} INFO - [2025-04-11T01:57:38.518+0000] {dag.py:3239} INFO - Sync 1 DAGs
[2025-04-11T01:57:38.534+0000] {logging_mixin.py:190} INFO - [2025-04-11T01:57:38.533+0000] {dag.py:4180} INFO - Setting next_dagrun for example_complex to None, run_after=None
[2025-04-11T01:57:38.573+0000] {processor.py:208} INFO - Processing /home/airflow/.local/lib/python3.12/site-packages/airflow/example_dags/example_complex.py took 0.106 seconds
[2025-04-11T01:58:09.053+0000] {processor.py:186} INFO - Started process (PID=2289) to work on /home/airflow/.local/lib/python3.12/site-packages/airflow/example_dags/example_complex.py
[2025-04-11T01:58:09.054+0000] {processor.py:914} INFO - Processing file /home/airflow/.local/lib/python3.12/site-packages/airflow/example_dags/example_complex.py for tasks to queue
[2025-04-11T01:58:09.055+0000] {logging_mixin.py:190} INFO - [2025-04-11T01:58:09.055+0000] {dagbag.py:588} INFO - Filling up the DagBag from /home/airflow/.local/lib/python3.12/site-packages/airflow/example_dags/example_complex.py
[2025-04-11T01:58:09.066+0000] {processor.py:925} INFO - DAG(s) 'example_complex' retrieved from /home/airflow/.local/lib/python3.12/site-packages/airflow/example_dags/example_complex.py
[2025-04-11T01:58:09.097+0000] {logging_mixin.py:190} INFO - [2025-04-11T01:58:09.097+0000] {dag.py:3239} INFO - Sync 1 DAGs
[2025-04-11T01:58:09.114+0000] {logging_mixin.py:190} INFO - [2025-04-11T01:58:09.114+0000] {dag.py:4180} INFO - Setting next_dagrun for example_complex to None, run_after=None
[2025-04-11T01:58:09.137+0000] {processor.py:208} INFO - Processing /home/airflow/.local/lib/python3.12/site-packages/airflow/example_dags/example_complex.py took 0.089 seconds
[2025-04-11T01:58:39.608+0000] {processor.py:186} INFO - Started process (PID=2354) to work on /home/airflow/.local/lib/python3.12/site-packages/airflow/example_dags/example_complex.py
[2025-04-11T01:58:39.609+0000] {processor.py:914} INFO - Processing file /home/airflow/.local/lib/python3.12/site-packages/airflow/example_dags/example_complex.py for tasks to queue
[2025-04-11T01:58:39.611+0000] {logging_mixin.py:190} INFO - [2025-04-11T01:58:39.610+0000] {dagbag.py:588} INFO - Filling up the DagBag from /home/airflow/.local/lib/python3.12/site-packages/airflow/example_dags/example_complex.py
[2025-04-11T01:58:39.621+0000] {processor.py:925} INFO - DAG(s) 'example_complex' retrieved from /home/airflow/.local/lib/python3.12/site-packages/airflow/example_dags/example_complex.py
[2025-04-11T01:58:39.646+0000] {logging_mixin.py:190} INFO - [2025-04-11T01:58:39.646+0000] {dag.py:3239} INFO - Sync 1 DAGs
[2025-04-11T01:58:39.659+0000] {logging_mixin.py:190} INFO - [2025-04-11T01:58:39.658+0000] {dag.py:4180} INFO - Setting next_dagrun for example_complex to None, run_after=None
[2025-04-11T01:58:39.681+0000] {processor.py:208} INFO - Processing /home/airflow/.local/lib/python3.12/site-packages/airflow/example_dags/example_complex.py took 0.077 seconds
[2025-04-11T01:59:09.858+0000] {processor.py:186} INFO - Started process (PID=2420) to work on /home/airflow/.local/lib/python3.12/site-packages/airflow/example_dags/example_complex.py
[2025-04-11T01:59:09.860+0000] {processor.py:914} INFO - Processing file /home/airflow/.local/lib/python3.12/site-packages/airflow/example_dags/example_complex.py for tasks to queue
[2025-04-11T01:59:09.861+0000] {logging_mixin.py:190} INFO - [2025-04-11T01:59:09.860+0000] {dagbag.py:588} INFO - Filling up the DagBag from /home/airflow/.local/lib/python3.12/site-packages/airflow/example_dags/example_complex.py
[2025-04-11T01:59:09.871+0000] {processor.py:925} INFO - DAG(s) 'example_complex' retrieved from /home/airflow/.local/lib/python3.12/site-packages/airflow/example_dags/example_complex.py
[2025-04-11T01:59:09.900+0000] {logging_mixin.py:190} INFO - [2025-04-11T01:59:09.900+0000] {dag.py:3239} INFO - Sync 1 DAGs
[2025-04-11T01:59:09.914+0000] {logging_mixin.py:190} INFO - [2025-04-11T01:59:09.913+0000] {dag.py:4180} INFO - Setting next_dagrun for example_complex to None, run_after=None
[2025-04-11T01:59:09.936+0000] {processor.py:208} INFO - Processing /home/airflow/.local/lib/python3.12/site-packages/airflow/example_dags/example_complex.py took 0.082 seconds
[2025-04-11T01:59:40.608+0000] {processor.py:186} INFO - Started process (PID=2485) to work on /home/airflow/.local/lib/python3.12/site-packages/airflow/example_dags/example_complex.py
[2025-04-11T01:59:40.611+0000] {processor.py:914} INFO - Processing file /home/airflow/.local/lib/python3.12/site-packages/airflow/example_dags/example_complex.py for tasks to queue
[2025-04-11T01:59:40.616+0000] {logging_mixin.py:190} INFO - [2025-04-11T01:59:40.614+0000] {dagbag.py:588} INFO - Filling up the DagBag from /home/airflow/.local/lib/python3.12/site-packages/airflow/example_dags/example_complex.py
[2025-04-11T01:59:40.651+0000] {processor.py:925} INFO - DAG(s) 'example_complex' retrieved from /home/airflow/.local/lib/python3.12/site-packages/airflow/example_dags/example_complex.py
[2025-04-11T01:59:40.767+0000] {logging_mixin.py:190} INFO - [2025-04-11T01:59:40.766+0000] {dag.py:3239} INFO - Sync 1 DAGs
[2025-04-11T01:59:40.823+0000] {logging_mixin.py:190} INFO - [2025-04-11T01:59:40.822+0000] {dag.py:4180} INFO - Setting next_dagrun for example_complex to None, run_after=None
[2025-04-11T01:59:40.871+0000] {processor.py:208} INFO - Processing /home/airflow/.local/lib/python3.12/site-packages/airflow/example_dags/example_complex.py took 0.289 seconds
[2025-04-11T02:00:11.085+0000] {processor.py:186} INFO - Started process (PID=2550) to work on /home/airflow/.local/lib/python3.12/site-packages/airflow/example_dags/example_complex.py
[2025-04-11T02:00:11.087+0000] {processor.py:914} INFO - Processing file /home/airflow/.local/lib/python3.12/site-packages/airflow/example_dags/example_complex.py for tasks to queue
[2025-04-11T02:00:11.091+0000] {logging_mixin.py:190} INFO - [2025-04-11T02:00:11.090+0000] {dagbag.py:588} INFO - Filling up the DagBag from /home/airflow/.local/lib/python3.12/site-packages/airflow/example_dags/example_complex.py
[2025-04-11T02:00:11.126+0000] {processor.py:925} INFO - DAG(s) 'example_complex' retrieved from /home/airflow/.local/lib/python3.12/site-packages/airflow/example_dags/example_complex.py
[2025-04-11T02:00:11.231+0000] {logging_mixin.py:190} INFO - [2025-04-11T02:00:11.231+0000] {dag.py:3239} INFO - Sync 1 DAGs
[2025-04-11T02:00:11.277+0000] {logging_mixin.py:190} INFO - [2025-04-11T02:00:11.276+0000] {dag.py:4180} INFO - Setting next_dagrun for example_complex to None, run_after=None
[2025-04-11T02:00:11.329+0000] {processor.py:208} INFO - Processing /home/airflow/.local/lib/python3.12/site-packages/airflow/example_dags/example_complex.py took 0.262 seconds
[2025-04-11T02:00:42.489+0000] {processor.py:186} INFO - Started process (PID=2616) to work on /home/airflow/.local/lib/python3.12/site-packages/airflow/example_dags/example_complex.py
[2025-04-11T02:00:42.492+0000] {processor.py:914} INFO - Processing file /home/airflow/.local/lib/python3.12/site-packages/airflow/example_dags/example_complex.py for tasks to queue
[2025-04-11T02:00:42.496+0000] {logging_mixin.py:190} INFO - [2025-04-11T02:00:42.495+0000] {dagbag.py:588} INFO - Filling up the DagBag from /home/airflow/.local/lib/python3.12/site-packages/airflow/example_dags/example_complex.py
[2025-04-11T02:00:42.533+0000] {processor.py:925} INFO - DAG(s) 'example_complex' retrieved from /home/airflow/.local/lib/python3.12/site-packages/airflow/example_dags/example_complex.py
[2025-04-11T02:00:42.624+0000] {logging_mixin.py:190} INFO - [2025-04-11T02:00:42.623+0000] {dag.py:3239} INFO - Sync 1 DAGs
[2025-04-11T02:00:42.671+0000] {logging_mixin.py:190} INFO - [2025-04-11T02:00:42.671+0000] {dag.py:4180} INFO - Setting next_dagrun for example_complex to None, run_after=None
[2025-04-11T02:00:42.717+0000] {processor.py:208} INFO - Processing /home/airflow/.local/lib/python3.12/site-packages/airflow/example_dags/example_complex.py took 0.252 seconds
[2025-04-11T02:01:13.461+0000] {processor.py:186} INFO - Started process (PID=2681) to work on /home/airflow/.local/lib/python3.12/site-packages/airflow/example_dags/example_complex.py
[2025-04-11T02:01:13.464+0000] {processor.py:914} INFO - Processing file /home/airflow/.local/lib/python3.12/site-packages/airflow/example_dags/example_complex.py for tasks to queue
[2025-04-11T02:01:13.468+0000] {logging_mixin.py:190} INFO - [2025-04-11T02:01:13.467+0000] {dagbag.py:588} INFO - Filling up the DagBag from /home/airflow/.local/lib/python3.12/site-packages/airflow/example_dags/example_complex.py
[2025-04-11T02:01:13.490+0000] {processor.py:925} INFO - DAG(s) 'example_complex' retrieved from /home/airflow/.local/lib/python3.12/site-packages/airflow/example_dags/example_complex.py
[2025-04-11T02:01:13.594+0000] {logging_mixin.py:190} INFO - [2025-04-11T02:01:13.593+0000] {dag.py:3239} INFO - Sync 1 DAGs
[2025-04-11T02:01:13.644+0000] {logging_mixin.py:190} INFO - [2025-04-11T02:01:13.643+0000] {dag.py:4180} INFO - Setting next_dagrun for example_complex to None, run_after=None
[2025-04-11T02:01:13.694+0000] {processor.py:208} INFO - Processing /home/airflow/.local/lib/python3.12/site-packages/airflow/example_dags/example_complex.py took 0.257 seconds
[2025-04-11T02:01:45.720+0000] {processor.py:186} INFO - Started process (PID=2746) to work on /home/airflow/.local/lib/python3.12/site-packages/airflow/example_dags/example_complex.py
[2025-04-11T02:01:45.722+0000] {processor.py:914} INFO - Processing file /home/airflow/.local/lib/python3.12/site-packages/airflow/example_dags/example_complex.py for tasks to queue
[2025-04-11T02:01:45.727+0000] {logging_mixin.py:190} INFO - [2025-04-11T02:01:45.726+0000] {dagbag.py:588} INFO - Filling up the DagBag from /home/airflow/.local/lib/python3.12/site-packages/airflow/example_dags/example_complex.py
[2025-04-11T02:01:45.770+0000] {processor.py:925} INFO - DAG(s) 'example_complex' retrieved from /home/airflow/.local/lib/python3.12/site-packages/airflow/example_dags/example_complex.py
[2025-04-11T02:01:45.894+0000] {logging_mixin.py:190} INFO - [2025-04-11T02:01:45.893+0000] {dag.py:3239} INFO - Sync 1 DAGs
[2025-04-11T02:01:45.945+0000] {logging_mixin.py:190} INFO - [2025-04-11T02:01:45.944+0000] {dag.py:4180} INFO - Setting next_dagrun for example_complex to None, run_after=None
[2025-04-11T02:01:46.003+0000] {processor.py:208} INFO - Processing /home/airflow/.local/lib/python3.12/site-packages/airflow/example_dags/example_complex.py took 0.307 seconds
[2025-04-11T02:02:17.920+0000] {processor.py:186} INFO - Started process (PID=2811) to work on /home/airflow/.local/lib/python3.12/site-packages/airflow/example_dags/example_complex.py
[2025-04-11T02:02:17.923+0000] {processor.py:914} INFO - Processing file /home/airflow/.local/lib/python3.12/site-packages/airflow/example_dags/example_complex.py for tasks to queue
[2025-04-11T02:02:17.928+0000] {logging_mixin.py:190} INFO - [2025-04-11T02:02:17.926+0000] {dagbag.py:588} INFO - Filling up the DagBag from /home/airflow/.local/lib/python3.12/site-packages/airflow/example_dags/example_complex.py
[2025-04-11T02:02:17.959+0000] {processor.py:925} INFO - DAG(s) 'example_complex' retrieved from /home/airflow/.local/lib/python3.12/site-packages/airflow/example_dags/example_complex.py
[2025-04-11T02:02:18.041+0000] {logging_mixin.py:190} INFO - [2025-04-11T02:02:18.040+0000] {dag.py:3239} INFO - Sync 1 DAGs
[2025-04-11T02:02:18.088+0000] {logging_mixin.py:190} INFO - [2025-04-11T02:02:18.087+0000] {dag.py:4180} INFO - Setting next_dagrun for example_complex to None, run_after=None
[2025-04-11T02:02:18.133+0000] {processor.py:208} INFO - Processing /home/airflow/.local/lib/python3.12/site-packages/airflow/example_dags/example_complex.py took 0.230 seconds
[2025-04-11T02:02:48.782+0000] {processor.py:186} INFO - Started process (PID=2876) to work on /home/airflow/.local/lib/python3.12/site-packages/airflow/example_dags/example_complex.py
[2025-04-11T02:02:48.784+0000] {processor.py:914} INFO - Processing file /home/airflow/.local/lib/python3.12/site-packages/airflow/example_dags/example_complex.py for tasks to queue
[2025-04-11T02:02:48.787+0000] {logging_mixin.py:190} INFO - [2025-04-11T02:02:48.786+0000] {dagbag.py:588} INFO - Filling up the DagBag from /home/airflow/.local/lib/python3.12/site-packages/airflow/example_dags/example_complex.py
[2025-04-11T02:02:48.807+0000] {processor.py:925} INFO - DAG(s) 'example_complex' retrieved from /home/airflow/.local/lib/python3.12/site-packages/airflow/example_dags/example_complex.py
[2025-04-11T02:02:48.858+0000] {logging_mixin.py:190} INFO - [2025-04-11T02:02:48.858+0000] {dag.py:3239} INFO - Sync 1 DAGs
[2025-04-11T02:02:48.878+0000] {logging_mixin.py:190} INFO - [2025-04-11T02:02:48.878+0000] {dag.py:4180} INFO - Setting next_dagrun for example_complex to None, run_after=None
[2025-04-11T02:02:48.907+0000] {processor.py:208} INFO - Processing /home/airflow/.local/lib/python3.12/site-packages/airflow/example_dags/example_complex.py took 0.135 seconds
[2025-04-11T02:03:20.542+0000] {processor.py:186} INFO - Started process (PID=2941) to work on /home/airflow/.local/lib/python3.12/site-packages/airflow/example_dags/example_complex.py
[2025-04-11T02:03:20.544+0000] {processor.py:914} INFO - Processing file /home/airflow/.local/lib/python3.12/site-packages/airflow/example_dags/example_complex.py for tasks to queue
[2025-04-11T02:03:20.547+0000] {logging_mixin.py:190} INFO - [2025-04-11T02:03:20.547+0000] {dagbag.py:588} INFO - Filling up the DagBag from /home/airflow/.local/lib/python3.12/site-packages/airflow/example_dags/example_complex.py
[2025-04-11T02:03:20.585+0000] {processor.py:925} INFO - DAG(s) 'example_complex' retrieved from /home/airflow/.local/lib/python3.12/site-packages/airflow/example_dags/example_complex.py
[2025-04-11T02:03:20.678+0000] {logging_mixin.py:190} INFO - [2025-04-11T02:03:20.678+0000] {dag.py:3239} INFO - Sync 1 DAGs
[2025-04-11T02:03:20.727+0000] {logging_mixin.py:190} INFO - [2025-04-11T02:03:20.727+0000] {dag.py:4180} INFO - Setting next_dagrun for example_complex to None, run_after=None
[2025-04-11T02:03:20.767+0000] {processor.py:208} INFO - Processing /home/airflow/.local/lib/python3.12/site-packages/airflow/example_dags/example_complex.py took 0.244 seconds
[2025-04-11T02:03:52.526+0000] {processor.py:186} INFO - Started process (PID=3006) to work on /home/airflow/.local/lib/python3.12/site-packages/airflow/example_dags/example_complex.py
[2025-04-11T02:03:52.528+0000] {processor.py:914} INFO - Processing file /home/airflow/.local/lib/python3.12/site-packages/airflow/example_dags/example_complex.py for tasks to queue
[2025-04-11T02:03:52.530+0000] {logging_mixin.py:190} INFO - [2025-04-11T02:03:52.529+0000] {dagbag.py:588} INFO - Filling up the DagBag from /home/airflow/.local/lib/python3.12/site-packages/airflow/example_dags/example_complex.py
[2025-04-11T02:03:52.554+0000] {processor.py:925} INFO - DAG(s) 'example_complex' retrieved from /home/airflow/.local/lib/python3.12/site-packages/airflow/example_dags/example_complex.py
[2025-04-11T02:03:52.613+0000] {logging_mixin.py:190} INFO - [2025-04-11T02:03:52.613+0000] {dag.py:3239} INFO - Sync 1 DAGs
[2025-04-11T02:03:52.639+0000] {logging_mixin.py:190} INFO - [2025-04-11T02:03:52.638+0000] {dag.py:4180} INFO - Setting next_dagrun for example_complex to None, run_after=None
[2025-04-11T02:03:52.696+0000] {processor.py:208} INFO - Processing /home/airflow/.local/lib/python3.12/site-packages/airflow/example_dags/example_complex.py took 0.180 seconds
[2025-04-11T02:04:23.417+0000] {processor.py:186} INFO - Started process (PID=3071) to work on /home/airflow/.local/lib/python3.12/site-packages/airflow/example_dags/example_complex.py
[2025-04-11T02:04:23.420+0000] {processor.py:914} INFO - Processing file /home/airflow/.local/lib/python3.12/site-packages/airflow/example_dags/example_complex.py for tasks to queue
[2025-04-11T02:04:23.425+0000] {logging_mixin.py:190} INFO - [2025-04-11T02:04:23.424+0000] {dagbag.py:588} INFO - Filling up the DagBag from /home/airflow/.local/lib/python3.12/site-packages/airflow/example_dags/example_complex.py
[2025-04-11T02:04:23.442+0000] {processor.py:925} INFO - DAG(s) 'example_complex' retrieved from /home/airflow/.local/lib/python3.12/site-packages/airflow/example_dags/example_complex.py
[2025-04-11T02:04:23.523+0000] {logging_mixin.py:190} INFO - [2025-04-11T02:04:23.523+0000] {dag.py:3239} INFO - Sync 1 DAGs
[2025-04-11T02:04:23.566+0000] {logging_mixin.py:190} INFO - [2025-04-11T02:04:23.565+0000] {dag.py:4180} INFO - Setting next_dagrun for example_complex to None, run_after=None
[2025-04-11T02:04:23.606+0000] {processor.py:208} INFO - Processing /home/airflow/.local/lib/python3.12/site-packages/airflow/example_dags/example_complex.py took 0.203 seconds
[2025-04-11T02:04:55.784+0000] {processor.py:186} INFO - Started process (PID=3137) to work on /home/airflow/.local/lib/python3.12/site-packages/airflow/example_dags/example_complex.py
[2025-04-11T02:04:55.786+0000] {processor.py:914} INFO - Processing file /home/airflow/.local/lib/python3.12/site-packages/airflow/example_dags/example_complex.py for tasks to queue
[2025-04-11T02:04:55.788+0000] {logging_mixin.py:190} INFO - [2025-04-11T02:04:55.788+0000] {dagbag.py:588} INFO - Filling up the DagBag from /home/airflow/.local/lib/python3.12/site-packages/airflow/example_dags/example_complex.py
[2025-04-11T02:04:55.818+0000] {processor.py:925} INFO - DAG(s) 'example_complex' retrieved from /home/airflow/.local/lib/python3.12/site-packages/airflow/example_dags/example_complex.py
[2025-04-11T02:04:55.896+0000] {logging_mixin.py:190} INFO - [2025-04-11T02:04:55.895+0000] {dag.py:3239} INFO - Sync 1 DAGs
[2025-04-11T02:04:55.947+0000] {logging_mixin.py:190} INFO - [2025-04-11T02:04:55.946+0000] {dag.py:4180} INFO - Setting next_dagrun for example_complex to None, run_after=None
[2025-04-11T02:04:55.998+0000] {processor.py:208} INFO - Processing /home/airflow/.local/lib/python3.12/site-packages/airflow/example_dags/example_complex.py took 0.229 seconds
[2025-04-11T02:05:26.917+0000] {processor.py:186} INFO - Started process (PID=3202) to work on /home/airflow/.local/lib/python3.12/site-packages/airflow/example_dags/example_complex.py
[2025-04-11T02:05:26.920+0000] {processor.py:914} INFO - Processing file /home/airflow/.local/lib/python3.12/site-packages/airflow/example_dags/example_complex.py for tasks to queue
[2025-04-11T02:05:26.923+0000] {logging_mixin.py:190} INFO - [2025-04-11T02:05:26.922+0000] {dagbag.py:588} INFO - Filling up the DagBag from /home/airflow/.local/lib/python3.12/site-packages/airflow/example_dags/example_complex.py
[2025-04-11T02:05:26.957+0000] {processor.py:925} INFO - DAG(s) 'example_complex' retrieved from /home/airflow/.local/lib/python3.12/site-packages/airflow/example_dags/example_complex.py
[2025-04-11T02:05:27.044+0000] {logging_mixin.py:190} INFO - [2025-04-11T02:05:27.044+0000] {dag.py:3239} INFO - Sync 1 DAGs
[2025-04-11T02:05:27.084+0000] {logging_mixin.py:190} INFO - [2025-04-11T02:05:27.083+0000] {dag.py:4180} INFO - Setting next_dagrun for example_complex to None, run_after=None
[2025-04-11T02:05:27.118+0000] {processor.py:208} INFO - Processing /home/airflow/.local/lib/python3.12/site-packages/airflow/example_dags/example_complex.py took 0.220 seconds
[2025-04-11T02:05:57.648+0000] {processor.py:186} INFO - Started process (PID=3266) to work on /home/airflow/.local/lib/python3.12/site-packages/airflow/example_dags/example_complex.py
[2025-04-11T02:05:57.651+0000] {processor.py:914} INFO - Processing file /home/airflow/.local/lib/python3.12/site-packages/airflow/example_dags/example_complex.py for tasks to queue
[2025-04-11T02:05:57.655+0000] {logging_mixin.py:190} INFO - [2025-04-11T02:05:57.654+0000] {dagbag.py:588} INFO - Filling up the DagBag from /home/airflow/.local/lib/python3.12/site-packages/airflow/example_dags/example_complex.py
[2025-04-11T02:05:57.696+0000] {processor.py:925} INFO - DAG(s) 'example_complex' retrieved from /home/airflow/.local/lib/python3.12/site-packages/airflow/example_dags/example_complex.py
[2025-04-11T02:05:57.807+0000] {logging_mixin.py:190} INFO - [2025-04-11T02:05:57.807+0000] {dag.py:3239} INFO - Sync 1 DAGs
[2025-04-11T02:05:57.847+0000] {logging_mixin.py:190} INFO - [2025-04-11T02:05:57.846+0000] {dag.py:4180} INFO - Setting next_dagrun for example_complex to None, run_after=None
[2025-04-11T02:05:57.915+0000] {processor.py:208} INFO - Processing /home/airflow/.local/lib/python3.12/site-packages/airflow/example_dags/example_complex.py took 0.291 seconds
[2025-04-11T02:06:28.308+0000] {processor.py:186} INFO - Started process (PID=3330) to work on /home/airflow/.local/lib/python3.12/site-packages/airflow/example_dags/example_complex.py
[2025-04-11T02:06:28.309+0000] {processor.py:914} INFO - Processing file /home/airflow/.local/lib/python3.12/site-packages/airflow/example_dags/example_complex.py for tasks to queue
[2025-04-11T02:06:28.311+0000] {logging_mixin.py:190} INFO - [2025-04-11T02:06:28.311+0000] {dagbag.py:588} INFO - Filling up the DagBag from /home/airflow/.local/lib/python3.12/site-packages/airflow/example_dags/example_complex.py
[2025-04-11T02:06:28.325+0000] {processor.py:925} INFO - DAG(s) 'example_complex' retrieved from /home/airflow/.local/lib/python3.12/site-packages/airflow/example_dags/example_complex.py
[2025-04-11T02:06:28.367+0000] {logging_mixin.py:190} INFO - [2025-04-11T02:06:28.367+0000] {dag.py:3239} INFO - Sync 1 DAGs
[2025-04-11T02:06:28.391+0000] {logging_mixin.py:190} INFO - [2025-04-11T02:06:28.391+0000] {dag.py:4180} INFO - Setting next_dagrun for example_complex to None, run_after=None
[2025-04-11T02:06:28.421+0000] {processor.py:208} INFO - Processing /home/airflow/.local/lib/python3.12/site-packages/airflow/example_dags/example_complex.py took 0.120 seconds
[2025-04-11T02:06:59.349+0000] {processor.py:186} INFO - Started process (PID=3401) to work on /home/airflow/.local/lib/python3.12/site-packages/airflow/example_dags/example_complex.py
[2025-04-11T02:06:59.350+0000] {processor.py:914} INFO - Processing file /home/airflow/.local/lib/python3.12/site-packages/airflow/example_dags/example_complex.py for tasks to queue
[2025-04-11T02:06:59.351+0000] {logging_mixin.py:190} INFO - [2025-04-11T02:06:59.351+0000] {dagbag.py:588} INFO - Filling up the DagBag from /home/airflow/.local/lib/python3.12/site-packages/airflow/example_dags/example_complex.py
[2025-04-11T02:06:59.361+0000] {processor.py:925} INFO - DAG(s) 'example_complex' retrieved from /home/airflow/.local/lib/python3.12/site-packages/airflow/example_dags/example_complex.py
[2025-04-11T02:06:59.393+0000] {logging_mixin.py:190} INFO - [2025-04-11T02:06:59.393+0000] {dag.py:3239} INFO - Sync 1 DAGs
[2025-04-11T02:06:59.408+0000] {logging_mixin.py:190} INFO - [2025-04-11T02:06:59.408+0000] {dag.py:4180} INFO - Setting next_dagrun for example_complex to None, run_after=None
[2025-04-11T02:06:59.428+0000] {processor.py:208} INFO - Processing /home/airflow/.local/lib/python3.12/site-packages/airflow/example_dags/example_complex.py took 0.084 seconds
[2025-04-11T02:07:31.997+0000] {processor.py:186} INFO - Started process (PID=3466) to work on /home/airflow/.local/lib/python3.12/site-packages/airflow/example_dags/example_complex.py
[2025-04-11T02:07:31.999+0000] {processor.py:914} INFO - Processing file /home/airflow/.local/lib/python3.12/site-packages/airflow/example_dags/example_complex.py for tasks to queue
[2025-04-11T02:07:32.002+0000] {logging_mixin.py:190} INFO - [2025-04-11T02:07:32.001+0000] {dagbag.py:588} INFO - Filling up the DagBag from /home/airflow/.local/lib/python3.12/site-packages/airflow/example_dags/example_complex.py
[2025-04-11T02:07:32.023+0000] {processor.py:925} INFO - DAG(s) 'example_complex' retrieved from /home/airflow/.local/lib/python3.12/site-packages/airflow/example_dags/example_complex.py
[2025-04-11T02:07:32.071+0000] {logging_mixin.py:190} INFO - [2025-04-11T02:07:32.070+0000] {dag.py:3239} INFO - Sync 1 DAGs
[2025-04-11T02:07:32.092+0000] {logging_mixin.py:190} INFO - [2025-04-11T02:07:32.092+0000] {dag.py:4180} INFO - Setting next_dagrun for example_complex to None, run_after=None
[2025-04-11T02:07:32.120+0000] {processor.py:208} INFO - Processing /home/airflow/.local/lib/python3.12/site-packages/airflow/example_dags/example_complex.py took 0.134 seconds
[2025-04-11T02:08:04.167+0000] {processor.py:186} INFO - Started process (PID=3531) to work on /home/airflow/.local/lib/python3.12/site-packages/airflow/example_dags/example_complex.py
[2025-04-11T02:08:04.169+0000] {processor.py:914} INFO - Processing file /home/airflow/.local/lib/python3.12/site-packages/airflow/example_dags/example_complex.py for tasks to queue
[2025-04-11T02:08:04.173+0000] {logging_mixin.py:190} INFO - [2025-04-11T02:08:04.172+0000] {dagbag.py:588} INFO - Filling up the DagBag from /home/airflow/.local/lib/python3.12/site-packages/airflow/example_dags/example_complex.py
[2025-04-11T02:08:04.204+0000] {processor.py:925} INFO - DAG(s) 'example_complex' retrieved from /home/airflow/.local/lib/python3.12/site-packages/airflow/example_dags/example_complex.py
[2025-04-11T02:08:04.294+0000] {logging_mixin.py:190} INFO - [2025-04-11T02:08:04.293+0000] {dag.py:3239} INFO - Sync 1 DAGs
[2025-04-11T02:08:04.333+0000] {logging_mixin.py:190} INFO - [2025-04-11T02:08:04.332+0000] {dag.py:4180} INFO - Setting next_dagrun for example_complex to None, run_after=None
[2025-04-11T02:08:04.369+0000] {processor.py:208} INFO - Processing /home/airflow/.local/lib/python3.12/site-packages/airflow/example_dags/example_complex.py took 0.217 seconds
[2025-04-11T02:08:35.440+0000] {processor.py:186} INFO - Started process (PID=3596) to work on /home/airflow/.local/lib/python3.12/site-packages/airflow/example_dags/example_complex.py
[2025-04-11T02:08:35.443+0000] {processor.py:914} INFO - Processing file /home/airflow/.local/lib/python3.12/site-packages/airflow/example_dags/example_complex.py for tasks to queue
[2025-04-11T02:08:35.447+0000] {logging_mixin.py:190} INFO - [2025-04-11T02:08:35.446+0000] {dagbag.py:588} INFO - Filling up the DagBag from /home/airflow/.local/lib/python3.12/site-packages/airflow/example_dags/example_complex.py
[2025-04-11T02:08:35.479+0000] {processor.py:925} INFO - DAG(s) 'example_complex' retrieved from /home/airflow/.local/lib/python3.12/site-packages/airflow/example_dags/example_complex.py
[2025-04-11T02:08:35.561+0000] {logging_mixin.py:190} INFO - [2025-04-11T02:08:35.560+0000] {dag.py:3239} INFO - Sync 1 DAGs
[2025-04-11T02:08:35.591+0000] {logging_mixin.py:190} INFO - [2025-04-11T02:08:35.590+0000] {dag.py:4180} INFO - Setting next_dagrun for example_complex to None, run_after=None
[2025-04-11T02:08:35.637+0000] {processor.py:208} INFO - Processing /home/airflow/.local/lib/python3.12/site-packages/airflow/example_dags/example_complex.py took 0.209 seconds
[2025-04-11T02:09:07.715+0000] {processor.py:186} INFO - Started process (PID=3661) to work on /home/airflow/.local/lib/python3.12/site-packages/airflow/example_dags/example_complex.py
[2025-04-11T02:09:07.717+0000] {processor.py:914} INFO - Processing file /home/airflow/.local/lib/python3.12/site-packages/airflow/example_dags/example_complex.py for tasks to queue
[2025-04-11T02:09:07.720+0000] {logging_mixin.py:190} INFO - [2025-04-11T02:09:07.719+0000] {dagbag.py:588} INFO - Filling up the DagBag from /home/airflow/.local/lib/python3.12/site-packages/airflow/example_dags/example_complex.py
[2025-04-11T02:09:07.745+0000] {processor.py:925} INFO - DAG(s) 'example_complex' retrieved from /home/airflow/.local/lib/python3.12/site-packages/airflow/example_dags/example_complex.py
[2025-04-11T02:09:07.827+0000] {logging_mixin.py:190} INFO - [2025-04-11T02:09:07.826+0000] {dag.py:3239} INFO - Sync 1 DAGs
[2025-04-11T02:09:07.874+0000] {logging_mixin.py:190} INFO - [2025-04-11T02:09:07.873+0000] {dag.py:4180} INFO - Setting next_dagrun for example_complex to None, run_after=None
[2025-04-11T02:09:07.934+0000] {processor.py:208} INFO - Processing /home/airflow/.local/lib/python3.12/site-packages/airflow/example_dags/example_complex.py took 0.232 seconds
[2025-04-11T02:09:39.995+0000] {processor.py:186} INFO - Started process (PID=3726) to work on /home/airflow/.local/lib/python3.12/site-packages/airflow/example_dags/example_complex.py
[2025-04-11T02:09:39.999+0000] {processor.py:914} INFO - Processing file /home/airflow/.local/lib/python3.12/site-packages/airflow/example_dags/example_complex.py for tasks to queue
[2025-04-11T02:09:40.003+0000] {logging_mixin.py:190} INFO - [2025-04-11T02:09:40.002+0000] {dagbag.py:588} INFO - Filling up the DagBag from /home/airflow/.local/lib/python3.12/site-packages/airflow/example_dags/example_complex.py
[2025-04-11T02:09:40.025+0000] {processor.py:925} INFO - DAG(s) 'example_complex' retrieved from /home/airflow/.local/lib/python3.12/site-packages/airflow/example_dags/example_complex.py
[2025-04-11T02:09:40.119+0000] {logging_mixin.py:190} INFO - [2025-04-11T02:09:40.119+0000] {dag.py:3239} INFO - Sync 1 DAGs
[2025-04-11T02:09:40.161+0000] {logging_mixin.py:190} INFO - [2025-04-11T02:09:40.160+0000] {dag.py:4180} INFO - Setting next_dagrun for example_complex to None, run_after=None
[2025-04-11T02:09:40.200+0000] {processor.py:208} INFO - Processing /home/airflow/.local/lib/python3.12/site-packages/airflow/example_dags/example_complex.py took 0.218 seconds
[2025-04-11T02:10:10.732+0000] {processor.py:186} INFO - Started process (PID=3791) to work on /home/airflow/.local/lib/python3.12/site-packages/airflow/example_dags/example_complex.py
[2025-04-11T02:10:10.733+0000] {processor.py:914} INFO - Processing file /home/airflow/.local/lib/python3.12/site-packages/airflow/example_dags/example_complex.py for tasks to queue
[2025-04-11T02:10:10.734+0000] {logging_mixin.py:190} INFO - [2025-04-11T02:10:10.734+0000] {dagbag.py:588} INFO - Filling up the DagBag from /home/airflow/.local/lib/python3.12/site-packages/airflow/example_dags/example_complex.py
[2025-04-11T02:10:10.744+0000] {processor.py:925} INFO - DAG(s) 'example_complex' retrieved from /home/airflow/.local/lib/python3.12/site-packages/airflow/example_dags/example_complex.py
[2025-04-11T02:10:10.773+0000] {logging_mixin.py:190} INFO - [2025-04-11T02:10:10.772+0000] {dag.py:3239} INFO - Sync 1 DAGs
[2025-04-11T02:10:10.786+0000] {logging_mixin.py:190} INFO - [2025-04-11T02:10:10.786+0000] {dag.py:4180} INFO - Setting next_dagrun for example_complex to None, run_after=None
[2025-04-11T02:10:10.808+0000] {processor.py:208} INFO - Processing /home/airflow/.local/lib/python3.12/site-packages/airflow/example_dags/example_complex.py took 0.082 seconds
[2025-04-11T02:10:40.908+0000] {processor.py:186} INFO - Started process (PID=3856) to work on /home/airflow/.local/lib/python3.12/site-packages/airflow/example_dags/example_complex.py
[2025-04-11T02:10:40.909+0000] {processor.py:914} INFO - Processing file /home/airflow/.local/lib/python3.12/site-packages/airflow/example_dags/example_complex.py for tasks to queue
[2025-04-11T02:10:40.910+0000] {logging_mixin.py:190} INFO - [2025-04-11T02:10:40.910+0000] {dagbag.py:588} INFO - Filling up the DagBag from /home/airflow/.local/lib/python3.12/site-packages/airflow/example_dags/example_complex.py
[2025-04-11T02:10:40.920+0000] {processor.py:925} INFO - DAG(s) 'example_complex' retrieved from /home/airflow/.local/lib/python3.12/site-packages/airflow/example_dags/example_complex.py
[2025-04-11T02:10:40.948+0000] {logging_mixin.py:190} INFO - [2025-04-11T02:10:40.948+0000] {dag.py:3239} INFO - Sync 1 DAGs
[2025-04-11T02:10:40.961+0000] {logging_mixin.py:190} INFO - [2025-04-11T02:10:40.960+0000] {dag.py:4180} INFO - Setting next_dagrun for example_complex to None, run_after=None
[2025-04-11T02:10:40.983+0000] {processor.py:208} INFO - Processing /home/airflow/.local/lib/python3.12/site-packages/airflow/example_dags/example_complex.py took 0.080 seconds
[2025-04-11T02:11:13.370+0000] {processor.py:186} INFO - Started process (PID=3923) to work on /home/airflow/.local/lib/python3.12/site-packages/airflow/example_dags/example_complex.py
[2025-04-11T02:11:13.373+0000] {processor.py:914} INFO - Processing file /home/airflow/.local/lib/python3.12/site-packages/airflow/example_dags/example_complex.py for tasks to queue
[2025-04-11T02:11:13.377+0000] {logging_mixin.py:190} INFO - [2025-04-11T02:11:13.376+0000] {dagbag.py:588} INFO - Filling up the DagBag from /home/airflow/.local/lib/python3.12/site-packages/airflow/example_dags/example_complex.py
[2025-04-11T02:11:13.416+0000] {processor.py:925} INFO - DAG(s) 'example_complex' retrieved from /home/airflow/.local/lib/python3.12/site-packages/airflow/example_dags/example_complex.py
[2025-04-11T02:11:13.507+0000] {logging_mixin.py:190} INFO - [2025-04-11T02:11:13.506+0000] {dag.py:3239} INFO - Sync 1 DAGs
[2025-04-11T02:11:13.551+0000] {logging_mixin.py:190} INFO - [2025-04-11T02:11:13.550+0000] {dag.py:4180} INFO - Setting next_dagrun for example_complex to None, run_after=None
[2025-04-11T02:11:13.608+0000] {processor.py:208} INFO - Processing /home/airflow/.local/lib/python3.12/site-packages/airflow/example_dags/example_complex.py took 0.253 seconds
[2025-04-11T02:11:45.924+0000] {processor.py:186} INFO - Started process (PID=3988) to work on /home/airflow/.local/lib/python3.12/site-packages/airflow/example_dags/example_complex.py
[2025-04-11T02:11:45.928+0000] {processor.py:914} INFO - Processing file /home/airflow/.local/lib/python3.12/site-packages/airflow/example_dags/example_complex.py for tasks to queue
[2025-04-11T02:11:45.934+0000] {logging_mixin.py:190} INFO - [2025-04-11T02:11:45.932+0000] {dagbag.py:588} INFO - Filling up the DagBag from /home/airflow/.local/lib/python3.12/site-packages/airflow/example_dags/example_complex.py
[2025-04-11T02:11:45.975+0000] {processor.py:925} INFO - DAG(s) 'example_complex' retrieved from /home/airflow/.local/lib/python3.12/site-packages/airflow/example_dags/example_complex.py
[2025-04-11T02:11:46.091+0000] {logging_mixin.py:190} INFO - [2025-04-11T02:11:46.091+0000] {dag.py:3239} INFO - Sync 1 DAGs
[2025-04-11T02:11:46.137+0000] {logging_mixin.py:190} INFO - [2025-04-11T02:11:46.136+0000] {dag.py:4180} INFO - Setting next_dagrun for example_complex to None, run_after=None
[2025-04-11T02:11:46.228+0000] {processor.py:208} INFO - Processing /home/airflow/.local/lib/python3.12/site-packages/airflow/example_dags/example_complex.py took 0.321 seconds
[2025-04-11T02:12:18.155+0000] {processor.py:186} INFO - Started process (PID=4056) to work on /home/airflow/.local/lib/python3.12/site-packages/airflow/example_dags/example_complex.py
[2025-04-11T02:12:18.158+0000] {processor.py:914} INFO - Processing file /home/airflow/.local/lib/python3.12/site-packages/airflow/example_dags/example_complex.py for tasks to queue
[2025-04-11T02:12:18.166+0000] {logging_mixin.py:190} INFO - [2025-04-11T02:12:18.163+0000] {dagbag.py:588} INFO - Filling up the DagBag from /home/airflow/.local/lib/python3.12/site-packages/airflow/example_dags/example_complex.py
[2025-04-11T02:12:18.239+0000] {processor.py:925} INFO - DAG(s) 'example_complex' retrieved from /home/airflow/.local/lib/python3.12/site-packages/airflow/example_dags/example_complex.py
[2025-04-11T02:12:18.364+0000] {logging_mixin.py:190} INFO - [2025-04-11T02:12:18.363+0000] {dag.py:3239} INFO - Sync 1 DAGs
[2025-04-11T02:12:18.426+0000] {logging_mixin.py:190} INFO - [2025-04-11T02:12:18.426+0000] {dag.py:4180} INFO - Setting next_dagrun for example_complex to None, run_after=None
[2025-04-11T02:12:18.495+0000] {processor.py:208} INFO - Processing /home/airflow/.local/lib/python3.12/site-packages/airflow/example_dags/example_complex.py took 0.382 seconds
[2025-04-11T02:12:50.216+0000] {processor.py:186} INFO - Started process (PID=4122) to work on /home/airflow/.local/lib/python3.12/site-packages/airflow/example_dags/example_complex.py
[2025-04-11T02:12:50.218+0000] {processor.py:914} INFO - Processing file /home/airflow/.local/lib/python3.12/site-packages/airflow/example_dags/example_complex.py for tasks to queue
[2025-04-11T02:12:50.222+0000] {logging_mixin.py:190} INFO - [2025-04-11T02:12:50.221+0000] {dagbag.py:588} INFO - Filling up the DagBag from /home/airflow/.local/lib/python3.12/site-packages/airflow/example_dags/example_complex.py
[2025-04-11T02:12:50.256+0000] {processor.py:925} INFO - DAG(s) 'example_complex' retrieved from /home/airflow/.local/lib/python3.12/site-packages/airflow/example_dags/example_complex.py
[2025-04-11T02:12:50.335+0000] {logging_mixin.py:190} INFO - [2025-04-11T02:12:50.334+0000] {dag.py:3239} INFO - Sync 1 DAGs
[2025-04-11T02:12:50.397+0000] {logging_mixin.py:190} INFO - [2025-04-11T02:12:50.396+0000] {dag.py:4180} INFO - Setting next_dagrun for example_complex to None, run_after=None
[2025-04-11T02:12:50.453+0000] {processor.py:208} INFO - Processing /home/airflow/.local/lib/python3.12/site-packages/airflow/example_dags/example_complex.py took 0.255 seconds
[2025-04-11T02:13:21.243+0000] {processor.py:186} INFO - Started process (PID=4188) to work on /home/airflow/.local/lib/python3.12/site-packages/airflow/example_dags/example_complex.py
[2025-04-11T02:13:21.245+0000] {processor.py:914} INFO - Processing file /home/airflow/.local/lib/python3.12/site-packages/airflow/example_dags/example_complex.py for tasks to queue
[2025-04-11T02:13:21.247+0000] {logging_mixin.py:190} INFO - [2025-04-11T02:13:21.246+0000] {dagbag.py:588} INFO - Filling up the DagBag from /home/airflow/.local/lib/python3.12/site-packages/airflow/example_dags/example_complex.py
[2025-04-11T02:13:21.273+0000] {processor.py:925} INFO - DAG(s) 'example_complex' retrieved from /home/airflow/.local/lib/python3.12/site-packages/airflow/example_dags/example_complex.py
[2025-04-11T02:13:21.370+0000] {logging_mixin.py:190} INFO - [2025-04-11T02:13:21.369+0000] {dag.py:3239} INFO - Sync 1 DAGs
[2025-04-11T02:13:21.408+0000] {logging_mixin.py:190} INFO - [2025-04-11T02:13:21.407+0000] {dag.py:4180} INFO - Setting next_dagrun for example_complex to None, run_after=None
[2025-04-11T02:13:21.458+0000] {processor.py:208} INFO - Processing /home/airflow/.local/lib/python3.12/site-packages/airflow/example_dags/example_complex.py took 0.234 seconds
[2025-04-11T02:13:51.971+0000] {processor.py:186} INFO - Started process (PID=4253) to work on /home/airflow/.local/lib/python3.12/site-packages/airflow/example_dags/example_complex.py
[2025-04-11T02:13:51.972+0000] {processor.py:914} INFO - Processing file /home/airflow/.local/lib/python3.12/site-packages/airflow/example_dags/example_complex.py for tasks to queue
[2025-04-11T02:13:51.974+0000] {logging_mixin.py:190} INFO - [2025-04-11T02:13:51.974+0000] {dagbag.py:588} INFO - Filling up the DagBag from /home/airflow/.local/lib/python3.12/site-packages/airflow/example_dags/example_complex.py
[2025-04-11T02:13:51.983+0000] {processor.py:925} INFO - DAG(s) 'example_complex' retrieved from /home/airflow/.local/lib/python3.12/site-packages/airflow/example_dags/example_complex.py
[2025-04-11T02:13:52.011+0000] {logging_mixin.py:190} INFO - [2025-04-11T02:13:52.011+0000] {dag.py:3239} INFO - Sync 1 DAGs
[2025-04-11T02:13:52.024+0000] {logging_mixin.py:190} INFO - [2025-04-11T02:13:52.024+0000] {dag.py:4180} INFO - Setting next_dagrun for example_complex to None, run_after=None
[2025-04-11T02:13:52.046+0000] {processor.py:208} INFO - Processing /home/airflow/.local/lib/python3.12/site-packages/airflow/example_dags/example_complex.py took 0.081 seconds
[2025-04-11T02:14:22.394+0000] {processor.py:186} INFO - Started process (PID=4318) to work on /home/airflow/.local/lib/python3.12/site-packages/airflow/example_dags/example_complex.py
[2025-04-11T02:14:22.395+0000] {processor.py:914} INFO - Processing file /home/airflow/.local/lib/python3.12/site-packages/airflow/example_dags/example_complex.py for tasks to queue
[2025-04-11T02:14:22.397+0000] {logging_mixin.py:190} INFO - [2025-04-11T02:14:22.396+0000] {dagbag.py:588} INFO - Filling up the DagBag from /home/airflow/.local/lib/python3.12/site-packages/airflow/example_dags/example_complex.py
[2025-04-11T02:14:22.405+0000] {processor.py:925} INFO - DAG(s) 'example_complex' retrieved from /home/airflow/.local/lib/python3.12/site-packages/airflow/example_dags/example_complex.py
[2025-04-11T02:14:22.431+0000] {logging_mixin.py:190} INFO - [2025-04-11T02:14:22.431+0000] {dag.py:3239} INFO - Sync 1 DAGs
[2025-04-11T02:14:22.442+0000] {logging_mixin.py:190} INFO - [2025-04-11T02:14:22.442+0000] {dag.py:4180} INFO - Setting next_dagrun for example_complex to None, run_after=None
[2025-04-11T02:14:22.463+0000] {processor.py:208} INFO - Processing /home/airflow/.local/lib/python3.12/site-packages/airflow/example_dags/example_complex.py took 0.074 seconds
[2025-04-11T02:14:54.074+0000] {processor.py:186} INFO - Started process (PID=4383) to work on /home/airflow/.local/lib/python3.12/site-packages/airflow/example_dags/example_complex.py
[2025-04-11T02:14:54.076+0000] {processor.py:914} INFO - Processing file /home/airflow/.local/lib/python3.12/site-packages/airflow/example_dags/example_complex.py for tasks to queue
[2025-04-11T02:14:54.078+0000] {logging_mixin.py:190} INFO - [2025-04-11T02:14:54.078+0000] {dagbag.py:588} INFO - Filling up the DagBag from /home/airflow/.local/lib/python3.12/site-packages/airflow/example_dags/example_complex.py
[2025-04-11T02:14:54.098+0000] {processor.py:925} INFO - DAG(s) 'example_complex' retrieved from /home/airflow/.local/lib/python3.12/site-packages/airflow/example_dags/example_complex.py
[2025-04-11T02:14:54.147+0000] {logging_mixin.py:190} INFO - [2025-04-11T02:14:54.147+0000] {dag.py:3239} INFO - Sync 1 DAGs
[2025-04-11T02:14:54.334+0000] {logging_mixin.py:190} INFO - [2025-04-11T02:14:54.334+0000] {dag.py:4180} INFO - Setting next_dagrun for example_complex to None, run_after=None
[2025-04-11T02:14:54.360+0000] {processor.py:208} INFO - Processing /home/airflow/.local/lib/python3.12/site-packages/airflow/example_dags/example_complex.py took 0.299 seconds
[2025-04-11T02:15:25.134+0000] {processor.py:186} INFO - Started process (PID=4448) to work on /home/airflow/.local/lib/python3.12/site-packages/airflow/example_dags/example_complex.py
[2025-04-11T02:15:25.135+0000] {processor.py:914} INFO - Processing file /home/airflow/.local/lib/python3.12/site-packages/airflow/example_dags/example_complex.py for tasks to queue
[2025-04-11T02:15:25.136+0000] {logging_mixin.py:190} INFO - [2025-04-11T02:15:25.136+0000] {dagbag.py:588} INFO - Filling up the DagBag from /home/airflow/.local/lib/python3.12/site-packages/airflow/example_dags/example_complex.py
[2025-04-11T02:15:25.146+0000] {processor.py:925} INFO - DAG(s) 'example_complex' retrieved from /home/airflow/.local/lib/python3.12/site-packages/airflow/example_dags/example_complex.py
[2025-04-11T02:15:25.173+0000] {logging_mixin.py:190} INFO - [2025-04-11T02:15:25.172+0000] {dag.py:3239} INFO - Sync 1 DAGs
[2025-04-11T02:15:25.187+0000] {logging_mixin.py:190} INFO - [2025-04-11T02:15:25.187+0000] {dag.py:4180} INFO - Setting next_dagrun for example_complex to None, run_after=None
[2025-04-11T02:15:25.340+0000] {processor.py:208} INFO - Processing /home/airflow/.local/lib/python3.12/site-packages/airflow/example_dags/example_complex.py took 0.212 seconds
[2025-04-11T12:33:59.291+0000] {processor.py:186} INFO - Started process (PID=4521) to work on /home/airflow/.local/lib/python3.12/site-packages/airflow/example_dags/example_complex.py
[2025-04-11T12:33:59.302+0000] {processor.py:914} INFO - Processing file /home/airflow/.local/lib/python3.12/site-packages/airflow/example_dags/example_complex.py for tasks to queue
[2025-04-11T12:33:59.313+0000] {logging_mixin.py:190} INFO - [2025-04-11T12:33:59.313+0000] {dagbag.py:588} INFO - Filling up the DagBag from /home/airflow/.local/lib/python3.12/site-packages/airflow/example_dags/example_complex.py
[2025-04-11T12:33:59.373+0000] {processor.py:925} INFO - DAG(s) 'example_complex' retrieved from /home/airflow/.local/lib/python3.12/site-packages/airflow/example_dags/example_complex.py
[2025-04-11T12:33:59.463+0000] {logging_mixin.py:190} INFO - [2025-04-11T12:33:59.462+0000] {dag.py:3239} INFO - Sync 1 DAGs
[2025-04-11T12:33:59.814+0000] {logging_mixin.py:190} INFO - [2025-04-11T12:33:59.814+0000] {dag.py:4180} INFO - Setting next_dagrun for example_complex to None, run_after=None
[2025-04-11T12:33:59.877+0000] {processor.py:208} INFO - Processing /home/airflow/.local/lib/python3.12/site-packages/airflow/example_dags/example_complex.py took 0.597 seconds
