[2025-04-11T01:49:57.923+0000] {processor.py:186} INFO - Started process (PID=1265) to work on /home/airflow/.local/lib/python3.12/site-packages/airflow/example_dags/example_sla_dag.py
[2025-04-11T01:49:57.925+0000] {processor.py:914} INFO - Processing file /home/airflow/.local/lib/python3.12/site-packages/airflow/example_dags/example_sla_dag.py for tasks to queue
[2025-04-11T01:49:57.929+0000] {logging_mixin.py:190} INFO - [2025-04-11T01:49:57.928+0000] {dagbag.py:588} INFO - Filling up the DagBag from /home/airflow/.local/lib/python3.12/site-packages/airflow/example_dags/example_sla_dag.py
[2025-04-11T01:49:57.958+0000] {processor.py:925} INFO - DAG(s) 'example_sla_dag' retrieved from /home/airflow/.local/lib/python3.12/site-packages/airflow/example_dags/example_sla_dag.py
[2025-04-11T01:49:58.011+0000] {logging_mixin.py:190} INFO - [2025-04-11T01:49:58.010+0000] {dag.py:3239} INFO - Sync 1 DAGs
[2025-04-11T01:49:58.108+0000] {logging_mixin.py:190} INFO - [2025-04-11T01:49:58.108+0000] {dag.py:4180} INFO - Setting next_dagrun for example_sla_dag to 2025-04-11 01:46:00+00:00, run_after=2025-04-11 01:48:00+00:00
[2025-04-11T01:49:58.173+0000] {processor.py:208} INFO - Processing /home/airflow/.local/lib/python3.12/site-packages/airflow/example_dags/example_sla_dag.py took 0.266 seconds
[2025-04-11T01:50:28.414+0000] {processor.py:186} INFO - Started process (PID=1331) to work on /home/airflow/.local/lib/python3.12/site-packages/airflow/example_dags/example_sla_dag.py
[2025-04-11T01:50:28.416+0000] {processor.py:914} INFO - Processing file /home/airflow/.local/lib/python3.12/site-packages/airflow/example_dags/example_sla_dag.py for tasks to queue
[2025-04-11T01:50:28.418+0000] {logging_mixin.py:190} INFO - [2025-04-11T01:50:28.418+0000] {dagbag.py:588} INFO - Filling up the DagBag from /home/airflow/.local/lib/python3.12/site-packages/airflow/example_dags/example_sla_dag.py
[2025-04-11T01:50:28.431+0000] {processor.py:925} INFO - DAG(s) 'example_sla_dag' retrieved from /home/airflow/.local/lib/python3.12/site-packages/airflow/example_dags/example_sla_dag.py
[2025-04-11T01:50:28.454+0000] {logging_mixin.py:190} INFO - [2025-04-11T01:50:28.454+0000] {dag.py:3239} INFO - Sync 1 DAGs
[2025-04-11T01:50:28.484+0000] {logging_mixin.py:190} INFO - [2025-04-11T01:50:28.484+0000] {dag.py:4180} INFO - Setting next_dagrun for example_sla_dag to 2025-04-11 01:48:00+00:00, run_after=2025-04-11 01:50:00+00:00
[2025-04-11T01:50:28.510+0000] {processor.py:208} INFO - Processing /home/airflow/.local/lib/python3.12/site-packages/airflow/example_dags/example_sla_dag.py took 0.102 seconds
[2025-04-11T01:50:59.059+0000] {processor.py:186} INFO - Started process (PID=1396) to work on /home/airflow/.local/lib/python3.12/site-packages/airflow/example_dags/example_sla_dag.py
[2025-04-11T01:50:59.061+0000] {processor.py:914} INFO - Processing file /home/airflow/.local/lib/python3.12/site-packages/airflow/example_dags/example_sla_dag.py for tasks to queue
[2025-04-11T01:50:59.064+0000] {logging_mixin.py:190} INFO - [2025-04-11T01:50:59.063+0000] {dagbag.py:588} INFO - Filling up the DagBag from /home/airflow/.local/lib/python3.12/site-packages/airflow/example_dags/example_sla_dag.py
[2025-04-11T01:50:59.094+0000] {processor.py:925} INFO - DAG(s) 'example_sla_dag' retrieved from /home/airflow/.local/lib/python3.12/site-packages/airflow/example_dags/example_sla_dag.py
[2025-04-11T01:50:59.133+0000] {logging_mixin.py:190} INFO - [2025-04-11T01:50:59.133+0000] {dag.py:3239} INFO - Sync 1 DAGs
[2025-04-11T01:50:59.187+0000] {logging_mixin.py:190} INFO - [2025-04-11T01:50:59.186+0000] {dag.py:4180} INFO - Setting next_dagrun for example_sla_dag to 2025-04-11 01:48:00+00:00, run_after=2025-04-11 01:50:00+00:00
[2025-04-11T01:50:59.220+0000] {processor.py:208} INFO - Processing /home/airflow/.local/lib/python3.12/site-packages/airflow/example_dags/example_sla_dag.py took 0.169 seconds
[2025-04-11T01:51:30.461+0000] {processor.py:186} INFO - Started process (PID=1461) to work on /home/airflow/.local/lib/python3.12/site-packages/airflow/example_dags/example_sla_dag.py
[2025-04-11T01:51:30.463+0000] {processor.py:914} INFO - Processing file /home/airflow/.local/lib/python3.12/site-packages/airflow/example_dags/example_sla_dag.py for tasks to queue
[2025-04-11T01:51:30.468+0000] {logging_mixin.py:190} INFO - [2025-04-11T01:51:30.467+0000] {dagbag.py:588} INFO - Filling up the DagBag from /home/airflow/.local/lib/python3.12/site-packages/airflow/example_dags/example_sla_dag.py
[2025-04-11T01:51:30.500+0000] {processor.py:925} INFO - DAG(s) 'example_sla_dag' retrieved from /home/airflow/.local/lib/python3.12/site-packages/airflow/example_dags/example_sla_dag.py
[2025-04-11T01:51:30.552+0000] {logging_mixin.py:190} INFO - [2025-04-11T01:51:30.551+0000] {dag.py:3239} INFO - Sync 1 DAGs
[2025-04-11T01:51:30.617+0000] {logging_mixin.py:190} INFO - [2025-04-11T01:51:30.617+0000] {dag.py:4180} INFO - Setting next_dagrun for example_sla_dag to 2025-04-11 01:48:00+00:00, run_after=2025-04-11 01:50:00+00:00
[2025-04-11T01:51:30.666+0000] {processor.py:208} INFO - Processing /home/airflow/.local/lib/python3.12/site-packages/airflow/example_dags/example_sla_dag.py took 0.224 seconds
[2025-04-11T01:52:01.422+0000] {processor.py:186} INFO - Started process (PID=1526) to work on /home/airflow/.local/lib/python3.12/site-packages/airflow/example_dags/example_sla_dag.py
[2025-04-11T01:52:01.424+0000] {processor.py:914} INFO - Processing file /home/airflow/.local/lib/python3.12/site-packages/airflow/example_dags/example_sla_dag.py for tasks to queue
[2025-04-11T01:52:01.428+0000] {logging_mixin.py:190} INFO - [2025-04-11T01:52:01.427+0000] {dagbag.py:588} INFO - Filling up the DagBag from /home/airflow/.local/lib/python3.12/site-packages/airflow/example_dags/example_sla_dag.py
[2025-04-11T01:52:01.449+0000] {processor.py:925} INFO - DAG(s) 'example_sla_dag' retrieved from /home/airflow/.local/lib/python3.12/site-packages/airflow/example_dags/example_sla_dag.py
[2025-04-11T01:52:01.490+0000] {logging_mixin.py:190} INFO - [2025-04-11T01:52:01.490+0000] {dag.py:3239} INFO - Sync 1 DAGs
[2025-04-11T01:52:01.553+0000] {logging_mixin.py:190} INFO - [2025-04-11T01:52:01.552+0000] {dag.py:4180} INFO - Setting next_dagrun for example_sla_dag to 2025-04-11 01:50:00+00:00, run_after=2025-04-11 01:52:00+00:00
[2025-04-11T01:52:01.589+0000] {processor.py:208} INFO - Processing /home/airflow/.local/lib/python3.12/site-packages/airflow/example_dags/example_sla_dag.py took 0.178 seconds
[2025-04-11T01:52:32.146+0000] {processor.py:186} INFO - Started process (PID=1591) to work on /home/airflow/.local/lib/python3.12/site-packages/airflow/example_dags/example_sla_dag.py
[2025-04-11T01:52:32.147+0000] {processor.py:914} INFO - Processing file /home/airflow/.local/lib/python3.12/site-packages/airflow/example_dags/example_sla_dag.py for tasks to queue
[2025-04-11T01:52:32.150+0000] {logging_mixin.py:190} INFO - [2025-04-11T01:52:32.149+0000] {dagbag.py:588} INFO - Filling up the DagBag from /home/airflow/.local/lib/python3.12/site-packages/airflow/example_dags/example_sla_dag.py
[2025-04-11T01:52:32.159+0000] {processor.py:925} INFO - DAG(s) 'example_sla_dag' retrieved from /home/airflow/.local/lib/python3.12/site-packages/airflow/example_dags/example_sla_dag.py
[2025-04-11T01:52:32.179+0000] {logging_mixin.py:190} INFO - [2025-04-11T01:52:32.179+0000] {dag.py:3239} INFO - Sync 1 DAGs
[2025-04-11T01:52:32.207+0000] {logging_mixin.py:190} INFO - [2025-04-11T01:52:32.207+0000] {dag.py:4180} INFO - Setting next_dagrun for example_sla_dag to 2025-04-11 01:50:00+00:00, run_after=2025-04-11 01:52:00+00:00
[2025-04-11T01:52:32.230+0000] {processor.py:208} INFO - Processing /home/airflow/.local/lib/python3.12/site-packages/airflow/example_dags/example_sla_dag.py took 0.090 seconds
[2025-04-11T01:53:03.269+0000] {processor.py:186} INFO - Started process (PID=1656) to work on /home/airflow/.local/lib/python3.12/site-packages/airflow/example_dags/example_sla_dag.py
[2025-04-11T01:53:03.271+0000] {processor.py:914} INFO - Processing file /home/airflow/.local/lib/python3.12/site-packages/airflow/example_dags/example_sla_dag.py for tasks to queue
[2025-04-11T01:53:03.272+0000] {logging_mixin.py:190} INFO - [2025-04-11T01:53:03.272+0000] {dagbag.py:588} INFO - Filling up the DagBag from /home/airflow/.local/lib/python3.12/site-packages/airflow/example_dags/example_sla_dag.py
[2025-04-11T01:53:03.282+0000] {processor.py:925} INFO - DAG(s) 'example_sla_dag' retrieved from /home/airflow/.local/lib/python3.12/site-packages/airflow/example_dags/example_sla_dag.py
[2025-04-11T01:53:03.305+0000] {logging_mixin.py:190} INFO - [2025-04-11T01:53:03.304+0000] {dag.py:3239} INFO - Sync 1 DAGs
[2025-04-11T01:53:03.333+0000] {logging_mixin.py:190} INFO - [2025-04-11T01:53:03.333+0000] {dag.py:4180} INFO - Setting next_dagrun for example_sla_dag to 2025-04-11 01:50:00+00:00, run_after=2025-04-11 01:52:00+00:00
[2025-04-11T01:53:03.358+0000] {processor.py:208} INFO - Processing /home/airflow/.local/lib/python3.12/site-packages/airflow/example_dags/example_sla_dag.py took 0.093 seconds
[2025-04-11T01:53:33.923+0000] {processor.py:186} INFO - Started process (PID=1721) to work on /home/airflow/.local/lib/python3.12/site-packages/airflow/example_dags/example_sla_dag.py
[2025-04-11T01:53:33.924+0000] {processor.py:914} INFO - Processing file /home/airflow/.local/lib/python3.12/site-packages/airflow/example_dags/example_sla_dag.py for tasks to queue
[2025-04-11T01:53:33.926+0000] {logging_mixin.py:190} INFO - [2025-04-11T01:53:33.926+0000] {dagbag.py:588} INFO - Filling up the DagBag from /home/airflow/.local/lib/python3.12/site-packages/airflow/example_dags/example_sla_dag.py
[2025-04-11T01:53:33.936+0000] {processor.py:925} INFO - DAG(s) 'example_sla_dag' retrieved from /home/airflow/.local/lib/python3.12/site-packages/airflow/example_dags/example_sla_dag.py
[2025-04-11T01:53:33.954+0000] {logging_mixin.py:190} INFO - [2025-04-11T01:53:33.954+0000] {dag.py:3239} INFO - Sync 1 DAGs
[2025-04-11T01:53:33.979+0000] {logging_mixin.py:190} INFO - [2025-04-11T01:53:33.979+0000] {dag.py:4180} INFO - Setting next_dagrun for example_sla_dag to 2025-04-11 01:50:00+00:00, run_after=2025-04-11 01:52:00+00:00
[2025-04-11T01:53:34.007+0000] {processor.py:208} INFO - Processing /home/airflow/.local/lib/python3.12/site-packages/airflow/example_dags/example_sla_dag.py took 0.089 seconds
[2025-04-11T01:54:04.791+0000] {processor.py:186} INFO - Started process (PID=1786) to work on /home/airflow/.local/lib/python3.12/site-packages/airflow/example_dags/example_sla_dag.py
[2025-04-11T01:54:04.792+0000] {processor.py:914} INFO - Processing file /home/airflow/.local/lib/python3.12/site-packages/airflow/example_dags/example_sla_dag.py for tasks to queue
[2025-04-11T01:54:04.793+0000] {logging_mixin.py:190} INFO - [2025-04-11T01:54:04.793+0000] {dagbag.py:588} INFO - Filling up the DagBag from /home/airflow/.local/lib/python3.12/site-packages/airflow/example_dags/example_sla_dag.py
[2025-04-11T01:54:04.805+0000] {processor.py:925} INFO - DAG(s) 'example_sla_dag' retrieved from /home/airflow/.local/lib/python3.12/site-packages/airflow/example_dags/example_sla_dag.py
[2025-04-11T01:54:04.823+0000] {logging_mixin.py:190} INFO - [2025-04-11T01:54:04.823+0000] {dag.py:3239} INFO - Sync 1 DAGs
[2025-04-11T01:54:04.846+0000] {logging_mixin.py:190} INFO - [2025-04-11T01:54:04.846+0000] {dag.py:4180} INFO - Setting next_dagrun for example_sla_dag to 2025-04-11 01:52:00+00:00, run_after=2025-04-11 01:54:00+00:00
[2025-04-11T01:54:04.866+0000] {processor.py:208} INFO - Processing /home/airflow/.local/lib/python3.12/site-packages/airflow/example_dags/example_sla_dag.py took 0.082 seconds
[2025-04-11T01:54:35.699+0000] {processor.py:186} INFO - Started process (PID=1851) to work on /home/airflow/.local/lib/python3.12/site-packages/airflow/example_dags/example_sla_dag.py
[2025-04-11T01:54:35.700+0000] {processor.py:914} INFO - Processing file /home/airflow/.local/lib/python3.12/site-packages/airflow/example_dags/example_sla_dag.py for tasks to queue
[2025-04-11T01:54:35.701+0000] {logging_mixin.py:190} INFO - [2025-04-11T01:54:35.701+0000] {dagbag.py:588} INFO - Filling up the DagBag from /home/airflow/.local/lib/python3.12/site-packages/airflow/example_dags/example_sla_dag.py
[2025-04-11T01:54:35.711+0000] {processor.py:925} INFO - DAG(s) 'example_sla_dag' retrieved from /home/airflow/.local/lib/python3.12/site-packages/airflow/example_dags/example_sla_dag.py
[2025-04-11T01:54:35.729+0000] {logging_mixin.py:190} INFO - [2025-04-11T01:54:35.729+0000] {dag.py:3239} INFO - Sync 1 DAGs
[2025-04-11T01:54:35.751+0000] {logging_mixin.py:190} INFO - [2025-04-11T01:54:35.751+0000] {dag.py:4180} INFO - Setting next_dagrun for example_sla_dag to 2025-04-11 01:52:00+00:00, run_after=2025-04-11 01:54:00+00:00
[2025-04-11T01:54:35.772+0000] {processor.py:208} INFO - Processing /home/airflow/.local/lib/python3.12/site-packages/airflow/example_dags/example_sla_dag.py took 0.079 seconds
[2025-04-11T01:55:06.564+0000] {processor.py:186} INFO - Started process (PID=1916) to work on /home/airflow/.local/lib/python3.12/site-packages/airflow/example_dags/example_sla_dag.py
[2025-04-11T01:55:06.566+0000] {processor.py:914} INFO - Processing file /home/airflow/.local/lib/python3.12/site-packages/airflow/example_dags/example_sla_dag.py for tasks to queue
[2025-04-11T01:55:06.568+0000] {logging_mixin.py:190} INFO - [2025-04-11T01:55:06.567+0000] {dagbag.py:588} INFO - Filling up the DagBag from /home/airflow/.local/lib/python3.12/site-packages/airflow/example_dags/example_sla_dag.py
[2025-04-11T01:55:06.576+0000] {processor.py:925} INFO - DAG(s) 'example_sla_dag' retrieved from /home/airflow/.local/lib/python3.12/site-packages/airflow/example_dags/example_sla_dag.py
[2025-04-11T01:55:06.596+0000] {logging_mixin.py:190} INFO - [2025-04-11T01:55:06.596+0000] {dag.py:3239} INFO - Sync 1 DAGs
[2025-04-11T01:55:06.623+0000] {logging_mixin.py:190} INFO - [2025-04-11T01:55:06.623+0000] {dag.py:4180} INFO - Setting next_dagrun for example_sla_dag to 2025-04-11 01:52:00+00:00, run_after=2025-04-11 01:54:00+00:00
[2025-04-11T01:55:06.659+0000] {processor.py:208} INFO - Processing /home/airflow/.local/lib/python3.12/site-packages/airflow/example_dags/example_sla_dag.py took 0.100 seconds
[2025-04-11T01:55:37.266+0000] {processor.py:186} INFO - Started process (PID=1981) to work on /home/airflow/.local/lib/python3.12/site-packages/airflow/example_dags/example_sla_dag.py
[2025-04-11T01:55:37.269+0000] {processor.py:914} INFO - Processing file /home/airflow/.local/lib/python3.12/site-packages/airflow/example_dags/example_sla_dag.py for tasks to queue
[2025-04-11T01:55:37.270+0000] {logging_mixin.py:190} INFO - [2025-04-11T01:55:37.270+0000] {dagbag.py:588} INFO - Filling up the DagBag from /home/airflow/.local/lib/python3.12/site-packages/airflow/example_dags/example_sla_dag.py
[2025-04-11T01:55:37.280+0000] {processor.py:925} INFO - DAG(s) 'example_sla_dag' retrieved from /home/airflow/.local/lib/python3.12/site-packages/airflow/example_dags/example_sla_dag.py
[2025-04-11T01:55:37.302+0000] {logging_mixin.py:190} INFO - [2025-04-11T01:55:37.302+0000] {dag.py:3239} INFO - Sync 1 DAGs
[2025-04-11T01:55:37.328+0000] {logging_mixin.py:190} INFO - [2025-04-11T01:55:37.328+0000] {dag.py:4180} INFO - Setting next_dagrun for example_sla_dag to 2025-04-11 01:52:00+00:00, run_after=2025-04-11 01:54:00+00:00
[2025-04-11T01:55:37.351+0000] {processor.py:208} INFO - Processing /home/airflow/.local/lib/python3.12/site-packages/airflow/example_dags/example_sla_dag.py took 0.093 seconds
[2025-04-11T01:56:07.449+0000] {processor.py:186} INFO - Started process (PID=2046) to work on /home/airflow/.local/lib/python3.12/site-packages/airflow/example_dags/example_sla_dag.py
[2025-04-11T01:56:07.450+0000] {processor.py:914} INFO - Processing file /home/airflow/.local/lib/python3.12/site-packages/airflow/example_dags/example_sla_dag.py for tasks to queue
[2025-04-11T01:56:07.451+0000] {logging_mixin.py:190} INFO - [2025-04-11T01:56:07.451+0000] {dagbag.py:588} INFO - Filling up the DagBag from /home/airflow/.local/lib/python3.12/site-packages/airflow/example_dags/example_sla_dag.py
[2025-04-11T01:56:07.461+0000] {processor.py:925} INFO - DAG(s) 'example_sla_dag' retrieved from /home/airflow/.local/lib/python3.12/site-packages/airflow/example_dags/example_sla_dag.py
[2025-04-11T01:56:07.479+0000] {logging_mixin.py:190} INFO - [2025-04-11T01:56:07.479+0000] {dag.py:3239} INFO - Sync 1 DAGs
[2025-04-11T01:56:07.502+0000] {logging_mixin.py:190} INFO - [2025-04-11T01:56:07.501+0000] {dag.py:4180} INFO - Setting next_dagrun for example_sla_dag to 2025-04-11 01:54:00+00:00, run_after=2025-04-11 01:56:00+00:00
[2025-04-11T01:56:07.520+0000] {processor.py:208} INFO - Processing /home/airflow/.local/lib/python3.12/site-packages/airflow/example_dags/example_sla_dag.py took 0.077 seconds
[2025-04-11T01:56:40.578+0000] {processor.py:186} INFO - Started process (PID=2111) to work on /home/airflow/.local/lib/python3.12/site-packages/airflow/example_dags/example_sla_dag.py
[2025-04-11T01:56:40.579+0000] {processor.py:914} INFO - Processing file /home/airflow/.local/lib/python3.12/site-packages/airflow/example_dags/example_sla_dag.py for tasks to queue
[2025-04-11T01:56:40.580+0000] {logging_mixin.py:190} INFO - [2025-04-11T01:56:40.580+0000] {dagbag.py:588} INFO - Filling up the DagBag from /home/airflow/.local/lib/python3.12/site-packages/airflow/example_dags/example_sla_dag.py
[2025-04-11T01:56:40.592+0000] {processor.py:925} INFO - DAG(s) 'example_sla_dag' retrieved from /home/airflow/.local/lib/python3.12/site-packages/airflow/example_dags/example_sla_dag.py
[2025-04-11T01:56:40.613+0000] {logging_mixin.py:190} INFO - [2025-04-11T01:56:40.613+0000] {dag.py:3239} INFO - Sync 1 DAGs
[2025-04-11T01:56:40.638+0000] {logging_mixin.py:190} INFO - [2025-04-11T01:56:40.638+0000] {dag.py:4180} INFO - Setting next_dagrun for example_sla_dag to 2025-04-11 01:54:00+00:00, run_after=2025-04-11 01:56:00+00:00
[2025-04-11T01:56:40.663+0000] {processor.py:208} INFO - Processing /home/airflow/.local/lib/python3.12/site-packages/airflow/example_dags/example_sla_dag.py took 0.091 seconds
[2025-04-11T01:57:11.241+0000] {processor.py:186} INFO - Started process (PID=2176) to work on /home/airflow/.local/lib/python3.12/site-packages/airflow/example_dags/example_sla_dag.py
[2025-04-11T01:57:11.243+0000] {processor.py:914} INFO - Processing file /home/airflow/.local/lib/python3.12/site-packages/airflow/example_dags/example_sla_dag.py for tasks to queue
[2025-04-11T01:57:11.247+0000] {logging_mixin.py:190} INFO - [2025-04-11T01:57:11.246+0000] {dagbag.py:588} INFO - Filling up the DagBag from /home/airflow/.local/lib/python3.12/site-packages/airflow/example_dags/example_sla_dag.py
[2025-04-11T01:57:11.270+0000] {processor.py:925} INFO - DAG(s) 'example_sla_dag' retrieved from /home/airflow/.local/lib/python3.12/site-packages/airflow/example_dags/example_sla_dag.py
[2025-04-11T01:57:11.303+0000] {logging_mixin.py:190} INFO - [2025-04-11T01:57:11.303+0000] {dag.py:3239} INFO - Sync 1 DAGs
[2025-04-11T01:57:11.361+0000] {logging_mixin.py:190} INFO - [2025-04-11T01:57:11.360+0000] {dag.py:4180} INFO - Setting next_dagrun for example_sla_dag to 2025-04-11 01:54:00+00:00, run_after=2025-04-11 01:56:00+00:00
[2025-04-11T01:57:11.404+0000] {processor.py:208} INFO - Processing /home/airflow/.local/lib/python3.12/site-packages/airflow/example_dags/example_sla_dag.py took 0.174 seconds
[2025-04-11T01:57:41.478+0000] {processor.py:186} INFO - Started process (PID=2241) to work on /home/airflow/.local/lib/python3.12/site-packages/airflow/example_dags/example_sla_dag.py
[2025-04-11T01:57:41.480+0000] {processor.py:914} INFO - Processing file /home/airflow/.local/lib/python3.12/site-packages/airflow/example_dags/example_sla_dag.py for tasks to queue
[2025-04-11T01:57:41.482+0000] {logging_mixin.py:190} INFO - [2025-04-11T01:57:41.482+0000] {dagbag.py:588} INFO - Filling up the DagBag from /home/airflow/.local/lib/python3.12/site-packages/airflow/example_dags/example_sla_dag.py
[2025-04-11T01:57:41.497+0000] {processor.py:925} INFO - DAG(s) 'example_sla_dag' retrieved from /home/airflow/.local/lib/python3.12/site-packages/airflow/example_dags/example_sla_dag.py
[2025-04-11T01:57:41.527+0000] {logging_mixin.py:190} INFO - [2025-04-11T01:57:41.527+0000] {dag.py:3239} INFO - Sync 1 DAGs
[2025-04-11T01:57:41.567+0000] {logging_mixin.py:190} INFO - [2025-04-11T01:57:41.567+0000] {dag.py:4180} INFO - Setting next_dagrun for example_sla_dag to 2025-04-11 01:54:00+00:00, run_after=2025-04-11 01:56:00+00:00
[2025-04-11T01:57:41.606+0000] {processor.py:208} INFO - Processing /home/airflow/.local/lib/python3.12/site-packages/airflow/example_dags/example_sla_dag.py took 0.137 seconds
[2025-04-11T01:58:12.136+0000] {processor.py:186} INFO - Started process (PID=2306) to work on /home/airflow/.local/lib/python3.12/site-packages/airflow/example_dags/example_sla_dag.py
[2025-04-11T01:58:12.138+0000] {processor.py:914} INFO - Processing file /home/airflow/.local/lib/python3.12/site-packages/airflow/example_dags/example_sla_dag.py for tasks to queue
[2025-04-11T01:58:12.141+0000] {logging_mixin.py:190} INFO - [2025-04-11T01:58:12.140+0000] {dagbag.py:588} INFO - Filling up the DagBag from /home/airflow/.local/lib/python3.12/site-packages/airflow/example_dags/example_sla_dag.py
[2025-04-11T01:58:12.160+0000] {processor.py:925} INFO - DAG(s) 'example_sla_dag' retrieved from /home/airflow/.local/lib/python3.12/site-packages/airflow/example_dags/example_sla_dag.py
[2025-04-11T01:58:12.193+0000] {logging_mixin.py:190} INFO - [2025-04-11T01:58:12.192+0000] {dag.py:3239} INFO - Sync 1 DAGs
[2025-04-11T01:58:12.248+0000] {logging_mixin.py:190} INFO - [2025-04-11T01:58:12.247+0000] {dag.py:4180} INFO - Setting next_dagrun for example_sla_dag to 2025-04-11 01:56:00+00:00, run_after=2025-04-11 01:58:00+00:00
[2025-04-11T01:58:12.281+0000] {processor.py:208} INFO - Processing /home/airflow/.local/lib/python3.12/site-packages/airflow/example_dags/example_sla_dag.py took 0.155 seconds
[2025-04-11T01:58:43.539+0000] {processor.py:186} INFO - Started process (PID=2371) to work on /home/airflow/.local/lib/python3.12/site-packages/airflow/example_dags/example_sla_dag.py
[2025-04-11T01:58:43.541+0000] {processor.py:914} INFO - Processing file /home/airflow/.local/lib/python3.12/site-packages/airflow/example_dags/example_sla_dag.py for tasks to queue
[2025-04-11T01:58:43.545+0000] {logging_mixin.py:190} INFO - [2025-04-11T01:58:43.544+0000] {dagbag.py:588} INFO - Filling up the DagBag from /home/airflow/.local/lib/python3.12/site-packages/airflow/example_dags/example_sla_dag.py
[2025-04-11T01:58:43.579+0000] {processor.py:925} INFO - DAG(s) 'example_sla_dag' retrieved from /home/airflow/.local/lib/python3.12/site-packages/airflow/example_dags/example_sla_dag.py
[2025-04-11T01:58:43.621+0000] {logging_mixin.py:190} INFO - [2025-04-11T01:58:43.621+0000] {dag.py:3239} INFO - Sync 1 DAGs
[2025-04-11T01:58:43.683+0000] {logging_mixin.py:190} INFO - [2025-04-11T01:58:43.682+0000] {dag.py:4180} INFO - Setting next_dagrun for example_sla_dag to 2025-04-11 01:56:00+00:00, run_after=2025-04-11 01:58:00+00:00
[2025-04-11T01:58:43.732+0000] {processor.py:208} INFO - Processing /home/airflow/.local/lib/python3.12/site-packages/airflow/example_dags/example_sla_dag.py took 0.203 seconds
[2025-04-11T01:59:14.515+0000] {processor.py:186} INFO - Started process (PID=2437) to work on /home/airflow/.local/lib/python3.12/site-packages/airflow/example_dags/example_sla_dag.py
[2025-04-11T01:59:14.517+0000] {processor.py:914} INFO - Processing file /home/airflow/.local/lib/python3.12/site-packages/airflow/example_dags/example_sla_dag.py for tasks to queue
[2025-04-11T01:59:14.519+0000] {logging_mixin.py:190} INFO - [2025-04-11T01:59:14.519+0000] {dagbag.py:588} INFO - Filling up the DagBag from /home/airflow/.local/lib/python3.12/site-packages/airflow/example_dags/example_sla_dag.py
[2025-04-11T01:59:14.542+0000] {processor.py:925} INFO - DAG(s) 'example_sla_dag' retrieved from /home/airflow/.local/lib/python3.12/site-packages/airflow/example_dags/example_sla_dag.py
[2025-04-11T01:59:14.594+0000] {logging_mixin.py:190} INFO - [2025-04-11T01:59:14.593+0000] {dag.py:3239} INFO - Sync 1 DAGs
[2025-04-11T01:59:14.682+0000] {logging_mixin.py:190} INFO - [2025-04-11T01:59:14.681+0000] {dag.py:4180} INFO - Setting next_dagrun for example_sla_dag to 2025-04-11 01:56:00+00:00, run_after=2025-04-11 01:58:00+00:00
[2025-04-11T01:59:14.733+0000] {processor.py:208} INFO - Processing /home/airflow/.local/lib/python3.12/site-packages/airflow/example_dags/example_sla_dag.py took 0.230 seconds
[2025-04-11T01:59:48.077+0000] {processor.py:186} INFO - Started process (PID=2502) to work on /home/airflow/.local/lib/python3.12/site-packages/airflow/example_dags/example_sla_dag.py
[2025-04-11T01:59:48.079+0000] {processor.py:914} INFO - Processing file /home/airflow/.local/lib/python3.12/site-packages/airflow/example_dags/example_sla_dag.py for tasks to queue
[2025-04-11T01:59:48.084+0000] {logging_mixin.py:190} INFO - [2025-04-11T01:59:48.082+0000] {dagbag.py:588} INFO - Filling up the DagBag from /home/airflow/.local/lib/python3.12/site-packages/airflow/example_dags/example_sla_dag.py
[2025-04-11T01:59:48.116+0000] {processor.py:925} INFO - DAG(s) 'example_sla_dag' retrieved from /home/airflow/.local/lib/python3.12/site-packages/airflow/example_dags/example_sla_dag.py
[2025-04-11T01:59:48.181+0000] {logging_mixin.py:190} INFO - [2025-04-11T01:59:48.180+0000] {dag.py:3239} INFO - Sync 1 DAGs
[2025-04-11T01:59:48.282+0000] {logging_mixin.py:190} INFO - [2025-04-11T01:59:48.282+0000] {dag.py:4180} INFO - Setting next_dagrun for example_sla_dag to 2025-04-11 01:56:00+00:00, run_after=2025-04-11 01:58:00+00:00
[2025-04-11T01:59:48.342+0000] {processor.py:208} INFO - Processing /home/airflow/.local/lib/python3.12/site-packages/airflow/example_dags/example_sla_dag.py took 0.285 seconds
[2025-04-11T02:00:20.491+0000] {processor.py:186} INFO - Started process (PID=2567) to work on /home/airflow/.local/lib/python3.12/site-packages/airflow/example_dags/example_sla_dag.py
[2025-04-11T02:00:20.494+0000] {processor.py:914} INFO - Processing file /home/airflow/.local/lib/python3.12/site-packages/airflow/example_dags/example_sla_dag.py for tasks to queue
[2025-04-11T02:00:20.499+0000] {logging_mixin.py:190} INFO - [2025-04-11T02:00:20.497+0000] {dagbag.py:588} INFO - Filling up the DagBag from /home/airflow/.local/lib/python3.12/site-packages/airflow/example_dags/example_sla_dag.py
[2025-04-11T02:00:20.536+0000] {processor.py:925} INFO - DAG(s) 'example_sla_dag' retrieved from /home/airflow/.local/lib/python3.12/site-packages/airflow/example_dags/example_sla_dag.py
[2025-04-11T02:00:20.597+0000] {logging_mixin.py:190} INFO - [2025-04-11T02:00:20.596+0000] {dag.py:3239} INFO - Sync 1 DAGs
[2025-04-11T02:00:20.721+0000] {logging_mixin.py:190} INFO - [2025-04-11T02:00:20.721+0000] {dag.py:4180} INFO - Setting next_dagrun for example_sla_dag to 2025-04-11 01:58:00+00:00, run_after=2025-04-11 02:00:00+00:00
[2025-04-11T02:00:20.811+0000] {processor.py:208} INFO - Processing /home/airflow/.local/lib/python3.12/site-packages/airflow/example_dags/example_sla_dag.py took 0.341 seconds
[2025-04-11T02:00:52.832+0000] {processor.py:186} INFO - Started process (PID=2633) to work on /home/airflow/.local/lib/python3.12/site-packages/airflow/example_dags/example_sla_dag.py
[2025-04-11T02:00:52.836+0000] {processor.py:914} INFO - Processing file /home/airflow/.local/lib/python3.12/site-packages/airflow/example_dags/example_sla_dag.py for tasks to queue
[2025-04-11T02:00:52.840+0000] {logging_mixin.py:190} INFO - [2025-04-11T02:00:52.839+0000] {dagbag.py:588} INFO - Filling up the DagBag from /home/airflow/.local/lib/python3.12/site-packages/airflow/example_dags/example_sla_dag.py
[2025-04-11T02:00:52.875+0000] {processor.py:925} INFO - DAG(s) 'example_sla_dag' retrieved from /home/airflow/.local/lib/python3.12/site-packages/airflow/example_dags/example_sla_dag.py
[2025-04-11T02:00:52.928+0000] {logging_mixin.py:190} INFO - [2025-04-11T02:00:52.927+0000] {dag.py:3239} INFO - Sync 1 DAGs
[2025-04-11T02:00:53.004+0000] {logging_mixin.py:190} INFO - [2025-04-11T02:00:53.003+0000] {dag.py:4180} INFO - Setting next_dagrun for example_sla_dag to 2025-04-11 01:58:00+00:00, run_after=2025-04-11 02:00:00+00:00
[2025-04-11T02:00:53.061+0000] {processor.py:208} INFO - Processing /home/airflow/.local/lib/python3.12/site-packages/airflow/example_dags/example_sla_dag.py took 0.248 seconds
[2025-04-11T02:01:25.458+0000] {processor.py:186} INFO - Started process (PID=2698) to work on /home/airflow/.local/lib/python3.12/site-packages/airflow/example_dags/example_sla_dag.py
[2025-04-11T02:01:25.461+0000] {processor.py:914} INFO - Processing file /home/airflow/.local/lib/python3.12/site-packages/airflow/example_dags/example_sla_dag.py for tasks to queue
[2025-04-11T02:01:25.465+0000] {logging_mixin.py:190} INFO - [2025-04-11T02:01:25.463+0000] {dagbag.py:588} INFO - Filling up the DagBag from /home/airflow/.local/lib/python3.12/site-packages/airflow/example_dags/example_sla_dag.py
[2025-04-11T02:01:25.498+0000] {processor.py:925} INFO - DAG(s) 'example_sla_dag' retrieved from /home/airflow/.local/lib/python3.12/site-packages/airflow/example_dags/example_sla_dag.py
[2025-04-11T02:01:25.550+0000] {logging_mixin.py:190} INFO - [2025-04-11T02:01:25.549+0000] {dag.py:3239} INFO - Sync 1 DAGs
[2025-04-11T02:01:25.630+0000] {logging_mixin.py:190} INFO - [2025-04-11T02:01:25.629+0000] {dag.py:4180} INFO - Setting next_dagrun for example_sla_dag to 2025-04-11 01:58:00+00:00, run_after=2025-04-11 02:00:00+00:00
[2025-04-11T02:01:25.683+0000] {processor.py:208} INFO - Processing /home/airflow/.local/lib/python3.12/site-packages/airflow/example_dags/example_sla_dag.py took 0.246 seconds
[2025-04-11T02:01:57.506+0000] {processor.py:186} INFO - Started process (PID=2763) to work on /home/airflow/.local/lib/python3.12/site-packages/airflow/example_dags/example_sla_dag.py
[2025-04-11T02:01:57.509+0000] {processor.py:914} INFO - Processing file /home/airflow/.local/lib/python3.12/site-packages/airflow/example_dags/example_sla_dag.py for tasks to queue
[2025-04-11T02:01:57.513+0000] {logging_mixin.py:190} INFO - [2025-04-11T02:01:57.512+0000] {dagbag.py:588} INFO - Filling up the DagBag from /home/airflow/.local/lib/python3.12/site-packages/airflow/example_dags/example_sla_dag.py
[2025-04-11T02:01:57.543+0000] {processor.py:925} INFO - DAG(s) 'example_sla_dag' retrieved from /home/airflow/.local/lib/python3.12/site-packages/airflow/example_dags/example_sla_dag.py
[2025-04-11T02:01:57.598+0000] {logging_mixin.py:190} INFO - [2025-04-11T02:01:57.598+0000] {dag.py:3239} INFO - Sync 1 DAGs
[2025-04-11T02:01:57.680+0000] {logging_mixin.py:190} INFO - [2025-04-11T02:01:57.679+0000] {dag.py:4180} INFO - Setting next_dagrun for example_sla_dag to 2025-04-11 01:58:00+00:00, run_after=2025-04-11 02:00:00+00:00
[2025-04-11T02:01:57.730+0000] {processor.py:208} INFO - Processing /home/airflow/.local/lib/python3.12/site-packages/airflow/example_dags/example_sla_dag.py took 0.243 seconds
[2025-04-11T02:02:28.621+0000] {processor.py:186} INFO - Started process (PID=2834) to work on /home/airflow/.local/lib/python3.12/site-packages/airflow/example_dags/example_sla_dag.py
[2025-04-11T02:02:28.623+0000] {processor.py:914} INFO - Processing file /home/airflow/.local/lib/python3.12/site-packages/airflow/example_dags/example_sla_dag.py for tasks to queue
[2025-04-11T02:02:28.628+0000] {logging_mixin.py:190} INFO - [2025-04-11T02:02:28.626+0000] {dagbag.py:588} INFO - Filling up the DagBag from /home/airflow/.local/lib/python3.12/site-packages/airflow/example_dags/example_sla_dag.py
[2025-04-11T02:02:28.660+0000] {processor.py:925} INFO - DAG(s) 'example_sla_dag' retrieved from /home/airflow/.local/lib/python3.12/site-packages/airflow/example_dags/example_sla_dag.py
[2025-04-11T02:02:28.710+0000] {logging_mixin.py:190} INFO - [2025-04-11T02:02:28.709+0000] {dag.py:3239} INFO - Sync 1 DAGs
[2025-04-11T02:02:28.775+0000] {logging_mixin.py:190} INFO - [2025-04-11T02:02:28.774+0000] {dag.py:4180} INFO - Setting next_dagrun for example_sla_dag to 2025-04-11 02:00:00+00:00, run_after=2025-04-11 02:02:00+00:00
[2025-04-11T02:02:28.828+0000] {processor.py:208} INFO - Processing /home/airflow/.local/lib/python3.12/site-packages/airflow/example_dags/example_sla_dag.py took 0.229 seconds
[2025-04-11T02:02:59.994+0000] {processor.py:186} INFO - Started process (PID=2899) to work on /home/airflow/.local/lib/python3.12/site-packages/airflow/example_dags/example_sla_dag.py
[2025-04-11T02:02:59.998+0000] {processor.py:914} INFO - Processing file /home/airflow/.local/lib/python3.12/site-packages/airflow/example_dags/example_sla_dag.py for tasks to queue
[2025-04-11T02:03:00.003+0000] {logging_mixin.py:190} INFO - [2025-04-11T02:03:00.002+0000] {dagbag.py:588} INFO - Filling up the DagBag from /home/airflow/.local/lib/python3.12/site-packages/airflow/example_dags/example_sla_dag.py
[2025-04-11T02:03:00.057+0000] {processor.py:925} INFO - DAG(s) 'example_sla_dag' retrieved from /home/airflow/.local/lib/python3.12/site-packages/airflow/example_dags/example_sla_dag.py
[2025-04-11T02:03:00.125+0000] {logging_mixin.py:190} INFO - [2025-04-11T02:03:00.125+0000] {dag.py:3239} INFO - Sync 1 DAGs
[2025-04-11T02:03:00.196+0000] {logging_mixin.py:190} INFO - [2025-04-11T02:03:00.196+0000] {dag.py:4180} INFO - Setting next_dagrun for example_sla_dag to 2025-04-11 02:00:00+00:00, run_after=2025-04-11 02:02:00+00:00
[2025-04-11T02:03:00.245+0000] {processor.py:208} INFO - Processing /home/airflow/.local/lib/python3.12/site-packages/airflow/example_dags/example_sla_dag.py took 0.262 seconds
[2025-04-11T02:03:30.760+0000] {processor.py:186} INFO - Started process (PID=2963) to work on /home/airflow/.local/lib/python3.12/site-packages/airflow/example_dags/example_sla_dag.py
[2025-04-11T02:03:30.762+0000] {processor.py:914} INFO - Processing file /home/airflow/.local/lib/python3.12/site-packages/airflow/example_dags/example_sla_dag.py for tasks to queue
[2025-04-11T02:03:30.765+0000] {logging_mixin.py:190} INFO - [2025-04-11T02:03:30.765+0000] {dagbag.py:588} INFO - Filling up the DagBag from /home/airflow/.local/lib/python3.12/site-packages/airflow/example_dags/example_sla_dag.py
[2025-04-11T02:03:30.789+0000] {processor.py:925} INFO - DAG(s) 'example_sla_dag' retrieved from /home/airflow/.local/lib/python3.12/site-packages/airflow/example_dags/example_sla_dag.py
[2025-04-11T02:03:30.828+0000] {logging_mixin.py:190} INFO - [2025-04-11T02:03:30.827+0000] {dag.py:3239} INFO - Sync 1 DAGs
[2025-04-11T02:03:30.888+0000] {logging_mixin.py:190} INFO - [2025-04-11T02:03:30.887+0000] {dag.py:4180} INFO - Setting next_dagrun for example_sla_dag to 2025-04-11 02:00:00+00:00, run_after=2025-04-11 02:02:00+00:00
[2025-04-11T02:03:30.926+0000] {processor.py:208} INFO - Processing /home/airflow/.local/lib/python3.12/site-packages/airflow/example_dags/example_sla_dag.py took 0.181 seconds
[2025-04-11T02:04:01.490+0000] {processor.py:186} INFO - Started process (PID=3028) to work on /home/airflow/.local/lib/python3.12/site-packages/airflow/example_dags/example_sla_dag.py
[2025-04-11T02:04:01.491+0000] {processor.py:914} INFO - Processing file /home/airflow/.local/lib/python3.12/site-packages/airflow/example_dags/example_sla_dag.py for tasks to queue
[2025-04-11T02:04:01.492+0000] {logging_mixin.py:190} INFO - [2025-04-11T02:04:01.492+0000] {dagbag.py:588} INFO - Filling up the DagBag from /home/airflow/.local/lib/python3.12/site-packages/airflow/example_dags/example_sla_dag.py
[2025-04-11T02:04:01.501+0000] {processor.py:925} INFO - DAG(s) 'example_sla_dag' retrieved from /home/airflow/.local/lib/python3.12/site-packages/airflow/example_dags/example_sla_dag.py
[2025-04-11T02:04:01.520+0000] {logging_mixin.py:190} INFO - [2025-04-11T02:04:01.520+0000] {dag.py:3239} INFO - Sync 1 DAGs
[2025-04-11T02:04:01.545+0000] {logging_mixin.py:190} INFO - [2025-04-11T02:04:01.545+0000] {dag.py:4180} INFO - Setting next_dagrun for example_sla_dag to 2025-04-11 02:02:00+00:00, run_after=2025-04-11 02:04:00+00:00
[2025-04-11T02:04:01.580+0000] {processor.py:208} INFO - Processing /home/airflow/.local/lib/python3.12/site-packages/airflow/example_dags/example_sla_dag.py took 0.094 seconds
[2025-04-11T02:04:32.436+0000] {processor.py:186} INFO - Started process (PID=3097) to work on /home/airflow/.local/lib/python3.12/site-packages/airflow/example_dags/example_sla_dag.py
[2025-04-11T02:04:32.437+0000] {processor.py:914} INFO - Processing file /home/airflow/.local/lib/python3.12/site-packages/airflow/example_dags/example_sla_dag.py for tasks to queue
[2025-04-11T02:04:32.439+0000] {logging_mixin.py:190} INFO - [2025-04-11T02:04:32.438+0000] {dagbag.py:588} INFO - Filling up the DagBag from /home/airflow/.local/lib/python3.12/site-packages/airflow/example_dags/example_sla_dag.py
[2025-04-11T02:04:32.450+0000] {processor.py:925} INFO - DAG(s) 'example_sla_dag' retrieved from /home/airflow/.local/lib/python3.12/site-packages/airflow/example_dags/example_sla_dag.py
[2025-04-11T02:04:32.473+0000] {logging_mixin.py:190} INFO - [2025-04-11T02:04:32.473+0000] {dag.py:3239} INFO - Sync 1 DAGs
[2025-04-11T02:04:32.505+0000] {logging_mixin.py:190} INFO - [2025-04-11T02:04:32.505+0000] {dag.py:4180} INFO - Setting next_dagrun for example_sla_dag to 2025-04-11 02:02:00+00:00, run_after=2025-04-11 02:04:00+00:00
[2025-04-11T02:04:32.531+0000] {processor.py:208} INFO - Processing /home/airflow/.local/lib/python3.12/site-packages/airflow/example_dags/example_sla_dag.py took 0.100 seconds
[2025-04-11T02:05:03.153+0000] {processor.py:186} INFO - Started process (PID=3161) to work on /home/airflow/.local/lib/python3.12/site-packages/airflow/example_dags/example_sla_dag.py
[2025-04-11T02:05:03.155+0000] {processor.py:914} INFO - Processing file /home/airflow/.local/lib/python3.12/site-packages/airflow/example_dags/example_sla_dag.py for tasks to queue
[2025-04-11T02:05:03.157+0000] {logging_mixin.py:190} INFO - [2025-04-11T02:05:03.157+0000] {dagbag.py:588} INFO - Filling up the DagBag from /home/airflow/.local/lib/python3.12/site-packages/airflow/example_dags/example_sla_dag.py
[2025-04-11T02:05:03.173+0000] {processor.py:925} INFO - DAG(s) 'example_sla_dag' retrieved from /home/airflow/.local/lib/python3.12/site-packages/airflow/example_dags/example_sla_dag.py
[2025-04-11T02:05:03.202+0000] {logging_mixin.py:190} INFO - [2025-04-11T02:05:03.201+0000] {dag.py:3239} INFO - Sync 1 DAGs
[2025-04-11T02:05:03.263+0000] {logging_mixin.py:190} INFO - [2025-04-11T02:05:03.263+0000] {dag.py:4180} INFO - Setting next_dagrun for example_sla_dag to 2025-04-11 02:02:00+00:00, run_after=2025-04-11 02:04:00+00:00
[2025-04-11T02:05:03.308+0000] {processor.py:208} INFO - Processing /home/airflow/.local/lib/python3.12/site-packages/airflow/example_dags/example_sla_dag.py took 0.161 seconds
[2025-04-11T02:05:33.383+0000] {processor.py:186} INFO - Started process (PID=3225) to work on /home/airflow/.local/lib/python3.12/site-packages/airflow/example_dags/example_sla_dag.py
[2025-04-11T02:05:33.385+0000] {processor.py:914} INFO - Processing file /home/airflow/.local/lib/python3.12/site-packages/airflow/example_dags/example_sla_dag.py for tasks to queue
[2025-04-11T02:05:33.386+0000] {logging_mixin.py:190} INFO - [2025-04-11T02:05:33.386+0000] {dagbag.py:588} INFO - Filling up the DagBag from /home/airflow/.local/lib/python3.12/site-packages/airflow/example_dags/example_sla_dag.py
[2025-04-11T02:05:33.394+0000] {processor.py:925} INFO - DAG(s) 'example_sla_dag' retrieved from /home/airflow/.local/lib/python3.12/site-packages/airflow/example_dags/example_sla_dag.py
[2025-04-11T02:05:33.410+0000] {logging_mixin.py:190} INFO - [2025-04-11T02:05:33.410+0000] {dag.py:3239} INFO - Sync 1 DAGs
[2025-04-11T02:05:33.429+0000] {logging_mixin.py:190} INFO - [2025-04-11T02:05:33.429+0000] {dag.py:4180} INFO - Setting next_dagrun for example_sla_dag to 2025-04-11 02:02:00+00:00, run_after=2025-04-11 02:04:00+00:00
[2025-04-11T02:05:33.445+0000] {processor.py:208} INFO - Processing /home/airflow/.local/lib/python3.12/site-packages/airflow/example_dags/example_sla_dag.py took 0.067 seconds
[2025-04-11T02:06:04.372+0000] {processor.py:186} INFO - Started process (PID=3290) to work on /home/airflow/.local/lib/python3.12/site-packages/airflow/example_dags/example_sla_dag.py
[2025-04-11T02:06:04.375+0000] {processor.py:914} INFO - Processing file /home/airflow/.local/lib/python3.12/site-packages/airflow/example_dags/example_sla_dag.py for tasks to queue
[2025-04-11T02:06:04.377+0000] {logging_mixin.py:190} INFO - [2025-04-11T02:06:04.377+0000] {dagbag.py:588} INFO - Filling up the DagBag from /home/airflow/.local/lib/python3.12/site-packages/airflow/example_dags/example_sla_dag.py
[2025-04-11T02:06:04.391+0000] {processor.py:925} INFO - DAG(s) 'example_sla_dag' retrieved from /home/airflow/.local/lib/python3.12/site-packages/airflow/example_dags/example_sla_dag.py
[2025-04-11T02:06:04.425+0000] {logging_mixin.py:190} INFO - [2025-04-11T02:06:04.425+0000] {dag.py:3239} INFO - Sync 1 DAGs
[2025-04-11T02:06:04.504+0000] {logging_mixin.py:190} INFO - [2025-04-11T02:06:04.504+0000] {dag.py:4180} INFO - Setting next_dagrun for example_sla_dag to 2025-04-11 02:04:00+00:00, run_after=2025-04-11 02:06:00+00:00
[2025-04-11T02:06:04.558+0000] {processor.py:208} INFO - Processing /home/airflow/.local/lib/python3.12/site-packages/airflow/example_dags/example_sla_dag.py took 0.211 seconds
[2025-04-11T02:06:35.132+0000] {processor.py:186} INFO - Started process (PID=3355) to work on /home/airflow/.local/lib/python3.12/site-packages/airflow/example_dags/example_sla_dag.py
[2025-04-11T02:06:35.133+0000] {processor.py:914} INFO - Processing file /home/airflow/.local/lib/python3.12/site-packages/airflow/example_dags/example_sla_dag.py for tasks to queue
[2025-04-11T02:06:35.134+0000] {logging_mixin.py:190} INFO - [2025-04-11T02:06:35.134+0000] {dagbag.py:588} INFO - Filling up the DagBag from /home/airflow/.local/lib/python3.12/site-packages/airflow/example_dags/example_sla_dag.py
[2025-04-11T02:06:35.143+0000] {processor.py:925} INFO - DAG(s) 'example_sla_dag' retrieved from /home/airflow/.local/lib/python3.12/site-packages/airflow/example_dags/example_sla_dag.py
[2025-04-11T02:06:35.164+0000] {logging_mixin.py:190} INFO - [2025-04-11T02:06:35.164+0000] {dag.py:3239} INFO - Sync 1 DAGs
[2025-04-11T02:06:35.189+0000] {logging_mixin.py:190} INFO - [2025-04-11T02:06:35.189+0000] {dag.py:4180} INFO - Setting next_dagrun for example_sla_dag to 2025-04-11 02:04:00+00:00, run_after=2025-04-11 02:06:00+00:00
[2025-04-11T02:06:35.214+0000] {processor.py:208} INFO - Processing /home/airflow/.local/lib/python3.12/site-packages/airflow/example_dags/example_sla_dag.py took 0.090 seconds
[2025-04-11T02:07:05.752+0000] {processor.py:186} INFO - Started process (PID=3421) to work on /home/airflow/.local/lib/python3.12/site-packages/airflow/example_dags/example_sla_dag.py
[2025-04-11T02:07:05.753+0000] {processor.py:914} INFO - Processing file /home/airflow/.local/lib/python3.12/site-packages/airflow/example_dags/example_sla_dag.py for tasks to queue
[2025-04-11T02:07:05.755+0000] {logging_mixin.py:190} INFO - [2025-04-11T02:07:05.754+0000] {dagbag.py:588} INFO - Filling up the DagBag from /home/airflow/.local/lib/python3.12/site-packages/airflow/example_dags/example_sla_dag.py
[2025-04-11T02:07:05.763+0000] {processor.py:925} INFO - DAG(s) 'example_sla_dag' retrieved from /home/airflow/.local/lib/python3.12/site-packages/airflow/example_dags/example_sla_dag.py
[2025-04-11T02:07:05.782+0000] {logging_mixin.py:190} INFO - [2025-04-11T02:07:05.782+0000] {dag.py:3239} INFO - Sync 1 DAGs
[2025-04-11T02:07:05.804+0000] {logging_mixin.py:190} INFO - [2025-04-11T02:07:05.804+0000] {dag.py:4180} INFO - Setting next_dagrun for example_sla_dag to 2025-04-11 02:04:00+00:00, run_after=2025-04-11 02:06:00+00:00
[2025-04-11T02:07:05.828+0000] {processor.py:208} INFO - Processing /home/airflow/.local/lib/python3.12/site-packages/airflow/example_dags/example_sla_dag.py took 0.081 seconds
[2025-04-11T02:07:36.679+0000] {processor.py:186} INFO - Started process (PID=3486) to work on /home/airflow/.local/lib/python3.12/site-packages/airflow/example_dags/example_sla_dag.py
[2025-04-11T02:07:36.681+0000] {processor.py:914} INFO - Processing file /home/airflow/.local/lib/python3.12/site-packages/airflow/example_dags/example_sla_dag.py for tasks to queue
[2025-04-11T02:07:36.684+0000] {logging_mixin.py:190} INFO - [2025-04-11T02:07:36.683+0000] {dagbag.py:588} INFO - Filling up the DagBag from /home/airflow/.local/lib/python3.12/site-packages/airflow/example_dags/example_sla_dag.py
[2025-04-11T02:07:36.717+0000] {processor.py:925} INFO - DAG(s) 'example_sla_dag' retrieved from /home/airflow/.local/lib/python3.12/site-packages/airflow/example_dags/example_sla_dag.py
[2025-04-11T02:07:36.748+0000] {logging_mixin.py:190} INFO - [2025-04-11T02:07:36.748+0000] {dag.py:3239} INFO - Sync 1 DAGs
[2025-04-11T02:07:36.807+0000] {logging_mixin.py:190} INFO - [2025-04-11T02:07:36.806+0000] {dag.py:4180} INFO - Setting next_dagrun for example_sla_dag to 2025-04-11 02:04:00+00:00, run_after=2025-04-11 02:06:00+00:00
[2025-04-11T02:07:36.848+0000] {processor.py:208} INFO - Processing /home/airflow/.local/lib/python3.12/site-packages/airflow/example_dags/example_sla_dag.py took 0.187 seconds
[2025-04-11T02:08:07.706+0000] {processor.py:186} INFO - Started process (PID=3551) to work on /home/airflow/.local/lib/python3.12/site-packages/airflow/example_dags/example_sla_dag.py
[2025-04-11T02:08:07.709+0000] {processor.py:914} INFO - Processing file /home/airflow/.local/lib/python3.12/site-packages/airflow/example_dags/example_sla_dag.py for tasks to queue
[2025-04-11T02:08:07.713+0000] {logging_mixin.py:190} INFO - [2025-04-11T02:08:07.712+0000] {dagbag.py:588} INFO - Filling up the DagBag from /home/airflow/.local/lib/python3.12/site-packages/airflow/example_dags/example_sla_dag.py
[2025-04-11T02:08:07.753+0000] {processor.py:925} INFO - DAG(s) 'example_sla_dag' retrieved from /home/airflow/.local/lib/python3.12/site-packages/airflow/example_dags/example_sla_dag.py
[2025-04-11T02:08:07.805+0000] {logging_mixin.py:190} INFO - [2025-04-11T02:08:07.804+0000] {dag.py:3239} INFO - Sync 1 DAGs
[2025-04-11T02:08:07.884+0000] {logging_mixin.py:190} INFO - [2025-04-11T02:08:07.884+0000] {dag.py:4180} INFO - Setting next_dagrun for example_sla_dag to 2025-04-11 02:06:00+00:00, run_after=2025-04-11 02:08:00+00:00
[2025-04-11T02:08:07.936+0000] {processor.py:208} INFO - Processing /home/airflow/.local/lib/python3.12/site-packages/airflow/example_dags/example_sla_dag.py took 0.250 seconds
[2025-04-11T02:08:39.277+0000] {processor.py:186} INFO - Started process (PID=3616) to work on /home/airflow/.local/lib/python3.12/site-packages/airflow/example_dags/example_sla_dag.py
[2025-04-11T02:08:39.280+0000] {processor.py:914} INFO - Processing file /home/airflow/.local/lib/python3.12/site-packages/airflow/example_dags/example_sla_dag.py for tasks to queue
[2025-04-11T02:08:39.283+0000] {logging_mixin.py:190} INFO - [2025-04-11T02:08:39.282+0000] {dagbag.py:588} INFO - Filling up the DagBag from /home/airflow/.local/lib/python3.12/site-packages/airflow/example_dags/example_sla_dag.py
[2025-04-11T02:08:39.317+0000] {processor.py:925} INFO - DAG(s) 'example_sla_dag' retrieved from /home/airflow/.local/lib/python3.12/site-packages/airflow/example_dags/example_sla_dag.py
[2025-04-11T02:08:39.372+0000] {logging_mixin.py:190} INFO - [2025-04-11T02:08:39.372+0000] {dag.py:3239} INFO - Sync 1 DAGs
[2025-04-11T02:08:39.462+0000] {logging_mixin.py:190} INFO - [2025-04-11T02:08:39.461+0000] {dag.py:4180} INFO - Setting next_dagrun for example_sla_dag to 2025-04-11 02:06:00+00:00, run_after=2025-04-11 02:08:00+00:00
[2025-04-11T02:08:39.526+0000] {processor.py:208} INFO - Processing /home/airflow/.local/lib/python3.12/site-packages/airflow/example_dags/example_sla_dag.py took 0.268 seconds
[2025-04-11T02:09:11.548+0000] {processor.py:186} INFO - Started process (PID=3682) to work on /home/airflow/.local/lib/python3.12/site-packages/airflow/example_dags/example_sla_dag.py
[2025-04-11T02:09:11.551+0000] {processor.py:914} INFO - Processing file /home/airflow/.local/lib/python3.12/site-packages/airflow/example_dags/example_sla_dag.py for tasks to queue
[2025-04-11T02:09:11.553+0000] {logging_mixin.py:190} INFO - [2025-04-11T02:09:11.553+0000] {dagbag.py:588} INFO - Filling up the DagBag from /home/airflow/.local/lib/python3.12/site-packages/airflow/example_dags/example_sla_dag.py
[2025-04-11T02:09:11.587+0000] {processor.py:925} INFO - DAG(s) 'example_sla_dag' retrieved from /home/airflow/.local/lib/python3.12/site-packages/airflow/example_dags/example_sla_dag.py
[2025-04-11T02:09:11.631+0000] {logging_mixin.py:190} INFO - [2025-04-11T02:09:11.630+0000] {dag.py:3239} INFO - Sync 1 DAGs
[2025-04-11T02:09:11.711+0000] {logging_mixin.py:190} INFO - [2025-04-11T02:09:11.710+0000] {dag.py:4180} INFO - Setting next_dagrun for example_sla_dag to 2025-04-11 02:06:00+00:00, run_after=2025-04-11 02:08:00+00:00
[2025-04-11T02:09:11.750+0000] {processor.py:208} INFO - Processing /home/airflow/.local/lib/python3.12/site-packages/airflow/example_dags/example_sla_dag.py took 0.224 seconds
[2025-04-11T02:09:43.549+0000] {processor.py:186} INFO - Started process (PID=3747) to work on /home/airflow/.local/lib/python3.12/site-packages/airflow/example_dags/example_sla_dag.py
[2025-04-11T02:09:43.551+0000] {processor.py:914} INFO - Processing file /home/airflow/.local/lib/python3.12/site-packages/airflow/example_dags/example_sla_dag.py for tasks to queue
[2025-04-11T02:09:43.553+0000] {logging_mixin.py:190} INFO - [2025-04-11T02:09:43.553+0000] {dagbag.py:588} INFO - Filling up the DagBag from /home/airflow/.local/lib/python3.12/site-packages/airflow/example_dags/example_sla_dag.py
[2025-04-11T02:09:43.585+0000] {processor.py:925} INFO - DAG(s) 'example_sla_dag' retrieved from /home/airflow/.local/lib/python3.12/site-packages/airflow/example_dags/example_sla_dag.py
[2025-04-11T02:09:43.636+0000] {logging_mixin.py:190} INFO - [2025-04-11T02:09:43.635+0000] {dag.py:3239} INFO - Sync 1 DAGs
[2025-04-11T02:09:43.718+0000] {logging_mixin.py:190} INFO - [2025-04-11T02:09:43.717+0000] {dag.py:4180} INFO - Setting next_dagrun for example_sla_dag to 2025-04-11 02:06:00+00:00, run_after=2025-04-11 02:08:00+00:00
[2025-04-11T02:09:43.776+0000] {processor.py:208} INFO - Processing /home/airflow/.local/lib/python3.12/site-packages/airflow/example_dags/example_sla_dag.py took 0.243 seconds
[2025-04-11T02:10:14.975+0000] {processor.py:186} INFO - Started process (PID=3812) to work on /home/airflow/.local/lib/python3.12/site-packages/airflow/example_dags/example_sla_dag.py
[2025-04-11T02:10:14.977+0000] {processor.py:914} INFO - Processing file /home/airflow/.local/lib/python3.12/site-packages/airflow/example_dags/example_sla_dag.py for tasks to queue
[2025-04-11T02:10:14.980+0000] {logging_mixin.py:190} INFO - [2025-04-11T02:10:14.979+0000] {dagbag.py:588} INFO - Filling up the DagBag from /home/airflow/.local/lib/python3.12/site-packages/airflow/example_dags/example_sla_dag.py
[2025-04-11T02:10:15.010+0000] {processor.py:925} INFO - DAG(s) 'example_sla_dag' retrieved from /home/airflow/.local/lib/python3.12/site-packages/airflow/example_dags/example_sla_dag.py
[2025-04-11T02:10:15.054+0000] {logging_mixin.py:190} INFO - [2025-04-11T02:10:15.053+0000] {dag.py:3239} INFO - Sync 1 DAGs
[2025-04-11T02:10:15.115+0000] {logging_mixin.py:190} INFO - [2025-04-11T02:10:15.115+0000] {dag.py:4180} INFO - Setting next_dagrun for example_sla_dag to 2025-04-11 02:08:00+00:00, run_after=2025-04-11 02:10:00+00:00
[2025-04-11T02:10:15.159+0000] {processor.py:208} INFO - Processing /home/airflow/.local/lib/python3.12/site-packages/airflow/example_dags/example_sla_dag.py took 0.199 seconds
[2025-04-11T02:10:46.086+0000] {processor.py:186} INFO - Started process (PID=3877) to work on /home/airflow/.local/lib/python3.12/site-packages/airflow/example_dags/example_sla_dag.py
[2025-04-11T02:10:46.088+0000] {processor.py:914} INFO - Processing file /home/airflow/.local/lib/python3.12/site-packages/airflow/example_dags/example_sla_dag.py for tasks to queue
[2025-04-11T02:10:46.092+0000] {logging_mixin.py:190} INFO - [2025-04-11T02:10:46.091+0000] {dagbag.py:588} INFO - Filling up the DagBag from /home/airflow/.local/lib/python3.12/site-packages/airflow/example_dags/example_sla_dag.py
[2025-04-11T02:10:46.126+0000] {processor.py:925} INFO - DAG(s) 'example_sla_dag' retrieved from /home/airflow/.local/lib/python3.12/site-packages/airflow/example_dags/example_sla_dag.py
[2025-04-11T02:10:46.182+0000] {logging_mixin.py:190} INFO - [2025-04-11T02:10:46.182+0000] {dag.py:3239} INFO - Sync 1 DAGs
[2025-04-11T02:10:46.270+0000] {logging_mixin.py:190} INFO - [2025-04-11T02:10:46.270+0000] {dag.py:4180} INFO - Setting next_dagrun for example_sla_dag to 2025-04-11 02:08:00+00:00, run_after=2025-04-11 02:10:00+00:00
[2025-04-11T02:10:46.340+0000] {processor.py:208} INFO - Processing /home/airflow/.local/lib/python3.12/site-packages/airflow/example_dags/example_sla_dag.py took 0.273 seconds
[2025-04-11T02:11:17.845+0000] {processor.py:186} INFO - Started process (PID=3942) to work on /home/airflow/.local/lib/python3.12/site-packages/airflow/example_dags/example_sla_dag.py
[2025-04-11T02:11:17.849+0000] {processor.py:914} INFO - Processing file /home/airflow/.local/lib/python3.12/site-packages/airflow/example_dags/example_sla_dag.py for tasks to queue
[2025-04-11T02:11:17.855+0000] {logging_mixin.py:190} INFO - [2025-04-11T02:11:17.853+0000] {dagbag.py:588} INFO - Filling up the DagBag from /home/airflow/.local/lib/python3.12/site-packages/airflow/example_dags/example_sla_dag.py
[2025-04-11T02:11:17.900+0000] {processor.py:925} INFO - DAG(s) 'example_sla_dag' retrieved from /home/airflow/.local/lib/python3.12/site-packages/airflow/example_dags/example_sla_dag.py
[2025-04-11T02:11:17.997+0000] {logging_mixin.py:190} INFO - [2025-04-11T02:11:17.996+0000] {dag.py:3239} INFO - Sync 1 DAGs
[2025-04-11T02:11:18.140+0000] {logging_mixin.py:190} INFO - [2025-04-11T02:11:18.139+0000] {dag.py:4180} INFO - Setting next_dagrun for example_sla_dag to 2025-04-11 02:08:00+00:00, run_after=2025-04-11 02:10:00+00:00
[2025-04-11T02:11:18.249+0000] {processor.py:208} INFO - Processing /home/airflow/.local/lib/python3.12/site-packages/airflow/example_dags/example_sla_dag.py took 0.432 seconds
[2025-04-11T02:11:50.354+0000] {processor.py:186} INFO - Started process (PID=4008) to work on /home/airflow/.local/lib/python3.12/site-packages/airflow/example_dags/example_sla_dag.py
[2025-04-11T02:11:50.357+0000] {processor.py:914} INFO - Processing file /home/airflow/.local/lib/python3.12/site-packages/airflow/example_dags/example_sla_dag.py for tasks to queue
[2025-04-11T02:11:50.362+0000] {logging_mixin.py:190} INFO - [2025-04-11T02:11:50.361+0000] {dagbag.py:588} INFO - Filling up the DagBag from /home/airflow/.local/lib/python3.12/site-packages/airflow/example_dags/example_sla_dag.py
[2025-04-11T02:11:50.396+0000] {processor.py:925} INFO - DAG(s) 'example_sla_dag' retrieved from /home/airflow/.local/lib/python3.12/site-packages/airflow/example_dags/example_sla_dag.py
[2025-04-11T02:11:50.461+0000] {logging_mixin.py:190} INFO - [2025-04-11T02:11:50.460+0000] {dag.py:3239} INFO - Sync 1 DAGs
[2025-04-11T02:11:50.552+0000] {logging_mixin.py:190} INFO - [2025-04-11T02:11:50.551+0000] {dag.py:4180} INFO - Setting next_dagrun for example_sla_dag to 2025-04-11 02:08:00+00:00, run_after=2025-04-11 02:10:00+00:00
[2025-04-11T02:11:50.612+0000] {processor.py:208} INFO - Processing /home/airflow/.local/lib/python3.12/site-packages/airflow/example_dags/example_sla_dag.py took 0.276 seconds
[2025-04-11T02:12:22.128+0000] {processor.py:186} INFO - Started process (PID=4074) to work on /home/airflow/.local/lib/python3.12/site-packages/airflow/example_dags/example_sla_dag.py
[2025-04-11T02:12:22.129+0000] {processor.py:914} INFO - Processing file /home/airflow/.local/lib/python3.12/site-packages/airflow/example_dags/example_sla_dag.py for tasks to queue
[2025-04-11T02:12:22.132+0000] {logging_mixin.py:190} INFO - [2025-04-11T02:12:22.131+0000] {dagbag.py:588} INFO - Filling up the DagBag from /home/airflow/.local/lib/python3.12/site-packages/airflow/example_dags/example_sla_dag.py
[2025-04-11T02:12:22.153+0000] {processor.py:925} INFO - DAG(s) 'example_sla_dag' retrieved from /home/airflow/.local/lib/python3.12/site-packages/airflow/example_dags/example_sla_dag.py
[2025-04-11T02:12:22.199+0000] {logging_mixin.py:190} INFO - [2025-04-11T02:12:22.198+0000] {dag.py:3239} INFO - Sync 1 DAGs
[2025-04-11T02:12:22.276+0000] {logging_mixin.py:190} INFO - [2025-04-11T02:12:22.275+0000] {dag.py:4180} INFO - Setting next_dagrun for example_sla_dag to 2025-04-11 02:10:00+00:00, run_after=2025-04-11 02:12:00+00:00
[2025-04-11T02:12:22.321+0000] {processor.py:208} INFO - Processing /home/airflow/.local/lib/python3.12/site-packages/airflow/example_dags/example_sla_dag.py took 0.203 seconds
[2025-04-11T02:12:53.786+0000] {processor.py:186} INFO - Started process (PID=4140) to work on /home/airflow/.local/lib/python3.12/site-packages/airflow/example_dags/example_sla_dag.py
[2025-04-11T02:12:53.789+0000] {processor.py:914} INFO - Processing file /home/airflow/.local/lib/python3.12/site-packages/airflow/example_dags/example_sla_dag.py for tasks to queue
[2025-04-11T02:12:53.793+0000] {logging_mixin.py:190} INFO - [2025-04-11T02:12:53.792+0000] {dagbag.py:588} INFO - Filling up the DagBag from /home/airflow/.local/lib/python3.12/site-packages/airflow/example_dags/example_sla_dag.py
[2025-04-11T02:12:53.826+0000] {processor.py:925} INFO - DAG(s) 'example_sla_dag' retrieved from /home/airflow/.local/lib/python3.12/site-packages/airflow/example_dags/example_sla_dag.py
[2025-04-11T02:12:53.879+0000] {logging_mixin.py:190} INFO - [2025-04-11T02:12:53.878+0000] {dag.py:3239} INFO - Sync 1 DAGs
[2025-04-11T02:12:53.957+0000] {logging_mixin.py:190} INFO - [2025-04-11T02:12:53.957+0000] {dag.py:4180} INFO - Setting next_dagrun for example_sla_dag to 2025-04-11 02:10:00+00:00, run_after=2025-04-11 02:12:00+00:00
[2025-04-11T02:12:54.016+0000] {processor.py:208} INFO - Processing /home/airflow/.local/lib/python3.12/site-packages/airflow/example_dags/example_sla_dag.py took 0.251 seconds
[2025-04-11T02:13:24.083+0000] {processor.py:186} INFO - Started process (PID=4206) to work on /home/airflow/.local/lib/python3.12/site-packages/airflow/example_dags/example_sla_dag.py
[2025-04-11T02:13:24.085+0000] {processor.py:914} INFO - Processing file /home/airflow/.local/lib/python3.12/site-packages/airflow/example_dags/example_sla_dag.py for tasks to queue
[2025-04-11T02:13:24.088+0000] {logging_mixin.py:190} INFO - [2025-04-11T02:13:24.087+0000] {dagbag.py:588} INFO - Filling up the DagBag from /home/airflow/.local/lib/python3.12/site-packages/airflow/example_dags/example_sla_dag.py
[2025-04-11T02:13:24.106+0000] {processor.py:925} INFO - DAG(s) 'example_sla_dag' retrieved from /home/airflow/.local/lib/python3.12/site-packages/airflow/example_dags/example_sla_dag.py
[2025-04-11T02:13:24.144+0000] {logging_mixin.py:190} INFO - [2025-04-11T02:13:24.144+0000] {dag.py:3239} INFO - Sync 1 DAGs
[2025-04-11T02:13:24.185+0000] {logging_mixin.py:190} INFO - [2025-04-11T02:13:24.185+0000] {dag.py:4180} INFO - Setting next_dagrun for example_sla_dag to 2025-04-11 02:10:00+00:00, run_after=2025-04-11 02:12:00+00:00
[2025-04-11T02:13:24.221+0000] {processor.py:208} INFO - Processing /home/airflow/.local/lib/python3.12/site-packages/airflow/example_dags/example_sla_dag.py took 0.146 seconds
[2025-04-11T02:13:56.213+0000] {processor.py:186} INFO - Started process (PID=4270) to work on /home/airflow/.local/lib/python3.12/site-packages/airflow/example_dags/example_sla_dag.py
[2025-04-11T02:13:56.214+0000] {processor.py:914} INFO - Processing file /home/airflow/.local/lib/python3.12/site-packages/airflow/example_dags/example_sla_dag.py for tasks to queue
[2025-04-11T02:13:56.215+0000] {logging_mixin.py:190} INFO - [2025-04-11T02:13:56.215+0000] {dagbag.py:588} INFO - Filling up the DagBag from /home/airflow/.local/lib/python3.12/site-packages/airflow/example_dags/example_sla_dag.py
[2025-04-11T02:13:56.224+0000] {processor.py:925} INFO - DAG(s) 'example_sla_dag' retrieved from /home/airflow/.local/lib/python3.12/site-packages/airflow/example_dags/example_sla_dag.py
[2025-04-11T02:13:56.241+0000] {logging_mixin.py:190} INFO - [2025-04-11T02:13:56.241+0000] {dag.py:3239} INFO - Sync 1 DAGs
[2025-04-11T02:13:56.259+0000] {logging_mixin.py:190} INFO - [2025-04-11T02:13:56.259+0000] {dag.py:4180} INFO - Setting next_dagrun for example_sla_dag to 2025-04-11 02:10:00+00:00, run_after=2025-04-11 02:12:00+00:00
[2025-04-11T02:13:56.278+0000] {processor.py:208} INFO - Processing /home/airflow/.local/lib/python3.12/site-packages/airflow/example_dags/example_sla_dag.py took 0.070 seconds
[2025-04-11T02:14:26.658+0000] {processor.py:186} INFO - Started process (PID=4335) to work on /home/airflow/.local/lib/python3.12/site-packages/airflow/example_dags/example_sla_dag.py
[2025-04-11T02:14:26.659+0000] {processor.py:914} INFO - Processing file /home/airflow/.local/lib/python3.12/site-packages/airflow/example_dags/example_sla_dag.py for tasks to queue
[2025-04-11T02:14:26.661+0000] {logging_mixin.py:190} INFO - [2025-04-11T02:14:26.660+0000] {dagbag.py:588} INFO - Filling up the DagBag from /home/airflow/.local/lib/python3.12/site-packages/airflow/example_dags/example_sla_dag.py
[2025-04-11T02:14:26.669+0000] {processor.py:925} INFO - DAG(s) 'example_sla_dag' retrieved from /home/airflow/.local/lib/python3.12/site-packages/airflow/example_dags/example_sla_dag.py
[2025-04-11T02:14:26.688+0000] {logging_mixin.py:190} INFO - [2025-04-11T02:14:26.688+0000] {dag.py:3239} INFO - Sync 1 DAGs
[2025-04-11T02:14:26.710+0000] {logging_mixin.py:190} INFO - [2025-04-11T02:14:26.710+0000] {dag.py:4180} INFO - Setting next_dagrun for example_sla_dag to 2025-04-11 02:12:00+00:00, run_after=2025-04-11 02:14:00+00:00
[2025-04-11T02:14:26.731+0000] {processor.py:208} INFO - Processing /home/airflow/.local/lib/python3.12/site-packages/airflow/example_dags/example_sla_dag.py took 0.077 seconds
[2025-04-11T02:14:57.826+0000] {processor.py:186} INFO - Started process (PID=4401) to work on /home/airflow/.local/lib/python3.12/site-packages/airflow/example_dags/example_sla_dag.py
[2025-04-11T02:14:57.829+0000] {processor.py:914} INFO - Processing file /home/airflow/.local/lib/python3.12/site-packages/airflow/example_dags/example_sla_dag.py for tasks to queue
[2025-04-11T02:14:57.832+0000] {logging_mixin.py:190} INFO - [2025-04-11T02:14:57.831+0000] {dagbag.py:588} INFO - Filling up the DagBag from /home/airflow/.local/lib/python3.12/site-packages/airflow/example_dags/example_sla_dag.py
[2025-04-11T02:14:57.855+0000] {processor.py:925} INFO - DAG(s) 'example_sla_dag' retrieved from /home/airflow/.local/lib/python3.12/site-packages/airflow/example_dags/example_sla_dag.py
[2025-04-11T02:14:57.896+0000] {logging_mixin.py:190} INFO - [2025-04-11T02:14:57.895+0000] {dag.py:3239} INFO - Sync 1 DAGs
[2025-04-11T02:14:57.969+0000] {logging_mixin.py:190} INFO - [2025-04-11T02:14:57.969+0000] {dag.py:4180} INFO - Setting next_dagrun for example_sla_dag to 2025-04-11 02:12:00+00:00, run_after=2025-04-11 02:14:00+00:00
[2025-04-11T02:14:58.011+0000] {processor.py:208} INFO - Processing /home/airflow/.local/lib/python3.12/site-packages/airflow/example_dags/example_sla_dag.py took 0.201 seconds
[2025-04-11T02:15:28.711+0000] {processor.py:186} INFO - Started process (PID=4466) to work on /home/airflow/.local/lib/python3.12/site-packages/airflow/example_dags/example_sla_dag.py
[2025-04-11T02:15:28.712+0000] {processor.py:914} INFO - Processing file /home/airflow/.local/lib/python3.12/site-packages/airflow/example_dags/example_sla_dag.py for tasks to queue
[2025-04-11T02:15:28.714+0000] {logging_mixin.py:190} INFO - [2025-04-11T02:15:28.713+0000] {dagbag.py:588} INFO - Filling up the DagBag from /home/airflow/.local/lib/python3.12/site-packages/airflow/example_dags/example_sla_dag.py
[2025-04-11T02:15:28.722+0000] {processor.py:925} INFO - DAG(s) 'example_sla_dag' retrieved from /home/airflow/.local/lib/python3.12/site-packages/airflow/example_dags/example_sla_dag.py
[2025-04-11T02:15:28.739+0000] {logging_mixin.py:190} INFO - [2025-04-11T02:15:28.739+0000] {dag.py:3239} INFO - Sync 1 DAGs
[2025-04-11T02:15:28.879+0000] {logging_mixin.py:190} INFO - [2025-04-11T02:15:28.879+0000] {dag.py:4180} INFO - Setting next_dagrun for example_sla_dag to 2025-04-11 02:12:00+00:00, run_after=2025-04-11 02:14:00+00:00
[2025-04-11T02:15:28.898+0000] {processor.py:208} INFO - Processing /home/airflow/.local/lib/python3.12/site-packages/airflow/example_dags/example_sla_dag.py took 0.192 seconds
