[2025-04-11T01:50:00.687+0000] {processor.py:186} INFO - Started process (PID=1280) to work on /home/airflow/.local/lib/python3.12/site-packages/airflow/example_dags/example_external_task_marker_dag.py
[2025-04-11T01:50:00.689+0000] {processor.py:914} INFO - Processing file /home/airflow/.local/lib/python3.12/site-packages/airflow/example_dags/example_external_task_marker_dag.py for tasks to queue
[2025-04-11T01:50:00.692+0000] {logging_mixin.py:190} INFO - [2025-04-11T01:50:00.692+0000] {dagbag.py:588} INFO - Filling up the DagBag from /home/airflow/.local/lib/python3.12/site-packages/airflow/example_dags/example_external_task_marker_dag.py
[2025-04-11T01:50:00.730+0000] {processor.py:925} INFO - DAG(s) 'example_external_task_marker_parent', 'example_external_task_marker_child' retrieved from /home/airflow/.local/lib/python3.12/site-packages/airflow/example_dags/example_external_task_marker_dag.py
[2025-04-11T01:50:00.767+0000] {logging_mixin.py:190} INFO - [2025-04-11T01:50:00.767+0000] {dag.py:3239} INFO - Sync 2 DAGs
[2025-04-11T01:50:00.805+0000] {logging_mixin.py:190} INFO - [2025-04-11T01:50:00.805+0000] {dag.py:4180} INFO - Setting next_dagrun for example_external_task_marker_child to None, run_after=None
[2025-04-11T01:50:00.814+0000] {logging_mixin.py:190} INFO - [2025-04-11T01:50:00.814+0000] {dag.py:4180} INFO - Setting next_dagrun for example_external_task_marker_parent to None, run_after=None
[2025-04-11T01:50:00.860+0000] {processor.py:208} INFO - Processing /home/airflow/.local/lib/python3.12/site-packages/airflow/example_dags/example_external_task_marker_dag.py took 0.183 seconds
[2025-04-11T01:50:31.040+0000] {processor.py:186} INFO - Started process (PID=1346) to work on /home/airflow/.local/lib/python3.12/site-packages/airflow/example_dags/example_external_task_marker_dag.py
[2025-04-11T01:50:31.042+0000] {processor.py:914} INFO - Processing file /home/airflow/.local/lib/python3.12/site-packages/airflow/example_dags/example_external_task_marker_dag.py for tasks to queue
[2025-04-11T01:50:31.044+0000] {logging_mixin.py:190} INFO - [2025-04-11T01:50:31.044+0000] {dagbag.py:588} INFO - Filling up the DagBag from /home/airflow/.local/lib/python3.12/site-packages/airflow/example_dags/example_external_task_marker_dag.py
[2025-04-11T01:50:31.053+0000] {processor.py:925} INFO - DAG(s) 'example_external_task_marker_child', 'example_external_task_marker_parent' retrieved from /home/airflow/.local/lib/python3.12/site-packages/airflow/example_dags/example_external_task_marker_dag.py
[2025-04-11T01:50:31.079+0000] {logging_mixin.py:190} INFO - [2025-04-11T01:50:31.079+0000] {dag.py:3239} INFO - Sync 2 DAGs
[2025-04-11T01:50:31.095+0000] {logging_mixin.py:190} INFO - [2025-04-11T01:50:31.094+0000] {dag.py:4180} INFO - Setting next_dagrun for example_external_task_marker_child to None, run_after=None
[2025-04-11T01:50:31.099+0000] {logging_mixin.py:190} INFO - [2025-04-11T01:50:31.099+0000] {dag.py:4180} INFO - Setting next_dagrun for example_external_task_marker_parent to None, run_after=None
[2025-04-11T01:50:31.120+0000] {processor.py:208} INFO - Processing /home/airflow/.local/lib/python3.12/site-packages/airflow/example_dags/example_external_task_marker_dag.py took 0.088 seconds
[2025-04-11T01:51:02.054+0000] {processor.py:186} INFO - Started process (PID=1411) to work on /home/airflow/.local/lib/python3.12/site-packages/airflow/example_dags/example_external_task_marker_dag.py
[2025-04-11T01:51:02.057+0000] {processor.py:914} INFO - Processing file /home/airflow/.local/lib/python3.12/site-packages/airflow/example_dags/example_external_task_marker_dag.py for tasks to queue
[2025-04-11T01:51:02.062+0000] {logging_mixin.py:190} INFO - [2025-04-11T01:51:02.060+0000] {dagbag.py:588} INFO - Filling up the DagBag from /home/airflow/.local/lib/python3.12/site-packages/airflow/example_dags/example_external_task_marker_dag.py
[2025-04-11T01:51:02.098+0000] {processor.py:925} INFO - DAG(s) 'example_external_task_marker_parent', 'example_external_task_marker_child' retrieved from /home/airflow/.local/lib/python3.12/site-packages/airflow/example_dags/example_external_task_marker_dag.py
[2025-04-11T01:51:02.167+0000] {logging_mixin.py:190} INFO - [2025-04-11T01:51:02.166+0000] {dag.py:3239} INFO - Sync 2 DAGs
[2025-04-11T01:51:02.207+0000] {logging_mixin.py:190} INFO - [2025-04-11T01:51:02.206+0000] {dag.py:4180} INFO - Setting next_dagrun for example_external_task_marker_child to None, run_after=None
[2025-04-11T01:51:02.220+0000] {logging_mixin.py:190} INFO - [2025-04-11T01:51:02.219+0000] {dag.py:4180} INFO - Setting next_dagrun for example_external_task_marker_parent to None, run_after=None
[2025-04-11T01:51:02.266+0000] {processor.py:208} INFO - Processing /home/airflow/.local/lib/python3.12/site-packages/airflow/example_dags/example_external_task_marker_dag.py took 0.235 seconds
[2025-04-11T01:51:32.817+0000] {processor.py:186} INFO - Started process (PID=1476) to work on /home/airflow/.local/lib/python3.12/site-packages/airflow/example_dags/example_external_task_marker_dag.py
[2025-04-11T01:51:32.820+0000] {processor.py:914} INFO - Processing file /home/airflow/.local/lib/python3.12/site-packages/airflow/example_dags/example_external_task_marker_dag.py for tasks to queue
[2025-04-11T01:51:32.822+0000] {logging_mixin.py:190} INFO - [2025-04-11T01:51:32.822+0000] {dagbag.py:588} INFO - Filling up the DagBag from /home/airflow/.local/lib/python3.12/site-packages/airflow/example_dags/example_external_task_marker_dag.py
[2025-04-11T01:51:32.843+0000] {processor.py:925} INFO - DAG(s) 'example_external_task_marker_child', 'example_external_task_marker_parent' retrieved from /home/airflow/.local/lib/python3.12/site-packages/airflow/example_dags/example_external_task_marker_dag.py
[2025-04-11T01:51:32.882+0000] {logging_mixin.py:190} INFO - [2025-04-11T01:51:32.882+0000] {dag.py:3239} INFO - Sync 2 DAGs
[2025-04-11T01:51:32.915+0000] {logging_mixin.py:190} INFO - [2025-04-11T01:51:32.915+0000] {dag.py:4180} INFO - Setting next_dagrun for example_external_task_marker_child to None, run_after=None
[2025-04-11T01:51:32.922+0000] {logging_mixin.py:190} INFO - [2025-04-11T01:51:32.922+0000] {dag.py:4180} INFO - Setting next_dagrun for example_external_task_marker_parent to None, run_after=None
[2025-04-11T01:51:32.951+0000] {processor.py:208} INFO - Processing /home/airflow/.local/lib/python3.12/site-packages/airflow/example_dags/example_external_task_marker_dag.py took 0.147 seconds
[2025-04-11T01:52:03.929+0000] {processor.py:186} INFO - Started process (PID=1541) to work on /home/airflow/.local/lib/python3.12/site-packages/airflow/example_dags/example_external_task_marker_dag.py
[2025-04-11T01:52:03.930+0000] {processor.py:914} INFO - Processing file /home/airflow/.local/lib/python3.12/site-packages/airflow/example_dags/example_external_task_marker_dag.py for tasks to queue
[2025-04-11T01:52:03.931+0000] {logging_mixin.py:190} INFO - [2025-04-11T01:52:03.931+0000] {dagbag.py:588} INFO - Filling up the DagBag from /home/airflow/.local/lib/python3.12/site-packages/airflow/example_dags/example_external_task_marker_dag.py
[2025-04-11T01:52:03.941+0000] {processor.py:925} INFO - DAG(s) 'example_external_task_marker_child', 'example_external_task_marker_parent' retrieved from /home/airflow/.local/lib/python3.12/site-packages/airflow/example_dags/example_external_task_marker_dag.py
[2025-04-11T01:52:03.967+0000] {logging_mixin.py:190} INFO - [2025-04-11T01:52:03.967+0000] {dag.py:3239} INFO - Sync 2 DAGs
[2025-04-11T01:52:03.985+0000] {logging_mixin.py:190} INFO - [2025-04-11T01:52:03.984+0000] {dag.py:4180} INFO - Setting next_dagrun for example_external_task_marker_child to None, run_after=None
[2025-04-11T01:52:03.989+0000] {logging_mixin.py:190} INFO - [2025-04-11T01:52:03.989+0000] {dag.py:4180} INFO - Setting next_dagrun for example_external_task_marker_parent to None, run_after=None
[2025-04-11T01:52:04.015+0000] {processor.py:208} INFO - Processing /home/airflow/.local/lib/python3.12/site-packages/airflow/example_dags/example_external_task_marker_dag.py took 0.091 seconds
[2025-04-11T01:52:34.585+0000] {processor.py:186} INFO - Started process (PID=1606) to work on /home/airflow/.local/lib/python3.12/site-packages/airflow/example_dags/example_external_task_marker_dag.py
[2025-04-11T01:52:34.586+0000] {processor.py:914} INFO - Processing file /home/airflow/.local/lib/python3.12/site-packages/airflow/example_dags/example_external_task_marker_dag.py for tasks to queue
[2025-04-11T01:52:34.588+0000] {logging_mixin.py:190} INFO - [2025-04-11T01:52:34.588+0000] {dagbag.py:588} INFO - Filling up the DagBag from /home/airflow/.local/lib/python3.12/site-packages/airflow/example_dags/example_external_task_marker_dag.py
[2025-04-11T01:52:34.597+0000] {processor.py:925} INFO - DAG(s) 'example_external_task_marker_parent', 'example_external_task_marker_child' retrieved from /home/airflow/.local/lib/python3.12/site-packages/airflow/example_dags/example_external_task_marker_dag.py
[2025-04-11T01:52:34.618+0000] {logging_mixin.py:190} INFO - [2025-04-11T01:52:34.618+0000] {dag.py:3239} INFO - Sync 2 DAGs
[2025-04-11T01:52:34.634+0000] {logging_mixin.py:190} INFO - [2025-04-11T01:52:34.634+0000] {dag.py:4180} INFO - Setting next_dagrun for example_external_task_marker_child to None, run_after=None
[2025-04-11T01:52:34.639+0000] {logging_mixin.py:190} INFO - [2025-04-11T01:52:34.639+0000] {dag.py:4180} INFO - Setting next_dagrun for example_external_task_marker_parent to None, run_after=None
[2025-04-11T01:52:34.661+0000] {processor.py:208} INFO - Processing /home/airflow/.local/lib/python3.12/site-packages/airflow/example_dags/example_external_task_marker_dag.py took 0.082 seconds
[2025-04-11T01:53:05.412+0000] {processor.py:186} INFO - Started process (PID=1671) to work on /home/airflow/.local/lib/python3.12/site-packages/airflow/example_dags/example_external_task_marker_dag.py
[2025-04-11T01:53:05.414+0000] {processor.py:914} INFO - Processing file /home/airflow/.local/lib/python3.12/site-packages/airflow/example_dags/example_external_task_marker_dag.py for tasks to queue
[2025-04-11T01:53:05.416+0000] {logging_mixin.py:190} INFO - [2025-04-11T01:53:05.416+0000] {dagbag.py:588} INFO - Filling up the DagBag from /home/airflow/.local/lib/python3.12/site-packages/airflow/example_dags/example_external_task_marker_dag.py
[2025-04-11T01:53:05.424+0000] {processor.py:925} INFO - DAG(s) 'example_external_task_marker_parent', 'example_external_task_marker_child' retrieved from /home/airflow/.local/lib/python3.12/site-packages/airflow/example_dags/example_external_task_marker_dag.py
[2025-04-11T01:53:05.449+0000] {logging_mixin.py:190} INFO - [2025-04-11T01:53:05.449+0000] {dag.py:3239} INFO - Sync 2 DAGs
[2025-04-11T01:53:05.465+0000] {logging_mixin.py:190} INFO - [2025-04-11T01:53:05.465+0000] {dag.py:4180} INFO - Setting next_dagrun for example_external_task_marker_child to None, run_after=None
[2025-04-11T01:53:05.469+0000] {logging_mixin.py:190} INFO - [2025-04-11T01:53:05.469+0000] {dag.py:4180} INFO - Setting next_dagrun for example_external_task_marker_parent to None, run_after=None
[2025-04-11T01:53:05.488+0000] {processor.py:208} INFO - Processing /home/airflow/.local/lib/python3.12/site-packages/airflow/example_dags/example_external_task_marker_dag.py took 0.081 seconds
[2025-04-11T01:53:36.291+0000] {processor.py:186} INFO - Started process (PID=1736) to work on /home/airflow/.local/lib/python3.12/site-packages/airflow/example_dags/example_external_task_marker_dag.py
[2025-04-11T01:53:36.292+0000] {processor.py:914} INFO - Processing file /home/airflow/.local/lib/python3.12/site-packages/airflow/example_dags/example_external_task_marker_dag.py for tasks to queue
[2025-04-11T01:53:36.294+0000] {logging_mixin.py:190} INFO - [2025-04-11T01:53:36.293+0000] {dagbag.py:588} INFO - Filling up the DagBag from /home/airflow/.local/lib/python3.12/site-packages/airflow/example_dags/example_external_task_marker_dag.py
[2025-04-11T01:53:36.302+0000] {processor.py:925} INFO - DAG(s) 'example_external_task_marker_parent', 'example_external_task_marker_child' retrieved from /home/airflow/.local/lib/python3.12/site-packages/airflow/example_dags/example_external_task_marker_dag.py
[2025-04-11T01:53:36.326+0000] {logging_mixin.py:190} INFO - [2025-04-11T01:53:36.325+0000] {dag.py:3239} INFO - Sync 2 DAGs
[2025-04-11T01:53:36.341+0000] {logging_mixin.py:190} INFO - [2025-04-11T01:53:36.341+0000] {dag.py:4180} INFO - Setting next_dagrun for example_external_task_marker_child to None, run_after=None
[2025-04-11T01:53:36.346+0000] {logging_mixin.py:190} INFO - [2025-04-11T01:53:36.345+0000] {dag.py:4180} INFO - Setting next_dagrun for example_external_task_marker_parent to None, run_after=None
[2025-04-11T01:53:36.367+0000] {processor.py:208} INFO - Processing /home/airflow/.local/lib/python3.12/site-packages/airflow/example_dags/example_external_task_marker_dag.py took 0.081 seconds
[2025-04-11T01:54:07.117+0000] {processor.py:186} INFO - Started process (PID=1801) to work on /home/airflow/.local/lib/python3.12/site-packages/airflow/example_dags/example_external_task_marker_dag.py
[2025-04-11T01:54:07.118+0000] {processor.py:914} INFO - Processing file /home/airflow/.local/lib/python3.12/site-packages/airflow/example_dags/example_external_task_marker_dag.py for tasks to queue
[2025-04-11T01:54:07.120+0000] {logging_mixin.py:190} INFO - [2025-04-11T01:54:07.120+0000] {dagbag.py:588} INFO - Filling up the DagBag from /home/airflow/.local/lib/python3.12/site-packages/airflow/example_dags/example_external_task_marker_dag.py
[2025-04-11T01:54:07.128+0000] {processor.py:925} INFO - DAG(s) 'example_external_task_marker_parent', 'example_external_task_marker_child' retrieved from /home/airflow/.local/lib/python3.12/site-packages/airflow/example_dags/example_external_task_marker_dag.py
[2025-04-11T01:54:07.148+0000] {logging_mixin.py:190} INFO - [2025-04-11T01:54:07.148+0000] {dag.py:3239} INFO - Sync 2 DAGs
[2025-04-11T01:54:07.163+0000] {logging_mixin.py:190} INFO - [2025-04-11T01:54:07.163+0000] {dag.py:4180} INFO - Setting next_dagrun for example_external_task_marker_child to None, run_after=None
[2025-04-11T01:54:07.166+0000] {logging_mixin.py:190} INFO - [2025-04-11T01:54:07.166+0000] {dag.py:4180} INFO - Setting next_dagrun for example_external_task_marker_parent to None, run_after=None
[2025-04-11T01:54:07.186+0000] {processor.py:208} INFO - Processing /home/airflow/.local/lib/python3.12/site-packages/airflow/example_dags/example_external_task_marker_dag.py took 0.074 seconds
[2025-04-11T01:54:37.974+0000] {processor.py:186} INFO - Started process (PID=1866) to work on /home/airflow/.local/lib/python3.12/site-packages/airflow/example_dags/example_external_task_marker_dag.py
[2025-04-11T01:54:37.975+0000] {processor.py:914} INFO - Processing file /home/airflow/.local/lib/python3.12/site-packages/airflow/example_dags/example_external_task_marker_dag.py for tasks to queue
[2025-04-11T01:54:37.977+0000] {logging_mixin.py:190} INFO - [2025-04-11T01:54:37.976+0000] {dagbag.py:588} INFO - Filling up the DagBag from /home/airflow/.local/lib/python3.12/site-packages/airflow/example_dags/example_external_task_marker_dag.py
[2025-04-11T01:54:37.984+0000] {processor.py:925} INFO - DAG(s) 'example_external_task_marker_child', 'example_external_task_marker_parent' retrieved from /home/airflow/.local/lib/python3.12/site-packages/airflow/example_dags/example_external_task_marker_dag.py
[2025-04-11T01:54:38.005+0000] {logging_mixin.py:190} INFO - [2025-04-11T01:54:38.005+0000] {dag.py:3239} INFO - Sync 2 DAGs
[2025-04-11T01:54:38.019+0000] {logging_mixin.py:190} INFO - [2025-04-11T01:54:38.019+0000] {dag.py:4180} INFO - Setting next_dagrun for example_external_task_marker_child to None, run_after=None
[2025-04-11T01:54:38.023+0000] {logging_mixin.py:190} INFO - [2025-04-11T01:54:38.023+0000] {dag.py:4180} INFO - Setting next_dagrun for example_external_task_marker_parent to None, run_after=None
[2025-04-11T01:54:38.041+0000] {processor.py:208} INFO - Processing /home/airflow/.local/lib/python3.12/site-packages/airflow/example_dags/example_external_task_marker_dag.py took 0.072 seconds
[2025-04-11T01:55:08.642+0000] {processor.py:186} INFO - Started process (PID=1931) to work on /home/airflow/.local/lib/python3.12/site-packages/airflow/example_dags/example_external_task_marker_dag.py
[2025-04-11T01:55:08.643+0000] {processor.py:914} INFO - Processing file /home/airflow/.local/lib/python3.12/site-packages/airflow/example_dags/example_external_task_marker_dag.py for tasks to queue
[2025-04-11T01:55:08.645+0000] {logging_mixin.py:190} INFO - [2025-04-11T01:55:08.645+0000] {dagbag.py:588} INFO - Filling up the DagBag from /home/airflow/.local/lib/python3.12/site-packages/airflow/example_dags/example_external_task_marker_dag.py
[2025-04-11T01:55:08.654+0000] {processor.py:925} INFO - DAG(s) 'example_external_task_marker_parent', 'example_external_task_marker_child' retrieved from /home/airflow/.local/lib/python3.12/site-packages/airflow/example_dags/example_external_task_marker_dag.py
[2025-04-11T01:55:08.675+0000] {logging_mixin.py:190} INFO - [2025-04-11T01:55:08.675+0000] {dag.py:3239} INFO - Sync 2 DAGs
[2025-04-11T01:55:08.690+0000] {logging_mixin.py:190} INFO - [2025-04-11T01:55:08.689+0000] {dag.py:4180} INFO - Setting next_dagrun for example_external_task_marker_child to None, run_after=None
[2025-04-11T01:55:08.693+0000] {logging_mixin.py:190} INFO - [2025-04-11T01:55:08.693+0000] {dag.py:4180} INFO - Setting next_dagrun for example_external_task_marker_parent to None, run_after=None
[2025-04-11T01:55:08.712+0000] {processor.py:208} INFO - Processing /home/airflow/.local/lib/python3.12/site-packages/airflow/example_dags/example_external_task_marker_dag.py took 0.076 seconds
[2025-04-11T01:55:38.887+0000] {processor.py:186} INFO - Started process (PID=1996) to work on /home/airflow/.local/lib/python3.12/site-packages/airflow/example_dags/example_external_task_marker_dag.py
[2025-04-11T01:55:38.888+0000] {processor.py:914} INFO - Processing file /home/airflow/.local/lib/python3.12/site-packages/airflow/example_dags/example_external_task_marker_dag.py for tasks to queue
[2025-04-11T01:55:38.889+0000] {logging_mixin.py:190} INFO - [2025-04-11T01:55:38.889+0000] {dagbag.py:588} INFO - Filling up the DagBag from /home/airflow/.local/lib/python3.12/site-packages/airflow/example_dags/example_external_task_marker_dag.py
[2025-04-11T01:55:38.897+0000] {processor.py:925} INFO - DAG(s) 'example_external_task_marker_child', 'example_external_task_marker_parent' retrieved from /home/airflow/.local/lib/python3.12/site-packages/airflow/example_dags/example_external_task_marker_dag.py
[2025-04-11T01:55:38.918+0000] {logging_mixin.py:190} INFO - [2025-04-11T01:55:38.918+0000] {dag.py:3239} INFO - Sync 2 DAGs
[2025-04-11T01:55:38.932+0000] {logging_mixin.py:190} INFO - [2025-04-11T01:55:38.932+0000] {dag.py:4180} INFO - Setting next_dagrun for example_external_task_marker_child to None, run_after=None
[2025-04-11T01:55:38.936+0000] {logging_mixin.py:190} INFO - [2025-04-11T01:55:38.936+0000] {dag.py:4180} INFO - Setting next_dagrun for example_external_task_marker_parent to None, run_after=None
[2025-04-11T01:55:38.954+0000] {processor.py:208} INFO - Processing /home/airflow/.local/lib/python3.12/site-packages/airflow/example_dags/example_external_task_marker_dag.py took 0.072 seconds
[2025-04-11T01:56:09.792+0000] {processor.py:186} INFO - Started process (PID=2062) to work on /home/airflow/.local/lib/python3.12/site-packages/airflow/example_dags/example_external_task_marker_dag.py
[2025-04-11T01:56:09.793+0000] {processor.py:914} INFO - Processing file /home/airflow/.local/lib/python3.12/site-packages/airflow/example_dags/example_external_task_marker_dag.py for tasks to queue
[2025-04-11T01:56:09.795+0000] {logging_mixin.py:190} INFO - [2025-04-11T01:56:09.794+0000] {dagbag.py:588} INFO - Filling up the DagBag from /home/airflow/.local/lib/python3.12/site-packages/airflow/example_dags/example_external_task_marker_dag.py
[2025-04-11T01:56:09.804+0000] {processor.py:925} INFO - DAG(s) 'example_external_task_marker_parent', 'example_external_task_marker_child' retrieved from /home/airflow/.local/lib/python3.12/site-packages/airflow/example_dags/example_external_task_marker_dag.py
[2025-04-11T01:56:09.824+0000] {logging_mixin.py:190} INFO - [2025-04-11T01:56:09.824+0000] {dag.py:3239} INFO - Sync 2 DAGs
[2025-04-11T01:56:09.841+0000] {logging_mixin.py:190} INFO - [2025-04-11T01:56:09.841+0000] {dag.py:4180} INFO - Setting next_dagrun for example_external_task_marker_child to None, run_after=None
[2025-04-11T01:56:09.846+0000] {logging_mixin.py:190} INFO - [2025-04-11T01:56:09.845+0000] {dag.py:4180} INFO - Setting next_dagrun for example_external_task_marker_parent to None, run_after=None
[2025-04-11T01:56:09.866+0000] {processor.py:208} INFO - Processing /home/airflow/.local/lib/python3.12/site-packages/airflow/example_dags/example_external_task_marker_dag.py took 0.079 seconds
[2025-04-11T01:56:42.846+0000] {processor.py:186} INFO - Started process (PID=2127) to work on /home/airflow/.local/lib/python3.12/site-packages/airflow/example_dags/example_external_task_marker_dag.py
[2025-04-11T01:56:42.848+0000] {processor.py:914} INFO - Processing file /home/airflow/.local/lib/python3.12/site-packages/airflow/example_dags/example_external_task_marker_dag.py for tasks to queue
[2025-04-11T01:56:42.851+0000] {logging_mixin.py:190} INFO - [2025-04-11T01:56:42.850+0000] {dagbag.py:588} INFO - Filling up the DagBag from /home/airflow/.local/lib/python3.12/site-packages/airflow/example_dags/example_external_task_marker_dag.py
[2025-04-11T01:56:42.874+0000] {processor.py:925} INFO - DAG(s) 'example_external_task_marker_child', 'example_external_task_marker_parent' retrieved from /home/airflow/.local/lib/python3.12/site-packages/airflow/example_dags/example_external_task_marker_dag.py
[2025-04-11T01:56:42.928+0000] {logging_mixin.py:190} INFO - [2025-04-11T01:56:42.928+0000] {dag.py:3239} INFO - Sync 2 DAGs
[2025-04-11T01:56:42.974+0000] {logging_mixin.py:190} INFO - [2025-04-11T01:56:42.974+0000] {dag.py:4180} INFO - Setting next_dagrun for example_external_task_marker_child to None, run_after=None
[2025-04-11T01:56:42.982+0000] {logging_mixin.py:190} INFO - [2025-04-11T01:56:42.982+0000] {dag.py:4180} INFO - Setting next_dagrun for example_external_task_marker_parent to None, run_after=None
[2025-04-11T01:56:43.031+0000] {processor.py:208} INFO - Processing /home/airflow/.local/lib/python3.12/site-packages/airflow/example_dags/example_external_task_marker_dag.py took 0.202 seconds
[2025-04-11T01:57:13.889+0000] {processor.py:186} INFO - Started process (PID=2192) to work on /home/airflow/.local/lib/python3.12/site-packages/airflow/example_dags/example_external_task_marker_dag.py
[2025-04-11T01:57:13.891+0000] {processor.py:914} INFO - Processing file /home/airflow/.local/lib/python3.12/site-packages/airflow/example_dags/example_external_task_marker_dag.py for tasks to queue
[2025-04-11T01:57:13.894+0000] {logging_mixin.py:190} INFO - [2025-04-11T01:57:13.893+0000] {dagbag.py:588} INFO - Filling up the DagBag from /home/airflow/.local/lib/python3.12/site-packages/airflow/example_dags/example_external_task_marker_dag.py
[2025-04-11T01:57:13.906+0000] {processor.py:925} INFO - DAG(s) 'example_external_task_marker_parent', 'example_external_task_marker_child' retrieved from /home/airflow/.local/lib/python3.12/site-packages/airflow/example_dags/example_external_task_marker_dag.py
[2025-04-11T01:57:13.948+0000] {logging_mixin.py:190} INFO - [2025-04-11T01:57:13.948+0000] {dag.py:3239} INFO - Sync 2 DAGs
[2025-04-11T01:57:13.980+0000] {logging_mixin.py:190} INFO - [2025-04-11T01:57:13.979+0000] {dag.py:4180} INFO - Setting next_dagrun for example_external_task_marker_child to None, run_after=None
[2025-04-11T01:57:13.989+0000] {logging_mixin.py:190} INFO - [2025-04-11T01:57:13.989+0000] {dag.py:4180} INFO - Setting next_dagrun for example_external_task_marker_parent to None, run_after=None
[2025-04-11T01:57:14.027+0000] {processor.py:208} INFO - Processing /home/airflow/.local/lib/python3.12/site-packages/airflow/example_dags/example_external_task_marker_dag.py took 0.151 seconds
[2025-04-11T01:57:44.466+0000] {processor.py:186} INFO - Started process (PID=2257) to work on /home/airflow/.local/lib/python3.12/site-packages/airflow/example_dags/example_external_task_marker_dag.py
[2025-04-11T01:57:44.468+0000] {processor.py:914} INFO - Processing file /home/airflow/.local/lib/python3.12/site-packages/airflow/example_dags/example_external_task_marker_dag.py for tasks to queue
[2025-04-11T01:57:44.470+0000] {logging_mixin.py:190} INFO - [2025-04-11T01:57:44.470+0000] {dagbag.py:588} INFO - Filling up the DagBag from /home/airflow/.local/lib/python3.12/site-packages/airflow/example_dags/example_external_task_marker_dag.py
[2025-04-11T01:57:44.489+0000] {processor.py:925} INFO - DAG(s) 'example_external_task_marker_parent', 'example_external_task_marker_child' retrieved from /home/airflow/.local/lib/python3.12/site-packages/airflow/example_dags/example_external_task_marker_dag.py
[2025-04-11T01:57:44.529+0000] {logging_mixin.py:190} INFO - [2025-04-11T01:57:44.529+0000] {dag.py:3239} INFO - Sync 2 DAGs
[2025-04-11T01:57:44.557+0000] {logging_mixin.py:190} INFO - [2025-04-11T01:57:44.556+0000] {dag.py:4180} INFO - Setting next_dagrun for example_external_task_marker_child to None, run_after=None
[2025-04-11T01:57:44.563+0000] {logging_mixin.py:190} INFO - [2025-04-11T01:57:44.562+0000] {dag.py:4180} INFO - Setting next_dagrun for example_external_task_marker_parent to None, run_after=None
[2025-04-11T01:57:44.593+0000] {processor.py:208} INFO - Processing /home/airflow/.local/lib/python3.12/site-packages/airflow/example_dags/example_external_task_marker_dag.py took 0.141 seconds
[2025-04-11T01:58:14.683+0000] {processor.py:186} INFO - Started process (PID=2321) to work on /home/airflow/.local/lib/python3.12/site-packages/airflow/example_dags/example_external_task_marker_dag.py
[2025-04-11T01:58:14.686+0000] {processor.py:914} INFO - Processing file /home/airflow/.local/lib/python3.12/site-packages/airflow/example_dags/example_external_task_marker_dag.py for tasks to queue
[2025-04-11T01:58:14.688+0000] {logging_mixin.py:190} INFO - [2025-04-11T01:58:14.688+0000] {dagbag.py:588} INFO - Filling up the DagBag from /home/airflow/.local/lib/python3.12/site-packages/airflow/example_dags/example_external_task_marker_dag.py
[2025-04-11T01:58:14.712+0000] {processor.py:925} INFO - DAG(s) 'example_external_task_marker_child', 'example_external_task_marker_parent' retrieved from /home/airflow/.local/lib/python3.12/site-packages/airflow/example_dags/example_external_task_marker_dag.py
[2025-04-11T01:58:14.761+0000] {logging_mixin.py:190} INFO - [2025-04-11T01:58:14.761+0000] {dag.py:3239} INFO - Sync 2 DAGs
[2025-04-11T01:58:14.786+0000] {logging_mixin.py:190} INFO - [2025-04-11T01:58:14.786+0000] {dag.py:4180} INFO - Setting next_dagrun for example_external_task_marker_child to None, run_after=None
[2025-04-11T01:58:14.791+0000] {logging_mixin.py:190} INFO - [2025-04-11T01:58:14.791+0000] {dag.py:4180} INFO - Setting next_dagrun for example_external_task_marker_parent to None, run_after=None
[2025-04-11T01:58:14.816+0000] {processor.py:208} INFO - Processing /home/airflow/.local/lib/python3.12/site-packages/airflow/example_dags/example_external_task_marker_dag.py took 0.149 seconds
[2025-04-11T01:58:46.116+0000] {processor.py:186} INFO - Started process (PID=2386) to work on /home/airflow/.local/lib/python3.12/site-packages/airflow/example_dags/example_external_task_marker_dag.py
[2025-04-11T01:58:46.119+0000] {processor.py:914} INFO - Processing file /home/airflow/.local/lib/python3.12/site-packages/airflow/example_dags/example_external_task_marker_dag.py for tasks to queue
[2025-04-11T01:58:46.121+0000] {logging_mixin.py:190} INFO - [2025-04-11T01:58:46.121+0000] {dagbag.py:588} INFO - Filling up the DagBag from /home/airflow/.local/lib/python3.12/site-packages/airflow/example_dags/example_external_task_marker_dag.py
[2025-04-11T01:58:46.145+0000] {processor.py:925} INFO - DAG(s) 'example_external_task_marker_child', 'example_external_task_marker_parent' retrieved from /home/airflow/.local/lib/python3.12/site-packages/airflow/example_dags/example_external_task_marker_dag.py
[2025-04-11T01:58:46.204+0000] {logging_mixin.py:190} INFO - [2025-04-11T01:58:46.203+0000] {dag.py:3239} INFO - Sync 2 DAGs
[2025-04-11T01:58:46.247+0000] {logging_mixin.py:190} INFO - [2025-04-11T01:58:46.246+0000] {dag.py:4180} INFO - Setting next_dagrun for example_external_task_marker_child to None, run_after=None
[2025-04-11T01:58:46.258+0000] {logging_mixin.py:190} INFO - [2025-04-11T01:58:46.257+0000] {dag.py:4180} INFO - Setting next_dagrun for example_external_task_marker_parent to None, run_after=None
[2025-04-11T01:58:46.298+0000] {processor.py:208} INFO - Processing /home/airflow/.local/lib/python3.12/site-packages/airflow/example_dags/example_external_task_marker_dag.py took 0.198 seconds
[2025-04-11T01:59:16.618+0000] {processor.py:186} INFO - Started process (PID=2452) to work on /home/airflow/.local/lib/python3.12/site-packages/airflow/example_dags/example_external_task_marker_dag.py
[2025-04-11T01:59:16.620+0000] {processor.py:914} INFO - Processing file /home/airflow/.local/lib/python3.12/site-packages/airflow/example_dags/example_external_task_marker_dag.py for tasks to queue
[2025-04-11T01:59:16.622+0000] {logging_mixin.py:190} INFO - [2025-04-11T01:59:16.622+0000] {dagbag.py:588} INFO - Filling up the DagBag from /home/airflow/.local/lib/python3.12/site-packages/airflow/example_dags/example_external_task_marker_dag.py
[2025-04-11T01:59:16.645+0000] {processor.py:925} INFO - DAG(s) 'example_external_task_marker_parent', 'example_external_task_marker_child' retrieved from /home/airflow/.local/lib/python3.12/site-packages/airflow/example_dags/example_external_task_marker_dag.py
[2025-04-11T01:59:16.700+0000] {logging_mixin.py:190} INFO - [2025-04-11T01:59:16.699+0000] {dag.py:3239} INFO - Sync 2 DAGs
[2025-04-11T01:59:16.755+0000] {logging_mixin.py:190} INFO - [2025-04-11T01:59:16.754+0000] {dag.py:4180} INFO - Setting next_dagrun for example_external_task_marker_child to None, run_after=None
[2025-04-11T01:59:16.761+0000] {logging_mixin.py:190} INFO - [2025-04-11T01:59:16.761+0000] {dag.py:4180} INFO - Setting next_dagrun for example_external_task_marker_parent to None, run_after=None
[2025-04-11T01:59:16.796+0000] {processor.py:208} INFO - Processing /home/airflow/.local/lib/python3.12/site-packages/airflow/example_dags/example_external_task_marker_dag.py took 0.194 seconds
[2025-04-11T01:59:51.464+0000] {processor.py:186} INFO - Started process (PID=2517) to work on /home/airflow/.local/lib/python3.12/site-packages/airflow/example_dags/example_external_task_marker_dag.py
[2025-04-11T01:59:51.468+0000] {processor.py:914} INFO - Processing file /home/airflow/.local/lib/python3.12/site-packages/airflow/example_dags/example_external_task_marker_dag.py for tasks to queue
[2025-04-11T01:59:51.473+0000] {logging_mixin.py:190} INFO - [2025-04-11T01:59:51.472+0000] {dagbag.py:588} INFO - Filling up the DagBag from /home/airflow/.local/lib/python3.12/site-packages/airflow/example_dags/example_external_task_marker_dag.py
[2025-04-11T01:59:51.501+0000] {processor.py:925} INFO - DAG(s) 'example_external_task_marker_child', 'example_external_task_marker_parent' retrieved from /home/airflow/.local/lib/python3.12/site-packages/airflow/example_dags/example_external_task_marker_dag.py
[2025-04-11T01:59:51.573+0000] {logging_mixin.py:190} INFO - [2025-04-11T01:59:51.573+0000] {dag.py:3239} INFO - Sync 2 DAGs
[2025-04-11T01:59:51.629+0000] {logging_mixin.py:190} INFO - [2025-04-11T01:59:51.628+0000] {dag.py:4180} INFO - Setting next_dagrun for example_external_task_marker_child to None, run_after=None
[2025-04-11T01:59:51.645+0000] {logging_mixin.py:190} INFO - [2025-04-11T01:59:51.645+0000] {dag.py:4180} INFO - Setting next_dagrun for example_external_task_marker_parent to None, run_after=None
[2025-04-11T01:59:51.700+0000] {processor.py:208} INFO - Processing /home/airflow/.local/lib/python3.12/site-packages/airflow/example_dags/example_external_task_marker_dag.py took 0.261 seconds
[2025-04-11T02:00:23.485+0000] {processor.py:186} INFO - Started process (PID=2582) to work on /home/airflow/.local/lib/python3.12/site-packages/airflow/example_dags/example_external_task_marker_dag.py
[2025-04-11T02:00:23.487+0000] {processor.py:914} INFO - Processing file /home/airflow/.local/lib/python3.12/site-packages/airflow/example_dags/example_external_task_marker_dag.py for tasks to queue
[2025-04-11T02:00:23.491+0000] {logging_mixin.py:190} INFO - [2025-04-11T02:00:23.490+0000] {dagbag.py:588} INFO - Filling up the DagBag from /home/airflow/.local/lib/python3.12/site-packages/airflow/example_dags/example_external_task_marker_dag.py
[2025-04-11T02:00:23.519+0000] {processor.py:925} INFO - DAG(s) 'example_external_task_marker_child', 'example_external_task_marker_parent' retrieved from /home/airflow/.local/lib/python3.12/site-packages/airflow/example_dags/example_external_task_marker_dag.py
[2025-04-11T02:00:23.608+0000] {logging_mixin.py:190} INFO - [2025-04-11T02:00:23.607+0000] {dag.py:3239} INFO - Sync 2 DAGs
[2025-04-11T02:00:23.669+0000] {logging_mixin.py:190} INFO - [2025-04-11T02:00:23.668+0000] {dag.py:4180} INFO - Setting next_dagrun for example_external_task_marker_child to None, run_after=None
[2025-04-11T02:00:23.698+0000] {logging_mixin.py:190} INFO - [2025-04-11T02:00:23.687+0000] {dag.py:4180} INFO - Setting next_dagrun for example_external_task_marker_parent to None, run_after=None
[2025-04-11T02:00:23.792+0000] {processor.py:208} INFO - Processing /home/airflow/.local/lib/python3.12/site-packages/airflow/example_dags/example_external_task_marker_dag.py took 0.329 seconds
[2025-04-11T02:00:55.721+0000] {processor.py:186} INFO - Started process (PID=2651) to work on /home/airflow/.local/lib/python3.12/site-packages/airflow/example_dags/example_external_task_marker_dag.py
[2025-04-11T02:00:55.724+0000] {processor.py:914} INFO - Processing file /home/airflow/.local/lib/python3.12/site-packages/airflow/example_dags/example_external_task_marker_dag.py for tasks to queue
[2025-04-11T02:00:55.727+0000] {logging_mixin.py:190} INFO - [2025-04-11T02:00:55.726+0000] {dagbag.py:588} INFO - Filling up the DagBag from /home/airflow/.local/lib/python3.12/site-packages/airflow/example_dags/example_external_task_marker_dag.py
[2025-04-11T02:00:55.749+0000] {processor.py:925} INFO - DAG(s) 'example_external_task_marker_child', 'example_external_task_marker_parent' retrieved from /home/airflow/.local/lib/python3.12/site-packages/airflow/example_dags/example_external_task_marker_dag.py
[2025-04-11T02:00:55.811+0000] {logging_mixin.py:190} INFO - [2025-04-11T02:00:55.810+0000] {dag.py:3239} INFO - Sync 2 DAGs
[2025-04-11T02:00:55.860+0000] {logging_mixin.py:190} INFO - [2025-04-11T02:00:55.859+0000] {dag.py:4180} INFO - Setting next_dagrun for example_external_task_marker_child to None, run_after=None
[2025-04-11T02:00:55.872+0000] {logging_mixin.py:190} INFO - [2025-04-11T02:00:55.871+0000] {dag.py:4180} INFO - Setting next_dagrun for example_external_task_marker_parent to None, run_after=None
[2025-04-11T02:00:55.933+0000] {processor.py:208} INFO - Processing /home/airflow/.local/lib/python3.12/site-packages/airflow/example_dags/example_external_task_marker_dag.py took 0.225 seconds
[2025-04-11T02:01:28.729+0000] {processor.py:186} INFO - Started process (PID=2724) to work on /home/airflow/.local/lib/python3.12/site-packages/airflow/example_dags/example_external_task_marker_dag.py
[2025-04-11T02:01:28.732+0000] {processor.py:914} INFO - Processing file /home/airflow/.local/lib/python3.12/site-packages/airflow/example_dags/example_external_task_marker_dag.py for tasks to queue
[2025-04-11T02:01:28.741+0000] {logging_mixin.py:190} INFO - [2025-04-11T02:01:28.738+0000] {dagbag.py:588} INFO - Filling up the DagBag from /home/airflow/.local/lib/python3.12/site-packages/airflow/example_dags/example_external_task_marker_dag.py
[2025-04-11T02:01:28.765+0000] {processor.py:925} INFO - DAG(s) 'example_external_task_marker_child', 'example_external_task_marker_parent' retrieved from /home/airflow/.local/lib/python3.12/site-packages/airflow/example_dags/example_external_task_marker_dag.py
[2025-04-11T02:01:28.835+0000] {logging_mixin.py:190} INFO - [2025-04-11T02:01:28.834+0000] {dag.py:3239} INFO - Sync 2 DAGs
[2025-04-11T02:01:28.899+0000] {logging_mixin.py:190} INFO - [2025-04-11T02:01:28.896+0000] {dag.py:4180} INFO - Setting next_dagrun for example_external_task_marker_child to None, run_after=None
[2025-04-11T02:01:28.911+0000] {logging_mixin.py:190} INFO - [2025-04-11T02:01:28.911+0000] {dag.py:4180} INFO - Setting next_dagrun for example_external_task_marker_parent to None, run_after=None
[2025-04-11T02:01:28.960+0000] {processor.py:208} INFO - Processing /home/airflow/.local/lib/python3.12/site-packages/airflow/example_dags/example_external_task_marker_dag.py took 0.250 seconds
[2025-04-11T02:02:01.169+0000] {processor.py:186} INFO - Started process (PID=2790) to work on /home/airflow/.local/lib/python3.12/site-packages/airflow/example_dags/example_external_task_marker_dag.py
[2025-04-11T02:02:01.172+0000] {processor.py:914} INFO - Processing file /home/airflow/.local/lib/python3.12/site-packages/airflow/example_dags/example_external_task_marker_dag.py for tasks to queue
[2025-04-11T02:02:01.176+0000] {logging_mixin.py:190} INFO - [2025-04-11T02:02:01.175+0000] {dagbag.py:588} INFO - Filling up the DagBag from /home/airflow/.local/lib/python3.12/site-packages/airflow/example_dags/example_external_task_marker_dag.py
[2025-04-11T02:02:01.201+0000] {processor.py:925} INFO - DAG(s) 'example_external_task_marker_child', 'example_external_task_marker_parent' retrieved from /home/airflow/.local/lib/python3.12/site-packages/airflow/example_dags/example_external_task_marker_dag.py
[2025-04-11T02:02:01.269+0000] {logging_mixin.py:190} INFO - [2025-04-11T02:02:01.268+0000] {dag.py:3239} INFO - Sync 2 DAGs
[2025-04-11T02:02:01.318+0000] {logging_mixin.py:190} INFO - [2025-04-11T02:02:01.317+0000] {dag.py:4180} INFO - Setting next_dagrun for example_external_task_marker_child to None, run_after=None
[2025-04-11T02:02:01.329+0000] {logging_mixin.py:190} INFO - [2025-04-11T02:02:01.329+0000] {dag.py:4180} INFO - Setting next_dagrun for example_external_task_marker_parent to None, run_after=None
[2025-04-11T02:02:01.379+0000] {processor.py:208} INFO - Processing /home/airflow/.local/lib/python3.12/site-packages/airflow/example_dags/example_external_task_marker_dag.py took 0.233 seconds
[2025-04-11T02:02:32.863+0000] {processor.py:186} INFO - Started process (PID=2855) to work on /home/airflow/.local/lib/python3.12/site-packages/airflow/example_dags/example_external_task_marker_dag.py
[2025-04-11T02:02:32.865+0000] {processor.py:914} INFO - Processing file /home/airflow/.local/lib/python3.12/site-packages/airflow/example_dags/example_external_task_marker_dag.py for tasks to queue
[2025-04-11T02:02:32.868+0000] {logging_mixin.py:190} INFO - [2025-04-11T02:02:32.868+0000] {dagbag.py:588} INFO - Filling up the DagBag from /home/airflow/.local/lib/python3.12/site-packages/airflow/example_dags/example_external_task_marker_dag.py
[2025-04-11T02:02:32.887+0000] {processor.py:925} INFO - DAG(s) 'example_external_task_marker_parent', 'example_external_task_marker_child' retrieved from /home/airflow/.local/lib/python3.12/site-packages/airflow/example_dags/example_external_task_marker_dag.py
[2025-04-11T02:02:32.943+0000] {logging_mixin.py:190} INFO - [2025-04-11T02:02:32.943+0000] {dag.py:3239} INFO - Sync 2 DAGs
[2025-04-11T02:02:32.991+0000] {logging_mixin.py:190} INFO - [2025-04-11T02:02:32.989+0000] {dag.py:4180} INFO - Setting next_dagrun for example_external_task_marker_child to None, run_after=None
[2025-04-11T02:02:33.001+0000] {logging_mixin.py:190} INFO - [2025-04-11T02:02:33.001+0000] {dag.py:4180} INFO - Setting next_dagrun for example_external_task_marker_parent to None, run_after=None
[2025-04-11T02:02:33.054+0000] {processor.py:208} INFO - Processing /home/airflow/.local/lib/python3.12/site-packages/airflow/example_dags/example_external_task_marker_dag.py took 0.208 seconds
[2025-04-11T02:03:03.855+0000] {processor.py:186} INFO - Started process (PID=2920) to work on /home/airflow/.local/lib/python3.12/site-packages/airflow/example_dags/example_external_task_marker_dag.py
[2025-04-11T02:03:03.857+0000] {processor.py:914} INFO - Processing file /home/airflow/.local/lib/python3.12/site-packages/airflow/example_dags/example_external_task_marker_dag.py for tasks to queue
[2025-04-11T02:03:03.860+0000] {logging_mixin.py:190} INFO - [2025-04-11T02:03:03.859+0000] {dagbag.py:588} INFO - Filling up the DagBag from /home/airflow/.local/lib/python3.12/site-packages/airflow/example_dags/example_external_task_marker_dag.py
[2025-04-11T02:03:03.884+0000] {processor.py:925} INFO - DAG(s) 'example_external_task_marker_parent', 'example_external_task_marker_child' retrieved from /home/airflow/.local/lib/python3.12/site-packages/airflow/example_dags/example_external_task_marker_dag.py
[2025-04-11T02:03:03.944+0000] {logging_mixin.py:190} INFO - [2025-04-11T02:03:03.944+0000] {dag.py:3239} INFO - Sync 2 DAGs
[2025-04-11T02:03:03.997+0000] {logging_mixin.py:190} INFO - [2025-04-11T02:03:03.995+0000] {dag.py:4180} INFO - Setting next_dagrun for example_external_task_marker_child to None, run_after=None
[2025-04-11T02:03:04.010+0000] {logging_mixin.py:190} INFO - [2025-04-11T02:03:04.009+0000] {dag.py:4180} INFO - Setting next_dagrun for example_external_task_marker_parent to None, run_after=None
[2025-04-11T02:03:04.055+0000] {processor.py:208} INFO - Processing /home/airflow/.local/lib/python3.12/site-packages/airflow/example_dags/example_external_task_marker_dag.py took 0.213 seconds
[2025-04-11T02:03:34.539+0000] {processor.py:186} INFO - Started process (PID=2985) to work on /home/airflow/.local/lib/python3.12/site-packages/airflow/example_dags/example_external_task_marker_dag.py
[2025-04-11T02:03:34.542+0000] {processor.py:914} INFO - Processing file /home/airflow/.local/lib/python3.12/site-packages/airflow/example_dags/example_external_task_marker_dag.py for tasks to queue
[2025-04-11T02:03:34.545+0000] {logging_mixin.py:190} INFO - [2025-04-11T02:03:34.544+0000] {dagbag.py:588} INFO - Filling up the DagBag from /home/airflow/.local/lib/python3.12/site-packages/airflow/example_dags/example_external_task_marker_dag.py
[2025-04-11T02:03:34.577+0000] {processor.py:925} INFO - DAG(s) 'example_external_task_marker_child', 'example_external_task_marker_parent' retrieved from /home/airflow/.local/lib/python3.12/site-packages/airflow/example_dags/example_external_task_marker_dag.py
[2025-04-11T02:03:34.635+0000] {logging_mixin.py:190} INFO - [2025-04-11T02:03:34.634+0000] {dag.py:3239} INFO - Sync 2 DAGs
[2025-04-11T02:03:34.677+0000] {logging_mixin.py:190} INFO - [2025-04-11T02:03:34.677+0000] {dag.py:4180} INFO - Setting next_dagrun for example_external_task_marker_child to None, run_after=None
[2025-04-11T02:03:34.683+0000] {logging_mixin.py:190} INFO - [2025-04-11T02:03:34.683+0000] {dag.py:4180} INFO - Setting next_dagrun for example_external_task_marker_parent to None, run_after=None
[2025-04-11T02:03:34.716+0000] {processor.py:208} INFO - Processing /home/airflow/.local/lib/python3.12/site-packages/airflow/example_dags/example_external_task_marker_dag.py took 0.195 seconds
[2025-04-11T02:04:05.487+0000] {processor.py:186} INFO - Started process (PID=3050) to work on /home/airflow/.local/lib/python3.12/site-packages/airflow/example_dags/example_external_task_marker_dag.py
[2025-04-11T02:04:05.489+0000] {processor.py:914} INFO - Processing file /home/airflow/.local/lib/python3.12/site-packages/airflow/example_dags/example_external_task_marker_dag.py for tasks to queue
[2025-04-11T02:04:05.493+0000] {logging_mixin.py:190} INFO - [2025-04-11T02:04:05.492+0000] {dagbag.py:588} INFO - Filling up the DagBag from /home/airflow/.local/lib/python3.12/site-packages/airflow/example_dags/example_external_task_marker_dag.py
[2025-04-11T02:04:05.518+0000] {processor.py:925} INFO - DAG(s) 'example_external_task_marker_child', 'example_external_task_marker_parent' retrieved from /home/airflow/.local/lib/python3.12/site-packages/airflow/example_dags/example_external_task_marker_dag.py
[2025-04-11T02:04:05.557+0000] {logging_mixin.py:190} INFO - [2025-04-11T02:04:05.556+0000] {dag.py:3239} INFO - Sync 2 DAGs
[2025-04-11T02:04:05.599+0000] {logging_mixin.py:190} INFO - [2025-04-11T02:04:05.598+0000] {dag.py:4180} INFO - Setting next_dagrun for example_external_task_marker_child to None, run_after=None
[2025-04-11T02:04:05.606+0000] {logging_mixin.py:190} INFO - [2025-04-11T02:04:05.605+0000] {dag.py:4180} INFO - Setting next_dagrun for example_external_task_marker_parent to None, run_after=None
[2025-04-11T02:04:05.645+0000] {processor.py:208} INFO - Processing /home/airflow/.local/lib/python3.12/site-packages/airflow/example_dags/example_external_task_marker_dag.py took 0.167 seconds
[2025-04-11T02:04:37.174+0000] {processor.py:186} INFO - Started process (PID=3116) to work on /home/airflow/.local/lib/python3.12/site-packages/airflow/example_dags/example_external_task_marker_dag.py
[2025-04-11T02:04:37.176+0000] {processor.py:914} INFO - Processing file /home/airflow/.local/lib/python3.12/site-packages/airflow/example_dags/example_external_task_marker_dag.py for tasks to queue
[2025-04-11T02:04:37.181+0000] {logging_mixin.py:190} INFO - [2025-04-11T02:04:37.180+0000] {dagbag.py:588} INFO - Filling up the DagBag from /home/airflow/.local/lib/python3.12/site-packages/airflow/example_dags/example_external_task_marker_dag.py
[2025-04-11T02:04:37.208+0000] {processor.py:925} INFO - DAG(s) 'example_external_task_marker_parent', 'example_external_task_marker_child' retrieved from /home/airflow/.local/lib/python3.12/site-packages/airflow/example_dags/example_external_task_marker_dag.py
[2025-04-11T02:04:37.265+0000] {logging_mixin.py:190} INFO - [2025-04-11T02:04:37.264+0000] {dag.py:3239} INFO - Sync 2 DAGs
[2025-04-11T02:04:37.306+0000] {logging_mixin.py:190} INFO - [2025-04-11T02:04:37.306+0000] {dag.py:4180} INFO - Setting next_dagrun for example_external_task_marker_child to None, run_after=None
[2025-04-11T02:04:37.317+0000] {logging_mixin.py:190} INFO - [2025-04-11T02:04:37.316+0000] {dag.py:4180} INFO - Setting next_dagrun for example_external_task_marker_parent to None, run_after=None
[2025-04-11T02:04:37.364+0000] {processor.py:208} INFO - Processing /home/airflow/.local/lib/python3.12/site-packages/airflow/example_dags/example_external_task_marker_dag.py took 0.206 seconds
[2025-04-11T02:05:08.033+0000] {processor.py:186} INFO - Started process (PID=3181) to work on /home/airflow/.local/lib/python3.12/site-packages/airflow/example_dags/example_external_task_marker_dag.py
[2025-04-11T02:05:08.036+0000] {processor.py:914} INFO - Processing file /home/airflow/.local/lib/python3.12/site-packages/airflow/example_dags/example_external_task_marker_dag.py for tasks to queue
[2025-04-11T02:05:08.041+0000] {logging_mixin.py:190} INFO - [2025-04-11T02:05:08.040+0000] {dagbag.py:588} INFO - Filling up the DagBag from /home/airflow/.local/lib/python3.12/site-packages/airflow/example_dags/example_external_task_marker_dag.py
[2025-04-11T02:05:08.071+0000] {processor.py:925} INFO - DAG(s) 'example_external_task_marker_child', 'example_external_task_marker_parent' retrieved from /home/airflow/.local/lib/python3.12/site-packages/airflow/example_dags/example_external_task_marker_dag.py
[2025-04-11T02:05:08.142+0000] {logging_mixin.py:190} INFO - [2025-04-11T02:05:08.141+0000] {dag.py:3239} INFO - Sync 2 DAGs
[2025-04-11T02:05:08.188+0000] {logging_mixin.py:190} INFO - [2025-04-11T02:05:08.188+0000] {dag.py:4180} INFO - Setting next_dagrun for example_external_task_marker_child to None, run_after=None
[2025-04-11T02:05:08.199+0000] {logging_mixin.py:190} INFO - [2025-04-11T02:05:08.199+0000] {dag.py:4180} INFO - Setting next_dagrun for example_external_task_marker_parent to None, run_after=None
[2025-04-11T02:05:08.296+0000] {processor.py:208} INFO - Processing /home/airflow/.local/lib/python3.12/site-packages/airflow/example_dags/example_external_task_marker_dag.py took 0.281 seconds
[2025-04-11T02:05:38.791+0000] {processor.py:186} INFO - Started process (PID=3244) to work on /home/airflow/.local/lib/python3.12/site-packages/airflow/example_dags/example_external_task_marker_dag.py
[2025-04-11T02:05:38.793+0000] {processor.py:914} INFO - Processing file /home/airflow/.local/lib/python3.12/site-packages/airflow/example_dags/example_external_task_marker_dag.py for tasks to queue
[2025-04-11T02:05:38.797+0000] {logging_mixin.py:190} INFO - [2025-04-11T02:05:38.796+0000] {dagbag.py:588} INFO - Filling up the DagBag from /home/airflow/.local/lib/python3.12/site-packages/airflow/example_dags/example_external_task_marker_dag.py
[2025-04-11T02:05:38.821+0000] {processor.py:925} INFO - DAG(s) 'example_external_task_marker_parent', 'example_external_task_marker_child' retrieved from /home/airflow/.local/lib/python3.12/site-packages/airflow/example_dags/example_external_task_marker_dag.py
[2025-04-11T02:05:38.877+0000] {logging_mixin.py:190} INFO - [2025-04-11T02:05:38.876+0000] {dag.py:3239} INFO - Sync 2 DAGs
[2025-04-11T02:05:38.920+0000] {logging_mixin.py:190} INFO - [2025-04-11T02:05:38.919+0000] {dag.py:4180} INFO - Setting next_dagrun for example_external_task_marker_child to None, run_after=None
[2025-04-11T02:05:38.927+0000] {logging_mixin.py:190} INFO - [2025-04-11T02:05:38.927+0000] {dag.py:4180} INFO - Setting next_dagrun for example_external_task_marker_parent to None, run_after=None
[2025-04-11T02:05:38.968+0000] {processor.py:208} INFO - Processing /home/airflow/.local/lib/python3.12/site-packages/airflow/example_dags/example_external_task_marker_dag.py took 0.194 seconds
[2025-04-11T02:06:09.581+0000] {processor.py:186} INFO - Started process (PID=3309) to work on /home/airflow/.local/lib/python3.12/site-packages/airflow/example_dags/example_external_task_marker_dag.py
[2025-04-11T02:06:09.582+0000] {processor.py:914} INFO - Processing file /home/airflow/.local/lib/python3.12/site-packages/airflow/example_dags/example_external_task_marker_dag.py for tasks to queue
[2025-04-11T02:06:09.584+0000] {logging_mixin.py:190} INFO - [2025-04-11T02:06:09.584+0000] {dagbag.py:588} INFO - Filling up the DagBag from /home/airflow/.local/lib/python3.12/site-packages/airflow/example_dags/example_external_task_marker_dag.py
[2025-04-11T02:06:09.600+0000] {processor.py:925} INFO - DAG(s) 'example_external_task_marker_child', 'example_external_task_marker_parent' retrieved from /home/airflow/.local/lib/python3.12/site-packages/airflow/example_dags/example_external_task_marker_dag.py
[2025-04-11T02:06:09.653+0000] {logging_mixin.py:190} INFO - [2025-04-11T02:06:09.652+0000] {dag.py:3239} INFO - Sync 2 DAGs
[2025-04-11T02:06:09.710+0000] {logging_mixin.py:190} INFO - [2025-04-11T02:06:09.710+0000] {dag.py:4180} INFO - Setting next_dagrun for example_external_task_marker_child to None, run_after=None
[2025-04-11T02:06:09.723+0000] {logging_mixin.py:190} INFO - [2025-04-11T02:06:09.723+0000] {dag.py:4180} INFO - Setting next_dagrun for example_external_task_marker_parent to None, run_after=None
[2025-04-11T02:06:09.771+0000] {processor.py:208} INFO - Processing /home/airflow/.local/lib/python3.12/site-packages/airflow/example_dags/example_external_task_marker_dag.py took 0.198 seconds
[2025-04-11T02:06:40.350+0000] {processor.py:186} INFO - Started process (PID=3374) to work on /home/airflow/.local/lib/python3.12/site-packages/airflow/example_dags/example_external_task_marker_dag.py
[2025-04-11T02:06:40.352+0000] {processor.py:914} INFO - Processing file /home/airflow/.local/lib/python3.12/site-packages/airflow/example_dags/example_external_task_marker_dag.py for tasks to queue
[2025-04-11T02:06:40.354+0000] {logging_mixin.py:190} INFO - [2025-04-11T02:06:40.353+0000] {dagbag.py:588} INFO - Filling up the DagBag from /home/airflow/.local/lib/python3.12/site-packages/airflow/example_dags/example_external_task_marker_dag.py
[2025-04-11T02:06:40.365+0000] {processor.py:925} INFO - DAG(s) 'example_external_task_marker_child', 'example_external_task_marker_parent' retrieved from /home/airflow/.local/lib/python3.12/site-packages/airflow/example_dags/example_external_task_marker_dag.py
[2025-04-11T02:06:40.392+0000] {logging_mixin.py:190} INFO - [2025-04-11T02:06:40.392+0000] {dag.py:3239} INFO - Sync 2 DAGs
[2025-04-11T02:06:40.411+0000] {logging_mixin.py:190} INFO - [2025-04-11T02:06:40.411+0000] {dag.py:4180} INFO - Setting next_dagrun for example_external_task_marker_child to None, run_after=None
[2025-04-11T02:06:40.417+0000] {logging_mixin.py:190} INFO - [2025-04-11T02:06:40.416+0000] {dag.py:4180} INFO - Setting next_dagrun for example_external_task_marker_parent to None, run_after=None
[2025-04-11T02:06:40.440+0000] {processor.py:208} INFO - Processing /home/airflow/.local/lib/python3.12/site-packages/airflow/example_dags/example_external_task_marker_dag.py took 0.098 seconds
[2025-04-11T02:07:11.382+0000] {processor.py:186} INFO - Started process (PID=3439) to work on /home/airflow/.local/lib/python3.12/site-packages/airflow/example_dags/example_external_task_marker_dag.py
[2025-04-11T02:07:11.383+0000] {processor.py:914} INFO - Processing file /home/airflow/.local/lib/python3.12/site-packages/airflow/example_dags/example_external_task_marker_dag.py for tasks to queue
[2025-04-11T02:07:11.386+0000] {logging_mixin.py:190} INFO - [2025-04-11T02:07:11.385+0000] {dagbag.py:588} INFO - Filling up the DagBag from /home/airflow/.local/lib/python3.12/site-packages/airflow/example_dags/example_external_task_marker_dag.py
[2025-04-11T02:07:11.404+0000] {processor.py:925} INFO - DAG(s) 'example_external_task_marker_parent', 'example_external_task_marker_child' retrieved from /home/airflow/.local/lib/python3.12/site-packages/airflow/example_dags/example_external_task_marker_dag.py
[2025-04-11T02:07:11.452+0000] {logging_mixin.py:190} INFO - [2025-04-11T02:07:11.451+0000] {dag.py:3239} INFO - Sync 2 DAGs
[2025-04-11T02:07:11.489+0000] {logging_mixin.py:190} INFO - [2025-04-11T02:07:11.489+0000] {dag.py:4180} INFO - Setting next_dagrun for example_external_task_marker_child to None, run_after=None
[2025-04-11T02:07:11.497+0000] {logging_mixin.py:190} INFO - [2025-04-11T02:07:11.497+0000] {dag.py:4180} INFO - Setting next_dagrun for example_external_task_marker_parent to None, run_after=None
[2025-04-11T02:07:11.533+0000] {processor.py:208} INFO - Processing /home/airflow/.local/lib/python3.12/site-packages/airflow/example_dags/example_external_task_marker_dag.py took 0.161 seconds
[2025-04-11T02:07:42.032+0000] {processor.py:186} INFO - Started process (PID=3504) to work on /home/airflow/.local/lib/python3.12/site-packages/airflow/example_dags/example_external_task_marker_dag.py
[2025-04-11T02:07:42.034+0000] {processor.py:914} INFO - Processing file /home/airflow/.local/lib/python3.12/site-packages/airflow/example_dags/example_external_task_marker_dag.py for tasks to queue
[2025-04-11T02:07:42.039+0000] {logging_mixin.py:190} INFO - [2025-04-11T02:07:42.038+0000] {dagbag.py:588} INFO - Filling up the DagBag from /home/airflow/.local/lib/python3.12/site-packages/airflow/example_dags/example_external_task_marker_dag.py
[2025-04-11T02:07:42.064+0000] {processor.py:925} INFO - DAG(s) 'example_external_task_marker_parent', 'example_external_task_marker_child' retrieved from /home/airflow/.local/lib/python3.12/site-packages/airflow/example_dags/example_external_task_marker_dag.py
[2025-04-11T02:07:42.115+0000] {logging_mixin.py:190} INFO - [2025-04-11T02:07:42.114+0000] {dag.py:3239} INFO - Sync 2 DAGs
[2025-04-11T02:07:42.141+0000] {logging_mixin.py:190} INFO - [2025-04-11T02:07:42.140+0000] {dag.py:4180} INFO - Setting next_dagrun for example_external_task_marker_child to None, run_after=None
[2025-04-11T02:07:42.152+0000] {logging_mixin.py:190} INFO - [2025-04-11T02:07:42.152+0000] {dag.py:4180} INFO - Setting next_dagrun for example_external_task_marker_parent to None, run_after=None
[2025-04-11T02:07:42.187+0000] {processor.py:208} INFO - Processing /home/airflow/.local/lib/python3.12/site-packages/airflow/example_dags/example_external_task_marker_dag.py took 0.173 seconds
[2025-04-11T02:08:12.843+0000] {processor.py:186} INFO - Started process (PID=3568) to work on /home/airflow/.local/lib/python3.12/site-packages/airflow/example_dags/example_external_task_marker_dag.py
[2025-04-11T02:08:12.847+0000] {processor.py:914} INFO - Processing file /home/airflow/.local/lib/python3.12/site-packages/airflow/example_dags/example_external_task_marker_dag.py for tasks to queue
[2025-04-11T02:08:12.851+0000] {logging_mixin.py:190} INFO - [2025-04-11T02:08:12.850+0000] {dagbag.py:588} INFO - Filling up the DagBag from /home/airflow/.local/lib/python3.12/site-packages/airflow/example_dags/example_external_task_marker_dag.py
[2025-04-11T02:08:12.885+0000] {processor.py:925} INFO - DAG(s) 'example_external_task_marker_child', 'example_external_task_marker_parent' retrieved from /home/airflow/.local/lib/python3.12/site-packages/airflow/example_dags/example_external_task_marker_dag.py
[2025-04-11T02:08:12.967+0000] {logging_mixin.py:190} INFO - [2025-04-11T02:08:12.967+0000] {dag.py:3239} INFO - Sync 2 DAGs
[2025-04-11T02:08:13.031+0000] {logging_mixin.py:190} INFO - [2025-04-11T02:08:13.030+0000] {dag.py:4180} INFO - Setting next_dagrun for example_external_task_marker_child to None, run_after=None
[2025-04-11T02:08:13.044+0000] {logging_mixin.py:190} INFO - [2025-04-11T02:08:13.043+0000] {dag.py:4180} INFO - Setting next_dagrun for example_external_task_marker_parent to None, run_after=None
[2025-04-11T02:08:13.106+0000] {processor.py:208} INFO - Processing /home/airflow/.local/lib/python3.12/site-packages/airflow/example_dags/example_external_task_marker_dag.py took 0.287 seconds
[2025-04-11T02:08:43.307+0000] {processor.py:186} INFO - Started process (PID=3633) to work on /home/airflow/.local/lib/python3.12/site-packages/airflow/example_dags/example_external_task_marker_dag.py
[2025-04-11T02:08:43.310+0000] {processor.py:914} INFO - Processing file /home/airflow/.local/lib/python3.12/site-packages/airflow/example_dags/example_external_task_marker_dag.py for tasks to queue
[2025-04-11T02:08:43.315+0000] {logging_mixin.py:190} INFO - [2025-04-11T02:08:43.314+0000] {dagbag.py:588} INFO - Filling up the DagBag from /home/airflow/.local/lib/python3.12/site-packages/airflow/example_dags/example_external_task_marker_dag.py
[2025-04-11T02:08:43.343+0000] {processor.py:925} INFO - DAG(s) 'example_external_task_marker_child', 'example_external_task_marker_parent' retrieved from /home/airflow/.local/lib/python3.12/site-packages/airflow/example_dags/example_external_task_marker_dag.py
[2025-04-11T02:08:43.406+0000] {logging_mixin.py:190} INFO - [2025-04-11T02:08:43.405+0000] {dag.py:3239} INFO - Sync 2 DAGs
[2025-04-11T02:08:43.453+0000] {logging_mixin.py:190} INFO - [2025-04-11T02:08:43.453+0000] {dag.py:4180} INFO - Setting next_dagrun for example_external_task_marker_child to None, run_after=None
[2025-04-11T02:08:43.463+0000] {logging_mixin.py:190} INFO - [2025-04-11T02:08:43.463+0000] {dag.py:4180} INFO - Setting next_dagrun for example_external_task_marker_parent to None, run_after=None
[2025-04-11T02:08:43.507+0000] {processor.py:208} INFO - Processing /home/airflow/.local/lib/python3.12/site-packages/airflow/example_dags/example_external_task_marker_dag.py took 0.220 seconds
[2025-04-11T02:09:13.779+0000] {processor.py:186} INFO - Started process (PID=3698) to work on /home/airflow/.local/lib/python3.12/site-packages/airflow/example_dags/example_external_task_marker_dag.py
[2025-04-11T02:09:13.782+0000] {processor.py:914} INFO - Processing file /home/airflow/.local/lib/python3.12/site-packages/airflow/example_dags/example_external_task_marker_dag.py for tasks to queue
[2025-04-11T02:09:13.786+0000] {logging_mixin.py:190} INFO - [2025-04-11T02:09:13.785+0000] {dagbag.py:588} INFO - Filling up the DagBag from /home/airflow/.local/lib/python3.12/site-packages/airflow/example_dags/example_external_task_marker_dag.py
[2025-04-11T02:09:13.803+0000] {processor.py:925} INFO - DAG(s) 'example_external_task_marker_parent', 'example_external_task_marker_child' retrieved from /home/airflow/.local/lib/python3.12/site-packages/airflow/example_dags/example_external_task_marker_dag.py
[2025-04-11T02:09:13.873+0000] {logging_mixin.py:190} INFO - [2025-04-11T02:09:13.872+0000] {dag.py:3239} INFO - Sync 2 DAGs
[2025-04-11T02:09:13.923+0000] {logging_mixin.py:190} INFO - [2025-04-11T02:09:13.922+0000] {dag.py:4180} INFO - Setting next_dagrun for example_external_task_marker_child to None, run_after=None
[2025-04-11T02:09:13.933+0000] {logging_mixin.py:190} INFO - [2025-04-11T02:09:13.933+0000] {dag.py:4180} INFO - Setting next_dagrun for example_external_task_marker_parent to None, run_after=None
[2025-04-11T02:09:13.969+0000] {processor.py:208} INFO - Processing /home/airflow/.local/lib/python3.12/site-packages/airflow/example_dags/example_external_task_marker_dag.py took 0.212 seconds
[2025-04-11T02:09:46.649+0000] {processor.py:186} INFO - Started process (PID=3764) to work on /home/airflow/.local/lib/python3.12/site-packages/airflow/example_dags/example_external_task_marker_dag.py
[2025-04-11T02:09:46.652+0000] {processor.py:914} INFO - Processing file /home/airflow/.local/lib/python3.12/site-packages/airflow/example_dags/example_external_task_marker_dag.py for tasks to queue
[2025-04-11T02:09:46.655+0000] {logging_mixin.py:190} INFO - [2025-04-11T02:09:46.654+0000] {dagbag.py:588} INFO - Filling up the DagBag from /home/airflow/.local/lib/python3.12/site-packages/airflow/example_dags/example_external_task_marker_dag.py
[2025-04-11T02:09:46.670+0000] {processor.py:925} INFO - DAG(s) 'example_external_task_marker_child', 'example_external_task_marker_parent' retrieved from /home/airflow/.local/lib/python3.12/site-packages/airflow/example_dags/example_external_task_marker_dag.py
[2025-04-11T02:09:46.711+0000] {logging_mixin.py:190} INFO - [2025-04-11T02:09:46.711+0000] {dag.py:3239} INFO - Sync 2 DAGs
[2025-04-11T02:09:46.735+0000] {logging_mixin.py:190} INFO - [2025-04-11T02:09:46.735+0000] {dag.py:4180} INFO - Setting next_dagrun for example_external_task_marker_child to None, run_after=None
[2025-04-11T02:09:46.741+0000] {logging_mixin.py:190} INFO - [2025-04-11T02:09:46.741+0000] {dag.py:4180} INFO - Setting next_dagrun for example_external_task_marker_parent to None, run_after=None
[2025-04-11T02:09:46.770+0000] {processor.py:208} INFO - Processing /home/airflow/.local/lib/python3.12/site-packages/airflow/example_dags/example_external_task_marker_dag.py took 0.133 seconds
[2025-04-11T02:10:17.480+0000] {processor.py:186} INFO - Started process (PID=3829) to work on /home/airflow/.local/lib/python3.12/site-packages/airflow/example_dags/example_external_task_marker_dag.py
[2025-04-11T02:10:17.482+0000] {processor.py:914} INFO - Processing file /home/airflow/.local/lib/python3.12/site-packages/airflow/example_dags/example_external_task_marker_dag.py for tasks to queue
[2025-04-11T02:10:17.486+0000] {logging_mixin.py:190} INFO - [2025-04-11T02:10:17.484+0000] {dagbag.py:588} INFO - Filling up the DagBag from /home/airflow/.local/lib/python3.12/site-packages/airflow/example_dags/example_external_task_marker_dag.py
[2025-04-11T02:10:17.507+0000] {processor.py:925} INFO - DAG(s) 'example_external_task_marker_parent', 'example_external_task_marker_child' retrieved from /home/airflow/.local/lib/python3.12/site-packages/airflow/example_dags/example_external_task_marker_dag.py
[2025-04-11T02:10:17.571+0000] {logging_mixin.py:190} INFO - [2025-04-11T02:10:17.570+0000] {dag.py:3239} INFO - Sync 2 DAGs
[2025-04-11T02:10:17.624+0000] {logging_mixin.py:190} INFO - [2025-04-11T02:10:17.623+0000] {dag.py:4180} INFO - Setting next_dagrun for example_external_task_marker_child to None, run_after=None
[2025-04-11T02:10:17.639+0000] {logging_mixin.py:190} INFO - [2025-04-11T02:10:17.638+0000] {dag.py:4180} INFO - Setting next_dagrun for example_external_task_marker_parent to None, run_after=None
[2025-04-11T02:10:17.693+0000] {processor.py:208} INFO - Processing /home/airflow/.local/lib/python3.12/site-packages/airflow/example_dags/example_external_task_marker_dag.py took 0.222 seconds
[2025-04-11T02:10:48.985+0000] {processor.py:186} INFO - Started process (PID=3894) to work on /home/airflow/.local/lib/python3.12/site-packages/airflow/example_dags/example_external_task_marker_dag.py
[2025-04-11T02:10:48.988+0000] {processor.py:914} INFO - Processing file /home/airflow/.local/lib/python3.12/site-packages/airflow/example_dags/example_external_task_marker_dag.py for tasks to queue
[2025-04-11T02:10:48.993+0000] {logging_mixin.py:190} INFO - [2025-04-11T02:10:48.992+0000] {dagbag.py:588} INFO - Filling up the DagBag from /home/airflow/.local/lib/python3.12/site-packages/airflow/example_dags/example_external_task_marker_dag.py
[2025-04-11T02:10:49.020+0000] {processor.py:925} INFO - DAG(s) 'example_external_task_marker_parent', 'example_external_task_marker_child' retrieved from /home/airflow/.local/lib/python3.12/site-packages/airflow/example_dags/example_external_task_marker_dag.py
[2025-04-11T02:10:49.077+0000] {logging_mixin.py:190} INFO - [2025-04-11T02:10:49.077+0000] {dag.py:3239} INFO - Sync 2 DAGs
[2025-04-11T02:10:49.126+0000] {logging_mixin.py:190} INFO - [2025-04-11T02:10:49.126+0000] {dag.py:4180} INFO - Setting next_dagrun for example_external_task_marker_child to None, run_after=None
[2025-04-11T02:10:49.138+0000] {logging_mixin.py:190} INFO - [2025-04-11T02:10:49.138+0000] {dag.py:4180} INFO - Setting next_dagrun for example_external_task_marker_parent to None, run_after=None
[2025-04-11T02:10:49.184+0000] {processor.py:208} INFO - Processing /home/airflow/.local/lib/python3.12/site-packages/airflow/example_dags/example_external_task_marker_dag.py took 0.218 seconds
[2025-04-11T02:11:21.605+0000] {processor.py:186} INFO - Started process (PID=3959) to work on /home/airflow/.local/lib/python3.12/site-packages/airflow/example_dags/example_external_task_marker_dag.py
[2025-04-11T02:11:21.608+0000] {processor.py:914} INFO - Processing file /home/airflow/.local/lib/python3.12/site-packages/airflow/example_dags/example_external_task_marker_dag.py for tasks to queue
[2025-04-11T02:11:21.611+0000] {logging_mixin.py:190} INFO - [2025-04-11T02:11:21.610+0000] {dagbag.py:588} INFO - Filling up the DagBag from /home/airflow/.local/lib/python3.12/site-packages/airflow/example_dags/example_external_task_marker_dag.py
[2025-04-11T02:11:21.623+0000] {processor.py:925} INFO - DAG(s) 'example_external_task_marker_parent', 'example_external_task_marker_child' retrieved from /home/airflow/.local/lib/python3.12/site-packages/airflow/example_dags/example_external_task_marker_dag.py
[2025-04-11T02:11:21.661+0000] {logging_mixin.py:190} INFO - [2025-04-11T02:11:21.661+0000] {dag.py:3239} INFO - Sync 2 DAGs
[2025-04-11T02:11:21.694+0000] {logging_mixin.py:190} INFO - [2025-04-11T02:11:21.694+0000] {dag.py:4180} INFO - Setting next_dagrun for example_external_task_marker_child to None, run_after=None
[2025-04-11T02:11:21.703+0000] {logging_mixin.py:190} INFO - [2025-04-11T02:11:21.703+0000] {dag.py:4180} INFO - Setting next_dagrun for example_external_task_marker_parent to None, run_after=None
[2025-04-11T02:11:21.730+0000] {processor.py:208} INFO - Processing /home/airflow/.local/lib/python3.12/site-packages/airflow/example_dags/example_external_task_marker_dag.py took 0.131 seconds
[2025-04-11T02:11:54.256+0000] {processor.py:186} INFO - Started process (PID=4024) to work on /home/airflow/.local/lib/python3.12/site-packages/airflow/example_dags/example_external_task_marker_dag.py
[2025-04-11T02:11:54.259+0000] {processor.py:914} INFO - Processing file /home/airflow/.local/lib/python3.12/site-packages/airflow/example_dags/example_external_task_marker_dag.py for tasks to queue
[2025-04-11T02:11:54.263+0000] {logging_mixin.py:190} INFO - [2025-04-11T02:11:54.262+0000] {dagbag.py:588} INFO - Filling up the DagBag from /home/airflow/.local/lib/python3.12/site-packages/airflow/example_dags/example_external_task_marker_dag.py
[2025-04-11T02:11:54.289+0000] {processor.py:925} INFO - DAG(s) 'example_external_task_marker_parent', 'example_external_task_marker_child' retrieved from /home/airflow/.local/lib/python3.12/site-packages/airflow/example_dags/example_external_task_marker_dag.py
[2025-04-11T02:11:54.359+0000] {logging_mixin.py:190} INFO - [2025-04-11T02:11:54.358+0000] {dag.py:3239} INFO - Sync 2 DAGs
[2025-04-11T02:11:54.414+0000] {logging_mixin.py:190} INFO - [2025-04-11T02:11:54.413+0000] {dag.py:4180} INFO - Setting next_dagrun for example_external_task_marker_child to None, run_after=None
[2025-04-11T02:11:54.427+0000] {logging_mixin.py:190} INFO - [2025-04-11T02:11:54.426+0000] {dag.py:4180} INFO - Setting next_dagrun for example_external_task_marker_parent to None, run_after=None
[2025-04-11T02:11:54.482+0000] {processor.py:208} INFO - Processing /home/airflow/.local/lib/python3.12/site-packages/airflow/example_dags/example_external_task_marker_dag.py took 0.247 seconds
[2025-04-11T02:12:24.570+0000] {processor.py:186} INFO - Started process (PID=4088) to work on /home/airflow/.local/lib/python3.12/site-packages/airflow/example_dags/example_external_task_marker_dag.py
[2025-04-11T02:12:24.573+0000] {processor.py:914} INFO - Processing file /home/airflow/.local/lib/python3.12/site-packages/airflow/example_dags/example_external_task_marker_dag.py for tasks to queue
[2025-04-11T02:12:24.577+0000] {logging_mixin.py:190} INFO - [2025-04-11T02:12:24.576+0000] {dagbag.py:588} INFO - Filling up the DagBag from /home/airflow/.local/lib/python3.12/site-packages/airflow/example_dags/example_external_task_marker_dag.py
[2025-04-11T02:12:24.599+0000] {processor.py:925} INFO - DAG(s) 'example_external_task_marker_child', 'example_external_task_marker_parent' retrieved from /home/airflow/.local/lib/python3.12/site-packages/airflow/example_dags/example_external_task_marker_dag.py
[2025-04-11T02:12:24.666+0000] {logging_mixin.py:190} INFO - [2025-04-11T02:12:24.665+0000] {dag.py:3239} INFO - Sync 2 DAGs
[2025-04-11T02:12:24.726+0000] {logging_mixin.py:190} INFO - [2025-04-11T02:12:24.725+0000] {dag.py:4180} INFO - Setting next_dagrun for example_external_task_marker_child to None, run_after=None
[2025-04-11T02:12:24.738+0000] {logging_mixin.py:190} INFO - [2025-04-11T02:12:24.737+0000] {dag.py:4180} INFO - Setting next_dagrun for example_external_task_marker_parent to None, run_after=None
[2025-04-11T02:12:24.783+0000] {processor.py:208} INFO - Processing /home/airflow/.local/lib/python3.12/site-packages/airflow/example_dags/example_external_task_marker_dag.py took 0.231 seconds
[2025-04-11T02:12:56.111+0000] {processor.py:186} INFO - Started process (PID=4155) to work on /home/airflow/.local/lib/python3.12/site-packages/airflow/example_dags/example_external_task_marker_dag.py
[2025-04-11T02:12:56.114+0000] {processor.py:914} INFO - Processing file /home/airflow/.local/lib/python3.12/site-packages/airflow/example_dags/example_external_task_marker_dag.py for tasks to queue
[2025-04-11T02:12:56.118+0000] {logging_mixin.py:190} INFO - [2025-04-11T02:12:56.117+0000] {dagbag.py:588} INFO - Filling up the DagBag from /home/airflow/.local/lib/python3.12/site-packages/airflow/example_dags/example_external_task_marker_dag.py
[2025-04-11T02:12:56.139+0000] {processor.py:925} INFO - DAG(s) 'example_external_task_marker_parent', 'example_external_task_marker_child' retrieved from /home/airflow/.local/lib/python3.12/site-packages/airflow/example_dags/example_external_task_marker_dag.py
[2025-04-11T02:12:56.197+0000] {logging_mixin.py:190} INFO - [2025-04-11T02:12:56.197+0000] {dag.py:3239} INFO - Sync 2 DAGs
[2025-04-11T02:12:56.245+0000] {logging_mixin.py:190} INFO - [2025-04-11T02:12:56.245+0000] {dag.py:4180} INFO - Setting next_dagrun for example_external_task_marker_child to None, run_after=None
[2025-04-11T02:12:56.258+0000] {logging_mixin.py:190} INFO - [2025-04-11T02:12:56.257+0000] {dag.py:4180} INFO - Setting next_dagrun for example_external_task_marker_parent to None, run_after=None
[2025-04-11T02:12:56.308+0000] {processor.py:208} INFO - Processing /home/airflow/.local/lib/python3.12/site-packages/airflow/example_dags/example_external_task_marker_dag.py took 0.218 seconds
[2025-04-11T02:13:27.541+0000] {processor.py:186} INFO - Started process (PID=4221) to work on /home/airflow/.local/lib/python3.12/site-packages/airflow/example_dags/example_external_task_marker_dag.py
[2025-04-11T02:13:27.543+0000] {processor.py:914} INFO - Processing file /home/airflow/.local/lib/python3.12/site-packages/airflow/example_dags/example_external_task_marker_dag.py for tasks to queue
[2025-04-11T02:13:27.546+0000] {logging_mixin.py:190} INFO - [2025-04-11T02:13:27.546+0000] {dagbag.py:588} INFO - Filling up the DagBag from /home/airflow/.local/lib/python3.12/site-packages/airflow/example_dags/example_external_task_marker_dag.py
[2025-04-11T02:13:27.572+0000] {processor.py:925} INFO - DAG(s) 'example_external_task_marker_parent', 'example_external_task_marker_child' retrieved from /home/airflow/.local/lib/python3.12/site-packages/airflow/example_dags/example_external_task_marker_dag.py
[2025-04-11T02:13:27.641+0000] {logging_mixin.py:190} INFO - [2025-04-11T02:13:27.640+0000] {dag.py:3239} INFO - Sync 2 DAGs
[2025-04-11T02:13:27.696+0000] {logging_mixin.py:190} INFO - [2025-04-11T02:13:27.695+0000] {dag.py:4180} INFO - Setting next_dagrun for example_external_task_marker_child to None, run_after=None
[2025-04-11T02:13:27.708+0000] {logging_mixin.py:190} INFO - [2025-04-11T02:13:27.707+0000] {dag.py:4180} INFO - Setting next_dagrun for example_external_task_marker_parent to None, run_after=None
[2025-04-11T02:13:27.783+0000] {processor.py:208} INFO - Processing /home/airflow/.local/lib/python3.12/site-packages/airflow/example_dags/example_external_task_marker_dag.py took 0.258 seconds
[2025-04-11T02:13:58.383+0000] {processor.py:186} INFO - Started process (PID=4286) to work on /home/airflow/.local/lib/python3.12/site-packages/airflow/example_dags/example_external_task_marker_dag.py
[2025-04-11T02:13:58.384+0000] {processor.py:914} INFO - Processing file /home/airflow/.local/lib/python3.12/site-packages/airflow/example_dags/example_external_task_marker_dag.py for tasks to queue
[2025-04-11T02:13:58.386+0000] {logging_mixin.py:190} INFO - [2025-04-11T02:13:58.386+0000] {dagbag.py:588} INFO - Filling up the DagBag from /home/airflow/.local/lib/python3.12/site-packages/airflow/example_dags/example_external_task_marker_dag.py
[2025-04-11T02:13:58.393+0000] {processor.py:925} INFO - DAG(s) 'example_external_task_marker_parent', 'example_external_task_marker_child' retrieved from /home/airflow/.local/lib/python3.12/site-packages/airflow/example_dags/example_external_task_marker_dag.py
[2025-04-11T02:13:58.418+0000] {logging_mixin.py:190} INFO - [2025-04-11T02:13:58.418+0000] {dag.py:3239} INFO - Sync 2 DAGs
[2025-04-11T02:13:58.434+0000] {logging_mixin.py:190} INFO - [2025-04-11T02:13:58.434+0000] {dag.py:4180} INFO - Setting next_dagrun for example_external_task_marker_child to None, run_after=None
[2025-04-11T02:13:58.438+0000] {logging_mixin.py:190} INFO - [2025-04-11T02:13:58.438+0000] {dag.py:4180} INFO - Setting next_dagrun for example_external_task_marker_parent to None, run_after=None
[2025-04-11T02:13:58.458+0000] {processor.py:208} INFO - Processing /home/airflow/.local/lib/python3.12/site-packages/airflow/example_dags/example_external_task_marker_dag.py took 0.081 seconds
[2025-04-11T02:14:28.900+0000] {processor.py:186} INFO - Started process (PID=4351) to work on /home/airflow/.local/lib/python3.12/site-packages/airflow/example_dags/example_external_task_marker_dag.py
[2025-04-11T02:14:28.901+0000] {processor.py:914} INFO - Processing file /home/airflow/.local/lib/python3.12/site-packages/airflow/example_dags/example_external_task_marker_dag.py for tasks to queue
[2025-04-11T02:14:28.903+0000] {logging_mixin.py:190} INFO - [2025-04-11T02:14:28.903+0000] {dagbag.py:588} INFO - Filling up the DagBag from /home/airflow/.local/lib/python3.12/site-packages/airflow/example_dags/example_external_task_marker_dag.py
[2025-04-11T02:14:28.910+0000] {processor.py:925} INFO - DAG(s) 'example_external_task_marker_parent', 'example_external_task_marker_child' retrieved from /home/airflow/.local/lib/python3.12/site-packages/airflow/example_dags/example_external_task_marker_dag.py
[2025-04-11T02:14:28.929+0000] {logging_mixin.py:190} INFO - [2025-04-11T02:14:28.929+0000] {dag.py:3239} INFO - Sync 2 DAGs
[2025-04-11T02:14:28.942+0000] {logging_mixin.py:190} INFO - [2025-04-11T02:14:28.942+0000] {dag.py:4180} INFO - Setting next_dagrun for example_external_task_marker_child to None, run_after=None
[2025-04-11T02:14:28.946+0000] {logging_mixin.py:190} INFO - [2025-04-11T02:14:28.946+0000] {dag.py:4180} INFO - Setting next_dagrun for example_external_task_marker_parent to None, run_after=None
[2025-04-11T02:14:28.965+0000] {processor.py:208} INFO - Processing /home/airflow/.local/lib/python3.12/site-packages/airflow/example_dags/example_external_task_marker_dag.py took 0.070 seconds
[2025-04-11T02:14:59.859+0000] {processor.py:186} INFO - Started process (PID=4416) to work on /home/airflow/.local/lib/python3.12/site-packages/airflow/example_dags/example_external_task_marker_dag.py
[2025-04-11T02:14:59.862+0000] {processor.py:914} INFO - Processing file /home/airflow/.local/lib/python3.12/site-packages/airflow/example_dags/example_external_task_marker_dag.py for tasks to queue
[2025-04-11T02:14:59.865+0000] {logging_mixin.py:190} INFO - [2025-04-11T02:14:59.865+0000] {dagbag.py:588} INFO - Filling up the DagBag from /home/airflow/.local/lib/python3.12/site-packages/airflow/example_dags/example_external_task_marker_dag.py
[2025-04-11T02:14:59.891+0000] {processor.py:925} INFO - DAG(s) 'example_external_task_marker_child', 'example_external_task_marker_parent' retrieved from /home/airflow/.local/lib/python3.12/site-packages/airflow/example_dags/example_external_task_marker_dag.py
[2025-04-11T02:14:59.955+0000] {logging_mixin.py:190} INFO - [2025-04-11T02:14:59.954+0000] {dag.py:3239} INFO - Sync 2 DAGs
[2025-04-11T02:14:59.997+0000] {logging_mixin.py:190} INFO - [2025-04-11T02:14:59.997+0000] {dag.py:4180} INFO - Setting next_dagrun for example_external_task_marker_child to None, run_after=None
[2025-04-11T02:15:00.008+0000] {logging_mixin.py:190} INFO - [2025-04-11T02:15:00.008+0000] {dag.py:4180} INFO - Setting next_dagrun for example_external_task_marker_parent to None, run_after=None
[2025-04-11T02:15:00.046+0000] {processor.py:208} INFO - Processing /home/airflow/.local/lib/python3.12/site-packages/airflow/example_dags/example_external_task_marker_dag.py took 0.206 seconds
[2025-04-11T02:15:30.747+0000] {processor.py:186} INFO - Started process (PID=4481) to work on /home/airflow/.local/lib/python3.12/site-packages/airflow/example_dags/example_external_task_marker_dag.py
[2025-04-11T02:15:30.749+0000] {processor.py:914} INFO - Processing file /home/airflow/.local/lib/python3.12/site-packages/airflow/example_dags/example_external_task_marker_dag.py for tasks to queue
[2025-04-11T02:15:30.751+0000] {logging_mixin.py:190} INFO - [2025-04-11T02:15:30.751+0000] {dagbag.py:588} INFO - Filling up the DagBag from /home/airflow/.local/lib/python3.12/site-packages/airflow/example_dags/example_external_task_marker_dag.py
[2025-04-11T02:15:30.765+0000] {processor.py:925} INFO - DAG(s) 'example_external_task_marker_child', 'example_external_task_marker_parent' retrieved from /home/airflow/.local/lib/python3.12/site-packages/airflow/example_dags/example_external_task_marker_dag.py
[2025-04-11T02:15:30.796+0000] {logging_mixin.py:190} INFO - [2025-04-11T02:15:30.796+0000] {dag.py:3239} INFO - Sync 2 DAGs
[2025-04-11T02:15:31.008+0000] {logging_mixin.py:190} INFO - [2025-04-11T02:15:31.008+0000] {dag.py:4180} INFO - Setting next_dagrun for example_external_task_marker_child to None, run_after=None
[2025-04-11T02:15:31.013+0000] {logging_mixin.py:190} INFO - [2025-04-11T02:15:31.013+0000] {dag.py:4180} INFO - Setting next_dagrun for example_external_task_marker_parent to None, run_after=None
[2025-04-11T02:15:31.037+0000] {processor.py:208} INFO - Processing /home/airflow/.local/lib/python3.12/site-packages/airflow/example_dags/example_external_task_marker_dag.py took 0.299 seconds
