[2025-04-11T01:49:52.791+0000] {processor.py:186} INFO - Started process (PID=1245) to work on /home/airflow/.local/lib/python3.12/site-packages/airflow/example_dags/example_skip_dag.py
[2025-04-11T01:49:52.793+0000] {processor.py:914} INFO - Processing file /home/airflow/.local/lib/python3.12/site-packages/airflow/example_dags/example_skip_dag.py for tasks to queue
[2025-04-11T01:49:52.798+0000] {logging_mixin.py:190} INFO - [2025-04-11T01:49:52.796+0000] {dagbag.py:588} INFO - Filling up the DagBag from /home/airflow/.local/lib/python3.12/site-packages/airflow/example_dags/example_skip_dag.py
[2025-04-11T01:49:52.823+0000] {processor.py:925} INFO - DAG(s) 'example_skip_dag' retrieved from /home/airflow/.local/lib/python3.12/site-packages/airflow/example_dags/example_skip_dag.py
[2025-04-11T01:49:52.869+0000] {logging_mixin.py:190} INFO - [2025-04-11T01:49:52.868+0000] {dag.py:3239} INFO - Sync 1 DAGs
[2025-04-11T01:49:54.014+0000] {logging_mixin.py:190} INFO - [2025-04-11T01:49:54.014+0000] {dag.py:4180} INFO - Setting next_dagrun for example_skip_dag to 2025-04-10 00:00:00+00:00, run_after=2025-04-11 00:00:00+00:00
[2025-04-11T01:49:54.207+0000] {processor.py:208} INFO - Processing /home/airflow/.local/lib/python3.12/site-packages/airflow/example_dags/example_skip_dag.py took 0.332 seconds
[2025-04-11T01:50:24.280+0000] {processor.py:186} INFO - Started process (PID=1309) to work on /home/airflow/.local/lib/python3.12/site-packages/airflow/example_dags/example_skip_dag.py
[2025-04-11T01:50:24.282+0000] {processor.py:914} INFO - Processing file /home/airflow/.local/lib/python3.12/site-packages/airflow/example_dags/example_skip_dag.py for tasks to queue
[2025-04-11T01:50:24.285+0000] {logging_mixin.py:190} INFO - [2025-04-11T01:50:24.284+0000] {dagbag.py:588} INFO - Filling up the DagBag from /home/airflow/.local/lib/python3.12/site-packages/airflow/example_dags/example_skip_dag.py
[2025-04-11T01:50:24.303+0000] {processor.py:925} INFO - DAG(s) 'example_skip_dag' retrieved from /home/airflow/.local/lib/python3.12/site-packages/airflow/example_dags/example_skip_dag.py
[2025-04-11T01:50:24.333+0000] {logging_mixin.py:190} INFO - [2025-04-11T01:50:24.333+0000] {dag.py:3239} INFO - Sync 1 DAGs
[2025-04-11T01:50:24.367+0000] {logging_mixin.py:190} INFO - [2025-04-11T01:50:24.367+0000] {dag.py:4180} INFO - Setting next_dagrun for example_skip_dag to 2025-04-10 00:00:00+00:00, run_after=2025-04-11 00:00:00+00:00
[2025-04-11T01:50:24.396+0000] {processor.py:208} INFO - Processing /home/airflow/.local/lib/python3.12/site-packages/airflow/example_dags/example_skip_dag.py took 0.126 seconds
[2025-04-11T01:50:55.737+0000] {processor.py:186} INFO - Started process (PID=1375) to work on /home/airflow/.local/lib/python3.12/site-packages/airflow/example_dags/example_skip_dag.py
[2025-04-11T01:50:55.738+0000] {processor.py:914} INFO - Processing file /home/airflow/.local/lib/python3.12/site-packages/airflow/example_dags/example_skip_dag.py for tasks to queue
[2025-04-11T01:50:55.741+0000] {logging_mixin.py:190} INFO - [2025-04-11T01:50:55.740+0000] {dagbag.py:588} INFO - Filling up the DagBag from /home/airflow/.local/lib/python3.12/site-packages/airflow/example_dags/example_skip_dag.py
[2025-04-11T01:50:55.754+0000] {processor.py:925} INFO - DAG(s) 'example_skip_dag' retrieved from /home/airflow/.local/lib/python3.12/site-packages/airflow/example_dags/example_skip_dag.py
[2025-04-11T01:50:55.784+0000] {logging_mixin.py:190} INFO - [2025-04-11T01:50:55.784+0000] {dag.py:3239} INFO - Sync 1 DAGs
[2025-04-11T01:50:55.821+0000] {logging_mixin.py:190} INFO - [2025-04-11T01:50:55.821+0000] {dag.py:4180} INFO - Setting next_dagrun for example_skip_dag to 2025-04-10 00:00:00+00:00, run_after=2025-04-11 00:00:00+00:00
[2025-04-11T01:50:55.854+0000] {processor.py:208} INFO - Processing /home/airflow/.local/lib/python3.12/site-packages/airflow/example_dags/example_skip_dag.py took 0.126 seconds
[2025-04-11T01:51:27.371+0000] {processor.py:186} INFO - Started process (PID=1446) to work on /home/airflow/.local/lib/python3.12/site-packages/airflow/example_dags/example_skip_dag.py
[2025-04-11T01:51:27.373+0000] {processor.py:914} INFO - Processing file /home/airflow/.local/lib/python3.12/site-packages/airflow/example_dags/example_skip_dag.py for tasks to queue
[2025-04-11T01:51:27.376+0000] {logging_mixin.py:190} INFO - [2025-04-11T01:51:27.375+0000] {dagbag.py:588} INFO - Filling up the DagBag from /home/airflow/.local/lib/python3.12/site-packages/airflow/example_dags/example_skip_dag.py
[2025-04-11T01:51:27.395+0000] {processor.py:925} INFO - DAG(s) 'example_skip_dag' retrieved from /home/airflow/.local/lib/python3.12/site-packages/airflow/example_dags/example_skip_dag.py
[2025-04-11T01:51:27.432+0000] {logging_mixin.py:190} INFO - [2025-04-11T01:51:27.432+0000] {dag.py:3239} INFO - Sync 1 DAGs
[2025-04-11T01:51:27.474+0000] {logging_mixin.py:190} INFO - [2025-04-11T01:51:27.473+0000] {dag.py:4180} INFO - Setting next_dagrun for example_skip_dag to 2025-04-10 00:00:00+00:00, run_after=2025-04-11 00:00:00+00:00
[2025-04-11T01:51:27.508+0000] {processor.py:208} INFO - Processing /home/airflow/.local/lib/python3.12/site-packages/airflow/example_dags/example_skip_dag.py took 0.149 seconds
[2025-04-11T01:51:58.997+0000] {processor.py:186} INFO - Started process (PID=1511) to work on /home/airflow/.local/lib/python3.12/site-packages/airflow/example_dags/example_skip_dag.py
[2025-04-11T01:51:58.999+0000] {processor.py:914} INFO - Processing file /home/airflow/.local/lib/python3.12/site-packages/airflow/example_dags/example_skip_dag.py for tasks to queue
[2025-04-11T01:51:59.004+0000] {logging_mixin.py:190} INFO - [2025-04-11T01:51:59.002+0000] {dagbag.py:588} INFO - Filling up the DagBag from /home/airflow/.local/lib/python3.12/site-packages/airflow/example_dags/example_skip_dag.py
[2025-04-11T01:51:59.020+0000] {processor.py:925} INFO - DAG(s) 'example_skip_dag' retrieved from /home/airflow/.local/lib/python3.12/site-packages/airflow/example_dags/example_skip_dag.py
[2025-04-11T01:51:59.058+0000] {logging_mixin.py:190} INFO - [2025-04-11T01:51:59.058+0000] {dag.py:3239} INFO - Sync 1 DAGs
[2025-04-11T01:51:59.114+0000] {logging_mixin.py:190} INFO - [2025-04-11T01:51:59.114+0000] {dag.py:4180} INFO - Setting next_dagrun for example_skip_dag to 2025-04-10 00:00:00+00:00, run_after=2025-04-11 00:00:00+00:00
[2025-04-11T01:51:59.147+0000] {processor.py:208} INFO - Processing /home/airflow/.local/lib/python3.12/site-packages/airflow/example_dags/example_skip_dag.py took 0.166 seconds
[2025-04-11T01:52:29.928+0000] {processor.py:186} INFO - Started process (PID=1576) to work on /home/airflow/.local/lib/python3.12/site-packages/airflow/example_dags/example_skip_dag.py
[2025-04-11T01:52:29.929+0000] {processor.py:914} INFO - Processing file /home/airflow/.local/lib/python3.12/site-packages/airflow/example_dags/example_skip_dag.py for tasks to queue
[2025-04-11T01:52:29.931+0000] {logging_mixin.py:190} INFO - [2025-04-11T01:52:29.930+0000] {dagbag.py:588} INFO - Filling up the DagBag from /home/airflow/.local/lib/python3.12/site-packages/airflow/example_dags/example_skip_dag.py
[2025-04-11T01:52:29.942+0000] {processor.py:925} INFO - DAG(s) 'example_skip_dag' retrieved from /home/airflow/.local/lib/python3.12/site-packages/airflow/example_dags/example_skip_dag.py
[2025-04-11T01:52:29.965+0000] {logging_mixin.py:190} INFO - [2025-04-11T01:52:29.965+0000] {dag.py:3239} INFO - Sync 1 DAGs
[2025-04-11T01:52:29.992+0000] {logging_mixin.py:190} INFO - [2025-04-11T01:52:29.992+0000] {dag.py:4180} INFO - Setting next_dagrun for example_skip_dag to 2025-04-10 00:00:00+00:00, run_after=2025-04-11 00:00:00+00:00
[2025-04-11T01:52:30.019+0000] {processor.py:208} INFO - Processing /home/airflow/.local/lib/python3.12/site-packages/airflow/example_dags/example_skip_dag.py took 0.098 seconds
[2025-04-11T01:53:00.639+0000] {processor.py:186} INFO - Started process (PID=1641) to work on /home/airflow/.local/lib/python3.12/site-packages/airflow/example_dags/example_skip_dag.py
[2025-04-11T01:53:00.640+0000] {processor.py:914} INFO - Processing file /home/airflow/.local/lib/python3.12/site-packages/airflow/example_dags/example_skip_dag.py for tasks to queue
[2025-04-11T01:53:00.642+0000] {logging_mixin.py:190} INFO - [2025-04-11T01:53:00.642+0000] {dagbag.py:588} INFO - Filling up the DagBag from /home/airflow/.local/lib/python3.12/site-packages/airflow/example_dags/example_skip_dag.py
[2025-04-11T01:53:00.651+0000] {processor.py:925} INFO - DAG(s) 'example_skip_dag' retrieved from /home/airflow/.local/lib/python3.12/site-packages/airflow/example_dags/example_skip_dag.py
[2025-04-11T01:53:00.671+0000] {logging_mixin.py:190} INFO - [2025-04-11T01:53:00.671+0000] {dag.py:3239} INFO - Sync 1 DAGs
[2025-04-11T01:53:00.693+0000] {logging_mixin.py:190} INFO - [2025-04-11T01:53:00.692+0000] {dag.py:4180} INFO - Setting next_dagrun for example_skip_dag to 2025-04-10 00:00:00+00:00, run_after=2025-04-11 00:00:00+00:00
[2025-04-11T01:53:00.712+0000] {processor.py:208} INFO - Processing /home/airflow/.local/lib/python3.12/site-packages/airflow/example_dags/example_skip_dag.py took 0.078 seconds
[2025-04-11T01:53:31.997+0000] {processor.py:186} INFO - Started process (PID=1706) to work on /home/airflow/.local/lib/python3.12/site-packages/airflow/example_dags/example_skip_dag.py
[2025-04-11T01:53:31.998+0000] {processor.py:914} INFO - Processing file /home/airflow/.local/lib/python3.12/site-packages/airflow/example_dags/example_skip_dag.py for tasks to queue
[2025-04-11T01:53:31.999+0000] {logging_mixin.py:190} INFO - [2025-04-11T01:53:31.999+0000] {dagbag.py:588} INFO - Filling up the DagBag from /home/airflow/.local/lib/python3.12/site-packages/airflow/example_dags/example_skip_dag.py
[2025-04-11T01:53:32.008+0000] {processor.py:925} INFO - DAG(s) 'example_skip_dag' retrieved from /home/airflow/.local/lib/python3.12/site-packages/airflow/example_dags/example_skip_dag.py
[2025-04-11T01:53:32.028+0000] {logging_mixin.py:190} INFO - [2025-04-11T01:53:32.028+0000] {dag.py:3239} INFO - Sync 1 DAGs
[2025-04-11T01:53:32.048+0000] {logging_mixin.py:190} INFO - [2025-04-11T01:53:32.048+0000] {dag.py:4180} INFO - Setting next_dagrun for example_skip_dag to 2025-04-10 00:00:00+00:00, run_after=2025-04-11 00:00:00+00:00
[2025-04-11T01:53:32.069+0000] {processor.py:208} INFO - Processing /home/airflow/.local/lib/python3.12/site-packages/airflow/example_dags/example_skip_dag.py took 0.078 seconds
[2025-04-11T01:54:02.952+0000] {processor.py:186} INFO - Started process (PID=1771) to work on /home/airflow/.local/lib/python3.12/site-packages/airflow/example_dags/example_skip_dag.py
[2025-04-11T01:54:02.953+0000] {processor.py:914} INFO - Processing file /home/airflow/.local/lib/python3.12/site-packages/airflow/example_dags/example_skip_dag.py for tasks to queue
[2025-04-11T01:54:02.955+0000] {logging_mixin.py:190} INFO - [2025-04-11T01:54:02.955+0000] {dagbag.py:588} INFO - Filling up the DagBag from /home/airflow/.local/lib/python3.12/site-packages/airflow/example_dags/example_skip_dag.py
[2025-04-11T01:54:02.963+0000] {processor.py:925} INFO - DAG(s) 'example_skip_dag' retrieved from /home/airflow/.local/lib/python3.12/site-packages/airflow/example_dags/example_skip_dag.py
[2025-04-11T01:54:02.982+0000] {logging_mixin.py:190} INFO - [2025-04-11T01:54:02.982+0000] {dag.py:3239} INFO - Sync 1 DAGs
[2025-04-11T01:54:03.002+0000] {logging_mixin.py:190} INFO - [2025-04-11T01:54:03.001+0000] {dag.py:4180} INFO - Setting next_dagrun for example_skip_dag to 2025-04-10 00:00:00+00:00, run_after=2025-04-11 00:00:00+00:00
[2025-04-11T01:54:03.023+0000] {processor.py:208} INFO - Processing /home/airflow/.local/lib/python3.12/site-packages/airflow/example_dags/example_skip_dag.py took 0.076 seconds
[2025-04-11T01:54:33.871+0000] {processor.py:186} INFO - Started process (PID=1836) to work on /home/airflow/.local/lib/python3.12/site-packages/airflow/example_dags/example_skip_dag.py
[2025-04-11T01:54:33.873+0000] {processor.py:914} INFO - Processing file /home/airflow/.local/lib/python3.12/site-packages/airflow/example_dags/example_skip_dag.py for tasks to queue
[2025-04-11T01:54:33.874+0000] {logging_mixin.py:190} INFO - [2025-04-11T01:54:33.874+0000] {dagbag.py:588} INFO - Filling up the DagBag from /home/airflow/.local/lib/python3.12/site-packages/airflow/example_dags/example_skip_dag.py
[2025-04-11T01:54:33.882+0000] {processor.py:925} INFO - DAG(s) 'example_skip_dag' retrieved from /home/airflow/.local/lib/python3.12/site-packages/airflow/example_dags/example_skip_dag.py
[2025-04-11T01:54:33.900+0000] {logging_mixin.py:190} INFO - [2025-04-11T01:54:33.900+0000] {dag.py:3239} INFO - Sync 1 DAGs
[2025-04-11T01:54:33.922+0000] {logging_mixin.py:190} INFO - [2025-04-11T01:54:33.922+0000] {dag.py:4180} INFO - Setting next_dagrun for example_skip_dag to 2025-04-10 00:00:00+00:00, run_after=2025-04-11 00:00:00+00:00
[2025-04-11T01:54:33.940+0000] {processor.py:208} INFO - Processing /home/airflow/.local/lib/python3.12/site-packages/airflow/example_dags/example_skip_dag.py took 0.074 seconds
[2025-04-11T01:55:04.739+0000] {processor.py:186} INFO - Started process (PID=1901) to work on /home/airflow/.local/lib/python3.12/site-packages/airflow/example_dags/example_skip_dag.py
[2025-04-11T01:55:04.740+0000] {processor.py:914} INFO - Processing file /home/airflow/.local/lib/python3.12/site-packages/airflow/example_dags/example_skip_dag.py for tasks to queue
[2025-04-11T01:55:04.742+0000] {logging_mixin.py:190} INFO - [2025-04-11T01:55:04.741+0000] {dagbag.py:588} INFO - Filling up the DagBag from /home/airflow/.local/lib/python3.12/site-packages/airflow/example_dags/example_skip_dag.py
[2025-04-11T01:55:04.750+0000] {processor.py:925} INFO - DAG(s) 'example_skip_dag' retrieved from /home/airflow/.local/lib/python3.12/site-packages/airflow/example_dags/example_skip_dag.py
[2025-04-11T01:55:04.772+0000] {logging_mixin.py:190} INFO - [2025-04-11T01:55:04.772+0000] {dag.py:3239} INFO - Sync 1 DAGs
[2025-04-11T01:55:04.793+0000] {logging_mixin.py:190} INFO - [2025-04-11T01:55:04.793+0000] {dag.py:4180} INFO - Setting next_dagrun for example_skip_dag to 2025-04-10 00:00:00+00:00, run_after=2025-04-11 00:00:00+00:00
[2025-04-11T01:55:04.812+0000] {processor.py:208} INFO - Processing /home/airflow/.local/lib/python3.12/site-packages/airflow/example_dags/example_skip_dag.py took 0.080 seconds
[2025-04-11T01:55:35.433+0000] {processor.py:186} INFO - Started process (PID=1966) to work on /home/airflow/.local/lib/python3.12/site-packages/airflow/example_dags/example_skip_dag.py
[2025-04-11T01:55:35.435+0000] {processor.py:914} INFO - Processing file /home/airflow/.local/lib/python3.12/site-packages/airflow/example_dags/example_skip_dag.py for tasks to queue
[2025-04-11T01:55:35.436+0000] {logging_mixin.py:190} INFO - [2025-04-11T01:55:35.436+0000] {dagbag.py:588} INFO - Filling up the DagBag from /home/airflow/.local/lib/python3.12/site-packages/airflow/example_dags/example_skip_dag.py
[2025-04-11T01:55:35.444+0000] {processor.py:925} INFO - DAG(s) 'example_skip_dag' retrieved from /home/airflow/.local/lib/python3.12/site-packages/airflow/example_dags/example_skip_dag.py
[2025-04-11T01:55:35.464+0000] {logging_mixin.py:190} INFO - [2025-04-11T01:55:35.464+0000] {dag.py:3239} INFO - Sync 1 DAGs
[2025-04-11T01:55:35.484+0000] {logging_mixin.py:190} INFO - [2025-04-11T01:55:35.483+0000] {dag.py:4180} INFO - Setting next_dagrun for example_skip_dag to 2025-04-10 00:00:00+00:00, run_after=2025-04-11 00:00:00+00:00
[2025-04-11T01:55:35.504+0000] {processor.py:208} INFO - Processing /home/airflow/.local/lib/python3.12/site-packages/airflow/example_dags/example_skip_dag.py took 0.076 seconds
[2025-04-11T01:56:06.629+0000] {processor.py:186} INFO - Started process (PID=2032) to work on /home/airflow/.local/lib/python3.12/site-packages/airflow/example_dags/example_skip_dag.py
[2025-04-11T01:56:06.630+0000] {processor.py:914} INFO - Processing file /home/airflow/.local/lib/python3.12/site-packages/airflow/example_dags/example_skip_dag.py for tasks to queue
[2025-04-11T01:56:06.631+0000] {logging_mixin.py:190} INFO - [2025-04-11T01:56:06.631+0000] {dagbag.py:588} INFO - Filling up the DagBag from /home/airflow/.local/lib/python3.12/site-packages/airflow/example_dags/example_skip_dag.py
[2025-04-11T01:56:06.640+0000] {processor.py:925} INFO - DAG(s) 'example_skip_dag' retrieved from /home/airflow/.local/lib/python3.12/site-packages/airflow/example_dags/example_skip_dag.py
[2025-04-11T01:56:06.663+0000] {logging_mixin.py:190} INFO - [2025-04-11T01:56:06.663+0000] {dag.py:3239} INFO - Sync 1 DAGs
[2025-04-11T01:56:06.685+0000] {logging_mixin.py:190} INFO - [2025-04-11T01:56:06.684+0000] {dag.py:4180} INFO - Setting next_dagrun for example_skip_dag to 2025-04-10 00:00:00+00:00, run_after=2025-04-11 00:00:00+00:00
[2025-04-11T01:56:06.705+0000] {processor.py:208} INFO - Processing /home/airflow/.local/lib/python3.12/site-packages/airflow/example_dags/example_skip_dag.py took 0.081 seconds
[2025-04-11T01:56:37.768+0000] {processor.py:186} INFO - Started process (PID=2097) to work on /home/airflow/.local/lib/python3.12/site-packages/airflow/example_dags/example_skip_dag.py
[2025-04-11T01:56:37.771+0000] {processor.py:914} INFO - Processing file /home/airflow/.local/lib/python3.12/site-packages/airflow/example_dags/example_skip_dag.py for tasks to queue
[2025-04-11T01:56:37.775+0000] {logging_mixin.py:190} INFO - [2025-04-11T01:56:37.774+0000] {dagbag.py:588} INFO - Filling up the DagBag from /home/airflow/.local/lib/python3.12/site-packages/airflow/example_dags/example_skip_dag.py
[2025-04-11T01:56:37.801+0000] {processor.py:925} INFO - DAG(s) 'example_skip_dag' retrieved from /home/airflow/.local/lib/python3.12/site-packages/airflow/example_dags/example_skip_dag.py
[2025-04-11T01:56:37.854+0000] {logging_mixin.py:190} INFO - [2025-04-11T01:56:37.853+0000] {dag.py:3239} INFO - Sync 1 DAGs
[2025-04-11T01:56:37.916+0000] {logging_mixin.py:190} INFO - [2025-04-11T01:56:37.915+0000] {dag.py:4180} INFO - Setting next_dagrun for example_skip_dag to 2025-04-10 00:00:00+00:00, run_after=2025-04-11 00:00:00+00:00
[2025-04-11T01:56:37.971+0000] {processor.py:208} INFO - Processing /home/airflow/.local/lib/python3.12/site-packages/airflow/example_dags/example_skip_dag.py took 0.225 seconds
[2025-04-11T01:57:08.419+0000] {processor.py:186} INFO - Started process (PID=2162) to work on /home/airflow/.local/lib/python3.12/site-packages/airflow/example_dags/example_skip_dag.py
[2025-04-11T01:57:08.421+0000] {processor.py:914} INFO - Processing file /home/airflow/.local/lib/python3.12/site-packages/airflow/example_dags/example_skip_dag.py for tasks to queue
[2025-04-11T01:57:08.423+0000] {logging_mixin.py:190} INFO - [2025-04-11T01:57:08.423+0000] {dagbag.py:588} INFO - Filling up the DagBag from /home/airflow/.local/lib/python3.12/site-packages/airflow/example_dags/example_skip_dag.py
[2025-04-11T01:57:08.431+0000] {processor.py:925} INFO - DAG(s) 'example_skip_dag' retrieved from /home/airflow/.local/lib/python3.12/site-packages/airflow/example_dags/example_skip_dag.py
[2025-04-11T01:57:08.453+0000] {logging_mixin.py:190} INFO - [2025-04-11T01:57:08.453+0000] {dag.py:3239} INFO - Sync 1 DAGs
[2025-04-11T01:57:08.473+0000] {logging_mixin.py:190} INFO - [2025-04-11T01:57:08.473+0000] {dag.py:4180} INFO - Setting next_dagrun for example_skip_dag to 2025-04-10 00:00:00+00:00, run_after=2025-04-11 00:00:00+00:00
[2025-04-11T01:57:08.492+0000] {processor.py:208} INFO - Processing /home/airflow/.local/lib/python3.12/site-packages/airflow/example_dags/example_skip_dag.py took 0.078 seconds
[2025-04-11T01:57:38.623+0000] {processor.py:186} INFO - Started process (PID=2226) to work on /home/airflow/.local/lib/python3.12/site-packages/airflow/example_dags/example_skip_dag.py
[2025-04-11T01:57:38.624+0000] {processor.py:914} INFO - Processing file /home/airflow/.local/lib/python3.12/site-packages/airflow/example_dags/example_skip_dag.py for tasks to queue
[2025-04-11T01:57:38.627+0000] {logging_mixin.py:190} INFO - [2025-04-11T01:57:38.626+0000] {dagbag.py:588} INFO - Filling up the DagBag from /home/airflow/.local/lib/python3.12/site-packages/airflow/example_dags/example_skip_dag.py
[2025-04-11T01:57:38.637+0000] {processor.py:925} INFO - DAG(s) 'example_skip_dag' retrieved from /home/airflow/.local/lib/python3.12/site-packages/airflow/example_dags/example_skip_dag.py
[2025-04-11T01:57:38.660+0000] {logging_mixin.py:190} INFO - [2025-04-11T01:57:38.659+0000] {dag.py:3239} INFO - Sync 1 DAGs
[2025-04-11T01:57:38.683+0000] {logging_mixin.py:190} INFO - [2025-04-11T01:57:38.683+0000] {dag.py:4180} INFO - Setting next_dagrun for example_skip_dag to 2025-04-10 00:00:00+00:00, run_after=2025-04-11 00:00:00+00:00
[2025-04-11T01:57:38.705+0000] {processor.py:208} INFO - Processing /home/airflow/.local/lib/python3.12/site-packages/airflow/example_dags/example_skip_dag.py took 0.088 seconds
[2025-04-11T01:58:09.053+0000] {processor.py:186} INFO - Started process (PID=2290) to work on /home/airflow/.local/lib/python3.12/site-packages/airflow/example_dags/example_skip_dag.py
[2025-04-11T01:58:09.054+0000] {processor.py:914} INFO - Processing file /home/airflow/.local/lib/python3.12/site-packages/airflow/example_dags/example_skip_dag.py for tasks to queue
[2025-04-11T01:58:09.056+0000] {logging_mixin.py:190} INFO - [2025-04-11T01:58:09.055+0000] {dagbag.py:588} INFO - Filling up the DagBag from /home/airflow/.local/lib/python3.12/site-packages/airflow/example_dags/example_skip_dag.py
[2025-04-11T01:58:09.074+0000] {processor.py:925} INFO - DAG(s) 'example_skip_dag' retrieved from /home/airflow/.local/lib/python3.12/site-packages/airflow/example_dags/example_skip_dag.py
[2025-04-11T01:58:09.097+0000] {logging_mixin.py:190} INFO - [2025-04-11T01:58:09.096+0000] {dag.py:3239} INFO - Sync 1 DAGs
[2025-04-11T01:58:09.119+0000] {logging_mixin.py:190} INFO - [2025-04-11T01:58:09.119+0000] {dag.py:4180} INFO - Setting next_dagrun for example_skip_dag to 2025-04-10 00:00:00+00:00, run_after=2025-04-11 00:00:00+00:00
[2025-04-11T01:58:09.143+0000] {processor.py:208} INFO - Processing /home/airflow/.local/lib/python3.12/site-packages/airflow/example_dags/example_skip_dag.py took 0.095 seconds
[2025-04-11T01:58:39.608+0000] {processor.py:186} INFO - Started process (PID=2355) to work on /home/airflow/.local/lib/python3.12/site-packages/airflow/example_dags/example_skip_dag.py
[2025-04-11T01:58:39.609+0000] {processor.py:914} INFO - Processing file /home/airflow/.local/lib/python3.12/site-packages/airflow/example_dags/example_skip_dag.py for tasks to queue
[2025-04-11T01:58:39.611+0000] {logging_mixin.py:190} INFO - [2025-04-11T01:58:39.611+0000] {dagbag.py:588} INFO - Filling up the DagBag from /home/airflow/.local/lib/python3.12/site-packages/airflow/example_dags/example_skip_dag.py
[2025-04-11T01:58:39.618+0000] {processor.py:925} INFO - DAG(s) 'example_skip_dag' retrieved from /home/airflow/.local/lib/python3.12/site-packages/airflow/example_dags/example_skip_dag.py
[2025-04-11T01:58:39.639+0000] {logging_mixin.py:190} INFO - [2025-04-11T01:58:39.638+0000] {dag.py:3239} INFO - Sync 1 DAGs
[2025-04-11T01:58:39.658+0000] {logging_mixin.py:190} INFO - [2025-04-11T01:58:39.658+0000] {dag.py:4180} INFO - Setting next_dagrun for example_skip_dag to 2025-04-10 00:00:00+00:00, run_after=2025-04-11 00:00:00+00:00
[2025-04-11T01:58:39.677+0000] {processor.py:208} INFO - Processing /home/airflow/.local/lib/python3.12/site-packages/airflow/example_dags/example_skip_dag.py took 0.074 seconds
[2025-04-11T01:59:09.859+0000] {processor.py:186} INFO - Started process (PID=2421) to work on /home/airflow/.local/lib/python3.12/site-packages/airflow/example_dags/example_skip_dag.py
[2025-04-11T01:59:09.860+0000] {processor.py:914} INFO - Processing file /home/airflow/.local/lib/python3.12/site-packages/airflow/example_dags/example_skip_dag.py for tasks to queue
[2025-04-11T01:59:09.861+0000] {logging_mixin.py:190} INFO - [2025-04-11T01:59:09.860+0000] {dagbag.py:588} INFO - Filling up the DagBag from /home/airflow/.local/lib/python3.12/site-packages/airflow/example_dags/example_skip_dag.py
[2025-04-11T01:59:09.868+0000] {processor.py:925} INFO - DAG(s) 'example_skip_dag' retrieved from /home/airflow/.local/lib/python3.12/site-packages/airflow/example_dags/example_skip_dag.py
[2025-04-11T01:59:09.891+0000] {logging_mixin.py:190} INFO - [2025-04-11T01:59:09.890+0000] {dag.py:3239} INFO - Sync 1 DAGs
[2025-04-11T01:59:09.912+0000] {logging_mixin.py:190} INFO - [2025-04-11T01:59:09.911+0000] {dag.py:4180} INFO - Setting next_dagrun for example_skip_dag to 2025-04-10 00:00:00+00:00, run_after=2025-04-11 00:00:00+00:00
[2025-04-11T01:59:09.932+0000] {processor.py:208} INFO - Processing /home/airflow/.local/lib/python3.12/site-packages/airflow/example_dags/example_skip_dag.py took 0.078 seconds
[2025-04-11T01:59:40.612+0000] {processor.py:186} INFO - Started process (PID=2486) to work on /home/airflow/.local/lib/python3.12/site-packages/airflow/example_dags/example_skip_dag.py
[2025-04-11T01:59:40.616+0000] {processor.py:914} INFO - Processing file /home/airflow/.local/lib/python3.12/site-packages/airflow/example_dags/example_skip_dag.py for tasks to queue
[2025-04-11T01:59:40.619+0000] {logging_mixin.py:190} INFO - [2025-04-11T01:59:40.619+0000] {dagbag.py:588} INFO - Filling up the DagBag from /home/airflow/.local/lib/python3.12/site-packages/airflow/example_dags/example_skip_dag.py
[2025-04-11T01:59:40.653+0000] {processor.py:925} INFO - DAG(s) 'example_skip_dag' retrieved from /home/airflow/.local/lib/python3.12/site-packages/airflow/example_dags/example_skip_dag.py
[2025-04-11T01:59:40.717+0000] {logging_mixin.py:190} INFO - [2025-04-11T01:59:40.717+0000] {dag.py:3239} INFO - Sync 1 DAGs
[2025-04-11T01:59:40.802+0000] {logging_mixin.py:190} INFO - [2025-04-11T01:59:40.802+0000] {dag.py:4180} INFO - Setting next_dagrun for example_skip_dag to 2025-04-10 00:00:00+00:00, run_after=2025-04-11 00:00:00+00:00
[2025-04-11T01:59:40.854+0000] {processor.py:208} INFO - Processing /home/airflow/.local/lib/python3.12/site-packages/airflow/example_dags/example_skip_dag.py took 0.270 seconds
[2025-04-11T02:00:11.082+0000] {processor.py:186} INFO - Started process (PID=2551) to work on /home/airflow/.local/lib/python3.12/site-packages/airflow/example_dags/example_skip_dag.py
[2025-04-11T02:00:11.084+0000] {processor.py:914} INFO - Processing file /home/airflow/.local/lib/python3.12/site-packages/airflow/example_dags/example_skip_dag.py for tasks to queue
[2025-04-11T02:00:11.088+0000] {logging_mixin.py:190} INFO - [2025-04-11T02:00:11.087+0000] {dagbag.py:588} INFO - Filling up the DagBag from /home/airflow/.local/lib/python3.12/site-packages/airflow/example_dags/example_skip_dag.py
[2025-04-11T02:00:11.115+0000] {processor.py:925} INFO - DAG(s) 'example_skip_dag' retrieved from /home/airflow/.local/lib/python3.12/site-packages/airflow/example_dags/example_skip_dag.py
[2025-04-11T02:00:11.175+0000] {logging_mixin.py:190} INFO - [2025-04-11T02:00:11.173+0000] {dag.py:3239} INFO - Sync 1 DAGs
[2025-04-11T02:00:11.253+0000] {logging_mixin.py:190} INFO - [2025-04-11T02:00:11.252+0000] {dag.py:4180} INFO - Setting next_dagrun for example_skip_dag to 2025-04-10 00:00:00+00:00, run_after=2025-04-11 00:00:00+00:00
[2025-04-11T02:00:11.305+0000] {processor.py:208} INFO - Processing /home/airflow/.local/lib/python3.12/site-packages/airflow/example_dags/example_skip_dag.py took 0.237 seconds
[2025-04-11T02:00:42.638+0000] {processor.py:186} INFO - Started process (PID=2617) to work on /home/airflow/.local/lib/python3.12/site-packages/airflow/example_dags/example_skip_dag.py
[2025-04-11T02:00:42.641+0000] {processor.py:914} INFO - Processing file /home/airflow/.local/lib/python3.12/site-packages/airflow/example_dags/example_skip_dag.py for tasks to queue
[2025-04-11T02:00:42.643+0000] {logging_mixin.py:190} INFO - [2025-04-11T02:00:42.643+0000] {dagbag.py:588} INFO - Filling up the DagBag from /home/airflow/.local/lib/python3.12/site-packages/airflow/example_dags/example_skip_dag.py
[2025-04-11T02:00:42.671+0000] {processor.py:925} INFO - DAG(s) 'example_skip_dag' retrieved from /home/airflow/.local/lib/python3.12/site-packages/airflow/example_dags/example_skip_dag.py
[2025-04-11T02:00:42.730+0000] {logging_mixin.py:190} INFO - [2025-04-11T02:00:42.729+0000] {dag.py:3239} INFO - Sync 1 DAGs
[2025-04-11T02:00:42.806+0000] {logging_mixin.py:190} INFO - [2025-04-11T02:00:42.805+0000] {dag.py:4180} INFO - Setting next_dagrun for example_skip_dag to 2025-04-10 00:00:00+00:00, run_after=2025-04-11 00:00:00+00:00
[2025-04-11T02:00:42.862+0000] {processor.py:208} INFO - Processing /home/airflow/.local/lib/python3.12/site-packages/airflow/example_dags/example_skip_dag.py took 0.243 seconds
[2025-04-11T02:01:13.520+0000] {processor.py:186} INFO - Started process (PID=2682) to work on /home/airflow/.local/lib/python3.12/site-packages/airflow/example_dags/example_skip_dag.py
[2025-04-11T02:01:13.523+0000] {processor.py:914} INFO - Processing file /home/airflow/.local/lib/python3.12/site-packages/airflow/example_dags/example_skip_dag.py for tasks to queue
[2025-04-11T02:01:13.527+0000] {logging_mixin.py:190} INFO - [2025-04-11T02:01:13.525+0000] {dagbag.py:588} INFO - Filling up the DagBag from /home/airflow/.local/lib/python3.12/site-packages/airflow/example_dags/example_skip_dag.py
[2025-04-11T02:01:13.555+0000] {processor.py:925} INFO - DAG(s) 'example_skip_dag' retrieved from /home/airflow/.local/lib/python3.12/site-packages/airflow/example_dags/example_skip_dag.py
[2025-04-11T02:01:13.610+0000] {logging_mixin.py:190} INFO - [2025-04-11T02:01:13.610+0000] {dag.py:3239} INFO - Sync 1 DAGs
[2025-04-11T02:01:13.682+0000] {logging_mixin.py:190} INFO - [2025-04-11T02:01:13.681+0000] {dag.py:4180} INFO - Setting next_dagrun for example_skip_dag to 2025-04-10 00:00:00+00:00, run_after=2025-04-11 00:00:00+00:00
[2025-04-11T02:01:13.734+0000] {processor.py:208} INFO - Processing /home/airflow/.local/lib/python3.12/site-packages/airflow/example_dags/example_skip_dag.py took 0.233 seconds
[2025-04-11T02:01:46.110+0000] {processor.py:186} INFO - Started process (PID=2747) to work on /home/airflow/.local/lib/python3.12/site-packages/airflow/example_dags/example_skip_dag.py
[2025-04-11T02:01:46.113+0000] {processor.py:914} INFO - Processing file /home/airflow/.local/lib/python3.12/site-packages/airflow/example_dags/example_skip_dag.py for tasks to queue
[2025-04-11T02:01:46.117+0000] {logging_mixin.py:190} INFO - [2025-04-11T02:01:46.116+0000] {dagbag.py:588} INFO - Filling up the DagBag from /home/airflow/.local/lib/python3.12/site-packages/airflow/example_dags/example_skip_dag.py
[2025-04-11T02:01:46.143+0000] {processor.py:925} INFO - DAG(s) 'example_skip_dag' retrieved from /home/airflow/.local/lib/python3.12/site-packages/airflow/example_dags/example_skip_dag.py
[2025-04-11T02:01:46.203+0000] {logging_mixin.py:190} INFO - [2025-04-11T02:01:46.202+0000] {dag.py:3239} INFO - Sync 1 DAGs
[2025-04-11T02:01:46.280+0000] {logging_mixin.py:190} INFO - [2025-04-11T02:01:46.279+0000] {dag.py:4180} INFO - Setting next_dagrun for example_skip_dag to 2025-04-10 00:00:00+00:00, run_after=2025-04-11 00:00:00+00:00
[2025-04-11T02:01:46.342+0000] {processor.py:208} INFO - Processing /home/airflow/.local/lib/python3.12/site-packages/airflow/example_dags/example_skip_dag.py took 0.251 seconds
[2025-04-11T02:02:18.227+0000] {processor.py:186} INFO - Started process (PID=2812) to work on /home/airflow/.local/lib/python3.12/site-packages/airflow/example_dags/example_skip_dag.py
[2025-04-11T02:02:18.231+0000] {processor.py:914} INFO - Processing file /home/airflow/.local/lib/python3.12/site-packages/airflow/example_dags/example_skip_dag.py for tasks to queue
[2025-04-11T02:02:18.235+0000] {logging_mixin.py:190} INFO - [2025-04-11T02:02:18.234+0000] {dagbag.py:588} INFO - Filling up the DagBag from /home/airflow/.local/lib/python3.12/site-packages/airflow/example_dags/example_skip_dag.py
[2025-04-11T02:02:18.263+0000] {processor.py:925} INFO - DAG(s) 'example_skip_dag' retrieved from /home/airflow/.local/lib/python3.12/site-packages/airflow/example_dags/example_skip_dag.py
[2025-04-11T02:02:18.319+0000] {logging_mixin.py:190} INFO - [2025-04-11T02:02:18.318+0000] {dag.py:3239} INFO - Sync 1 DAGs
[2025-04-11T02:02:18.366+0000] {logging_mixin.py:190} INFO - [2025-04-11T02:02:18.365+0000] {dag.py:4180} INFO - Setting next_dagrun for example_skip_dag to 2025-04-10 00:00:00+00:00, run_after=2025-04-11 00:00:00+00:00
[2025-04-11T02:02:18.415+0000] {processor.py:208} INFO - Processing /home/airflow/.local/lib/python3.12/site-packages/airflow/example_dags/example_skip_dag.py took 0.205 seconds
[2025-04-11T02:02:48.969+0000] {processor.py:186} INFO - Started process (PID=2877) to work on /home/airflow/.local/lib/python3.12/site-packages/airflow/example_dags/example_skip_dag.py
[2025-04-11T02:02:48.971+0000] {processor.py:914} INFO - Processing file /home/airflow/.local/lib/python3.12/site-packages/airflow/example_dags/example_skip_dag.py for tasks to queue
[2025-04-11T02:02:48.972+0000] {logging_mixin.py:190} INFO - [2025-04-11T02:02:48.972+0000] {dagbag.py:588} INFO - Filling up the DagBag from /home/airflow/.local/lib/python3.12/site-packages/airflow/example_dags/example_skip_dag.py
[2025-04-11T02:02:48.985+0000] {processor.py:925} INFO - DAG(s) 'example_skip_dag' retrieved from /home/airflow/.local/lib/python3.12/site-packages/airflow/example_dags/example_skip_dag.py
[2025-04-11T02:02:49.030+0000] {logging_mixin.py:190} INFO - [2025-04-11T02:02:49.029+0000] {dag.py:3239} INFO - Sync 1 DAGs
[2025-04-11T02:02:49.100+0000] {logging_mixin.py:190} INFO - [2025-04-11T02:02:49.099+0000] {dag.py:4180} INFO - Setting next_dagrun for example_skip_dag to 2025-04-10 00:00:00+00:00, run_after=2025-04-11 00:00:00+00:00
[2025-04-11T02:02:49.149+0000] {processor.py:208} INFO - Processing /home/airflow/.local/lib/python3.12/site-packages/airflow/example_dags/example_skip_dag.py took 0.187 seconds
[2025-04-11T02:03:20.681+0000] {processor.py:186} INFO - Started process (PID=2942) to work on /home/airflow/.local/lib/python3.12/site-packages/airflow/example_dags/example_skip_dag.py
[2025-04-11T02:03:20.683+0000] {processor.py:914} INFO - Processing file /home/airflow/.local/lib/python3.12/site-packages/airflow/example_dags/example_skip_dag.py for tasks to queue
[2025-04-11T02:03:20.686+0000] {logging_mixin.py:190} INFO - [2025-04-11T02:03:20.685+0000] {dagbag.py:588} INFO - Filling up the DagBag from /home/airflow/.local/lib/python3.12/site-packages/airflow/example_dags/example_skip_dag.py
[2025-04-11T02:03:20.717+0000] {processor.py:925} INFO - DAG(s) 'example_skip_dag' retrieved from /home/airflow/.local/lib/python3.12/site-packages/airflow/example_dags/example_skip_dag.py
[2025-04-11T02:03:20.760+0000] {logging_mixin.py:190} INFO - [2025-04-11T02:03:20.760+0000] {dag.py:3239} INFO - Sync 1 DAGs
[2025-04-11T02:03:20.816+0000] {logging_mixin.py:190} INFO - [2025-04-11T02:03:20.815+0000] {dag.py:4180} INFO - Setting next_dagrun for example_skip_dag to 2025-04-10 00:00:00+00:00, run_after=2025-04-11 00:00:00+00:00
[2025-04-11T02:03:20.870+0000] {processor.py:208} INFO - Processing /home/airflow/.local/lib/python3.12/site-packages/airflow/example_dags/example_skip_dag.py took 0.202 seconds
[2025-04-11T02:03:52.793+0000] {processor.py:186} INFO - Started process (PID=3007) to work on /home/airflow/.local/lib/python3.12/site-packages/airflow/example_dags/example_skip_dag.py
[2025-04-11T02:03:52.796+0000] {processor.py:914} INFO - Processing file /home/airflow/.local/lib/python3.12/site-packages/airflow/example_dags/example_skip_dag.py for tasks to queue
[2025-04-11T02:03:52.800+0000] {logging_mixin.py:190} INFO - [2025-04-11T02:03:52.799+0000] {dagbag.py:588} INFO - Filling up the DagBag from /home/airflow/.local/lib/python3.12/site-packages/airflow/example_dags/example_skip_dag.py
[2025-04-11T02:03:52.830+0000] {processor.py:925} INFO - DAG(s) 'example_skip_dag' retrieved from /home/airflow/.local/lib/python3.12/site-packages/airflow/example_dags/example_skip_dag.py
[2025-04-11T02:03:52.898+0000] {logging_mixin.py:190} INFO - [2025-04-11T02:03:52.897+0000] {dag.py:3239} INFO - Sync 1 DAGs
[2025-04-11T02:03:52.975+0000] {logging_mixin.py:190} INFO - [2025-04-11T02:03:52.974+0000] {dag.py:4180} INFO - Setting next_dagrun for example_skip_dag to 2025-04-10 00:00:00+00:00, run_after=2025-04-11 00:00:00+00:00
[2025-04-11T02:03:53.038+0000] {processor.py:208} INFO - Processing /home/airflow/.local/lib/python3.12/site-packages/airflow/example_dags/example_skip_dag.py took 0.265 seconds
[2025-04-11T02:04:23.689+0000] {processor.py:186} INFO - Started process (PID=3072) to work on /home/airflow/.local/lib/python3.12/site-packages/airflow/example_dags/example_skip_dag.py
[2025-04-11T02:04:23.691+0000] {processor.py:914} INFO - Processing file /home/airflow/.local/lib/python3.12/site-packages/airflow/example_dags/example_skip_dag.py for tasks to queue
[2025-04-11T02:04:23.695+0000] {logging_mixin.py:190} INFO - [2025-04-11T02:04:23.694+0000] {dagbag.py:588} INFO - Filling up the DagBag from /home/airflow/.local/lib/python3.12/site-packages/airflow/example_dags/example_skip_dag.py
[2025-04-11T02:04:23.724+0000] {processor.py:925} INFO - DAG(s) 'example_skip_dag' retrieved from /home/airflow/.local/lib/python3.12/site-packages/airflow/example_dags/example_skip_dag.py
[2025-04-11T02:04:23.789+0000] {logging_mixin.py:190} INFO - [2025-04-11T02:04:23.788+0000] {dag.py:3239} INFO - Sync 1 DAGs
[2025-04-11T02:04:23.855+0000] {logging_mixin.py:190} INFO - [2025-04-11T02:04:23.855+0000] {dag.py:4180} INFO - Setting next_dagrun for example_skip_dag to 2025-04-10 00:00:00+00:00, run_after=2025-04-11 00:00:00+00:00
[2025-04-11T02:04:23.916+0000] {processor.py:208} INFO - Processing /home/airflow/.local/lib/python3.12/site-packages/airflow/example_dags/example_skip_dag.py took 0.246 seconds
[2025-04-11T02:04:55.906+0000] {processor.py:186} INFO - Started process (PID=3138) to work on /home/airflow/.local/lib/python3.12/site-packages/airflow/example_dags/example_skip_dag.py
[2025-04-11T02:04:55.909+0000] {processor.py:914} INFO - Processing file /home/airflow/.local/lib/python3.12/site-packages/airflow/example_dags/example_skip_dag.py for tasks to queue
[2025-04-11T02:04:55.912+0000] {logging_mixin.py:190} INFO - [2025-04-11T02:04:55.912+0000] {dagbag.py:588} INFO - Filling up the DagBag from /home/airflow/.local/lib/python3.12/site-packages/airflow/example_dags/example_skip_dag.py
[2025-04-11T02:04:55.941+0000] {processor.py:925} INFO - DAG(s) 'example_skip_dag' retrieved from /home/airflow/.local/lib/python3.12/site-packages/airflow/example_dags/example_skip_dag.py
[2025-04-11T02:04:55.998+0000] {logging_mixin.py:190} INFO - [2025-04-11T02:04:55.997+0000] {dag.py:3239} INFO - Sync 1 DAGs
[2025-04-11T02:04:56.067+0000] {logging_mixin.py:190} INFO - [2025-04-11T02:04:56.066+0000] {dag.py:4180} INFO - Setting next_dagrun for example_skip_dag to 2025-04-10 00:00:00+00:00, run_after=2025-04-11 00:00:00+00:00
[2025-04-11T02:04:56.125+0000] {processor.py:208} INFO - Processing /home/airflow/.local/lib/python3.12/site-packages/airflow/example_dags/example_skip_dag.py took 0.234 seconds
[2025-04-11T02:05:27.077+0000] {processor.py:186} INFO - Started process (PID=3203) to work on /home/airflow/.local/lib/python3.12/site-packages/airflow/example_dags/example_skip_dag.py
[2025-04-11T02:05:27.079+0000] {processor.py:914} INFO - Processing file /home/airflow/.local/lib/python3.12/site-packages/airflow/example_dags/example_skip_dag.py for tasks to queue
[2025-04-11T02:05:27.083+0000] {logging_mixin.py:190} INFO - [2025-04-11T02:05:27.082+0000] {dagbag.py:588} INFO - Filling up the DagBag from /home/airflow/.local/lib/python3.12/site-packages/airflow/example_dags/example_skip_dag.py
[2025-04-11T02:05:27.104+0000] {processor.py:925} INFO - DAG(s) 'example_skip_dag' retrieved from /home/airflow/.local/lib/python3.12/site-packages/airflow/example_dags/example_skip_dag.py
[2025-04-11T02:05:27.154+0000] {logging_mixin.py:190} INFO - [2025-04-11T02:05:27.153+0000] {dag.py:3239} INFO - Sync 1 DAGs
[2025-04-11T02:05:27.213+0000] {logging_mixin.py:190} INFO - [2025-04-11T02:05:27.212+0000] {dag.py:4180} INFO - Setting next_dagrun for example_skip_dag to 2025-04-10 00:00:00+00:00, run_after=2025-04-11 00:00:00+00:00
[2025-04-11T02:05:27.255+0000] {processor.py:208} INFO - Processing /home/airflow/.local/lib/python3.12/site-packages/airflow/example_dags/example_skip_dag.py took 0.193 seconds
[2025-04-11T02:05:57.978+0000] {processor.py:186} INFO - Started process (PID=3267) to work on /home/airflow/.local/lib/python3.12/site-packages/airflow/example_dags/example_skip_dag.py
[2025-04-11T02:05:57.981+0000] {processor.py:914} INFO - Processing file /home/airflow/.local/lib/python3.12/site-packages/airflow/example_dags/example_skip_dag.py for tasks to queue
[2025-04-11T02:05:57.984+0000] {logging_mixin.py:190} INFO - [2025-04-11T02:05:57.983+0000] {dagbag.py:588} INFO - Filling up the DagBag from /home/airflow/.local/lib/python3.12/site-packages/airflow/example_dags/example_skip_dag.py
[2025-04-11T02:05:58.001+0000] {processor.py:925} INFO - DAG(s) 'example_skip_dag' retrieved from /home/airflow/.local/lib/python3.12/site-packages/airflow/example_dags/example_skip_dag.py
[2025-04-11T02:05:58.059+0000] {logging_mixin.py:190} INFO - [2025-04-11T02:05:58.058+0000] {dag.py:3239} INFO - Sync 1 DAGs
[2025-04-11T02:05:58.132+0000] {logging_mixin.py:190} INFO - [2025-04-11T02:05:58.132+0000] {dag.py:4180} INFO - Setting next_dagrun for example_skip_dag to 2025-04-10 00:00:00+00:00, run_after=2025-04-11 00:00:00+00:00
[2025-04-11T02:05:58.183+0000] {processor.py:208} INFO - Processing /home/airflow/.local/lib/python3.12/site-packages/airflow/example_dags/example_skip_dag.py took 0.215 seconds
[2025-04-11T02:06:28.402+0000] {processor.py:186} INFO - Started process (PID=3331) to work on /home/airflow/.local/lib/python3.12/site-packages/airflow/example_dags/example_skip_dag.py
[2025-04-11T02:06:28.403+0000] {processor.py:914} INFO - Processing file /home/airflow/.local/lib/python3.12/site-packages/airflow/example_dags/example_skip_dag.py for tasks to queue
[2025-04-11T02:06:28.406+0000] {logging_mixin.py:190} INFO - [2025-04-11T02:06:28.405+0000] {dagbag.py:588} INFO - Filling up the DagBag from /home/airflow/.local/lib/python3.12/site-packages/airflow/example_dags/example_skip_dag.py
[2025-04-11T02:06:28.418+0000] {processor.py:925} INFO - DAG(s) 'example_skip_dag' retrieved from /home/airflow/.local/lib/python3.12/site-packages/airflow/example_dags/example_skip_dag.py
[2025-04-11T02:06:28.455+0000] {logging_mixin.py:190} INFO - [2025-04-11T02:06:28.454+0000] {dag.py:3239} INFO - Sync 1 DAGs
[2025-04-11T02:06:28.494+0000] {logging_mixin.py:190} INFO - [2025-04-11T02:06:28.494+0000] {dag.py:4180} INFO - Setting next_dagrun for example_skip_dag to 2025-04-10 00:00:00+00:00, run_after=2025-04-11 00:00:00+00:00
[2025-04-11T02:06:28.525+0000] {processor.py:208} INFO - Processing /home/airflow/.local/lib/python3.12/site-packages/airflow/example_dags/example_skip_dag.py took 0.132 seconds
[2025-04-11T02:06:59.423+0000] {processor.py:186} INFO - Started process (PID=3402) to work on /home/airflow/.local/lib/python3.12/site-packages/airflow/example_dags/example_skip_dag.py
[2025-04-11T02:06:59.424+0000] {processor.py:914} INFO - Processing file /home/airflow/.local/lib/python3.12/site-packages/airflow/example_dags/example_skip_dag.py for tasks to queue
[2025-04-11T02:06:59.426+0000] {logging_mixin.py:190} INFO - [2025-04-11T02:06:59.425+0000] {dagbag.py:588} INFO - Filling up the DagBag from /home/airflow/.local/lib/python3.12/site-packages/airflow/example_dags/example_skip_dag.py
[2025-04-11T02:06:59.434+0000] {processor.py:925} INFO - DAG(s) 'example_skip_dag' retrieved from /home/airflow/.local/lib/python3.12/site-packages/airflow/example_dags/example_skip_dag.py
[2025-04-11T02:06:59.454+0000] {logging_mixin.py:190} INFO - [2025-04-11T02:06:59.454+0000] {dag.py:3239} INFO - Sync 1 DAGs
[2025-04-11T02:06:59.475+0000] {logging_mixin.py:190} INFO - [2025-04-11T02:06:59.475+0000] {dag.py:4180} INFO - Setting next_dagrun for example_skip_dag to 2025-04-10 00:00:00+00:00, run_after=2025-04-11 00:00:00+00:00
[2025-04-11T02:06:59.495+0000] {processor.py:208} INFO - Processing /home/airflow/.local/lib/python3.12/site-packages/airflow/example_dags/example_skip_dag.py took 0.077 seconds
[2025-04-11T02:07:32.179+0000] {processor.py:186} INFO - Started process (PID=3467) to work on /home/airflow/.local/lib/python3.12/site-packages/airflow/example_dags/example_skip_dag.py
[2025-04-11T02:07:32.180+0000] {processor.py:914} INFO - Processing file /home/airflow/.local/lib/python3.12/site-packages/airflow/example_dags/example_skip_dag.py for tasks to queue
[2025-04-11T02:07:32.182+0000] {logging_mixin.py:190} INFO - [2025-04-11T02:07:32.182+0000] {dagbag.py:588} INFO - Filling up the DagBag from /home/airflow/.local/lib/python3.12/site-packages/airflow/example_dags/example_skip_dag.py
[2025-04-11T02:07:32.201+0000] {processor.py:925} INFO - DAG(s) 'example_skip_dag' retrieved from /home/airflow/.local/lib/python3.12/site-packages/airflow/example_dags/example_skip_dag.py
[2025-04-11T02:07:32.242+0000] {logging_mixin.py:190} INFO - [2025-04-11T02:07:32.241+0000] {dag.py:3239} INFO - Sync 1 DAGs
[2025-04-11T02:07:32.307+0000] {logging_mixin.py:190} INFO - [2025-04-11T02:07:32.306+0000] {dag.py:4180} INFO - Setting next_dagrun for example_skip_dag to 2025-04-10 00:00:00+00:00, run_after=2025-04-11 00:00:00+00:00
[2025-04-11T02:07:32.362+0000] {processor.py:208} INFO - Processing /home/airflow/.local/lib/python3.12/site-packages/airflow/example_dags/example_skip_dag.py took 0.193 seconds
[2025-04-11T02:08:04.277+0000] {processor.py:186} INFO - Started process (PID=3532) to work on /home/airflow/.local/lib/python3.12/site-packages/airflow/example_dags/example_skip_dag.py
[2025-04-11T02:08:04.280+0000] {processor.py:914} INFO - Processing file /home/airflow/.local/lib/python3.12/site-packages/airflow/example_dags/example_skip_dag.py for tasks to queue
[2025-04-11T02:08:04.282+0000] {logging_mixin.py:190} INFO - [2025-04-11T02:08:04.282+0000] {dagbag.py:588} INFO - Filling up the DagBag from /home/airflow/.local/lib/python3.12/site-packages/airflow/example_dags/example_skip_dag.py
[2025-04-11T02:08:04.303+0000] {processor.py:925} INFO - DAG(s) 'example_skip_dag' retrieved from /home/airflow/.local/lib/python3.12/site-packages/airflow/example_dags/example_skip_dag.py
[2025-04-11T02:08:04.354+0000] {logging_mixin.py:190} INFO - [2025-04-11T02:08:04.353+0000] {dag.py:3239} INFO - Sync 1 DAGs
[2025-04-11T02:08:04.413+0000] {logging_mixin.py:190} INFO - [2025-04-11T02:08:04.413+0000] {dag.py:4180} INFO - Setting next_dagrun for example_skip_dag to 2025-04-10 00:00:00+00:00, run_after=2025-04-11 00:00:00+00:00
[2025-04-11T02:08:04.464+0000] {processor.py:208} INFO - Processing /home/airflow/.local/lib/python3.12/site-packages/airflow/example_dags/example_skip_dag.py took 0.206 seconds
[2025-04-11T02:08:35.492+0000] {processor.py:186} INFO - Started process (PID=3597) to work on /home/airflow/.local/lib/python3.12/site-packages/airflow/example_dags/example_skip_dag.py
[2025-04-11T02:08:35.495+0000] {processor.py:914} INFO - Processing file /home/airflow/.local/lib/python3.12/site-packages/airflow/example_dags/example_skip_dag.py for tasks to queue
[2025-04-11T02:08:35.497+0000] {logging_mixin.py:190} INFO - [2025-04-11T02:08:35.497+0000] {dagbag.py:588} INFO - Filling up the DagBag from /home/airflow/.local/lib/python3.12/site-packages/airflow/example_dags/example_skip_dag.py
[2025-04-11T02:08:35.524+0000] {processor.py:925} INFO - DAG(s) 'example_skip_dag' retrieved from /home/airflow/.local/lib/python3.12/site-packages/airflow/example_dags/example_skip_dag.py
[2025-04-11T02:08:35.563+0000] {logging_mixin.py:190} INFO - [2025-04-11T02:08:35.563+0000] {dag.py:3239} INFO - Sync 1 DAGs
[2025-04-11T02:08:35.602+0000] {logging_mixin.py:190} INFO - [2025-04-11T02:08:35.602+0000] {dag.py:4180} INFO - Setting next_dagrun for example_skip_dag to 2025-04-10 00:00:00+00:00, run_after=2025-04-11 00:00:00+00:00
[2025-04-11T02:08:35.644+0000] {processor.py:208} INFO - Processing /home/airflow/.local/lib/python3.12/site-packages/airflow/example_dags/example_skip_dag.py took 0.171 seconds
[2025-04-11T02:09:08.038+0000] {processor.py:186} INFO - Started process (PID=3662) to work on /home/airflow/.local/lib/python3.12/site-packages/airflow/example_dags/example_skip_dag.py
[2025-04-11T02:09:08.041+0000] {processor.py:914} INFO - Processing file /home/airflow/.local/lib/python3.12/site-packages/airflow/example_dags/example_skip_dag.py for tasks to queue
[2025-04-11T02:09:08.045+0000] {logging_mixin.py:190} INFO - [2025-04-11T02:09:08.044+0000] {dagbag.py:588} INFO - Filling up the DagBag from /home/airflow/.local/lib/python3.12/site-packages/airflow/example_dags/example_skip_dag.py
[2025-04-11T02:09:08.077+0000] {processor.py:925} INFO - DAG(s) 'example_skip_dag' retrieved from /home/airflow/.local/lib/python3.12/site-packages/airflow/example_dags/example_skip_dag.py
[2025-04-11T02:09:08.133+0000] {logging_mixin.py:190} INFO - [2025-04-11T02:09:08.132+0000] {dag.py:3239} INFO - Sync 1 DAGs
[2025-04-11T02:09:08.208+0000] {logging_mixin.py:190} INFO - [2025-04-11T02:09:08.208+0000] {dag.py:4180} INFO - Setting next_dagrun for example_skip_dag to 2025-04-10 00:00:00+00:00, run_after=2025-04-11 00:00:00+00:00
[2025-04-11T02:09:08.273+0000] {processor.py:208} INFO - Processing /home/airflow/.local/lib/python3.12/site-packages/airflow/example_dags/example_skip_dag.py took 0.254 seconds
[2025-04-11T02:09:40.204+0000] {processor.py:186} INFO - Started process (PID=3727) to work on /home/airflow/.local/lib/python3.12/site-packages/airflow/example_dags/example_skip_dag.py
[2025-04-11T02:09:40.207+0000] {processor.py:914} INFO - Processing file /home/airflow/.local/lib/python3.12/site-packages/airflow/example_dags/example_skip_dag.py for tasks to queue
[2025-04-11T02:09:40.209+0000] {logging_mixin.py:190} INFO - [2025-04-11T02:09:40.209+0000] {dagbag.py:588} INFO - Filling up the DagBag from /home/airflow/.local/lib/python3.12/site-packages/airflow/example_dags/example_skip_dag.py
[2025-04-11T02:09:40.238+0000] {processor.py:925} INFO - DAG(s) 'example_skip_dag' retrieved from /home/airflow/.local/lib/python3.12/site-packages/airflow/example_dags/example_skip_dag.py
[2025-04-11T02:09:40.277+0000] {logging_mixin.py:190} INFO - [2025-04-11T02:09:40.276+0000] {dag.py:3239} INFO - Sync 1 DAGs
[2025-04-11T02:09:40.329+0000] {logging_mixin.py:190} INFO - [2025-04-11T02:09:40.328+0000] {dag.py:4180} INFO - Setting next_dagrun for example_skip_dag to 2025-04-10 00:00:00+00:00, run_after=2025-04-11 00:00:00+00:00
[2025-04-11T02:09:40.369+0000] {processor.py:208} INFO - Processing /home/airflow/.local/lib/python3.12/site-packages/airflow/example_dags/example_skip_dag.py took 0.183 seconds
[2025-04-11T02:10:10.848+0000] {processor.py:186} INFO - Started process (PID=3792) to work on /home/airflow/.local/lib/python3.12/site-packages/airflow/example_dags/example_skip_dag.py
[2025-04-11T02:10:10.849+0000] {processor.py:914} INFO - Processing file /home/airflow/.local/lib/python3.12/site-packages/airflow/example_dags/example_skip_dag.py for tasks to queue
[2025-04-11T02:10:10.851+0000] {logging_mixin.py:190} INFO - [2025-04-11T02:10:10.850+0000] {dagbag.py:588} INFO - Filling up the DagBag from /home/airflow/.local/lib/python3.12/site-packages/airflow/example_dags/example_skip_dag.py
[2025-04-11T02:10:10.858+0000] {processor.py:925} INFO - DAG(s) 'example_skip_dag' retrieved from /home/airflow/.local/lib/python3.12/site-packages/airflow/example_dags/example_skip_dag.py
[2025-04-11T02:10:10.878+0000] {logging_mixin.py:190} INFO - [2025-04-11T02:10:10.878+0000] {dag.py:3239} INFO - Sync 1 DAGs
[2025-04-11T02:10:10.897+0000] {logging_mixin.py:190} INFO - [2025-04-11T02:10:10.897+0000] {dag.py:4180} INFO - Setting next_dagrun for example_skip_dag to 2025-04-10 00:00:00+00:00, run_after=2025-04-11 00:00:00+00:00
[2025-04-11T02:10:10.919+0000] {processor.py:208} INFO - Processing /home/airflow/.local/lib/python3.12/site-packages/airflow/example_dags/example_skip_dag.py took 0.076 seconds
[2025-04-11T02:10:41.031+0000] {processor.py:186} INFO - Started process (PID=3857) to work on /home/airflow/.local/lib/python3.12/site-packages/airflow/example_dags/example_skip_dag.py
[2025-04-11T02:10:41.033+0000] {processor.py:914} INFO - Processing file /home/airflow/.local/lib/python3.12/site-packages/airflow/example_dags/example_skip_dag.py for tasks to queue
[2025-04-11T02:10:41.034+0000] {logging_mixin.py:190} INFO - [2025-04-11T02:10:41.034+0000] {dagbag.py:588} INFO - Filling up the DagBag from /home/airflow/.local/lib/python3.12/site-packages/airflow/example_dags/example_skip_dag.py
[2025-04-11T02:10:41.041+0000] {processor.py:925} INFO - DAG(s) 'example_skip_dag' retrieved from /home/airflow/.local/lib/python3.12/site-packages/airflow/example_dags/example_skip_dag.py
[2025-04-11T02:10:41.061+0000] {logging_mixin.py:190} INFO - [2025-04-11T02:10:41.061+0000] {dag.py:3239} INFO - Sync 1 DAGs
[2025-04-11T02:10:41.080+0000] {logging_mixin.py:190} INFO - [2025-04-11T02:10:41.080+0000] {dag.py:4180} INFO - Setting next_dagrun for example_skip_dag to 2025-04-10 00:00:00+00:00, run_after=2025-04-11 00:00:00+00:00
[2025-04-11T02:10:41.101+0000] {processor.py:208} INFO - Processing /home/airflow/.local/lib/python3.12/site-packages/airflow/example_dags/example_skip_dag.py took 0.075 seconds
[2025-04-11T02:11:13.419+0000] {processor.py:186} INFO - Started process (PID=3924) to work on /home/airflow/.local/lib/python3.12/site-packages/airflow/example_dags/example_skip_dag.py
[2025-04-11T02:11:13.422+0000] {processor.py:914} INFO - Processing file /home/airflow/.local/lib/python3.12/site-packages/airflow/example_dags/example_skip_dag.py for tasks to queue
[2025-04-11T02:11:13.426+0000] {logging_mixin.py:190} INFO - [2025-04-11T02:11:13.425+0000] {dagbag.py:588} INFO - Filling up the DagBag from /home/airflow/.local/lib/python3.12/site-packages/airflow/example_dags/example_skip_dag.py
[2025-04-11T02:11:13.449+0000] {processor.py:925} INFO - DAG(s) 'example_skip_dag' retrieved from /home/airflow/.local/lib/python3.12/site-packages/airflow/example_dags/example_skip_dag.py
[2025-04-11T02:11:13.510+0000] {logging_mixin.py:190} INFO - [2025-04-11T02:11:13.509+0000] {dag.py:3239} INFO - Sync 1 DAGs
[2025-04-11T02:11:13.573+0000] {logging_mixin.py:190} INFO - [2025-04-11T02:11:13.573+0000] {dag.py:4180} INFO - Setting next_dagrun for example_skip_dag to 2025-04-10 00:00:00+00:00, run_after=2025-04-11 00:00:00+00:00
[2025-04-11T02:11:13.624+0000] {processor.py:208} INFO - Processing /home/airflow/.local/lib/python3.12/site-packages/airflow/example_dags/example_skip_dag.py took 0.224 seconds
[2025-04-11T02:11:46.253+0000] {processor.py:186} INFO - Started process (PID=3989) to work on /home/airflow/.local/lib/python3.12/site-packages/airflow/example_dags/example_skip_dag.py
[2025-04-11T02:11:46.256+0000] {processor.py:914} INFO - Processing file /home/airflow/.local/lib/python3.12/site-packages/airflow/example_dags/example_skip_dag.py for tasks to queue
[2025-04-11T02:11:46.261+0000] {logging_mixin.py:190} INFO - [2025-04-11T02:11:46.260+0000] {dagbag.py:588} INFO - Filling up the DagBag from /home/airflow/.local/lib/python3.12/site-packages/airflow/example_dags/example_skip_dag.py
[2025-04-11T02:11:46.291+0000] {processor.py:925} INFO - DAG(s) 'example_skip_dag' retrieved from /home/airflow/.local/lib/python3.12/site-packages/airflow/example_dags/example_skip_dag.py
[2025-04-11T02:11:46.353+0000] {logging_mixin.py:190} INFO - [2025-04-11T02:11:46.352+0000] {dag.py:3239} INFO - Sync 1 DAGs
[2025-04-11T02:11:46.426+0000] {logging_mixin.py:190} INFO - [2025-04-11T02:11:46.425+0000] {dag.py:4180} INFO - Setting next_dagrun for example_skip_dag to 2025-04-10 00:00:00+00:00, run_after=2025-04-11 00:00:00+00:00
[2025-04-11T02:11:46.491+0000] {processor.py:208} INFO - Processing /home/airflow/.local/lib/python3.12/site-packages/airflow/example_dags/example_skip_dag.py took 0.257 seconds
[2025-04-11T02:12:18.316+0000] {processor.py:186} INFO - Started process (PID=4057) to work on /home/airflow/.local/lib/python3.12/site-packages/airflow/example_dags/example_skip_dag.py
[2025-04-11T02:12:18.318+0000] {processor.py:914} INFO - Processing file /home/airflow/.local/lib/python3.12/site-packages/airflow/example_dags/example_skip_dag.py for tasks to queue
[2025-04-11T02:12:18.322+0000] {logging_mixin.py:190} INFO - [2025-04-11T02:12:18.321+0000] {dagbag.py:588} INFO - Filling up the DagBag from /home/airflow/.local/lib/python3.12/site-packages/airflow/example_dags/example_skip_dag.py
[2025-04-11T02:12:18.354+0000] {processor.py:925} INFO - DAG(s) 'example_skip_dag' retrieved from /home/airflow/.local/lib/python3.12/site-packages/airflow/example_dags/example_skip_dag.py
[2025-04-11T02:12:18.436+0000] {logging_mixin.py:190} INFO - [2025-04-11T02:12:18.435+0000] {dag.py:3239} INFO - Sync 1 DAGs
[2025-04-11T02:12:18.516+0000] {logging_mixin.py:190} INFO - [2025-04-11T02:12:18.516+0000] {dag.py:4180} INFO - Setting next_dagrun for example_skip_dag to 2025-04-10 00:00:00+00:00, run_after=2025-04-11 00:00:00+00:00
[2025-04-11T02:12:18.593+0000] {processor.py:208} INFO - Processing /home/airflow/.local/lib/python3.12/site-packages/airflow/example_dags/example_skip_dag.py took 0.297 seconds
[2025-04-11T02:12:50.211+0000] {processor.py:186} INFO - Started process (PID=4123) to work on /home/airflow/.local/lib/python3.12/site-packages/airflow/example_dags/example_skip_dag.py
[2025-04-11T02:12:50.214+0000] {processor.py:914} INFO - Processing file /home/airflow/.local/lib/python3.12/site-packages/airflow/example_dags/example_skip_dag.py for tasks to queue
[2025-04-11T02:12:50.218+0000] {logging_mixin.py:190} INFO - [2025-04-11T02:12:50.217+0000] {dagbag.py:588} INFO - Filling up the DagBag from /home/airflow/.local/lib/python3.12/site-packages/airflow/example_dags/example_skip_dag.py
[2025-04-11T02:12:50.248+0000] {processor.py:925} INFO - DAG(s) 'example_skip_dag' retrieved from /home/airflow/.local/lib/python3.12/site-packages/airflow/example_dags/example_skip_dag.py
[2025-04-11T02:12:50.304+0000] {logging_mixin.py:190} INFO - [2025-04-11T02:12:50.304+0000] {dag.py:3239} INFO - Sync 1 DAGs
[2025-04-11T02:12:50.378+0000] {logging_mixin.py:190} INFO - [2025-04-11T02:12:50.377+0000] {dag.py:4180} INFO - Setting next_dagrun for example_skip_dag to 2025-04-10 00:00:00+00:00, run_after=2025-04-11 00:00:00+00:00
[2025-04-11T02:12:50.437+0000] {processor.py:208} INFO - Processing /home/airflow/.local/lib/python3.12/site-packages/airflow/example_dags/example_skip_dag.py took 0.237 seconds
[2025-04-11T02:13:21.234+0000] {processor.py:186} INFO - Started process (PID=4189) to work on /home/airflow/.local/lib/python3.12/site-packages/airflow/example_dags/example_skip_dag.py
[2025-04-11T02:13:21.237+0000] {processor.py:914} INFO - Processing file /home/airflow/.local/lib/python3.12/site-packages/airflow/example_dags/example_skip_dag.py for tasks to queue
[2025-04-11T02:13:21.240+0000] {logging_mixin.py:190} INFO - [2025-04-11T02:13:21.239+0000] {dagbag.py:588} INFO - Filling up the DagBag from /home/airflow/.local/lib/python3.12/site-packages/airflow/example_dags/example_skip_dag.py
[2025-04-11T02:13:21.257+0000] {processor.py:925} INFO - DAG(s) 'example_skip_dag' retrieved from /home/airflow/.local/lib/python3.12/site-packages/airflow/example_dags/example_skip_dag.py
[2025-04-11T02:13:21.300+0000] {logging_mixin.py:190} INFO - [2025-04-11T02:13:21.300+0000] {dag.py:3239} INFO - Sync 1 DAGs
[2025-04-11T02:13:21.359+0000] {logging_mixin.py:190} INFO - [2025-04-11T02:13:21.359+0000] {dag.py:4180} INFO - Setting next_dagrun for example_skip_dag to 2025-04-10 00:00:00+00:00, run_after=2025-04-11 00:00:00+00:00
[2025-04-11T02:13:21.399+0000] {processor.py:208} INFO - Processing /home/airflow/.local/lib/python3.12/site-packages/airflow/example_dags/example_skip_dag.py took 0.174 seconds
[2025-04-11T02:13:51.972+0000] {processor.py:186} INFO - Started process (PID=4254) to work on /home/airflow/.local/lib/python3.12/site-packages/airflow/example_dags/example_skip_dag.py
[2025-04-11T02:13:51.974+0000] {processor.py:914} INFO - Processing file /home/airflow/.local/lib/python3.12/site-packages/airflow/example_dags/example_skip_dag.py for tasks to queue
[2025-04-11T02:13:51.975+0000] {logging_mixin.py:190} INFO - [2025-04-11T02:13:51.975+0000] {dagbag.py:588} INFO - Filling up the DagBag from /home/airflow/.local/lib/python3.12/site-packages/airflow/example_dags/example_skip_dag.py
[2025-04-11T02:13:51.984+0000] {processor.py:925} INFO - DAG(s) 'example_skip_dag' retrieved from /home/airflow/.local/lib/python3.12/site-packages/airflow/example_dags/example_skip_dag.py
[2025-04-11T02:13:52.003+0000] {logging_mixin.py:190} INFO - [2025-04-11T02:13:52.003+0000] {dag.py:3239} INFO - Sync 1 DAGs
[2025-04-11T02:13:52.022+0000] {logging_mixin.py:190} INFO - [2025-04-11T02:13:52.022+0000] {dag.py:4180} INFO - Setting next_dagrun for example_skip_dag to 2025-04-10 00:00:00+00:00, run_after=2025-04-11 00:00:00+00:00
[2025-04-11T02:13:52.044+0000] {processor.py:208} INFO - Processing /home/airflow/.local/lib/python3.12/site-packages/airflow/example_dags/example_skip_dag.py took 0.077 seconds
[2025-04-11T02:14:22.394+0000] {processor.py:186} INFO - Started process (PID=4319) to work on /home/airflow/.local/lib/python3.12/site-packages/airflow/example_dags/example_skip_dag.py
[2025-04-11T02:14:22.395+0000] {processor.py:914} INFO - Processing file /home/airflow/.local/lib/python3.12/site-packages/airflow/example_dags/example_skip_dag.py for tasks to queue
[2025-04-11T02:14:22.396+0000] {logging_mixin.py:190} INFO - [2025-04-11T02:14:22.396+0000] {dagbag.py:588} INFO - Filling up the DagBag from /home/airflow/.local/lib/python3.12/site-packages/airflow/example_dags/example_skip_dag.py
[2025-04-11T02:14:22.404+0000] {processor.py:925} INFO - DAG(s) 'example_skip_dag' retrieved from /home/airflow/.local/lib/python3.12/site-packages/airflow/example_dags/example_skip_dag.py
[2025-04-11T02:14:22.422+0000] {logging_mixin.py:190} INFO - [2025-04-11T02:14:22.422+0000] {dag.py:3239} INFO - Sync 1 DAGs
[2025-04-11T02:14:22.440+0000] {logging_mixin.py:190} INFO - [2025-04-11T02:14:22.440+0000] {dag.py:4180} INFO - Setting next_dagrun for example_skip_dag to 2025-04-10 00:00:00+00:00, run_after=2025-04-11 00:00:00+00:00
[2025-04-11T02:14:22.461+0000] {processor.py:208} INFO - Processing /home/airflow/.local/lib/python3.12/site-packages/airflow/example_dags/example_skip_dag.py took 0.071 seconds
[2025-04-11T02:14:54.415+0000] {processor.py:186} INFO - Started process (PID=4384) to work on /home/airflow/.local/lib/python3.12/site-packages/airflow/example_dags/example_skip_dag.py
[2025-04-11T02:14:54.416+0000] {processor.py:914} INFO - Processing file /home/airflow/.local/lib/python3.12/site-packages/airflow/example_dags/example_skip_dag.py for tasks to queue
[2025-04-11T02:14:54.418+0000] {logging_mixin.py:190} INFO - [2025-04-11T02:14:54.418+0000] {dagbag.py:588} INFO - Filling up the DagBag from /home/airflow/.local/lib/python3.12/site-packages/airflow/example_dags/example_skip_dag.py
[2025-04-11T02:14:54.428+0000] {processor.py:925} INFO - DAG(s) 'example_skip_dag' retrieved from /home/airflow/.local/lib/python3.12/site-packages/airflow/example_dags/example_skip_dag.py
[2025-04-11T02:14:54.451+0000] {logging_mixin.py:190} INFO - [2025-04-11T02:14:54.451+0000] {dag.py:3239} INFO - Sync 1 DAGs
[2025-04-11T02:14:54.643+0000] {logging_mixin.py:190} INFO - [2025-04-11T02:14:54.643+0000] {dag.py:4180} INFO - Setting next_dagrun for example_skip_dag to 2025-04-10 00:00:00+00:00, run_after=2025-04-11 00:00:00+00:00
[2025-04-11T02:14:54.663+0000] {processor.py:208} INFO - Processing /home/airflow/.local/lib/python3.12/site-packages/airflow/example_dags/example_skip_dag.py took 0.256 seconds
[2025-04-11T02:15:25.244+0000] {processor.py:186} INFO - Started process (PID=4449) to work on /home/airflow/.local/lib/python3.12/site-packages/airflow/example_dags/example_skip_dag.py
[2025-04-11T02:15:25.246+0000] {processor.py:914} INFO - Processing file /home/airflow/.local/lib/python3.12/site-packages/airflow/example_dags/example_skip_dag.py for tasks to queue
[2025-04-11T02:15:25.248+0000] {logging_mixin.py:190} INFO - [2025-04-11T02:15:25.248+0000] {dagbag.py:588} INFO - Filling up the DagBag from /home/airflow/.local/lib/python3.12/site-packages/airflow/example_dags/example_skip_dag.py
[2025-04-11T02:15:25.256+0000] {processor.py:925} INFO - DAG(s) 'example_skip_dag' retrieved from /home/airflow/.local/lib/python3.12/site-packages/airflow/example_dags/example_skip_dag.py
[2025-04-11T02:15:25.277+0000] {logging_mixin.py:190} INFO - [2025-04-11T02:15:25.277+0000] {dag.py:3239} INFO - Sync 1 DAGs
[2025-04-11T02:15:25.300+0000] {logging_mixin.py:190} INFO - [2025-04-11T02:15:25.300+0000] {dag.py:4180} INFO - Setting next_dagrun for example_skip_dag to 2025-04-10 00:00:00+00:00, run_after=2025-04-11 00:00:00+00:00
[2025-04-11T02:15:25.441+0000] {processor.py:208} INFO - Processing /home/airflow/.local/lib/python3.12/site-packages/airflow/example_dags/example_skip_dag.py took 0.204 seconds
[2025-04-11T12:34:00.370+0000] {processor.py:186} INFO - Started process (PID=4523) to work on /home/airflow/.local/lib/python3.12/site-packages/airflow/example_dags/example_skip_dag.py
[2025-04-11T12:34:00.384+0000] {processor.py:914} INFO - Processing file /home/airflow/.local/lib/python3.12/site-packages/airflow/example_dags/example_skip_dag.py for tasks to queue
[2025-04-11T12:34:00.398+0000] {logging_mixin.py:190} INFO - [2025-04-11T12:34:00.397+0000] {dagbag.py:588} INFO - Filling up the DagBag from /home/airflow/.local/lib/python3.12/site-packages/airflow/example_dags/example_skip_dag.py
[2025-04-11T12:34:00.431+0000] {processor.py:925} INFO - DAG(s) 'example_skip_dag' retrieved from /home/airflow/.local/lib/python3.12/site-packages/airflow/example_dags/example_skip_dag.py
[2025-04-11T12:34:00.513+0000] {logging_mixin.py:190} INFO - [2025-04-11T12:34:00.512+0000] {dag.py:3239} INFO - Sync 1 DAGs
[2025-04-11T12:34:00.928+0000] {logging_mixin.py:190} INFO - [2025-04-11T12:34:00.928+0000] {dag.py:4180} INFO - Setting next_dagrun for example_skip_dag to 2025-04-10 00:00:00+00:00, run_after=2025-04-11 00:00:00+00:00
[2025-04-11T12:34:00.986+0000] {processor.py:208} INFO - Processing /home/airflow/.local/lib/python3.12/site-packages/airflow/example_dags/example_skip_dag.py took 0.631 seconds
