[2025-04-11T01:49:57.497+0000] {processor.py:186} INFO - Started process (PID=1263) to work on /home/airflow/.local/lib/python3.12/site-packages/airflow/example_dags/example_latest_only.py
[2025-04-11T01:49:57.499+0000] {processor.py:914} INFO - Processing file /home/airflow/.local/lib/python3.12/site-packages/airflow/example_dags/example_latest_only.py for tasks to queue
[2025-04-11T01:49:57.503+0000] {logging_mixin.py:190} INFO - [2025-04-11T01:49:57.502+0000] {dagbag.py:588} INFO - Filling up the DagBag from /home/airflow/.local/lib/python3.12/site-packages/airflow/example_dags/example_latest_only.py
[2025-04-11T01:49:57.529+0000] {processor.py:925} INFO - DAG(s) 'latest_only' retrieved from /home/airflow/.local/lib/python3.12/site-packages/airflow/example_dags/example_latest_only.py
[2025-04-11T01:49:57.584+0000] {logging_mixin.py:190} INFO - [2025-04-11T01:49:57.584+0000] {dag.py:3239} INFO - Sync 1 DAGs
[2025-04-11T01:49:57.655+0000] {logging_mixin.py:190} INFO - [2025-04-11T01:49:57.655+0000] {dag.py:4180} INFO - Setting next_dagrun for latest_only to 2025-04-10 20:00:00+00:00, run_after=2025-04-11 00:00:00+00:00
[2025-04-11T01:49:57.738+0000] {processor.py:208} INFO - Processing /home/airflow/.local/lib/python3.12/site-packages/airflow/example_dags/example_latest_only.py took 0.252 seconds
[2025-04-11T01:50:28.109+0000] {processor.py:186} INFO - Started process (PID=1329) to work on /home/airflow/.local/lib/python3.12/site-packages/airflow/example_dags/example_latest_only.py
[2025-04-11T01:50:28.112+0000] {processor.py:914} INFO - Processing file /home/airflow/.local/lib/python3.12/site-packages/airflow/example_dags/example_latest_only.py for tasks to queue
[2025-04-11T01:50:28.114+0000] {logging_mixin.py:190} INFO - [2025-04-11T01:50:28.114+0000] {dagbag.py:588} INFO - Filling up the DagBag from /home/airflow/.local/lib/python3.12/site-packages/airflow/example_dags/example_latest_only.py
[2025-04-11T01:50:28.125+0000] {processor.py:925} INFO - DAG(s) 'latest_only' retrieved from /home/airflow/.local/lib/python3.12/site-packages/airflow/example_dags/example_latest_only.py
[2025-04-11T01:50:28.156+0000] {logging_mixin.py:190} INFO - [2025-04-11T01:50:28.155+0000] {dag.py:3239} INFO - Sync 1 DAGs
[2025-04-11T01:50:28.192+0000] {logging_mixin.py:190} INFO - [2025-04-11T01:50:28.191+0000] {dag.py:4180} INFO - Setting next_dagrun for latest_only to 2025-04-10 20:00:00+00:00, run_after=2025-04-11 00:00:00+00:00
[2025-04-11T01:50:28.221+0000] {processor.py:208} INFO - Processing /home/airflow/.local/lib/python3.12/site-packages/airflow/example_dags/example_latest_only.py took 0.120 seconds
[2025-04-11T01:50:58.839+0000] {processor.py:186} INFO - Started process (PID=1394) to work on /home/airflow/.local/lib/python3.12/site-packages/airflow/example_dags/example_latest_only.py
[2025-04-11T01:50:58.841+0000] {processor.py:914} INFO - Processing file /home/airflow/.local/lib/python3.12/site-packages/airflow/example_dags/example_latest_only.py for tasks to queue
[2025-04-11T01:50:58.844+0000] {logging_mixin.py:190} INFO - [2025-04-11T01:50:58.843+0000] {dagbag.py:588} INFO - Filling up the DagBag from /home/airflow/.local/lib/python3.12/site-packages/airflow/example_dags/example_latest_only.py
[2025-04-11T01:50:58.858+0000] {processor.py:925} INFO - DAG(s) 'latest_only' retrieved from /home/airflow/.local/lib/python3.12/site-packages/airflow/example_dags/example_latest_only.py
[2025-04-11T01:50:58.894+0000] {logging_mixin.py:190} INFO - [2025-04-11T01:50:58.894+0000] {dag.py:3239} INFO - Sync 1 DAGs
[2025-04-11T01:50:58.937+0000] {logging_mixin.py:190} INFO - [2025-04-11T01:50:58.936+0000] {dag.py:4180} INFO - Setting next_dagrun for latest_only to 2025-04-10 20:00:00+00:00, run_after=2025-04-11 00:00:00+00:00
[2025-04-11T01:50:58.971+0000] {processor.py:208} INFO - Processing /home/airflow/.local/lib/python3.12/site-packages/airflow/example_dags/example_latest_only.py took 0.139 seconds
[2025-04-11T01:51:30.141+0000] {processor.py:186} INFO - Started process (PID=1459) to work on /home/airflow/.local/lib/python3.12/site-packages/airflow/example_dags/example_latest_only.py
[2025-04-11T01:51:30.143+0000] {processor.py:914} INFO - Processing file /home/airflow/.local/lib/python3.12/site-packages/airflow/example_dags/example_latest_only.py for tasks to queue
[2025-04-11T01:51:30.149+0000] {logging_mixin.py:190} INFO - [2025-04-11T01:51:30.147+0000] {dagbag.py:588} INFO - Filling up the DagBag from /home/airflow/.local/lib/python3.12/site-packages/airflow/example_dags/example_latest_only.py
[2025-04-11T01:51:30.168+0000] {processor.py:925} INFO - DAG(s) 'latest_only' retrieved from /home/airflow/.local/lib/python3.12/site-packages/airflow/example_dags/example_latest_only.py
[2025-04-11T01:51:30.207+0000] {logging_mixin.py:190} INFO - [2025-04-11T01:51:30.207+0000] {dag.py:3239} INFO - Sync 1 DAGs
[2025-04-11T01:51:30.286+0000] {logging_mixin.py:190} INFO - [2025-04-11T01:51:30.285+0000] {dag.py:4180} INFO - Setting next_dagrun for latest_only to 2025-04-10 20:00:00+00:00, run_after=2025-04-11 00:00:00+00:00
[2025-04-11T01:51:30.367+0000] {processor.py:208} INFO - Processing /home/airflow/.local/lib/python3.12/site-packages/airflow/example_dags/example_latest_only.py took 0.236 seconds
[2025-04-11T01:52:00.987+0000] {processor.py:186} INFO - Started process (PID=1524) to work on /home/airflow/.local/lib/python3.12/site-packages/airflow/example_dags/example_latest_only.py
[2025-04-11T01:52:00.989+0000] {processor.py:914} INFO - Processing file /home/airflow/.local/lib/python3.12/site-packages/airflow/example_dags/example_latest_only.py for tasks to queue
[2025-04-11T01:52:00.992+0000] {logging_mixin.py:190} INFO - [2025-04-11T01:52:00.991+0000] {dagbag.py:588} INFO - Filling up the DagBag from /home/airflow/.local/lib/python3.12/site-packages/airflow/example_dags/example_latest_only.py
[2025-04-11T01:52:01.006+0000] {processor.py:925} INFO - DAG(s) 'latest_only' retrieved from /home/airflow/.local/lib/python3.12/site-packages/airflow/example_dags/example_latest_only.py
[2025-04-11T01:52:01.037+0000] {logging_mixin.py:190} INFO - [2025-04-11T01:52:01.037+0000] {dag.py:3239} INFO - Sync 1 DAGs
[2025-04-11T01:52:01.075+0000] {logging_mixin.py:190} INFO - [2025-04-11T01:52:01.074+0000] {dag.py:4180} INFO - Setting next_dagrun for latest_only to 2025-04-10 20:00:00+00:00, run_after=2025-04-11 00:00:00+00:00
[2025-04-11T01:52:01.113+0000] {processor.py:208} INFO - Processing /home/airflow/.local/lib/python3.12/site-packages/airflow/example_dags/example_latest_only.py took 0.136 seconds
[2025-04-11T01:52:31.867+0000] {processor.py:186} INFO - Started process (PID=1589) to work on /home/airflow/.local/lib/python3.12/site-packages/airflow/example_dags/example_latest_only.py
[2025-04-11T01:52:31.868+0000] {processor.py:914} INFO - Processing file /home/airflow/.local/lib/python3.12/site-packages/airflow/example_dags/example_latest_only.py for tasks to queue
[2025-04-11T01:52:31.871+0000] {logging_mixin.py:190} INFO - [2025-04-11T01:52:31.870+0000] {dagbag.py:588} INFO - Filling up the DagBag from /home/airflow/.local/lib/python3.12/site-packages/airflow/example_dags/example_latest_only.py
[2025-04-11T01:52:31.880+0000] {processor.py:925} INFO - DAG(s) 'latest_only' retrieved from /home/airflow/.local/lib/python3.12/site-packages/airflow/example_dags/example_latest_only.py
[2025-04-11T01:52:31.903+0000] {logging_mixin.py:190} INFO - [2025-04-11T01:52:31.903+0000] {dag.py:3239} INFO - Sync 1 DAGs
[2025-04-11T01:52:31.929+0000] {logging_mixin.py:190} INFO - [2025-04-11T01:52:31.929+0000] {dag.py:4180} INFO - Setting next_dagrun for latest_only to 2025-04-10 20:00:00+00:00, run_after=2025-04-11 00:00:00+00:00
[2025-04-11T01:52:31.960+0000] {processor.py:208} INFO - Processing /home/airflow/.local/lib/python3.12/site-packages/airflow/example_dags/example_latest_only.py took 0.101 seconds
[2025-04-11T01:53:02.421+0000] {processor.py:186} INFO - Started process (PID=1653) to work on /home/airflow/.local/lib/python3.12/site-packages/airflow/example_dags/example_latest_only.py
[2025-04-11T01:53:02.422+0000] {processor.py:914} INFO - Processing file /home/airflow/.local/lib/python3.12/site-packages/airflow/example_dags/example_latest_only.py for tasks to queue
[2025-04-11T01:53:02.424+0000] {logging_mixin.py:190} INFO - [2025-04-11T01:53:02.423+0000] {dagbag.py:588} INFO - Filling up the DagBag from /home/airflow/.local/lib/python3.12/site-packages/airflow/example_dags/example_latest_only.py
[2025-04-11T01:53:02.439+0000] {processor.py:925} INFO - DAG(s) 'latest_only' retrieved from /home/airflow/.local/lib/python3.12/site-packages/airflow/example_dags/example_latest_only.py
[2025-04-11T01:53:02.468+0000] {logging_mixin.py:190} INFO - [2025-04-11T01:53:02.468+0000] {dag.py:3239} INFO - Sync 1 DAGs
[2025-04-11T01:53:02.516+0000] {logging_mixin.py:190} INFO - [2025-04-11T01:53:02.515+0000] {dag.py:4180} INFO - Setting next_dagrun for latest_only to 2025-04-10 20:00:00+00:00, run_after=2025-04-11 00:00:00+00:00
[2025-04-11T01:53:02.550+0000] {processor.py:208} INFO - Processing /home/airflow/.local/lib/python3.12/site-packages/airflow/example_dags/example_latest_only.py took 0.139 seconds
[2025-04-11T01:53:32.785+0000] {processor.py:186} INFO - Started process (PID=1718) to work on /home/airflow/.local/lib/python3.12/site-packages/airflow/example_dags/example_latest_only.py
[2025-04-11T01:53:32.786+0000] {processor.py:914} INFO - Processing file /home/airflow/.local/lib/python3.12/site-packages/airflow/example_dags/example_latest_only.py for tasks to queue
[2025-04-11T01:53:32.787+0000] {logging_mixin.py:190} INFO - [2025-04-11T01:53:32.787+0000] {dagbag.py:588} INFO - Filling up the DagBag from /home/airflow/.local/lib/python3.12/site-packages/airflow/example_dags/example_latest_only.py
[2025-04-11T01:53:32.794+0000] {processor.py:925} INFO - DAG(s) 'latest_only' retrieved from /home/airflow/.local/lib/python3.12/site-packages/airflow/example_dags/example_latest_only.py
[2025-04-11T01:53:32.812+0000] {logging_mixin.py:190} INFO - [2025-04-11T01:53:32.812+0000] {dag.py:3239} INFO - Sync 1 DAGs
[2025-04-11T01:53:32.835+0000] {logging_mixin.py:190} INFO - [2025-04-11T01:53:32.835+0000] {dag.py:4180} INFO - Setting next_dagrun for latest_only to 2025-04-10 20:00:00+00:00, run_after=2025-04-11 00:00:00+00:00
[2025-04-11T01:53:32.853+0000] {processor.py:208} INFO - Processing /home/airflow/.local/lib/python3.12/site-packages/airflow/example_dags/example_latest_only.py took 0.073 seconds
[2025-04-11T01:54:03.648+0000] {processor.py:186} INFO - Started process (PID=1783) to work on /home/airflow/.local/lib/python3.12/site-packages/airflow/example_dags/example_latest_only.py
[2025-04-11T01:54:03.649+0000] {processor.py:914} INFO - Processing file /home/airflow/.local/lib/python3.12/site-packages/airflow/example_dags/example_latest_only.py for tasks to queue
[2025-04-11T01:54:03.651+0000] {logging_mixin.py:190} INFO - [2025-04-11T01:54:03.650+0000] {dagbag.py:588} INFO - Filling up the DagBag from /home/airflow/.local/lib/python3.12/site-packages/airflow/example_dags/example_latest_only.py
[2025-04-11T01:54:03.659+0000] {processor.py:925} INFO - DAG(s) 'latest_only' retrieved from /home/airflow/.local/lib/python3.12/site-packages/airflow/example_dags/example_latest_only.py
[2025-04-11T01:54:03.677+0000] {logging_mixin.py:190} INFO - [2025-04-11T01:54:03.677+0000] {dag.py:3239} INFO - Sync 1 DAGs
[2025-04-11T01:54:03.698+0000] {logging_mixin.py:190} INFO - [2025-04-11T01:54:03.698+0000] {dag.py:4180} INFO - Setting next_dagrun for latest_only to 2025-04-10 20:00:00+00:00, run_after=2025-04-11 00:00:00+00:00
[2025-04-11T01:54:03.720+0000] {processor.py:208} INFO - Processing /home/airflow/.local/lib/python3.12/site-packages/airflow/example_dags/example_latest_only.py took 0.078 seconds
[2025-04-11T01:54:34.561+0000] {processor.py:186} INFO - Started process (PID=1848) to work on /home/airflow/.local/lib/python3.12/site-packages/airflow/example_dags/example_latest_only.py
[2025-04-11T01:54:34.563+0000] {processor.py:914} INFO - Processing file /home/airflow/.local/lib/python3.12/site-packages/airflow/example_dags/example_latest_only.py for tasks to queue
[2025-04-11T01:54:34.564+0000] {logging_mixin.py:190} INFO - [2025-04-11T01:54:34.564+0000] {dagbag.py:588} INFO - Filling up the DagBag from /home/airflow/.local/lib/python3.12/site-packages/airflow/example_dags/example_latest_only.py
[2025-04-11T01:54:34.572+0000] {processor.py:925} INFO - DAG(s) 'latest_only' retrieved from /home/airflow/.local/lib/python3.12/site-packages/airflow/example_dags/example_latest_only.py
[2025-04-11T01:54:34.591+0000] {logging_mixin.py:190} INFO - [2025-04-11T01:54:34.590+0000] {dag.py:3239} INFO - Sync 1 DAGs
[2025-04-11T01:54:34.615+0000] {logging_mixin.py:190} INFO - [2025-04-11T01:54:34.614+0000] {dag.py:4180} INFO - Setting next_dagrun for latest_only to 2025-04-10 20:00:00+00:00, run_after=2025-04-11 00:00:00+00:00
[2025-04-11T01:54:34.638+0000] {processor.py:208} INFO - Processing /home/airflow/.local/lib/python3.12/site-packages/airflow/example_dags/example_latest_only.py took 0.082 seconds
[2025-04-11T01:55:05.426+0000] {processor.py:186} INFO - Started process (PID=1913) to work on /home/airflow/.local/lib/python3.12/site-packages/airflow/example_dags/example_latest_only.py
[2025-04-11T01:55:05.427+0000] {processor.py:914} INFO - Processing file /home/airflow/.local/lib/python3.12/site-packages/airflow/example_dags/example_latest_only.py for tasks to queue
[2025-04-11T01:55:05.428+0000] {logging_mixin.py:190} INFO - [2025-04-11T01:55:05.428+0000] {dagbag.py:588} INFO - Filling up the DagBag from /home/airflow/.local/lib/python3.12/site-packages/airflow/example_dags/example_latest_only.py
[2025-04-11T01:55:05.436+0000] {processor.py:925} INFO - DAG(s) 'latest_only' retrieved from /home/airflow/.local/lib/python3.12/site-packages/airflow/example_dags/example_latest_only.py
[2025-04-11T01:55:05.454+0000] {logging_mixin.py:190} INFO - [2025-04-11T01:55:05.453+0000] {dag.py:3239} INFO - Sync 1 DAGs
[2025-04-11T01:55:05.475+0000] {logging_mixin.py:190} INFO - [2025-04-11T01:55:05.475+0000] {dag.py:4180} INFO - Setting next_dagrun for latest_only to 2025-04-10 20:00:00+00:00, run_after=2025-04-11 00:00:00+00:00
[2025-04-11T01:55:05.497+0000] {processor.py:208} INFO - Processing /home/airflow/.local/lib/python3.12/site-packages/airflow/example_dags/example_latest_only.py took 0.077 seconds
[2025-04-11T01:55:36.141+0000] {processor.py:186} INFO - Started process (PID=1978) to work on /home/airflow/.local/lib/python3.12/site-packages/airflow/example_dags/example_latest_only.py
[2025-04-11T01:55:36.142+0000] {processor.py:914} INFO - Processing file /home/airflow/.local/lib/python3.12/site-packages/airflow/example_dags/example_latest_only.py for tasks to queue
[2025-04-11T01:55:36.144+0000] {logging_mixin.py:190} INFO - [2025-04-11T01:55:36.144+0000] {dagbag.py:588} INFO - Filling up the DagBag from /home/airflow/.local/lib/python3.12/site-packages/airflow/example_dags/example_latest_only.py
[2025-04-11T01:55:36.151+0000] {processor.py:925} INFO - DAG(s) 'latest_only' retrieved from /home/airflow/.local/lib/python3.12/site-packages/airflow/example_dags/example_latest_only.py
[2025-04-11T01:55:36.167+0000] {logging_mixin.py:190} INFO - [2025-04-11T01:55:36.167+0000] {dag.py:3239} INFO - Sync 1 DAGs
[2025-04-11T01:55:36.187+0000] {logging_mixin.py:190} INFO - [2025-04-11T01:55:36.187+0000] {dag.py:4180} INFO - Setting next_dagrun for latest_only to 2025-04-10 20:00:00+00:00, run_after=2025-04-11 00:00:00+00:00
[2025-04-11T01:55:36.207+0000] {processor.py:208} INFO - Processing /home/airflow/.local/lib/python3.12/site-packages/airflow/example_dags/example_latest_only.py took 0.071 seconds
[2025-04-11T01:56:07.339+0000] {processor.py:186} INFO - Started process (PID=2044) to work on /home/airflow/.local/lib/python3.12/site-packages/airflow/example_dags/example_latest_only.py
[2025-04-11T01:56:07.341+0000] {processor.py:914} INFO - Processing file /home/airflow/.local/lib/python3.12/site-packages/airflow/example_dags/example_latest_only.py for tasks to queue
[2025-04-11T01:56:07.342+0000] {logging_mixin.py:190} INFO - [2025-04-11T01:56:07.342+0000] {dagbag.py:588} INFO - Filling up the DagBag from /home/airflow/.local/lib/python3.12/site-packages/airflow/example_dags/example_latest_only.py
[2025-04-11T01:56:07.350+0000] {processor.py:925} INFO - DAG(s) 'latest_only' retrieved from /home/airflow/.local/lib/python3.12/site-packages/airflow/example_dags/example_latest_only.py
[2025-04-11T01:56:07.369+0000] {logging_mixin.py:190} INFO - [2025-04-11T01:56:07.369+0000] {dag.py:3239} INFO - Sync 1 DAGs
[2025-04-11T01:56:07.390+0000] {logging_mixin.py:190} INFO - [2025-04-11T01:56:07.389+0000] {dag.py:4180} INFO - Setting next_dagrun for latest_only to 2025-04-10 20:00:00+00:00, run_after=2025-04-11 00:00:00+00:00
[2025-04-11T01:56:07.410+0000] {processor.py:208} INFO - Processing /home/airflow/.local/lib/python3.12/site-packages/airflow/example_dags/example_latest_only.py took 0.077 seconds
[2025-04-11T01:56:40.270+0000] {processor.py:186} INFO - Started process (PID=2109) to work on /home/airflow/.local/lib/python3.12/site-packages/airflow/example_dags/example_latest_only.py
[2025-04-11T01:56:40.271+0000] {processor.py:914} INFO - Processing file /home/airflow/.local/lib/python3.12/site-packages/airflow/example_dags/example_latest_only.py for tasks to queue
[2025-04-11T01:56:40.272+0000] {logging_mixin.py:190} INFO - [2025-04-11T01:56:40.272+0000] {dagbag.py:588} INFO - Filling up the DagBag from /home/airflow/.local/lib/python3.12/site-packages/airflow/example_dags/example_latest_only.py
[2025-04-11T01:56:40.279+0000] {processor.py:925} INFO - DAG(s) 'latest_only' retrieved from /home/airflow/.local/lib/python3.12/site-packages/airflow/example_dags/example_latest_only.py
[2025-04-11T01:56:40.327+0000] {logging_mixin.py:190} INFO - [2025-04-11T01:56:40.327+0000] {dag.py:3239} INFO - Sync 1 DAGs
[2025-04-11T01:56:40.352+0000] {logging_mixin.py:190} INFO - [2025-04-11T01:56:40.352+0000] {dag.py:4180} INFO - Setting next_dagrun for latest_only to 2025-04-10 20:00:00+00:00, run_after=2025-04-11 00:00:00+00:00
[2025-04-11T01:56:40.521+0000] {processor.py:208} INFO - Processing /home/airflow/.local/lib/python3.12/site-packages/airflow/example_dags/example_latest_only.py took 0.256 seconds
[2025-04-11T01:57:10.713+0000] {processor.py:186} INFO - Started process (PID=2174) to work on /home/airflow/.local/lib/python3.12/site-packages/airflow/example_dags/example_latest_only.py
[2025-04-11T01:57:10.714+0000] {processor.py:914} INFO - Processing file /home/airflow/.local/lib/python3.12/site-packages/airflow/example_dags/example_latest_only.py for tasks to queue
[2025-04-11T01:57:10.717+0000] {logging_mixin.py:190} INFO - [2025-04-11T01:57:10.716+0000] {dagbag.py:588} INFO - Filling up the DagBag from /home/airflow/.local/lib/python3.12/site-packages/airflow/example_dags/example_latest_only.py
[2025-04-11T01:57:10.742+0000] {processor.py:925} INFO - DAG(s) 'latest_only' retrieved from /home/airflow/.local/lib/python3.12/site-packages/airflow/example_dags/example_latest_only.py
[2025-04-11T01:57:10.788+0000] {logging_mixin.py:190} INFO - [2025-04-11T01:57:10.787+0000] {dag.py:3239} INFO - Sync 1 DAGs
[2025-04-11T01:57:10.834+0000] {logging_mixin.py:190} INFO - [2025-04-11T01:57:10.833+0000] {dag.py:4180} INFO - Setting next_dagrun for latest_only to 2025-04-10 20:00:00+00:00, run_after=2025-04-11 00:00:00+00:00
[2025-04-11T01:57:10.887+0000] {processor.py:208} INFO - Processing /home/airflow/.local/lib/python3.12/site-packages/airflow/example_dags/example_latest_only.py took 0.189 seconds
[2025-04-11T01:57:41.147+0000] {processor.py:186} INFO - Started process (PID=2239) to work on /home/airflow/.local/lib/python3.12/site-packages/airflow/example_dags/example_latest_only.py
[2025-04-11T01:57:41.148+0000] {processor.py:914} INFO - Processing file /home/airflow/.local/lib/python3.12/site-packages/airflow/example_dags/example_latest_only.py for tasks to queue
[2025-04-11T01:57:41.149+0000] {logging_mixin.py:190} INFO - [2025-04-11T01:57:41.149+0000] {dagbag.py:588} INFO - Filling up the DagBag from /home/airflow/.local/lib/python3.12/site-packages/airflow/example_dags/example_latest_only.py
[2025-04-11T01:57:41.160+0000] {processor.py:925} INFO - DAG(s) 'latest_only' retrieved from /home/airflow/.local/lib/python3.12/site-packages/airflow/example_dags/example_latest_only.py
[2025-04-11T01:57:41.185+0000] {logging_mixin.py:190} INFO - [2025-04-11T01:57:41.185+0000] {dag.py:3239} INFO - Sync 1 DAGs
[2025-04-11T01:57:41.219+0000] {logging_mixin.py:190} INFO - [2025-04-11T01:57:41.219+0000] {dag.py:4180} INFO - Setting next_dagrun for latest_only to 2025-04-10 20:00:00+00:00, run_after=2025-04-11 00:00:00+00:00
[2025-04-11T01:57:41.247+0000] {processor.py:208} INFO - Processing /home/airflow/.local/lib/python3.12/site-packages/airflow/example_dags/example_latest_only.py took 0.107 seconds
[2025-04-11T01:58:11.766+0000] {processor.py:186} INFO - Started process (PID=2304) to work on /home/airflow/.local/lib/python3.12/site-packages/airflow/example_dags/example_latest_only.py
[2025-04-11T01:58:11.768+0000] {processor.py:914} INFO - Processing file /home/airflow/.local/lib/python3.12/site-packages/airflow/example_dags/example_latest_only.py for tasks to queue
[2025-04-11T01:58:11.770+0000] {logging_mixin.py:190} INFO - [2025-04-11T01:58:11.770+0000] {dagbag.py:588} INFO - Filling up the DagBag from /home/airflow/.local/lib/python3.12/site-packages/airflow/example_dags/example_latest_only.py
[2025-04-11T01:58:11.780+0000] {processor.py:925} INFO - DAG(s) 'latest_only' retrieved from /home/airflow/.local/lib/python3.12/site-packages/airflow/example_dags/example_latest_only.py
[2025-04-11T01:58:11.804+0000] {logging_mixin.py:190} INFO - [2025-04-11T01:58:11.804+0000] {dag.py:3239} INFO - Sync 1 DAGs
[2025-04-11T01:58:11.834+0000] {logging_mixin.py:190} INFO - [2025-04-11T01:58:11.834+0000] {dag.py:4180} INFO - Setting next_dagrun for latest_only to 2025-04-10 20:00:00+00:00, run_after=2025-04-11 00:00:00+00:00
[2025-04-11T01:58:11.862+0000] {processor.py:208} INFO - Processing /home/airflow/.local/lib/python3.12/site-packages/airflow/example_dags/example_latest_only.py took 0.103 seconds
[2025-04-11T01:58:43.266+0000] {processor.py:186} INFO - Started process (PID=2369) to work on /home/airflow/.local/lib/python3.12/site-packages/airflow/example_dags/example_latest_only.py
[2025-04-11T01:58:43.268+0000] {processor.py:914} INFO - Processing file /home/airflow/.local/lib/python3.12/site-packages/airflow/example_dags/example_latest_only.py for tasks to queue
[2025-04-11T01:58:43.270+0000] {logging_mixin.py:190} INFO - [2025-04-11T01:58:43.270+0000] {dagbag.py:588} INFO - Filling up the DagBag from /home/airflow/.local/lib/python3.12/site-packages/airflow/example_dags/example_latest_only.py
[2025-04-11T01:58:43.287+0000] {processor.py:925} INFO - DAG(s) 'latest_only' retrieved from /home/airflow/.local/lib/python3.12/site-packages/airflow/example_dags/example_latest_only.py
[2025-04-11T01:58:43.359+0000] {logging_mixin.py:190} INFO - [2025-04-11T01:58:43.358+0000] {dag.py:3239} INFO - Sync 1 DAGs
[2025-04-11T01:58:43.422+0000] {logging_mixin.py:190} INFO - [2025-04-11T01:58:43.422+0000] {dag.py:4180} INFO - Setting next_dagrun for latest_only to 2025-04-10 20:00:00+00:00, run_after=2025-04-11 00:00:00+00:00
[2025-04-11T01:58:43.466+0000] {processor.py:208} INFO - Processing /home/airflow/.local/lib/python3.12/site-packages/airflow/example_dags/example_latest_only.py took 0.215 seconds
[2025-04-11T01:59:14.346+0000] {processor.py:186} INFO - Started process (PID=2435) to work on /home/airflow/.local/lib/python3.12/site-packages/airflow/example_dags/example_latest_only.py
[2025-04-11T01:59:14.348+0000] {processor.py:914} INFO - Processing file /home/airflow/.local/lib/python3.12/site-packages/airflow/example_dags/example_latest_only.py for tasks to queue
[2025-04-11T01:59:14.350+0000] {logging_mixin.py:190} INFO - [2025-04-11T01:59:14.350+0000] {dagbag.py:588} INFO - Filling up the DagBag from /home/airflow/.local/lib/python3.12/site-packages/airflow/example_dags/example_latest_only.py
[2025-04-11T01:59:14.361+0000] {processor.py:925} INFO - DAG(s) 'latest_only' retrieved from /home/airflow/.local/lib/python3.12/site-packages/airflow/example_dags/example_latest_only.py
[2025-04-11T01:59:14.388+0000] {logging_mixin.py:190} INFO - [2025-04-11T01:59:14.387+0000] {dag.py:3239} INFO - Sync 1 DAGs
[2025-04-11T01:59:14.422+0000] {logging_mixin.py:190} INFO - [2025-04-11T01:59:14.422+0000] {dag.py:4180} INFO - Setting next_dagrun for latest_only to 2025-04-10 20:00:00+00:00, run_after=2025-04-11 00:00:00+00:00
[2025-04-11T01:59:14.455+0000] {processor.py:208} INFO - Processing /home/airflow/.local/lib/python3.12/site-packages/airflow/example_dags/example_latest_only.py took 0.115 seconds
[2025-04-11T01:59:47.714+0000] {processor.py:186} INFO - Started process (PID=2500) to work on /home/airflow/.local/lib/python3.12/site-packages/airflow/example_dags/example_latest_only.py
[2025-04-11T01:59:47.717+0000] {processor.py:914} INFO - Processing file /home/airflow/.local/lib/python3.12/site-packages/airflow/example_dags/example_latest_only.py for tasks to queue
[2025-04-11T01:59:47.721+0000] {logging_mixin.py:190} INFO - [2025-04-11T01:59:47.720+0000] {dagbag.py:588} INFO - Filling up the DagBag from /home/airflow/.local/lib/python3.12/site-packages/airflow/example_dags/example_latest_only.py
[2025-04-11T01:59:47.749+0000] {processor.py:925} INFO - DAG(s) 'latest_only' retrieved from /home/airflow/.local/lib/python3.12/site-packages/airflow/example_dags/example_latest_only.py
[2025-04-11T01:59:47.834+0000] {logging_mixin.py:190} INFO - [2025-04-11T01:59:47.833+0000] {dag.py:3239} INFO - Sync 1 DAGs
[2025-04-11T01:59:47.923+0000] {logging_mixin.py:190} INFO - [2025-04-11T01:59:47.922+0000] {dag.py:4180} INFO - Setting next_dagrun for latest_only to 2025-04-10 20:00:00+00:00, run_after=2025-04-11 00:00:00+00:00
[2025-04-11T01:59:47.985+0000] {processor.py:208} INFO - Processing /home/airflow/.local/lib/python3.12/site-packages/airflow/example_dags/example_latest_only.py took 0.290 seconds
[2025-04-11T02:00:20.133+0000] {processor.py:186} INFO - Started process (PID=2565) to work on /home/airflow/.local/lib/python3.12/site-packages/airflow/example_dags/example_latest_only.py
[2025-04-11T02:00:20.137+0000] {processor.py:914} INFO - Processing file /home/airflow/.local/lib/python3.12/site-packages/airflow/example_dags/example_latest_only.py for tasks to queue
[2025-04-11T02:00:20.142+0000] {logging_mixin.py:190} INFO - [2025-04-11T02:00:20.141+0000] {dagbag.py:588} INFO - Filling up the DagBag from /home/airflow/.local/lib/python3.12/site-packages/airflow/example_dags/example_latest_only.py
[2025-04-11T02:00:20.170+0000] {processor.py:925} INFO - DAG(s) 'latest_only' retrieved from /home/airflow/.local/lib/python3.12/site-packages/airflow/example_dags/example_latest_only.py
[2025-04-11T02:00:20.238+0000] {logging_mixin.py:190} INFO - [2025-04-11T02:00:20.237+0000] {dag.py:3239} INFO - Sync 1 DAGs
[2025-04-11T02:00:20.321+0000] {logging_mixin.py:190} INFO - [2025-04-11T02:00:20.320+0000] {dag.py:4180} INFO - Setting next_dagrun for latest_only to 2025-04-10 20:00:00+00:00, run_after=2025-04-11 00:00:00+00:00
[2025-04-11T02:00:20.391+0000] {processor.py:208} INFO - Processing /home/airflow/.local/lib/python3.12/site-packages/airflow/example_dags/example_latest_only.py took 0.279 seconds
[2025-04-11T02:00:52.547+0000] {processor.py:186} INFO - Started process (PID=2631) to work on /home/airflow/.local/lib/python3.12/site-packages/airflow/example_dags/example_latest_only.py
[2025-04-11T02:00:52.549+0000] {processor.py:914} INFO - Processing file /home/airflow/.local/lib/python3.12/site-packages/airflow/example_dags/example_latest_only.py for tasks to queue
[2025-04-11T02:00:52.551+0000] {logging_mixin.py:190} INFO - [2025-04-11T02:00:52.551+0000] {dagbag.py:588} INFO - Filling up the DagBag from /home/airflow/.local/lib/python3.12/site-packages/airflow/example_dags/example_latest_only.py
[2025-04-11T02:00:52.577+0000] {processor.py:925} INFO - DAG(s) 'latest_only' retrieved from /home/airflow/.local/lib/python3.12/site-packages/airflow/example_dags/example_latest_only.py
[2025-04-11T02:00:52.632+0000] {logging_mixin.py:190} INFO - [2025-04-11T02:00:52.631+0000] {dag.py:3239} INFO - Sync 1 DAGs
[2025-04-11T02:00:52.689+0000] {logging_mixin.py:190} INFO - [2025-04-11T02:00:52.689+0000] {dag.py:4180} INFO - Setting next_dagrun for latest_only to 2025-04-10 20:00:00+00:00, run_after=2025-04-11 00:00:00+00:00
[2025-04-11T02:00:52.742+0000] {processor.py:208} INFO - Processing /home/airflow/.local/lib/python3.12/site-packages/airflow/example_dags/example_latest_only.py took 0.212 seconds
[2025-04-11T02:01:25.142+0000] {processor.py:186} INFO - Started process (PID=2696) to work on /home/airflow/.local/lib/python3.12/site-packages/airflow/example_dags/example_latest_only.py
[2025-04-11T02:01:25.145+0000] {processor.py:914} INFO - Processing file /home/airflow/.local/lib/python3.12/site-packages/airflow/example_dags/example_latest_only.py for tasks to queue
[2025-04-11T02:01:25.150+0000] {logging_mixin.py:190} INFO - [2025-04-11T02:01:25.149+0000] {dagbag.py:588} INFO - Filling up the DagBag from /home/airflow/.local/lib/python3.12/site-packages/airflow/example_dags/example_latest_only.py
[2025-04-11T02:01:25.175+0000] {processor.py:925} INFO - DAG(s) 'latest_only' retrieved from /home/airflow/.local/lib/python3.12/site-packages/airflow/example_dags/example_latest_only.py
[2025-04-11T02:01:25.238+0000] {logging_mixin.py:190} INFO - [2025-04-11T02:01:25.237+0000] {dag.py:3239} INFO - Sync 1 DAGs
[2025-04-11T02:01:25.314+0000] {logging_mixin.py:190} INFO - [2025-04-11T02:01:25.314+0000] {dag.py:4180} INFO - Setting next_dagrun for latest_only to 2025-04-10 20:00:00+00:00, run_after=2025-04-11 00:00:00+00:00
[2025-04-11T02:01:25.371+0000] {processor.py:208} INFO - Processing /home/airflow/.local/lib/python3.12/site-packages/airflow/example_dags/example_latest_only.py took 0.249 seconds
[2025-04-11T02:01:57.217+0000] {processor.py:186} INFO - Started process (PID=2761) to work on /home/airflow/.local/lib/python3.12/site-packages/airflow/example_dags/example_latest_only.py
[2025-04-11T02:01:57.220+0000] {processor.py:914} INFO - Processing file /home/airflow/.local/lib/python3.12/site-packages/airflow/example_dags/example_latest_only.py for tasks to queue
[2025-04-11T02:01:57.224+0000] {logging_mixin.py:190} INFO - [2025-04-11T02:01:57.223+0000] {dagbag.py:588} INFO - Filling up the DagBag from /home/airflow/.local/lib/python3.12/site-packages/airflow/example_dags/example_latest_only.py
[2025-04-11T02:01:57.248+0000] {processor.py:925} INFO - DAG(s) 'latest_only' retrieved from /home/airflow/.local/lib/python3.12/site-packages/airflow/example_dags/example_latest_only.py
[2025-04-11T02:01:57.302+0000] {logging_mixin.py:190} INFO - [2025-04-11T02:01:57.301+0000] {dag.py:3239} INFO - Sync 1 DAGs
[2025-04-11T02:01:57.374+0000] {logging_mixin.py:190} INFO - [2025-04-11T02:01:57.374+0000] {dag.py:4180} INFO - Setting next_dagrun for latest_only to 2025-04-10 20:00:00+00:00, run_after=2025-04-11 00:00:00+00:00
[2025-04-11T02:01:57.424+0000] {processor.py:208} INFO - Processing /home/airflow/.local/lib/python3.12/site-packages/airflow/example_dags/example_latest_only.py took 0.226 seconds
[2025-04-11T02:02:28.035+0000] {processor.py:186} INFO - Started process (PID=2832) to work on /home/airflow/.local/lib/python3.12/site-packages/airflow/example_dags/example_latest_only.py
[2025-04-11T02:02:28.038+0000] {processor.py:914} INFO - Processing file /home/airflow/.local/lib/python3.12/site-packages/airflow/example_dags/example_latest_only.py for tasks to queue
[2025-04-11T02:02:28.043+0000] {logging_mixin.py:190} INFO - [2025-04-11T02:02:28.042+0000] {dagbag.py:588} INFO - Filling up the DagBag from /home/airflow/.local/lib/python3.12/site-packages/airflow/example_dags/example_latest_only.py
[2025-04-11T02:02:28.070+0000] {processor.py:925} INFO - DAG(s) 'latest_only' retrieved from /home/airflow/.local/lib/python3.12/site-packages/airflow/example_dags/example_latest_only.py
[2025-04-11T02:02:28.126+0000] {logging_mixin.py:190} INFO - [2025-04-11T02:02:28.125+0000] {dag.py:3239} INFO - Sync 1 DAGs
[2025-04-11T02:02:28.206+0000] {logging_mixin.py:190} INFO - [2025-04-11T02:02:28.205+0000] {dag.py:4180} INFO - Setting next_dagrun for latest_only to 2025-04-10 20:00:00+00:00, run_after=2025-04-11 00:00:00+00:00
[2025-04-11T02:02:28.261+0000] {processor.py:208} INFO - Processing /home/airflow/.local/lib/python3.12/site-packages/airflow/example_dags/example_latest_only.py took 0.240 seconds
[2025-04-11T02:02:59.091+0000] {processor.py:186} INFO - Started process (PID=2896) to work on /home/airflow/.local/lib/python3.12/site-packages/airflow/example_dags/example_latest_only.py
[2025-04-11T02:02:59.093+0000] {processor.py:914} INFO - Processing file /home/airflow/.local/lib/python3.12/site-packages/airflow/example_dags/example_latest_only.py for tasks to queue
[2025-04-11T02:02:59.097+0000] {logging_mixin.py:190} INFO - [2025-04-11T02:02:59.096+0000] {dagbag.py:588} INFO - Filling up the DagBag from /home/airflow/.local/lib/python3.12/site-packages/airflow/example_dags/example_latest_only.py
[2025-04-11T02:02:59.119+0000] {processor.py:925} INFO - DAG(s) 'latest_only' retrieved from /home/airflow/.local/lib/python3.12/site-packages/airflow/example_dags/example_latest_only.py
[2025-04-11T02:02:59.167+0000] {logging_mixin.py:190} INFO - [2025-04-11T02:02:59.166+0000] {dag.py:3239} INFO - Sync 1 DAGs
[2025-04-11T02:02:59.251+0000] {logging_mixin.py:190} INFO - [2025-04-11T02:02:59.250+0000] {dag.py:4180} INFO - Setting next_dagrun for latest_only to 2025-04-10 20:00:00+00:00, run_after=2025-04-11 00:00:00+00:00
[2025-04-11T02:02:59.334+0000] {processor.py:208} INFO - Processing /home/airflow/.local/lib/python3.12/site-packages/airflow/example_dags/example_latest_only.py took 0.258 seconds
[2025-04-11T02:03:29.979+0000] {processor.py:186} INFO - Started process (PID=2961) to work on /home/airflow/.local/lib/python3.12/site-packages/airflow/example_dags/example_latest_only.py
[2025-04-11T02:03:29.980+0000] {processor.py:914} INFO - Processing file /home/airflow/.local/lib/python3.12/site-packages/airflow/example_dags/example_latest_only.py for tasks to queue
[2025-04-11T02:03:29.982+0000] {logging_mixin.py:190} INFO - [2025-04-11T02:03:29.982+0000] {dagbag.py:588} INFO - Filling up the DagBag from /home/airflow/.local/lib/python3.12/site-packages/airflow/example_dags/example_latest_only.py
[2025-04-11T02:03:29.991+0000] {processor.py:925} INFO - DAG(s) 'latest_only' retrieved from /home/airflow/.local/lib/python3.12/site-packages/airflow/example_dags/example_latest_only.py
[2025-04-11T02:03:30.017+0000] {logging_mixin.py:190} INFO - [2025-04-11T02:03:30.017+0000] {dag.py:3239} INFO - Sync 1 DAGs
[2025-04-11T02:03:30.048+0000] {logging_mixin.py:190} INFO - [2025-04-11T02:03:30.048+0000] {dag.py:4180} INFO - Setting next_dagrun for latest_only to 2025-04-10 20:00:00+00:00, run_after=2025-04-11 00:00:00+00:00
[2025-04-11T02:03:30.074+0000] {processor.py:208} INFO - Processing /home/airflow/.local/lib/python3.12/site-packages/airflow/example_dags/example_latest_only.py took 0.102 seconds
[2025-04-11T02:04:00.363+0000] {processor.py:186} INFO - Started process (PID=3025) to work on /home/airflow/.local/lib/python3.12/site-packages/airflow/example_dags/example_latest_only.py
[2025-04-11T02:04:00.365+0000] {processor.py:914} INFO - Processing file /home/airflow/.local/lib/python3.12/site-packages/airflow/example_dags/example_latest_only.py for tasks to queue
[2025-04-11T02:04:00.366+0000] {logging_mixin.py:190} INFO - [2025-04-11T02:04:00.366+0000] {dagbag.py:588} INFO - Filling up the DagBag from /home/airflow/.local/lib/python3.12/site-packages/airflow/example_dags/example_latest_only.py
[2025-04-11T02:04:00.373+0000] {processor.py:925} INFO - DAG(s) 'latest_only' retrieved from /home/airflow/.local/lib/python3.12/site-packages/airflow/example_dags/example_latest_only.py
[2025-04-11T02:04:00.391+0000] {logging_mixin.py:190} INFO - [2025-04-11T02:04:00.390+0000] {dag.py:3239} INFO - Sync 1 DAGs
[2025-04-11T02:04:00.412+0000] {logging_mixin.py:190} INFO - [2025-04-11T02:04:00.411+0000] {dag.py:4180} INFO - Setting next_dagrun for latest_only to 2025-04-10 20:00:00+00:00, run_after=2025-04-11 00:00:00+00:00
[2025-04-11T02:04:00.433+0000] {processor.py:208} INFO - Processing /home/airflow/.local/lib/python3.12/site-packages/airflow/example_dags/example_latest_only.py took 0.075 seconds
[2025-04-11T02:04:30.984+0000] {processor.py:186} INFO - Started process (PID=3091) to work on /home/airflow/.local/lib/python3.12/site-packages/airflow/example_dags/example_latest_only.py
[2025-04-11T02:04:30.985+0000] {processor.py:914} INFO - Processing file /home/airflow/.local/lib/python3.12/site-packages/airflow/example_dags/example_latest_only.py for tasks to queue
[2025-04-11T02:04:30.987+0000] {logging_mixin.py:190} INFO - [2025-04-11T02:04:30.987+0000] {dagbag.py:588} INFO - Filling up the DagBag from /home/airflow/.local/lib/python3.12/site-packages/airflow/example_dags/example_latest_only.py
[2025-04-11T02:04:30.995+0000] {processor.py:925} INFO - DAG(s) 'latest_only' retrieved from /home/airflow/.local/lib/python3.12/site-packages/airflow/example_dags/example_latest_only.py
[2025-04-11T02:04:31.016+0000] {logging_mixin.py:190} INFO - [2025-04-11T02:04:31.016+0000] {dag.py:3239} INFO - Sync 1 DAGs
[2025-04-11T02:04:31.038+0000] {logging_mixin.py:190} INFO - [2025-04-11T02:04:31.038+0000] {dag.py:4180} INFO - Setting next_dagrun for latest_only to 2025-04-10 20:00:00+00:00, run_after=2025-04-11 00:00:00+00:00
[2025-04-11T02:04:31.061+0000] {processor.py:208} INFO - Processing /home/airflow/.local/lib/python3.12/site-packages/airflow/example_dags/example_latest_only.py took 0.083 seconds
[2025-04-11T02:05:01.535+0000] {processor.py:186} INFO - Started process (PID=3156) to work on /home/airflow/.local/lib/python3.12/site-packages/airflow/example_dags/example_latest_only.py
[2025-04-11T02:05:01.539+0000] {processor.py:914} INFO - Processing file /home/airflow/.local/lib/python3.12/site-packages/airflow/example_dags/example_latest_only.py for tasks to queue
[2025-04-11T02:05:01.543+0000] {logging_mixin.py:190} INFO - [2025-04-11T02:05:01.541+0000] {dagbag.py:588} INFO - Filling up the DagBag from /home/airflow/.local/lib/python3.12/site-packages/airflow/example_dags/example_latest_only.py
[2025-04-11T02:05:01.561+0000] {processor.py:925} INFO - DAG(s) 'latest_only' retrieved from /home/airflow/.local/lib/python3.12/site-packages/airflow/example_dags/example_latest_only.py
[2025-04-11T02:05:01.617+0000] {logging_mixin.py:190} INFO - [2025-04-11T02:05:01.617+0000] {dag.py:3239} INFO - Sync 1 DAGs
[2025-04-11T02:05:01.692+0000] {logging_mixin.py:190} INFO - [2025-04-11T02:05:01.691+0000] {dag.py:4180} INFO - Setting next_dagrun for latest_only to 2025-04-10 20:00:00+00:00, run_after=2025-04-11 00:00:00+00:00
[2025-04-11T02:05:01.746+0000] {processor.py:208} INFO - Processing /home/airflow/.local/lib/python3.12/site-packages/airflow/example_dags/example_latest_only.py took 0.232 seconds
[2025-04-11T02:05:32.004+0000] {processor.py:186} INFO - Started process (PID=3220) to work on /home/airflow/.local/lib/python3.12/site-packages/airflow/example_dags/example_latest_only.py
[2025-04-11T02:05:32.005+0000] {processor.py:914} INFO - Processing file /home/airflow/.local/lib/python3.12/site-packages/airflow/example_dags/example_latest_only.py for tasks to queue
[2025-04-11T02:05:32.007+0000] {logging_mixin.py:190} INFO - [2025-04-11T02:05:32.006+0000] {dagbag.py:588} INFO - Filling up the DagBag from /home/airflow/.local/lib/python3.12/site-packages/airflow/example_dags/example_latest_only.py
[2025-04-11T02:05:32.013+0000] {processor.py:925} INFO - DAG(s) 'latest_only' retrieved from /home/airflow/.local/lib/python3.12/site-packages/airflow/example_dags/example_latest_only.py
[2025-04-11T02:05:32.032+0000] {logging_mixin.py:190} INFO - [2025-04-11T02:05:32.031+0000] {dag.py:3239} INFO - Sync 1 DAGs
[2025-04-11T02:05:32.050+0000] {logging_mixin.py:190} INFO - [2025-04-11T02:05:32.050+0000] {dag.py:4180} INFO - Setting next_dagrun for latest_only to 2025-04-10 20:00:00+00:00, run_after=2025-04-11 00:00:00+00:00
[2025-04-11T02:05:32.072+0000] {processor.py:208} INFO - Processing /home/airflow/.local/lib/python3.12/site-packages/airflow/example_dags/example_latest_only.py took 0.073 seconds
[2025-04-11T02:06:02.576+0000] {processor.py:186} INFO - Started process (PID=3285) to work on /home/airflow/.local/lib/python3.12/site-packages/airflow/example_dags/example_latest_only.py
[2025-04-11T02:06:02.578+0000] {processor.py:914} INFO - Processing file /home/airflow/.local/lib/python3.12/site-packages/airflow/example_dags/example_latest_only.py for tasks to queue
[2025-04-11T02:06:02.582+0000] {logging_mixin.py:190} INFO - [2025-04-11T02:06:02.581+0000] {dagbag.py:588} INFO - Filling up the DagBag from /home/airflow/.local/lib/python3.12/site-packages/airflow/example_dags/example_latest_only.py
[2025-04-11T02:06:02.599+0000] {processor.py:925} INFO - DAG(s) 'latest_only' retrieved from /home/airflow/.local/lib/python3.12/site-packages/airflow/example_dags/example_latest_only.py
[2025-04-11T02:06:02.645+0000] {logging_mixin.py:190} INFO - [2025-04-11T02:06:02.645+0000] {dag.py:3239} INFO - Sync 1 DAGs
[2025-04-11T02:06:02.697+0000] {logging_mixin.py:190} INFO - [2025-04-11T02:06:02.696+0000] {dag.py:4180} INFO - Setting next_dagrun for latest_only to 2025-04-10 20:00:00+00:00, run_after=2025-04-11 00:00:00+00:00
[2025-04-11T02:06:02.748+0000] {processor.py:208} INFO - Processing /home/airflow/.local/lib/python3.12/site-packages/airflow/example_dags/example_latest_only.py took 0.183 seconds
[2025-04-11T02:06:32.846+0000] {processor.py:186} INFO - Started process (PID=3350) to work on /home/airflow/.local/lib/python3.12/site-packages/airflow/example_dags/example_latest_only.py
[2025-04-11T02:06:32.847+0000] {processor.py:914} INFO - Processing file /home/airflow/.local/lib/python3.12/site-packages/airflow/example_dags/example_latest_only.py for tasks to queue
[2025-04-11T02:06:32.849+0000] {logging_mixin.py:190} INFO - [2025-04-11T02:06:32.849+0000] {dagbag.py:588} INFO - Filling up the DagBag from /home/airflow/.local/lib/python3.12/site-packages/airflow/example_dags/example_latest_only.py
[2025-04-11T02:06:32.856+0000] {processor.py:925} INFO - DAG(s) 'latest_only' retrieved from /home/airflow/.local/lib/python3.12/site-packages/airflow/example_dags/example_latest_only.py
[2025-04-11T02:06:32.875+0000] {logging_mixin.py:190} INFO - [2025-04-11T02:06:32.875+0000] {dag.py:3239} INFO - Sync 1 DAGs
[2025-04-11T02:06:32.895+0000] {logging_mixin.py:190} INFO - [2025-04-11T02:06:32.895+0000] {dag.py:4180} INFO - Setting next_dagrun for latest_only to 2025-04-10 20:00:00+00:00, run_after=2025-04-11 00:00:00+00:00
[2025-04-11T02:06:32.917+0000] {processor.py:208} INFO - Processing /home/airflow/.local/lib/python3.12/site-packages/airflow/example_dags/example_latest_only.py took 0.075 seconds
[2025-04-11T02:07:03.434+0000] {processor.py:186} INFO - Started process (PID=3415) to work on /home/airflow/.local/lib/python3.12/site-packages/airflow/example_dags/example_latest_only.py
[2025-04-11T02:07:03.436+0000] {processor.py:914} INFO - Processing file /home/airflow/.local/lib/python3.12/site-packages/airflow/example_dags/example_latest_only.py for tasks to queue
[2025-04-11T02:07:03.438+0000] {logging_mixin.py:190} INFO - [2025-04-11T02:07:03.437+0000] {dagbag.py:588} INFO - Filling up the DagBag from /home/airflow/.local/lib/python3.12/site-packages/airflow/example_dags/example_latest_only.py
[2025-04-11T02:07:03.448+0000] {processor.py:925} INFO - DAG(s) 'latest_only' retrieved from /home/airflow/.local/lib/python3.12/site-packages/airflow/example_dags/example_latest_only.py
[2025-04-11T02:07:03.467+0000] {logging_mixin.py:190} INFO - [2025-04-11T02:07:03.467+0000] {dag.py:3239} INFO - Sync 1 DAGs
[2025-04-11T02:07:03.488+0000] {logging_mixin.py:190} INFO - [2025-04-11T02:07:03.488+0000] {dag.py:4180} INFO - Setting next_dagrun for latest_only to 2025-04-10 20:00:00+00:00, run_after=2025-04-11 00:00:00+00:00
[2025-04-11T02:07:03.517+0000] {processor.py:208} INFO - Processing /home/airflow/.local/lib/python3.12/site-packages/airflow/example_dags/example_latest_only.py took 0.088 seconds
[2025-04-11T02:07:34.146+0000] {processor.py:186} INFO - Started process (PID=3480) to work on /home/airflow/.local/lib/python3.12/site-packages/airflow/example_dags/example_latest_only.py
[2025-04-11T02:07:34.148+0000] {processor.py:914} INFO - Processing file /home/airflow/.local/lib/python3.12/site-packages/airflow/example_dags/example_latest_only.py for tasks to queue
[2025-04-11T02:07:34.150+0000] {logging_mixin.py:190} INFO - [2025-04-11T02:07:34.150+0000] {dagbag.py:588} INFO - Filling up the DagBag from /home/airflow/.local/lib/python3.12/site-packages/airflow/example_dags/example_latest_only.py
[2025-04-11T02:07:34.162+0000] {processor.py:925} INFO - DAG(s) 'latest_only' retrieved from /home/airflow/.local/lib/python3.12/site-packages/airflow/example_dags/example_latest_only.py
[2025-04-11T02:07:34.194+0000] {logging_mixin.py:190} INFO - [2025-04-11T02:07:34.194+0000] {dag.py:3239} INFO - Sync 1 DAGs
[2025-04-11T02:07:34.238+0000] {logging_mixin.py:190} INFO - [2025-04-11T02:07:34.238+0000] {dag.py:4180} INFO - Setting next_dagrun for latest_only to 2025-04-10 20:00:00+00:00, run_after=2025-04-11 00:00:00+00:00
[2025-04-11T02:07:34.282+0000] {processor.py:208} INFO - Processing /home/airflow/.local/lib/python3.12/site-packages/airflow/example_dags/example_latest_only.py took 0.145 seconds
[2025-04-11T02:08:06.624+0000] {processor.py:186} INFO - Started process (PID=3545) to work on /home/airflow/.local/lib/python3.12/site-packages/airflow/example_dags/example_latest_only.py
[2025-04-11T02:08:06.627+0000] {processor.py:914} INFO - Processing file /home/airflow/.local/lib/python3.12/site-packages/airflow/example_dags/example_latest_only.py for tasks to queue
[2025-04-11T02:08:06.631+0000] {logging_mixin.py:190} INFO - [2025-04-11T02:08:06.630+0000] {dagbag.py:588} INFO - Filling up the DagBag from /home/airflow/.local/lib/python3.12/site-packages/airflow/example_dags/example_latest_only.py
[2025-04-11T02:08:06.654+0000] {processor.py:925} INFO - DAG(s) 'latest_only' retrieved from /home/airflow/.local/lib/python3.12/site-packages/airflow/example_dags/example_latest_only.py
[2025-04-11T02:08:06.710+0000] {logging_mixin.py:190} INFO - [2025-04-11T02:08:06.710+0000] {dag.py:3239} INFO - Sync 1 DAGs
[2025-04-11T02:08:06.793+0000] {logging_mixin.py:190} INFO - [2025-04-11T02:08:06.793+0000] {dag.py:4180} INFO - Setting next_dagrun for latest_only to 2025-04-10 20:00:00+00:00, run_after=2025-04-11 00:00:00+00:00
[2025-04-11T02:08:06.839+0000] {processor.py:208} INFO - Processing /home/airflow/.local/lib/python3.12/site-packages/airflow/example_dags/example_latest_only.py took 0.233 seconds
[2025-04-11T02:08:38.194+0000] {processor.py:186} INFO - Started process (PID=3611) to work on /home/airflow/.local/lib/python3.12/site-packages/airflow/example_dags/example_latest_only.py
[2025-04-11T02:08:38.198+0000] {processor.py:914} INFO - Processing file /home/airflow/.local/lib/python3.12/site-packages/airflow/example_dags/example_latest_only.py for tasks to queue
[2025-04-11T02:08:38.200+0000] {logging_mixin.py:190} INFO - [2025-04-11T02:08:38.199+0000] {dagbag.py:588} INFO - Filling up the DagBag from /home/airflow/.local/lib/python3.12/site-packages/airflow/example_dags/example_latest_only.py
[2025-04-11T02:08:38.224+0000] {processor.py:925} INFO - DAG(s) 'latest_only' retrieved from /home/airflow/.local/lib/python3.12/site-packages/airflow/example_dags/example_latest_only.py
[2025-04-11T02:08:38.278+0000] {logging_mixin.py:190} INFO - [2025-04-11T02:08:38.278+0000] {dag.py:3239} INFO - Sync 1 DAGs
[2025-04-11T02:08:38.355+0000] {logging_mixin.py:190} INFO - [2025-04-11T02:08:38.355+0000] {dag.py:4180} INFO - Setting next_dagrun for latest_only to 2025-04-10 20:00:00+00:00, run_after=2025-04-11 00:00:00+00:00
[2025-04-11T02:08:38.405+0000] {processor.py:208} INFO - Processing /home/airflow/.local/lib/python3.12/site-packages/airflow/example_dags/example_latest_only.py took 0.233 seconds
[2025-04-11T02:09:11.157+0000] {processor.py:186} INFO - Started process (PID=3679) to work on /home/airflow/.local/lib/python3.12/site-packages/airflow/example_dags/example_latest_only.py
[2025-04-11T02:09:11.159+0000] {processor.py:914} INFO - Processing file /home/airflow/.local/lib/python3.12/site-packages/airflow/example_dags/example_latest_only.py for tasks to queue
[2025-04-11T02:09:11.162+0000] {logging_mixin.py:190} INFO - [2025-04-11T02:09:11.161+0000] {dagbag.py:588} INFO - Filling up the DagBag from /home/airflow/.local/lib/python3.12/site-packages/airflow/example_dags/example_latest_only.py
[2025-04-11T02:09:11.187+0000] {processor.py:925} INFO - DAG(s) 'latest_only' retrieved from /home/airflow/.local/lib/python3.12/site-packages/airflow/example_dags/example_latest_only.py
[2025-04-11T02:09:11.234+0000] {logging_mixin.py:190} INFO - [2025-04-11T02:09:11.233+0000] {dag.py:3239} INFO - Sync 1 DAGs
[2025-04-11T02:09:11.301+0000] {logging_mixin.py:190} INFO - [2025-04-11T02:09:11.301+0000] {dag.py:4180} INFO - Setting next_dagrun for latest_only to 2025-04-10 20:00:00+00:00, run_after=2025-04-11 00:00:00+00:00
[2025-04-11T02:09:11.361+0000] {processor.py:208} INFO - Processing /home/airflow/.local/lib/python3.12/site-packages/airflow/example_dags/example_latest_only.py took 0.223 seconds
[2025-04-11T02:09:43.260+0000] {processor.py:186} INFO - Started process (PID=3745) to work on /home/airflow/.local/lib/python3.12/site-packages/airflow/example_dags/example_latest_only.py
[2025-04-11T02:09:43.263+0000] {processor.py:914} INFO - Processing file /home/airflow/.local/lib/python3.12/site-packages/airflow/example_dags/example_latest_only.py for tasks to queue
[2025-04-11T02:09:43.265+0000] {logging_mixin.py:190} INFO - [2025-04-11T02:09:43.265+0000] {dagbag.py:588} INFO - Filling up the DagBag from /home/airflow/.local/lib/python3.12/site-packages/airflow/example_dags/example_latest_only.py
[2025-04-11T02:09:43.289+0000] {processor.py:925} INFO - DAG(s) 'latest_only' retrieved from /home/airflow/.local/lib/python3.12/site-packages/airflow/example_dags/example_latest_only.py
[2025-04-11T02:09:43.340+0000] {logging_mixin.py:190} INFO - [2025-04-11T02:09:43.339+0000] {dag.py:3239} INFO - Sync 1 DAGs
[2025-04-11T02:09:43.408+0000] {logging_mixin.py:190} INFO - [2025-04-11T02:09:43.407+0000] {dag.py:4180} INFO - Setting next_dagrun for latest_only to 2025-04-10 20:00:00+00:00, run_after=2025-04-11 00:00:00+00:00
[2025-04-11T02:09:43.463+0000] {processor.py:208} INFO - Processing /home/airflow/.local/lib/python3.12/site-packages/airflow/example_dags/example_latest_only.py took 0.222 seconds
[2025-04-11T02:10:14.477+0000] {processor.py:186} INFO - Started process (PID=3810) to work on /home/airflow/.local/lib/python3.12/site-packages/airflow/example_dags/example_latest_only.py
[2025-04-11T02:10:14.479+0000] {processor.py:914} INFO - Processing file /home/airflow/.local/lib/python3.12/site-packages/airflow/example_dags/example_latest_only.py for tasks to queue
[2025-04-11T02:10:14.481+0000] {logging_mixin.py:190} INFO - [2025-04-11T02:10:14.481+0000] {dagbag.py:588} INFO - Filling up the DagBag from /home/airflow/.local/lib/python3.12/site-packages/airflow/example_dags/example_latest_only.py
[2025-04-11T02:10:14.508+0000] {processor.py:925} INFO - DAG(s) 'latest_only' retrieved from /home/airflow/.local/lib/python3.12/site-packages/airflow/example_dags/example_latest_only.py
[2025-04-11T02:10:14.552+0000] {logging_mixin.py:190} INFO - [2025-04-11T02:10:14.551+0000] {dag.py:3239} INFO - Sync 1 DAGs
[2025-04-11T02:10:14.595+0000] {logging_mixin.py:190} INFO - [2025-04-11T02:10:14.595+0000] {dag.py:4180} INFO - Setting next_dagrun for latest_only to 2025-04-10 20:00:00+00:00, run_after=2025-04-11 00:00:00+00:00
[2025-04-11T02:10:14.631+0000] {processor.py:208} INFO - Processing /home/airflow/.local/lib/python3.12/site-packages/airflow/example_dags/example_latest_only.py took 0.163 seconds
[2025-04-11T02:10:45.467+0000] {processor.py:186} INFO - Started process (PID=3875) to work on /home/airflow/.local/lib/python3.12/site-packages/airflow/example_dags/example_latest_only.py
[2025-04-11T02:10:45.469+0000] {processor.py:914} INFO - Processing file /home/airflow/.local/lib/python3.12/site-packages/airflow/example_dags/example_latest_only.py for tasks to queue
[2025-04-11T02:10:45.473+0000] {logging_mixin.py:190} INFO - [2025-04-11T02:10:45.472+0000] {dagbag.py:588} INFO - Filling up the DagBag from /home/airflow/.local/lib/python3.12/site-packages/airflow/example_dags/example_latest_only.py
[2025-04-11T02:10:45.497+0000] {processor.py:925} INFO - DAG(s) 'latest_only' retrieved from /home/airflow/.local/lib/python3.12/site-packages/airflow/example_dags/example_latest_only.py
[2025-04-11T02:10:45.547+0000] {logging_mixin.py:190} INFO - [2025-04-11T02:10:45.547+0000] {dag.py:3239} INFO - Sync 1 DAGs
[2025-04-11T02:10:45.621+0000] {logging_mixin.py:190} INFO - [2025-04-11T02:10:45.620+0000] {dag.py:4180} INFO - Setting next_dagrun for latest_only to 2025-04-10 20:00:00+00:00, run_after=2025-04-11 00:00:00+00:00
[2025-04-11T02:10:45.681+0000] {processor.py:208} INFO - Processing /home/airflow/.local/lib/python3.12/site-packages/airflow/example_dags/example_latest_only.py took 0.232 seconds
[2025-04-11T02:11:17.141+0000] {processor.py:186} INFO - Started process (PID=3940) to work on /home/airflow/.local/lib/python3.12/site-packages/airflow/example_dags/example_latest_only.py
[2025-04-11T02:11:17.144+0000] {processor.py:914} INFO - Processing file /home/airflow/.local/lib/python3.12/site-packages/airflow/example_dags/example_latest_only.py for tasks to queue
[2025-04-11T02:11:17.149+0000] {logging_mixin.py:190} INFO - [2025-04-11T02:11:17.148+0000] {dagbag.py:588} INFO - Filling up the DagBag from /home/airflow/.local/lib/python3.12/site-packages/airflow/example_dags/example_latest_only.py
[2025-04-11T02:11:17.175+0000] {processor.py:925} INFO - DAG(s) 'latest_only' retrieved from /home/airflow/.local/lib/python3.12/site-packages/airflow/example_dags/example_latest_only.py
[2025-04-11T02:11:17.229+0000] {logging_mixin.py:190} INFO - [2025-04-11T02:11:17.229+0000] {dag.py:3239} INFO - Sync 1 DAGs
[2025-04-11T02:11:17.308+0000] {logging_mixin.py:190} INFO - [2025-04-11T02:11:17.307+0000] {dag.py:4180} INFO - Setting next_dagrun for latest_only to 2025-04-10 20:00:00+00:00, run_after=2025-04-11 00:00:00+00:00
[2025-04-11T02:11:17.363+0000] {processor.py:208} INFO - Processing /home/airflow/.local/lib/python3.12/site-packages/airflow/example_dags/example_latest_only.py took 0.242 seconds
[2025-04-11T02:11:50.015+0000] {processor.py:186} INFO - Started process (PID=4006) to work on /home/airflow/.local/lib/python3.12/site-packages/airflow/example_dags/example_latest_only.py
[2025-04-11T02:11:50.018+0000] {processor.py:914} INFO - Processing file /home/airflow/.local/lib/python3.12/site-packages/airflow/example_dags/example_latest_only.py for tasks to queue
[2025-04-11T02:11:50.022+0000] {logging_mixin.py:190} INFO - [2025-04-11T02:11:50.021+0000] {dagbag.py:588} INFO - Filling up the DagBag from /home/airflow/.local/lib/python3.12/site-packages/airflow/example_dags/example_latest_only.py
[2025-04-11T02:11:50.049+0000] {processor.py:925} INFO - DAG(s) 'latest_only' retrieved from /home/airflow/.local/lib/python3.12/site-packages/airflow/example_dags/example_latest_only.py
[2025-04-11T02:11:50.106+0000] {logging_mixin.py:190} INFO - [2025-04-11T02:11:50.106+0000] {dag.py:3239} INFO - Sync 1 DAGs
[2025-04-11T02:11:50.187+0000] {logging_mixin.py:190} INFO - [2025-04-11T02:11:50.186+0000] {dag.py:4180} INFO - Setting next_dagrun for latest_only to 2025-04-10 20:00:00+00:00, run_after=2025-04-11 00:00:00+00:00
[2025-04-11T02:11:50.248+0000] {processor.py:208} INFO - Processing /home/airflow/.local/lib/python3.12/site-packages/airflow/example_dags/example_latest_only.py took 0.253 seconds
[2025-04-11T02:12:20.927+0000] {processor.py:186} INFO - Started process (PID=4071) to work on /home/airflow/.local/lib/python3.12/site-packages/airflow/example_dags/example_latest_only.py
[2025-04-11T02:12:20.931+0000] {processor.py:914} INFO - Processing file /home/airflow/.local/lib/python3.12/site-packages/airflow/example_dags/example_latest_only.py for tasks to queue
[2025-04-11T02:12:20.936+0000] {logging_mixin.py:190} INFO - [2025-04-11T02:12:20.934+0000] {dagbag.py:588} INFO - Filling up the DagBag from /home/airflow/.local/lib/python3.12/site-packages/airflow/example_dags/example_latest_only.py
[2025-04-11T02:12:20.962+0000] {processor.py:925} INFO - DAG(s) 'latest_only' retrieved from /home/airflow/.local/lib/python3.12/site-packages/airflow/example_dags/example_latest_only.py
[2025-04-11T02:12:21.017+0000] {logging_mixin.py:190} INFO - [2025-04-11T02:12:21.016+0000] {dag.py:3239} INFO - Sync 1 DAGs
[2025-04-11T02:12:21.080+0000] {logging_mixin.py:190} INFO - [2025-04-11T02:12:21.079+0000] {dag.py:4180} INFO - Setting next_dagrun for latest_only to 2025-04-10 20:00:00+00:00, run_after=2025-04-11 00:00:00+00:00
[2025-04-11T02:12:21.589+0000] {processor.py:208} INFO - Processing /home/airflow/.local/lib/python3.12/site-packages/airflow/example_dags/example_latest_only.py took 0.685 seconds
[2025-04-11T02:12:53.201+0000] {processor.py:186} INFO - Started process (PID=4138) to work on /home/airflow/.local/lib/python3.12/site-packages/airflow/example_dags/example_latest_only.py
[2025-04-11T02:12:53.204+0000] {processor.py:914} INFO - Processing file /home/airflow/.local/lib/python3.12/site-packages/airflow/example_dags/example_latest_only.py for tasks to queue
[2025-04-11T02:12:53.208+0000] {logging_mixin.py:190} INFO - [2025-04-11T02:12:53.207+0000] {dagbag.py:588} INFO - Filling up the DagBag from /home/airflow/.local/lib/python3.12/site-packages/airflow/example_dags/example_latest_only.py
[2025-04-11T02:12:53.233+0000] {processor.py:925} INFO - DAG(s) 'latest_only' retrieved from /home/airflow/.local/lib/python3.12/site-packages/airflow/example_dags/example_latest_only.py
[2025-04-11T02:12:53.287+0000] {logging_mixin.py:190} INFO - [2025-04-11T02:12:53.286+0000] {dag.py:3239} INFO - Sync 1 DAGs
[2025-04-11T02:12:53.354+0000] {logging_mixin.py:190} INFO - [2025-04-11T02:12:53.354+0000] {dag.py:4180} INFO - Setting next_dagrun for latest_only to 2025-04-10 20:00:00+00:00, run_after=2025-04-11 00:00:00+00:00
[2025-04-11T02:12:53.408+0000] {processor.py:208} INFO - Processing /home/airflow/.local/lib/python3.12/site-packages/airflow/example_dags/example_latest_only.py took 0.226 seconds
[2025-04-11T02:13:23.861+0000] {processor.py:186} INFO - Started process (PID=4203) to work on /home/airflow/.local/lib/python3.12/site-packages/airflow/example_dags/example_latest_only.py
[2025-04-11T02:13:23.863+0000] {processor.py:914} INFO - Processing file /home/airflow/.local/lib/python3.12/site-packages/airflow/example_dags/example_latest_only.py for tasks to queue
[2025-04-11T02:13:23.867+0000] {logging_mixin.py:190} INFO - [2025-04-11T02:13:23.866+0000] {dagbag.py:588} INFO - Filling up the DagBag from /home/airflow/.local/lib/python3.12/site-packages/airflow/example_dags/example_latest_only.py
[2025-04-11T02:13:23.879+0000] {processor.py:925} INFO - DAG(s) 'latest_only' retrieved from /home/airflow/.local/lib/python3.12/site-packages/airflow/example_dags/example_latest_only.py
[2025-04-11T02:13:23.930+0000] {logging_mixin.py:190} INFO - [2025-04-11T02:13:23.929+0000] {dag.py:3239} INFO - Sync 1 DAGs
[2025-04-11T02:13:23.992+0000] {logging_mixin.py:190} INFO - [2025-04-11T02:13:23.991+0000] {dag.py:4180} INFO - Setting next_dagrun for latest_only to 2025-04-10 20:00:00+00:00, run_after=2025-04-11 00:00:00+00:00
[2025-04-11T02:13:24.025+0000] {processor.py:208} INFO - Processing /home/airflow/.local/lib/python3.12/site-packages/airflow/example_dags/example_latest_only.py took 0.181 seconds
[2025-04-11T02:13:54.145+0000] {processor.py:186} INFO - Started process (PID=4268) to work on /home/airflow/.local/lib/python3.12/site-packages/airflow/example_dags/example_latest_only.py
[2025-04-11T02:13:54.146+0000] {processor.py:914} INFO - Processing file /home/airflow/.local/lib/python3.12/site-packages/airflow/example_dags/example_latest_only.py for tasks to queue
[2025-04-11T02:13:54.147+0000] {logging_mixin.py:190} INFO - [2025-04-11T02:13:54.147+0000] {dagbag.py:588} INFO - Filling up the DagBag from /home/airflow/.local/lib/python3.12/site-packages/airflow/example_dags/example_latest_only.py
[2025-04-11T02:13:54.154+0000] {processor.py:925} INFO - DAG(s) 'latest_only' retrieved from /home/airflow/.local/lib/python3.12/site-packages/airflow/example_dags/example_latest_only.py
[2025-04-11T02:13:54.173+0000] {logging_mixin.py:190} INFO - [2025-04-11T02:13:54.172+0000] {dag.py:3239} INFO - Sync 1 DAGs
[2025-04-11T02:13:54.192+0000] {logging_mixin.py:190} INFO - [2025-04-11T02:13:54.192+0000] {dag.py:4180} INFO - Setting next_dagrun for latest_only to 2025-04-10 20:00:00+00:00, run_after=2025-04-11 00:00:00+00:00
[2025-04-11T02:13:54.212+0000] {processor.py:208} INFO - Processing /home/airflow/.local/lib/python3.12/site-packages/airflow/example_dags/example_latest_only.py took 0.076 seconds
[2025-04-11T02:14:24.269+0000] {processor.py:186} INFO - Started process (PID=4333) to work on /home/airflow/.local/lib/python3.12/site-packages/airflow/example_dags/example_latest_only.py
[2025-04-11T02:14:24.270+0000] {processor.py:914} INFO - Processing file /home/airflow/.local/lib/python3.12/site-packages/airflow/example_dags/example_latest_only.py for tasks to queue
[2025-04-11T02:14:24.272+0000] {logging_mixin.py:190} INFO - [2025-04-11T02:14:24.271+0000] {dagbag.py:588} INFO - Filling up the DagBag from /home/airflow/.local/lib/python3.12/site-packages/airflow/example_dags/example_latest_only.py
[2025-04-11T02:14:24.278+0000] {processor.py:925} INFO - DAG(s) 'latest_only' retrieved from /home/airflow/.local/lib/python3.12/site-packages/airflow/example_dags/example_latest_only.py
[2025-04-11T02:14:24.296+0000] {logging_mixin.py:190} INFO - [2025-04-11T02:14:24.295+0000] {dag.py:3239} INFO - Sync 1 DAGs
[2025-04-11T02:14:24.316+0000] {logging_mixin.py:190} INFO - [2025-04-11T02:14:24.316+0000] {dag.py:4180} INFO - Setting next_dagrun for latest_only to 2025-04-10 20:00:00+00:00, run_after=2025-04-11 00:00:00+00:00
[2025-04-11T02:14:24.335+0000] {processor.py:208} INFO - Processing /home/airflow/.local/lib/python3.12/site-packages/airflow/example_dags/example_latest_only.py took 0.071 seconds
[2025-04-11T02:14:57.478+0000] {processor.py:186} INFO - Started process (PID=4398) to work on /home/airflow/.local/lib/python3.12/site-packages/airflow/example_dags/example_latest_only.py
[2025-04-11T02:14:57.479+0000] {processor.py:914} INFO - Processing file /home/airflow/.local/lib/python3.12/site-packages/airflow/example_dags/example_latest_only.py for tasks to queue
[2025-04-11T02:14:57.481+0000] {logging_mixin.py:190} INFO - [2025-04-11T02:14:57.480+0000] {dagbag.py:588} INFO - Filling up the DagBag from /home/airflow/.local/lib/python3.12/site-packages/airflow/example_dags/example_latest_only.py
[2025-04-11T02:14:57.494+0000] {processor.py:925} INFO - DAG(s) 'latest_only' retrieved from /home/airflow/.local/lib/python3.12/site-packages/airflow/example_dags/example_latest_only.py
[2025-04-11T02:14:57.539+0000] {logging_mixin.py:190} INFO - [2025-04-11T02:14:57.539+0000] {dag.py:3239} INFO - Sync 1 DAGs
[2025-04-11T02:14:57.619+0000] {logging_mixin.py:190} INFO - [2025-04-11T02:14:57.618+0000] {dag.py:4180} INFO - Setting next_dagrun for latest_only to 2025-04-10 20:00:00+00:00, run_after=2025-04-11 00:00:00+00:00
[2025-04-11T02:14:57.671+0000] {processor.py:208} INFO - Processing /home/airflow/.local/lib/python3.12/site-packages/airflow/example_dags/example_latest_only.py took 0.204 seconds
[2025-04-11T02:15:28.252+0000] {processor.py:186} INFO - Started process (PID=4463) to work on /home/airflow/.local/lib/python3.12/site-packages/airflow/example_dags/example_latest_only.py
[2025-04-11T02:15:28.253+0000] {processor.py:914} INFO - Processing file /home/airflow/.local/lib/python3.12/site-packages/airflow/example_dags/example_latest_only.py for tasks to queue
[2025-04-11T02:15:28.254+0000] {logging_mixin.py:190} INFO - [2025-04-11T02:15:28.254+0000] {dagbag.py:588} INFO - Filling up the DagBag from /home/airflow/.local/lib/python3.12/site-packages/airflow/example_dags/example_latest_only.py
[2025-04-11T02:15:28.261+0000] {processor.py:925} INFO - DAG(s) 'latest_only' retrieved from /home/airflow/.local/lib/python3.12/site-packages/airflow/example_dags/example_latest_only.py
[2025-04-11T02:15:28.277+0000] {logging_mixin.py:190} INFO - [2025-04-11T02:15:28.277+0000] {dag.py:3239} INFO - Sync 1 DAGs
[2025-04-11T02:15:28.404+0000] {logging_mixin.py:190} INFO - [2025-04-11T02:15:28.404+0000] {dag.py:4180} INFO - Setting next_dagrun for latest_only to 2025-04-10 20:00:00+00:00, run_after=2025-04-11 00:00:00+00:00
[2025-04-11T02:15:28.420+0000] {processor.py:208} INFO - Processing /home/airflow/.local/lib/python3.12/site-packages/airflow/example_dags/example_latest_only.py took 0.173 seconds
[2025-04-11T12:34:04.782+0000] {processor.py:186} INFO - Started process (PID=4541) to work on /home/airflow/.local/lib/python3.12/site-packages/airflow/example_dags/example_latest_only.py
[2025-04-11T12:34:04.785+0000] {processor.py:914} INFO - Processing file /home/airflow/.local/lib/python3.12/site-packages/airflow/example_dags/example_latest_only.py for tasks to queue
[2025-04-11T12:34:04.789+0000] {logging_mixin.py:190} INFO - [2025-04-11T12:34:04.789+0000] {dagbag.py:588} INFO - Filling up the DagBag from /home/airflow/.local/lib/python3.12/site-packages/airflow/example_dags/example_latest_only.py
[2025-04-11T12:34:04.805+0000] {processor.py:925} INFO - DAG(s) 'latest_only' retrieved from /home/airflow/.local/lib/python3.12/site-packages/airflow/example_dags/example_latest_only.py
[2025-04-11T12:34:05.532+0000] {logging_mixin.py:190} INFO - [2025-04-11T12:34:05.531+0000] {dag.py:3239} INFO - Sync 1 DAGs
[2025-04-11T12:34:05.700+0000] {logging_mixin.py:190} INFO - [2025-04-11T12:34:05.699+0000] {dag.py:4180} INFO - Setting next_dagrun for latest_only to 2025-04-11 08:00:00+00:00, run_after=2025-04-11 12:00:00+00:00
[2025-04-11T12:34:06.124+0000] {processor.py:208} INFO - Processing /home/airflow/.local/lib/python3.12/site-packages/airflow/example_dags/example_latest_only.py took 1.355 seconds
