[2025-04-11T01:49:56.107+0000] {processor.py:186} INFO - Started process (PID=1257) to work on /home/airflow/.local/lib/python3.12/site-packages/airflow/example_dags/tutorial.py
[2025-04-11T01:49:56.118+0000] {processor.py:914} INFO - Processing file /home/airflow/.local/lib/python3.12/site-packages/airflow/example_dags/tutorial.py for tasks to queue
[2025-04-11T01:49:56.122+0000] {logging_mixin.py:190} INFO - [2025-04-11T01:49:56.121+0000] {dagbag.py:588} INFO - Filling up the DagBag from /home/airflow/.local/lib/python3.12/site-packages/airflow/example_dags/tutorial.py
[2025-04-11T01:49:56.168+0000] {processor.py:925} INFO - DAG(s) 'tutorial' retrieved from /home/airflow/.local/lib/python3.12/site-packages/airflow/example_dags/tutorial.py
[2025-04-11T01:49:56.233+0000] {logging_mixin.py:190} INFO - [2025-04-11T01:49:56.233+0000] {dag.py:3239} INFO - Sync 1 DAGs
[2025-04-11T01:49:56.307+0000] {logging_mixin.py:190} INFO - [2025-04-11T01:49:56.307+0000] {dag.py:4180} INFO - Setting next_dagrun for tutorial to 2025-04-10 00:00:00+00:00, run_after=2025-04-11 00:00:00+00:00
[2025-04-11T01:49:56.359+0000] {processor.py:208} INFO - Processing /home/airflow/.local/lib/python3.12/site-packages/airflow/example_dags/tutorial.py took 0.283 seconds
[2025-04-11T01:50:26.646+0000] {processor.py:186} INFO - Started process (PID=1323) to work on /home/airflow/.local/lib/python3.12/site-packages/airflow/example_dags/tutorial.py
[2025-04-11T01:50:26.647+0000] {processor.py:914} INFO - Processing file /home/airflow/.local/lib/python3.12/site-packages/airflow/example_dags/tutorial.py for tasks to queue
[2025-04-11T01:50:26.649+0000] {logging_mixin.py:190} INFO - [2025-04-11T01:50:26.649+0000] {dagbag.py:588} INFO - Filling up the DagBag from /home/airflow/.local/lib/python3.12/site-packages/airflow/example_dags/tutorial.py
[2025-04-11T01:50:26.660+0000] {processor.py:925} INFO - DAG(s) 'tutorial' retrieved from /home/airflow/.local/lib/python3.12/site-packages/airflow/example_dags/tutorial.py
[2025-04-11T01:50:26.684+0000] {logging_mixin.py:190} INFO - [2025-04-11T01:50:26.684+0000] {dag.py:3239} INFO - Sync 1 DAGs
[2025-04-11T01:50:26.716+0000] {logging_mixin.py:190} INFO - [2025-04-11T01:50:26.716+0000] {dag.py:4180} INFO - Setting next_dagrun for tutorial to 2025-04-10 00:00:00+00:00, run_after=2025-04-11 00:00:00+00:00
[2025-04-11T01:50:26.744+0000] {processor.py:208} INFO - Processing /home/airflow/.local/lib/python3.12/site-packages/airflow/example_dags/tutorial.py took 0.105 seconds
[2025-04-11T01:50:57.372+0000] {processor.py:186} INFO - Started process (PID=1388) to work on /home/airflow/.local/lib/python3.12/site-packages/airflow/example_dags/tutorial.py
[2025-04-11T01:50:57.374+0000] {processor.py:914} INFO - Processing file /home/airflow/.local/lib/python3.12/site-packages/airflow/example_dags/tutorial.py for tasks to queue
[2025-04-11T01:50:57.377+0000] {logging_mixin.py:190} INFO - [2025-04-11T01:50:57.376+0000] {dagbag.py:588} INFO - Filling up the DagBag from /home/airflow/.local/lib/python3.12/site-packages/airflow/example_dags/tutorial.py
[2025-04-11T01:50:57.393+0000] {processor.py:925} INFO - DAG(s) 'tutorial' retrieved from /home/airflow/.local/lib/python3.12/site-packages/airflow/example_dags/tutorial.py
[2025-04-11T01:50:57.432+0000] {logging_mixin.py:190} INFO - [2025-04-11T01:50:57.431+0000] {dag.py:3239} INFO - Sync 1 DAGs
[2025-04-11T01:50:57.473+0000] {logging_mixin.py:190} INFO - [2025-04-11T01:50:57.473+0000] {dag.py:4180} INFO - Setting next_dagrun for tutorial to 2025-04-10 00:00:00+00:00, run_after=2025-04-11 00:00:00+00:00
[2025-04-11T01:50:57.513+0000] {processor.py:208} INFO - Processing /home/airflow/.local/lib/python3.12/site-packages/airflow/example_dags/tutorial.py took 0.149 seconds
[2025-04-11T01:51:27.965+0000] {processor.py:186} INFO - Started process (PID=1452) to work on /home/airflow/.local/lib/python3.12/site-packages/airflow/example_dags/tutorial.py
[2025-04-11T01:51:27.967+0000] {processor.py:914} INFO - Processing file /home/airflow/.local/lib/python3.12/site-packages/airflow/example_dags/tutorial.py for tasks to queue
[2025-04-11T01:51:27.970+0000] {logging_mixin.py:190} INFO - [2025-04-11T01:51:27.969+0000] {dagbag.py:588} INFO - Filling up the DagBag from /home/airflow/.local/lib/python3.12/site-packages/airflow/example_dags/tutorial.py
[2025-04-11T01:51:27.984+0000] {processor.py:925} INFO - DAG(s) 'tutorial' retrieved from /home/airflow/.local/lib/python3.12/site-packages/airflow/example_dags/tutorial.py
[2025-04-11T01:51:28.016+0000] {logging_mixin.py:190} INFO - [2025-04-11T01:51:28.016+0000] {dag.py:3239} INFO - Sync 1 DAGs
[2025-04-11T01:51:28.053+0000] {logging_mixin.py:190} INFO - [2025-04-11T01:51:28.053+0000] {dag.py:4180} INFO - Setting next_dagrun for tutorial to 2025-04-10 00:00:00+00:00, run_after=2025-04-11 00:00:00+00:00
[2025-04-11T01:51:28.091+0000] {processor.py:208} INFO - Processing /home/airflow/.local/lib/python3.12/site-packages/airflow/example_dags/tutorial.py took 0.134 seconds
[2025-04-11T01:51:59.800+0000] {processor.py:186} INFO - Started process (PID=1517) to work on /home/airflow/.local/lib/python3.12/site-packages/airflow/example_dags/tutorial.py
[2025-04-11T01:51:59.801+0000] {processor.py:914} INFO - Processing file /home/airflow/.local/lib/python3.12/site-packages/airflow/example_dags/tutorial.py for tasks to queue
[2025-04-11T01:51:59.806+0000] {logging_mixin.py:190} INFO - [2025-04-11T01:51:59.804+0000] {dagbag.py:588} INFO - Filling up the DagBag from /home/airflow/.local/lib/python3.12/site-packages/airflow/example_dags/tutorial.py
[2025-04-11T01:51:59.839+0000] {processor.py:925} INFO - DAG(s) 'tutorial' retrieved from /home/airflow/.local/lib/python3.12/site-packages/airflow/example_dags/tutorial.py
[2025-04-11T01:51:59.897+0000] {logging_mixin.py:190} INFO - [2025-04-11T01:51:59.897+0000] {dag.py:3239} INFO - Sync 1 DAGs
[2025-04-11T01:51:59.949+0000] {logging_mixin.py:190} INFO - [2025-04-11T01:51:59.949+0000] {dag.py:4180} INFO - Setting next_dagrun for tutorial to 2025-04-10 00:00:00+00:00, run_after=2025-04-11 00:00:00+00:00
[2025-04-11T01:51:59.983+0000] {processor.py:208} INFO - Processing /home/airflow/.local/lib/python3.12/site-packages/airflow/example_dags/tutorial.py took 0.194 seconds
[2025-04-11T01:52:30.344+0000] {processor.py:186} INFO - Started process (PID=1582) to work on /home/airflow/.local/lib/python3.12/site-packages/airflow/example_dags/tutorial.py
[2025-04-11T01:52:30.346+0000] {processor.py:914} INFO - Processing file /home/airflow/.local/lib/python3.12/site-packages/airflow/example_dags/tutorial.py for tasks to queue
[2025-04-11T01:52:30.347+0000] {logging_mixin.py:190} INFO - [2025-04-11T01:52:30.347+0000] {dagbag.py:588} INFO - Filling up the DagBag from /home/airflow/.local/lib/python3.12/site-packages/airflow/example_dags/tutorial.py
[2025-04-11T01:52:30.355+0000] {processor.py:925} INFO - DAG(s) 'tutorial' retrieved from /home/airflow/.local/lib/python3.12/site-packages/airflow/example_dags/tutorial.py
[2025-04-11T01:52:30.378+0000] {logging_mixin.py:190} INFO - [2025-04-11T01:52:30.377+0000] {dag.py:3239} INFO - Sync 1 DAGs
[2025-04-11T01:52:30.401+0000] {logging_mixin.py:190} INFO - [2025-04-11T01:52:30.400+0000] {dag.py:4180} INFO - Setting next_dagrun for tutorial to 2025-04-10 00:00:00+00:00, run_after=2025-04-11 00:00:00+00:00
[2025-04-11T01:52:30.423+0000] {processor.py:208} INFO - Processing /home/airflow/.local/lib/python3.12/site-packages/airflow/example_dags/tutorial.py took 0.084 seconds
[2025-04-11T01:53:01.017+0000] {processor.py:186} INFO - Started process (PID=1647) to work on /home/airflow/.local/lib/python3.12/site-packages/airflow/example_dags/tutorial.py
[2025-04-11T01:53:01.018+0000] {processor.py:914} INFO - Processing file /home/airflow/.local/lib/python3.12/site-packages/airflow/example_dags/tutorial.py for tasks to queue
[2025-04-11T01:53:01.020+0000] {logging_mixin.py:190} INFO - [2025-04-11T01:53:01.019+0000] {dagbag.py:588} INFO - Filling up the DagBag from /home/airflow/.local/lib/python3.12/site-packages/airflow/example_dags/tutorial.py
[2025-04-11T01:53:01.029+0000] {processor.py:925} INFO - DAG(s) 'tutorial' retrieved from /home/airflow/.local/lib/python3.12/site-packages/airflow/example_dags/tutorial.py
[2025-04-11T01:53:01.046+0000] {logging_mixin.py:190} INFO - [2025-04-11T01:53:01.046+0000] {dag.py:3239} INFO - Sync 1 DAGs
[2025-04-11T01:53:01.068+0000] {logging_mixin.py:190} INFO - [2025-04-11T01:53:01.068+0000] {dag.py:4180} INFO - Setting next_dagrun for tutorial to 2025-04-10 00:00:00+00:00, run_after=2025-04-11 00:00:00+00:00
[2025-04-11T01:53:01.090+0000] {processor.py:208} INFO - Processing /home/airflow/.local/lib/python3.12/site-packages/airflow/example_dags/tutorial.py took 0.080 seconds
[2025-04-11T01:53:32.441+0000] {processor.py:186} INFO - Started process (PID=1712) to work on /home/airflow/.local/lib/python3.12/site-packages/airflow/example_dags/tutorial.py
[2025-04-11T01:53:32.442+0000] {processor.py:914} INFO - Processing file /home/airflow/.local/lib/python3.12/site-packages/airflow/example_dags/tutorial.py for tasks to queue
[2025-04-11T01:53:32.443+0000] {logging_mixin.py:190} INFO - [2025-04-11T01:53:32.443+0000] {dagbag.py:588} INFO - Filling up the DagBag from /home/airflow/.local/lib/python3.12/site-packages/airflow/example_dags/tutorial.py
[2025-04-11T01:53:32.452+0000] {processor.py:925} INFO - DAG(s) 'tutorial' retrieved from /home/airflow/.local/lib/python3.12/site-packages/airflow/example_dags/tutorial.py
[2025-04-11T01:53:32.470+0000] {logging_mixin.py:190} INFO - [2025-04-11T01:53:32.470+0000] {dag.py:3239} INFO - Sync 1 DAGs
[2025-04-11T01:53:32.491+0000] {logging_mixin.py:190} INFO - [2025-04-11T01:53:32.491+0000] {dag.py:4180} INFO - Setting next_dagrun for tutorial to 2025-04-10 00:00:00+00:00, run_after=2025-04-11 00:00:00+00:00
[2025-04-11T01:53:32.513+0000] {processor.py:208} INFO - Processing /home/airflow/.local/lib/python3.12/site-packages/airflow/example_dags/tutorial.py took 0.077 seconds
[2025-04-11T01:54:03.306+0000] {processor.py:186} INFO - Started process (PID=1777) to work on /home/airflow/.local/lib/python3.12/site-packages/airflow/example_dags/tutorial.py
[2025-04-11T01:54:03.307+0000] {processor.py:914} INFO - Processing file /home/airflow/.local/lib/python3.12/site-packages/airflow/example_dags/tutorial.py for tasks to queue
[2025-04-11T01:54:03.308+0000] {logging_mixin.py:190} INFO - [2025-04-11T01:54:03.308+0000] {dagbag.py:588} INFO - Filling up the DagBag from /home/airflow/.local/lib/python3.12/site-packages/airflow/example_dags/tutorial.py
[2025-04-11T01:54:03.317+0000] {processor.py:925} INFO - DAG(s) 'tutorial' retrieved from /home/airflow/.local/lib/python3.12/site-packages/airflow/example_dags/tutorial.py
[2025-04-11T01:54:03.338+0000] {logging_mixin.py:190} INFO - [2025-04-11T01:54:03.337+0000] {dag.py:3239} INFO - Sync 1 DAGs
[2025-04-11T01:54:03.362+0000] {logging_mixin.py:190} INFO - [2025-04-11T01:54:03.362+0000] {dag.py:4180} INFO - Setting next_dagrun for tutorial to 2025-04-10 00:00:00+00:00, run_after=2025-04-11 00:00:00+00:00
[2025-04-11T01:54:03.383+0000] {processor.py:208} INFO - Processing /home/airflow/.local/lib/python3.12/site-packages/airflow/example_dags/tutorial.py took 0.083 seconds
[2025-04-11T01:54:34.227+0000] {processor.py:186} INFO - Started process (PID=1842) to work on /home/airflow/.local/lib/python3.12/site-packages/airflow/example_dags/tutorial.py
[2025-04-11T01:54:34.228+0000] {processor.py:914} INFO - Processing file /home/airflow/.local/lib/python3.12/site-packages/airflow/example_dags/tutorial.py for tasks to queue
[2025-04-11T01:54:34.229+0000] {logging_mixin.py:190} INFO - [2025-04-11T01:54:34.229+0000] {dagbag.py:588} INFO - Filling up the DagBag from /home/airflow/.local/lib/python3.12/site-packages/airflow/example_dags/tutorial.py
[2025-04-11T01:54:34.238+0000] {processor.py:925} INFO - DAG(s) 'tutorial' retrieved from /home/airflow/.local/lib/python3.12/site-packages/airflow/example_dags/tutorial.py
[2025-04-11T01:54:34.256+0000] {logging_mixin.py:190} INFO - [2025-04-11T01:54:34.256+0000] {dag.py:3239} INFO - Sync 1 DAGs
[2025-04-11T01:54:34.276+0000] {logging_mixin.py:190} INFO - [2025-04-11T01:54:34.276+0000] {dag.py:4180} INFO - Setting next_dagrun for tutorial to 2025-04-10 00:00:00+00:00, run_after=2025-04-11 00:00:00+00:00
[2025-04-11T01:54:34.297+0000] {processor.py:208} INFO - Processing /home/airflow/.local/lib/python3.12/site-packages/airflow/example_dags/tutorial.py took 0.075 seconds
[2025-04-11T01:55:05.087+0000] {processor.py:186} INFO - Started process (PID=1907) to work on /home/airflow/.local/lib/python3.12/site-packages/airflow/example_dags/tutorial.py
[2025-04-11T01:55:05.088+0000] {processor.py:914} INFO - Processing file /home/airflow/.local/lib/python3.12/site-packages/airflow/example_dags/tutorial.py for tasks to queue
[2025-04-11T01:55:05.090+0000] {logging_mixin.py:190} INFO - [2025-04-11T01:55:05.090+0000] {dagbag.py:588} INFO - Filling up the DagBag from /home/airflow/.local/lib/python3.12/site-packages/airflow/example_dags/tutorial.py
[2025-04-11T01:55:05.098+0000] {processor.py:925} INFO - DAG(s) 'tutorial' retrieved from /home/airflow/.local/lib/python3.12/site-packages/airflow/example_dags/tutorial.py
[2025-04-11T01:55:05.118+0000] {logging_mixin.py:190} INFO - [2025-04-11T01:55:05.117+0000] {dag.py:3239} INFO - Sync 1 DAGs
[2025-04-11T01:55:05.138+0000] {logging_mixin.py:190} INFO - [2025-04-11T01:55:05.138+0000] {dag.py:4180} INFO - Setting next_dagrun for tutorial to 2025-04-10 00:00:00+00:00, run_after=2025-04-11 00:00:00+00:00
[2025-04-11T01:55:05.159+0000] {processor.py:208} INFO - Processing /home/airflow/.local/lib/python3.12/site-packages/airflow/example_dags/tutorial.py took 0.077 seconds
[2025-04-11T01:55:35.784+0000] {processor.py:186} INFO - Started process (PID=1972) to work on /home/airflow/.local/lib/python3.12/site-packages/airflow/example_dags/tutorial.py
[2025-04-11T01:55:35.785+0000] {processor.py:914} INFO - Processing file /home/airflow/.local/lib/python3.12/site-packages/airflow/example_dags/tutorial.py for tasks to queue
[2025-04-11T01:55:35.786+0000] {logging_mixin.py:190} INFO - [2025-04-11T01:55:35.786+0000] {dagbag.py:588} INFO - Filling up the DagBag from /home/airflow/.local/lib/python3.12/site-packages/airflow/example_dags/tutorial.py
[2025-04-11T01:55:35.795+0000] {processor.py:925} INFO - DAG(s) 'tutorial' retrieved from /home/airflow/.local/lib/python3.12/site-packages/airflow/example_dags/tutorial.py
[2025-04-11T01:55:35.814+0000] {logging_mixin.py:190} INFO - [2025-04-11T01:55:35.814+0000] {dag.py:3239} INFO - Sync 1 DAGs
[2025-04-11T01:55:35.836+0000] {logging_mixin.py:190} INFO - [2025-04-11T01:55:35.836+0000] {dag.py:4180} INFO - Setting next_dagrun for tutorial to 2025-04-10 00:00:00+00:00, run_after=2025-04-11 00:00:00+00:00
[2025-04-11T01:55:35.856+0000] {processor.py:208} INFO - Processing /home/airflow/.local/lib/python3.12/site-packages/airflow/example_dags/tutorial.py took 0.077 seconds
[2025-04-11T01:56:06.999+0000] {processor.py:186} INFO - Started process (PID=2038) to work on /home/airflow/.local/lib/python3.12/site-packages/airflow/example_dags/tutorial.py
[2025-04-11T01:56:07.000+0000] {processor.py:914} INFO - Processing file /home/airflow/.local/lib/python3.12/site-packages/airflow/example_dags/tutorial.py for tasks to queue
[2025-04-11T01:56:07.002+0000] {logging_mixin.py:190} INFO - [2025-04-11T01:56:07.001+0000] {dagbag.py:588} INFO - Filling up the DagBag from /home/airflow/.local/lib/python3.12/site-packages/airflow/example_dags/tutorial.py
[2025-04-11T01:56:07.010+0000] {processor.py:925} INFO - DAG(s) 'tutorial' retrieved from /home/airflow/.local/lib/python3.12/site-packages/airflow/example_dags/tutorial.py
[2025-04-11T01:56:07.032+0000] {logging_mixin.py:190} INFO - [2025-04-11T01:56:07.032+0000] {dag.py:3239} INFO - Sync 1 DAGs
[2025-04-11T01:56:07.055+0000] {logging_mixin.py:190} INFO - [2025-04-11T01:56:07.055+0000] {dag.py:4180} INFO - Setting next_dagrun for tutorial to 2025-04-10 00:00:00+00:00, run_after=2025-04-11 00:00:00+00:00
[2025-04-11T01:56:07.077+0000] {processor.py:208} INFO - Processing /home/airflow/.local/lib/python3.12/site-packages/airflow/example_dags/tutorial.py took 0.083 seconds
[2025-04-11T01:56:38.670+0000] {processor.py:186} INFO - Started process (PID=2103) to work on /home/airflow/.local/lib/python3.12/site-packages/airflow/example_dags/tutorial.py
[2025-04-11T01:56:38.673+0000] {processor.py:914} INFO - Processing file /home/airflow/.local/lib/python3.12/site-packages/airflow/example_dags/tutorial.py for tasks to queue
[2025-04-11T01:56:38.675+0000] {logging_mixin.py:190} INFO - [2025-04-11T01:56:38.674+0000] {dagbag.py:588} INFO - Filling up the DagBag from /home/airflow/.local/lib/python3.12/site-packages/airflow/example_dags/tutorial.py
[2025-04-11T01:56:38.701+0000] {processor.py:925} INFO - DAG(s) 'tutorial' retrieved from /home/airflow/.local/lib/python3.12/site-packages/airflow/example_dags/tutorial.py
[2025-04-11T01:56:38.749+0000] {logging_mixin.py:190} INFO - [2025-04-11T01:56:38.748+0000] {dag.py:3239} INFO - Sync 1 DAGs
[2025-04-11T01:56:38.795+0000] {logging_mixin.py:190} INFO - [2025-04-11T01:56:38.795+0000] {dag.py:4180} INFO - Setting next_dagrun for tutorial to 2025-04-10 00:00:00+00:00, run_after=2025-04-11 00:00:00+00:00
[2025-04-11T01:56:38.835+0000] {processor.py:208} INFO - Processing /home/airflow/.local/lib/python3.12/site-packages/airflow/example_dags/tutorial.py took 0.181 seconds
[2025-04-11T01:57:09.037+0000] {processor.py:186} INFO - Started process (PID=2168) to work on /home/airflow/.local/lib/python3.12/site-packages/airflow/example_dags/tutorial.py
[2025-04-11T01:57:09.039+0000] {processor.py:914} INFO - Processing file /home/airflow/.local/lib/python3.12/site-packages/airflow/example_dags/tutorial.py for tasks to queue
[2025-04-11T01:57:09.040+0000] {logging_mixin.py:190} INFO - [2025-04-11T01:57:09.040+0000] {dagbag.py:588} INFO - Filling up the DagBag from /home/airflow/.local/lib/python3.12/site-packages/airflow/example_dags/tutorial.py
[2025-04-11T01:57:09.049+0000] {processor.py:925} INFO - DAG(s) 'tutorial' retrieved from /home/airflow/.local/lib/python3.12/site-packages/airflow/example_dags/tutorial.py
[2025-04-11T01:57:09.069+0000] {logging_mixin.py:190} INFO - [2025-04-11T01:57:09.069+0000] {dag.py:3239} INFO - Sync 1 DAGs
[2025-04-11T01:57:09.090+0000] {logging_mixin.py:190} INFO - [2025-04-11T01:57:09.089+0000] {dag.py:4180} INFO - Setting next_dagrun for tutorial to 2025-04-10 00:00:00+00:00, run_after=2025-04-11 00:00:00+00:00
[2025-04-11T01:57:09.112+0000] {processor.py:208} INFO - Processing /home/airflow/.local/lib/python3.12/site-packages/airflow/example_dags/tutorial.py took 0.079 seconds
[2025-04-11T01:57:39.570+0000] {processor.py:186} INFO - Started process (PID=2233) to work on /home/airflow/.local/lib/python3.12/site-packages/airflow/example_dags/tutorial.py
[2025-04-11T01:57:39.572+0000] {processor.py:914} INFO - Processing file /home/airflow/.local/lib/python3.12/site-packages/airflow/example_dags/tutorial.py for tasks to queue
[2025-04-11T01:57:39.574+0000] {logging_mixin.py:190} INFO - [2025-04-11T01:57:39.574+0000] {dagbag.py:588} INFO - Filling up the DagBag from /home/airflow/.local/lib/python3.12/site-packages/airflow/example_dags/tutorial.py
[2025-04-11T01:57:39.587+0000] {processor.py:925} INFO - DAG(s) 'tutorial' retrieved from /home/airflow/.local/lib/python3.12/site-packages/airflow/example_dags/tutorial.py
[2025-04-11T01:57:39.610+0000] {logging_mixin.py:190} INFO - [2025-04-11T01:57:39.609+0000] {dag.py:3239} INFO - Sync 1 DAGs
[2025-04-11T01:57:39.634+0000] {logging_mixin.py:190} INFO - [2025-04-11T01:57:39.633+0000] {dag.py:4180} INFO - Setting next_dagrun for tutorial to 2025-04-10 00:00:00+00:00, run_after=2025-04-11 00:00:00+00:00
[2025-04-11T01:57:39.658+0000] {processor.py:208} INFO - Processing /home/airflow/.local/lib/python3.12/site-packages/airflow/example_dags/tutorial.py took 0.093 seconds
[2025-04-11T01:58:10.115+0000] {processor.py:186} INFO - Started process (PID=2297) to work on /home/airflow/.local/lib/python3.12/site-packages/airflow/example_dags/tutorial.py
[2025-04-11T01:58:10.116+0000] {processor.py:914} INFO - Processing file /home/airflow/.local/lib/python3.12/site-packages/airflow/example_dags/tutorial.py for tasks to queue
[2025-04-11T01:58:10.119+0000] {logging_mixin.py:190} INFO - [2025-04-11T01:58:10.118+0000] {dagbag.py:588} INFO - Filling up the DagBag from /home/airflow/.local/lib/python3.12/site-packages/airflow/example_dags/tutorial.py
[2025-04-11T01:58:10.132+0000] {processor.py:925} INFO - DAG(s) 'tutorial' retrieved from /home/airflow/.local/lib/python3.12/site-packages/airflow/example_dags/tutorial.py
[2025-04-11T01:58:10.167+0000] {logging_mixin.py:190} INFO - [2025-04-11T01:58:10.166+0000] {dag.py:3239} INFO - Sync 1 DAGs
[2025-04-11T01:58:10.223+0000] {logging_mixin.py:190} INFO - [2025-04-11T01:58:10.222+0000] {dag.py:4180} INFO - Setting next_dagrun for tutorial to 2025-04-10 00:00:00+00:00, run_after=2025-04-11 00:00:00+00:00
[2025-04-11T01:58:10.277+0000] {processor.py:208} INFO - Processing /home/airflow/.local/lib/python3.12/site-packages/airflow/example_dags/tutorial.py took 0.171 seconds
[2025-04-11T01:58:41.109+0000] {processor.py:186} INFO - Started process (PID=2362) to work on /home/airflow/.local/lib/python3.12/site-packages/airflow/example_dags/tutorial.py
[2025-04-11T01:58:41.111+0000] {processor.py:914} INFO - Processing file /home/airflow/.local/lib/python3.12/site-packages/airflow/example_dags/tutorial.py for tasks to queue
[2025-04-11T01:58:41.114+0000] {logging_mixin.py:190} INFO - [2025-04-11T01:58:41.114+0000] {dagbag.py:588} INFO - Filling up the DagBag from /home/airflow/.local/lib/python3.12/site-packages/airflow/example_dags/tutorial.py
[2025-04-11T01:58:41.133+0000] {processor.py:925} INFO - DAG(s) 'tutorial' retrieved from /home/airflow/.local/lib/python3.12/site-packages/airflow/example_dags/tutorial.py
[2025-04-11T01:58:41.172+0000] {logging_mixin.py:190} INFO - [2025-04-11T01:58:41.171+0000] {dag.py:3239} INFO - Sync 1 DAGs
[2025-04-11T01:58:41.242+0000] {logging_mixin.py:190} INFO - [2025-04-11T01:58:41.242+0000] {dag.py:4180} INFO - Setting next_dagrun for tutorial to 2025-04-10 00:00:00+00:00, run_after=2025-04-11 00:00:00+00:00
[2025-04-11T01:58:41.276+0000] {processor.py:208} INFO - Processing /home/airflow/.local/lib/python3.12/site-packages/airflow/example_dags/tutorial.py took 0.174 seconds
[2025-04-11T01:59:11.334+0000] {processor.py:186} INFO - Started process (PID=2427) to work on /home/airflow/.local/lib/python3.12/site-packages/airflow/example_dags/tutorial.py
[2025-04-11T01:59:11.335+0000] {processor.py:914} INFO - Processing file /home/airflow/.local/lib/python3.12/site-packages/airflow/example_dags/tutorial.py for tasks to queue
[2025-04-11T01:59:11.337+0000] {logging_mixin.py:190} INFO - [2025-04-11T01:59:11.336+0000] {dagbag.py:588} INFO - Filling up the DagBag from /home/airflow/.local/lib/python3.12/site-packages/airflow/example_dags/tutorial.py
[2025-04-11T01:59:11.344+0000] {processor.py:925} INFO - DAG(s) 'tutorial' retrieved from /home/airflow/.local/lib/python3.12/site-packages/airflow/example_dags/tutorial.py
[2025-04-11T01:59:11.361+0000] {logging_mixin.py:190} INFO - [2025-04-11T01:59:11.361+0000] {dag.py:3239} INFO - Sync 1 DAGs
[2025-04-11T01:59:11.378+0000] {logging_mixin.py:190} INFO - [2025-04-11T01:59:11.378+0000] {dag.py:4180} INFO - Setting next_dagrun for tutorial to 2025-04-10 00:00:00+00:00, run_after=2025-04-11 00:00:00+00:00
[2025-04-11T01:59:11.398+0000] {processor.py:208} INFO - Processing /home/airflow/.local/lib/python3.12/site-packages/airflow/example_dags/tutorial.py took 0.070 seconds
[2025-04-11T01:59:42.789+0000] {processor.py:186} INFO - Started process (PID=2492) to work on /home/airflow/.local/lib/python3.12/site-packages/airflow/example_dags/tutorial.py
[2025-04-11T01:59:42.792+0000] {processor.py:914} INFO - Processing file /home/airflow/.local/lib/python3.12/site-packages/airflow/example_dags/tutorial.py for tasks to queue
[2025-04-11T01:59:42.799+0000] {logging_mixin.py:190} INFO - [2025-04-11T01:59:42.797+0000] {dagbag.py:588} INFO - Filling up the DagBag from /home/airflow/.local/lib/python3.12/site-packages/airflow/example_dags/tutorial.py
[2025-04-11T01:59:42.837+0000] {processor.py:925} INFO - DAG(s) 'tutorial' retrieved from /home/airflow/.local/lib/python3.12/site-packages/airflow/example_dags/tutorial.py
[2025-04-11T01:59:42.915+0000] {logging_mixin.py:190} INFO - [2025-04-11T01:59:42.914+0000] {dag.py:3239} INFO - Sync 1 DAGs
[2025-04-11T01:59:43.007+0000] {logging_mixin.py:190} INFO - [2025-04-11T01:59:43.006+0000] {dag.py:4180} INFO - Setting next_dagrun for tutorial to 2025-04-10 00:00:00+00:00, run_after=2025-04-11 00:00:00+00:00
[2025-04-11T01:59:43.083+0000] {processor.py:208} INFO - Processing /home/airflow/.local/lib/python3.12/site-packages/airflow/example_dags/tutorial.py took 0.318 seconds
[2025-04-11T02:00:13.207+0000] {processor.py:186} INFO - Started process (PID=2557) to work on /home/airflow/.local/lib/python3.12/site-packages/airflow/example_dags/tutorial.py
[2025-04-11T02:00:13.210+0000] {processor.py:914} INFO - Processing file /home/airflow/.local/lib/python3.12/site-packages/airflow/example_dags/tutorial.py for tasks to queue
[2025-04-11T02:00:13.214+0000] {logging_mixin.py:190} INFO - [2025-04-11T02:00:13.213+0000] {dagbag.py:588} INFO - Filling up the DagBag from /home/airflow/.local/lib/python3.12/site-packages/airflow/example_dags/tutorial.py
[2025-04-11T02:00:13.243+0000] {processor.py:925} INFO - DAG(s) 'tutorial' retrieved from /home/airflow/.local/lib/python3.12/site-packages/airflow/example_dags/tutorial.py
[2025-04-11T02:00:13.304+0000] {logging_mixin.py:190} INFO - [2025-04-11T02:00:13.303+0000] {dag.py:3239} INFO - Sync 1 DAGs
[2025-04-11T02:00:13.379+0000] {logging_mixin.py:190} INFO - [2025-04-11T02:00:13.378+0000] {dag.py:4180} INFO - Setting next_dagrun for tutorial to 2025-04-10 00:00:00+00:00, run_after=2025-04-11 00:00:00+00:00
[2025-04-11T02:00:13.441+0000] {processor.py:208} INFO - Processing /home/airflow/.local/lib/python3.12/site-packages/airflow/example_dags/tutorial.py took 0.252 seconds
[2025-04-11T02:00:43.693+0000] {processor.py:186} INFO - Started process (PID=2623) to work on /home/airflow/.local/lib/python3.12/site-packages/airflow/example_dags/tutorial.py
[2025-04-11T02:00:43.696+0000] {processor.py:914} INFO - Processing file /home/airflow/.local/lib/python3.12/site-packages/airflow/example_dags/tutorial.py for tasks to queue
[2025-04-11T02:00:43.699+0000] {logging_mixin.py:190} INFO - [2025-04-11T02:00:43.698+0000] {dagbag.py:588} INFO - Filling up the DagBag from /home/airflow/.local/lib/python3.12/site-packages/airflow/example_dags/tutorial.py
[2025-04-11T02:00:43.726+0000] {processor.py:925} INFO - DAG(s) 'tutorial' retrieved from /home/airflow/.local/lib/python3.12/site-packages/airflow/example_dags/tutorial.py
[2025-04-11T02:00:43.782+0000] {logging_mixin.py:190} INFO - [2025-04-11T02:00:43.781+0000] {dag.py:3239} INFO - Sync 1 DAGs
[2025-04-11T02:00:43.857+0000] {logging_mixin.py:190} INFO - [2025-04-11T02:00:43.857+0000] {dag.py:4180} INFO - Setting next_dagrun for tutorial to 2025-04-10 00:00:00+00:00, run_after=2025-04-11 00:00:00+00:00
[2025-04-11T02:00:43.918+0000] {processor.py:208} INFO - Processing /home/airflow/.local/lib/python3.12/site-packages/airflow/example_dags/tutorial.py took 0.242 seconds
[2025-04-11T02:01:14.502+0000] {processor.py:186} INFO - Started process (PID=2688) to work on /home/airflow/.local/lib/python3.12/site-packages/airflow/example_dags/tutorial.py
[2025-04-11T02:01:14.505+0000] {processor.py:914} INFO - Processing file /home/airflow/.local/lib/python3.12/site-packages/airflow/example_dags/tutorial.py for tasks to queue
[2025-04-11T02:01:14.509+0000] {logging_mixin.py:190} INFO - [2025-04-11T02:01:14.508+0000] {dagbag.py:588} INFO - Filling up the DagBag from /home/airflow/.local/lib/python3.12/site-packages/airflow/example_dags/tutorial.py
[2025-04-11T02:01:14.534+0000] {processor.py:925} INFO - DAG(s) 'tutorial' retrieved from /home/airflow/.local/lib/python3.12/site-packages/airflow/example_dags/tutorial.py
[2025-04-11T02:01:14.583+0000] {logging_mixin.py:190} INFO - [2025-04-11T02:01:14.583+0000] {dag.py:3239} INFO - Sync 1 DAGs
[2025-04-11T02:01:14.638+0000] {logging_mixin.py:190} INFO - [2025-04-11T02:01:14.638+0000] {dag.py:4180} INFO - Setting next_dagrun for tutorial to 2025-04-10 00:00:00+00:00, run_after=2025-04-11 00:00:00+00:00
[2025-04-11T02:01:14.686+0000] {processor.py:208} INFO - Processing /home/airflow/.local/lib/python3.12/site-packages/airflow/example_dags/tutorial.py took 0.209 seconds
[2025-04-11T02:01:47.211+0000] {processor.py:186} INFO - Started process (PID=2753) to work on /home/airflow/.local/lib/python3.12/site-packages/airflow/example_dags/tutorial.py
[2025-04-11T02:01:47.214+0000] {processor.py:914} INFO - Processing file /home/airflow/.local/lib/python3.12/site-packages/airflow/example_dags/tutorial.py for tasks to queue
[2025-04-11T02:01:47.220+0000] {logging_mixin.py:190} INFO - [2025-04-11T02:01:47.218+0000] {dagbag.py:588} INFO - Filling up the DagBag from /home/airflow/.local/lib/python3.12/site-packages/airflow/example_dags/tutorial.py
[2025-04-11T02:01:47.252+0000] {processor.py:925} INFO - DAG(s) 'tutorial' retrieved from /home/airflow/.local/lib/python3.12/site-packages/airflow/example_dags/tutorial.py
[2025-04-11T02:01:47.311+0000] {logging_mixin.py:190} INFO - [2025-04-11T02:01:47.311+0000] {dag.py:3239} INFO - Sync 1 DAGs
[2025-04-11T02:01:47.371+0000] {logging_mixin.py:190} INFO - [2025-04-11T02:01:47.371+0000] {dag.py:4180} INFO - Setting next_dagrun for tutorial to 2025-04-10 00:00:00+00:00, run_after=2025-04-11 00:00:00+00:00
[2025-04-11T02:01:47.413+0000] {processor.py:208} INFO - Processing /home/airflow/.local/lib/python3.12/site-packages/airflow/example_dags/tutorial.py took 0.221 seconds
[2025-04-11T02:02:19.127+0000] {processor.py:186} INFO - Started process (PID=2818) to work on /home/airflow/.local/lib/python3.12/site-packages/airflow/example_dags/tutorial.py
[2025-04-11T02:02:19.130+0000] {processor.py:914} INFO - Processing file /home/airflow/.local/lib/python3.12/site-packages/airflow/example_dags/tutorial.py for tasks to queue
[2025-04-11T02:02:19.133+0000] {logging_mixin.py:190} INFO - [2025-04-11T02:02:19.132+0000] {dagbag.py:588} INFO - Filling up the DagBag from /home/airflow/.local/lib/python3.12/site-packages/airflow/example_dags/tutorial.py
[2025-04-11T02:02:19.158+0000] {processor.py:925} INFO - DAG(s) 'tutorial' retrieved from /home/airflow/.local/lib/python3.12/site-packages/airflow/example_dags/tutorial.py
[2025-04-11T02:02:19.209+0000] {logging_mixin.py:190} INFO - [2025-04-11T02:02:19.208+0000] {dag.py:3239} INFO - Sync 1 DAGs
[2025-04-11T02:02:19.289+0000] {logging_mixin.py:190} INFO - [2025-04-11T02:02:19.288+0000] {dag.py:4180} INFO - Setting next_dagrun for tutorial to 2025-04-10 00:00:00+00:00, run_after=2025-04-11 00:00:00+00:00
[2025-04-11T02:02:19.338+0000] {processor.py:208} INFO - Processing /home/airflow/.local/lib/python3.12/site-packages/airflow/example_dags/tutorial.py took 0.224 seconds
[2025-04-11T02:02:49.945+0000] {processor.py:186} INFO - Started process (PID=2883) to work on /home/airflow/.local/lib/python3.12/site-packages/airflow/example_dags/tutorial.py
[2025-04-11T02:02:49.948+0000] {processor.py:914} INFO - Processing file /home/airflow/.local/lib/python3.12/site-packages/airflow/example_dags/tutorial.py for tasks to queue
[2025-04-11T02:02:49.951+0000] {logging_mixin.py:190} INFO - [2025-04-11T02:02:49.950+0000] {dagbag.py:588} INFO - Filling up the DagBag from /home/airflow/.local/lib/python3.12/site-packages/airflow/example_dags/tutorial.py
[2025-04-11T02:02:49.973+0000] {processor.py:925} INFO - DAG(s) 'tutorial' retrieved from /home/airflow/.local/lib/python3.12/site-packages/airflow/example_dags/tutorial.py
[2025-04-11T02:02:50.028+0000] {logging_mixin.py:190} INFO - [2025-04-11T02:02:50.027+0000] {dag.py:3239} INFO - Sync 1 DAGs
[2025-04-11T02:02:50.099+0000] {logging_mixin.py:190} INFO - [2025-04-11T02:02:50.099+0000] {dag.py:4180} INFO - Setting next_dagrun for tutorial to 2025-04-10 00:00:00+00:00, run_after=2025-04-11 00:00:00+00:00
[2025-04-11T02:02:50.157+0000] {processor.py:208} INFO - Processing /home/airflow/.local/lib/python3.12/site-packages/airflow/example_dags/tutorial.py took 0.225 seconds
[2025-04-11T02:03:21.601+0000] {processor.py:186} INFO - Started process (PID=2948) to work on /home/airflow/.local/lib/python3.12/site-packages/airflow/example_dags/tutorial.py
[2025-04-11T02:03:21.604+0000] {processor.py:914} INFO - Processing file /home/airflow/.local/lib/python3.12/site-packages/airflow/example_dags/tutorial.py for tasks to queue
[2025-04-11T02:03:21.608+0000] {logging_mixin.py:190} INFO - [2025-04-11T02:03:21.607+0000] {dagbag.py:588} INFO - Filling up the DagBag from /home/airflow/.local/lib/python3.12/site-packages/airflow/example_dags/tutorial.py
[2025-04-11T02:03:21.634+0000] {processor.py:925} INFO - DAG(s) 'tutorial' retrieved from /home/airflow/.local/lib/python3.12/site-packages/airflow/example_dags/tutorial.py
[2025-04-11T02:03:21.688+0000] {logging_mixin.py:190} INFO - [2025-04-11T02:03:21.687+0000] {dag.py:3239} INFO - Sync 1 DAGs
[2025-04-11T02:03:21.752+0000] {logging_mixin.py:190} INFO - [2025-04-11T02:03:21.751+0000] {dag.py:4180} INFO - Setting next_dagrun for tutorial to 2025-04-10 00:00:00+00:00, run_after=2025-04-11 00:00:00+00:00
[2025-04-11T02:03:21.819+0000] {processor.py:208} INFO - Processing /home/airflow/.local/lib/python3.12/site-packages/airflow/example_dags/tutorial.py took 0.238 seconds
[2025-04-11T02:03:53.883+0000] {processor.py:186} INFO - Started process (PID=3013) to work on /home/airflow/.local/lib/python3.12/site-packages/airflow/example_dags/tutorial.py
[2025-04-11T02:03:53.886+0000] {processor.py:914} INFO - Processing file /home/airflow/.local/lib/python3.12/site-packages/airflow/example_dags/tutorial.py for tasks to queue
[2025-04-11T02:03:53.891+0000] {logging_mixin.py:190} INFO - [2025-04-11T02:03:53.890+0000] {dagbag.py:588} INFO - Filling up the DagBag from /home/airflow/.local/lib/python3.12/site-packages/airflow/example_dags/tutorial.py
[2025-04-11T02:03:53.918+0000] {processor.py:925} INFO - DAG(s) 'tutorial' retrieved from /home/airflow/.local/lib/python3.12/site-packages/airflow/example_dags/tutorial.py
[2025-04-11T02:03:53.972+0000] {logging_mixin.py:190} INFO - [2025-04-11T02:03:53.971+0000] {dag.py:3239} INFO - Sync 1 DAGs
[2025-04-11T02:03:54.044+0000] {logging_mixin.py:190} INFO - [2025-04-11T02:03:54.043+0000] {dag.py:4180} INFO - Setting next_dagrun for tutorial to 2025-04-10 00:00:00+00:00, run_after=2025-04-11 00:00:00+00:00
[2025-04-11T02:03:54.099+0000] {processor.py:208} INFO - Processing /home/airflow/.local/lib/python3.12/site-packages/airflow/example_dags/tutorial.py took 0.238 seconds
[2025-04-11T02:04:24.553+0000] {processor.py:186} INFO - Started process (PID=3078) to work on /home/airflow/.local/lib/python3.12/site-packages/airflow/example_dags/tutorial.py
[2025-04-11T02:04:24.555+0000] {processor.py:914} INFO - Processing file /home/airflow/.local/lib/python3.12/site-packages/airflow/example_dags/tutorial.py for tasks to queue
[2025-04-11T02:04:24.558+0000] {logging_mixin.py:190} INFO - [2025-04-11T02:04:24.557+0000] {dagbag.py:588} INFO - Filling up the DagBag from /home/airflow/.local/lib/python3.12/site-packages/airflow/example_dags/tutorial.py
[2025-04-11T02:04:24.579+0000] {processor.py:925} INFO - DAG(s) 'tutorial' retrieved from /home/airflow/.local/lib/python3.12/site-packages/airflow/example_dags/tutorial.py
[2025-04-11T02:04:24.626+0000] {logging_mixin.py:190} INFO - [2025-04-11T02:04:24.626+0000] {dag.py:3239} INFO - Sync 1 DAGs
[2025-04-11T02:04:24.690+0000] {logging_mixin.py:190} INFO - [2025-04-11T02:04:24.690+0000] {dag.py:4180} INFO - Setting next_dagrun for tutorial to 2025-04-10 00:00:00+00:00, run_after=2025-04-11 00:00:00+00:00
[2025-04-11T02:04:24.741+0000] {processor.py:208} INFO - Processing /home/airflow/.local/lib/python3.12/site-packages/airflow/example_dags/tutorial.py took 0.205 seconds
[2025-04-11T02:04:56.973+0000] {processor.py:186} INFO - Started process (PID=3144) to work on /home/airflow/.local/lib/python3.12/site-packages/airflow/example_dags/tutorial.py
[2025-04-11T02:04:56.976+0000] {processor.py:914} INFO - Processing file /home/airflow/.local/lib/python3.12/site-packages/airflow/example_dags/tutorial.py for tasks to queue
[2025-04-11T02:04:56.980+0000] {logging_mixin.py:190} INFO - [2025-04-11T02:04:56.978+0000] {dagbag.py:588} INFO - Filling up the DagBag from /home/airflow/.local/lib/python3.12/site-packages/airflow/example_dags/tutorial.py
[2025-04-11T02:04:57.004+0000] {processor.py:925} INFO - DAG(s) 'tutorial' retrieved from /home/airflow/.local/lib/python3.12/site-packages/airflow/example_dags/tutorial.py
[2025-04-11T02:04:57.046+0000] {logging_mixin.py:190} INFO - [2025-04-11T02:04:57.046+0000] {dag.py:3239} INFO - Sync 1 DAGs
[2025-04-11T02:04:57.108+0000] {logging_mixin.py:190} INFO - [2025-04-11T02:04:57.107+0000] {dag.py:4180} INFO - Setting next_dagrun for tutorial to 2025-04-10 00:00:00+00:00, run_after=2025-04-11 00:00:00+00:00
[2025-04-11T02:04:57.156+0000] {processor.py:208} INFO - Processing /home/airflow/.local/lib/python3.12/site-packages/airflow/example_dags/tutorial.py took 0.201 seconds
[2025-04-11T02:05:27.898+0000] {processor.py:186} INFO - Started process (PID=3209) to work on /home/airflow/.local/lib/python3.12/site-packages/airflow/example_dags/tutorial.py
[2025-04-11T02:05:27.901+0000] {processor.py:914} INFO - Processing file /home/airflow/.local/lib/python3.12/site-packages/airflow/example_dags/tutorial.py for tasks to queue
[2025-04-11T02:05:27.903+0000] {logging_mixin.py:190} INFO - [2025-04-11T02:05:27.903+0000] {dagbag.py:588} INFO - Filling up the DagBag from /home/airflow/.local/lib/python3.12/site-packages/airflow/example_dags/tutorial.py
[2025-04-11T02:05:27.928+0000] {processor.py:925} INFO - DAG(s) 'tutorial' retrieved from /home/airflow/.local/lib/python3.12/site-packages/airflow/example_dags/tutorial.py
[2025-04-11T02:05:27.976+0000] {logging_mixin.py:190} INFO - [2025-04-11T02:05:27.976+0000] {dag.py:3239} INFO - Sync 1 DAGs
[2025-04-11T02:05:28.046+0000] {logging_mixin.py:190} INFO - [2025-04-11T02:05:28.045+0000] {dag.py:4180} INFO - Setting next_dagrun for tutorial to 2025-04-10 00:00:00+00:00, run_after=2025-04-11 00:00:00+00:00
[2025-04-11T02:05:28.097+0000] {processor.py:208} INFO - Processing /home/airflow/.local/lib/python3.12/site-packages/airflow/example_dags/tutorial.py took 0.217 seconds
[2025-04-11T02:05:59.678+0000] {processor.py:186} INFO - Started process (PID=3279) to work on /home/airflow/.local/lib/python3.12/site-packages/airflow/example_dags/tutorial.py
[2025-04-11T02:05:59.683+0000] {processor.py:914} INFO - Processing file /home/airflow/.local/lib/python3.12/site-packages/airflow/example_dags/tutorial.py for tasks to queue
[2025-04-11T02:05:59.688+0000] {logging_mixin.py:190} INFO - [2025-04-11T02:05:59.686+0000] {dagbag.py:588} INFO - Filling up the DagBag from /home/airflow/.local/lib/python3.12/site-packages/airflow/example_dags/tutorial.py
[2025-04-11T02:05:59.734+0000] {processor.py:925} INFO - DAG(s) 'tutorial' retrieved from /home/airflow/.local/lib/python3.12/site-packages/airflow/example_dags/tutorial.py
[2025-04-11T02:05:59.807+0000] {logging_mixin.py:190} INFO - [2025-04-11T02:05:59.806+0000] {dag.py:3239} INFO - Sync 1 DAGs
[2025-04-11T02:05:59.901+0000] {logging_mixin.py:190} INFO - [2025-04-11T02:05:59.901+0000] {dag.py:4180} INFO - Setting next_dagrun for tutorial to 2025-04-10 00:00:00+00:00, run_after=2025-04-11 00:00:00+00:00
[2025-04-11T02:05:59.985+0000] {processor.py:208} INFO - Processing /home/airflow/.local/lib/python3.12/site-packages/airflow/example_dags/tutorial.py took 0.338 seconds
[2025-04-11T02:06:30.215+0000] {processor.py:186} INFO - Started process (PID=3344) to work on /home/airflow/.local/lib/python3.12/site-packages/airflow/example_dags/tutorial.py
[2025-04-11T02:06:30.217+0000] {processor.py:914} INFO - Processing file /home/airflow/.local/lib/python3.12/site-packages/airflow/example_dags/tutorial.py for tasks to queue
[2025-04-11T02:06:30.220+0000] {logging_mixin.py:190} INFO - [2025-04-11T02:06:30.219+0000] {dagbag.py:588} INFO - Filling up the DagBag from /home/airflow/.local/lib/python3.12/site-packages/airflow/example_dags/tutorial.py
[2025-04-11T02:06:30.254+0000] {processor.py:925} INFO - DAG(s) 'tutorial' retrieved from /home/airflow/.local/lib/python3.12/site-packages/airflow/example_dags/tutorial.py
[2025-04-11T02:06:30.314+0000] {logging_mixin.py:190} INFO - [2025-04-11T02:06:30.313+0000] {dag.py:3239} INFO - Sync 1 DAGs
[2025-04-11T02:06:30.387+0000] {logging_mixin.py:190} INFO - [2025-04-11T02:06:30.386+0000] {dag.py:4180} INFO - Setting next_dagrun for tutorial to 2025-04-10 00:00:00+00:00, run_after=2025-04-11 00:00:00+00:00
[2025-04-11T02:06:30.437+0000] {processor.py:208} INFO - Processing /home/airflow/.local/lib/python3.12/site-packages/airflow/example_dags/tutorial.py took 0.241 seconds
[2025-04-11T02:07:00.949+0000] {processor.py:186} INFO - Started process (PID=3409) to work on /home/airflow/.local/lib/python3.12/site-packages/airflow/example_dags/tutorial.py
[2025-04-11T02:07:00.951+0000] {processor.py:914} INFO - Processing file /home/airflow/.local/lib/python3.12/site-packages/airflow/example_dags/tutorial.py for tasks to queue
[2025-04-11T02:07:00.952+0000] {logging_mixin.py:190} INFO - [2025-04-11T02:07:00.952+0000] {dagbag.py:588} INFO - Filling up the DagBag from /home/airflow/.local/lib/python3.12/site-packages/airflow/example_dags/tutorial.py
[2025-04-11T02:07:00.963+0000] {processor.py:925} INFO - DAG(s) 'tutorial' retrieved from /home/airflow/.local/lib/python3.12/site-packages/airflow/example_dags/tutorial.py
[2025-04-11T02:07:00.985+0000] {logging_mixin.py:190} INFO - [2025-04-11T02:07:00.985+0000] {dag.py:3239} INFO - Sync 1 DAGs
[2025-04-11T02:07:01.015+0000] {logging_mixin.py:190} INFO - [2025-04-11T02:07:01.014+0000] {dag.py:4180} INFO - Setting next_dagrun for tutorial to 2025-04-10 00:00:00+00:00, run_after=2025-04-11 00:00:00+00:00
[2025-04-11T02:07:01.041+0000] {processor.py:208} INFO - Processing /home/airflow/.local/lib/python3.12/site-packages/airflow/example_dags/tutorial.py took 0.097 seconds
[2025-04-11T02:07:33.370+0000] {processor.py:186} INFO - Started process (PID=3474) to work on /home/airflow/.local/lib/python3.12/site-packages/airflow/example_dags/tutorial.py
[2025-04-11T02:07:33.373+0000] {processor.py:914} INFO - Processing file /home/airflow/.local/lib/python3.12/site-packages/airflow/example_dags/tutorial.py for tasks to queue
[2025-04-11T02:07:33.377+0000] {logging_mixin.py:190} INFO - [2025-04-11T02:07:33.376+0000] {dagbag.py:588} INFO - Filling up the DagBag from /home/airflow/.local/lib/python3.12/site-packages/airflow/example_dags/tutorial.py
[2025-04-11T02:07:33.395+0000] {processor.py:925} INFO - DAG(s) 'tutorial' retrieved from /home/airflow/.local/lib/python3.12/site-packages/airflow/example_dags/tutorial.py
[2025-04-11T02:07:33.442+0000] {logging_mixin.py:190} INFO - [2025-04-11T02:07:33.441+0000] {dag.py:3239} INFO - Sync 1 DAGs
[2025-04-11T02:07:33.503+0000] {logging_mixin.py:190} INFO - [2025-04-11T02:07:33.503+0000] {dag.py:4180} INFO - Setting next_dagrun for tutorial to 2025-04-10 00:00:00+00:00, run_after=2025-04-11 00:00:00+00:00
[2025-04-11T02:07:33.554+0000] {processor.py:208} INFO - Processing /home/airflow/.local/lib/python3.12/site-packages/airflow/example_dags/tutorial.py took 0.202 seconds
[2025-04-11T02:08:05.204+0000] {processor.py:186} INFO - Started process (PID=3539) to work on /home/airflow/.local/lib/python3.12/site-packages/airflow/example_dags/tutorial.py
[2025-04-11T02:08:05.206+0000] {processor.py:914} INFO - Processing file /home/airflow/.local/lib/python3.12/site-packages/airflow/example_dags/tutorial.py for tasks to queue
[2025-04-11T02:08:05.210+0000] {logging_mixin.py:190} INFO - [2025-04-11T02:08:05.209+0000] {dagbag.py:588} INFO - Filling up the DagBag from /home/airflow/.local/lib/python3.12/site-packages/airflow/example_dags/tutorial.py
[2025-04-11T02:08:05.228+0000] {processor.py:925} INFO - DAG(s) 'tutorial' retrieved from /home/airflow/.local/lib/python3.12/site-packages/airflow/example_dags/tutorial.py
[2025-04-11T02:08:05.272+0000] {logging_mixin.py:190} INFO - [2025-04-11T02:08:05.271+0000] {dag.py:3239} INFO - Sync 1 DAGs
[2025-04-11T02:08:05.326+0000] {logging_mixin.py:190} INFO - [2025-04-11T02:08:05.326+0000] {dag.py:4180} INFO - Setting next_dagrun for tutorial to 2025-04-10 00:00:00+00:00, run_after=2025-04-11 00:00:00+00:00
[2025-04-11T02:08:05.381+0000] {processor.py:208} INFO - Processing /home/airflow/.local/lib/python3.12/site-packages/airflow/example_dags/tutorial.py took 0.192 seconds
[2025-04-11T02:08:36.519+0000] {processor.py:186} INFO - Started process (PID=3603) to work on /home/airflow/.local/lib/python3.12/site-packages/airflow/example_dags/tutorial.py
[2025-04-11T02:08:36.522+0000] {processor.py:914} INFO - Processing file /home/airflow/.local/lib/python3.12/site-packages/airflow/example_dags/tutorial.py for tasks to queue
[2025-04-11T02:08:36.524+0000] {logging_mixin.py:190} INFO - [2025-04-11T02:08:36.523+0000] {dagbag.py:588} INFO - Filling up the DagBag from /home/airflow/.local/lib/python3.12/site-packages/airflow/example_dags/tutorial.py
[2025-04-11T02:08:36.537+0000] {processor.py:925} INFO - DAG(s) 'tutorial' retrieved from /home/airflow/.local/lib/python3.12/site-packages/airflow/example_dags/tutorial.py
[2025-04-11T02:08:36.583+0000] {logging_mixin.py:190} INFO - [2025-04-11T02:08:36.583+0000] {dag.py:3239} INFO - Sync 1 DAGs
[2025-04-11T02:08:36.650+0000] {logging_mixin.py:190} INFO - [2025-04-11T02:08:36.649+0000] {dag.py:4180} INFO - Setting next_dagrun for tutorial to 2025-04-10 00:00:00+00:00, run_after=2025-04-11 00:00:00+00:00
[2025-04-11T02:08:36.696+0000] {processor.py:208} INFO - Processing /home/airflow/.local/lib/python3.12/site-packages/airflow/example_dags/tutorial.py took 0.189 seconds
[2025-04-11T02:09:09.983+0000] {processor.py:186} INFO - Started process (PID=3673) to work on /home/airflow/.local/lib/python3.12/site-packages/airflow/example_dags/tutorial.py
[2025-04-11T02:09:09.986+0000] {processor.py:914} INFO - Processing file /home/airflow/.local/lib/python3.12/site-packages/airflow/example_dags/tutorial.py for tasks to queue
[2025-04-11T02:09:09.990+0000] {logging_mixin.py:190} INFO - [2025-04-11T02:09:09.990+0000] {dagbag.py:588} INFO - Filling up the DagBag from /home/airflow/.local/lib/python3.12/site-packages/airflow/example_dags/tutorial.py
[2025-04-11T02:09:10.017+0000] {processor.py:925} INFO - DAG(s) 'tutorial' retrieved from /home/airflow/.local/lib/python3.12/site-packages/airflow/example_dags/tutorial.py
[2025-04-11T02:09:10.058+0000] {logging_mixin.py:190} INFO - [2025-04-11T02:09:10.057+0000] {dag.py:3239} INFO - Sync 1 DAGs
[2025-04-11T02:09:10.105+0000] {logging_mixin.py:190} INFO - [2025-04-11T02:09:10.104+0000] {dag.py:4180} INFO - Setting next_dagrun for tutorial to 2025-04-10 00:00:00+00:00, run_after=2025-04-11 00:00:00+00:00
[2025-04-11T02:09:10.146+0000] {processor.py:208} INFO - Processing /home/airflow/.local/lib/python3.12/site-packages/airflow/example_dags/tutorial.py took 0.187 seconds
[2025-04-11T02:09:41.751+0000] {processor.py:186} INFO - Started process (PID=3737) to work on /home/airflow/.local/lib/python3.12/site-packages/airflow/example_dags/tutorial.py
[2025-04-11T02:09:41.753+0000] {processor.py:914} INFO - Processing file /home/airflow/.local/lib/python3.12/site-packages/airflow/example_dags/tutorial.py for tasks to queue
[2025-04-11T02:09:41.756+0000] {logging_mixin.py:190} INFO - [2025-04-11T02:09:41.755+0000] {dagbag.py:588} INFO - Filling up the DagBag from /home/airflow/.local/lib/python3.12/site-packages/airflow/example_dags/tutorial.py
[2025-04-11T02:09:41.781+0000] {processor.py:925} INFO - DAG(s) 'tutorial' retrieved from /home/airflow/.local/lib/python3.12/site-packages/airflow/example_dags/tutorial.py
[2025-04-11T02:09:41.828+0000] {logging_mixin.py:190} INFO - [2025-04-11T02:09:41.828+0000] {dag.py:3239} INFO - Sync 1 DAGs
[2025-04-11T02:09:41.896+0000] {logging_mixin.py:190} INFO - [2025-04-11T02:09:41.896+0000] {dag.py:4180} INFO - Setting next_dagrun for tutorial to 2025-04-10 00:00:00+00:00, run_after=2025-04-11 00:00:00+00:00
[2025-04-11T02:09:41.936+0000] {processor.py:208} INFO - Processing /home/airflow/.local/lib/python3.12/site-packages/airflow/example_dags/tutorial.py took 0.195 seconds
[2025-04-11T02:10:12.625+0000] {processor.py:186} INFO - Started process (PID=3803) to work on /home/airflow/.local/lib/python3.12/site-packages/airflow/example_dags/tutorial.py
[2025-04-11T02:10:12.627+0000] {processor.py:914} INFO - Processing file /home/airflow/.local/lib/python3.12/site-packages/airflow/example_dags/tutorial.py for tasks to queue
[2025-04-11T02:10:12.628+0000] {logging_mixin.py:190} INFO - [2025-04-11T02:10:12.628+0000] {dagbag.py:588} INFO - Filling up the DagBag from /home/airflow/.local/lib/python3.12/site-packages/airflow/example_dags/tutorial.py
[2025-04-11T02:10:12.637+0000] {processor.py:925} INFO - DAG(s) 'tutorial' retrieved from /home/airflow/.local/lib/python3.12/site-packages/airflow/example_dags/tutorial.py
[2025-04-11T02:10:12.658+0000] {logging_mixin.py:190} INFO - [2025-04-11T02:10:12.658+0000] {dag.py:3239} INFO - Sync 1 DAGs
[2025-04-11T02:10:12.683+0000] {logging_mixin.py:190} INFO - [2025-04-11T02:10:12.683+0000] {dag.py:4180} INFO - Setting next_dagrun for tutorial to 2025-04-10 00:00:00+00:00, run_after=2025-04-11 00:00:00+00:00
[2025-04-11T02:10:12.705+0000] {processor.py:208} INFO - Processing /home/airflow/.local/lib/python3.12/site-packages/airflow/example_dags/tutorial.py took 0.086 seconds
[2025-04-11T02:10:42.910+0000] {processor.py:186} INFO - Started process (PID=3868) to work on /home/airflow/.local/lib/python3.12/site-packages/airflow/example_dags/tutorial.py
[2025-04-11T02:10:42.911+0000] {processor.py:914} INFO - Processing file /home/airflow/.local/lib/python3.12/site-packages/airflow/example_dags/tutorial.py for tasks to queue
[2025-04-11T02:10:42.913+0000] {logging_mixin.py:190} INFO - [2025-04-11T02:10:42.912+0000] {dagbag.py:588} INFO - Filling up the DagBag from /home/airflow/.local/lib/python3.12/site-packages/airflow/example_dags/tutorial.py
[2025-04-11T02:10:42.921+0000] {processor.py:925} INFO - DAG(s) 'tutorial' retrieved from /home/airflow/.local/lib/python3.12/site-packages/airflow/example_dags/tutorial.py
[2025-04-11T02:10:42.939+0000] {logging_mixin.py:190} INFO - [2025-04-11T02:10:42.939+0000] {dag.py:3239} INFO - Sync 1 DAGs
[2025-04-11T02:10:42.958+0000] {logging_mixin.py:190} INFO - [2025-04-11T02:10:42.958+0000] {dag.py:4180} INFO - Setting next_dagrun for tutorial to 2025-04-10 00:00:00+00:00, run_after=2025-04-11 00:00:00+00:00
[2025-04-11T02:10:42.976+0000] {processor.py:208} INFO - Processing /home/airflow/.local/lib/python3.12/site-packages/airflow/example_dags/tutorial.py took 0.070 seconds
[2025-04-11T02:11:15.425+0000] {processor.py:186} INFO - Started process (PID=3933) to work on /home/airflow/.local/lib/python3.12/site-packages/airflow/example_dags/tutorial.py
[2025-04-11T02:11:15.428+0000] {processor.py:914} INFO - Processing file /home/airflow/.local/lib/python3.12/site-packages/airflow/example_dags/tutorial.py for tasks to queue
[2025-04-11T02:11:15.432+0000] {logging_mixin.py:190} INFO - [2025-04-11T02:11:15.431+0000] {dagbag.py:588} INFO - Filling up the DagBag from /home/airflow/.local/lib/python3.12/site-packages/airflow/example_dags/tutorial.py
[2025-04-11T02:11:15.459+0000] {processor.py:925} INFO - DAG(s) 'tutorial' retrieved from /home/airflow/.local/lib/python3.12/site-packages/airflow/example_dags/tutorial.py
[2025-04-11T02:11:15.517+0000] {logging_mixin.py:190} INFO - [2025-04-11T02:11:15.517+0000] {dag.py:3239} INFO - Sync 1 DAGs
[2025-04-11T02:11:15.594+0000] {logging_mixin.py:190} INFO - [2025-04-11T02:11:15.594+0000] {dag.py:4180} INFO - Setting next_dagrun for tutorial to 2025-04-10 00:00:00+00:00, run_after=2025-04-11 00:00:00+00:00
[2025-04-11T02:11:15.657+0000] {processor.py:208} INFO - Processing /home/airflow/.local/lib/python3.12/site-packages/airflow/example_dags/tutorial.py took 0.250 seconds
[2025-04-11T02:11:47.723+0000] {processor.py:186} INFO - Started process (PID=3998) to work on /home/airflow/.local/lib/python3.12/site-packages/airflow/example_dags/tutorial.py
[2025-04-11T02:11:47.726+0000] {processor.py:914} INFO - Processing file /home/airflow/.local/lib/python3.12/site-packages/airflow/example_dags/tutorial.py for tasks to queue
[2025-04-11T02:11:47.730+0000] {logging_mixin.py:190} INFO - [2025-04-11T02:11:47.729+0000] {dagbag.py:588} INFO - Filling up the DagBag from /home/airflow/.local/lib/python3.12/site-packages/airflow/example_dags/tutorial.py
[2025-04-11T02:11:47.764+0000] {processor.py:925} INFO - DAG(s) 'tutorial' retrieved from /home/airflow/.local/lib/python3.12/site-packages/airflow/example_dags/tutorial.py
[2025-04-11T02:11:47.843+0000] {logging_mixin.py:190} INFO - [2025-04-11T02:11:47.842+0000] {dag.py:3239} INFO - Sync 1 DAGs
[2025-04-11T02:11:47.944+0000] {logging_mixin.py:190} INFO - [2025-04-11T02:11:47.943+0000] {dag.py:4180} INFO - Setting next_dagrun for tutorial to 2025-04-10 00:00:00+00:00, run_after=2025-04-11 00:00:00+00:00
[2025-04-11T02:11:48.312+0000] {processor.py:208} INFO - Processing /home/airflow/.local/lib/python3.12/site-packages/airflow/example_dags/tutorial.py took 0.619 seconds
[2025-04-11T02:12:19.448+0000] {processor.py:186} INFO - Started process (PID=4063) to work on /home/airflow/.local/lib/python3.12/site-packages/airflow/example_dags/tutorial.py
[2025-04-11T02:12:19.452+0000] {processor.py:914} INFO - Processing file /home/airflow/.local/lib/python3.12/site-packages/airflow/example_dags/tutorial.py for tasks to queue
[2025-04-11T02:12:19.458+0000] {logging_mixin.py:190} INFO - [2025-04-11T02:12:19.456+0000] {dagbag.py:588} INFO - Filling up the DagBag from /home/airflow/.local/lib/python3.12/site-packages/airflow/example_dags/tutorial.py
[2025-04-11T02:12:19.489+0000] {processor.py:925} INFO - DAG(s) 'tutorial' retrieved from /home/airflow/.local/lib/python3.12/site-packages/airflow/example_dags/tutorial.py
[2025-04-11T02:12:19.554+0000] {logging_mixin.py:190} INFO - [2025-04-11T02:12:19.553+0000] {dag.py:3239} INFO - Sync 1 DAGs
[2025-04-11T02:12:19.640+0000] {logging_mixin.py:190} INFO - [2025-04-11T02:12:19.639+0000] {dag.py:4180} INFO - Setting next_dagrun for tutorial to 2025-04-10 00:00:00+00:00, run_after=2025-04-11 00:00:00+00:00
[2025-04-11T02:12:19.708+0000] {processor.py:208} INFO - Processing /home/airflow/.local/lib/python3.12/site-packages/airflow/example_dags/tutorial.py took 0.277 seconds
[2025-04-11T02:12:51.910+0000] {processor.py:186} INFO - Started process (PID=4130) to work on /home/airflow/.local/lib/python3.12/site-packages/airflow/example_dags/tutorial.py
[2025-04-11T02:12:51.913+0000] {processor.py:914} INFO - Processing file /home/airflow/.local/lib/python3.12/site-packages/airflow/example_dags/tutorial.py for tasks to queue
[2025-04-11T02:12:51.916+0000] {logging_mixin.py:190} INFO - [2025-04-11T02:12:51.915+0000] {dagbag.py:588} INFO - Filling up the DagBag from /home/airflow/.local/lib/python3.12/site-packages/airflow/example_dags/tutorial.py
[2025-04-11T02:12:51.944+0000] {processor.py:925} INFO - DAG(s) 'tutorial' retrieved from /home/airflow/.local/lib/python3.12/site-packages/airflow/example_dags/tutorial.py
[2025-04-11T02:12:51.996+0000] {logging_mixin.py:190} INFO - [2025-04-11T02:12:51.995+0000] {dag.py:3239} INFO - Sync 1 DAGs
[2025-04-11T02:12:52.065+0000] {logging_mixin.py:190} INFO - [2025-04-11T02:12:52.065+0000] {dag.py:4180} INFO - Setting next_dagrun for tutorial to 2025-04-10 00:00:00+00:00, run_after=2025-04-11 00:00:00+00:00
[2025-04-11T02:12:52.117+0000] {processor.py:208} INFO - Processing /home/airflow/.local/lib/python3.12/site-packages/airflow/example_dags/tutorial.py took 0.225 seconds
[2025-04-11T02:13:22.672+0000] {processor.py:186} INFO - Started process (PID=4196) to work on /home/airflow/.local/lib/python3.12/site-packages/airflow/example_dags/tutorial.py
[2025-04-11T02:13:22.673+0000] {processor.py:914} INFO - Processing file /home/airflow/.local/lib/python3.12/site-packages/airflow/example_dags/tutorial.py for tasks to queue
[2025-04-11T02:13:22.677+0000] {logging_mixin.py:190} INFO - [2025-04-11T02:13:22.676+0000] {dagbag.py:588} INFO - Filling up the DagBag from /home/airflow/.local/lib/python3.12/site-packages/airflow/example_dags/tutorial.py
[2025-04-11T02:13:22.693+0000] {processor.py:925} INFO - DAG(s) 'tutorial' retrieved from /home/airflow/.local/lib/python3.12/site-packages/airflow/example_dags/tutorial.py
[2025-04-11T02:13:22.732+0000] {logging_mixin.py:190} INFO - [2025-04-11T02:13:22.731+0000] {dag.py:3239} INFO - Sync 1 DAGs
[2025-04-11T02:13:22.790+0000] {logging_mixin.py:190} INFO - [2025-04-11T02:13:22.790+0000] {dag.py:4180} INFO - Setting next_dagrun for tutorial to 2025-04-10 00:00:00+00:00, run_after=2025-04-11 00:00:00+00:00
[2025-04-11T02:13:22.824+0000] {processor.py:208} INFO - Processing /home/airflow/.local/lib/python3.12/site-packages/airflow/example_dags/tutorial.py took 0.162 seconds
[2025-04-11T02:13:53.569+0000] {processor.py:186} INFO - Started process (PID=4261) to work on /home/airflow/.local/lib/python3.12/site-packages/airflow/example_dags/tutorial.py
[2025-04-11T02:13:53.570+0000] {processor.py:914} INFO - Processing file /home/airflow/.local/lib/python3.12/site-packages/airflow/example_dags/tutorial.py for tasks to queue
[2025-04-11T02:13:53.571+0000] {logging_mixin.py:190} INFO - [2025-04-11T02:13:53.571+0000] {dagbag.py:588} INFO - Filling up the DagBag from /home/airflow/.local/lib/python3.12/site-packages/airflow/example_dags/tutorial.py
[2025-04-11T02:13:53.579+0000] {processor.py:925} INFO - DAG(s) 'tutorial' retrieved from /home/airflow/.local/lib/python3.12/site-packages/airflow/example_dags/tutorial.py
[2025-04-11T02:13:53.596+0000] {logging_mixin.py:190} INFO - [2025-04-11T02:13:53.596+0000] {dag.py:3239} INFO - Sync 1 DAGs
[2025-04-11T02:13:53.613+0000] {logging_mixin.py:190} INFO - [2025-04-11T02:13:53.613+0000] {dag.py:4180} INFO - Setting next_dagrun for tutorial to 2025-04-10 00:00:00+00:00, run_after=2025-04-11 00:00:00+00:00
[2025-04-11T02:13:53.633+0000] {processor.py:208} INFO - Processing /home/airflow/.local/lib/python3.12/site-packages/airflow/example_dags/tutorial.py took 0.069 seconds
[2025-04-11T02:14:23.839+0000] {processor.py:186} INFO - Started process (PID=4326) to work on /home/airflow/.local/lib/python3.12/site-packages/airflow/example_dags/tutorial.py
[2025-04-11T02:14:23.840+0000] {processor.py:914} INFO - Processing file /home/airflow/.local/lib/python3.12/site-packages/airflow/example_dags/tutorial.py for tasks to queue
[2025-04-11T02:14:23.841+0000] {logging_mixin.py:190} INFO - [2025-04-11T02:14:23.841+0000] {dagbag.py:588} INFO - Filling up the DagBag from /home/airflow/.local/lib/python3.12/site-packages/airflow/example_dags/tutorial.py
[2025-04-11T02:14:23.848+0000] {processor.py:925} INFO - DAG(s) 'tutorial' retrieved from /home/airflow/.local/lib/python3.12/site-packages/airflow/example_dags/tutorial.py
[2025-04-11T02:14:23.863+0000] {logging_mixin.py:190} INFO - [2025-04-11T02:14:23.863+0000] {dag.py:3239} INFO - Sync 1 DAGs
[2025-04-11T02:14:23.879+0000] {logging_mixin.py:190} INFO - [2025-04-11T02:14:23.879+0000] {dag.py:4180} INFO - Setting next_dagrun for tutorial to 2025-04-10 00:00:00+00:00, run_after=2025-04-11 00:00:00+00:00
[2025-04-11T02:14:23.896+0000] {processor.py:208} INFO - Processing /home/airflow/.local/lib/python3.12/site-packages/airflow/example_dags/tutorial.py took 0.062 seconds
[2025-04-11T02:14:55.968+0000] {processor.py:186} INFO - Started process (PID=4392) to work on /home/airflow/.local/lib/python3.12/site-packages/airflow/example_dags/tutorial.py
[2025-04-11T02:14:55.970+0000] {processor.py:914} INFO - Processing file /home/airflow/.local/lib/python3.12/site-packages/airflow/example_dags/tutorial.py for tasks to queue
[2025-04-11T02:14:55.972+0000] {logging_mixin.py:190} INFO - [2025-04-11T02:14:55.971+0000] {dagbag.py:588} INFO - Filling up the DagBag from /home/airflow/.local/lib/python3.12/site-packages/airflow/example_dags/tutorial.py
[2025-04-11T02:14:55.982+0000] {processor.py:925} INFO - DAG(s) 'tutorial' retrieved from /home/airflow/.local/lib/python3.12/site-packages/airflow/example_dags/tutorial.py
[2025-04-11T02:14:56.005+0000] {logging_mixin.py:190} INFO - [2025-04-11T02:14:56.005+0000] {dag.py:3239} INFO - Sync 1 DAGs
[2025-04-11T02:14:56.209+0000] {logging_mixin.py:190} INFO - [2025-04-11T02:14:56.209+0000] {dag.py:4180} INFO - Setting next_dagrun for tutorial to 2025-04-10 00:00:00+00:00, run_after=2025-04-11 00:00:00+00:00
[2025-04-11T02:14:56.236+0000] {processor.py:208} INFO - Processing /home/airflow/.local/lib/python3.12/site-packages/airflow/example_dags/tutorial.py took 0.274 seconds
[2025-04-11T02:15:26.432+0000] {processor.py:186} INFO - Started process (PID=4457) to work on /home/airflow/.local/lib/python3.12/site-packages/airflow/example_dags/tutorial.py
[2025-04-11T02:15:26.434+0000] {processor.py:914} INFO - Processing file /home/airflow/.local/lib/python3.12/site-packages/airflow/example_dags/tutorial.py for tasks to queue
[2025-04-11T02:15:26.435+0000] {logging_mixin.py:190} INFO - [2025-04-11T02:15:26.435+0000] {dagbag.py:588} INFO - Filling up the DagBag from /home/airflow/.local/lib/python3.12/site-packages/airflow/example_dags/tutorial.py
[2025-04-11T02:15:26.442+0000] {processor.py:925} INFO - DAG(s) 'tutorial' retrieved from /home/airflow/.local/lib/python3.12/site-packages/airflow/example_dags/tutorial.py
[2025-04-11T02:15:26.460+0000] {logging_mixin.py:190} INFO - [2025-04-11T02:15:26.460+0000] {dag.py:3239} INFO - Sync 1 DAGs
[2025-04-11T02:15:26.602+0000] {logging_mixin.py:190} INFO - [2025-04-11T02:15:26.602+0000] {dag.py:4180} INFO - Setting next_dagrun for tutorial to 2025-04-10 00:00:00+00:00, run_after=2025-04-11 00:00:00+00:00
[2025-04-11T02:15:26.622+0000] {processor.py:208} INFO - Processing /home/airflow/.local/lib/python3.12/site-packages/airflow/example_dags/tutorial.py took 0.194 seconds
[2025-04-11T12:34:03.302+0000] {processor.py:186} INFO - Started process (PID=4535) to work on /home/airflow/.local/lib/python3.12/site-packages/airflow/example_dags/tutorial.py
[2025-04-11T12:34:03.304+0000] {processor.py:914} INFO - Processing file /home/airflow/.local/lib/python3.12/site-packages/airflow/example_dags/tutorial.py for tasks to queue
[2025-04-11T12:34:03.311+0000] {logging_mixin.py:190} INFO - [2025-04-11T12:34:03.309+0000] {dagbag.py:588} INFO - Filling up the DagBag from /home/airflow/.local/lib/python3.12/site-packages/airflow/example_dags/tutorial.py
[2025-04-11T12:34:03.328+0000] {processor.py:925} INFO - DAG(s) 'tutorial' retrieved from /home/airflow/.local/lib/python3.12/site-packages/airflow/example_dags/tutorial.py
[2025-04-11T12:34:03.604+0000] {logging_mixin.py:190} INFO - [2025-04-11T12:34:03.603+0000] {dag.py:3239} INFO - Sync 1 DAGs
[2025-04-11T12:34:03.650+0000] {logging_mixin.py:190} INFO - [2025-04-11T12:34:03.650+0000] {dag.py:4180} INFO - Setting next_dagrun for tutorial to 2025-04-10 00:00:00+00:00, run_after=2025-04-11 00:00:00+00:00
[2025-04-11T12:34:03.692+0000] {processor.py:208} INFO - Processing /home/airflow/.local/lib/python3.12/site-packages/airflow/example_dags/tutorial.py took 0.401 seconds
